[0.086s] Invoking command in '/home/mmitss/Documents/cda-mmitss/other/build/carma_perception_msgs': CMAKE_PREFIX_PATH=/home/mmitss/Documents/cda-mmitss/other/install/carma_cmake_common:/home/mmitss/Documents/cda-mmitss/other/install/carma_debug_ros2_msgs:/home/mmitss/Documents/cda-mmitss/other/install/carma_planning_msgs:/home/mmitss/Documents/cda-mmitss/other/install/carma_v2x_msgs:/home/mmitss/Documents/cda-mmitss/other/install/j3224_v2x_msgs:/home/mmitss/Documents/cda-mmitss/other/install/j2735_v2x_msgs:/home/mmitss/Documents/cda-mmitss/other/install/carma_perception_msgs:/home/mmitss/Documents/cda-mmitss/other/install/carma_driver_msgs:/home/mmitss/Documents/cda-mmitss/other/install/carma_msgs:/home/mmitss/Documents/cda-mmitss/other/install/carma_localization_msgs:/home/mmitss/Documents/cda-mmitss/other/install/can_msgs:/opt/ros/foxy CONDA_PROMPT_MODIFIER=(base) /usr/bin/cmake --build /home/mmitss/Documents/cda-mmitss/other/build/carma_perception_msgs -- -j8 -l8
[0.171s] -- Found carma_cmake_common: 0.1.0 (/home/mmitss/Documents/cda-mmitss/other/install/carma_cmake_common/share/carma_cmake_common/cmake)
[0.171s] -- Found ros_environment: 2.5.1 (/opt/ros/foxy/share/ros_environment/cmake)
[0.172s] -- Found rosidl_default_generators: 1.0.1 (/opt/ros/foxy/share/rosidl_default_generators/cmake)
[0.172s] -- Found ament_cmake_core: 0.9.12 (/opt/ros/foxy/share/ament_cmake_core/cmake)
[0.254s] -- Found PythonInterp: /home/mmitss/anaconda3/bin/python3 (found suitable version "3.8.8", minimum required is "3") 
[0.254s] -- Using PYTHON_EXECUTABLE: /home/mmitss/anaconda3/bin/python3
[0.811s] -- Using all available rosidl_typesupport_c: rosidl_typesupport_fastrtps_c;rosidl_typesupport_introspection_c
[0.819s] -- Found rosidl_adapter: 1.3.1 (/opt/ros/foxy/share/rosidl_adapter/cmake)
[1.206s] -- Using all available rosidl_typesupport_cpp: rosidl_typesupport_fastrtps_cpp;rosidl_typesupport_introspection_cpp
[1.299s] -- Found std_msgs: 2.0.5 (/opt/ros/foxy/share/std_msgs/cmake)
[1.416s] -- Found geometry_msgs: 2.0.5 (/opt/ros/foxy/share/geometry_msgs/cmake)
[1.612s] -- Found PythonInterp: /home/mmitss/anaconda3/bin/python3 (found version "3.8.8") 
[2.270s] -- Found ament_cmake_ros: 0.9.2 (/opt/ros/foxy/share/ament_cmake_ros/cmake)
[3.039s] -- Using all available rosidl_typesupport_c: rosidl_typesupport_fastrtps_c;rosidl_typesupport_introspection_c
[3.397s] -- Using all available rosidl_typesupport_cpp: rosidl_typesupport_fastrtps_cpp;rosidl_typesupport_introspection_cpp
[3.467s] -- Found PythonInterp: /home/mmitss/anaconda3/bin/python3 (found suitable version "3.8.8", minimum required is "3.5") 
[3.468s] -- Found python_cmake_module: 0.8.1 (/opt/ros/foxy/share/python_cmake_module/cmake)
[3.539s] -- Using PYTHON_EXECUTABLE: /home/mmitss/anaconda3/bin/python3
[3.540s] -- Using PYTHON_INCLUDE_DIRS: /home/mmitss/anaconda3/include/python3.8
[3.540s] -- Using PYTHON_LIBRARIES: /home/mmitss/anaconda3/lib/libpython3.8.so
[4.834s] -- Using numpy include directory: /home/mmitss/anaconda3/lib/python3.8/site-packages/numpy/core/include
[5.121s] -- Configuring done
[5.332s] CMake Warning at /opt/ros/foxy/share/rosidl_generator_py/cmake/rosidl_generator_py_generate_interfaces.cmake:235 (add_library):
[5.333s]   Cannot generate a safe runtime search path for target
[5.333s]   carma_perception_msgs__rosidl_typesupport_fastrtps_c__pyext because files
[5.333s]   in some directories may conflict with libraries in implicit directories:
[5.333s] 
[5.333s]     runtime library [libssl.so.1.1] in /usr/lib/x86_64-linux-gnu may be hidden by files in:
[5.333s]       /home/mmitss/anaconda3/lib
[5.344s]     runtime library [libcrypto.so.1.1] in /usr/lib/x86_64-linux-gnu may be hidden by files in:
[5.345s]       /home/mmitss/anaconda3/lib
[5.345s] 
[5.346s]   Some of these libraries may not be found correctly.
[5.346s] Call Stack (most recent call first):
[5.347s]   /opt/ros/foxy/share/ament_cmake_core/cmake/core/ament_execute_extensions.cmake:48 (include)
[5.347s]   /opt/ros/foxy/share/rosidl_cmake/cmake/rosidl_generate_interfaces.cmake:286 (ament_execute_extensions)
[5.348s]   CMakeLists.txt:46 (rosidl_generate_interfaces)
[5.348s] 
[5.348s] 
[6.081s] -- Generating done
[6.088s] -- Build files have been written to: /home/mmitss/Documents/cda-mmitss/other/build/carma_perception_msgs
[6.474s] [35m[1mScanning dependencies of target carma_perception_msgs__rosidl_generator_c[0m
[6.559s] [  1%] Built target carma_perception_msgs__cpp
[6.626s] [  2%] [32mBuilding C object CMakeFiles/carma_perception_msgs__rosidl_generator_c.dir/rosidl_generator_c/carma_perception_msgs/msg/detail/check_active_geofence__functions.c.o[0m
[6.688s] [  3%] [32mBuilding C object CMakeFiles/carma_perception_msgs__rosidl_generator_c.dir/rosidl_generator_c/carma_perception_msgs/msg/detail/roadway_obstacle__functions.c.o[0m
[6.694s] [  4%] [32mBuilding C object CMakeFiles/carma_perception_msgs__rosidl_generator_c.dir/rosidl_generator_c/carma_perception_msgs/msg/detail/external_object__functions.c.o[0m
[6.708s] [  5%] [32mBuilding C object CMakeFiles/carma_perception_msgs__rosidl_generator_c.dir/rosidl_generator_c/carma_perception_msgs/msg/detail/external_object_list__functions.c.o[0m
[6.708s] [  6%] [32mBuilding C object CMakeFiles/carma_perception_msgs__rosidl_generator_c.dir/rosidl_generator_c/carma_perception_msgs/msg/detail/connected_vehicle_type__functions.c.o[0m
[6.724s] [  7%] [32mBuilding C object CMakeFiles/carma_perception_msgs__rosidl_generator_c.dir/rosidl_generator_c/carma_perception_msgs/msg/detail/predicted_state__functions.c.o[0m
[6.778s] [35m[1mScanning dependencies of target carma_perception_msgs__rosidl_typesupport_cpp[0m
[6.834s] [35m[1mScanning dependencies of target carma_perception_msgs__rosidl_typesupport_fastrtps_cpp[0m
[6.984s] [  8%] [32mBuilding CXX object CMakeFiles/carma_perception_msgs__rosidl_typesupport_cpp.dir/rosidl_typesupport_cpp/carma_perception_msgs/msg/check_active_geofence__type_support.cpp.o[0m
[7.023s] [  9%] [32mBuilding CXX object CMakeFiles/carma_perception_msgs__rosidl_typesupport_fastrtps_cpp.dir/rosidl_typesupport_fastrtps_cpp/carma_perception_msgs/msg/detail/dds_fastrtps/check_active_geofence__type_support.cpp.o[0m
[7.241s] [ 10%] [32mBuilding C object CMakeFiles/carma_perception_msgs__rosidl_generator_c.dir/rosidl_generator_c/carma_perception_msgs/msg/detail/roadway_obstacle_list__functions.c.o[0m
[7.341s] [ 11%] [32mBuilding C object CMakeFiles/carma_perception_msgs__rosidl_generator_c.dir/rosidl_generator_c/carma_perception_msgs/msg/detail/traffic_signal_info__functions.c.o[0m
[7.498s] [ 12%] [32mBuilding C object CMakeFiles/carma_perception_msgs__rosidl_generator_c.dir/rosidl_generator_c/carma_perception_msgs/msg/detail/traffic_signal_info_list__functions.c.o[0m
[7.528s] [ 13%] [32mBuilding CXX object CMakeFiles/carma_perception_msgs__rosidl_typesupport_cpp.dir/rosidl_typesupport_cpp/carma_perception_msgs/msg/connected_vehicle_type__type_support.cpp.o[0m
[7.530s] [ 14%] [32mBuilding CXX object CMakeFiles/carma_perception_msgs__rosidl_typesupport_fastrtps_cpp.dir/rosidl_typesupport_fastrtps_cpp/carma_perception_msgs/msg/detail/dds_fastrtps/connected_vehicle_type__type_support.cpp.o[0m
[7.708s] [ 15%] [32mBuilding CXX object CMakeFiles/carma_perception_msgs__rosidl_typesupport_fastrtps_cpp.dir/rosidl_typesupport_fastrtps_cpp/carma_perception_msgs/msg/detail/dds_fastrtps/external_object__type_support.cpp.o[0m
[7.863s] [ 16%] [32mBuilding CXX object CMakeFiles/carma_perception_msgs__rosidl_typesupport_fastrtps_cpp.dir/rosidl_typesupport_fastrtps_cpp/carma_perception_msgs/msg/detail/dds_fastrtps/external_object_list__type_support.cpp.o[0m
[8.035s] [ 17%] [32mBuilding CXX object CMakeFiles/carma_perception_msgs__rosidl_typesupport_fastrtps_cpp.dir/rosidl_typesupport_fastrtps_cpp/carma_perception_msgs/msg/detail/dds_fastrtps/predicted_state__type_support.cpp.o[0m
[8.262s] [ 18%] [32m[1mLinking C shared library libcarma_perception_msgs__rosidl_generator_c.so[0m
[8.796s] [ 20%] Built target carma_perception_msgs__rosidl_generator_c
[8.923s] [ 21%] [32mBuilding CXX object CMakeFiles/carma_perception_msgs__rosidl_typesupport_cpp.dir/rosidl_typesupport_cpp/carma_perception_msgs/msg/external_object__type_support.cpp.o[0m
[9.729s] [35m[1mScanning dependencies of target carma_perception_msgs__rosidl_typesupport_introspection_cpp[0m
[9.856s] [ 22%] [32mBuilding CXX object CMakeFiles/carma_perception_msgs__rosidl_typesupport_cpp.dir/rosidl_typesupport_cpp/carma_perception_msgs/msg/external_object_list__type_support.cpp.o[0m
[9.929s] [ 23%] [32mBuilding CXX object CMakeFiles/carma_perception_msgs__rosidl_typesupport_introspection_cpp.dir/rosidl_typesupport_introspection_cpp/carma_perception_msgs/msg/detail/check_active_geofence__type_support.cpp.o[0m
[10.368s] [ 24%] [32mBuilding CXX object CMakeFiles/carma_perception_msgs__rosidl_typesupport_fastrtps_cpp.dir/rosidl_typesupport_fastrtps_cpp/carma_perception_msgs/msg/detail/dds_fastrtps/roadway_obstacle__type_support.cpp.o[0m
[10.896s] [ 25%] [32mBuilding CXX object CMakeFiles/carma_perception_msgs__rosidl_typesupport_fastrtps_cpp.dir/rosidl_typesupport_fastrtps_cpp/carma_perception_msgs/msg/detail/dds_fastrtps/roadway_obstacle_list__type_support.cpp.o[0m
[11.032s] [ 26%] [32mBuilding CXX object CMakeFiles/carma_perception_msgs__rosidl_typesupport_fastrtps_cpp.dir/rosidl_typesupport_fastrtps_cpp/carma_perception_msgs/msg/detail/dds_fastrtps/traffic_signal_info__type_support.cpp.o[0m
[11.062s] [ 27%] [32mBuilding CXX object CMakeFiles/carma_perception_msgs__rosidl_typesupport_cpp.dir/rosidl_typesupport_cpp/carma_perception_msgs/msg/predicted_state__type_support.cpp.o[0m
[11.865s] [ 28%] [32mBuilding CXX object CMakeFiles/carma_perception_msgs__rosidl_typesupport_fastrtps_cpp.dir/rosidl_typesupport_fastrtps_cpp/carma_perception_msgs/msg/detail/dds_fastrtps/traffic_signal_info_list__type_support.cpp.o[0m
[11.886s] [ 29%] [32mBuilding CXX object CMakeFiles/carma_perception_msgs__rosidl_typesupport_cpp.dir/rosidl_typesupport_cpp/carma_perception_msgs/msg/roadway_obstacle__type_support.cpp.o[0m
[12.322s] [ 30%] [32mBuilding CXX object CMakeFiles/carma_perception_msgs__rosidl_typesupport_cpp.dir/rosidl_typesupport_cpp/carma_perception_msgs/msg/roadway_obstacle_list__type_support.cpp.o[0m
[12.427s] [ 31%] [32mBuilding CXX object CMakeFiles/carma_perception_msgs__rosidl_typesupport_introspection_cpp.dir/rosidl_typesupport_introspection_cpp/carma_perception_msgs/msg/detail/connected_vehicle_type__type_support.cpp.o[0m
[12.882s] [ 32%] [32mBuilding CXX object CMakeFiles/carma_perception_msgs__rosidl_typesupport_cpp.dir/rosidl_typesupport_cpp/carma_perception_msgs/msg/traffic_signal_info__type_support.cpp.o[0m
[13.829s] [ 33%] [32mBuilding CXX object CMakeFiles/carma_perception_msgs__rosidl_typesupport_cpp.dir/rosidl_typesupport_cpp/carma_perception_msgs/msg/traffic_signal_info_list__type_support.cpp.o[0m
[13.920s] [ 34%] [32mBuilding CXX object CMakeFiles/carma_perception_msgs__rosidl_typesupport_introspection_cpp.dir/rosidl_typesupport_introspection_cpp/carma_perception_msgs/msg/detail/external_object__type_support.cpp.o[0m
[14.463s] [ 35%] [32mBuilding CXX object CMakeFiles/carma_perception_msgs__rosidl_typesupport_introspection_cpp.dir/rosidl_typesupport_introspection_cpp/carma_perception_msgs/msg/detail/external_object_list__type_support.cpp.o[0m
[14.734s] [ 36%] [32mBuilding CXX object CMakeFiles/carma_perception_msgs__rosidl_typesupport_introspection_cpp.dir/rosidl_typesupport_introspection_cpp/carma_perception_msgs/msg/detail/roadway_obstacle__type_support.cpp.o[0m
[14.741s] [ 37%] [32mBuilding CXX object CMakeFiles/carma_perception_msgs__rosidl_typesupport_introspection_cpp.dir/rosidl_typesupport_introspection_cpp/carma_perception_msgs/msg/detail/predicted_state__type_support.cpp.o[0m
[15.107s] [ 38%] [32mBuilding CXX object CMakeFiles/carma_perception_msgs__rosidl_typesupport_introspection_cpp.dir/rosidl_typesupport_introspection_cpp/carma_perception_msgs/msg/detail/roadway_obstacle_list__type_support.cpp.o[0m
[15.790s] [ 40%] [32mBuilding CXX object CMakeFiles/carma_perception_msgs__rosidl_typesupport_introspection_cpp.dir/rosidl_typesupport_introspection_cpp/carma_perception_msgs/msg/detail/traffic_signal_info__type_support.cpp.o[0m
[16.117s] [ 41%] [32m[1mLinking CXX shared library libcarma_perception_msgs__rosidl_typesupport_fastrtps_cpp.so[0m
[16.359s] [ 42%] [32m[1mLinking CXX shared library libcarma_perception_msgs__rosidl_typesupport_cpp.so[0m
[16.710s] [ 43%] Built target carma_perception_msgs__rosidl_typesupport_cpp
[16.807s] [ 44%] [32mBuilding CXX object CMakeFiles/carma_perception_msgs__rosidl_typesupport_introspection_cpp.dir/rosidl_typesupport_introspection_cpp/carma_perception_msgs/msg/detail/traffic_signal_info_list__type_support.cpp.o[0m
[16.834s] [ 45%] Built target carma_perception_msgs__rosidl_typesupport_fastrtps_cpp
[16.898s] [35m[1mScanning dependencies of target carma_perception_msgs__rosidl_typesupport_introspection_c[0m
[16.961s] [35m[1mScanning dependencies of target carma_perception_msgs__rosidl_typesupport_c[0m
[17.027s] [ 46%] [32mBuilding C object CMakeFiles/carma_perception_msgs__rosidl_typesupport_introspection_c.dir/rosidl_typesupport_introspection_c/carma_perception_msgs/msg/detail/check_active_geofence__type_support.c.o[0m
[17.092s] [ 47%] [32mBuilding C object CMakeFiles/carma_perception_msgs__rosidl_typesupport_introspection_c.dir/rosidl_typesupport_introspection_c/carma_perception_msgs/msg/detail/connected_vehicle_type__type_support.c.o[0m
[17.118s] [ 48%] [32mBuilding CXX object CMakeFiles/carma_perception_msgs__rosidl_typesupport_c.dir/rosidl_typesupport_c/carma_perception_msgs/msg/check_active_geofence__type_support.cpp.o[0m
[17.260s] [ 49%] [32mBuilding CXX object CMakeFiles/carma_perception_msgs__rosidl_typesupport_c.dir/rosidl_typesupport_c/carma_perception_msgs/msg/connected_vehicle_type__type_support.cpp.o[0m
[17.400s] [ 50%] [32mBuilding C object CMakeFiles/carma_perception_msgs__rosidl_typesupport_introspection_c.dir/rosidl_typesupport_introspection_c/carma_perception_msgs/msg/detail/external_object__type_support.c.o[0m
[17.439s] [ 51%] [32mBuilding C object CMakeFiles/carma_perception_msgs__rosidl_typesupport_introspection_c.dir/rosidl_typesupport_introspection_c/carma_perception_msgs/msg/detail/external_object_list__type_support.c.o[0m
[17.486s] [ 52%] [32mBuilding CXX object CMakeFiles/carma_perception_msgs__rosidl_typesupport_c.dir/rosidl_typesupport_c/carma_perception_msgs/msg/external_object__type_support.cpp.o[0m
[17.505s] [ 53%] [32mBuilding C object CMakeFiles/carma_perception_msgs__rosidl_typesupport_introspection_c.dir/rosidl_typesupport_introspection_c/carma_perception_msgs/msg/detail/roadway_obstacle__type_support.c.o[0m
[17.537s] [ 54%] [32mBuilding C object CMakeFiles/carma_perception_msgs__rosidl_typesupport_introspection_c.dir/rosidl_typesupport_introspection_c/carma_perception_msgs/msg/detail/predicted_state__type_support.c.o[0m
[17.595s] [ 55%] [32mBuilding C object CMakeFiles/carma_perception_msgs__rosidl_typesupport_introspection_c.dir/rosidl_typesupport_introspection_c/carma_perception_msgs/msg/detail/roadway_obstacle_list__type_support.c.o[0m
[17.641s] [ 56%] [32mBuilding C object CMakeFiles/carma_perception_msgs__rosidl_typesupport_introspection_c.dir/rosidl_typesupport_introspection_c/carma_perception_msgs/msg/detail/traffic_signal_info__type_support.c.o[0m
[17.691s] [ 57%] [32mBuilding CXX object CMakeFiles/carma_perception_msgs__rosidl_typesupport_c.dir/rosidl_typesupport_c/carma_perception_msgs/msg/external_object_list__type_support.cpp.o[0m
[17.742s] [ 58%] [32mBuilding C object CMakeFiles/carma_perception_msgs__rosidl_typesupport_introspection_c.dir/rosidl_typesupport_introspection_c/carma_perception_msgs/msg/detail/traffic_signal_info_list__type_support.c.o[0m
[17.775s] [ 60%] [32mBuilding CXX object CMakeFiles/carma_perception_msgs__rosidl_typesupport_c.dir/rosidl_typesupport_c/carma_perception_msgs/msg/predicted_state__type_support.cpp.o[0m
[17.800s] [ 61%] [32mBuilding CXX object CMakeFiles/carma_perception_msgs__rosidl_typesupport_c.dir/rosidl_typesupport_c/carma_perception_msgs/msg/roadway_obstacle__type_support.cpp.o[0m
[17.833s] [ 62%] [32mBuilding CXX object CMakeFiles/carma_perception_msgs__rosidl_typesupport_c.dir/rosidl_typesupport_c/carma_perception_msgs/msg/roadway_obstacle_list__type_support.cpp.o[0m
[17.895s] [ 63%] [32mBuilding CXX object CMakeFiles/carma_perception_msgs__rosidl_typesupport_c.dir/rosidl_typesupport_c/carma_perception_msgs/msg/traffic_signal_info__type_support.cpp.o[0m
[17.920s] [ 64%] [32mBuilding CXX object CMakeFiles/carma_perception_msgs__rosidl_typesupport_c.dir/rosidl_typesupport_c/carma_perception_msgs/msg/traffic_signal_info_list__type_support.cpp.o[0m
[18.022s] [ 65%] [32m[1mLinking C shared library libcarma_perception_msgs__rosidl_typesupport_introspection_c.so[0m
[18.088s] [ 66%] [32m[1mLinking CXX shared library libcarma_perception_msgs__rosidl_typesupport_c.so[0m
[18.315s] [ 67%] Built target carma_perception_msgs__rosidl_typesupport_introspection_c
[18.434s] [ 68%] [32m[1mLinking CXX shared library libcarma_perception_msgs__rosidl_typesupport_introspection_cpp.so[0m
[18.477s] [35m[1mScanning dependencies of target carma_perception_msgs__rosidl_typesupport_fastrtps_c[0m
[18.552s] [ 69%] Built target carma_perception_msgs__rosidl_typesupport_c
[18.767s] [ 70%] [32mBuilding CXX object CMakeFiles/carma_perception_msgs__rosidl_typesupport_fastrtps_c.dir/rosidl_typesupport_fastrtps_c/carma_perception_msgs/msg/detail/check_active_geofence__type_support_c.cpp.o[0m
[18.774s] [ 71%] [32mBuilding CXX object CMakeFiles/carma_perception_msgs__rosidl_typesupport_fastrtps_c.dir/rosidl_typesupport_fastrtps_c/carma_perception_msgs/msg/detail/roadway_obstacle_list__type_support_c.cpp.o[0m
[18.799s] [ 72%] [32mBuilding CXX object CMakeFiles/carma_perception_msgs__rosidl_typesupport_fastrtps_c.dir/rosidl_typesupport_fastrtps_c/carma_perception_msgs/msg/detail/predicted_state__type_support_c.cpp.o[0m
[18.804s] [ 73%] [32mBuilding CXX object CMakeFiles/carma_perception_msgs__rosidl_typesupport_fastrtps_c.dir/rosidl_typesupport_fastrtps_c/carma_perception_msgs/msg/detail/external_object_list__type_support_c.cpp.o[0m
[18.811s] [ 74%] [32mBuilding CXX object CMakeFiles/carma_perception_msgs__rosidl_typesupport_fastrtps_c.dir/rosidl_typesupport_fastrtps_c/carma_perception_msgs/msg/detail/connected_vehicle_type__type_support_c.cpp.o[0m
[18.822s] [ 75%] [32mBuilding CXX object CMakeFiles/carma_perception_msgs__rosidl_typesupport_fastrtps_c.dir/rosidl_typesupport_fastrtps_c/carma_perception_msgs/msg/detail/external_object__type_support_c.cpp.o[0m
[18.855s] [ 76%] [32mBuilding CXX object CMakeFiles/carma_perception_msgs__rosidl_typesupport_fastrtps_c.dir/rosidl_typesupport_fastrtps_c/carma_perception_msgs/msg/detail/roadway_obstacle__type_support_c.cpp.o[0m
[19.334s] [ 77%] Built target carma_perception_msgs__rosidl_typesupport_introspection_cpp
[19.420s] [ 78%] [32mBuilding CXX object CMakeFiles/carma_perception_msgs__rosidl_typesupport_fastrtps_c.dir/rosidl_typesupport_fastrtps_c/carma_perception_msgs/msg/detail/traffic_signal_info__type_support_c.cpp.o[0m
[21.176s] [ 80%] [32mBuilding CXX object CMakeFiles/carma_perception_msgs__rosidl_typesupport_fastrtps_c.dir/rosidl_typesupport_fastrtps_c/carma_perception_msgs/msg/detail/traffic_signal_info_list__type_support_c.cpp.o[0m
[22.293s] [ 81%] [32m[1mLinking CXX shared library libcarma_perception_msgs__rosidl_typesupport_fastrtps_c.so[0m
[22.547s] [ 82%] Built target carma_perception_msgs__rosidl_typesupport_fastrtps_c
[22.615s] [ 82%] Built target carma_perception_msgs
[22.691s] [ 83%] Built target carma_perception_msgs__py
[22.737s] [35m[1mScanning dependencies of target carma_perception_msgs__python[0m
[22.860s] [ 84%] [32mBuilding C object CMakeFiles/carma_perception_msgs__python.dir/rosidl_generator_py/carma_perception_msgs/msg/_check_active_geofence_s.c.o[0m
[22.865s] [ 85%] [32mBuilding C object CMakeFiles/carma_perception_msgs__python.dir/rosidl_generator_py/carma_perception_msgs/msg/_connected_vehicle_type_s.c.o[0m
[22.882s] [ 86%] [32mBuilding C object CMakeFiles/carma_perception_msgs__python.dir/rosidl_generator_py/carma_perception_msgs/msg/_external_object_s.c.o[0m
[22.887s] [ 87%] [32mBuilding C object CMakeFiles/carma_perception_msgs__python.dir/rosidl_generator_py/carma_perception_msgs/msg/_external_object_list_s.c.o[0m
[23.226s] [ 88%] [32mBuilding C object CMakeFiles/carma_perception_msgs__python.dir/rosidl_generator_py/carma_perception_msgs/msg/_traffic_signal_info_s.c.o[0m
[23.241s] [ 89%] [32mBuilding C object CMakeFiles/carma_perception_msgs__python.dir/rosidl_generator_py/carma_perception_msgs/msg/_roadway_obstacle_list_s.c.o[0m
[23.314s] [ 90%] [32mBuilding C object CMakeFiles/carma_perception_msgs__python.dir/rosidl_generator_py/carma_perception_msgs/msg/_roadway_obstacle_s.c.o[0m
[23.326s] [ 91%] [32mBuilding C object CMakeFiles/carma_perception_msgs__python.dir/rosidl_generator_py/carma_perception_msgs/msg/_predicted_state_s.c.o[0m
[23.368s] [ 92%] [32mBuilding C object CMakeFiles/carma_perception_msgs__python.dir/rosidl_generator_py/carma_perception_msgs/msg/_traffic_signal_info_list_s.c.o[0m
[24.139s] [ 93%] [32m[1mLinking C shared library rosidl_generator_py/carma_perception_msgs/libcarma_perception_msgs__python.so[0m
[24.274s] [ 93%] Built target carma_perception_msgs__python
[24.307s] [35m[1mScanning dependencies of target carma_perception_msgs__rosidl_typesupport_c__pyext[0m
[24.312s] [35m[1mScanning dependencies of target carma_perception_msgs__rosidl_typesupport_introspection_c__pyext[0m
[24.335s] [35m[1mScanning dependencies of target carma_perception_msgs__rosidl_typesupport_fastrtps_c__pyext[0m
[24.367s] [ 94%] [32mBuilding C object CMakeFiles/carma_perception_msgs__rosidl_typesupport_introspection_c__pyext.dir/rosidl_generator_py/carma_perception_msgs/_carma_perception_msgs_s.ep.rosidl_typesupport_introspection_c.c.o[0m
[24.387s] [ 95%] [32mBuilding C object CMakeFiles/carma_perception_msgs__rosidl_typesupport_c__pyext.dir/rosidl_generator_py/carma_perception_msgs/_carma_perception_msgs_s.ep.rosidl_typesupport_c.c.o[0m
[24.411s] [ 96%] [32mBuilding C object CMakeFiles/carma_perception_msgs__rosidl_typesupport_fastrtps_c__pyext.dir/rosidl_generator_py/carma_perception_msgs/_carma_perception_msgs_s.ep.rosidl_typesupport_fastrtps_c.c.o[0m
[25.005s] [ 97%] [32m[1mLinking C shared library rosidl_generator_py/carma_perception_msgs/carma_perception_msgs_s__rosidl_typesupport_introspection_c.cpython-38-x86_64-linux-gnu.so[0m
[25.083s] [ 98%] [32m[1mLinking CXX shared library rosidl_generator_py/carma_perception_msgs/carma_perception_msgs_s__rosidl_typesupport_fastrtps_c.cpython-38-x86_64-linux-gnu.so[0m
[25.153s] [100%] [32m[1mLinking C shared library rosidl_generator_py/carma_perception_msgs/carma_perception_msgs_s__rosidl_typesupport_c.cpython-38-x86_64-linux-gnu.so[0m
[25.193s] [100%] Built target carma_perception_msgs__rosidl_typesupport_introspection_c__pyext
[25.309s] [100%] Built target carma_perception_msgs__rosidl_typesupport_c__pyext
[25.322s] [100%] Built target carma_perception_msgs__rosidl_typesupport_fastrtps_c__pyext
[25.370s] Invoked command in '/home/mmitss/Documents/cda-mmitss/other/build/carma_perception_msgs' returned '0': CMAKE_PREFIX_PATH=/home/mmitss/Documents/cda-mmitss/other/install/carma_cmake_common:/home/mmitss/Documents/cda-mmitss/other/install/carma_debug_ros2_msgs:/home/mmitss/Documents/cda-mmitss/other/install/carma_planning_msgs:/home/mmitss/Documents/cda-mmitss/other/install/carma_v2x_msgs:/home/mmitss/Documents/cda-mmitss/other/install/j3224_v2x_msgs:/home/mmitss/Documents/cda-mmitss/other/install/j2735_v2x_msgs:/home/mmitss/Documents/cda-mmitss/other/install/carma_perception_msgs:/home/mmitss/Documents/cda-mmitss/other/install/carma_driver_msgs:/home/mmitss/Documents/cda-mmitss/other/install/carma_msgs:/home/mmitss/Documents/cda-mmitss/other/install/carma_localization_msgs:/home/mmitss/Documents/cda-mmitss/other/install/can_msgs:/opt/ros/foxy CONDA_PROMPT_MODIFIER=(base) /usr/bin/cmake --build /home/mmitss/Documents/cda-mmitss/other/build/carma_perception_msgs -- -j8 -l8
[28.753s] Invoking command in '/home/mmitss/Documents/cda-mmitss/other/build/carma_perception_msgs': CMAKE_PREFIX_PATH=/home/mmitss/Documents/cda-mmitss/other/install/carma_cmake_common:/home/mmitss/Documents/cda-mmitss/other/install/carma_debug_ros2_msgs:/home/mmitss/Documents/cda-mmitss/other/install/carma_planning_msgs:/home/mmitss/Documents/cda-mmitss/other/install/carma_v2x_msgs:/home/mmitss/Documents/cda-mmitss/other/install/j3224_v2x_msgs:/home/mmitss/Documents/cda-mmitss/other/install/j2735_v2x_msgs:/home/mmitss/Documents/cda-mmitss/other/install/carma_perception_msgs:/home/mmitss/Documents/cda-mmitss/other/install/carma_driver_msgs:/home/mmitss/Documents/cda-mmitss/other/install/carma_msgs:/home/mmitss/Documents/cda-mmitss/other/install/carma_localization_msgs:/home/mmitss/Documents/cda-mmitss/other/install/can_msgs:/opt/ros/foxy CONDA_PROMPT_MODIFIER=(base) /usr/bin/cmake --install /home/mmitss/Documents/cda-mmitss/other/build/carma_perception_msgs
[28.827s] -- Install configuration: "Release"
[28.828s] -- Up-to-date: /home/mmitss/Documents/cda-mmitss/other/install/carma_perception_msgs/share/ament_index/resource_index/rosidl_interfaces/carma_perception_msgs
[28.828s] -- Up-to-date: /home/mmitss/Documents/cda-mmitss/other/install/carma_perception_msgs/include/carma_perception_msgs
[28.828s] -- Up-to-date: /home/mmitss/Documents/cda-mmitss/other/install/carma_perception_msgs/include/carma_perception_msgs/msg
[28.828s] -- Up-to-date: /home/mmitss/Documents/cda-mmitss/other/install/carma_perception_msgs/include/carma_perception_msgs/msg/traffic_signal_info_list.h
[28.829s] -- Up-to-date: /home/mmitss/Documents/cda-mmitss/other/install/carma_perception_msgs/include/carma_perception_msgs/msg/external_object_list.h
[28.829s] -- Up-to-date: /home/mmitss/Documents/cda-mmitss/other/install/carma_perception_msgs/include/carma_perception_msgs/msg/rosidl_generator_c__visibility_control.h
[28.829s] -- Up-to-date: /home/mmitss/Documents/cda-mmitss/other/install/carma_perception_msgs/include/carma_perception_msgs/msg/connected_vehicle_type.h
[28.829s] -- Up-to-date: /home/mmitss/Documents/cda-mmitss/other/install/carma_perception_msgs/include/carma_perception_msgs/msg/traffic_signal_info.h
[28.830s] -- Up-to-date: /home/mmitss/Documents/cda-mmitss/other/install/carma_perception_msgs/include/carma_perception_msgs/msg/roadway_obstacle.h
[28.830s] -- Up-to-date: /home/mmitss/Documents/cda-mmitss/other/install/carma_perception_msgs/include/carma_perception_msgs/msg/external_object.h
[28.830s] -- Up-to-date: /home/mmitss/Documents/cda-mmitss/other/install/carma_perception_msgs/include/carma_perception_msgs/msg/roadway_obstacle_list.h
[28.830s] -- Up-to-date: /home/mmitss/Documents/cda-mmitss/other/install/carma_perception_msgs/include/carma_perception_msgs/msg/predicted_state.h
[28.831s] -- Up-to-date: /home/mmitss/Documents/cda-mmitss/other/install/carma_perception_msgs/include/carma_perception_msgs/msg/check_active_geofence.h
[28.831s] -- Up-to-date: /home/mmitss/Documents/cda-mmitss/other/install/carma_perception_msgs/include/carma_perception_msgs/msg/detail
[28.831s] -- Up-to-date: /home/mmitss/Documents/cda-mmitss/other/install/carma_perception_msgs/include/carma_perception_msgs/msg/detail/predicted_state__struct.h
[28.832s] -- Up-to-date: /home/mmitss/Documents/cda-mmitss/other/install/carma_perception_msgs/include/carma_perception_msgs/msg/detail/check_active_geofence__struct.h
[28.832s] -- Up-to-date: /home/mmitss/Documents/cda-mmitss/other/install/carma_perception_msgs/include/carma_perception_msgs/msg/detail/external_object_list__struct.h
[28.832s] -- Up-to-date: /home/mmitss/Documents/cda-mmitss/other/install/carma_perception_msgs/include/carma_perception_msgs/msg/detail/connected_vehicle_type__struct.h
[28.832s] -- Up-to-date: /home/mmitss/Documents/cda-mmitss/other/install/carma_perception_msgs/include/carma_perception_msgs/msg/detail/roadway_obstacle_list__functions.h
[28.833s] -- Up-to-date: /home/mmitss/Documents/cda-mmitss/other/install/carma_perception_msgs/include/carma_perception_msgs/msg/detail/traffic_signal_info_list__functions.c
[28.833s] -- Up-to-date: /home/mmitss/Documents/cda-mmitss/other/install/carma_perception_msgs/include/carma_perception_msgs/msg/detail/external_object_list__type_support.h
[28.833s] -- Up-to-date: /home/mmitss/Documents/cda-mmitss/other/install/carma_perception_msgs/include/carma_perception_msgs/msg/detail/traffic_signal_info_list__struct.h
[28.833s] -- Up-to-date: /home/mmitss/Documents/cda-mmitss/other/install/carma_perception_msgs/include/carma_perception_msgs/msg/detail/external_object__functions.h
[28.834s] -- Up-to-date: /home/mmitss/Documents/cda-mmitss/other/install/carma_perception_msgs/include/carma_perception_msgs/msg/detail/roadway_obstacle_list__functions.c
[28.834s] -- Up-to-date: /home/mmitss/Documents/cda-mmitss/other/install/carma_perception_msgs/include/carma_perception_msgs/msg/detail/check_active_geofence__functions.c
[28.834s] -- Up-to-date: /home/mmitss/Documents/cda-mmitss/other/install/carma_perception_msgs/include/carma_perception_msgs/msg/detail/traffic_signal_info__type_support.h
[28.834s] -- Up-to-date: /home/mmitss/Documents/cda-mmitss/other/install/carma_perception_msgs/include/carma_perception_msgs/msg/detail/external_object_list__functions.c
[28.835s] -- Up-to-date: /home/mmitss/Documents/cda-mmitss/other/install/carma_perception_msgs/include/carma_perception_msgs/msg/detail/check_active_geofence__type_support.h
[28.835s] -- Up-to-date: /home/mmitss/Documents/cda-mmitss/other/install/carma_perception_msgs/include/carma_perception_msgs/msg/detail/external_object_list__functions.h
[28.835s] -- Up-to-date: /home/mmitss/Documents/cda-mmitss/other/install/carma_perception_msgs/include/carma_perception_msgs/msg/detail/predicted_state__type_support.h
[28.836s] -- Up-to-date: /home/mmitss/Documents/cda-mmitss/other/install/carma_perception_msgs/include/carma_perception_msgs/msg/detail/traffic_signal_info_list__type_support.h
[28.836s] -- Up-to-date: /home/mmitss/Documents/cda-mmitss/other/install/carma_perception_msgs/include/carma_perception_msgs/msg/detail/connected_vehicle_type__functions.c
[28.840s] -- Up-to-date: /home/mmitss/Documents/cda-mmitss/other/install/carma_perception_msgs/include/carma_perception_msgs/msg/detail/roadway_obstacle_list__struct.h
[28.840s] -- Up-to-date: /home/mmitss/Documents/cda-mmitss/other/install/carma_perception_msgs/include/carma_perception_msgs/msg/detail/roadway_obstacle__struct.h
[28.841s] -- Up-to-date: /home/mmitss/Documents/cda-mmitss/other/install/carma_perception_msgs/include/carma_perception_msgs/msg/detail/external_object__struct.h
[28.841s] -- Up-to-date: /home/mmitss/Documents/cda-mmitss/other/install/carma_perception_msgs/include/carma_perception_msgs/msg/detail/roadway_obstacle__type_support.h
[28.841s] -- Up-to-date: /home/mmitss/Documents/cda-mmitss/other/install/carma_perception_msgs/include/carma_perception_msgs/msg/detail/traffic_signal_info_list__functions.h
[28.841s] -- Up-to-date: /home/mmitss/Documents/cda-mmitss/other/install/carma_perception_msgs/include/carma_perception_msgs/msg/detail/traffic_signal_info__struct.h
[28.842s] -- Up-to-date: /home/mmitss/Documents/cda-mmitss/other/install/carma_perception_msgs/include/carma_perception_msgs/msg/detail/roadway_obstacle__functions.c
[28.842s] -- Up-to-date: /home/mmitss/Documents/cda-mmitss/other/install/carma_perception_msgs/include/carma_perception_msgs/msg/detail/roadway_obstacle__functions.h
[28.842s] -- Up-to-date: /home/mmitss/Documents/cda-mmitss/other/install/carma_perception_msgs/include/carma_perception_msgs/msg/detail/traffic_signal_info__functions.c
[28.843s] -- Up-to-date: /home/mmitss/Documents/cda-mmitss/other/install/carma_perception_msgs/include/carma_perception_msgs/msg/detail/external_object__type_support.h
[28.843s] -- Up-to-date: /home/mmitss/Documents/cda-mmitss/other/install/carma_perception_msgs/include/carma_perception_msgs/msg/detail/connected_vehicle_type__functions.h
[28.843s] -- Up-to-date: /home/mmitss/Documents/cda-mmitss/other/install/carma_perception_msgs/include/carma_perception_msgs/msg/detail/check_active_geofence__functions.h
[28.844s] -- Up-to-date: /home/mmitss/Documents/cda-mmitss/other/install/carma_perception_msgs/include/carma_perception_msgs/msg/detail/predicted_state__functions.c
[28.844s] -- Up-to-date: /home/mmitss/Documents/cda-mmitss/other/install/carma_perception_msgs/include/carma_perception_msgs/msg/detail/roadway_obstacle_list__type_support.h
[28.844s] -- Up-to-date: /home/mmitss/Documents/cda-mmitss/other/install/carma_perception_msgs/include/carma_perception_msgs/msg/detail/predicted_state__functions.h
[28.845s] -- Up-to-date: /home/mmitss/Documents/cda-mmitss/other/install/carma_perception_msgs/include/carma_perception_msgs/msg/detail/connected_vehicle_type__type_support.h
[28.845s] -- Up-to-date: /home/mmitss/Documents/cda-mmitss/other/install/carma_perception_msgs/include/carma_perception_msgs/msg/detail/traffic_signal_info__functions.h
[28.845s] -- Up-to-date: /home/mmitss/Documents/cda-mmitss/other/install/carma_perception_msgs/include/carma_perception_msgs/msg/detail/external_object__functions.c
[28.846s] -- Installing: /home/mmitss/Documents/cda-mmitss/other/install/carma_perception_msgs/share/carma_perception_msgs/environment/library_path.sh
[28.846s] -- Installing: /home/mmitss/Documents/cda-mmitss/other/install/carma_perception_msgs/share/carma_perception_msgs/environment/library_path.dsv
[28.846s] -- Installing: /home/mmitss/Documents/cda-mmitss/other/install/carma_perception_msgs/lib/libcarma_perception_msgs__rosidl_generator_c.so
[28.847s] -- Set runtime path of "/home/mmitss/Documents/cda-mmitss/other/install/carma_perception_msgs/lib/libcarma_perception_msgs__rosidl_generator_c.so" to ""
[28.847s] -- Up-to-date: /home/mmitss/Documents/cda-mmitss/other/install/carma_perception_msgs/include/carma_perception_msgs
[28.847s] -- Up-to-date: /home/mmitss/Documents/cda-mmitss/other/install/carma_perception_msgs/include/carma_perception_msgs/msg
[28.856s] -- Up-to-date: /home/mmitss/Documents/cda-mmitss/other/install/carma_perception_msgs/include/carma_perception_msgs/msg/rosidl_typesupport_fastrtps_c__visibility_control.h
[28.856s] -- Up-to-date: /home/mmitss/Documents/cda-mmitss/other/install/carma_perception_msgs/include/carma_perception_msgs/msg/detail
[28.857s] -- Up-to-date: /home/mmitss/Documents/cda-mmitss/other/install/carma_perception_msgs/include/carma_perception_msgs/msg/detail/roadway_obstacle__rosidl_typesupport_fastrtps_c.h
[28.857s] -- Up-to-date: /home/mmitss/Documents/cda-mmitss/other/install/carma_perception_msgs/include/carma_perception_msgs/msg/detail/traffic_signal_info__rosidl_typesupport_fastrtps_c.h
[28.857s] -- Up-to-date: /home/mmitss/Documents/cda-mmitss/other/install/carma_perception_msgs/include/carma_perception_msgs/msg/detail/roadway_obstacle_list__rosidl_typesupport_fastrtps_c.h
[28.857s] -- Up-to-date: /home/mmitss/Documents/cda-mmitss/other/install/carma_perception_msgs/include/carma_perception_msgs/msg/detail/check_active_geofence__rosidl_typesupport_fastrtps_c.h
[28.857s] -- Up-to-date: /home/mmitss/Documents/cda-mmitss/other/install/carma_perception_msgs/include/carma_perception_msgs/msg/detail/predicted_state__rosidl_typesupport_fastrtps_c.h
[28.858s] -- Up-to-date: /home/mmitss/Documents/cda-mmitss/other/install/carma_perception_msgs/include/carma_perception_msgs/msg/detail/external_object__rosidl_typesupport_fastrtps_c.h
[28.858s] -- Up-to-date: /home/mmitss/Documents/cda-mmitss/other/install/carma_perception_msgs/include/carma_perception_msgs/msg/detail/traffic_signal_info_list__rosidl_typesupport_fastrtps_c.h
[28.858s] -- Up-to-date: /home/mmitss/Documents/cda-mmitss/other/install/carma_perception_msgs/include/carma_perception_msgs/msg/detail/external_object_list__rosidl_typesupport_fastrtps_c.h
[28.858s] -- Up-to-date: /home/mmitss/Documents/cda-mmitss/other/install/carma_perception_msgs/include/carma_perception_msgs/msg/detail/connected_vehicle_type__rosidl_typesupport_fastrtps_c.h
[28.858s] -- Installing: /home/mmitss/Documents/cda-mmitss/other/install/carma_perception_msgs/lib/libcarma_perception_msgs__rosidl_typesupport_fastrtps_c.so
[28.858s] -- Set runtime path of "/home/mmitss/Documents/cda-mmitss/other/install/carma_perception_msgs/lib/libcarma_perception_msgs__rosidl_typesupport_fastrtps_c.so" to ""
[28.858s] -- Up-to-date: /home/mmitss/Documents/cda-mmitss/other/install/carma_perception_msgs/include/carma_perception_msgs
[28.859s] -- Up-to-date: /home/mmitss/Documents/cda-mmitss/other/install/carma_perception_msgs/include/carma_perception_msgs/msg
[28.859s] -- Up-to-date: /home/mmitss/Documents/cda-mmitss/other/install/carma_perception_msgs/include/carma_perception_msgs/msg/rosidl_typesupport_fastrtps_cpp__visibility_control.h
[28.859s] -- Up-to-date: /home/mmitss/Documents/cda-mmitss/other/install/carma_perception_msgs/include/carma_perception_msgs/msg/detail
[28.859s] -- Up-to-date: /home/mmitss/Documents/cda-mmitss/other/install/carma_perception_msgs/include/carma_perception_msgs/msg/detail/connected_vehicle_type__rosidl_typesupport_fastrtps_cpp.hpp
[28.859s] -- Up-to-date: /home/mmitss/Documents/cda-mmitss/other/install/carma_perception_msgs/include/carma_perception_msgs/msg/detail/roadway_obstacle__rosidl_typesupport_fastrtps_cpp.hpp
[28.859s] -- Up-to-date: /home/mmitss/Documents/cda-mmitss/other/install/carma_perception_msgs/include/carma_perception_msgs/msg/detail/check_active_geofence__rosidl_typesupport_fastrtps_cpp.hpp
[28.859s] -- Up-to-date: /home/mmitss/Documents/cda-mmitss/other/install/carma_perception_msgs/include/carma_perception_msgs/msg/detail/traffic_signal_info__rosidl_typesupport_fastrtps_cpp.hpp
[28.860s] -- Up-to-date: /home/mmitss/Documents/cda-mmitss/other/install/carma_perception_msgs/include/carma_perception_msgs/msg/detail/external_object_list__rosidl_typesupport_fastrtps_cpp.hpp
[28.860s] -- Up-to-date: /home/mmitss/Documents/cda-mmitss/other/install/carma_perception_msgs/include/carma_perception_msgs/msg/detail/dds_fastrtps
[28.860s] -- Up-to-date: /home/mmitss/Documents/cda-mmitss/other/install/carma_perception_msgs/include/carma_perception_msgs/msg/detail/external_object__rosidl_typesupport_fastrtps_cpp.hpp
[28.860s] -- Up-to-date: /home/mmitss/Documents/cda-mmitss/other/install/carma_perception_msgs/include/carma_perception_msgs/msg/detail/predicted_state__rosidl_typesupport_fastrtps_cpp.hpp
[28.860s] -- Up-to-date: /home/mmitss/Documents/cda-mmitss/other/install/carma_perception_msgs/include/carma_perception_msgs/msg/detail/roadway_obstacle_list__rosidl_typesupport_fastrtps_cpp.hpp
[28.860s] -- Up-to-date: /home/mmitss/Documents/cda-mmitss/other/install/carma_perception_msgs/include/carma_perception_msgs/msg/detail/traffic_signal_info_list__rosidl_typesupport_fastrtps_cpp.hpp
[28.860s] -- Installing: /home/mmitss/Documents/cda-mmitss/other/install/carma_perception_msgs/lib/libcarma_perception_msgs__rosidl_typesupport_fastrtps_cpp.so
[28.860s] -- Set runtime path of "/home/mmitss/Documents/cda-mmitss/other/install/carma_perception_msgs/lib/libcarma_perception_msgs__rosidl_typesupport_fastrtps_cpp.so" to ""
[28.861s] -- Up-to-date: /home/mmitss/Documents/cda-mmitss/other/install/carma_perception_msgs/include/carma_perception_msgs
[28.861s] -- Up-to-date: /home/mmitss/Documents/cda-mmitss/other/install/carma_perception_msgs/include/carma_perception_msgs/msg
[28.861s] -- Up-to-date: /home/mmitss/Documents/cda-mmitss/other/install/carma_perception_msgs/include/carma_perception_msgs/msg/rosidl_typesupport_introspection_c__visibility_control.h
[28.861s] -- Up-to-date: /home/mmitss/Documents/cda-mmitss/other/install/carma_perception_msgs/include/carma_perception_msgs/msg/detail
[28.861s] -- Up-to-date: /home/mmitss/Documents/cda-mmitss/other/install/carma_perception_msgs/include/carma_perception_msgs/msg/detail/external_object_list__type_support.c
[28.861s] -- Up-to-date: /home/mmitss/Documents/cda-mmitss/other/install/carma_perception_msgs/include/carma_perception_msgs/msg/detail/external_object_list__rosidl_typesupport_introspection_c.h
[28.861s] -- Up-to-date: /home/mmitss/Documents/cda-mmitss/other/install/carma_perception_msgs/include/carma_perception_msgs/msg/detail/roadway_obstacle_list__rosidl_typesupport_introspection_c.h
[28.861s] -- Up-to-date: /home/mmitss/Documents/cda-mmitss/other/install/carma_perception_msgs/include/carma_perception_msgs/msg/detail/external_object__rosidl_typesupport_introspection_c.h
[28.862s] -- Up-to-date: /home/mmitss/Documents/cda-mmitss/other/install/carma_perception_msgs/include/carma_perception_msgs/msg/detail/external_object__type_support.c
[28.862s] -- Up-to-date: /home/mmitss/Documents/cda-mmitss/other/install/carma_perception_msgs/include/carma_perception_msgs/msg/detail/connected_vehicle_type__rosidl_typesupport_introspection_c.h
[28.862s] -- Up-to-date: /home/mmitss/Documents/cda-mmitss/other/install/carma_perception_msgs/include/carma_perception_msgs/msg/detail/predicted_state__rosidl_typesupport_introspection_c.h
[28.862s] -- Up-to-date: /home/mmitss/Documents/cda-mmitss/other/install/carma_perception_msgs/include/carma_perception_msgs/msg/detail/traffic_signal_info__type_support.c
[28.862s] -- Up-to-date: /home/mmitss/Documents/cda-mmitss/other/install/carma_perception_msgs/include/carma_perception_msgs/msg/detail/check_active_geofence__rosidl_typesupport_introspection_c.h
[28.862s] -- Up-to-date: /home/mmitss/Documents/cda-mmitss/other/install/carma_perception_msgs/include/carma_perception_msgs/msg/detail/traffic_signal_info_list__type_support.c
[28.862s] -- Up-to-date: /home/mmitss/Documents/cda-mmitss/other/install/carma_perception_msgs/include/carma_perception_msgs/msg/detail/check_active_geofence__type_support.c
[28.862s] -- Up-to-date: /home/mmitss/Documents/cda-mmitss/other/install/carma_perception_msgs/include/carma_perception_msgs/msg/detail/roadway_obstacle_list__type_support.c
[28.863s] -- Up-to-date: /home/mmitss/Documents/cda-mmitss/other/install/carma_perception_msgs/include/carma_perception_msgs/msg/detail/traffic_signal_info_list__rosidl_typesupport_introspection_c.h
[28.863s] -- Up-to-date: /home/mmitss/Documents/cda-mmitss/other/install/carma_perception_msgs/include/carma_perception_msgs/msg/detail/roadway_obstacle__type_support.c
[28.863s] -- Up-to-date: /home/mmitss/Documents/cda-mmitss/other/install/carma_perception_msgs/include/carma_perception_msgs/msg/detail/connected_vehicle_type__type_support.c
[28.863s] -- Up-to-date: /home/mmitss/Documents/cda-mmitss/other/install/carma_perception_msgs/include/carma_perception_msgs/msg/detail/predicted_state__type_support.c
[28.863s] -- Up-to-date: /home/mmitss/Documents/cda-mmitss/other/install/carma_perception_msgs/include/carma_perception_msgs/msg/detail/traffic_signal_info__rosidl_typesupport_introspection_c.h
[28.864s] -- Up-to-date: /home/mmitss/Documents/cda-mmitss/other/install/carma_perception_msgs/include/carma_perception_msgs/msg/detail/roadway_obstacle__rosidl_typesupport_introspection_c.h
[28.881s] -- Installing: /home/mmitss/Documents/cda-mmitss/other/install/carma_perception_msgs/lib/libcarma_perception_msgs__rosidl_typesupport_introspection_c.so
[28.882s] -- Set runtime path of "/home/mmitss/Documents/cda-mmitss/other/install/carma_perception_msgs/lib/libcarma_perception_msgs__rosidl_typesupport_introspection_c.so" to ""
[28.882s] -- Installing: /home/mmitss/Documents/cda-mmitss/other/install/carma_perception_msgs/lib/libcarma_perception_msgs__rosidl_typesupport_c.so
[28.883s] -- Set runtime path of "/home/mmitss/Documents/cda-mmitss/other/install/carma_perception_msgs/lib/libcarma_perception_msgs__rosidl_typesupport_c.so" to ""
[28.884s] -- Up-to-date: /home/mmitss/Documents/cda-mmitss/other/install/carma_perception_msgs/include/carma_perception_msgs
[28.884s] -- Up-to-date: /home/mmitss/Documents/cda-mmitss/other/install/carma_perception_msgs/include/carma_perception_msgs/msg
[28.884s] -- Up-to-date: /home/mmitss/Documents/cda-mmitss/other/install/carma_perception_msgs/include/carma_perception_msgs/msg/check_active_geofence.hpp
[28.885s] -- Up-to-date: /home/mmitss/Documents/cda-mmitss/other/install/carma_perception_msgs/include/carma_perception_msgs/msg/traffic_signal_info_list.hpp
[28.885s] -- Up-to-date: /home/mmitss/Documents/cda-mmitss/other/install/carma_perception_msgs/include/carma_perception_msgs/msg/rosidl_generator_cpp__visibility_control.hpp
[28.885s] -- Up-to-date: /home/mmitss/Documents/cda-mmitss/other/install/carma_perception_msgs/include/carma_perception_msgs/msg/connected_vehicle_type.hpp
[28.885s] -- Up-to-date: /home/mmitss/Documents/cda-mmitss/other/install/carma_perception_msgs/include/carma_perception_msgs/msg/traffic_signal_info.hpp
[28.886s] -- Up-to-date: /home/mmitss/Documents/cda-mmitss/other/install/carma_perception_msgs/include/carma_perception_msgs/msg/roadway_obstacle.hpp
[28.886s] -- Up-to-date: /home/mmitss/Documents/cda-mmitss/other/install/carma_perception_msgs/include/carma_perception_msgs/msg/external_object.hpp
[28.886s] -- Up-to-date: /home/mmitss/Documents/cda-mmitss/other/install/carma_perception_msgs/include/carma_perception_msgs/msg/predicted_state.hpp
[28.887s] -- Up-to-date: /home/mmitss/Documents/cda-mmitss/other/install/carma_perception_msgs/include/carma_perception_msgs/msg/roadway_obstacle_list.hpp
[28.887s] -- Up-to-date: /home/mmitss/Documents/cda-mmitss/other/install/carma_perception_msgs/include/carma_perception_msgs/msg/external_object_list.hpp
[28.887s] -- Up-to-date: /home/mmitss/Documents/cda-mmitss/other/install/carma_perception_msgs/include/carma_perception_msgs/msg/detail
[28.887s] -- Up-to-date: /home/mmitss/Documents/cda-mmitss/other/install/carma_perception_msgs/include/carma_perception_msgs/msg/detail/check_active_geofence__builder.hpp
[28.888s] -- Up-to-date: /home/mmitss/Documents/cda-mmitss/other/install/carma_perception_msgs/include/carma_perception_msgs/msg/detail/predicted_state__type_support.hpp
[28.888s] -- Up-to-date: /home/mmitss/Documents/cda-mmitss/other/install/carma_perception_msgs/include/carma_perception_msgs/msg/detail/connected_vehicle_type__traits.hpp
[28.888s] -- Up-to-date: /home/mmitss/Documents/cda-mmitss/other/install/carma_perception_msgs/include/carma_perception_msgs/msg/detail/external_object_list__struct.hpp
[28.889s] -- Up-to-date: /home/mmitss/Documents/cda-mmitss/other/install/carma_perception_msgs/include/carma_perception_msgs/msg/detail/external_object__builder.hpp
[28.889s] -- Up-to-date: /home/mmitss/Documents/cda-mmitss/other/install/carma_perception_msgs/include/carma_perception_msgs/msg/detail/check_active_geofence__traits.hpp
[28.889s] -- Up-to-date: /home/mmitss/Documents/cda-mmitss/other/install/carma_perception_msgs/include/carma_perception_msgs/msg/detail/connected_vehicle_type__struct.hpp
[28.889s] -- Up-to-date: /home/mmitss/Documents/cda-mmitss/other/install/carma_perception_msgs/include/carma_perception_msgs/msg/detail/traffic_signal_info_list__builder.hpp
[28.890s] -- Up-to-date: /home/mmitss/Documents/cda-mmitss/other/install/carma_perception_msgs/include/carma_perception_msgs/msg/detail/check_active_geofence__type_support.hpp
[28.890s] -- Up-to-date: /home/mmitss/Documents/cda-mmitss/other/install/carma_perception_msgs/include/carma_perception_msgs/msg/detail/traffic_signal_info_list__type_support.hpp
[28.890s] -- Up-to-date: /home/mmitss/Documents/cda-mmitss/other/install/carma_perception_msgs/include/carma_perception_msgs/msg/detail/traffic_signal_info__struct.hpp
[28.890s] -- Up-to-date: /home/mmitss/Documents/cda-mmitss/other/install/carma_perception_msgs/include/carma_perception_msgs/msg/detail/predicted_state__builder.hpp
[28.891s] -- Up-to-date: /home/mmitss/Documents/cda-mmitss/other/install/carma_perception_msgs/include/carma_perception_msgs/msg/detail/roadway_obstacle_list__struct.hpp
[28.891s] -- Up-to-date: /home/mmitss/Documents/cda-mmitss/other/install/carma_perception_msgs/include/carma_perception_msgs/msg/detail/predicted_state__traits.hpp
[28.891s] -- Up-to-date: /home/mmitss/Documents/cda-mmitss/other/install/carma_perception_msgs/include/carma_perception_msgs/msg/detail/check_active_geofence__struct.hpp
[28.891s] -- Up-to-date: /home/mmitss/Documents/cda-mmitss/other/install/carma_perception_msgs/include/carma_perception_msgs/msg/detail/roadway_obstacle_list__type_support.hpp
[28.892s] -- Up-to-date: /home/mmitss/Documents/cda-mmitss/other/install/carma_perception_msgs/include/carma_perception_msgs/msg/detail/traffic_signal_info_list__traits.hpp
[28.892s] -- Up-to-date: /home/mmitss/Documents/cda-mmitss/other/install/carma_perception_msgs/include/carma_perception_msgs/msg/detail/traffic_signal_info__builder.hpp
[28.892s] -- Up-to-date: /home/mmitss/Documents/cda-mmitss/other/install/carma_perception_msgs/include/carma_perception_msgs/msg/detail/traffic_signal_info__traits.hpp
[28.892s] -- Up-to-date: /home/mmitss/Documents/cda-mmitss/other/install/carma_perception_msgs/include/carma_perception_msgs/msg/detail/roadway_obstacle__struct.hpp
[28.892s] -- Up-to-date: /home/mmitss/Documents/cda-mmitss/other/install/carma_perception_msgs/include/carma_perception_msgs/msg/detail/traffic_signal_info_list__struct.hpp
[28.893s] -- Up-to-date: /home/mmitss/Documents/cda-mmitss/other/install/carma_perception_msgs/include/carma_perception_msgs/msg/detail/roadway_obstacle__builder.hpp
[28.904s] -- Up-to-date: /home/mmitss/Documents/cda-mmitss/other/install/carma_perception_msgs/include/carma_perception_msgs/msg/detail/external_object__struct.hpp
[28.904s] -- Up-to-date: /home/mmitss/Documents/cda-mmitss/other/install/carma_perception_msgs/include/carma_perception_msgs/msg/detail/external_object__type_support.hpp
[28.905s] -- Up-to-date: /home/mmitss/Documents/cda-mmitss/other/install/carma_perception_msgs/include/carma_perception_msgs/msg/detail/roadway_obstacle_list__builder.hpp
[28.905s] -- Up-to-date: /home/mmitss/Documents/cda-mmitss/other/install/carma_perception_msgs/include/carma_perception_msgs/msg/detail/connected_vehicle_type__builder.hpp
[28.905s] -- Up-to-date: /home/mmitss/Documents/cda-mmitss/other/install/carma_perception_msgs/include/carma_perception_msgs/msg/detail/external_object__traits.hpp
[28.905s] -- Up-to-date: /home/mmitss/Documents/cda-mmitss/other/install/carma_perception_msgs/include/carma_perception_msgs/msg/detail/external_object_list__type_support.hpp
[28.905s] -- Up-to-date: /home/mmitss/Documents/cda-mmitss/other/install/carma_perception_msgs/include/carma_perception_msgs/msg/detail/roadway_obstacle__traits.hpp
[28.906s] -- Up-to-date: /home/mmitss/Documents/cda-mmitss/other/install/carma_perception_msgs/include/carma_perception_msgs/msg/detail/connected_vehicle_type__type_support.hpp
[28.906s] -- Up-to-date: /home/mmitss/Documents/cda-mmitss/other/install/carma_perception_msgs/include/carma_perception_msgs/msg/detail/roadway_obstacle_list__traits.hpp
[28.906s] -- Up-to-date: /home/mmitss/Documents/cda-mmitss/other/install/carma_perception_msgs/include/carma_perception_msgs/msg/detail/external_object_list__builder.hpp
[28.906s] -- Up-to-date: /home/mmitss/Documents/cda-mmitss/other/install/carma_perception_msgs/include/carma_perception_msgs/msg/detail/roadway_obstacle__type_support.hpp
[28.906s] -- Up-to-date: /home/mmitss/Documents/cda-mmitss/other/install/carma_perception_msgs/include/carma_perception_msgs/msg/detail/predicted_state__struct.hpp
[28.906s] -- Up-to-date: /home/mmitss/Documents/cda-mmitss/other/install/carma_perception_msgs/include/carma_perception_msgs/msg/detail/external_object_list__traits.hpp
[28.907s] -- Up-to-date: /home/mmitss/Documents/cda-mmitss/other/install/carma_perception_msgs/include/carma_perception_msgs/msg/detail/traffic_signal_info__type_support.hpp
[28.907s] -- Up-to-date: /home/mmitss/Documents/cda-mmitss/other/install/carma_perception_msgs/include/carma_perception_msgs
[28.907s] -- Up-to-date: /home/mmitss/Documents/cda-mmitss/other/install/carma_perception_msgs/include/carma_perception_msgs/msg
[28.907s] -- Up-to-date: /home/mmitss/Documents/cda-mmitss/other/install/carma_perception_msgs/include/carma_perception_msgs/msg/detail
[28.907s] -- Up-to-date: /home/mmitss/Documents/cda-mmitss/other/install/carma_perception_msgs/include/carma_perception_msgs/msg/detail/external_object_list__rosidl_typesupport_introspection_cpp.hpp
[28.907s] -- Up-to-date: /home/mmitss/Documents/cda-mmitss/other/install/carma_perception_msgs/include/carma_perception_msgs/msg/detail/external_object_list__type_support.cpp
[28.908s] -- Up-to-date: /home/mmitss/Documents/cda-mmitss/other/install/carma_perception_msgs/include/carma_perception_msgs/msg/detail/connected_vehicle_type__type_support.cpp
[28.908s] -- Up-to-date: /home/mmitss/Documents/cda-mmitss/other/install/carma_perception_msgs/include/carma_perception_msgs/msg/detail/roadway_obstacle_list__rosidl_typesupport_introspection_cpp.hpp
[28.908s] -- Up-to-date: /home/mmitss/Documents/cda-mmitss/other/install/carma_perception_msgs/include/carma_perception_msgs/msg/detail/roadway_obstacle_list__type_support.cpp
[28.908s] -- Up-to-date: /home/mmitss/Documents/cda-mmitss/other/install/carma_perception_msgs/include/carma_perception_msgs/msg/detail/external_object__type_support.cpp
[28.908s] -- Up-to-date: /home/mmitss/Documents/cda-mmitss/other/install/carma_perception_msgs/include/carma_perception_msgs/msg/detail/traffic_signal_info__rosidl_typesupport_introspection_cpp.hpp
[28.909s] -- Up-to-date: /home/mmitss/Documents/cda-mmitss/other/install/carma_perception_msgs/include/carma_perception_msgs/msg/detail/connected_vehicle_type__rosidl_typesupport_introspection_cpp.hpp
[28.909s] -- Up-to-date: /home/mmitss/Documents/cda-mmitss/other/install/carma_perception_msgs/include/carma_perception_msgs/msg/detail/roadway_obstacle__type_support.cpp
[28.909s] -- Up-to-date: /home/mmitss/Documents/cda-mmitss/other/install/carma_perception_msgs/include/carma_perception_msgs/msg/detail/external_object__rosidl_typesupport_introspection_cpp.hpp
[28.909s] -- Up-to-date: /home/mmitss/Documents/cda-mmitss/other/install/carma_perception_msgs/include/carma_perception_msgs/msg/detail/predicted_state__type_support.cpp
[28.909s] -- Up-to-date: /home/mmitss/Documents/cda-mmitss/other/install/carma_perception_msgs/include/carma_perception_msgs/msg/detail/check_active_geofence__type_support.cpp
[28.909s] -- Up-to-date: /home/mmitss/Documents/cda-mmitss/other/install/carma_perception_msgs/include/carma_perception_msgs/msg/detail/predicted_state__rosidl_typesupport_introspection_cpp.hpp
[28.909s] -- Up-to-date: /home/mmitss/Documents/cda-mmitss/other/install/carma_perception_msgs/include/carma_perception_msgs/msg/detail/traffic_signal_info__type_support.cpp
[28.910s] -- Up-to-date: /home/mmitss/Documents/cda-mmitss/other/install/carma_perception_msgs/include/carma_perception_msgs/msg/detail/check_active_geofence__rosidl_typesupport_introspection_cpp.hpp
[28.910s] -- Up-to-date: /home/mmitss/Documents/cda-mmitss/other/install/carma_perception_msgs/include/carma_perception_msgs/msg/detail/roadway_obstacle__rosidl_typesupport_introspection_cpp.hpp
[28.910s] -- Up-to-date: /home/mmitss/Documents/cda-mmitss/other/install/carma_perception_msgs/include/carma_perception_msgs/msg/detail/traffic_signal_info_list__type_support.cpp
[28.910s] -- Up-to-date: /home/mmitss/Documents/cda-mmitss/other/install/carma_perception_msgs/include/carma_perception_msgs/msg/detail/traffic_signal_info_list__rosidl_typesupport_introspection_cpp.hpp
[28.910s] -- Installing: /home/mmitss/Documents/cda-mmitss/other/install/carma_perception_msgs/lib/libcarma_perception_msgs__rosidl_typesupport_introspection_cpp.so
[28.910s] -- Set runtime path of "/home/mmitss/Documents/cda-mmitss/other/install/carma_perception_msgs/lib/libcarma_perception_msgs__rosidl_typesupport_introspection_cpp.so" to ""
[28.910s] -- Installing: /home/mmitss/Documents/cda-mmitss/other/install/carma_perception_msgs/lib/libcarma_perception_msgs__rosidl_typesupport_cpp.so
[28.911s] -- Set runtime path of "/home/mmitss/Documents/cda-mmitss/other/install/carma_perception_msgs/lib/libcarma_perception_msgs__rosidl_typesupport_cpp.so" to ""
[28.911s] -- Up-to-date: /home/mmitss/Documents/cda-mmitss/other/install/carma_perception_msgs/share/carma_perception_msgs/environment/pythonpath.sh
[28.911s] -- Installing: /home/mmitss/Documents/cda-mmitss/other/install/carma_perception_msgs/share/carma_perception_msgs/environment/pythonpath.dsv
[28.911s] -- Installing: /home/mmitss/Documents/cda-mmitss/other/install/carma_perception_msgs/lib/python3.8/site-packages/carma_perception_msgs/__init__.py
[29.245s] Compiling '/home/mmitss/Documents/cda-mmitss/other/install/carma_perception_msgs/lib/python3.8/site-packages/carma_perception_msgs/__init__.py'...
[29.272s] -- Up-to-date: /home/mmitss/Documents/cda-mmitss/other/install/carma_perception_msgs/lib/python3.8/site-packages/carma_perception_msgs/msg
[29.274s] -- Up-to-date: /home/mmitss/Documents/cda-mmitss/other/install/carma_perception_msgs/lib/python3.8/site-packages/carma_perception_msgs/msg/_roadway_obstacle_list.py
[29.274s] -- Up-to-date: /home/mmitss/Documents/cda-mmitss/other/install/carma_perception_msgs/lib/python3.8/site-packages/carma_perception_msgs/msg/_predicted_state_s.c
[29.275s] -- Up-to-date: /home/mmitss/Documents/cda-mmitss/other/install/carma_perception_msgs/lib/python3.8/site-packages/carma_perception_msgs/msg/_roadway_obstacle_s.c
[29.275s] -- Up-to-date: /home/mmitss/Documents/cda-mmitss/other/install/carma_perception_msgs/lib/python3.8/site-packages/carma_perception_msgs/msg/_traffic_signal_info_s.c
[29.275s] -- Up-to-date: /home/mmitss/Documents/cda-mmitss/other/install/carma_perception_msgs/lib/python3.8/site-packages/carma_perception_msgs/msg/_check_active_geofence.py
[29.276s] -- Up-to-date: /home/mmitss/Documents/cda-mmitss/other/install/carma_perception_msgs/lib/python3.8/site-packages/carma_perception_msgs/msg/_traffic_signal_info_list_s.c
[29.276s] -- Up-to-date: /home/mmitss/Documents/cda-mmitss/other/install/carma_perception_msgs/lib/python3.8/site-packages/carma_perception_msgs/msg/_roadway_obstacle.py
[29.277s] -- Up-to-date: /home/mmitss/Documents/cda-mmitss/other/install/carma_perception_msgs/lib/python3.8/site-packages/carma_perception_msgs/msg/_external_object_s.c
[29.277s] -- Up-to-date: /home/mmitss/Documents/cda-mmitss/other/install/carma_perception_msgs/lib/python3.8/site-packages/carma_perception_msgs/msg/_check_active_geofence_s.c
[29.279s] -- Up-to-date: /home/mmitss/Documents/cda-mmitss/other/install/carma_perception_msgs/lib/python3.8/site-packages/carma_perception_msgs/msg/_roadway_obstacle_list_s.c
[29.279s] -- Up-to-date: /home/mmitss/Documents/cda-mmitss/other/install/carma_perception_msgs/lib/python3.8/site-packages/carma_perception_msgs/msg/_traffic_signal_info.py
[29.279s] -- Up-to-date: /home/mmitss/Documents/cda-mmitss/other/install/carma_perception_msgs/lib/python3.8/site-packages/carma_perception_msgs/msg/_traffic_signal_info_list.py
[29.279s] -- Up-to-date: /home/mmitss/Documents/cda-mmitss/other/install/carma_perception_msgs/lib/python3.8/site-packages/carma_perception_msgs/msg/_external_object_list_s.c
[29.280s] -- Up-to-date: /home/mmitss/Documents/cda-mmitss/other/install/carma_perception_msgs/lib/python3.8/site-packages/carma_perception_msgs/msg/_connected_vehicle_type_s.c
[29.280s] -- Up-to-date: /home/mmitss/Documents/cda-mmitss/other/install/carma_perception_msgs/lib/python3.8/site-packages/carma_perception_msgs/msg/_external_object.py
[29.280s] -- Up-to-date: /home/mmitss/Documents/cda-mmitss/other/install/carma_perception_msgs/lib/python3.8/site-packages/carma_perception_msgs/msg/_external_object_list.py
[29.280s] -- Up-to-date: /home/mmitss/Documents/cda-mmitss/other/install/carma_perception_msgs/lib/python3.8/site-packages/carma_perception_msgs/msg/_connected_vehicle_type.py
[29.280s] -- Up-to-date: /home/mmitss/Documents/cda-mmitss/other/install/carma_perception_msgs/lib/python3.8/site-packages/carma_perception_msgs/msg/__init__.py
[29.280s] -- Up-to-date: /home/mmitss/Documents/cda-mmitss/other/install/carma_perception_msgs/lib/python3.8/site-packages/carma_perception_msgs/msg/_predicted_state.py
[29.283s] -- Installing: /home/mmitss/Documents/cda-mmitss/other/install/carma_perception_msgs/lib/python3.8/site-packages/carma_perception_msgs/carma_perception_msgs_s__rosidl_typesupport_fastrtps_c.cpython-38-x86_64-linux-gnu.so
[29.284s] -- Set runtime path of "/home/mmitss/Documents/cda-mmitss/other/install/carma_perception_msgs/lib/python3.8/site-packages/carma_perception_msgs/carma_perception_msgs_s__rosidl_typesupport_fastrtps_c.cpython-38-x86_64-linux-gnu.so" to ""
[29.286s] -- Installing: /home/mmitss/Documents/cda-mmitss/other/install/carma_perception_msgs/lib/python3.8/site-packages/carma_perception_msgs/carma_perception_msgs_s__rosidl_typesupport_introspection_c.cpython-38-x86_64-linux-gnu.so
[29.291s] -- Set runtime path of "/home/mmitss/Documents/cda-mmitss/other/install/carma_perception_msgs/lib/python3.8/site-packages/carma_perception_msgs/carma_perception_msgs_s__rosidl_typesupport_introspection_c.cpython-38-x86_64-linux-gnu.so" to ""
[29.302s] -- Installing: /home/mmitss/Documents/cda-mmitss/other/install/carma_perception_msgs/lib/python3.8/site-packages/carma_perception_msgs/carma_perception_msgs_s__rosidl_typesupport_c.cpython-38-x86_64-linux-gnu.so
[29.305s] -- Set runtime path of "/home/mmitss/Documents/cda-mmitss/other/install/carma_perception_msgs/lib/python3.8/site-packages/carma_perception_msgs/carma_perception_msgs_s__rosidl_typesupport_c.cpython-38-x86_64-linux-gnu.so" to ""
[29.307s] -- Installing: /home/mmitss/Documents/cda-mmitss/other/install/carma_perception_msgs/lib/libcarma_perception_msgs__python.so
[29.309s] -- Set runtime path of "/home/mmitss/Documents/cda-mmitss/other/install/carma_perception_msgs/lib/libcarma_perception_msgs__python.so" to ""
[29.309s] -- Up-to-date: /home/mmitss/Documents/cda-mmitss/other/install/carma_perception_msgs/share/carma_perception_msgs/msg/CheckActiveGeofence.idl
[29.310s] -- Up-to-date: /home/mmitss/Documents/cda-mmitss/other/install/carma_perception_msgs/share/carma_perception_msgs/msg/ConnectedVehicleType.idl
[29.311s] -- Up-to-date: /home/mmitss/Documents/cda-mmitss/other/install/carma_perception_msgs/share/carma_perception_msgs/msg/ExternalObject.idl
[29.317s] -- Up-to-date: /home/mmitss/Documents/cda-mmitss/other/install/carma_perception_msgs/share/carma_perception_msgs/msg/ExternalObjectList.idl
[29.318s] -- Up-to-date: /home/mmitss/Documents/cda-mmitss/other/install/carma_perception_msgs/share/carma_perception_msgs/msg/PredictedState.idl
[29.319s] -- Up-to-date: /home/mmitss/Documents/cda-mmitss/other/install/carma_perception_msgs/share/carma_perception_msgs/msg/RoadwayObstacle.idl
[29.319s] -- Up-to-date: /home/mmitss/Documents/cda-mmitss/other/install/carma_perception_msgs/share/carma_perception_msgs/msg/RoadwayObstacleList.idl
[29.320s] -- Up-to-date: /home/mmitss/Documents/cda-mmitss/other/install/carma_perception_msgs/share/carma_perception_msgs/msg/TrafficSignalInfo.idl
[29.320s] -- Up-to-date: /home/mmitss/Documents/cda-mmitss/other/install/carma_perception_msgs/share/carma_perception_msgs/msg/TrafficSignalInfoList.idl
[29.321s] -- Installing: /home/mmitss/Documents/cda-mmitss/other/install/carma_perception_msgs/share/carma_perception_msgs/msg/CheckActiveGeofence.msg
[29.321s] -- Installing: /home/mmitss/Documents/cda-mmitss/other/install/carma_perception_msgs/share/carma_perception_msgs/msg/ConnectedVehicleType.msg
[29.322s] -- Installing: /home/mmitss/Documents/cda-mmitss/other/install/carma_perception_msgs/share/carma_perception_msgs/msg/ExternalObject.msg
[29.323s] -- Installing: /home/mmitss/Documents/cda-mmitss/other/install/carma_perception_msgs/share/carma_perception_msgs/msg/ExternalObjectList.msg
[29.340s] -- Installing: /home/mmitss/Documents/cda-mmitss/other/install/carma_perception_msgs/share/carma_perception_msgs/msg/PredictedState.msg
[29.342s] -- Installing: /home/mmitss/Documents/cda-mmitss/other/install/carma_perception_msgs/share/carma_perception_msgs/msg/RoadwayObstacle.msg
[29.343s] -- Installing: /home/mmitss/Documents/cda-mmitss/other/install/carma_perception_msgs/share/carma_perception_msgs/msg/RoadwayObstacleList.msg
[29.345s] -- Installing: /home/mmitss/Documents/cda-mmitss/other/install/carma_perception_msgs/share/carma_perception_msgs/msg/TrafficSignalInfo.msg
[29.346s] -- Installing: /home/mmitss/Documents/cda-mmitss/other/install/carma_perception_msgs/share/carma_perception_msgs/msg/TrafficSignalInfoList.msg
[29.348s] -- Up-to-date: /home/mmitss/Documents/cda-mmitss/other/install/carma_perception_msgs/share/ament_index/resource_index/package_run_dependencies/carma_perception_msgs
[29.349s] -- Installing: /home/mmitss/Documents/cda-mmitss/other/install/carma_perception_msgs/share/ament_index/resource_index/parent_prefix_path/carma_perception_msgs
[29.350s] -- Installing: /home/mmitss/Documents/cda-mmitss/other/install/carma_perception_msgs/share/carma_perception_msgs/environment/ament_prefix_path.sh
[29.351s] -- Installing: /home/mmitss/Documents/cda-mmitss/other/install/carma_perception_msgs/share/carma_perception_msgs/environment/ament_prefix_path.dsv
[29.352s] -- Installing: /home/mmitss/Documents/cda-mmitss/other/install/carma_perception_msgs/share/carma_perception_msgs/environment/path.sh
[29.353s] -- Installing: /home/mmitss/Documents/cda-mmitss/other/install/carma_perception_msgs/share/carma_perception_msgs/environment/path.dsv
[29.354s] -- Up-to-date: /home/mmitss/Documents/cda-mmitss/other/install/carma_perception_msgs/share/carma_perception_msgs/local_setup.bash
[29.355s] -- Up-to-date: /home/mmitss/Documents/cda-mmitss/other/install/carma_perception_msgs/share/carma_perception_msgs/local_setup.sh
[29.356s] -- Up-to-date: /home/mmitss/Documents/cda-mmitss/other/install/carma_perception_msgs/share/carma_perception_msgs/local_setup.zsh
[29.356s] -- Installing: /home/mmitss/Documents/cda-mmitss/other/install/carma_perception_msgs/share/carma_perception_msgs/local_setup.dsv
[29.357s] -- Installing: /home/mmitss/Documents/cda-mmitss/other/install/carma_perception_msgs/share/carma_perception_msgs/package.dsv
[29.359s] -- Up-to-date: /home/mmitss/Documents/cda-mmitss/other/install/carma_perception_msgs/share/ament_index/resource_index/packages/carma_perception_msgs
[29.360s] -- Up-to-date: /home/mmitss/Documents/cda-mmitss/other/install/carma_perception_msgs/share/carma_perception_msgs/cmake/carma_perception_msgs__rosidl_generator_cExport.cmake
[29.361s] -- Installing: /home/mmitss/Documents/cda-mmitss/other/install/carma_perception_msgs/share/carma_perception_msgs/cmake/carma_perception_msgs__rosidl_generator_cExport-release.cmake
[29.362s] -- Up-to-date: /home/mmitss/Documents/cda-mmitss/other/install/carma_perception_msgs/share/carma_perception_msgs/cmake/carma_perception_msgs__rosidl_typesupport_introspection_cExport.cmake
[29.363s] -- Installing: /home/mmitss/Documents/cda-mmitss/other/install/carma_perception_msgs/share/carma_perception_msgs/cmake/carma_perception_msgs__rosidl_typesupport_introspection_cExport-release.cmake
[29.376s] -- Up-to-date: /home/mmitss/Documents/cda-mmitss/other/install/carma_perception_msgs/share/carma_perception_msgs/cmake/carma_perception_msgs__rosidl_typesupport_cExport.cmake
[29.376s] -- Installing: /home/mmitss/Documents/cda-mmitss/other/install/carma_perception_msgs/share/carma_perception_msgs/cmake/carma_perception_msgs__rosidl_typesupport_cExport-release.cmake
[29.377s] -- Up-to-date: /home/mmitss/Documents/cda-mmitss/other/install/carma_perception_msgs/share/carma_perception_msgs/cmake/carma_perception_msgs__rosidl_generator_cppExport.cmake
[29.378s] -- Up-to-date: /home/mmitss/Documents/cda-mmitss/other/install/carma_perception_msgs/share/carma_perception_msgs/cmake/carma_perception_msgs__rosidl_typesupport_introspection_cppExport.cmake
[29.378s] -- Installing: /home/mmitss/Documents/cda-mmitss/other/install/carma_perception_msgs/share/carma_perception_msgs/cmake/carma_perception_msgs__rosidl_typesupport_introspection_cppExport-release.cmake
[29.380s] -- Up-to-date: /home/mmitss/Documents/cda-mmitss/other/install/carma_perception_msgs/share/carma_perception_msgs/cmake/carma_perception_msgs__rosidl_typesupport_cppExport.cmake
[29.380s] -- Installing: /home/mmitss/Documents/cda-mmitss/other/install/carma_perception_msgs/share/carma_perception_msgs/cmake/carma_perception_msgs__rosidl_typesupport_cppExport-release.cmake
[29.381s] -- Up-to-date: /home/mmitss/Documents/cda-mmitss/other/install/carma_perception_msgs/share/carma_perception_msgs/cmake/rosidl_cmake-extras.cmake
[29.381s] -- Up-to-date: /home/mmitss/Documents/cda-mmitss/other/install/carma_perception_msgs/share/carma_perception_msgs/cmake/ament_cmake_export_dependencies-extras.cmake
[29.382s] -- Up-to-date: /home/mmitss/Documents/cda-mmitss/other/install/carma_perception_msgs/share/carma_perception_msgs/cmake/ament_cmake_export_libraries-extras.cmake
[29.382s] -- Up-to-date: /home/mmitss/Documents/cda-mmitss/other/install/carma_perception_msgs/share/carma_perception_msgs/cmake/ament_cmake_export_targets-extras.cmake
[29.383s] -- Up-to-date: /home/mmitss/Documents/cda-mmitss/other/install/carma_perception_msgs/share/carma_perception_msgs/cmake/ament_cmake_export_include_directories-extras.cmake
[29.383s] -- Up-to-date: /home/mmitss/Documents/cda-mmitss/other/install/carma_perception_msgs/share/carma_perception_msgs/cmake/rosidl_cmake_export_typesupport_libraries-extras.cmake
[29.384s] -- Up-to-date: /home/mmitss/Documents/cda-mmitss/other/install/carma_perception_msgs/share/carma_perception_msgs/cmake/rosidl_cmake_export_typesupport_targets-extras.cmake
[29.384s] -- Up-to-date: /home/mmitss/Documents/cda-mmitss/other/install/carma_perception_msgs/share/carma_perception_msgs/cmake/carma_perception_msgsConfig.cmake
[29.384s] -- Up-to-date: /home/mmitss/Documents/cda-mmitss/other/install/carma_perception_msgs/share/carma_perception_msgs/cmake/carma_perception_msgsConfig-version.cmake
[29.385s] -- Installing: /home/mmitss/Documents/cda-mmitss/other/install/carma_perception_msgs/share/carma_perception_msgs/package.xml
[29.386s] -- Installing: /home/mmitss/Documents/cda-mmitss/other/install/carma_perception_msgs/share/carma_perception_msgs/rule.yml
[29.413s] Invoked command in '/home/mmitss/Documents/cda-mmitss/other/build/carma_perception_msgs' returned '0': CMAKE_PREFIX_PATH=/home/mmitss/Documents/cda-mmitss/other/install/carma_cmake_common:/home/mmitss/Documents/cda-mmitss/other/install/carma_debug_ros2_msgs:/home/mmitss/Documents/cda-mmitss/other/install/carma_planning_msgs:/home/mmitss/Documents/cda-mmitss/other/install/carma_v2x_msgs:/home/mmitss/Documents/cda-mmitss/other/install/j3224_v2x_msgs:/home/mmitss/Documents/cda-mmitss/other/install/j2735_v2x_msgs:/home/mmitss/Documents/cda-mmitss/other/install/carma_perception_msgs:/home/mmitss/Documents/cda-mmitss/other/install/carma_driver_msgs:/home/mmitss/Documents/cda-mmitss/other/install/carma_msgs:/home/mmitss/Documents/cda-mmitss/other/install/carma_localization_msgs:/home/mmitss/Documents/cda-mmitss/other/install/can_msgs:/opt/ros/foxy CONDA_PROMPT_MODIFIER=(base) /usr/bin/cmake --install /home/mmitss/Documents/cda-mmitss/other/build/carma_perception_msgs
