-- Found ament_cmake: 0.9.12 (/opt/ros/foxy/share/ament_cmake/cmake)
-- Using PYTHON_EXECUTABLE: /home/mmitss/anaconda3/bin/python3
-- Found ament_cmake_auto: 0.9.12 (/opt/ros/foxy/share/ament_cmake_auto/cmake)
-- Using all available rosidl_typesupport_c: rosidl_typesupport_fastrtps_c;rosidl_typesupport_introspection_c
-- Found rosidl_adapter: 1.3.1 (/opt/ros/foxy/share/rosidl_adapter/cmake)
-- Using all available rosidl_typesupport_cpp: rosidl_typesupport_fastrtps_cpp;rosidl_typesupport_introspection_cpp
-- Found rmw_implementation_cmake: 1.0.4 (/opt/ros/foxy/share/rmw_implementation_cmake/cmake)
-- Using RMW implementation 'rmw_fastrtps_cpp' as default
-- Found ament_lint_auto: 0.9.8 (/opt/ros/foxy/share/ament_lint_auto/cmake)
-- Added test 'copyright' to check source files copyright and LICENSE
-- Added test 'cppcheck' to perform static code analysis on C / C++ code
-- Configured cppcheck include dirs: /home/mmitss/Documents/cda-mmitss/mmitss/src/common/MsgTransceiver/CarmaDecoderRos2/../../../../include;/home/mmitss/Documents/cda-mmitss/mmitss/src/common/MsgTransceiver/CarmaDecoderRos2/../../../../include/common;/home/mmitss/Documents/cda-mmitss/mmitss/src/common/MsgTransceiver/CarmaDecoderRos2/../../../../include/libj2735;/home/mmitss/Documents/cda-mmitss/mmitss/src/common/MsgTransceiver/CarmaDecoderRos2/../../../../3rdparty/asn1j2735/include;/home/mmitss/Documents/cda-mmitss/mmitss/src/common/MsgTransceiver/CarmaDecoderRos2/../../../../3rdparty/glpk/include;/home/mmitss/Documents/cda-mmitss/mmitss/src/common/MsgTransceiver/CarmaDecoderRos2/../../../../3rdparty/mapengine/include;/home/mmitss/Documents/cda-mmitss/mmitss/src/common/MsgTransceiver/CarmaDecoderRos2/../../../../3rdparty/net-snmp;/home/mmitss/Documents/cda-mmitss/mmitss/src/common/MsgTransceiver/CarmaDecoderRos2/../../../../3rdparty/jsoncpp
-- Configured cppcheck exclude dirs and/or files: 
-- Added test 'cpplint' to check C / C++ code against the Google style
-- Configured cpplint exclude dirs and/or files: 
-- Added test 'flake8' to check Python code syntax and style conventions
-- Added test 'lint_cmake' to check CMake code style
-- Added test 'pep257' to check Python code against some of the style conventions in PEP 257
-- Added test 'uncrustify' to check C / C++ code style
-- Configured uncrustify additional arguments: 
-- Added test 'xmllint' to check XML markup files
-- Configuring done
-- Generating done
-- Build files have been written to: /home/mmitss/Documents/cda-mmitss/mmitss/src/common/MsgTransceiver/CarmaDecoderRos2/build/carma-ros2-decoder
[ 20%] [32m[1mLinking CXX executable M_CarmaMsgDecoder[0m
