-- The C compiler identification is GNU 9.4.0
-- The CXX compiler identification is GNU 9.4.0
-- Check for working C compiler: /usr/bin/cc
-- Check for working C compiler: /usr/bin/cc -- works
-- Detecting C compiler ABI info
-- Detecting C compiler ABI info - done
-- Detecting C compile features
-- Detecting C compile features - done
-- Check for working CXX compiler: /usr/bin/c++
-- Check for working CXX compiler: /usr/bin/c++ -- works
-- Detecting CXX compiler ABI info
-- Detecting CXX compiler ABI info - done
-- Detecting CXX compile features
-- Detecting CXX compile features - done
-- Found carma_cmake_common: 0.1.0 (/home/mmitss/Documents/cda-mmitss/other/install/carma_cmake_common/share/carma_cmake_common/cmake)
-- Found ros_environment: 2.5.1 (/opt/ros/foxy/share/ros_environment/cmake)
-- Setting build type to Release as none was specified.
-- Found rosidl_default_generators: 1.0.1 (/opt/ros/foxy/share/rosidl_default_generators/cmake)
-- Found ament_cmake_core: 0.9.12 (/opt/ros/foxy/share/ament_cmake_core/cmake)
-- Found PythonInterp: /home/mmitss/anaconda3/bin/python3 (found suitable version "3.8.8", minimum required is "3") 
-- Using PYTHON_EXECUTABLE: /home/mmitss/anaconda3/bin/python3
-- Using all available rosidl_typesupport_c: rosidl_typesupport_fastrtps_c;rosidl_typesupport_introspection_c
-- Found rosidl_adapter: 1.3.1 (/opt/ros/foxy/share/rosidl_adapter/cmake)
-- Found OpenSSL: /usr/lib/x86_64-linux-gnu/libcrypto.so (found version "1.1.1f")  
-- Found FastRTPS: /opt/ros/foxy/include  
-- Using all available rosidl_typesupport_cpp: rosidl_typesupport_fastrtps_cpp;rosidl_typesupport_introspection_cpp
-- Found std_msgs: 2.0.5 (/opt/ros/foxy/share/std_msgs/cmake)
-- Found PythonInterp: /home/mmitss/anaconda3/bin/python3 (found version "3.8.8") 
-- Found ament_cmake_ros: 0.9.2 (/opt/ros/foxy/share/ament_cmake_ros/cmake)
-- Using all available rosidl_typesupport_c: rosidl_typesupport_fastrtps_c;rosidl_typesupport_introspection_c
-- Using all available rosidl_typesupport_cpp: rosidl_typesupport_fastrtps_cpp;rosidl_typesupport_introspection_cpp
-- Found PythonInterp: /home/mmitss/anaconda3/bin/python3 (found suitable version "3.8.8", minimum required is "3.5") 
-- Found python_cmake_module: 0.8.1 (/opt/ros/foxy/share/python_cmake_module/cmake)
-- Found PythonLibs: /home/mmitss/anaconda3/lib/libpython3.8.so (found suitable version "3.8.8", minimum required is "3.5") 
-- Using PYTHON_EXECUTABLE: /home/mmitss/anaconda3/bin/python3
-- Using PYTHON_INCLUDE_DIRS: /home/mmitss/anaconda3/include/python3.8
-- Using PYTHON_LIBRARIES: /home/mmitss/anaconda3/lib/libpython3.8.so
-- Found PythonExtra: .so  
-- Using numpy include directory: /home/mmitss/anaconda3/lib/python3.8/site-packages/numpy/core/include
-- Configuring done
CMake Warning at /opt/ros/foxy/share/rosidl_generator_py/cmake/rosidl_generator_py_generate_interfaces.cmake:235 (add_library):
  Cannot generate a safe runtime search path for target
  carma_localization_msgs__rosidl_typesupport_fastrtps_c__pyext because files
  in some directories may conflict with libraries in implicit directories:

    runtime library [libssl.so.1.1] in /usr/lib/x86_64-linux-gnu may be hidden by files in:
      /home/mmitss/anaconda3/lib
    runtime library [libcrypto.so.1.1] in /usr/lib/x86_64-linux-gnu may be hidden by files in:
      /home/mmitss/anaconda3/lib

  Some of these libraries may not be found correctly.
Call Stack (most recent call first):
  /opt/ros/foxy/share/ament_cmake_core/cmake/core/ament_execute_extensions.cmake:48 (include)
  /opt/ros/foxy/share/rosidl_cmake/cmake/rosidl_generate_interfaces.cmake:286 (ament_execute_extensions)
  CMakeLists.txt:45 (rosidl_generate_interfaces)


-- Generating done
-- Build files have been written to: /home/mmitss/Documents/cda-mmitss/other/build/carma_localization_msgs
[35m[1mScanning dependencies of target carma_localization_msgs__cpp[0m
[  3%] [34m[1mGenerating C code for ROS interfaces[0m
[  6%] [34m[1mGenerating C++ code for ROS interfaces[0m
[35m[1mScanning dependencies of target carma_localization_msgs__rosidl_generator_c[0m
[  6%] Built target carma_localization_msgs__cpp
[  9%] [34m[1mGenerating C++ introspection for ROS interfaces[0m
[ 12%] [34m[1mGenerating C++ type support dispatch for ROS interfaces[0m
[ 16%] [34m[1mGenerating C++ type support for eProsima Fast-RTPS[0m
[ 19%] [32mBuilding C object CMakeFiles/carma_localization_msgs__rosidl_generator_c.dir/rosidl_generator_c/carma_localization_msgs/msg/detail/localization_status_report__functions.c.o[0m
[ 22%] [32m[1mLinking C shared library libcarma_localization_msgs__rosidl_generator_c.so[0m
[ 22%] Built target carma_localization_msgs__rosidl_generator_c
[ 25%] [34m[1mGenerating C type support dispatch for ROS interfaces[0m
[ 29%] [34m[1mGenerating C introspection for ROS interfaces[0m
[35m[1mScanning dependencies of target carma_localization_msgs__rosidl_typesupport_introspection_cpp[0m
[ 32%] [32mBuilding CXX object CMakeFiles/carma_localization_msgs__rosidl_typesupport_introspection_cpp.dir/rosidl_typesupport_introspection_cpp/carma_localization_msgs/msg/detail/localization_status_report__type_support.cpp.o[0m
[35m[1mScanning dependencies of target carma_localization_msgs__rosidl_typesupport_cpp[0m
[ 35%] [32mBuilding CXX object CMakeFiles/carma_localization_msgs__rosidl_typesupport_cpp.dir/rosidl_typesupport_cpp/carma_localization_msgs/msg/localization_status_report__type_support.cpp.o[0m
[35m[1mScanning dependencies of target carma_localization_msgs__rosidl_typesupport_fastrtps_cpp[0m
[ 38%] [32mBuilding CXX object CMakeFiles/carma_localization_msgs__rosidl_typesupport_fastrtps_cpp.dir/rosidl_typesupport_fastrtps_cpp/carma_localization_msgs/msg/detail/dds_fastrtps/localization_status_report__type_support.cpp.o[0m
[35m[1mScanning dependencies of target carma_localization_msgs__rosidl_typesupport_c[0m
[ 41%] [32mBuilding CXX object CMakeFiles/carma_localization_msgs__rosidl_typesupport_c.dir/rosidl_typesupport_c/carma_localization_msgs/msg/localization_status_report__type_support.cpp.o[0m
[35m[1mScanning dependencies of target carma_localization_msgs__rosidl_typesupport_introspection_c[0m
[ 45%] [32mBuilding C object CMakeFiles/carma_localization_msgs__rosidl_typesupport_introspection_c.dir/rosidl_typesupport_introspection_c/carma_localization_msgs/msg/detail/localization_status_report__type_support.c.o[0m
[ 48%] [32m[1mLinking CXX shared library libcarma_localization_msgs__rosidl_typesupport_c.so[0m
[ 51%] [32m[1mLinking C shared library libcarma_localization_msgs__rosidl_typesupport_introspection_c.so[0m
[ 54%] [32m[1mLinking CXX shared library libcarma_localization_msgs__rosidl_typesupport_cpp.so[0m
[ 54%] Built target carma_localization_msgs__rosidl_typesupport_c
[ 58%] [32m[1mLinking CXX shared library libcarma_localization_msgs__rosidl_typesupport_introspection_cpp.so[0m
[ 58%] Built target carma_localization_msgs__rosidl_typesupport_introspection_c
[ 58%] Built target carma_localization_msgs__rosidl_typesupport_cpp
[ 61%] [32m[1mLinking CXX shared library libcarma_localization_msgs__rosidl_typesupport_fastrtps_cpp.so[0m
[ 61%] Built target carma_localization_msgs__rosidl_typesupport_introspection_cpp
[ 61%] Built target carma_localization_msgs__rosidl_typesupport_fastrtps_cpp
[ 64%] [34m[1mGenerating C type support for eProsima Fast-RTPS[0m
[35m[1mScanning dependencies of target carma_localization_msgs__rosidl_typesupport_fastrtps_c[0m
[ 67%] [32mBuilding CXX object CMakeFiles/carma_localization_msgs__rosidl_typesupport_fastrtps_c.dir/rosidl_typesupport_fastrtps_c/carma_localization_msgs/msg/detail/localization_status_report__type_support_c.cpp.o[0m
[ 70%] [32m[1mLinking CXX shared library libcarma_localization_msgs__rosidl_typesupport_fastrtps_c.so[0m
[ 70%] Built target carma_localization_msgs__rosidl_typesupport_fastrtps_c
[35m[1mScanning dependencies of target carma_localization_msgs[0m
[ 70%] Built target carma_localization_msgs
[35m[1mScanning dependencies of target carma_localization_msgs__py[0m
[ 74%] [34m[1mGenerating Python code for ROS interfaces[0m
[ 74%] Built target carma_localization_msgs__py
[35m[1mScanning dependencies of target carma_localization_msgs__python[0m
[ 77%] [32mBuilding C object CMakeFiles/carma_localization_msgs__python.dir/rosidl_generator_py/carma_localization_msgs/msg/_localization_status_report_s.c.o[0m
[ 80%] [32m[1mLinking C shared library rosidl_generator_py/carma_localization_msgs/libcarma_localization_msgs__python.so[0m
[ 80%] Built target carma_localization_msgs__python
[35m[1mScanning dependencies of target carma_localization_msgs__rosidl_typesupport_c__pyext[0m
[35m[1mScanning dependencies of target carma_localization_msgs__rosidl_typesupport_fastrtps_c__pyext[0m
[35m[1mScanning dependencies of target carma_localization_msgs__rosidl_typesupport_introspection_c__pyext[0m
[ 83%] [32mBuilding C object CMakeFiles/carma_localization_msgs__rosidl_typesupport_c__pyext.dir/rosidl_generator_py/carma_localization_msgs/_carma_localization_msgs_s.ep.rosidl_typesupport_c.c.o[0m
[ 87%] [32mBuilding C object CMakeFiles/carma_localization_msgs__rosidl_typesupport_fastrtps_c__pyext.dir/rosidl_generator_py/carma_localization_msgs/_carma_localization_msgs_s.ep.rosidl_typesupport_fastrtps_c.c.o[0m
[ 90%] [32mBuilding C object CMakeFiles/carma_localization_msgs__rosidl_typesupport_introspection_c__pyext.dir/rosidl_generator_py/carma_localization_msgs/_carma_localization_msgs_s.ep.rosidl_typesupport_introspection_c.c.o[0m
[ 93%] [32m[1mLinking C shared library rosidl_generator_py/carma_localization_msgs/carma_localization_msgs_s__rosidl_typesupport_c.cpython-38-x86_64-linux-gnu.so[0m
[ 96%] [32m[1mLinking C shared library rosidl_generator_py/carma_localization_msgs/carma_localization_msgs_s__rosidl_typesupport_introspection_c.cpython-38-x86_64-linux-gnu.so[0m
[100%] [32m[1mLinking CXX shared library rosidl_generator_py/carma_localization_msgs/carma_localization_msgs_s__rosidl_typesupport_fastrtps_c.cpython-38-x86_64-linux-gnu.so[0m
[100%] Built target carma_localization_msgs__rosidl_typesupport_introspection_c__pyext
[100%] Built target carma_localization_msgs__rosidl_typesupport_c__pyext
[100%] Built target carma_localization_msgs__rosidl_typesupport_fastrtps_c__pyext
-- Install configuration: "Release"
-- Installing: /home/mmitss/Documents/cda-mmitss/other/install/carma_localization_msgs/share/ament_index/resource_index/rosidl_interfaces/carma_localization_msgs
-- Installing: /home/mmitss/Documents/cda-mmitss/other/install/carma_localization_msgs/include/carma_localization_msgs
-- Installing: /home/mmitss/Documents/cda-mmitss/other/install/carma_localization_msgs/include/carma_localization_msgs/msg
-- Installing: /home/mmitss/Documents/cda-mmitss/other/install/carma_localization_msgs/include/carma_localization_msgs/msg/localization_status_report.h
-- Installing: /home/mmitss/Documents/cda-mmitss/other/install/carma_localization_msgs/include/carma_localization_msgs/msg/rosidl_generator_c__visibility_control.h
-- Installing: /home/mmitss/Documents/cda-mmitss/other/install/carma_localization_msgs/include/carma_localization_msgs/msg/detail
-- Installing: /home/mmitss/Documents/cda-mmitss/other/install/carma_localization_msgs/include/carma_localization_msgs/msg/detail/localization_status_report__functions.h
-- Installing: /home/mmitss/Documents/cda-mmitss/other/install/carma_localization_msgs/include/carma_localization_msgs/msg/detail/localization_status_report__functions.c
-- Installing: /home/mmitss/Documents/cda-mmitss/other/install/carma_localization_msgs/include/carma_localization_msgs/msg/detail/localization_status_report__struct.h
-- Installing: /home/mmitss/Documents/cda-mmitss/other/install/carma_localization_msgs/include/carma_localization_msgs/msg/detail/localization_status_report__type_support.h
-- Installing: /home/mmitss/Documents/cda-mmitss/other/install/carma_localization_msgs/share/carma_localization_msgs/environment/library_path.sh
-- Installing: /home/mmitss/Documents/cda-mmitss/other/install/carma_localization_msgs/share/carma_localization_msgs/environment/library_path.dsv
-- Installing: /home/mmitss/Documents/cda-mmitss/other/install/carma_localization_msgs/lib/libcarma_localization_msgs__rosidl_generator_c.so
-- Set runtime path of "/home/mmitss/Documents/cda-mmitss/other/install/carma_localization_msgs/lib/libcarma_localization_msgs__rosidl_generator_c.so" to ""
-- Up-to-date: /home/mmitss/Documents/cda-mmitss/other/install/carma_localization_msgs/include/carma_localization_msgs
-- Up-to-date: /home/mmitss/Documents/cda-mmitss/other/install/carma_localization_msgs/include/carma_localization_msgs/msg
-- Installing: /home/mmitss/Documents/cda-mmitss/other/install/carma_localization_msgs/include/carma_localization_msgs/msg/rosidl_typesupport_fastrtps_c__visibility_control.h
-- Up-to-date: /home/mmitss/Documents/cda-mmitss/other/install/carma_localization_msgs/include/carma_localization_msgs/msg/detail
-- Installing: /home/mmitss/Documents/cda-mmitss/other/install/carma_localization_msgs/include/carma_localization_msgs/msg/detail/localization_status_report__rosidl_typesupport_fastrtps_c.h
-- Installing: /home/mmitss/Documents/cda-mmitss/other/install/carma_localization_msgs/lib/libcarma_localization_msgs__rosidl_typesupport_fastrtps_c.so
-- Set runtime path of "/home/mmitss/Documents/cda-mmitss/other/install/carma_localization_msgs/lib/libcarma_localization_msgs__rosidl_typesupport_fastrtps_c.so" to ""
-- Up-to-date: /home/mmitss/Documents/cda-mmitss/other/install/carma_localization_msgs/include/carma_localization_msgs
-- Up-to-date: /home/mmitss/Documents/cda-mmitss/other/install/carma_localization_msgs/include/carma_localization_msgs/msg
-- Installing: /home/mmitss/Documents/cda-mmitss/other/install/carma_localization_msgs/include/carma_localization_msgs/msg/rosidl_typesupport_fastrtps_cpp__visibility_control.h
-- Up-to-date: /home/mmitss/Documents/cda-mmitss/other/install/carma_localization_msgs/include/carma_localization_msgs/msg/detail
-- Installing: /home/mmitss/Documents/cda-mmitss/other/install/carma_localization_msgs/include/carma_localization_msgs/msg/detail/localization_status_report__rosidl_typesupport_fastrtps_cpp.hpp
-- Installing: /home/mmitss/Documents/cda-mmitss/other/install/carma_localization_msgs/include/carma_localization_msgs/msg/detail/dds_fastrtps
-- Installing: /home/mmitss/Documents/cda-mmitss/other/install/carma_localization_msgs/lib/libcarma_localization_msgs__rosidl_typesupport_fastrtps_cpp.so
-- Set runtime path of "/home/mmitss/Documents/cda-mmitss/other/install/carma_localization_msgs/lib/libcarma_localization_msgs__rosidl_typesupport_fastrtps_cpp.so" to ""
-- Up-to-date: /home/mmitss/Documents/cda-mmitss/other/install/carma_localization_msgs/include/carma_localization_msgs
-- Up-to-date: /home/mmitss/Documents/cda-mmitss/other/install/carma_localization_msgs/include/carma_localization_msgs/msg
-- Installing: /home/mmitss/Documents/cda-mmitss/other/install/carma_localization_msgs/include/carma_localization_msgs/msg/rosidl_typesupport_introspection_c__visibility_control.h
-- Up-to-date: /home/mmitss/Documents/cda-mmitss/other/install/carma_localization_msgs/include/carma_localization_msgs/msg/detail
-- Installing: /home/mmitss/Documents/cda-mmitss/other/install/carma_localization_msgs/include/carma_localization_msgs/msg/detail/localization_status_report__rosidl_typesupport_introspection_c.h
-- Installing: /home/mmitss/Documents/cda-mmitss/other/install/carma_localization_msgs/include/carma_localization_msgs/msg/detail/localization_status_report__type_support.c
-- Installing: /home/mmitss/Documents/cda-mmitss/other/install/carma_localization_msgs/lib/libcarma_localization_msgs__rosidl_typesupport_introspection_c.so
-- Set runtime path of "/home/mmitss/Documents/cda-mmitss/other/install/carma_localization_msgs/lib/libcarma_localization_msgs__rosidl_typesupport_introspection_c.so" to ""
-- Installing: /home/mmitss/Documents/cda-mmitss/other/install/carma_localization_msgs/lib/libcarma_localization_msgs__rosidl_typesupport_c.so
-- Set runtime path of "/home/mmitss/Documents/cda-mmitss/other/install/carma_localization_msgs/lib/libcarma_localization_msgs__rosidl_typesupport_c.so" to ""
-- Up-to-date: /home/mmitss/Documents/cda-mmitss/other/install/carma_localization_msgs/include/carma_localization_msgs
-- Up-to-date: /home/mmitss/Documents/cda-mmitss/other/install/carma_localization_msgs/include/carma_localization_msgs/msg
-- Installing: /home/mmitss/Documents/cda-mmitss/other/install/carma_localization_msgs/include/carma_localization_msgs/msg/rosidl_generator_cpp__visibility_control.hpp
-- Up-to-date: /home/mmitss/Documents/cda-mmitss/other/install/carma_localization_msgs/include/carma_localization_msgs/msg/detail
-- Installing: /home/mmitss/Documents/cda-mmitss/other/install/carma_localization_msgs/include/carma_localization_msgs/msg/detail/localization_status_report__traits.hpp
-- Installing: /home/mmitss/Documents/cda-mmitss/other/install/carma_localization_msgs/include/carma_localization_msgs/msg/detail/localization_status_report__builder.hpp
-- Installing: /home/mmitss/Documents/cda-mmitss/other/install/carma_localization_msgs/include/carma_localization_msgs/msg/detail/localization_status_report__type_support.hpp
-- Installing: /home/mmitss/Documents/cda-mmitss/other/install/carma_localization_msgs/include/carma_localization_msgs/msg/detail/localization_status_report__struct.hpp
-- Installing: /home/mmitss/Documents/cda-mmitss/other/install/carma_localization_msgs/include/carma_localization_msgs/msg/localization_status_report.hpp
-- Up-to-date: /home/mmitss/Documents/cda-mmitss/other/install/carma_localization_msgs/include/carma_localization_msgs
-- Up-to-date: /home/mmitss/Documents/cda-mmitss/other/install/carma_localization_msgs/include/carma_localization_msgs/msg
-- Up-to-date: /home/mmitss/Documents/cda-mmitss/other/install/carma_localization_msgs/include/carma_localization_msgs/msg/detail
-- Installing: /home/mmitss/Documents/cda-mmitss/other/install/carma_localization_msgs/include/carma_localization_msgs/msg/detail/localization_status_report__rosidl_typesupport_introspection_cpp.hpp
-- Installing: /home/mmitss/Documents/cda-mmitss/other/install/carma_localization_msgs/include/carma_localization_msgs/msg/detail/localization_status_report__type_support.cpp
-- Installing: /home/mmitss/Documents/cda-mmitss/other/install/carma_localization_msgs/lib/libcarma_localization_msgs__rosidl_typesupport_introspection_cpp.so
-- Set runtime path of "/home/mmitss/Documents/cda-mmitss/other/install/carma_localization_msgs/lib/libcarma_localization_msgs__rosidl_typesupport_introspection_cpp.so" to ""
-- Installing: /home/mmitss/Documents/cda-mmitss/other/install/carma_localization_msgs/lib/libcarma_localization_msgs__rosidl_typesupport_cpp.so
-- Set runtime path of "/home/mmitss/Documents/cda-mmitss/other/install/carma_localization_msgs/lib/libcarma_localization_msgs__rosidl_typesupport_cpp.so" to ""
-- Installing: /home/mmitss/Documents/cda-mmitss/other/install/carma_localization_msgs/share/carma_localization_msgs/environment/pythonpath.sh
-- Installing: /home/mmitss/Documents/cda-mmitss/other/install/carma_localization_msgs/share/carma_localization_msgs/environment/pythonpath.dsv
-- Installing: /home/mmitss/Documents/cda-mmitss/other/install/carma_localization_msgs/lib/python3.8/site-packages/carma_localization_msgs/__init__.py
Compiling '/home/mmitss/Documents/cda-mmitss/other/install/carma_localization_msgs/lib/python3.8/site-packages/carma_localization_msgs/__init__.py'...
-- Installing: /home/mmitss/Documents/cda-mmitss/other/install/carma_localization_msgs/lib/python3.8/site-packages/carma_localization_msgs/msg
-- Installing: /home/mmitss/Documents/cda-mmitss/other/install/carma_localization_msgs/lib/python3.8/site-packages/carma_localization_msgs/msg/_localization_status_report_s.c
-- Installing: /home/mmitss/Documents/cda-mmitss/other/install/carma_localization_msgs/lib/python3.8/site-packages/carma_localization_msgs/msg/_localization_status_report.py
-- Installing: /home/mmitss/Documents/cda-mmitss/other/install/carma_localization_msgs/lib/python3.8/site-packages/carma_localization_msgs/msg/__init__.py
-- Installing: /home/mmitss/Documents/cda-mmitss/other/install/carma_localization_msgs/lib/python3.8/site-packages/carma_localization_msgs/carma_localization_msgs_s__rosidl_typesupport_fastrtps_c.cpython-38-x86_64-linux-gnu.so
-- Set runtime path of "/home/mmitss/Documents/cda-mmitss/other/install/carma_localization_msgs/lib/python3.8/site-packages/carma_localization_msgs/carma_localization_msgs_s__rosidl_typesupport_fastrtps_c.cpython-38-x86_64-linux-gnu.so" to ""
-- Installing: /home/mmitss/Documents/cda-mmitss/other/install/carma_localization_msgs/lib/python3.8/site-packages/carma_localization_msgs/carma_localization_msgs_s__rosidl_typesupport_introspection_c.cpython-38-x86_64-linux-gnu.so
-- Set runtime path of "/home/mmitss/Documents/cda-mmitss/other/install/carma_localization_msgs/lib/python3.8/site-packages/carma_localization_msgs/carma_localization_msgs_s__rosidl_typesupport_introspection_c.cpython-38-x86_64-linux-gnu.so" to ""
-- Installing: /home/mmitss/Documents/cda-mmitss/other/install/carma_localization_msgs/lib/python3.8/site-packages/carma_localization_msgs/carma_localization_msgs_s__rosidl_typesupport_c.cpython-38-x86_64-linux-gnu.so
-- Set runtime path of "/home/mmitss/Documents/cda-mmitss/other/install/carma_localization_msgs/lib/python3.8/site-packages/carma_localization_msgs/carma_localization_msgs_s__rosidl_typesupport_c.cpython-38-x86_64-linux-gnu.so" to ""
-- Installing: /home/mmitss/Documents/cda-mmitss/other/install/carma_localization_msgs/lib/libcarma_localization_msgs__python.so
-- Set runtime path of "/home/mmitss/Documents/cda-mmitss/other/install/carma_localization_msgs/lib/libcarma_localization_msgs__python.so" to ""
-- Installing: /home/mmitss/Documents/cda-mmitss/other/install/carma_localization_msgs/share/carma_localization_msgs/msg/LocalizationStatusReport.idl
-- Installing: /home/mmitss/Documents/cda-mmitss/other/install/carma_localization_msgs/share/carma_localization_msgs/msg/LocalizationStatusReport.msg
-- Installing: /home/mmitss/Documents/cda-mmitss/other/install/carma_localization_msgs/share/ament_index/resource_index/package_run_dependencies/carma_localization_msgs
-- Installing: /home/mmitss/Documents/cda-mmitss/other/install/carma_localization_msgs/share/ament_index/resource_index/parent_prefix_path/carma_localization_msgs
-- Installing: /home/mmitss/Documents/cda-mmitss/other/install/carma_localization_msgs/share/carma_localization_msgs/environment/ament_prefix_path.sh
-- Installing: /home/mmitss/Documents/cda-mmitss/other/install/carma_localization_msgs/share/carma_localization_msgs/environment/ament_prefix_path.dsv
-- Installing: /home/mmitss/Documents/cda-mmitss/other/install/carma_localization_msgs/share/carma_localization_msgs/environment/path.sh
-- Installing: /home/mmitss/Documents/cda-mmitss/other/install/carma_localization_msgs/share/carma_localization_msgs/environment/path.dsv
-- Installing: /home/mmitss/Documents/cda-mmitss/other/install/carma_localization_msgs/share/carma_localization_msgs/local_setup.bash
-- Installing: /home/mmitss/Documents/cda-mmitss/other/install/carma_localization_msgs/share/carma_localization_msgs/local_setup.sh
-- Installing: /home/mmitss/Documents/cda-mmitss/other/install/carma_localization_msgs/share/carma_localization_msgs/local_setup.zsh
-- Installing: /home/mmitss/Documents/cda-mmitss/other/install/carma_localization_msgs/share/carma_localization_msgs/local_setup.dsv
-- Installing: /home/mmitss/Documents/cda-mmitss/other/install/carma_localization_msgs/share/carma_localization_msgs/package.dsv
-- Installing: /home/mmitss/Documents/cda-mmitss/other/install/carma_localization_msgs/share/ament_index/resource_index/packages/carma_localization_msgs
-- Installing: /home/mmitss/Documents/cda-mmitss/other/install/carma_localization_msgs/share/carma_localization_msgs/cmake/carma_localization_msgs__rosidl_generator_cExport.cmake
-- Installing: /home/mmitss/Documents/cda-mmitss/other/install/carma_localization_msgs/share/carma_localization_msgs/cmake/carma_localization_msgs__rosidl_generator_cExport-release.cmake
-- Installing: /home/mmitss/Documents/cda-mmitss/other/install/carma_localization_msgs/share/carma_localization_msgs/cmake/carma_localization_msgs__rosidl_typesupport_introspection_cExport.cmake
-- Installing: /home/mmitss/Documents/cda-mmitss/other/install/carma_localization_msgs/share/carma_localization_msgs/cmake/carma_localization_msgs__rosidl_typesupport_introspection_cExport-release.cmake
-- Installing: /home/mmitss/Documents/cda-mmitss/other/install/carma_localization_msgs/share/carma_localization_msgs/cmake/carma_localization_msgs__rosidl_typesupport_cExport.cmake
-- Installing: /home/mmitss/Documents/cda-mmitss/other/install/carma_localization_msgs/share/carma_localization_msgs/cmake/carma_localization_msgs__rosidl_typesupport_cExport-release.cmake
-- Installing: /home/mmitss/Documents/cda-mmitss/other/install/carma_localization_msgs/share/carma_localization_msgs/cmake/carma_localization_msgs__rosidl_generator_cppExport.cmake
-- Installing: /home/mmitss/Documents/cda-mmitss/other/install/carma_localization_msgs/share/carma_localization_msgs/cmake/carma_localization_msgs__rosidl_typesupport_introspection_cppExport.cmake
-- Installing: /home/mmitss/Documents/cda-mmitss/other/install/carma_localization_msgs/share/carma_localization_msgs/cmake/carma_localization_msgs__rosidl_typesupport_introspection_cppExport-release.cmake
-- Installing: /home/mmitss/Documents/cda-mmitss/other/install/carma_localization_msgs/share/carma_localization_msgs/cmake/carma_localization_msgs__rosidl_typesupport_cppExport.cmake
-- Installing: /home/mmitss/Documents/cda-mmitss/other/install/carma_localization_msgs/share/carma_localization_msgs/cmake/carma_localization_msgs__rosidl_typesupport_cppExport-release.cmake
-- Installing: /home/mmitss/Documents/cda-mmitss/other/install/carma_localization_msgs/share/carma_localization_msgs/cmake/rosidl_cmake-extras.cmake
-- Installing: /home/mmitss/Documents/cda-mmitss/other/install/carma_localization_msgs/share/carma_localization_msgs/cmake/ament_cmake_export_dependencies-extras.cmake
-- Installing: /home/mmitss/Documents/cda-mmitss/other/install/carma_localization_msgs/share/carma_localization_msgs/cmake/ament_cmake_export_libraries-extras.cmake
-- Installing: /home/mmitss/Documents/cda-mmitss/other/install/carma_localization_msgs/share/carma_localization_msgs/cmake/ament_cmake_export_targets-extras.cmake
-- Installing: /home/mmitss/Documents/cda-mmitss/other/install/carma_localization_msgs/share/carma_localization_msgs/cmake/ament_cmake_export_include_directories-extras.cmake
-- Installing: /home/mmitss/Documents/cda-mmitss/other/install/carma_localization_msgs/share/carma_localization_msgs/cmake/rosidl_cmake_export_typesupport_libraries-extras.cmake
-- Installing: /home/mmitss/Documents/cda-mmitss/other/install/carma_localization_msgs/share/carma_localization_msgs/cmake/rosidl_cmake_export_typesupport_targets-extras.cmake
-- Installing: /home/mmitss/Documents/cda-mmitss/other/install/carma_localization_msgs/share/carma_localization_msgs/cmake/carma_localization_msgsConfig.cmake
-- Installing: /home/mmitss/Documents/cda-mmitss/other/install/carma_localization_msgs/share/carma_localization_msgs/cmake/carma_localization_msgsConfig-version.cmake
-- Installing: /home/mmitss/Documents/cda-mmitss/other/install/carma_localization_msgs/share/carma_localization_msgs/package.xml
-- Installing: /home/mmitss/Documents/cda-mmitss/other/install/carma_localization_msgs/share/carma_localization_msgs/rule.yml
