[0.035s] Invoking command in '/home/mmitss/Documents/cda-mmitss/other/build/carma_localization_msgs': AMENT_PREFIX_PATH=/home/mmitss/Documents/cda-mmitss/other/install/carma_cmake_common:${AMENT_PREFIX_PATH} CMAKE_PREFIX_PATH=/home/mmitss/Documents/cda-mmitss/other/install/carma_cmake_common:/opt/ros/foxy CONDA_PROMPT_MODIFIER=(base) /usr/bin/cmake /home/mmitss/Documents/cda-mmitss/other/carma-msgs/carma_localization_msgs -DCMAKE_INSTALL_PREFIX=/home/mmitss/Documents/cda-mmitss/other/install/carma_localization_msgs
[0.121s] -- The C compiler identification is GNU 9.4.0
[0.217s] -- The CXX compiler identification is GNU 9.4.0
[0.225s] -- Check for working C compiler: /usr/bin/cc
[0.325s] -- Check for working C compiler: /usr/bin/cc -- works
[0.326s] -- Detecting C compiler ABI info
[0.426s] -- Detecting C compiler ABI info - done
[0.446s] -- Detecting C compile features
[0.446s] -- Detecting C compile features - done
[0.451s] -- Check for working CXX compiler: /usr/bin/c++
[0.561s] -- Check for working CXX compiler: /usr/bin/c++ -- works
[0.562s] -- Detecting CXX compiler ABI info
[0.680s] -- Detecting CXX compiler ABI info - done
[0.702s] -- Detecting CXX compile features
[0.702s] -- Detecting CXX compile features - done
[0.702s] -- Found carma_cmake_common: 0.1.0 (/home/mmitss/Documents/cda-mmitss/other/install/carma_cmake_common/share/carma_cmake_common/cmake)
[0.703s] -- Found ros_environment: 2.5.1 (/opt/ros/foxy/share/ros_environment/cmake)
[0.703s] -- Setting build type to Release as none was specified.
[0.704s] -- Found rosidl_default_generators: 1.0.1 (/opt/ros/foxy/share/rosidl_default_generators/cmake)
[0.707s] -- Found ament_cmake_core: 0.9.12 (/opt/ros/foxy/share/ament_cmake_core/cmake)
[0.745s] -- Found PythonInterp: /home/mmitss/anaconda3/bin/python3 (found suitable version "3.8.8", minimum required is "3") 
[0.745s] -- Using PYTHON_EXECUTABLE: /home/mmitss/anaconda3/bin/python3
[1.094s] -- Using all available rosidl_typesupport_c: rosidl_typesupport_fastrtps_c;rosidl_typesupport_introspection_c
[1.105s] -- Found rosidl_adapter: 1.3.1 (/opt/ros/foxy/share/rosidl_adapter/cmake)
[1.274s] -- Found OpenSSL: /usr/lib/x86_64-linux-gnu/libcrypto.so (found version "1.1.1f")  
[1.307s] -- Found FastRTPS: /opt/ros/foxy/include  
[1.417s] -- Using all available rosidl_typesupport_cpp: rosidl_typesupport_fastrtps_cpp;rosidl_typesupport_introspection_cpp
[1.462s] -- Found std_msgs: 2.0.5 (/opt/ros/foxy/share/std_msgs/cmake)
[1.570s] -- Found PythonInterp: /home/mmitss/anaconda3/bin/python3 (found version "3.8.8") 
[1.810s] -- Found ament_cmake_ros: 0.9.2 (/opt/ros/foxy/share/ament_cmake_ros/cmake)
[2.079s] -- Using all available rosidl_typesupport_c: rosidl_typesupport_fastrtps_c;rosidl_typesupport_introspection_c
[2.191s] -- Using all available rosidl_typesupport_cpp: rosidl_typesupport_fastrtps_cpp;rosidl_typesupport_introspection_cpp
[2.233s] -- Found PythonInterp: /home/mmitss/anaconda3/bin/python3 (found suitable version "3.8.8", minimum required is "3.5") 
[2.235s] -- Found python_cmake_module: 0.8.1 (/opt/ros/foxy/share/python_cmake_module/cmake)
[2.272s] -- Found PythonLibs: /home/mmitss/anaconda3/lib/libpython3.8.so (found suitable version "3.8.8", minimum required is "3.5") 
[2.272s] -- Using PYTHON_EXECUTABLE: /home/mmitss/anaconda3/bin/python3
[2.272s] -- Using PYTHON_INCLUDE_DIRS: /home/mmitss/anaconda3/include/python3.8
[2.272s] -- Using PYTHON_LIBRARIES: /home/mmitss/anaconda3/lib/libpython3.8.so
[2.308s] -- Found PythonExtra: .so  
[3.052s] -- Using numpy include directory: /home/mmitss/anaconda3/lib/python3.8/site-packages/numpy/core/include
[3.090s] -- Configuring done
[3.114s] CMake Warning at /opt/ros/foxy/share/rosidl_generator_py/cmake/rosidl_generator_py_generate_interfaces.cmake:235 (add_library):
[3.114s]   Cannot generate a safe runtime search path for target
[3.114s]   carma_localization_msgs__rosidl_typesupport_fastrtps_c__pyext because files
[3.114s]   in some directories may conflict with libraries in implicit directories:
[3.114s] 
[3.114s]     runtime library [libssl.so.1.1] in /usr/lib/x86_64-linux-gnu may be hidden by files in:
[3.114s]       /home/mmitss/anaconda3/lib
[3.114s]     runtime library [libcrypto.so.1.1] in /usr/lib/x86_64-linux-gnu may be hidden by files in:
[3.115s]       /home/mmitss/anaconda3/lib
[3.115s] 
[3.115s]   Some of these libraries may not be found correctly.
[3.115s] Call Stack (most recent call first):
[3.115s]   /opt/ros/foxy/share/ament_cmake_core/cmake/core/ament_execute_extensions.cmake:48 (include)
[3.115s]   /opt/ros/foxy/share/rosidl_cmake/cmake/rosidl_generate_interfaces.cmake:286 (ament_execute_extensions)
[3.115s]   CMakeLists.txt:45 (rosidl_generate_interfaces)
[3.116s] 
[3.116s] 
[3.169s] -- Generating done
[3.173s] -- Build files have been written to: /home/mmitss/Documents/cda-mmitss/other/build/carma_localization_msgs
[3.191s] Invoked command in '/home/mmitss/Documents/cda-mmitss/other/build/carma_localization_msgs' returned '0': AMENT_PREFIX_PATH=/home/mmitss/Documents/cda-mmitss/other/install/carma_cmake_common:${AMENT_PREFIX_PATH} CMAKE_PREFIX_PATH=/home/mmitss/Documents/cda-mmitss/other/install/carma_cmake_common:/opt/ros/foxy CONDA_PROMPT_MODIFIER=(base) /usr/bin/cmake /home/mmitss/Documents/cda-mmitss/other/carma-msgs/carma_localization_msgs -DCMAKE_INSTALL_PREFIX=/home/mmitss/Documents/cda-mmitss/other/install/carma_localization_msgs
[3.193s] Invoking command in '/home/mmitss/Documents/cda-mmitss/other/build/carma_localization_msgs': AMENT_PREFIX_PATH=/home/mmitss/Documents/cda-mmitss/other/install/carma_cmake_common:${AMENT_PREFIX_PATH} CMAKE_PREFIX_PATH=/home/mmitss/Documents/cda-mmitss/other/install/carma_cmake_common:/opt/ros/foxy CONDA_PROMPT_MODIFIER=(base) /usr/bin/cmake --build /home/mmitss/Documents/cda-mmitss/other/build/carma_localization_msgs -- -j8 -l8
[3.339s] [35m[1mScanning dependencies of target carma_localization_msgs__cpp[0m
[3.352s] [  3%] [34m[1mGenerating C code for ROS interfaces[0m
[3.371s] [  6%] [34m[1mGenerating C++ code for ROS interfaces[0m
[4.098s] [35m[1mScanning dependencies of target carma_localization_msgs__rosidl_generator_c[0m
[4.100s] [  6%] Built target carma_localization_msgs__cpp
[4.130s] [  9%] [34m[1mGenerating C++ introspection for ROS interfaces[0m
[4.132s] [ 12%] [34m[1mGenerating C++ type support dispatch for ROS interfaces[0m
[4.153s] [ 16%] [34m[1mGenerating C++ type support for eProsima Fast-RTPS[0m
[4.190s] [ 19%] [32mBuilding C object CMakeFiles/carma_localization_msgs__rosidl_generator_c.dir/rosidl_generator_c/carma_localization_msgs/msg/detail/localization_status_report__functions.c.o[0m
[4.586s] [ 22%] [32m[1mLinking C shared library libcarma_localization_msgs__rosidl_generator_c.so[0m
[4.838s] [ 22%] Built target carma_localization_msgs__rosidl_generator_c
[4.912s] [ 25%] [34m[1mGenerating C type support dispatch for ROS interfaces[0m
[4.943s] [ 29%] [34m[1mGenerating C introspection for ROS interfaces[0m
[5.216s] [35m[1mScanning dependencies of target carma_localization_msgs__rosidl_typesupport_introspection_cpp[0m
[5.306s] [ 32%] [32mBuilding CXX object CMakeFiles/carma_localization_msgs__rosidl_typesupport_introspection_cpp.dir/rosidl_typesupport_introspection_cpp/carma_localization_msgs/msg/detail/localization_status_report__type_support.cpp.o[0m
[5.353s] [35m[1mScanning dependencies of target carma_localization_msgs__rosidl_typesupport_cpp[0m
[5.467s] [ 35%] [32mBuilding CXX object CMakeFiles/carma_localization_msgs__rosidl_typesupport_cpp.dir/rosidl_typesupport_cpp/carma_localization_msgs/msg/localization_status_report__type_support.cpp.o[0m
[5.570s] [35m[1mScanning dependencies of target carma_localization_msgs__rosidl_typesupport_fastrtps_cpp[0m
[5.676s] [ 38%] [32mBuilding CXX object CMakeFiles/carma_localization_msgs__rosidl_typesupport_fastrtps_cpp.dir/rosidl_typesupport_fastrtps_cpp/carma_localization_msgs/msg/detail/dds_fastrtps/localization_status_report__type_support.cpp.o[0m
[6.088s] [35m[1mScanning dependencies of target carma_localization_msgs__rosidl_typesupport_c[0m
[6.206s] [ 41%] [32mBuilding CXX object CMakeFiles/carma_localization_msgs__rosidl_typesupport_c.dir/rosidl_typesupport_c/carma_localization_msgs/msg/localization_status_report__type_support.cpp.o[0m
[6.265s] [35m[1mScanning dependencies of target carma_localization_msgs__rosidl_typesupport_introspection_c[0m
[6.381s] [ 45%] [32mBuilding C object CMakeFiles/carma_localization_msgs__rosidl_typesupport_introspection_c.dir/rosidl_typesupport_introspection_c/carma_localization_msgs/msg/detail/localization_status_report__type_support.c.o[0m
[6.417s] [ 48%] [32m[1mLinking CXX shared library libcarma_localization_msgs__rosidl_typesupport_c.so[0m
[6.602s] [ 51%] [32m[1mLinking C shared library libcarma_localization_msgs__rosidl_typesupport_introspection_c.so[0m
[6.684s] [ 54%] [32m[1mLinking CXX shared library libcarma_localization_msgs__rosidl_typesupport_cpp.so[0m
[6.722s] [ 54%] Built target carma_localization_msgs__rosidl_typesupport_c
[6.813s] [ 58%] [32m[1mLinking CXX shared library libcarma_localization_msgs__rosidl_typesupport_introspection_cpp.so[0m
[6.857s] [ 58%] Built target carma_localization_msgs__rosidl_typesupport_introspection_c
[6.899s] [ 58%] Built target carma_localization_msgs__rosidl_typesupport_cpp
[7.033s] [ 61%] [32m[1mLinking CXX shared library libcarma_localization_msgs__rosidl_typesupport_fastrtps_cpp.so[0m
[7.054s] [ 61%] Built target carma_localization_msgs__rosidl_typesupport_introspection_cpp
[7.283s] [ 61%] Built target carma_localization_msgs__rosidl_typesupport_fastrtps_cpp
[7.388s] [ 64%] [34m[1mGenerating C type support for eProsima Fast-RTPS[0m
[8.207s] [35m[1mScanning dependencies of target carma_localization_msgs__rosidl_typesupport_fastrtps_c[0m
[8.273s] [ 67%] [32mBuilding CXX object CMakeFiles/carma_localization_msgs__rosidl_typesupport_fastrtps_c.dir/rosidl_typesupport_fastrtps_c/carma_localization_msgs/msg/detail/localization_status_report__type_support_c.cpp.o[0m
[9.209s] [ 70%] [32m[1mLinking CXX shared library libcarma_localization_msgs__rosidl_typesupport_fastrtps_c.so[0m
[9.525s] [ 70%] Built target carma_localization_msgs__rosidl_typesupport_fastrtps_c
[9.619s] [35m[1mScanning dependencies of target carma_localization_msgs[0m
[9.733s] [ 70%] Built target carma_localization_msgs
[9.819s] [35m[1mScanning dependencies of target carma_localization_msgs__py[0m
[9.937s] [ 74%] [34m[1mGenerating Python code for ROS interfaces[0m
[12.159s] [ 74%] Built target carma_localization_msgs__py
[12.255s] [35m[1mScanning dependencies of target carma_localization_msgs__python[0m
[12.377s] [ 77%] [32mBuilding C object CMakeFiles/carma_localization_msgs__python.dir/rosidl_generator_py/carma_localization_msgs/msg/_localization_status_report_s.c.o[0m
[12.899s] [ 80%] [32m[1mLinking C shared library rosidl_generator_py/carma_localization_msgs/libcarma_localization_msgs__python.so[0m
[13.172s] [ 80%] Built target carma_localization_msgs__python
[13.268s] [35m[1mScanning dependencies of target carma_localization_msgs__rosidl_typesupport_c__pyext[0m
[13.277s] [35m[1mScanning dependencies of target carma_localization_msgs__rosidl_typesupport_fastrtps_c__pyext[0m
[13.309s] [35m[1mScanning dependencies of target carma_localization_msgs__rosidl_typesupport_introspection_c__pyext[0m
[13.399s] [ 83%] [32mBuilding C object CMakeFiles/carma_localization_msgs__rosidl_typesupport_c__pyext.dir/rosidl_generator_py/carma_localization_msgs/_carma_localization_msgs_s.ep.rosidl_typesupport_c.c.o[0m
[13.430s] [ 87%] [32mBuilding C object CMakeFiles/carma_localization_msgs__rosidl_typesupport_fastrtps_c__pyext.dir/rosidl_generator_py/carma_localization_msgs/_carma_localization_msgs_s.ep.rosidl_typesupport_fastrtps_c.c.o[0m
[13.444s] [ 90%] [32mBuilding C object CMakeFiles/carma_localization_msgs__rosidl_typesupport_introspection_c__pyext.dir/rosidl_generator_py/carma_localization_msgs/_carma_localization_msgs_s.ep.rosidl_typesupport_introspection_c.c.o[0m
[14.111s] [ 93%] [32m[1mLinking C shared library rosidl_generator_py/carma_localization_msgs/carma_localization_msgs_s__rosidl_typesupport_c.cpython-38-x86_64-linux-gnu.so[0m
[14.120s] [ 96%] [32m[1mLinking C shared library rosidl_generator_py/carma_localization_msgs/carma_localization_msgs_s__rosidl_typesupport_introspection_c.cpython-38-x86_64-linux-gnu.so[0m
[14.214s] [100%] [32m[1mLinking CXX shared library rosidl_generator_py/carma_localization_msgs/carma_localization_msgs_s__rosidl_typesupport_fastrtps_c.cpython-38-x86_64-linux-gnu.so[0m
[14.435s] [100%] Built target carma_localization_msgs__rosidl_typesupport_introspection_c__pyext
[14.446s] [100%] Built target carma_localization_msgs__rosidl_typesupport_c__pyext
[14.655s] [100%] Built target carma_localization_msgs__rosidl_typesupport_fastrtps_c__pyext
[14.734s] Invoked command in '/home/mmitss/Documents/cda-mmitss/other/build/carma_localization_msgs' returned '0': AMENT_PREFIX_PATH=/home/mmitss/Documents/cda-mmitss/other/install/carma_cmake_common:${AMENT_PREFIX_PATH} CMAKE_PREFIX_PATH=/home/mmitss/Documents/cda-mmitss/other/install/carma_cmake_common:/opt/ros/foxy CONDA_PROMPT_MODIFIER=(base) /usr/bin/cmake --build /home/mmitss/Documents/cda-mmitss/other/build/carma_localization_msgs -- -j8 -l8
[16.047s] Invoking command in '/home/mmitss/Documents/cda-mmitss/other/build/carma_localization_msgs': AMENT_PREFIX_PATH=/home/mmitss/Documents/cda-mmitss/other/install/carma_cmake_common:${AMENT_PREFIX_PATH} CMAKE_PREFIX_PATH=/home/mmitss/Documents/cda-mmitss/other/install/carma_cmake_common:/opt/ros/foxy CONDA_PROMPT_MODIFIER=(base) /usr/bin/cmake --install /home/mmitss/Documents/cda-mmitss/other/build/carma_localization_msgs
[16.108s] -- Install configuration: "Release"
[16.108s] -- Installing: /home/mmitss/Documents/cda-mmitss/other/install/carma_localization_msgs/share/ament_index/resource_index/rosidl_interfaces/carma_localization_msgs
[16.108s] -- Installing: /home/mmitss/Documents/cda-mmitss/other/install/carma_localization_msgs/include/carma_localization_msgs
[16.109s] -- Installing: /home/mmitss/Documents/cda-mmitss/other/install/carma_localization_msgs/include/carma_localization_msgs/msg
[16.109s] -- Installing: /home/mmitss/Documents/cda-mmitss/other/install/carma_localization_msgs/include/carma_localization_msgs/msg/localization_status_report.h
[16.109s] -- Installing: /home/mmitss/Documents/cda-mmitss/other/install/carma_localization_msgs/include/carma_localization_msgs/msg/rosidl_generator_c__visibility_control.h
[16.109s] -- Installing: /home/mmitss/Documents/cda-mmitss/other/install/carma_localization_msgs/include/carma_localization_msgs/msg/detail
[16.109s] -- Installing: /home/mmitss/Documents/cda-mmitss/other/install/carma_localization_msgs/include/carma_localization_msgs/msg/detail/localization_status_report__functions.h
[16.109s] -- Installing: /home/mmitss/Documents/cda-mmitss/other/install/carma_localization_msgs/include/carma_localization_msgs/msg/detail/localization_status_report__functions.c
[16.110s] -- Installing: /home/mmitss/Documents/cda-mmitss/other/install/carma_localization_msgs/include/carma_localization_msgs/msg/detail/localization_status_report__struct.h
[16.110s] -- Installing: /home/mmitss/Documents/cda-mmitss/other/install/carma_localization_msgs/include/carma_localization_msgs/msg/detail/localization_status_report__type_support.h
[16.110s] -- Installing: /home/mmitss/Documents/cda-mmitss/other/install/carma_localization_msgs/share/carma_localization_msgs/environment/library_path.sh
[16.110s] -- Installing: /home/mmitss/Documents/cda-mmitss/other/install/carma_localization_msgs/share/carma_localization_msgs/environment/library_path.dsv
[16.111s] -- Installing: /home/mmitss/Documents/cda-mmitss/other/install/carma_localization_msgs/lib/libcarma_localization_msgs__rosidl_generator_c.so
[16.111s] -- Set runtime path of "/home/mmitss/Documents/cda-mmitss/other/install/carma_localization_msgs/lib/libcarma_localization_msgs__rosidl_generator_c.so" to ""
[16.112s] -- Up-to-date: /home/mmitss/Documents/cda-mmitss/other/install/carma_localization_msgs/include/carma_localization_msgs
[16.112s] -- Up-to-date: /home/mmitss/Documents/cda-mmitss/other/install/carma_localization_msgs/include/carma_localization_msgs/msg
[16.112s] -- Installing: /home/mmitss/Documents/cda-mmitss/other/install/carma_localization_msgs/include/carma_localization_msgs/msg/rosidl_typesupport_fastrtps_c__visibility_control.h
[16.112s] -- Up-to-date: /home/mmitss/Documents/cda-mmitss/other/install/carma_localization_msgs/include/carma_localization_msgs/msg/detail
[16.112s] -- Installing: /home/mmitss/Documents/cda-mmitss/other/install/carma_localization_msgs/include/carma_localization_msgs/msg/detail/localization_status_report__rosidl_typesupport_fastrtps_c.h
[16.112s] -- Installing: /home/mmitss/Documents/cda-mmitss/other/install/carma_localization_msgs/lib/libcarma_localization_msgs__rosidl_typesupport_fastrtps_c.so
[16.113s] -- Set runtime path of "/home/mmitss/Documents/cda-mmitss/other/install/carma_localization_msgs/lib/libcarma_localization_msgs__rosidl_typesupport_fastrtps_c.so" to ""
[16.113s] -- Up-to-date: /home/mmitss/Documents/cda-mmitss/other/install/carma_localization_msgs/include/carma_localization_msgs
[16.113s] -- Up-to-date: /home/mmitss/Documents/cda-mmitss/other/install/carma_localization_msgs/include/carma_localization_msgs/msg
[16.113s] -- Installing: /home/mmitss/Documents/cda-mmitss/other/install/carma_localization_msgs/include/carma_localization_msgs/msg/rosidl_typesupport_fastrtps_cpp__visibility_control.h
[16.114s] -- Up-to-date: /home/mmitss/Documents/cda-mmitss/other/install/carma_localization_msgs/include/carma_localization_msgs/msg/detail
[16.114s] -- Installing: /home/mmitss/Documents/cda-mmitss/other/install/carma_localization_msgs/include/carma_localization_msgs/msg/detail/localization_status_report__rosidl_typesupport_fastrtps_cpp.hpp
[16.114s] -- Installing: /home/mmitss/Documents/cda-mmitss/other/install/carma_localization_msgs/include/carma_localization_msgs/msg/detail/dds_fastrtps
[16.114s] -- Installing: /home/mmitss/Documents/cda-mmitss/other/install/carma_localization_msgs/lib/libcarma_localization_msgs__rosidl_typesupport_fastrtps_cpp.so
[16.151s] -- Set runtime path of "/home/mmitss/Documents/cda-mmitss/other/install/carma_localization_msgs/lib/libcarma_localization_msgs__rosidl_typesupport_fastrtps_cpp.so" to ""
[16.151s] -- Up-to-date: /home/mmitss/Documents/cda-mmitss/other/install/carma_localization_msgs/include/carma_localization_msgs
[16.151s] -- Up-to-date: /home/mmitss/Documents/cda-mmitss/other/install/carma_localization_msgs/include/carma_localization_msgs/msg
[16.151s] -- Installing: /home/mmitss/Documents/cda-mmitss/other/install/carma_localization_msgs/include/carma_localization_msgs/msg/rosidl_typesupport_introspection_c__visibility_control.h
[16.152s] -- Up-to-date: /home/mmitss/Documents/cda-mmitss/other/install/carma_localization_msgs/include/carma_localization_msgs/msg/detail
[16.152s] -- Installing: /home/mmitss/Documents/cda-mmitss/other/install/carma_localization_msgs/include/carma_localization_msgs/msg/detail/localization_status_report__rosidl_typesupport_introspection_c.h
[16.152s] -- Installing: /home/mmitss/Documents/cda-mmitss/other/install/carma_localization_msgs/include/carma_localization_msgs/msg/detail/localization_status_report__type_support.c
[16.152s] -- Installing: /home/mmitss/Documents/cda-mmitss/other/install/carma_localization_msgs/lib/libcarma_localization_msgs__rosidl_typesupport_introspection_c.so
[16.152s] -- Set runtime path of "/home/mmitss/Documents/cda-mmitss/other/install/carma_localization_msgs/lib/libcarma_localization_msgs__rosidl_typesupport_introspection_c.so" to ""
[16.153s] -- Installing: /home/mmitss/Documents/cda-mmitss/other/install/carma_localization_msgs/lib/libcarma_localization_msgs__rosidl_typesupport_c.so
[16.153s] -- Set runtime path of "/home/mmitss/Documents/cda-mmitss/other/install/carma_localization_msgs/lib/libcarma_localization_msgs__rosidl_typesupport_c.so" to ""
[16.160s] -- Up-to-date: /home/mmitss/Documents/cda-mmitss/other/install/carma_localization_msgs/include/carma_localization_msgs
[16.167s] -- Up-to-date: /home/mmitss/Documents/cda-mmitss/other/install/carma_localization_msgs/include/carma_localization_msgs/msg
[16.167s] -- Installing: /home/mmitss/Documents/cda-mmitss/other/install/carma_localization_msgs/include/carma_localization_msgs/msg/rosidl_generator_cpp__visibility_control.hpp
[16.167s] -- Up-to-date: /home/mmitss/Documents/cda-mmitss/other/install/carma_localization_msgs/include/carma_localization_msgs/msg/detail
[16.167s] -- Installing: /home/mmitss/Documents/cda-mmitss/other/install/carma_localization_msgs/include/carma_localization_msgs/msg/detail/localization_status_report__traits.hpp
[16.168s] -- Installing: /home/mmitss/Documents/cda-mmitss/other/install/carma_localization_msgs/include/carma_localization_msgs/msg/detail/localization_status_report__builder.hpp
[16.169s] -- Installing: /home/mmitss/Documents/cda-mmitss/other/install/carma_localization_msgs/include/carma_localization_msgs/msg/detail/localization_status_report__type_support.hpp
[16.169s] -- Installing: /home/mmitss/Documents/cda-mmitss/other/install/carma_localization_msgs/include/carma_localization_msgs/msg/detail/localization_status_report__struct.hpp
[16.169s] -- Installing: /home/mmitss/Documents/cda-mmitss/other/install/carma_localization_msgs/include/carma_localization_msgs/msg/localization_status_report.hpp
[16.169s] -- Up-to-date: /home/mmitss/Documents/cda-mmitss/other/install/carma_localization_msgs/include/carma_localization_msgs
[16.169s] -- Up-to-date: /home/mmitss/Documents/cda-mmitss/other/install/carma_localization_msgs/include/carma_localization_msgs/msg
[16.169s] -- Up-to-date: /home/mmitss/Documents/cda-mmitss/other/install/carma_localization_msgs/include/carma_localization_msgs/msg/detail
[16.170s] -- Installing: /home/mmitss/Documents/cda-mmitss/other/install/carma_localization_msgs/include/carma_localization_msgs/msg/detail/localization_status_report__rosidl_typesupport_introspection_cpp.hpp
[16.170s] -- Installing: /home/mmitss/Documents/cda-mmitss/other/install/carma_localization_msgs/include/carma_localization_msgs/msg/detail/localization_status_report__type_support.cpp
[16.170s] -- Installing: /home/mmitss/Documents/cda-mmitss/other/install/carma_localization_msgs/lib/libcarma_localization_msgs__rosidl_typesupport_introspection_cpp.so
[16.171s] -- Set runtime path of "/home/mmitss/Documents/cda-mmitss/other/install/carma_localization_msgs/lib/libcarma_localization_msgs__rosidl_typesupport_introspection_cpp.so" to ""
[16.171s] -- Installing: /home/mmitss/Documents/cda-mmitss/other/install/carma_localization_msgs/lib/libcarma_localization_msgs__rosidl_typesupport_cpp.so
[16.180s] -- Set runtime path of "/home/mmitss/Documents/cda-mmitss/other/install/carma_localization_msgs/lib/libcarma_localization_msgs__rosidl_typesupport_cpp.so" to ""
[16.180s] -- Installing: /home/mmitss/Documents/cda-mmitss/other/install/carma_localization_msgs/share/carma_localization_msgs/environment/pythonpath.sh
[16.180s] -- Installing: /home/mmitss/Documents/cda-mmitss/other/install/carma_localization_msgs/share/carma_localization_msgs/environment/pythonpath.dsv
[16.181s] -- Installing: /home/mmitss/Documents/cda-mmitss/other/install/carma_localization_msgs/lib/python3.8/site-packages/carma_localization_msgs/__init__.py
[16.347s] Compiling '/home/mmitss/Documents/cda-mmitss/other/install/carma_localization_msgs/lib/python3.8/site-packages/carma_localization_msgs/__init__.py'...
[16.363s] -- Installing: /home/mmitss/Documents/cda-mmitss/other/install/carma_localization_msgs/lib/python3.8/site-packages/carma_localization_msgs/msg
[16.364s] -- Installing: /home/mmitss/Documents/cda-mmitss/other/install/carma_localization_msgs/lib/python3.8/site-packages/carma_localization_msgs/msg/_localization_status_report_s.c
[16.364s] -- Installing: /home/mmitss/Documents/cda-mmitss/other/install/carma_localization_msgs/lib/python3.8/site-packages/carma_localization_msgs/msg/_localization_status_report.py
[16.365s] -- Installing: /home/mmitss/Documents/cda-mmitss/other/install/carma_localization_msgs/lib/python3.8/site-packages/carma_localization_msgs/msg/__init__.py
[16.366s] -- Installing: /home/mmitss/Documents/cda-mmitss/other/install/carma_localization_msgs/lib/python3.8/site-packages/carma_localization_msgs/carma_localization_msgs_s__rosidl_typesupport_fastrtps_c.cpython-38-x86_64-linux-gnu.so
[16.368s] -- Set runtime path of "/home/mmitss/Documents/cda-mmitss/other/install/carma_localization_msgs/lib/python3.8/site-packages/carma_localization_msgs/carma_localization_msgs_s__rosidl_typesupport_fastrtps_c.cpython-38-x86_64-linux-gnu.so" to ""
[16.369s] -- Installing: /home/mmitss/Documents/cda-mmitss/other/install/carma_localization_msgs/lib/python3.8/site-packages/carma_localization_msgs/carma_localization_msgs_s__rosidl_typesupport_introspection_c.cpython-38-x86_64-linux-gnu.so
[16.370s] -- Set runtime path of "/home/mmitss/Documents/cda-mmitss/other/install/carma_localization_msgs/lib/python3.8/site-packages/carma_localization_msgs/carma_localization_msgs_s__rosidl_typesupport_introspection_c.cpython-38-x86_64-linux-gnu.so" to ""
[16.370s] -- Installing: /home/mmitss/Documents/cda-mmitss/other/install/carma_localization_msgs/lib/python3.8/site-packages/carma_localization_msgs/carma_localization_msgs_s__rosidl_typesupport_c.cpython-38-x86_64-linux-gnu.so
[16.372s] -- Set runtime path of "/home/mmitss/Documents/cda-mmitss/other/install/carma_localization_msgs/lib/python3.8/site-packages/carma_localization_msgs/carma_localization_msgs_s__rosidl_typesupport_c.cpython-38-x86_64-linux-gnu.so" to ""
[16.372s] -- Installing: /home/mmitss/Documents/cda-mmitss/other/install/carma_localization_msgs/lib/libcarma_localization_msgs__python.so
[16.373s] -- Set runtime path of "/home/mmitss/Documents/cda-mmitss/other/install/carma_localization_msgs/lib/libcarma_localization_msgs__python.so" to ""
[16.374s] -- Installing: /home/mmitss/Documents/cda-mmitss/other/install/carma_localization_msgs/share/carma_localization_msgs/msg/LocalizationStatusReport.idl
[16.374s] -- Installing: /home/mmitss/Documents/cda-mmitss/other/install/carma_localization_msgs/share/carma_localization_msgs/msg/LocalizationStatusReport.msg
[16.375s] -- Installing: /home/mmitss/Documents/cda-mmitss/other/install/carma_localization_msgs/share/ament_index/resource_index/package_run_dependencies/carma_localization_msgs
[16.376s] -- Installing: /home/mmitss/Documents/cda-mmitss/other/install/carma_localization_msgs/share/ament_index/resource_index/parent_prefix_path/carma_localization_msgs
[16.377s] -- Installing: /home/mmitss/Documents/cda-mmitss/other/install/carma_localization_msgs/share/carma_localization_msgs/environment/ament_prefix_path.sh
[16.378s] -- Installing: /home/mmitss/Documents/cda-mmitss/other/install/carma_localization_msgs/share/carma_localization_msgs/environment/ament_prefix_path.dsv
[16.378s] -- Installing: /home/mmitss/Documents/cda-mmitss/other/install/carma_localization_msgs/share/carma_localization_msgs/environment/path.sh
[16.379s] -- Installing: /home/mmitss/Documents/cda-mmitss/other/install/carma_localization_msgs/share/carma_localization_msgs/environment/path.dsv
[16.379s] -- Installing: /home/mmitss/Documents/cda-mmitss/other/install/carma_localization_msgs/share/carma_localization_msgs/local_setup.bash
[16.380s] -- Installing: /home/mmitss/Documents/cda-mmitss/other/install/carma_localization_msgs/share/carma_localization_msgs/local_setup.sh
[16.380s] -- Installing: /home/mmitss/Documents/cda-mmitss/other/install/carma_localization_msgs/share/carma_localization_msgs/local_setup.zsh
[16.381s] -- Installing: /home/mmitss/Documents/cda-mmitss/other/install/carma_localization_msgs/share/carma_localization_msgs/local_setup.dsv
[16.381s] -- Installing: /home/mmitss/Documents/cda-mmitss/other/install/carma_localization_msgs/share/carma_localization_msgs/package.dsv
[16.382s] -- Installing: /home/mmitss/Documents/cda-mmitss/other/install/carma_localization_msgs/share/ament_index/resource_index/packages/carma_localization_msgs
[16.382s] -- Installing: /home/mmitss/Documents/cda-mmitss/other/install/carma_localization_msgs/share/carma_localization_msgs/cmake/carma_localization_msgs__rosidl_generator_cExport.cmake
[16.383s] -- Installing: /home/mmitss/Documents/cda-mmitss/other/install/carma_localization_msgs/share/carma_localization_msgs/cmake/carma_localization_msgs__rosidl_generator_cExport-release.cmake
[16.384s] -- Installing: /home/mmitss/Documents/cda-mmitss/other/install/carma_localization_msgs/share/carma_localization_msgs/cmake/carma_localization_msgs__rosidl_typesupport_introspection_cExport.cmake
[16.384s] -- Installing: /home/mmitss/Documents/cda-mmitss/other/install/carma_localization_msgs/share/carma_localization_msgs/cmake/carma_localization_msgs__rosidl_typesupport_introspection_cExport-release.cmake
[16.385s] -- Installing: /home/mmitss/Documents/cda-mmitss/other/install/carma_localization_msgs/share/carma_localization_msgs/cmake/carma_localization_msgs__rosidl_typesupport_cExport.cmake
[16.389s] -- Installing: /home/mmitss/Documents/cda-mmitss/other/install/carma_localization_msgs/share/carma_localization_msgs/cmake/carma_localization_msgs__rosidl_typesupport_cExport-release.cmake
[16.390s] -- Installing: /home/mmitss/Documents/cda-mmitss/other/install/carma_localization_msgs/share/carma_localization_msgs/cmake/carma_localization_msgs__rosidl_generator_cppExport.cmake
[16.390s] -- Installing: /home/mmitss/Documents/cda-mmitss/other/install/carma_localization_msgs/share/carma_localization_msgs/cmake/carma_localization_msgs__rosidl_typesupport_introspection_cppExport.cmake
[16.391s] -- Installing: /home/mmitss/Documents/cda-mmitss/other/install/carma_localization_msgs/share/carma_localization_msgs/cmake/carma_localization_msgs__rosidl_typesupport_introspection_cppExport-release.cmake
[16.391s] -- Installing: /home/mmitss/Documents/cda-mmitss/other/install/carma_localization_msgs/share/carma_localization_msgs/cmake/carma_localization_msgs__rosidl_typesupport_cppExport.cmake
[16.393s] -- Installing: /home/mmitss/Documents/cda-mmitss/other/install/carma_localization_msgs/share/carma_localization_msgs/cmake/carma_localization_msgs__rosidl_typesupport_cppExport-release.cmake
[16.393s] -- Installing: /home/mmitss/Documents/cda-mmitss/other/install/carma_localization_msgs/share/carma_localization_msgs/cmake/rosidl_cmake-extras.cmake
[16.394s] -- Installing: /home/mmitss/Documents/cda-mmitss/other/install/carma_localization_msgs/share/carma_localization_msgs/cmake/ament_cmake_export_dependencies-extras.cmake
[16.394s] -- Installing: /home/mmitss/Documents/cda-mmitss/other/install/carma_localization_msgs/share/carma_localization_msgs/cmake/ament_cmake_export_libraries-extras.cmake
[16.396s] -- Installing: /home/mmitss/Documents/cda-mmitss/other/install/carma_localization_msgs/share/carma_localization_msgs/cmake/ament_cmake_export_targets-extras.cmake
[16.396s] -- Installing: /home/mmitss/Documents/cda-mmitss/other/install/carma_localization_msgs/share/carma_localization_msgs/cmake/ament_cmake_export_include_directories-extras.cmake
[16.397s] -- Installing: /home/mmitss/Documents/cda-mmitss/other/install/carma_localization_msgs/share/carma_localization_msgs/cmake/rosidl_cmake_export_typesupport_libraries-extras.cmake
[16.407s] -- Installing: /home/mmitss/Documents/cda-mmitss/other/install/carma_localization_msgs/share/carma_localization_msgs/cmake/rosidl_cmake_export_typesupport_targets-extras.cmake
[16.407s] -- Installing: /home/mmitss/Documents/cda-mmitss/other/install/carma_localization_msgs/share/carma_localization_msgs/cmake/carma_localization_msgsConfig.cmake
[16.408s] -- Installing: /home/mmitss/Documents/cda-mmitss/other/install/carma_localization_msgs/share/carma_localization_msgs/cmake/carma_localization_msgsConfig-version.cmake
[16.408s] -- Installing: /home/mmitss/Documents/cda-mmitss/other/install/carma_localization_msgs/share/carma_localization_msgs/package.xml
[16.409s] -- Installing: /home/mmitss/Documents/cda-mmitss/other/install/carma_localization_msgs/share/carma_localization_msgs/rule.yml
[16.419s] Invoked command in '/home/mmitss/Documents/cda-mmitss/other/build/carma_localization_msgs' returned '0': AMENT_PREFIX_PATH=/home/mmitss/Documents/cda-mmitss/other/install/carma_cmake_common:${AMENT_PREFIX_PATH} CMAKE_PREFIX_PATH=/home/mmitss/Documents/cda-mmitss/other/install/carma_cmake_common:/opt/ros/foxy CONDA_PROMPT_MODIFIER=(base) /usr/bin/cmake --install /home/mmitss/Documents/cda-mmitss/other/build/carma_localization_msgs
