-- Install configuration: ""
-- Up-to-date: /home/mmitss/Documents/cda-mmitss/other/install/carma_cmake_common/share/ament_index/resource_index/package_run_dependencies/carma_cmake_common
-- Up-to-date: /home/mmitss/Documents/cda-mmitss/other/install/carma_cmake_common/share/ament_index/resource_index/parent_prefix_path/carma_cmake_common
-- Up-to-date: /home/mmitss/Documents/cda-mmitss/other/install/carma_cmake_common/share/carma_cmake_common/environment/ament_prefix_path.sh
-- Up-to-date: /home/mmitss/Documents/cda-mmitss/other/install/carma_cmake_common/share/carma_cmake_common/environment/ament_prefix_path.dsv
-- Up-to-date: /home/mmitss/Documents/cda-mmitss/other/install/carma_cmake_common/share/carma_cmake_common/environment/path.sh
-- Up-to-date: /home/mmitss/Documents/cda-mmitss/other/install/carma_cmake_common/share/carma_cmake_common/environment/path.dsv
-- Up-to-date: /home/mmitss/Documents/cda-mmitss/other/install/carma_cmake_common/share/carma_cmake_common/local_setup.bash
-- Up-to-date: /home/mmitss/Documents/cda-mmitss/other/install/carma_cmake_common/share/carma_cmake_common/local_setup.sh
-- Up-to-date: /home/mmitss/Documents/cda-mmitss/other/install/carma_cmake_common/share/carma_cmake_common/local_setup.zsh
-- Up-to-date: /home/mmitss/Documents/cda-mmitss/other/install/carma_cmake_common/share/carma_cmake_common/local_setup.dsv
-- Installing: /home/mmitss/Documents/cda-mmitss/other/install/carma_cmake_common/share/carma_cmake_common/package.dsv
-- Up-to-date: /home/mmitss/Documents/cda-mmitss/other/install/carma_cmake_common/share/ament_index/resource_index/packages/carma_cmake_common
-- Up-to-date: /home/mmitss/Documents/cda-mmitss/other/install/carma_cmake_common/share/carma_cmake_common/cmake/carma_check_ros_version.cmake
-- Up-to-date: /home/mmitss/Documents/cda-mmitss/other/install/carma_cmake_common/share/carma_cmake_common/cmake/carma_package.cmake
-- Up-to-date: /home/mmitss/Documents/cda-mmitss/other/install/carma_cmake_common/share/carma_cmake_common/cmake/carma_define_ament_library.cmake
-- Up-to-date: /home/mmitss/Documents/cda-mmitss/other/install/carma_cmake_common/share/carma_cmake_common/cmake/carma_define_ament_executable.cmake
-- Up-to-date: /home/mmitss/Documents/cda-mmitss/other/install/carma_cmake_common/share/carma_cmake_common/cmake/carma_cmake_commonConfig.cmake
-- Up-to-date: /home/mmitss/Documents/cda-mmitss/other/install/carma_cmake_common/share/carma_cmake_common/cmake/carma_cmake_commonConfig-version.cmake
-- Up-to-date: /home/mmitss/Documents/cda-mmitss/other/install/carma_cmake_common/share/carma_cmake_common/package.xml
-- Up-to-date: /home/mmitss/Documents/cda-mmitss/other/install/carma_cmake_common/share/carma_cmake_common/cmake
-- Up-to-date: /home/mmitss/Documents/cda-mmitss/other/install/carma_cmake_common/share/carma_cmake_common/cmake/carma_package.cmake
-- Up-to-date: /home/mmitss/Documents/cda-mmitss/other/install/carma_cmake_common/share/carma_cmake_common/cmake/carma_define_ament_library.cmake
-- Up-to-date: /home/mmitss/Documents/cda-mmitss/other/install/carma_cmake_common/share/carma_cmake_common/cmake/carma_check_ros_version.cmake
-- Up-to-date: /home/mmitss/Documents/cda-mmitss/other/install/carma_cmake_common/share/carma_cmake_common/cmake/carma_define_ament_executable.cmake
