[0.015s] Invoking command in '/home/mmitss/Documents/cda-mmitss/mmitss/src/common/MsgTransceiver/build/carma-ros2-decoder': CMAKE_PREFIX_PATH=${CMAKE_PREFIX_PATH}:/opt/ros/foxy CONDA_PROMPT_MODIFIER=(base) /usr/bin/cmake --build /home/mmitss/Documents/cda-mmitss/mmitss/src/common/MsgTransceiver/build/carma-ros2-decoder -- -j8 -l8
[0.043s] -- Found ament_cmake: 0.9.12 (/opt/ros/foxy/share/ament_cmake/cmake)
[0.067s] -- Using PYTHON_EXECUTABLE: /home/mmitss/anaconda3/bin/python3
[0.255s] -- Found ament_cmake_auto: 0.9.12 (/opt/ros/foxy/share/ament_cmake_auto/cmake)
[0.345s] -- Using all available rosidl_typesupport_c: rosidl_typesupport_fastrtps_c;rosidl_typesupport_introspection_c
[0.348s] -- Found rosidl_adapter: 1.3.1 (/opt/ros/foxy/share/rosidl_adapter/cmake)
[0.442s] -- Using all available rosidl_typesupport_cpp: rosidl_typesupport_fastrtps_cpp;rosidl_typesupport_introspection_cpp
[0.484s] -- Found rmw_implementation_cmake: 1.0.4 (/opt/ros/foxy/share/rmw_implementation_cmake/cmake)
[0.486s] -- Using RMW implementation 'rmw_fastrtps_cpp' as default
[0.723s] -- Found ament_lint_auto: 0.9.8 (/opt/ros/foxy/share/ament_lint_auto/cmake)
[0.732s] -- Added test 'copyright' to check source files copyright and LICENSE
[0.746s] -- Added test 'cppcheck' to perform static code analysis on C / C++ code
[0.747s] -- Configured cppcheck include dirs: /home/mmitss/Documents/cda-mmitss/mmitss/src/common/MsgTransceiver/CarmaDecoderRos2/../../../../include;/home/mmitss/Documents/cda-mmitss/mmitss/src/common/MsgTransceiver/CarmaDecoderRos2/../../../../include/common;/home/mmitss/Documents/cda-mmitss/mmitss/src/common/MsgTransceiver/CarmaDecoderRos2/../../../../include/libj2735;/home/mmitss/Documents/cda-mmitss/mmitss/src/common/MsgTransceiver/CarmaDecoderRos2/../../../../3rdparty/asn1j2735/include;/home/mmitss/Documents/cda-mmitss/mmitss/src/common/MsgTransceiver/CarmaDecoderRos2/../../../../3rdparty/glpk/include;/home/mmitss/Documents/cda-mmitss/mmitss/src/common/MsgTransceiver/CarmaDecoderRos2/../../../../3rdparty/mapengine/include;/home/mmitss/Documents/cda-mmitss/mmitss/src/common/MsgTransceiver/CarmaDecoderRos2/../../../../3rdparty/net-snmp;/home/mmitss/Documents/cda-mmitss/mmitss/src/common/MsgTransceiver/CarmaDecoderRos2/../../../../3rdparty/jsoncpp
[0.747s] -- Configured cppcheck exclude dirs and/or files: 
[0.760s] -- Added test 'cpplint' to check C / C++ code against the Google style
[0.760s] -- Configured cpplint exclude dirs and/or files: 
[0.762s] -- Added test 'flake8' to check Python code syntax and style conventions
[0.766s] -- Added test 'lint_cmake' to check CMake code style
[0.768s] -- Added test 'pep257' to check Python code against some of the style conventions in PEP 257
[0.781s] -- Added test 'uncrustify' to check C / C++ code style
[0.781s] -- Configured uncrustify additional arguments: 
[0.783s] -- Added test 'xmllint' to check XML markup files
[0.786s] -- Configuring done
[0.800s] -- Generating done
[0.802s] -- Build files have been written to: /home/mmitss/Documents/cda-mmitss/mmitss/src/common/MsgTransceiver/build/carma-ros2-decoder
[0.847s] [ 20%] [32m[1mLinking CXX executable M_CarmaMsgDecoder[0m
[1.132s] [100%] Built target M_CarmaMsgDecoder
[1.144s] Invoked command in '/home/mmitss/Documents/cda-mmitss/mmitss/src/common/MsgTransceiver/build/carma-ros2-decoder' returned '0': CMAKE_PREFIX_PATH=${CMAKE_PREFIX_PATH}:/opt/ros/foxy CONDA_PROMPT_MODIFIER=(base) /usr/bin/cmake --build /home/mmitss/Documents/cda-mmitss/mmitss/src/common/MsgTransceiver/build/carma-ros2-decoder -- -j8 -l8
[1.189s] Invoking command in '/home/mmitss/Documents/cda-mmitss/mmitss/src/common/MsgTransceiver/build/carma-ros2-decoder': CMAKE_PREFIX_PATH=${CMAKE_PREFIX_PATH}:/opt/ros/foxy CONDA_PROMPT_MODIFIER=(base) /usr/bin/cmake --install /home/mmitss/Documents/cda-mmitss/mmitss/src/common/MsgTransceiver/build/carma-ros2-decoder
[1.198s] -- Install configuration: ""
[1.198s] -- Installing: /home/mmitss/Documents/cda-mmitss/mmitss/src/common/MsgTransceiver/install/carma-ros2-decoder/bin/M_CarmaMsgDecoder
[1.200s] -- Set runtime path of "/home/mmitss/Documents/cda-mmitss/mmitss/src/common/MsgTransceiver/install/carma-ros2-decoder/bin/M_CarmaMsgDecoder" to ""
[1.200s] -- Installing: /home/mmitss/Documents/cda-mmitss/mmitss/src/common/MsgTransceiver/install/carma-ros2-decoder/share/ament_index/resource_index/package_run_dependencies/carma-ros2-decoder
[1.201s] -- Installing: /home/mmitss/Documents/cda-mmitss/mmitss/src/common/MsgTransceiver/install/carma-ros2-decoder/share/ament_index/resource_index/parent_prefix_path/carma-ros2-decoder
[1.201s] -- Installing: /home/mmitss/Documents/cda-mmitss/mmitss/src/common/MsgTransceiver/install/carma-ros2-decoder/share/carma-ros2-decoder/environment/ament_prefix_path.sh
[1.201s] -- Installing: /home/mmitss/Documents/cda-mmitss/mmitss/src/common/MsgTransceiver/install/carma-ros2-decoder/share/carma-ros2-decoder/environment/ament_prefix_path.dsv
[1.201s] -- Installing: /home/mmitss/Documents/cda-mmitss/mmitss/src/common/MsgTransceiver/install/carma-ros2-decoder/share/carma-ros2-decoder/environment/path.sh
[1.201s] -- Installing: /home/mmitss/Documents/cda-mmitss/mmitss/src/common/MsgTransceiver/install/carma-ros2-decoder/share/carma-ros2-decoder/environment/path.dsv
[1.201s] -- Installing: /home/mmitss/Documents/cda-mmitss/mmitss/src/common/MsgTransceiver/install/carma-ros2-decoder/share/carma-ros2-decoder/local_setup.bash
[1.202s] -- Installing: /home/mmitss/Documents/cda-mmitss/mmitss/src/common/MsgTransceiver/install/carma-ros2-decoder/share/carma-ros2-decoder/local_setup.sh
[1.202s] -- Installing: /home/mmitss/Documents/cda-mmitss/mmitss/src/common/MsgTransceiver/install/carma-ros2-decoder/share/carma-ros2-decoder/local_setup.zsh
[1.202s] -- Installing: /home/mmitss/Documents/cda-mmitss/mmitss/src/common/MsgTransceiver/install/carma-ros2-decoder/share/carma-ros2-decoder/local_setup.dsv
[1.202s] -- Installing: /home/mmitss/Documents/cda-mmitss/mmitss/src/common/MsgTransceiver/install/carma-ros2-decoder/share/carma-ros2-decoder/package.dsv
[1.202s] -- Installing: /home/mmitss/Documents/cda-mmitss/mmitss/src/common/MsgTransceiver/install/carma-ros2-decoder/share/ament_index/resource_index/packages/carma-ros2-decoder
[1.202s] -- Installing: /home/mmitss/Documents/cda-mmitss/mmitss/src/common/MsgTransceiver/install/carma-ros2-decoder/share/carma-ros2-decoder/cmake/carma-ros2-decoderConfig.cmake
[1.202s] -- Installing: /home/mmitss/Documents/cda-mmitss/mmitss/src/common/MsgTransceiver/install/carma-ros2-decoder/share/carma-ros2-decoder/cmake/carma-ros2-decoderConfig-version.cmake
[1.203s] -- Installing: /home/mmitss/Documents/cda-mmitss/mmitss/src/common/MsgTransceiver/install/carma-ros2-decoder/share/carma-ros2-decoder/package.xml
[1.204s] Invoked command in '/home/mmitss/Documents/cda-mmitss/mmitss/src/common/MsgTransceiver/build/carma-ros2-decoder' returned '0': CMAKE_PREFIX_PATH=${CMAKE_PREFIX_PATH}:/opt/ros/foxy CONDA_PROMPT_MODIFIER=(base) /usr/bin/cmake --install /home/mmitss/Documents/cda-mmitss/mmitss/src/common/MsgTransceiver/build/carma-ros2-decoder
