[0.012s] Invoking command in '/home/mmitss/Documents/cda-mmitss/mmitss/src/common/build/carma-ros2-decoder': CMAKE_PREFIX_PATH=/opt/ros/foxy CONDA_PROMPT_MODIFIER=(base) /usr/bin/cmake /home/mmitss/Documents/cda-mmitss/mmitss/src/common/MsgTransceiver/CarmaDecoderRos2 -DCMAKE_INSTALL_PREFIX=/home/mmitss/Documents/cda-mmitss/mmitss/src/common/install/carma-ros2-decoder
[0.068s] -- The C compiler identification is GNU 9.4.0
[0.115s] -- The CXX compiler identification is GNU 9.4.0
[0.119s] -- Check for working C compiler: /usr/bin/cc
[0.178s] -- Check for working C compiler: /usr/bin/cc -- works
[0.179s] -- Detecting C compiler ABI info
[0.238s] -- Detecting C compiler ABI info - done
[0.249s] -- Detecting C compile features
[0.249s] -- Detecting C compile features - done
[0.253s] -- Check for working CXX compiler: /usr/bin/c++
[0.321s] -- Check for working CXX compiler: /usr/bin/c++ -- works
[0.322s] -- Detecting CXX compiler ABI info
[0.388s] -- Detecting CXX compiler ABI info - done
[0.399s] -- Detecting CXX compile features
[0.399s] -- Detecting CXX compile features - done
[0.401s] -- Found ament_cmake: 0.9.12 (/opt/ros/foxy/share/ament_cmake/cmake)
[0.424s] -- Found PythonInterp: /home/mmitss/anaconda3/bin/python3 (found suitable version "3.8.8", minimum required is "3") 
[0.424s] -- Using PYTHON_EXECUTABLE: /home/mmitss/anaconda3/bin/python3
[0.629s] -- Found ament_cmake_auto: 0.9.12 (/opt/ros/foxy/share/ament_cmake_auto/cmake)
[0.727s] -- Using all available rosidl_typesupport_c: rosidl_typesupport_fastrtps_c;rosidl_typesupport_introspection_c
[0.733s] -- Found rosidl_adapter: 1.3.1 (/opt/ros/foxy/share/rosidl_adapter/cmake)
[0.803s] -- Found OpenSSL: /usr/lib/x86_64-linux-gnu/libcrypto.so (found version "1.1.1f")  
[0.821s] -- Found FastRTPS: /opt/ros/foxy/include  
[0.881s] -- Using all available rosidl_typesupport_cpp: rosidl_typesupport_fastrtps_cpp;rosidl_typesupport_introspection_cpp
[0.930s] -- Found rmw_implementation_cmake: 1.0.4 (/opt/ros/foxy/share/rmw_implementation_cmake/cmake)
[0.932s] -- Using RMW implementation 'rmw_fastrtps_cpp' as default
[0.933s] -- Looking for pthread.h
[0.997s] -- Looking for pthread.h - found
[0.997s] -- Performing Test CMAKE_HAVE_LIBC_PTHREAD
[1.060s] -- Performing Test CMAKE_HAVE_LIBC_PTHREAD - Failed
[1.060s] -- Looking for pthread_create in pthreads
[1.114s] -- Looking for pthread_create in pthreads - not found
[1.114s] -- Looking for pthread_create in pthread
[1.175s] -- Looking for pthread_create in pthread - found
[1.176s] -- Found Threads: TRUE  
[1.421s] CMake Error at CMakeLists.txt:27 (find_package):
[1.421s]   By not providing "Findcarma_driver_msgs.cmake" in CMAKE_MODULE_PATH this
[1.421s]   project has asked CMake to find a package configuration file provided by
[1.421s]   "carma_driver_msgs", but CMake did not find one.
[1.421s] 
[1.421s]   Could not find a package configuration file provided by "carma_driver_msgs"
[1.421s]   with any of the following names:
[1.421s] 
[1.421s]     carma_driver_msgsConfig.cmake
[1.421s]     carma_driver_msgs-config.cmake
[1.422s] 
[1.422s]   Add the installation prefix of "carma_driver_msgs" to CMAKE_PREFIX_PATH or
[1.422s]   set "carma_driver_msgs_DIR" to a directory containing one of the above
[1.422s]   files.  If "carma_driver_msgs" provides a separate development package or
[1.422s]   SDK, be sure it has been installed.
[1.422s] 
[1.422s] 
[1.422s] -- Configuring incomplete, errors occurred!
[1.422s] See also "/home/mmitss/Documents/cda-mmitss/mmitss/src/common/build/carma-ros2-decoder/CMakeFiles/CMakeOutput.log".
[1.423s] See also "/home/mmitss/Documents/cda-mmitss/mmitss/src/common/build/carma-ros2-decoder/CMakeFiles/CMakeError.log".
[1.429s] Invoked command in '/home/mmitss/Documents/cda-mmitss/mmitss/src/common/build/carma-ros2-decoder' returned '1': CMAKE_PREFIX_PATH=/opt/ros/foxy CONDA_PROMPT_MODIFIER=(base) /usr/bin/cmake /home/mmitss/Documents/cda-mmitss/mmitss/src/common/MsgTransceiver/CarmaDecoderRos2 -DCMAKE_INSTALL_PREFIX=/home/mmitss/Documents/cda-mmitss/mmitss/src/common/install/carma-ros2-decoder
