[  1%] Built target carma_msgs__cpp
[ 12%] Built target carma_msgs__rosidl_generator_c
[ 24%] Built target carma_msgs__rosidl_typesupport_c
[ 35%] Built target carma_msgs__rosidl_typesupport_fastrtps_cpp
[ 52%] Built target carma_msgs__rosidl_typesupport_cpp
[ 58%] Built target carma_msgs__rosidl_typesupport_introspection_cpp
[ 70%] Built target carma_msgs__rosidl_typesupport_introspection_c
[ 82%] Built target carma_msgs__rosidl_typesupport_fastrtps_c
[ 82%] Built target carma_msgs
[ 83%] Built target carma_msgs__py
[ 93%] Built target carma_msgs__python
[ 95%] Built target carma_msgs__rosidl_typesupport_c__pyext
[ 97%] Built target carma_msgs__rosidl_typesupport_introspection_c__pyext
[100%] Built target carma_msgs__rosidl_typesupport_fastrtps_c__pyext
-- Install configuration: "Release"
-- Up-to-date: /home/mmitss/Documents/cda-mmitss/other/install/carma_msgs/share/ament_index/resource_index/rosidl_interfaces/carma_msgs
-- Up-to-date: /home/mmitss/Documents/cda-mmitss/other/install/carma_msgs/include/carma_msgs
-- Up-to-date: /home/mmitss/Documents/cda-mmitss/other/install/carma_msgs/include/carma_msgs/srv
-- Up-to-date: /home/mmitss/Documents/cda-mmitss/other/install/carma_msgs/include/carma_msgs/srv/release_indicator_control.h
-- Up-to-date: /home/mmitss/Documents/cda-mmitss/other/install/carma_msgs/include/carma_msgs/srv/set_traffic_event.h
-- Up-to-date: /home/mmitss/Documents/cda-mmitss/other/install/carma_msgs/include/carma_msgs/srv/detail
-- Up-to-date: /home/mmitss/Documents/cda-mmitss/other/install/carma_msgs/include/carma_msgs/srv/detail/request_indicator_control__type_support.h
-- Up-to-date: /home/mmitss/Documents/cda-mmitss/other/install/carma_msgs/include/carma_msgs/srv/detail/set_traffic_event__functions.h
-- Up-to-date: /home/mmitss/Documents/cda-mmitss/other/install/carma_msgs/include/carma_msgs/srv/detail/release_indicator_control__type_support.h
-- Up-to-date: /home/mmitss/Documents/cda-mmitss/other/install/carma_msgs/include/carma_msgs/srv/detail/request_indicator_control__functions.c
-- Up-to-date: /home/mmitss/Documents/cda-mmitss/other/install/carma_msgs/include/carma_msgs/srv/detail/set_traffic_event__functions.c
-- Up-to-date: /home/mmitss/Documents/cda-mmitss/other/install/carma_msgs/include/carma_msgs/srv/detail/request_indicator_control__functions.h
-- Up-to-date: /home/mmitss/Documents/cda-mmitss/other/install/carma_msgs/include/carma_msgs/srv/detail/set_traffic_event__struct.h
-- Up-to-date: /home/mmitss/Documents/cda-mmitss/other/install/carma_msgs/include/carma_msgs/srv/detail/release_indicator_control__functions.c
-- Up-to-date: /home/mmitss/Documents/cda-mmitss/other/install/carma_msgs/include/carma_msgs/srv/detail/release_indicator_control__functions.h
-- Up-to-date: /home/mmitss/Documents/cda-mmitss/other/install/carma_msgs/include/carma_msgs/srv/detail/request_indicator_control__struct.h
-- Up-to-date: /home/mmitss/Documents/cda-mmitss/other/install/carma_msgs/include/carma_msgs/srv/detail/set_traffic_event__type_support.h
-- Up-to-date: /home/mmitss/Documents/cda-mmitss/other/install/carma_msgs/include/carma_msgs/srv/detail/release_indicator_control__struct.h
-- Up-to-date: /home/mmitss/Documents/cda-mmitss/other/install/carma_msgs/include/carma_msgs/srv/request_indicator_control.h
-- Up-to-date: /home/mmitss/Documents/cda-mmitss/other/install/carma_msgs/include/carma_msgs/msg
-- Up-to-date: /home/mmitss/Documents/cda-mmitss/other/install/carma_msgs/include/carma_msgs/msg/rosidl_generator_c__visibility_control.h
-- Up-to-date: /home/mmitss/Documents/cda-mmitss/other/install/carma_msgs/include/carma_msgs/msg/system_alert.h
-- Up-to-date: /home/mmitss/Documents/cda-mmitss/other/install/carma_msgs/include/carma_msgs/msg/ui_instructions.h
-- Up-to-date: /home/mmitss/Documents/cda-mmitss/other/install/carma_msgs/include/carma_msgs/msg/light_bar_cda_type.h
-- Up-to-date: /home/mmitss/Documents/cda-mmitss/other/install/carma_msgs/include/carma_msgs/msg/carla_enabled.h
-- Up-to-date: /home/mmitss/Documents/cda-mmitss/other/install/carma_msgs/include/carma_msgs/msg/light_bar_indicator_controllers.h
-- Up-to-date: /home/mmitss/Documents/cda-mmitss/other/install/carma_msgs/include/carma_msgs/msg/light_bar_indicator.h
-- Up-to-date: /home/mmitss/Documents/cda-mmitss/other/install/carma_msgs/include/carma_msgs/msg/detail
-- Up-to-date: /home/mmitss/Documents/cda-mmitss/other/install/carma_msgs/include/carma_msgs/msg/detail/carla_enabled__functions.c
-- Up-to-date: /home/mmitss/Documents/cda-mmitss/other/install/carma_msgs/include/carma_msgs/msg/detail/light_bar_indicator__struct.h
-- Up-to-date: /home/mmitss/Documents/cda-mmitss/other/install/carma_msgs/include/carma_msgs/msg/detail/light_bar_indicator_controllers__functions.h
-- Up-to-date: /home/mmitss/Documents/cda-mmitss/other/install/carma_msgs/include/carma_msgs/msg/detail/carla_enabled__type_support.h
-- Up-to-date: /home/mmitss/Documents/cda-mmitss/other/install/carma_msgs/include/carma_msgs/msg/detail/light_bar_cda_type__type_support.h
-- Up-to-date: /home/mmitss/Documents/cda-mmitss/other/install/carma_msgs/include/carma_msgs/msg/detail/light_bar_indicator_controllers__type_support.h
-- Up-to-date: /home/mmitss/Documents/cda-mmitss/other/install/carma_msgs/include/carma_msgs/msg/detail/ui_instructions__type_support.h
-- Up-to-date: /home/mmitss/Documents/cda-mmitss/other/install/carma_msgs/include/carma_msgs/msg/detail/light_bar_indicator_controllers__struct.h
-- Up-to-date: /home/mmitss/Documents/cda-mmitss/other/install/carma_msgs/include/carma_msgs/msg/detail/ui_instructions__struct.h
-- Up-to-date: /home/mmitss/Documents/cda-mmitss/other/install/carma_msgs/include/carma_msgs/msg/detail/ui_instructions__functions.h
-- Up-to-date: /home/mmitss/Documents/cda-mmitss/other/install/carma_msgs/include/carma_msgs/msg/detail/ui_instructions__functions.c
-- Up-to-date: /home/mmitss/Documents/cda-mmitss/other/install/carma_msgs/include/carma_msgs/msg/detail/light_bar_cda_type__functions.h
-- Up-to-date: /home/mmitss/Documents/cda-mmitss/other/install/carma_msgs/include/carma_msgs/msg/detail/system_alert__struct.h
-- Up-to-date: /home/mmitss/Documents/cda-mmitss/other/install/carma_msgs/include/carma_msgs/msg/detail/light_bar_cda_type__functions.c
-- Up-to-date: /home/mmitss/Documents/cda-mmitss/other/install/carma_msgs/include/carma_msgs/msg/detail/carla_enabled__struct.h
-- Up-to-date: /home/mmitss/Documents/cda-mmitss/other/install/carma_msgs/include/carma_msgs/msg/detail/light_bar_cda_type__struct.h
-- Up-to-date: /home/mmitss/Documents/cda-mmitss/other/install/carma_msgs/include/carma_msgs/msg/detail/system_alert__type_support.h
-- Up-to-date: /home/mmitss/Documents/cda-mmitss/other/install/carma_msgs/include/carma_msgs/msg/detail/light_bar_indicator__type_support.h
-- Up-to-date: /home/mmitss/Documents/cda-mmitss/other/install/carma_msgs/include/carma_msgs/msg/detail/system_alert__functions.h
-- Up-to-date: /home/mmitss/Documents/cda-mmitss/other/install/carma_msgs/include/carma_msgs/msg/detail/light_bar_indicator__functions.c
-- Up-to-date: /home/mmitss/Documents/cda-mmitss/other/install/carma_msgs/include/carma_msgs/msg/detail/carla_enabled__functions.h
-- Up-to-date: /home/mmitss/Documents/cda-mmitss/other/install/carma_msgs/include/carma_msgs/msg/detail/system_alert__functions.c
-- Up-to-date: /home/mmitss/Documents/cda-mmitss/other/install/carma_msgs/include/carma_msgs/msg/detail/light_bar_indicator_controllers__functions.c
-- Up-to-date: /home/mmitss/Documents/cda-mmitss/other/install/carma_msgs/include/carma_msgs/msg/detail/light_bar_indicator__functions.h
-- Up-to-date: /home/mmitss/Documents/cda-mmitss/other/install/carma_msgs/share/carma_msgs/environment/library_path.sh
-- Up-to-date: /home/mmitss/Documents/cda-mmitss/other/install/carma_msgs/share/carma_msgs/environment/library_path.dsv
-- Up-to-date: /home/mmitss/Documents/cda-mmitss/other/install/carma_msgs/lib/libcarma_msgs__rosidl_generator_c.so
-- Up-to-date: /home/mmitss/Documents/cda-mmitss/other/install/carma_msgs/include/carma_msgs
-- Up-to-date: /home/mmitss/Documents/cda-mmitss/other/install/carma_msgs/include/carma_msgs/srv
-- Up-to-date: /home/mmitss/Documents/cda-mmitss/other/install/carma_msgs/include/carma_msgs/srv/detail
-- Up-to-date: /home/mmitss/Documents/cda-mmitss/other/install/carma_msgs/include/carma_msgs/srv/detail/release_indicator_control__rosidl_typesupport_fastrtps_c.h
-- Up-to-date: /home/mmitss/Documents/cda-mmitss/other/install/carma_msgs/include/carma_msgs/srv/detail/set_traffic_event__rosidl_typesupport_fastrtps_c.h
-- Up-to-date: /home/mmitss/Documents/cda-mmitss/other/install/carma_msgs/include/carma_msgs/srv/detail/request_indicator_control__rosidl_typesupport_fastrtps_c.h
-- Up-to-date: /home/mmitss/Documents/cda-mmitss/other/install/carma_msgs/include/carma_msgs/msg
-- Up-to-date: /home/mmitss/Documents/cda-mmitss/other/install/carma_msgs/include/carma_msgs/msg/rosidl_typesupport_fastrtps_c__visibility_control.h
-- Up-to-date: /home/mmitss/Documents/cda-mmitss/other/install/carma_msgs/include/carma_msgs/msg/detail
-- Up-to-date: /home/mmitss/Documents/cda-mmitss/other/install/carma_msgs/include/carma_msgs/msg/detail/carla_enabled__rosidl_typesupport_fastrtps_c.h
-- Up-to-date: /home/mmitss/Documents/cda-mmitss/other/install/carma_msgs/include/carma_msgs/msg/detail/system_alert__rosidl_typesupport_fastrtps_c.h
-- Up-to-date: /home/mmitss/Documents/cda-mmitss/other/install/carma_msgs/include/carma_msgs/msg/detail/light_bar_indicator_controllers__rosidl_typesupport_fastrtps_c.h
-- Up-to-date: /home/mmitss/Documents/cda-mmitss/other/install/carma_msgs/include/carma_msgs/msg/detail/light_bar_cda_type__rosidl_typesupport_fastrtps_c.h
-- Up-to-date: /home/mmitss/Documents/cda-mmitss/other/install/carma_msgs/include/carma_msgs/msg/detail/ui_instructions__rosidl_typesupport_fastrtps_c.h
-- Up-to-date: /home/mmitss/Documents/cda-mmitss/other/install/carma_msgs/include/carma_msgs/msg/detail/light_bar_indicator__rosidl_typesupport_fastrtps_c.h
-- Up-to-date: /home/mmitss/Documents/cda-mmitss/other/install/carma_msgs/lib/libcarma_msgs__rosidl_typesupport_fastrtps_c.so
-- Up-to-date: /home/mmitss/Documents/cda-mmitss/other/install/carma_msgs/include/carma_msgs
-- Up-to-date: /home/mmitss/Documents/cda-mmitss/other/install/carma_msgs/include/carma_msgs/srv
-- Up-to-date: /home/mmitss/Documents/cda-mmitss/other/install/carma_msgs/include/carma_msgs/srv/detail
-- Up-to-date: /home/mmitss/Documents/cda-mmitss/other/install/carma_msgs/include/carma_msgs/srv/detail/release_indicator_control__rosidl_typesupport_fastrtps_cpp.hpp
-- Up-to-date: /home/mmitss/Documents/cda-mmitss/other/install/carma_msgs/include/carma_msgs/srv/detail/request_indicator_control__rosidl_typesupport_fastrtps_cpp.hpp
-- Up-to-date: /home/mmitss/Documents/cda-mmitss/other/install/carma_msgs/include/carma_msgs/srv/detail/set_traffic_event__rosidl_typesupport_fastrtps_cpp.hpp
-- Up-to-date: /home/mmitss/Documents/cda-mmitss/other/install/carma_msgs/include/carma_msgs/srv/detail/dds_fastrtps
-- Up-to-date: /home/mmitss/Documents/cda-mmitss/other/install/carma_msgs/include/carma_msgs/msg
-- Up-to-date: /home/mmitss/Documents/cda-mmitss/other/install/carma_msgs/include/carma_msgs/msg/rosidl_typesupport_fastrtps_cpp__visibility_control.h
-- Up-to-date: /home/mmitss/Documents/cda-mmitss/other/install/carma_msgs/include/carma_msgs/msg/detail
-- Up-to-date: /home/mmitss/Documents/cda-mmitss/other/install/carma_msgs/include/carma_msgs/msg/detail/light_bar_indicator__rosidl_typesupport_fastrtps_cpp.hpp
-- Up-to-date: /home/mmitss/Documents/cda-mmitss/other/install/carma_msgs/include/carma_msgs/msg/detail/light_bar_indicator_controllers__rosidl_typesupport_fastrtps_cpp.hpp
-- Up-to-date: /home/mmitss/Documents/cda-mmitss/other/install/carma_msgs/include/carma_msgs/msg/detail/light_bar_cda_type__rosidl_typesupport_fastrtps_cpp.hpp
-- Up-to-date: /home/mmitss/Documents/cda-mmitss/other/install/carma_msgs/include/carma_msgs/msg/detail/ui_instructions__rosidl_typesupport_fastrtps_cpp.hpp
-- Up-to-date: /home/mmitss/Documents/cda-mmitss/other/install/carma_msgs/include/carma_msgs/msg/detail/system_alert__rosidl_typesupport_fastrtps_cpp.hpp
-- Up-to-date: /home/mmitss/Documents/cda-mmitss/other/install/carma_msgs/include/carma_msgs/msg/detail/carla_enabled__rosidl_typesupport_fastrtps_cpp.hpp
-- Up-to-date: /home/mmitss/Documents/cda-mmitss/other/install/carma_msgs/include/carma_msgs/msg/detail/dds_fastrtps
-- Up-to-date: /home/mmitss/Documents/cda-mmitss/other/install/carma_msgs/lib/libcarma_msgs__rosidl_typesupport_fastrtps_cpp.so
-- Up-to-date: /home/mmitss/Documents/cda-mmitss/other/install/carma_msgs/include/carma_msgs
-- Up-to-date: /home/mmitss/Documents/cda-mmitss/other/install/carma_msgs/include/carma_msgs/srv
-- Up-to-date: /home/mmitss/Documents/cda-mmitss/other/install/carma_msgs/include/carma_msgs/srv/detail
-- Up-to-date: /home/mmitss/Documents/cda-mmitss/other/install/carma_msgs/include/carma_msgs/srv/detail/set_traffic_event__rosidl_typesupport_introspection_c.h
-- Up-to-date: /home/mmitss/Documents/cda-mmitss/other/install/carma_msgs/include/carma_msgs/srv/detail/set_traffic_event__type_support.c
-- Up-to-date: /home/mmitss/Documents/cda-mmitss/other/install/carma_msgs/include/carma_msgs/srv/detail/request_indicator_control__type_support.c
-- Up-to-date: /home/mmitss/Documents/cda-mmitss/other/install/carma_msgs/include/carma_msgs/srv/detail/request_indicator_control__rosidl_typesupport_introspection_c.h
-- Up-to-date: /home/mmitss/Documents/cda-mmitss/other/install/carma_msgs/include/carma_msgs/srv/detail/release_indicator_control__type_support.c
-- Up-to-date: /home/mmitss/Documents/cda-mmitss/other/install/carma_msgs/include/carma_msgs/srv/detail/release_indicator_control__rosidl_typesupport_introspection_c.h
-- Up-to-date: /home/mmitss/Documents/cda-mmitss/other/install/carma_msgs/include/carma_msgs/msg
-- Up-to-date: /home/mmitss/Documents/cda-mmitss/other/install/carma_msgs/include/carma_msgs/msg/rosidl_typesupport_introspection_c__visibility_control.h
-- Up-to-date: /home/mmitss/Documents/cda-mmitss/other/install/carma_msgs/include/carma_msgs/msg/detail
-- Up-to-date: /home/mmitss/Documents/cda-mmitss/other/install/carma_msgs/include/carma_msgs/msg/detail/carla_enabled__type_support.c
-- Up-to-date: /home/mmitss/Documents/cda-mmitss/other/install/carma_msgs/include/carma_msgs/msg/detail/ui_instructions__type_support.c
-- Up-to-date: /home/mmitss/Documents/cda-mmitss/other/install/carma_msgs/include/carma_msgs/msg/detail/light_bar_indicator_controllers__type_support.c
-- Up-to-date: /home/mmitss/Documents/cda-mmitss/other/install/carma_msgs/include/carma_msgs/msg/detail/ui_instructions__rosidl_typesupport_introspection_c.h
-- Up-to-date: /home/mmitss/Documents/cda-mmitss/other/install/carma_msgs/include/carma_msgs/msg/detail/system_alert__type_support.c
-- Up-to-date: /home/mmitss/Documents/cda-mmitss/other/install/carma_msgs/include/carma_msgs/msg/detail/light_bar_cda_type__rosidl_typesupport_introspection_c.h
-- Up-to-date: /home/mmitss/Documents/cda-mmitss/other/install/carma_msgs/include/carma_msgs/msg/detail/light_bar_indicator_controllers__rosidl_typesupport_introspection_c.h
-- Up-to-date: /home/mmitss/Documents/cda-mmitss/other/install/carma_msgs/include/carma_msgs/msg/detail/carla_enabled__rosidl_typesupport_introspection_c.h
-- Up-to-date: /home/mmitss/Documents/cda-mmitss/other/install/carma_msgs/include/carma_msgs/msg/detail/light_bar_cda_type__type_support.c
-- Up-to-date: /home/mmitss/Documents/cda-mmitss/other/install/carma_msgs/include/carma_msgs/msg/detail/system_alert__rosidl_typesupport_introspection_c.h
-- Up-to-date: /home/mmitss/Documents/cda-mmitss/other/install/carma_msgs/include/carma_msgs/msg/detail/light_bar_indicator__rosidl_typesupport_introspection_c.h
-- Up-to-date: /home/mmitss/Documents/cda-mmitss/other/install/carma_msgs/include/carma_msgs/msg/detail/light_bar_indicator__type_support.c
-- Up-to-date: /home/mmitss/Documents/cda-mmitss/other/install/carma_msgs/lib/libcarma_msgs__rosidl_typesupport_introspection_c.so
-- Up-to-date: /home/mmitss/Documents/cda-mmitss/other/install/carma_msgs/lib/libcarma_msgs__rosidl_typesupport_c.so
-- Up-to-date: /home/mmitss/Documents/cda-mmitss/other/install/carma_msgs/include/carma_msgs
-- Up-to-date: /home/mmitss/Documents/cda-mmitss/other/install/carma_msgs/include/carma_msgs/srv
-- Up-to-date: /home/mmitss/Documents/cda-mmitss/other/install/carma_msgs/include/carma_msgs/srv/release_indicator_control.hpp
-- Up-to-date: /home/mmitss/Documents/cda-mmitss/other/install/carma_msgs/include/carma_msgs/srv/set_traffic_event.hpp
-- Up-to-date: /home/mmitss/Documents/cda-mmitss/other/install/carma_msgs/include/carma_msgs/srv/request_indicator_control.hpp
-- Up-to-date: /home/mmitss/Documents/cda-mmitss/other/install/carma_msgs/include/carma_msgs/srv/detail
-- Up-to-date: /home/mmitss/Documents/cda-mmitss/other/install/carma_msgs/include/carma_msgs/srv/detail/set_traffic_event__struct.hpp
-- Up-to-date: /home/mmitss/Documents/cda-mmitss/other/install/carma_msgs/include/carma_msgs/srv/detail/request_indicator_control__type_support.hpp
-- Up-to-date: /home/mmitss/Documents/cda-mmitss/other/install/carma_msgs/include/carma_msgs/srv/detail/set_traffic_event__type_support.hpp
-- Up-to-date: /home/mmitss/Documents/cda-mmitss/other/install/carma_msgs/include/carma_msgs/srv/detail/request_indicator_control__struct.hpp
-- Up-to-date: /home/mmitss/Documents/cda-mmitss/other/install/carma_msgs/include/carma_msgs/srv/detail/set_traffic_event__traits.hpp
-- Up-to-date: /home/mmitss/Documents/cda-mmitss/other/install/carma_msgs/include/carma_msgs/srv/detail/set_traffic_event__builder.hpp
-- Up-to-date: /home/mmitss/Documents/cda-mmitss/other/install/carma_msgs/include/carma_msgs/srv/detail/request_indicator_control__builder.hpp
-- Up-to-date: /home/mmitss/Documents/cda-mmitss/other/install/carma_msgs/include/carma_msgs/srv/detail/release_indicator_control__traits.hpp
-- Up-to-date: /home/mmitss/Documents/cda-mmitss/other/install/carma_msgs/include/carma_msgs/srv/detail/request_indicator_control__traits.hpp
-- Up-to-date: /home/mmitss/Documents/cda-mmitss/other/install/carma_msgs/include/carma_msgs/srv/detail/release_indicator_control__builder.hpp
-- Up-to-date: /home/mmitss/Documents/cda-mmitss/other/install/carma_msgs/include/carma_msgs/srv/detail/release_indicator_control__struct.hpp
-- Up-to-date: /home/mmitss/Documents/cda-mmitss/other/install/carma_msgs/include/carma_msgs/srv/detail/release_indicator_control__type_support.hpp
-- Up-to-date: /home/mmitss/Documents/cda-mmitss/other/install/carma_msgs/include/carma_msgs/msg
-- Up-to-date: /home/mmitss/Documents/cda-mmitss/other/install/carma_msgs/include/carma_msgs/msg/system_alert.hpp
-- Up-to-date: /home/mmitss/Documents/cda-mmitss/other/install/carma_msgs/include/carma_msgs/msg/carla_enabled.hpp
-- Up-to-date: /home/mmitss/Documents/cda-mmitss/other/install/carma_msgs/include/carma_msgs/msg/rosidl_generator_cpp__visibility_control.hpp
-- Up-to-date: /home/mmitss/Documents/cda-mmitss/other/install/carma_msgs/include/carma_msgs/msg/light_bar_indicator.hpp
-- Up-to-date: /home/mmitss/Documents/cda-mmitss/other/install/carma_msgs/include/carma_msgs/msg/light_bar_indicator_controllers.hpp
-- Up-to-date: /home/mmitss/Documents/cda-mmitss/other/install/carma_msgs/include/carma_msgs/msg/ui_instructions.hpp
-- Up-to-date: /home/mmitss/Documents/cda-mmitss/other/install/carma_msgs/include/carma_msgs/msg/light_bar_cda_type.hpp
-- Up-to-date: /home/mmitss/Documents/cda-mmitss/other/install/carma_msgs/include/carma_msgs/msg/detail
-- Up-to-date: /home/mmitss/Documents/cda-mmitss/other/install/carma_msgs/include/carma_msgs/msg/detail/light_bar_cda_type__builder.hpp
-- Up-to-date: /home/mmitss/Documents/cda-mmitss/other/install/carma_msgs/include/carma_msgs/msg/detail/light_bar_cda_type__traits.hpp
-- Up-to-date: /home/mmitss/Documents/cda-mmitss/other/install/carma_msgs/include/carma_msgs/msg/detail/carla_enabled__traits.hpp
-- Up-to-date: /home/mmitss/Documents/cda-mmitss/other/install/carma_msgs/include/carma_msgs/msg/detail/system_alert__struct.hpp
-- Up-to-date: /home/mmitss/Documents/cda-mmitss/other/install/carma_msgs/include/carma_msgs/msg/detail/light_bar_indicator_controllers__type_support.hpp
-- Up-to-date: /home/mmitss/Documents/cda-mmitss/other/install/carma_msgs/include/carma_msgs/msg/detail/light_bar_indicator_controllers__struct.hpp
-- Up-to-date: /home/mmitss/Documents/cda-mmitss/other/install/carma_msgs/include/carma_msgs/msg/detail/carla_enabled__type_support.hpp
-- Up-to-date: /home/mmitss/Documents/cda-mmitss/other/install/carma_msgs/include/carma_msgs/msg/detail/system_alert__type_support.hpp
-- Up-to-date: /home/mmitss/Documents/cda-mmitss/other/install/carma_msgs/include/carma_msgs/msg/detail/light_bar_indicator__struct.hpp
-- Up-to-date: /home/mmitss/Documents/cda-mmitss/other/install/carma_msgs/include/carma_msgs/msg/detail/ui_instructions__type_support.hpp
-- Up-to-date: /home/mmitss/Documents/cda-mmitss/other/install/carma_msgs/include/carma_msgs/msg/detail/ui_instructions__builder.hpp
-- Up-to-date: /home/mmitss/Documents/cda-mmitss/other/install/carma_msgs/include/carma_msgs/msg/detail/ui_instructions__struct.hpp
-- Up-to-date: /home/mmitss/Documents/cda-mmitss/other/install/carma_msgs/include/carma_msgs/msg/detail/carla_enabled__struct.hpp
-- Up-to-date: /home/mmitss/Documents/cda-mmitss/other/install/carma_msgs/include/carma_msgs/msg/detail/light_bar_indicator_controllers__traits.hpp
-- Up-to-date: /home/mmitss/Documents/cda-mmitss/other/install/carma_msgs/include/carma_msgs/msg/detail/light_bar_indicator__builder.hpp
-- Up-to-date: /home/mmitss/Documents/cda-mmitss/other/install/carma_msgs/include/carma_msgs/msg/detail/ui_instructions__traits.hpp
-- Up-to-date: /home/mmitss/Documents/cda-mmitss/other/install/carma_msgs/include/carma_msgs/msg/detail/light_bar_indicator__type_support.hpp
-- Up-to-date: /home/mmitss/Documents/cda-mmitss/other/install/carma_msgs/include/carma_msgs/msg/detail/light_bar_indicator_controllers__builder.hpp
-- Up-to-date: /home/mmitss/Documents/cda-mmitss/other/install/carma_msgs/include/carma_msgs/msg/detail/system_alert__builder.hpp
-- Up-to-date: /home/mmitss/Documents/cda-mmitss/other/install/carma_msgs/include/carma_msgs/msg/detail/carla_enabled__builder.hpp
-- Up-to-date: /home/mmitss/Documents/cda-mmitss/other/install/carma_msgs/include/carma_msgs/msg/detail/system_alert__traits.hpp
-- Up-to-date: /home/mmitss/Documents/cda-mmitss/other/install/carma_msgs/include/carma_msgs/msg/detail/light_bar_cda_type__type_support.hpp
-- Up-to-date: /home/mmitss/Documents/cda-mmitss/other/install/carma_msgs/include/carma_msgs/msg/detail/light_bar_indicator__traits.hpp
-- Up-to-date: /home/mmitss/Documents/cda-mmitss/other/install/carma_msgs/include/carma_msgs/msg/detail/light_bar_cda_type__struct.hpp
-- Up-to-date: /home/mmitss/Documents/cda-mmitss/other/install/carma_msgs/include/carma_msgs
-- Up-to-date: /home/mmitss/Documents/cda-mmitss/other/install/carma_msgs/include/carma_msgs/srv
-- Up-to-date: /home/mmitss/Documents/cda-mmitss/other/install/carma_msgs/include/carma_msgs/srv/detail
-- Up-to-date: /home/mmitss/Documents/cda-mmitss/other/install/carma_msgs/include/carma_msgs/srv/detail/release_indicator_control__type_support.cpp
-- Up-to-date: /home/mmitss/Documents/cda-mmitss/other/install/carma_msgs/include/carma_msgs/srv/detail/set_traffic_event__type_support.cpp
-- Up-to-date: /home/mmitss/Documents/cda-mmitss/other/install/carma_msgs/include/carma_msgs/srv/detail/release_indicator_control__rosidl_typesupport_introspection_cpp.hpp
-- Up-to-date: /home/mmitss/Documents/cda-mmitss/other/install/carma_msgs/include/carma_msgs/srv/detail/request_indicator_control__type_support.cpp
-- Up-to-date: /home/mmitss/Documents/cda-mmitss/other/install/carma_msgs/include/carma_msgs/srv/detail/set_traffic_event__rosidl_typesupport_introspection_cpp.hpp
-- Up-to-date: /home/mmitss/Documents/cda-mmitss/other/install/carma_msgs/include/carma_msgs/srv/detail/request_indicator_control__rosidl_typesupport_introspection_cpp.hpp
-- Up-to-date: /home/mmitss/Documents/cda-mmitss/other/install/carma_msgs/include/carma_msgs/msg
-- Up-to-date: /home/mmitss/Documents/cda-mmitss/other/install/carma_msgs/include/carma_msgs/msg/detail
-- Up-to-date: /home/mmitss/Documents/cda-mmitss/other/install/carma_msgs/include/carma_msgs/msg/detail/light_bar_indicator__type_support.cpp
-- Up-to-date: /home/mmitss/Documents/cda-mmitss/other/install/carma_msgs/include/carma_msgs/msg/detail/system_alert__type_support.cpp
-- Up-to-date: /home/mmitss/Documents/cda-mmitss/other/install/carma_msgs/include/carma_msgs/msg/detail/ui_instructions__rosidl_typesupport_introspection_cpp.hpp
-- Up-to-date: /home/mmitss/Documents/cda-mmitss/other/install/carma_msgs/include/carma_msgs/msg/detail/light_bar_indicator__rosidl_typesupport_introspection_cpp.hpp
-- Up-to-date: /home/mmitss/Documents/cda-mmitss/other/install/carma_msgs/include/carma_msgs/msg/detail/light_bar_cda_type__type_support.cpp
-- Up-to-date: /home/mmitss/Documents/cda-mmitss/other/install/carma_msgs/include/carma_msgs/msg/detail/ui_instructions__type_support.cpp
-- Up-to-date: /home/mmitss/Documents/cda-mmitss/other/install/carma_msgs/include/carma_msgs/msg/detail/carla_enabled__rosidl_typesupport_introspection_cpp.hpp
-- Up-to-date: /home/mmitss/Documents/cda-mmitss/other/install/carma_msgs/include/carma_msgs/msg/detail/light_bar_cda_type__rosidl_typesupport_introspection_cpp.hpp
-- Up-to-date: /home/mmitss/Documents/cda-mmitss/other/install/carma_msgs/include/carma_msgs/msg/detail/light_bar_indicator_controllers__rosidl_typesupport_introspection_cpp.hpp
-- Up-to-date: /home/mmitss/Documents/cda-mmitss/other/install/carma_msgs/include/carma_msgs/msg/detail/light_bar_indicator_controllers__type_support.cpp
-- Up-to-date: /home/mmitss/Documents/cda-mmitss/other/install/carma_msgs/include/carma_msgs/msg/detail/carla_enabled__type_support.cpp
-- Up-to-date: /home/mmitss/Documents/cda-mmitss/other/install/carma_msgs/include/carma_msgs/msg/detail/system_alert__rosidl_typesupport_introspection_cpp.hpp
-- Up-to-date: /home/mmitss/Documents/cda-mmitss/other/install/carma_msgs/lib/libcarma_msgs__rosidl_typesupport_introspection_cpp.so
-- Up-to-date: /home/mmitss/Documents/cda-mmitss/other/install/carma_msgs/lib/libcarma_msgs__rosidl_typesupport_cpp.so
-- Up-to-date: /home/mmitss/Documents/cda-mmitss/other/install/carma_msgs/share/carma_msgs/environment/pythonpath.sh
-- Up-to-date: /home/mmitss/Documents/cda-mmitss/other/install/carma_msgs/share/carma_msgs/environment/pythonpath.dsv
-- Up-to-date: /home/mmitss/Documents/cda-mmitss/other/install/carma_msgs/lib/python3.8/site-packages/carma_msgs/__init__.py
-- Up-to-date: /home/mmitss/Documents/cda-mmitss/other/install/carma_msgs/lib/python3.8/site-packages/carma_msgs/msg
-- Up-to-date: /home/mmitss/Documents/cda-mmitss/other/install/carma_msgs/lib/python3.8/site-packages/carma_msgs/msg/_carla_enabled_s.c
-- Up-to-date: /home/mmitss/Documents/cda-mmitss/other/install/carma_msgs/lib/python3.8/site-packages/carma_msgs/msg/_light_bar_indicator_controllers.py
-- Up-to-date: /home/mmitss/Documents/cda-mmitss/other/install/carma_msgs/lib/python3.8/site-packages/carma_msgs/msg/_carla_enabled.py
-- Up-to-date: /home/mmitss/Documents/cda-mmitss/other/install/carma_msgs/lib/python3.8/site-packages/carma_msgs/msg/_light_bar_indicator.py
-- Up-to-date: /home/mmitss/Documents/cda-mmitss/other/install/carma_msgs/lib/python3.8/site-packages/carma_msgs/msg/_light_bar_indicator_controllers_s.c
-- Up-to-date: /home/mmitss/Documents/cda-mmitss/other/install/carma_msgs/lib/python3.8/site-packages/carma_msgs/msg/_light_bar_cda_type.py
-- Up-to-date: /home/mmitss/Documents/cda-mmitss/other/install/carma_msgs/lib/python3.8/site-packages/carma_msgs/msg/_ui_instructions.py
-- Up-to-date: /home/mmitss/Documents/cda-mmitss/other/install/carma_msgs/lib/python3.8/site-packages/carma_msgs/msg/_system_alert_s.c
-- Up-to-date: /home/mmitss/Documents/cda-mmitss/other/install/carma_msgs/lib/python3.8/site-packages/carma_msgs/msg/_ui_instructions_s.c
-- Up-to-date: /home/mmitss/Documents/cda-mmitss/other/install/carma_msgs/lib/python3.8/site-packages/carma_msgs/msg/_system_alert.py
-- Up-to-date: /home/mmitss/Documents/cda-mmitss/other/install/carma_msgs/lib/python3.8/site-packages/carma_msgs/msg/_light_bar_cda_type_s.c
-- Up-to-date: /home/mmitss/Documents/cda-mmitss/other/install/carma_msgs/lib/python3.8/site-packages/carma_msgs/msg/_light_bar_indicator_s.c
-- Up-to-date: /home/mmitss/Documents/cda-mmitss/other/install/carma_msgs/lib/python3.8/site-packages/carma_msgs/msg/__init__.py
-- Up-to-date: /home/mmitss/Documents/cda-mmitss/other/install/carma_msgs/lib/python3.8/site-packages/carma_msgs/srv
-- Up-to-date: /home/mmitss/Documents/cda-mmitss/other/install/carma_msgs/lib/python3.8/site-packages/carma_msgs/srv/_set_traffic_event.py
-- Up-to-date: /home/mmitss/Documents/cda-mmitss/other/install/carma_msgs/lib/python3.8/site-packages/carma_msgs/srv/_release_indicator_control.py
-- Up-to-date: /home/mmitss/Documents/cda-mmitss/other/install/carma_msgs/lib/python3.8/site-packages/carma_msgs/srv/_request_indicator_control_s.c
-- Up-to-date: /home/mmitss/Documents/cda-mmitss/other/install/carma_msgs/lib/python3.8/site-packages/carma_msgs/srv/_release_indicator_control_s.c
-- Up-to-date: /home/mmitss/Documents/cda-mmitss/other/install/carma_msgs/lib/python3.8/site-packages/carma_msgs/srv/_set_traffic_event_s.c
-- Up-to-date: /home/mmitss/Documents/cda-mmitss/other/install/carma_msgs/lib/python3.8/site-packages/carma_msgs/srv/_request_indicator_control.py
-- Up-to-date: /home/mmitss/Documents/cda-mmitss/other/install/carma_msgs/lib/python3.8/site-packages/carma_msgs/srv/__init__.py
-- Up-to-date: /home/mmitss/Documents/cda-mmitss/other/install/carma_msgs/lib/python3.8/site-packages/carma_msgs/carma_msgs_s__rosidl_typesupport_fastrtps_c.cpython-38-x86_64-linux-gnu.so
-- Up-to-date: /home/mmitss/Documents/cda-mmitss/other/install/carma_msgs/lib/python3.8/site-packages/carma_msgs/carma_msgs_s__rosidl_typesupport_introspection_c.cpython-38-x86_64-linux-gnu.so
-- Up-to-date: /home/mmitss/Documents/cda-mmitss/other/install/carma_msgs/lib/python3.8/site-packages/carma_msgs/carma_msgs_s__rosidl_typesupport_c.cpython-38-x86_64-linux-gnu.so
-- Up-to-date: /home/mmitss/Documents/cda-mmitss/other/install/carma_msgs/lib/libcarma_msgs__python.so
-- Up-to-date: /home/mmitss/Documents/cda-mmitss/other/install/carma_msgs/share/carma_msgs/msg/CarlaEnabled.idl
-- Up-to-date: /home/mmitss/Documents/cda-mmitss/other/install/carma_msgs/share/carma_msgs/msg/LightBarCDAType.idl
-- Up-to-date: /home/mmitss/Documents/cda-mmitss/other/install/carma_msgs/share/carma_msgs/msg/LightBarIndicator.idl
-- Up-to-date: /home/mmitss/Documents/cda-mmitss/other/install/carma_msgs/share/carma_msgs/msg/LightBarIndicatorControllers.idl
-- Up-to-date: /home/mmitss/Documents/cda-mmitss/other/install/carma_msgs/share/carma_msgs/msg/SystemAlert.idl
-- Up-to-date: /home/mmitss/Documents/cda-mmitss/other/install/carma_msgs/share/carma_msgs/msg/UIInstructions.idl
-- Up-to-date: /home/mmitss/Documents/cda-mmitss/other/install/carma_msgs/share/carma_msgs/srv/ReleaseIndicatorControl.idl
-- Up-to-date: /home/mmitss/Documents/cda-mmitss/other/install/carma_msgs/share/carma_msgs/srv/RequestIndicatorControl.idl
-- Up-to-date: /home/mmitss/Documents/cda-mmitss/other/install/carma_msgs/share/carma_msgs/srv/SetTrafficEvent.idl
-- Up-to-date: /home/mmitss/Documents/cda-mmitss/other/install/carma_msgs/share/carma_msgs/msg/CarlaEnabled.msg
-- Up-to-date: /home/mmitss/Documents/cda-mmitss/other/install/carma_msgs/share/carma_msgs/msg/LightBarCDAType.msg
-- Up-to-date: /home/mmitss/Documents/cda-mmitss/other/install/carma_msgs/share/carma_msgs/msg/LightBarIndicator.msg
-- Up-to-date: /home/mmitss/Documents/cda-mmitss/other/install/carma_msgs/share/carma_msgs/msg/LightBarIndicatorControllers.msg
-- Up-to-date: /home/mmitss/Documents/cda-mmitss/other/install/carma_msgs/share/carma_msgs/msg/SystemAlert.msg
-- Up-to-date: /home/mmitss/Documents/cda-mmitss/other/install/carma_msgs/share/carma_msgs/msg/UIInstructions.msg
-- Up-to-date: /home/mmitss/Documents/cda-mmitss/other/install/carma_msgs/share/carma_msgs/srv/ReleaseIndicatorControl.srv
-- Up-to-date: /home/mmitss/Documents/cda-mmitss/other/install/carma_msgs/share/carma_msgs/srv/ReleaseIndicatorControl_Request.msg
-- Up-to-date: /home/mmitss/Documents/cda-mmitss/other/install/carma_msgs/share/carma_msgs/srv/ReleaseIndicatorControl_Response.msg
-- Up-to-date: /home/mmitss/Documents/cda-mmitss/other/install/carma_msgs/share/carma_msgs/srv/RequestIndicatorControl.srv
-- Up-to-date: /home/mmitss/Documents/cda-mmitss/other/install/carma_msgs/share/carma_msgs/srv/RequestIndicatorControl_Request.msg
-- Up-to-date: /home/mmitss/Documents/cda-mmitss/other/install/carma_msgs/share/carma_msgs/srv/RequestIndicatorControl_Response.msg
-- Up-to-date: /home/mmitss/Documents/cda-mmitss/other/install/carma_msgs/share/carma_msgs/srv/SetTrafficEvent.srv
-- Up-to-date: /home/mmitss/Documents/cda-mmitss/other/install/carma_msgs/share/carma_msgs/srv/SetTrafficEvent_Request.msg
-- Up-to-date: /home/mmitss/Documents/cda-mmitss/other/install/carma_msgs/share/carma_msgs/srv/SetTrafficEvent_Response.msg
-- Up-to-date: /home/mmitss/Documents/cda-mmitss/other/install/carma_msgs/share/ament_index/resource_index/package_run_dependencies/carma_msgs
-- Up-to-date: /home/mmitss/Documents/cda-mmitss/other/install/carma_msgs/share/ament_index/resource_index/parent_prefix_path/carma_msgs
-- Up-to-date: /home/mmitss/Documents/cda-mmitss/other/install/carma_msgs/share/carma_msgs/environment/ament_prefix_path.sh
-- Up-to-date: /home/mmitss/Documents/cda-mmitss/other/install/carma_msgs/share/carma_msgs/environment/ament_prefix_path.dsv
-- Up-to-date: /home/mmitss/Documents/cda-mmitss/other/install/carma_msgs/share/carma_msgs/environment/path.sh
-- Up-to-date: /home/mmitss/Documents/cda-mmitss/other/install/carma_msgs/share/carma_msgs/environment/path.dsv
-- Up-to-date: /home/mmitss/Documents/cda-mmitss/other/install/carma_msgs/share/carma_msgs/local_setup.bash
-- Up-to-date: /home/mmitss/Documents/cda-mmitss/other/install/carma_msgs/share/carma_msgs/local_setup.sh
-- Up-to-date: /home/mmitss/Documents/cda-mmitss/other/install/carma_msgs/share/carma_msgs/local_setup.zsh
-- Up-to-date: /home/mmitss/Documents/cda-mmitss/other/install/carma_msgs/share/carma_msgs/local_setup.dsv
-- Installing: /home/mmitss/Documents/cda-mmitss/other/install/carma_msgs/share/carma_msgs/package.dsv
-- Up-to-date: /home/mmitss/Documents/cda-mmitss/other/install/carma_msgs/share/ament_index/resource_index/packages/carma_msgs
-- Up-to-date: /home/mmitss/Documents/cda-mmitss/other/install/carma_msgs/share/carma_msgs/cmake/carma_msgs__rosidl_generator_cExport.cmake
-- Up-to-date: /home/mmitss/Documents/cda-mmitss/other/install/carma_msgs/share/carma_msgs/cmake/carma_msgs__rosidl_generator_cExport-release.cmake
-- Up-to-date: /home/mmitss/Documents/cda-mmitss/other/install/carma_msgs/share/carma_msgs/cmake/carma_msgs__rosidl_typesupport_introspection_cExport.cmake
-- Up-to-date: /home/mmitss/Documents/cda-mmitss/other/install/carma_msgs/share/carma_msgs/cmake/carma_msgs__rosidl_typesupport_introspection_cExport-release.cmake
-- Up-to-date: /home/mmitss/Documents/cda-mmitss/other/install/carma_msgs/share/carma_msgs/cmake/carma_msgs__rosidl_typesupport_cExport.cmake
-- Up-to-date: /home/mmitss/Documents/cda-mmitss/other/install/carma_msgs/share/carma_msgs/cmake/carma_msgs__rosidl_typesupport_cExport-release.cmake
-- Up-to-date: /home/mmitss/Documents/cda-mmitss/other/install/carma_msgs/share/carma_msgs/cmake/carma_msgs__rosidl_generator_cppExport.cmake
-- Up-to-date: /home/mmitss/Documents/cda-mmitss/other/install/carma_msgs/share/carma_msgs/cmake/carma_msgs__rosidl_typesupport_introspection_cppExport.cmake
-- Up-to-date: /home/mmitss/Documents/cda-mmitss/other/install/carma_msgs/share/carma_msgs/cmake/carma_msgs__rosidl_typesupport_introspection_cppExport-release.cmake
-- Up-to-date: /home/mmitss/Documents/cda-mmitss/other/install/carma_msgs/share/carma_msgs/cmake/carma_msgs__rosidl_typesupport_cppExport.cmake
-- Up-to-date: /home/mmitss/Documents/cda-mmitss/other/install/carma_msgs/share/carma_msgs/cmake/carma_msgs__rosidl_typesupport_cppExport-release.cmake
-- Up-to-date: /home/mmitss/Documents/cda-mmitss/other/install/carma_msgs/share/carma_msgs/cmake/rosidl_cmake-extras.cmake
-- Up-to-date: /home/mmitss/Documents/cda-mmitss/other/install/carma_msgs/share/carma_msgs/cmake/ament_cmake_export_dependencies-extras.cmake
-- Up-to-date: /home/mmitss/Documents/cda-mmitss/other/install/carma_msgs/share/carma_msgs/cmake/ament_cmake_export_libraries-extras.cmake
-- Up-to-date: /home/mmitss/Documents/cda-mmitss/other/install/carma_msgs/share/carma_msgs/cmake/ament_cmake_export_targets-extras.cmake
-- Up-to-date: /home/mmitss/Documents/cda-mmitss/other/install/carma_msgs/share/carma_msgs/cmake/ament_cmake_export_include_directories-extras.cmake
-- Up-to-date: /home/mmitss/Documents/cda-mmitss/other/install/carma_msgs/share/carma_msgs/cmake/rosidl_cmake_export_typesupport_libraries-extras.cmake
-- Up-to-date: /home/mmitss/Documents/cda-mmitss/other/install/carma_msgs/share/carma_msgs/cmake/rosidl_cmake_export_typesupport_targets-extras.cmake
-- Up-to-date: /home/mmitss/Documents/cda-mmitss/other/install/carma_msgs/share/carma_msgs/cmake/carma_msgsConfig.cmake
-- Up-to-date: /home/mmitss/Documents/cda-mmitss/other/install/carma_msgs/share/carma_msgs/cmake/carma_msgsConfig-version.cmake
-- Up-to-date: /home/mmitss/Documents/cda-mmitss/other/install/carma_msgs/share/carma_msgs/package.xml
-- Up-to-date: /home/mmitss/Documents/cda-mmitss/other/install/carma_msgs/share/carma_msgs/rule.yml
