[0.060s] Invoking command in '/home/mmitss/Documents/cda-mmitss/other/build/carma_msgs': CMAKE_PREFIX_PATH=/home/mmitss/Documents/cda-mmitss/other/install/carma_cmake_common:/home/mmitss/Documents/cda-mmitss/other/install/carma_debug_ros2_msgs:/home/mmitss/Documents/cda-mmitss/other/install/carma_planning_msgs:/home/mmitss/Documents/cda-mmitss/other/install/carma_v2x_msgs:/home/mmitss/Documents/cda-mmitss/other/install/j3224_v2x_msgs:/home/mmitss/Documents/cda-mmitss/other/install/j2735_v2x_msgs:/home/mmitss/Documents/cda-mmitss/other/install/carma_perception_msgs:/home/mmitss/Documents/cda-mmitss/other/install/carma_driver_msgs:/home/mmitss/Documents/cda-mmitss/other/install/carma_msgs:/home/mmitss/Documents/cda-mmitss/other/install/carma_localization_msgs:/home/mmitss/Documents/cda-mmitss/other/install/can_msgs:/opt/ros/foxy CONDA_PROMPT_MODIFIER=(base) /usr/bin/cmake --build /home/mmitss/Documents/cda-mmitss/other/build/carma_msgs -- -j8 -l8
[0.182s] [  1%] Built target carma_msgs__cpp
[0.184s] [ 12%] Built target carma_msgs__rosidl_generator_c
[0.297s] [ 24%] Built target carma_msgs__rosidl_typesupport_c
[0.321s] [ 35%] Built target carma_msgs__rosidl_typesupport_fastrtps_cpp
[0.333s] [ 52%] Built target carma_msgs__rosidl_typesupport_cpp
[0.333s] [ 58%] Built target carma_msgs__rosidl_typesupport_introspection_cpp
[0.346s] [ 70%] Built target carma_msgs__rosidl_typesupport_introspection_c
[0.410s] [ 82%] Built target carma_msgs__rosidl_typesupport_fastrtps_c
[0.459s] [ 82%] Built target carma_msgs
[0.494s] [ 83%] Built target carma_msgs__py
[0.558s] [ 93%] Built target carma_msgs__python
[0.623s] [ 95%] Built target carma_msgs__rosidl_typesupport_c__pyext
[0.647s] [ 97%] Built target carma_msgs__rosidl_typesupport_introspection_c__pyext
[0.667s] [100%] Built target carma_msgs__rosidl_typesupport_fastrtps_c__pyext
[0.703s] Invoked command in '/home/mmitss/Documents/cda-mmitss/other/build/carma_msgs' returned '0': CMAKE_PREFIX_PATH=/home/mmitss/Documents/cda-mmitss/other/install/carma_cmake_common:/home/mmitss/Documents/cda-mmitss/other/install/carma_debug_ros2_msgs:/home/mmitss/Documents/cda-mmitss/other/install/carma_planning_msgs:/home/mmitss/Documents/cda-mmitss/other/install/carma_v2x_msgs:/home/mmitss/Documents/cda-mmitss/other/install/j3224_v2x_msgs:/home/mmitss/Documents/cda-mmitss/other/install/j2735_v2x_msgs:/home/mmitss/Documents/cda-mmitss/other/install/carma_perception_msgs:/home/mmitss/Documents/cda-mmitss/other/install/carma_driver_msgs:/home/mmitss/Documents/cda-mmitss/other/install/carma_msgs:/home/mmitss/Documents/cda-mmitss/other/install/carma_localization_msgs:/home/mmitss/Documents/cda-mmitss/other/install/can_msgs:/opt/ros/foxy CONDA_PROMPT_MODIFIER=(base) /usr/bin/cmake --build /home/mmitss/Documents/cda-mmitss/other/build/carma_msgs -- -j8 -l8
[1.349s] Invoking command in '/home/mmitss/Documents/cda-mmitss/other/build/carma_msgs': CMAKE_PREFIX_PATH=/home/mmitss/Documents/cda-mmitss/other/install/carma_cmake_common:/home/mmitss/Documents/cda-mmitss/other/install/carma_debug_ros2_msgs:/home/mmitss/Documents/cda-mmitss/other/install/carma_planning_msgs:/home/mmitss/Documents/cda-mmitss/other/install/carma_v2x_msgs:/home/mmitss/Documents/cda-mmitss/other/install/j3224_v2x_msgs:/home/mmitss/Documents/cda-mmitss/other/install/j2735_v2x_msgs:/home/mmitss/Documents/cda-mmitss/other/install/carma_perception_msgs:/home/mmitss/Documents/cda-mmitss/other/install/carma_driver_msgs:/home/mmitss/Documents/cda-mmitss/other/install/carma_msgs:/home/mmitss/Documents/cda-mmitss/other/install/carma_localization_msgs:/home/mmitss/Documents/cda-mmitss/other/install/can_msgs:/opt/ros/foxy CONDA_PROMPT_MODIFIER=(base) /usr/bin/cmake --install /home/mmitss/Documents/cda-mmitss/other/build/carma_msgs
[1.364s] -- Install configuration: "Release"
[1.364s] -- Up-to-date: /home/mmitss/Documents/cda-mmitss/other/install/carma_msgs/share/ament_index/resource_index/rosidl_interfaces/carma_msgs
[1.364s] -- Up-to-date: /home/mmitss/Documents/cda-mmitss/other/install/carma_msgs/include/carma_msgs
[1.365s] -- Up-to-date: /home/mmitss/Documents/cda-mmitss/other/install/carma_msgs/include/carma_msgs/srv
[1.365s] -- Up-to-date: /home/mmitss/Documents/cda-mmitss/other/install/carma_msgs/include/carma_msgs/srv/release_indicator_control.h
[1.365s] -- Up-to-date: /home/mmitss/Documents/cda-mmitss/other/install/carma_msgs/include/carma_msgs/srv/set_traffic_event.h
[1.365s] -- Up-to-date: /home/mmitss/Documents/cda-mmitss/other/install/carma_msgs/include/carma_msgs/srv/detail
[1.365s] -- Up-to-date: /home/mmitss/Documents/cda-mmitss/other/install/carma_msgs/include/carma_msgs/srv/detail/request_indicator_control__type_support.h
[1.366s] -- Up-to-date: /home/mmitss/Documents/cda-mmitss/other/install/carma_msgs/include/carma_msgs/srv/detail/set_traffic_event__functions.h
[1.366s] -- Up-to-date: /home/mmitss/Documents/cda-mmitss/other/install/carma_msgs/include/carma_msgs/srv/detail/release_indicator_control__type_support.h
[1.366s] -- Up-to-date: /home/mmitss/Documents/cda-mmitss/other/install/carma_msgs/include/carma_msgs/srv/detail/request_indicator_control__functions.c
[1.366s] -- Up-to-date: /home/mmitss/Documents/cda-mmitss/other/install/carma_msgs/include/carma_msgs/srv/detail/set_traffic_event__functions.c
[1.366s] -- Up-to-date: /home/mmitss/Documents/cda-mmitss/other/install/carma_msgs/include/carma_msgs/srv/detail/request_indicator_control__functions.h
[1.366s] -- Up-to-date: /home/mmitss/Documents/cda-mmitss/other/install/carma_msgs/include/carma_msgs/srv/detail/set_traffic_event__struct.h
[1.366s] -- Up-to-date: /home/mmitss/Documents/cda-mmitss/other/install/carma_msgs/include/carma_msgs/srv/detail/release_indicator_control__functions.c
[1.366s] -- Up-to-date: /home/mmitss/Documents/cda-mmitss/other/install/carma_msgs/include/carma_msgs/srv/detail/release_indicator_control__functions.h
[1.366s] -- Up-to-date: /home/mmitss/Documents/cda-mmitss/other/install/carma_msgs/include/carma_msgs/srv/detail/request_indicator_control__struct.h
[1.367s] -- Up-to-date: /home/mmitss/Documents/cda-mmitss/other/install/carma_msgs/include/carma_msgs/srv/detail/set_traffic_event__type_support.h
[1.367s] -- Up-to-date: /home/mmitss/Documents/cda-mmitss/other/install/carma_msgs/include/carma_msgs/srv/detail/release_indicator_control__struct.h
[1.367s] -- Up-to-date: /home/mmitss/Documents/cda-mmitss/other/install/carma_msgs/include/carma_msgs/srv/request_indicator_control.h
[1.367s] -- Up-to-date: /home/mmitss/Documents/cda-mmitss/other/install/carma_msgs/include/carma_msgs/msg
[1.367s] -- Up-to-date: /home/mmitss/Documents/cda-mmitss/other/install/carma_msgs/include/carma_msgs/msg/rosidl_generator_c__visibility_control.h
[1.368s] -- Up-to-date: /home/mmitss/Documents/cda-mmitss/other/install/carma_msgs/include/carma_msgs/msg/system_alert.h
[1.368s] -- Up-to-date: /home/mmitss/Documents/cda-mmitss/other/install/carma_msgs/include/carma_msgs/msg/ui_instructions.h
[1.368s] -- Up-to-date: /home/mmitss/Documents/cda-mmitss/other/install/carma_msgs/include/carma_msgs/msg/light_bar_cda_type.h
[1.368s] -- Up-to-date: /home/mmitss/Documents/cda-mmitss/other/install/carma_msgs/include/carma_msgs/msg/carla_enabled.h
[1.368s] -- Up-to-date: /home/mmitss/Documents/cda-mmitss/other/install/carma_msgs/include/carma_msgs/msg/light_bar_indicator_controllers.h
[1.368s] -- Up-to-date: /home/mmitss/Documents/cda-mmitss/other/install/carma_msgs/include/carma_msgs/msg/light_bar_indicator.h
[1.368s] -- Up-to-date: /home/mmitss/Documents/cda-mmitss/other/install/carma_msgs/include/carma_msgs/msg/detail
[1.368s] -- Up-to-date: /home/mmitss/Documents/cda-mmitss/other/install/carma_msgs/include/carma_msgs/msg/detail/carla_enabled__functions.c
[1.368s] -- Up-to-date: /home/mmitss/Documents/cda-mmitss/other/install/carma_msgs/include/carma_msgs/msg/detail/light_bar_indicator__struct.h
[1.369s] -- Up-to-date: /home/mmitss/Documents/cda-mmitss/other/install/carma_msgs/include/carma_msgs/msg/detail/light_bar_indicator_controllers__functions.h
[1.369s] -- Up-to-date: /home/mmitss/Documents/cda-mmitss/other/install/carma_msgs/include/carma_msgs/msg/detail/carla_enabled__type_support.h
[1.369s] -- Up-to-date: /home/mmitss/Documents/cda-mmitss/other/install/carma_msgs/include/carma_msgs/msg/detail/light_bar_cda_type__type_support.h
[1.369s] -- Up-to-date: /home/mmitss/Documents/cda-mmitss/other/install/carma_msgs/include/carma_msgs/msg/detail/light_bar_indicator_controllers__type_support.h
[1.369s] -- Up-to-date: /home/mmitss/Documents/cda-mmitss/other/install/carma_msgs/include/carma_msgs/msg/detail/ui_instructions__type_support.h
[1.369s] -- Up-to-date: /home/mmitss/Documents/cda-mmitss/other/install/carma_msgs/include/carma_msgs/msg/detail/light_bar_indicator_controllers__struct.h
[1.369s] -- Up-to-date: /home/mmitss/Documents/cda-mmitss/other/install/carma_msgs/include/carma_msgs/msg/detail/ui_instructions__struct.h
[1.369s] -- Up-to-date: /home/mmitss/Documents/cda-mmitss/other/install/carma_msgs/include/carma_msgs/msg/detail/ui_instructions__functions.h
[1.370s] -- Up-to-date: /home/mmitss/Documents/cda-mmitss/other/install/carma_msgs/include/carma_msgs/msg/detail/ui_instructions__functions.c
[1.370s] -- Up-to-date: /home/mmitss/Documents/cda-mmitss/other/install/carma_msgs/include/carma_msgs/msg/detail/light_bar_cda_type__functions.h
[1.370s] -- Up-to-date: /home/mmitss/Documents/cda-mmitss/other/install/carma_msgs/include/carma_msgs/msg/detail/system_alert__struct.h
[1.370s] -- Up-to-date: /home/mmitss/Documents/cda-mmitss/other/install/carma_msgs/include/carma_msgs/msg/detail/light_bar_cda_type__functions.c
[1.370s] -- Up-to-date: /home/mmitss/Documents/cda-mmitss/other/install/carma_msgs/include/carma_msgs/msg/detail/carla_enabled__struct.h
[1.370s] -- Up-to-date: /home/mmitss/Documents/cda-mmitss/other/install/carma_msgs/include/carma_msgs/msg/detail/light_bar_cda_type__struct.h
[1.370s] -- Up-to-date: /home/mmitss/Documents/cda-mmitss/other/install/carma_msgs/include/carma_msgs/msg/detail/system_alert__type_support.h
[1.370s] -- Up-to-date: /home/mmitss/Documents/cda-mmitss/other/install/carma_msgs/include/carma_msgs/msg/detail/light_bar_indicator__type_support.h
[1.370s] -- Up-to-date: /home/mmitss/Documents/cda-mmitss/other/install/carma_msgs/include/carma_msgs/msg/detail/system_alert__functions.h
[1.370s] -- Up-to-date: /home/mmitss/Documents/cda-mmitss/other/install/carma_msgs/include/carma_msgs/msg/detail/light_bar_indicator__functions.c
[1.371s] -- Up-to-date: /home/mmitss/Documents/cda-mmitss/other/install/carma_msgs/include/carma_msgs/msg/detail/carla_enabled__functions.h
[1.371s] -- Up-to-date: /home/mmitss/Documents/cda-mmitss/other/install/carma_msgs/include/carma_msgs/msg/detail/system_alert__functions.c
[1.371s] -- Up-to-date: /home/mmitss/Documents/cda-mmitss/other/install/carma_msgs/include/carma_msgs/msg/detail/light_bar_indicator_controllers__functions.c
[1.371s] -- Up-to-date: /home/mmitss/Documents/cda-mmitss/other/install/carma_msgs/include/carma_msgs/msg/detail/light_bar_indicator__functions.h
[1.371s] -- Up-to-date: /home/mmitss/Documents/cda-mmitss/other/install/carma_msgs/share/carma_msgs/environment/library_path.sh
[1.371s] -- Up-to-date: /home/mmitss/Documents/cda-mmitss/other/install/carma_msgs/share/carma_msgs/environment/library_path.dsv
[1.372s] -- Up-to-date: /home/mmitss/Documents/cda-mmitss/other/install/carma_msgs/lib/libcarma_msgs__rosidl_generator_c.so
[1.372s] -- Up-to-date: /home/mmitss/Documents/cda-mmitss/other/install/carma_msgs/include/carma_msgs
[1.372s] -- Up-to-date: /home/mmitss/Documents/cda-mmitss/other/install/carma_msgs/include/carma_msgs/srv
[1.372s] -- Up-to-date: /home/mmitss/Documents/cda-mmitss/other/install/carma_msgs/include/carma_msgs/srv/detail
[1.372s] -- Up-to-date: /home/mmitss/Documents/cda-mmitss/other/install/carma_msgs/include/carma_msgs/srv/detail/release_indicator_control__rosidl_typesupport_fastrtps_c.h
[1.372s] -- Up-to-date: /home/mmitss/Documents/cda-mmitss/other/install/carma_msgs/include/carma_msgs/srv/detail/set_traffic_event__rosidl_typesupport_fastrtps_c.h
[1.372s] -- Up-to-date: /home/mmitss/Documents/cda-mmitss/other/install/carma_msgs/include/carma_msgs/srv/detail/request_indicator_control__rosidl_typesupport_fastrtps_c.h
[1.372s] -- Up-to-date: /home/mmitss/Documents/cda-mmitss/other/install/carma_msgs/include/carma_msgs/msg
[1.373s] -- Up-to-date: /home/mmitss/Documents/cda-mmitss/other/install/carma_msgs/include/carma_msgs/msg/rosidl_typesupport_fastrtps_c__visibility_control.h
[1.373s] -- Up-to-date: /home/mmitss/Documents/cda-mmitss/other/install/carma_msgs/include/carma_msgs/msg/detail
[1.373s] -- Up-to-date: /home/mmitss/Documents/cda-mmitss/other/install/carma_msgs/include/carma_msgs/msg/detail/carla_enabled__rosidl_typesupport_fastrtps_c.h
[1.373s] -- Up-to-date: /home/mmitss/Documents/cda-mmitss/other/install/carma_msgs/include/carma_msgs/msg/detail/system_alert__rosidl_typesupport_fastrtps_c.h
[1.373s] -- Up-to-date: /home/mmitss/Documents/cda-mmitss/other/install/carma_msgs/include/carma_msgs/msg/detail/light_bar_indicator_controllers__rosidl_typesupport_fastrtps_c.h
[1.373s] -- Up-to-date: /home/mmitss/Documents/cda-mmitss/other/install/carma_msgs/include/carma_msgs/msg/detail/light_bar_cda_type__rosidl_typesupport_fastrtps_c.h
[1.373s] -- Up-to-date: /home/mmitss/Documents/cda-mmitss/other/install/carma_msgs/include/carma_msgs/msg/detail/ui_instructions__rosidl_typesupport_fastrtps_c.h
[1.374s] -- Up-to-date: /home/mmitss/Documents/cda-mmitss/other/install/carma_msgs/include/carma_msgs/msg/detail/light_bar_indicator__rosidl_typesupport_fastrtps_c.h
[1.374s] -- Up-to-date: /home/mmitss/Documents/cda-mmitss/other/install/carma_msgs/lib/libcarma_msgs__rosidl_typesupport_fastrtps_c.so
[1.374s] -- Up-to-date: /home/mmitss/Documents/cda-mmitss/other/install/carma_msgs/include/carma_msgs
[1.374s] -- Up-to-date: /home/mmitss/Documents/cda-mmitss/other/install/carma_msgs/include/carma_msgs/srv
[1.374s] -- Up-to-date: /home/mmitss/Documents/cda-mmitss/other/install/carma_msgs/include/carma_msgs/srv/detail
[1.374s] -- Up-to-date: /home/mmitss/Documents/cda-mmitss/other/install/carma_msgs/include/carma_msgs/srv/detail/release_indicator_control__rosidl_typesupport_fastrtps_cpp.hpp
[1.374s] -- Up-to-date: /home/mmitss/Documents/cda-mmitss/other/install/carma_msgs/include/carma_msgs/srv/detail/request_indicator_control__rosidl_typesupport_fastrtps_cpp.hpp
[1.375s] -- Up-to-date: /home/mmitss/Documents/cda-mmitss/other/install/carma_msgs/include/carma_msgs/srv/detail/set_traffic_event__rosidl_typesupport_fastrtps_cpp.hpp
[1.375s] -- Up-to-date: /home/mmitss/Documents/cda-mmitss/other/install/carma_msgs/include/carma_msgs/srv/detail/dds_fastrtps
[1.375s] -- Up-to-date: /home/mmitss/Documents/cda-mmitss/other/install/carma_msgs/include/carma_msgs/msg
[1.375s] -- Up-to-date: /home/mmitss/Documents/cda-mmitss/other/install/carma_msgs/include/carma_msgs/msg/rosidl_typesupport_fastrtps_cpp__visibility_control.h
[1.375s] -- Up-to-date: /home/mmitss/Documents/cda-mmitss/other/install/carma_msgs/include/carma_msgs/msg/detail
[1.375s] -- Up-to-date: /home/mmitss/Documents/cda-mmitss/other/install/carma_msgs/include/carma_msgs/msg/detail/light_bar_indicator__rosidl_typesupport_fastrtps_cpp.hpp
[1.375s] -- Up-to-date: /home/mmitss/Documents/cda-mmitss/other/install/carma_msgs/include/carma_msgs/msg/detail/light_bar_indicator_controllers__rosidl_typesupport_fastrtps_cpp.hpp
[1.376s] -- Up-to-date: /home/mmitss/Documents/cda-mmitss/other/install/carma_msgs/include/carma_msgs/msg/detail/light_bar_cda_type__rosidl_typesupport_fastrtps_cpp.hpp
[1.376s] -- Up-to-date: /home/mmitss/Documents/cda-mmitss/other/install/carma_msgs/include/carma_msgs/msg/detail/ui_instructions__rosidl_typesupport_fastrtps_cpp.hpp
[1.376s] -- Up-to-date: /home/mmitss/Documents/cda-mmitss/other/install/carma_msgs/include/carma_msgs/msg/detail/system_alert__rosidl_typesupport_fastrtps_cpp.hpp
[1.376s] -- Up-to-date: /home/mmitss/Documents/cda-mmitss/other/install/carma_msgs/include/carma_msgs/msg/detail/carla_enabled__rosidl_typesupport_fastrtps_cpp.hpp
[1.376s] -- Up-to-date: /home/mmitss/Documents/cda-mmitss/other/install/carma_msgs/include/carma_msgs/msg/detail/dds_fastrtps
[1.376s] -- Up-to-date: /home/mmitss/Documents/cda-mmitss/other/install/carma_msgs/lib/libcarma_msgs__rosidl_typesupport_fastrtps_cpp.so
[1.377s] -- Up-to-date: /home/mmitss/Documents/cda-mmitss/other/install/carma_msgs/include/carma_msgs
[1.377s] -- Up-to-date: /home/mmitss/Documents/cda-mmitss/other/install/carma_msgs/include/carma_msgs/srv
[1.378s] -- Up-to-date: /home/mmitss/Documents/cda-mmitss/other/install/carma_msgs/include/carma_msgs/srv/detail
[1.378s] -- Up-to-date: /home/mmitss/Documents/cda-mmitss/other/install/carma_msgs/include/carma_msgs/srv/detail/set_traffic_event__rosidl_typesupport_introspection_c.h
[1.379s] -- Up-to-date: /home/mmitss/Documents/cda-mmitss/other/install/carma_msgs/include/carma_msgs/srv/detail/set_traffic_event__type_support.c
[1.379s] -- Up-to-date: /home/mmitss/Documents/cda-mmitss/other/install/carma_msgs/include/carma_msgs/srv/detail/request_indicator_control__type_support.c
[1.379s] -- Up-to-date: /home/mmitss/Documents/cda-mmitss/other/install/carma_msgs/include/carma_msgs/srv/detail/request_indicator_control__rosidl_typesupport_introspection_c.h
[1.380s] -- Up-to-date: /home/mmitss/Documents/cda-mmitss/other/install/carma_msgs/include/carma_msgs/srv/detail/release_indicator_control__type_support.c
[1.380s] -- Up-to-date: /home/mmitss/Documents/cda-mmitss/other/install/carma_msgs/include/carma_msgs/srv/detail/release_indicator_control__rosidl_typesupport_introspection_c.h
[1.380s] -- Up-to-date: /home/mmitss/Documents/cda-mmitss/other/install/carma_msgs/include/carma_msgs/msg
[1.380s] -- Up-to-date: /home/mmitss/Documents/cda-mmitss/other/install/carma_msgs/include/carma_msgs/msg/rosidl_typesupport_introspection_c__visibility_control.h
[1.380s] -- Up-to-date: /home/mmitss/Documents/cda-mmitss/other/install/carma_msgs/include/carma_msgs/msg/detail
[1.380s] -- Up-to-date: /home/mmitss/Documents/cda-mmitss/other/install/carma_msgs/include/carma_msgs/msg/detail/carla_enabled__type_support.c
[1.380s] -- Up-to-date: /home/mmitss/Documents/cda-mmitss/other/install/carma_msgs/include/carma_msgs/msg/detail/ui_instructions__type_support.c
[1.381s] -- Up-to-date: /home/mmitss/Documents/cda-mmitss/other/install/carma_msgs/include/carma_msgs/msg/detail/light_bar_indicator_controllers__type_support.c
[1.381s] -- Up-to-date: /home/mmitss/Documents/cda-mmitss/other/install/carma_msgs/include/carma_msgs/msg/detail/ui_instructions__rosidl_typesupport_introspection_c.h
[1.381s] -- Up-to-date: /home/mmitss/Documents/cda-mmitss/other/install/carma_msgs/include/carma_msgs/msg/detail/system_alert__type_support.c
[1.381s] -- Up-to-date: /home/mmitss/Documents/cda-mmitss/other/install/carma_msgs/include/carma_msgs/msg/detail/light_bar_cda_type__rosidl_typesupport_introspection_c.h
[1.381s] -- Up-to-date: /home/mmitss/Documents/cda-mmitss/other/install/carma_msgs/include/carma_msgs/msg/detail/light_bar_indicator_controllers__rosidl_typesupport_introspection_c.h
[1.382s] -- Up-to-date: /home/mmitss/Documents/cda-mmitss/other/install/carma_msgs/include/carma_msgs/msg/detail/carla_enabled__rosidl_typesupport_introspection_c.h
[1.382s] -- Up-to-date: /home/mmitss/Documents/cda-mmitss/other/install/carma_msgs/include/carma_msgs/msg/detail/light_bar_cda_type__type_support.c
[1.382s] -- Up-to-date: /home/mmitss/Documents/cda-mmitss/other/install/carma_msgs/include/carma_msgs/msg/detail/system_alert__rosidl_typesupport_introspection_c.h
[1.382s] -- Up-to-date: /home/mmitss/Documents/cda-mmitss/other/install/carma_msgs/include/carma_msgs/msg/detail/light_bar_indicator__rosidl_typesupport_introspection_c.h
[1.382s] -- Up-to-date: /home/mmitss/Documents/cda-mmitss/other/install/carma_msgs/include/carma_msgs/msg/detail/light_bar_indicator__type_support.c
[1.383s] -- Up-to-date: /home/mmitss/Documents/cda-mmitss/other/install/carma_msgs/lib/libcarma_msgs__rosidl_typesupport_introspection_c.so
[1.384s] -- Up-to-date: /home/mmitss/Documents/cda-mmitss/other/install/carma_msgs/lib/libcarma_msgs__rosidl_typesupport_c.so
[1.385s] -- Up-to-date: /home/mmitss/Documents/cda-mmitss/other/install/carma_msgs/include/carma_msgs
[1.385s] -- Up-to-date: /home/mmitss/Documents/cda-mmitss/other/install/carma_msgs/include/carma_msgs/srv
[1.385s] -- Up-to-date: /home/mmitss/Documents/cda-mmitss/other/install/carma_msgs/include/carma_msgs/srv/release_indicator_control.hpp
[1.386s] -- Up-to-date: /home/mmitss/Documents/cda-mmitss/other/install/carma_msgs/include/carma_msgs/srv/set_traffic_event.hpp
[1.386s] -- Up-to-date: /home/mmitss/Documents/cda-mmitss/other/install/carma_msgs/include/carma_msgs/srv/request_indicator_control.hpp
[1.386s] -- Up-to-date: /home/mmitss/Documents/cda-mmitss/other/install/carma_msgs/include/carma_msgs/srv/detail
[1.386s] -- Up-to-date: /home/mmitss/Documents/cda-mmitss/other/install/carma_msgs/include/carma_msgs/srv/detail/set_traffic_event__struct.hpp
[1.386s] -- Up-to-date: /home/mmitss/Documents/cda-mmitss/other/install/carma_msgs/include/carma_msgs/srv/detail/request_indicator_control__type_support.hpp
[1.386s] -- Up-to-date: /home/mmitss/Documents/cda-mmitss/other/install/carma_msgs/include/carma_msgs/srv/detail/set_traffic_event__type_support.hpp
[1.386s] -- Up-to-date: /home/mmitss/Documents/cda-mmitss/other/install/carma_msgs/include/carma_msgs/srv/detail/request_indicator_control__struct.hpp
[1.386s] -- Up-to-date: /home/mmitss/Documents/cda-mmitss/other/install/carma_msgs/include/carma_msgs/srv/detail/set_traffic_event__traits.hpp
[1.386s] -- Up-to-date: /home/mmitss/Documents/cda-mmitss/other/install/carma_msgs/include/carma_msgs/srv/detail/set_traffic_event__builder.hpp
[1.386s] -- Up-to-date: /home/mmitss/Documents/cda-mmitss/other/install/carma_msgs/include/carma_msgs/srv/detail/request_indicator_control__builder.hpp
[1.387s] -- Up-to-date: /home/mmitss/Documents/cda-mmitss/other/install/carma_msgs/include/carma_msgs/srv/detail/release_indicator_control__traits.hpp
[1.387s] -- Up-to-date: /home/mmitss/Documents/cda-mmitss/other/install/carma_msgs/include/carma_msgs/srv/detail/request_indicator_control__traits.hpp
[1.387s] -- Up-to-date: /home/mmitss/Documents/cda-mmitss/other/install/carma_msgs/include/carma_msgs/srv/detail/release_indicator_control__builder.hpp
[1.388s] -- Up-to-date: /home/mmitss/Documents/cda-mmitss/other/install/carma_msgs/include/carma_msgs/srv/detail/release_indicator_control__struct.hpp
[1.389s] -- Up-to-date: /home/mmitss/Documents/cda-mmitss/other/install/carma_msgs/include/carma_msgs/srv/detail/release_indicator_control__type_support.hpp
[1.389s] -- Up-to-date: /home/mmitss/Documents/cda-mmitss/other/install/carma_msgs/include/carma_msgs/msg
[1.389s] -- Up-to-date: /home/mmitss/Documents/cda-mmitss/other/install/carma_msgs/include/carma_msgs/msg/system_alert.hpp
[1.389s] -- Up-to-date: /home/mmitss/Documents/cda-mmitss/other/install/carma_msgs/include/carma_msgs/msg/carla_enabled.hpp
[1.389s] -- Up-to-date: /home/mmitss/Documents/cda-mmitss/other/install/carma_msgs/include/carma_msgs/msg/rosidl_generator_cpp__visibility_control.hpp
[1.389s] -- Up-to-date: /home/mmitss/Documents/cda-mmitss/other/install/carma_msgs/include/carma_msgs/msg/light_bar_indicator.hpp
[1.389s] -- Up-to-date: /home/mmitss/Documents/cda-mmitss/other/install/carma_msgs/include/carma_msgs/msg/light_bar_indicator_controllers.hpp
[1.390s] -- Up-to-date: /home/mmitss/Documents/cda-mmitss/other/install/carma_msgs/include/carma_msgs/msg/ui_instructions.hpp
[1.390s] -- Up-to-date: /home/mmitss/Documents/cda-mmitss/other/install/carma_msgs/include/carma_msgs/msg/light_bar_cda_type.hpp
[1.390s] -- Up-to-date: /home/mmitss/Documents/cda-mmitss/other/install/carma_msgs/include/carma_msgs/msg/detail
[1.390s] -- Up-to-date: /home/mmitss/Documents/cda-mmitss/other/install/carma_msgs/include/carma_msgs/msg/detail/light_bar_cda_type__builder.hpp
[1.390s] -- Up-to-date: /home/mmitss/Documents/cda-mmitss/other/install/carma_msgs/include/carma_msgs/msg/detail/light_bar_cda_type__traits.hpp
[1.390s] -- Up-to-date: /home/mmitss/Documents/cda-mmitss/other/install/carma_msgs/include/carma_msgs/msg/detail/carla_enabled__traits.hpp
[1.390s] -- Up-to-date: /home/mmitss/Documents/cda-mmitss/other/install/carma_msgs/include/carma_msgs/msg/detail/system_alert__struct.hpp
[1.390s] -- Up-to-date: /home/mmitss/Documents/cda-mmitss/other/install/carma_msgs/include/carma_msgs/msg/detail/light_bar_indicator_controllers__type_support.hpp
[1.391s] -- Up-to-date: /home/mmitss/Documents/cda-mmitss/other/install/carma_msgs/include/carma_msgs/msg/detail/light_bar_indicator_controllers__struct.hpp
[1.391s] -- Up-to-date: /home/mmitss/Documents/cda-mmitss/other/install/carma_msgs/include/carma_msgs/msg/detail/carla_enabled__type_support.hpp
[1.391s] -- Up-to-date: /home/mmitss/Documents/cda-mmitss/other/install/carma_msgs/include/carma_msgs/msg/detail/system_alert__type_support.hpp
[1.394s] -- Up-to-date: /home/mmitss/Documents/cda-mmitss/other/install/carma_msgs/include/carma_msgs/msg/detail/light_bar_indicator__struct.hpp
[1.394s] -- Up-to-date: /home/mmitss/Documents/cda-mmitss/other/install/carma_msgs/include/carma_msgs/msg/detail/ui_instructions__type_support.hpp
[1.394s] -- Up-to-date: /home/mmitss/Documents/cda-mmitss/other/install/carma_msgs/include/carma_msgs/msg/detail/ui_instructions__builder.hpp
[1.394s] -- Up-to-date: /home/mmitss/Documents/cda-mmitss/other/install/carma_msgs/include/carma_msgs/msg/detail/ui_instructions__struct.hpp
[1.394s] -- Up-to-date: /home/mmitss/Documents/cda-mmitss/other/install/carma_msgs/include/carma_msgs/msg/detail/carla_enabled__struct.hpp
[1.394s] -- Up-to-date: /home/mmitss/Documents/cda-mmitss/other/install/carma_msgs/include/carma_msgs/msg/detail/light_bar_indicator_controllers__traits.hpp
[1.395s] -- Up-to-date: /home/mmitss/Documents/cda-mmitss/other/install/carma_msgs/include/carma_msgs/msg/detail/light_bar_indicator__builder.hpp
[1.395s] -- Up-to-date: /home/mmitss/Documents/cda-mmitss/other/install/carma_msgs/include/carma_msgs/msg/detail/ui_instructions__traits.hpp
[1.395s] -- Up-to-date: /home/mmitss/Documents/cda-mmitss/other/install/carma_msgs/include/carma_msgs/msg/detail/light_bar_indicator__type_support.hpp
[1.395s] -- Up-to-date: /home/mmitss/Documents/cda-mmitss/other/install/carma_msgs/include/carma_msgs/msg/detail/light_bar_indicator_controllers__builder.hpp
[1.395s] -- Up-to-date: /home/mmitss/Documents/cda-mmitss/other/install/carma_msgs/include/carma_msgs/msg/detail/system_alert__builder.hpp
[1.395s] -- Up-to-date: /home/mmitss/Documents/cda-mmitss/other/install/carma_msgs/include/carma_msgs/msg/detail/carla_enabled__builder.hpp
[1.395s] -- Up-to-date: /home/mmitss/Documents/cda-mmitss/other/install/carma_msgs/include/carma_msgs/msg/detail/system_alert__traits.hpp
[1.395s] -- Up-to-date: /home/mmitss/Documents/cda-mmitss/other/install/carma_msgs/include/carma_msgs/msg/detail/light_bar_cda_type__type_support.hpp
[1.395s] -- Up-to-date: /home/mmitss/Documents/cda-mmitss/other/install/carma_msgs/include/carma_msgs/msg/detail/light_bar_indicator__traits.hpp
[1.395s] -- Up-to-date: /home/mmitss/Documents/cda-mmitss/other/install/carma_msgs/include/carma_msgs/msg/detail/light_bar_cda_type__struct.hpp
[1.396s] -- Up-to-date: /home/mmitss/Documents/cda-mmitss/other/install/carma_msgs/include/carma_msgs
[1.396s] -- Up-to-date: /home/mmitss/Documents/cda-mmitss/other/install/carma_msgs/include/carma_msgs/srv
[1.396s] -- Up-to-date: /home/mmitss/Documents/cda-mmitss/other/install/carma_msgs/include/carma_msgs/srv/detail
[1.396s] -- Up-to-date: /home/mmitss/Documents/cda-mmitss/other/install/carma_msgs/include/carma_msgs/srv/detail/release_indicator_control__type_support.cpp
[1.396s] -- Up-to-date: /home/mmitss/Documents/cda-mmitss/other/install/carma_msgs/include/carma_msgs/srv/detail/set_traffic_event__type_support.cpp
[1.396s] -- Up-to-date: /home/mmitss/Documents/cda-mmitss/other/install/carma_msgs/include/carma_msgs/srv/detail/release_indicator_control__rosidl_typesupport_introspection_cpp.hpp
[1.397s] -- Up-to-date: /home/mmitss/Documents/cda-mmitss/other/install/carma_msgs/include/carma_msgs/srv/detail/request_indicator_control__type_support.cpp
[1.397s] -- Up-to-date: /home/mmitss/Documents/cda-mmitss/other/install/carma_msgs/include/carma_msgs/srv/detail/set_traffic_event__rosidl_typesupport_introspection_cpp.hpp
[1.397s] -- Up-to-date: /home/mmitss/Documents/cda-mmitss/other/install/carma_msgs/include/carma_msgs/srv/detail/request_indicator_control__rosidl_typesupport_introspection_cpp.hpp
[1.397s] -- Up-to-date: /home/mmitss/Documents/cda-mmitss/other/install/carma_msgs/include/carma_msgs/msg
[1.397s] -- Up-to-date: /home/mmitss/Documents/cda-mmitss/other/install/carma_msgs/include/carma_msgs/msg/detail
[1.397s] -- Up-to-date: /home/mmitss/Documents/cda-mmitss/other/install/carma_msgs/include/carma_msgs/msg/detail/light_bar_indicator__type_support.cpp
[1.398s] -- Up-to-date: /home/mmitss/Documents/cda-mmitss/other/install/carma_msgs/include/carma_msgs/msg/detail/system_alert__type_support.cpp
[1.398s] -- Up-to-date: /home/mmitss/Documents/cda-mmitss/other/install/carma_msgs/include/carma_msgs/msg/detail/ui_instructions__rosidl_typesupport_introspection_cpp.hpp
[1.398s] -- Up-to-date: /home/mmitss/Documents/cda-mmitss/other/install/carma_msgs/include/carma_msgs/msg/detail/light_bar_indicator__rosidl_typesupport_introspection_cpp.hpp
[1.398s] -- Up-to-date: /home/mmitss/Documents/cda-mmitss/other/install/carma_msgs/include/carma_msgs/msg/detail/light_bar_cda_type__type_support.cpp
[1.398s] -- Up-to-date: /home/mmitss/Documents/cda-mmitss/other/install/carma_msgs/include/carma_msgs/msg/detail/ui_instructions__type_support.cpp
[1.398s] -- Up-to-date: /home/mmitss/Documents/cda-mmitss/other/install/carma_msgs/include/carma_msgs/msg/detail/carla_enabled__rosidl_typesupport_introspection_cpp.hpp
[1.399s] -- Up-to-date: /home/mmitss/Documents/cda-mmitss/other/install/carma_msgs/include/carma_msgs/msg/detail/light_bar_cda_type__rosidl_typesupport_introspection_cpp.hpp
[1.399s] -- Up-to-date: /home/mmitss/Documents/cda-mmitss/other/install/carma_msgs/include/carma_msgs/msg/detail/light_bar_indicator_controllers__rosidl_typesupport_introspection_cpp.hpp
[1.399s] -- Up-to-date: /home/mmitss/Documents/cda-mmitss/other/install/carma_msgs/include/carma_msgs/msg/detail/light_bar_indicator_controllers__type_support.cpp
[1.399s] -- Up-to-date: /home/mmitss/Documents/cda-mmitss/other/install/carma_msgs/include/carma_msgs/msg/detail/carla_enabled__type_support.cpp
[1.400s] -- Up-to-date: /home/mmitss/Documents/cda-mmitss/other/install/carma_msgs/include/carma_msgs/msg/detail/system_alert__rosidl_typesupport_introspection_cpp.hpp
[1.400s] -- Up-to-date: /home/mmitss/Documents/cda-mmitss/other/install/carma_msgs/lib/libcarma_msgs__rosidl_typesupport_introspection_cpp.so
[1.401s] -- Up-to-date: /home/mmitss/Documents/cda-mmitss/other/install/carma_msgs/lib/libcarma_msgs__rosidl_typesupport_cpp.so
[1.401s] -- Up-to-date: /home/mmitss/Documents/cda-mmitss/other/install/carma_msgs/share/carma_msgs/environment/pythonpath.sh
[1.409s] -- Up-to-date: /home/mmitss/Documents/cda-mmitss/other/install/carma_msgs/share/carma_msgs/environment/pythonpath.dsv
[1.409s] -- Up-to-date: /home/mmitss/Documents/cda-mmitss/other/install/carma_msgs/lib/python3.8/site-packages/carma_msgs/__init__.py
[1.442s] -- Up-to-date: /home/mmitss/Documents/cda-mmitss/other/install/carma_msgs/lib/python3.8/site-packages/carma_msgs/msg
[1.442s] -- Up-to-date: /home/mmitss/Documents/cda-mmitss/other/install/carma_msgs/lib/python3.8/site-packages/carma_msgs/msg/_carla_enabled_s.c
[1.443s] -- Up-to-date: /home/mmitss/Documents/cda-mmitss/other/install/carma_msgs/lib/python3.8/site-packages/carma_msgs/msg/_light_bar_indicator_controllers.py
[1.443s] -- Up-to-date: /home/mmitss/Documents/cda-mmitss/other/install/carma_msgs/lib/python3.8/site-packages/carma_msgs/msg/_carla_enabled.py
[1.443s] -- Up-to-date: /home/mmitss/Documents/cda-mmitss/other/install/carma_msgs/lib/python3.8/site-packages/carma_msgs/msg/_light_bar_indicator.py
[1.443s] -- Up-to-date: /home/mmitss/Documents/cda-mmitss/other/install/carma_msgs/lib/python3.8/site-packages/carma_msgs/msg/_light_bar_indicator_controllers_s.c
[1.443s] -- Up-to-date: /home/mmitss/Documents/cda-mmitss/other/install/carma_msgs/lib/python3.8/site-packages/carma_msgs/msg/_light_bar_cda_type.py
[1.443s] -- Up-to-date: /home/mmitss/Documents/cda-mmitss/other/install/carma_msgs/lib/python3.8/site-packages/carma_msgs/msg/_ui_instructions.py
[1.444s] -- Up-to-date: /home/mmitss/Documents/cda-mmitss/other/install/carma_msgs/lib/python3.8/site-packages/carma_msgs/msg/_system_alert_s.c
[1.444s] -- Up-to-date: /home/mmitss/Documents/cda-mmitss/other/install/carma_msgs/lib/python3.8/site-packages/carma_msgs/msg/_ui_instructions_s.c
[1.444s] -- Up-to-date: /home/mmitss/Documents/cda-mmitss/other/install/carma_msgs/lib/python3.8/site-packages/carma_msgs/msg/_system_alert.py
[1.444s] -- Up-to-date: /home/mmitss/Documents/cda-mmitss/other/install/carma_msgs/lib/python3.8/site-packages/carma_msgs/msg/_light_bar_cda_type_s.c
[1.444s] -- Up-to-date: /home/mmitss/Documents/cda-mmitss/other/install/carma_msgs/lib/python3.8/site-packages/carma_msgs/msg/_light_bar_indicator_s.c
[1.444s] -- Up-to-date: /home/mmitss/Documents/cda-mmitss/other/install/carma_msgs/lib/python3.8/site-packages/carma_msgs/msg/__init__.py
[1.444s] -- Up-to-date: /home/mmitss/Documents/cda-mmitss/other/install/carma_msgs/lib/python3.8/site-packages/carma_msgs/srv
[1.444s] -- Up-to-date: /home/mmitss/Documents/cda-mmitss/other/install/carma_msgs/lib/python3.8/site-packages/carma_msgs/srv/_set_traffic_event.py
[1.444s] -- Up-to-date: /home/mmitss/Documents/cda-mmitss/other/install/carma_msgs/lib/python3.8/site-packages/carma_msgs/srv/_release_indicator_control.py
[1.445s] -- Up-to-date: /home/mmitss/Documents/cda-mmitss/other/install/carma_msgs/lib/python3.8/site-packages/carma_msgs/srv/_request_indicator_control_s.c
[1.445s] -- Up-to-date: /home/mmitss/Documents/cda-mmitss/other/install/carma_msgs/lib/python3.8/site-packages/carma_msgs/srv/_release_indicator_control_s.c
[1.445s] -- Up-to-date: /home/mmitss/Documents/cda-mmitss/other/install/carma_msgs/lib/python3.8/site-packages/carma_msgs/srv/_set_traffic_event_s.c
[1.445s] -- Up-to-date: /home/mmitss/Documents/cda-mmitss/other/install/carma_msgs/lib/python3.8/site-packages/carma_msgs/srv/_request_indicator_control.py
[1.445s] -- Up-to-date: /home/mmitss/Documents/cda-mmitss/other/install/carma_msgs/lib/python3.8/site-packages/carma_msgs/srv/__init__.py
[1.445s] -- Up-to-date: /home/mmitss/Documents/cda-mmitss/other/install/carma_msgs/lib/python3.8/site-packages/carma_msgs/carma_msgs_s__rosidl_typesupport_fastrtps_c.cpython-38-x86_64-linux-gnu.so
[1.445s] -- Up-to-date: /home/mmitss/Documents/cda-mmitss/other/install/carma_msgs/lib/python3.8/site-packages/carma_msgs/carma_msgs_s__rosidl_typesupport_introspection_c.cpython-38-x86_64-linux-gnu.so
[1.446s] -- Up-to-date: /home/mmitss/Documents/cda-mmitss/other/install/carma_msgs/lib/python3.8/site-packages/carma_msgs/carma_msgs_s__rosidl_typesupport_c.cpython-38-x86_64-linux-gnu.so
[1.447s] -- Up-to-date: /home/mmitss/Documents/cda-mmitss/other/install/carma_msgs/lib/libcarma_msgs__python.so
[1.448s] -- Up-to-date: /home/mmitss/Documents/cda-mmitss/other/install/carma_msgs/share/carma_msgs/msg/CarlaEnabled.idl
[1.448s] -- Up-to-date: /home/mmitss/Documents/cda-mmitss/other/install/carma_msgs/share/carma_msgs/msg/LightBarCDAType.idl
[1.448s] -- Up-to-date: /home/mmitss/Documents/cda-mmitss/other/install/carma_msgs/share/carma_msgs/msg/LightBarIndicator.idl
[1.448s] -- Up-to-date: /home/mmitss/Documents/cda-mmitss/other/install/carma_msgs/share/carma_msgs/msg/LightBarIndicatorControllers.idl
[1.449s] -- Up-to-date: /home/mmitss/Documents/cda-mmitss/other/install/carma_msgs/share/carma_msgs/msg/SystemAlert.idl
[1.449s] -- Up-to-date: /home/mmitss/Documents/cda-mmitss/other/install/carma_msgs/share/carma_msgs/msg/UIInstructions.idl
[1.449s] -- Up-to-date: /home/mmitss/Documents/cda-mmitss/other/install/carma_msgs/share/carma_msgs/srv/ReleaseIndicatorControl.idl
[1.449s] -- Up-to-date: /home/mmitss/Documents/cda-mmitss/other/install/carma_msgs/share/carma_msgs/srv/RequestIndicatorControl.idl
[1.450s] -- Up-to-date: /home/mmitss/Documents/cda-mmitss/other/install/carma_msgs/share/carma_msgs/srv/SetTrafficEvent.idl
[1.450s] -- Up-to-date: /home/mmitss/Documents/cda-mmitss/other/install/carma_msgs/share/carma_msgs/msg/CarlaEnabled.msg
[1.450s] -- Up-to-date: /home/mmitss/Documents/cda-mmitss/other/install/carma_msgs/share/carma_msgs/msg/LightBarCDAType.msg
[1.450s] -- Up-to-date: /home/mmitss/Documents/cda-mmitss/other/install/carma_msgs/share/carma_msgs/msg/LightBarIndicator.msg
[1.450s] -- Up-to-date: /home/mmitss/Documents/cda-mmitss/other/install/carma_msgs/share/carma_msgs/msg/LightBarIndicatorControllers.msg
[1.450s] -- Up-to-date: /home/mmitss/Documents/cda-mmitss/other/install/carma_msgs/share/carma_msgs/msg/SystemAlert.msg
[1.451s] -- Up-to-date: /home/mmitss/Documents/cda-mmitss/other/install/carma_msgs/share/carma_msgs/msg/UIInstructions.msg
[1.451s] -- Up-to-date: /home/mmitss/Documents/cda-mmitss/other/install/carma_msgs/share/carma_msgs/srv/ReleaseIndicatorControl.srv
[1.451s] -- Up-to-date: /home/mmitss/Documents/cda-mmitss/other/install/carma_msgs/share/carma_msgs/srv/ReleaseIndicatorControl_Request.msg
[1.451s] -- Up-to-date: /home/mmitss/Documents/cda-mmitss/other/install/carma_msgs/share/carma_msgs/srv/ReleaseIndicatorControl_Response.msg
[1.451s] -- Up-to-date: /home/mmitss/Documents/cda-mmitss/other/install/carma_msgs/share/carma_msgs/srv/RequestIndicatorControl.srv
[1.451s] -- Up-to-date: /home/mmitss/Documents/cda-mmitss/other/install/carma_msgs/share/carma_msgs/srv/RequestIndicatorControl_Request.msg
[1.452s] -- Up-to-date: /home/mmitss/Documents/cda-mmitss/other/install/carma_msgs/share/carma_msgs/srv/RequestIndicatorControl_Response.msg
[1.452s] -- Up-to-date: /home/mmitss/Documents/cda-mmitss/other/install/carma_msgs/share/carma_msgs/srv/SetTrafficEvent.srv
[1.452s] -- Up-to-date: /home/mmitss/Documents/cda-mmitss/other/install/carma_msgs/share/carma_msgs/srv/SetTrafficEvent_Request.msg
[1.452s] -- Up-to-date: /home/mmitss/Documents/cda-mmitss/other/install/carma_msgs/share/carma_msgs/srv/SetTrafficEvent_Response.msg
[1.452s] -- Up-to-date: /home/mmitss/Documents/cda-mmitss/other/install/carma_msgs/share/ament_index/resource_index/package_run_dependencies/carma_msgs
[1.452s] -- Up-to-date: /home/mmitss/Documents/cda-mmitss/other/install/carma_msgs/share/ament_index/resource_index/parent_prefix_path/carma_msgs
[1.452s] -- Up-to-date: /home/mmitss/Documents/cda-mmitss/other/install/carma_msgs/share/carma_msgs/environment/ament_prefix_path.sh
[1.452s] -- Up-to-date: /home/mmitss/Documents/cda-mmitss/other/install/carma_msgs/share/carma_msgs/environment/ament_prefix_path.dsv
[1.453s] -- Up-to-date: /home/mmitss/Documents/cda-mmitss/other/install/carma_msgs/share/carma_msgs/environment/path.sh
[1.453s] -- Up-to-date: /home/mmitss/Documents/cda-mmitss/other/install/carma_msgs/share/carma_msgs/environment/path.dsv
[1.453s] -- Up-to-date: /home/mmitss/Documents/cda-mmitss/other/install/carma_msgs/share/carma_msgs/local_setup.bash
[1.453s] -- Up-to-date: /home/mmitss/Documents/cda-mmitss/other/install/carma_msgs/share/carma_msgs/local_setup.sh
[1.453s] -- Up-to-date: /home/mmitss/Documents/cda-mmitss/other/install/carma_msgs/share/carma_msgs/local_setup.zsh
[1.453s] -- Up-to-date: /home/mmitss/Documents/cda-mmitss/other/install/carma_msgs/share/carma_msgs/local_setup.dsv
[1.453s] -- Installing: /home/mmitss/Documents/cda-mmitss/other/install/carma_msgs/share/carma_msgs/package.dsv
[1.454s] -- Up-to-date: /home/mmitss/Documents/cda-mmitss/other/install/carma_msgs/share/ament_index/resource_index/packages/carma_msgs
[1.454s] -- Up-to-date: /home/mmitss/Documents/cda-mmitss/other/install/carma_msgs/share/carma_msgs/cmake/carma_msgs__rosidl_generator_cExport.cmake
[1.454s] -- Up-to-date: /home/mmitss/Documents/cda-mmitss/other/install/carma_msgs/share/carma_msgs/cmake/carma_msgs__rosidl_generator_cExport-release.cmake
[1.454s] -- Up-to-date: /home/mmitss/Documents/cda-mmitss/other/install/carma_msgs/share/carma_msgs/cmake/carma_msgs__rosidl_typesupport_introspection_cExport.cmake
[1.454s] -- Up-to-date: /home/mmitss/Documents/cda-mmitss/other/install/carma_msgs/share/carma_msgs/cmake/carma_msgs__rosidl_typesupport_introspection_cExport-release.cmake
[1.454s] -- Up-to-date: /home/mmitss/Documents/cda-mmitss/other/install/carma_msgs/share/carma_msgs/cmake/carma_msgs__rosidl_typesupport_cExport.cmake
[1.455s] -- Up-to-date: /home/mmitss/Documents/cda-mmitss/other/install/carma_msgs/share/carma_msgs/cmake/carma_msgs__rosidl_typesupport_cExport-release.cmake
[1.455s] -- Up-to-date: /home/mmitss/Documents/cda-mmitss/other/install/carma_msgs/share/carma_msgs/cmake/carma_msgs__rosidl_generator_cppExport.cmake
[1.455s] -- Up-to-date: /home/mmitss/Documents/cda-mmitss/other/install/carma_msgs/share/carma_msgs/cmake/carma_msgs__rosidl_typesupport_introspection_cppExport.cmake
[1.457s] -- Up-to-date: /home/mmitss/Documents/cda-mmitss/other/install/carma_msgs/share/carma_msgs/cmake/carma_msgs__rosidl_typesupport_introspection_cppExport-release.cmake
[1.457s] -- Up-to-date: /home/mmitss/Documents/cda-mmitss/other/install/carma_msgs/share/carma_msgs/cmake/carma_msgs__rosidl_typesupport_cppExport.cmake
[1.457s] -- Up-to-date: /home/mmitss/Documents/cda-mmitss/other/install/carma_msgs/share/carma_msgs/cmake/carma_msgs__rosidl_typesupport_cppExport-release.cmake
[1.457s] -- Up-to-date: /home/mmitss/Documents/cda-mmitss/other/install/carma_msgs/share/carma_msgs/cmake/rosidl_cmake-extras.cmake
[1.457s] -- Up-to-date: /home/mmitss/Documents/cda-mmitss/other/install/carma_msgs/share/carma_msgs/cmake/ament_cmake_export_dependencies-extras.cmake
[1.457s] -- Up-to-date: /home/mmitss/Documents/cda-mmitss/other/install/carma_msgs/share/carma_msgs/cmake/ament_cmake_export_libraries-extras.cmake
[1.457s] -- Up-to-date: /home/mmitss/Documents/cda-mmitss/other/install/carma_msgs/share/carma_msgs/cmake/ament_cmake_export_targets-extras.cmake
[1.457s] -- Up-to-date: /home/mmitss/Documents/cda-mmitss/other/install/carma_msgs/share/carma_msgs/cmake/ament_cmake_export_include_directories-extras.cmake
[1.458s] -- Up-to-date: /home/mmitss/Documents/cda-mmitss/other/install/carma_msgs/share/carma_msgs/cmake/rosidl_cmake_export_typesupport_libraries-extras.cmake
[1.458s] -- Up-to-date: /home/mmitss/Documents/cda-mmitss/other/install/carma_msgs/share/carma_msgs/cmake/rosidl_cmake_export_typesupport_targets-extras.cmake
[1.458s] -- Up-to-date: /home/mmitss/Documents/cda-mmitss/other/install/carma_msgs/share/carma_msgs/cmake/carma_msgsConfig.cmake
[1.458s] -- Up-to-date: /home/mmitss/Documents/cda-mmitss/other/install/carma_msgs/share/carma_msgs/cmake/carma_msgsConfig-version.cmake
[1.458s] -- Up-to-date: /home/mmitss/Documents/cda-mmitss/other/install/carma_msgs/share/carma_msgs/package.xml
[1.458s] -- Up-to-date: /home/mmitss/Documents/cda-mmitss/other/install/carma_msgs/share/carma_msgs/rule.yml
[1.467s] Invoked command in '/home/mmitss/Documents/cda-mmitss/other/build/carma_msgs' returned '0': CMAKE_PREFIX_PATH=/home/mmitss/Documents/cda-mmitss/other/install/carma_cmake_common:/home/mmitss/Documents/cda-mmitss/other/install/carma_debug_ros2_msgs:/home/mmitss/Documents/cda-mmitss/other/install/carma_planning_msgs:/home/mmitss/Documents/cda-mmitss/other/install/carma_v2x_msgs:/home/mmitss/Documents/cda-mmitss/other/install/j3224_v2x_msgs:/home/mmitss/Documents/cda-mmitss/other/install/j2735_v2x_msgs:/home/mmitss/Documents/cda-mmitss/other/install/carma_perception_msgs:/home/mmitss/Documents/cda-mmitss/other/install/carma_driver_msgs:/home/mmitss/Documents/cda-mmitss/other/install/carma_msgs:/home/mmitss/Documents/cda-mmitss/other/install/carma_localization_msgs:/home/mmitss/Documents/cda-mmitss/other/install/can_msgs:/opt/ros/foxy CONDA_PROMPT_MODIFIER=(base) /usr/bin/cmake --install /home/mmitss/Documents/cda-mmitss/other/build/carma_msgs
