[  1%] Built target carma_perception_msgs__cpp
[ 12%] Built target carma_perception_msgs__rosidl_generator_c
[ 24%] Built target carma_perception_msgs__rosidl_typesupport_fastrtps_cpp
[ 44%] Built target carma_perception_msgs__rosidl_typesupport_introspection_cpp
[ 47%] Built target carma_perception_msgs__rosidl_typesupport_cpp
[ 58%] Built target carma_perception_msgs__rosidl_typesupport_introspection_c
[ 70%] Built target carma_perception_msgs__rosidl_typesupport_c
[ 82%] Built target carma_perception_msgs__rosidl_typesupport_fastrtps_c
[ 82%] Built target carma_perception_msgs
[ 83%] Built target carma_perception_msgs__py
[ 93%] Built target carma_perception_msgs__python
[ 95%] Built target carma_perception_msgs__rosidl_typesupport_c__pyext
[ 97%] Built target carma_perception_msgs__rosidl_typesupport_fastrtps_c__pyext
[100%] Built target carma_perception_msgs__rosidl_typesupport_introspection_c__pyext
-- Install configuration: "Release"
-- Up-to-date: /home/mmitss/Documents/cda-mmitss/other/install/carma_perception_msgs/share/ament_index/resource_index/rosidl_interfaces/carma_perception_msgs
-- Up-to-date: /home/mmitss/Documents/cda-mmitss/other/install/carma_perception_msgs/include/carma_perception_msgs
-- Up-to-date: /home/mmitss/Documents/cda-mmitss/other/install/carma_perception_msgs/include/carma_perception_msgs/msg
-- Up-to-date: /home/mmitss/Documents/cda-mmitss/other/install/carma_perception_msgs/include/carma_perception_msgs/msg/traffic_signal_info_list.h
-- Up-to-date: /home/mmitss/Documents/cda-mmitss/other/install/carma_perception_msgs/include/carma_perception_msgs/msg/external_object_list.h
-- Up-to-date: /home/mmitss/Documents/cda-mmitss/other/install/carma_perception_msgs/include/carma_perception_msgs/msg/rosidl_generator_c__visibility_control.h
-- Up-to-date: /home/mmitss/Documents/cda-mmitss/other/install/carma_perception_msgs/include/carma_perception_msgs/msg/connected_vehicle_type.h
-- Up-to-date: /home/mmitss/Documents/cda-mmitss/other/install/carma_perception_msgs/include/carma_perception_msgs/msg/traffic_signal_info.h
-- Up-to-date: /home/mmitss/Documents/cda-mmitss/other/install/carma_perception_msgs/include/carma_perception_msgs/msg/roadway_obstacle.h
-- Up-to-date: /home/mmitss/Documents/cda-mmitss/other/install/carma_perception_msgs/include/carma_perception_msgs/msg/external_object.h
-- Up-to-date: /home/mmitss/Documents/cda-mmitss/other/install/carma_perception_msgs/include/carma_perception_msgs/msg/roadway_obstacle_list.h
-- Up-to-date: /home/mmitss/Documents/cda-mmitss/other/install/carma_perception_msgs/include/carma_perception_msgs/msg/predicted_state.h
-- Up-to-date: /home/mmitss/Documents/cda-mmitss/other/install/carma_perception_msgs/include/carma_perception_msgs/msg/check_active_geofence.h
-- Up-to-date: /home/mmitss/Documents/cda-mmitss/other/install/carma_perception_msgs/include/carma_perception_msgs/msg/detail
-- Up-to-date: /home/mmitss/Documents/cda-mmitss/other/install/carma_perception_msgs/include/carma_perception_msgs/msg/detail/predicted_state__struct.h
-- Up-to-date: /home/mmitss/Documents/cda-mmitss/other/install/carma_perception_msgs/include/carma_perception_msgs/msg/detail/check_active_geofence__struct.h
-- Up-to-date: /home/mmitss/Documents/cda-mmitss/other/install/carma_perception_msgs/include/carma_perception_msgs/msg/detail/external_object_list__struct.h
-- Up-to-date: /home/mmitss/Documents/cda-mmitss/other/install/carma_perception_msgs/include/carma_perception_msgs/msg/detail/connected_vehicle_type__struct.h
-- Up-to-date: /home/mmitss/Documents/cda-mmitss/other/install/carma_perception_msgs/include/carma_perception_msgs/msg/detail/roadway_obstacle_list__functions.h
-- Up-to-date: /home/mmitss/Documents/cda-mmitss/other/install/carma_perception_msgs/include/carma_perception_msgs/msg/detail/traffic_signal_info_list__functions.c
-- Up-to-date: /home/mmitss/Documents/cda-mmitss/other/install/carma_perception_msgs/include/carma_perception_msgs/msg/detail/external_object_list__type_support.h
-- Up-to-date: /home/mmitss/Documents/cda-mmitss/other/install/carma_perception_msgs/include/carma_perception_msgs/msg/detail/traffic_signal_info_list__struct.h
-- Up-to-date: /home/mmitss/Documents/cda-mmitss/other/install/carma_perception_msgs/include/carma_perception_msgs/msg/detail/external_object__functions.h
-- Up-to-date: /home/mmitss/Documents/cda-mmitss/other/install/carma_perception_msgs/include/carma_perception_msgs/msg/detail/roadway_obstacle_list__functions.c
-- Up-to-date: /home/mmitss/Documents/cda-mmitss/other/install/carma_perception_msgs/include/carma_perception_msgs/msg/detail/check_active_geofence__functions.c
-- Up-to-date: /home/mmitss/Documents/cda-mmitss/other/install/carma_perception_msgs/include/carma_perception_msgs/msg/detail/traffic_signal_info__type_support.h
-- Up-to-date: /home/mmitss/Documents/cda-mmitss/other/install/carma_perception_msgs/include/carma_perception_msgs/msg/detail/external_object_list__functions.c
-- Up-to-date: /home/mmitss/Documents/cda-mmitss/other/install/carma_perception_msgs/include/carma_perception_msgs/msg/detail/check_active_geofence__type_support.h
-- Up-to-date: /home/mmitss/Documents/cda-mmitss/other/install/carma_perception_msgs/include/carma_perception_msgs/msg/detail/external_object_list__functions.h
-- Up-to-date: /home/mmitss/Documents/cda-mmitss/other/install/carma_perception_msgs/include/carma_perception_msgs/msg/detail/predicted_state__type_support.h
-- Up-to-date: /home/mmitss/Documents/cda-mmitss/other/install/carma_perception_msgs/include/carma_perception_msgs/msg/detail/traffic_signal_info_list__type_support.h
-- Up-to-date: /home/mmitss/Documents/cda-mmitss/other/install/carma_perception_msgs/include/carma_perception_msgs/msg/detail/connected_vehicle_type__functions.c
-- Up-to-date: /home/mmitss/Documents/cda-mmitss/other/install/carma_perception_msgs/include/carma_perception_msgs/msg/detail/roadway_obstacle_list__struct.h
-- Up-to-date: /home/mmitss/Documents/cda-mmitss/other/install/carma_perception_msgs/include/carma_perception_msgs/msg/detail/roadway_obstacle__struct.h
-- Up-to-date: /home/mmitss/Documents/cda-mmitss/other/install/carma_perception_msgs/include/carma_perception_msgs/msg/detail/external_object__struct.h
-- Up-to-date: /home/mmitss/Documents/cda-mmitss/other/install/carma_perception_msgs/include/carma_perception_msgs/msg/detail/roadway_obstacle__type_support.h
-- Up-to-date: /home/mmitss/Documents/cda-mmitss/other/install/carma_perception_msgs/include/carma_perception_msgs/msg/detail/traffic_signal_info_list__functions.h
-- Up-to-date: /home/mmitss/Documents/cda-mmitss/other/install/carma_perception_msgs/include/carma_perception_msgs/msg/detail/traffic_signal_info__struct.h
-- Up-to-date: /home/mmitss/Documents/cda-mmitss/other/install/carma_perception_msgs/include/carma_perception_msgs/msg/detail/roadway_obstacle__functions.c
-- Up-to-date: /home/mmitss/Documents/cda-mmitss/other/install/carma_perception_msgs/include/carma_perception_msgs/msg/detail/roadway_obstacle__functions.h
-- Up-to-date: /home/mmitss/Documents/cda-mmitss/other/install/carma_perception_msgs/include/carma_perception_msgs/msg/detail/traffic_signal_info__functions.c
-- Up-to-date: /home/mmitss/Documents/cda-mmitss/other/install/carma_perception_msgs/include/carma_perception_msgs/msg/detail/external_object__type_support.h
-- Up-to-date: /home/mmitss/Documents/cda-mmitss/other/install/carma_perception_msgs/include/carma_perception_msgs/msg/detail/connected_vehicle_type__functions.h
-- Up-to-date: /home/mmitss/Documents/cda-mmitss/other/install/carma_perception_msgs/include/carma_perception_msgs/msg/detail/check_active_geofence__functions.h
-- Up-to-date: /home/mmitss/Documents/cda-mmitss/other/install/carma_perception_msgs/include/carma_perception_msgs/msg/detail/predicted_state__functions.c
-- Up-to-date: /home/mmitss/Documents/cda-mmitss/other/install/carma_perception_msgs/include/carma_perception_msgs/msg/detail/roadway_obstacle_list__type_support.h
-- Up-to-date: /home/mmitss/Documents/cda-mmitss/other/install/carma_perception_msgs/include/carma_perception_msgs/msg/detail/predicted_state__functions.h
-- Up-to-date: /home/mmitss/Documents/cda-mmitss/other/install/carma_perception_msgs/include/carma_perception_msgs/msg/detail/connected_vehicle_type__type_support.h
-- Up-to-date: /home/mmitss/Documents/cda-mmitss/other/install/carma_perception_msgs/include/carma_perception_msgs/msg/detail/traffic_signal_info__functions.h
-- Up-to-date: /home/mmitss/Documents/cda-mmitss/other/install/carma_perception_msgs/include/carma_perception_msgs/msg/detail/external_object__functions.c
-- Up-to-date: /home/mmitss/Documents/cda-mmitss/other/install/carma_perception_msgs/share/carma_perception_msgs/environment/library_path.sh
-- Up-to-date: /home/mmitss/Documents/cda-mmitss/other/install/carma_perception_msgs/share/carma_perception_msgs/environment/library_path.dsv
-- Up-to-date: /home/mmitss/Documents/cda-mmitss/other/install/carma_perception_msgs/lib/libcarma_perception_msgs__rosidl_generator_c.so
-- Up-to-date: /home/mmitss/Documents/cda-mmitss/other/install/carma_perception_msgs/include/carma_perception_msgs
-- Up-to-date: /home/mmitss/Documents/cda-mmitss/other/install/carma_perception_msgs/include/carma_perception_msgs/msg
-- Up-to-date: /home/mmitss/Documents/cda-mmitss/other/install/carma_perception_msgs/include/carma_perception_msgs/msg/rosidl_typesupport_fastrtps_c__visibility_control.h
-- Up-to-date: /home/mmitss/Documents/cda-mmitss/other/install/carma_perception_msgs/include/carma_perception_msgs/msg/detail
-- Up-to-date: /home/mmitss/Documents/cda-mmitss/other/install/carma_perception_msgs/include/carma_perception_msgs/msg/detail/roadway_obstacle__rosidl_typesupport_fastrtps_c.h
-- Up-to-date: /home/mmitss/Documents/cda-mmitss/other/install/carma_perception_msgs/include/carma_perception_msgs/msg/detail/traffic_signal_info__rosidl_typesupport_fastrtps_c.h
-- Up-to-date: /home/mmitss/Documents/cda-mmitss/other/install/carma_perception_msgs/include/carma_perception_msgs/msg/detail/roadway_obstacle_list__rosidl_typesupport_fastrtps_c.h
-- Up-to-date: /home/mmitss/Documents/cda-mmitss/other/install/carma_perception_msgs/include/carma_perception_msgs/msg/detail/check_active_geofence__rosidl_typesupport_fastrtps_c.h
-- Up-to-date: /home/mmitss/Documents/cda-mmitss/other/install/carma_perception_msgs/include/carma_perception_msgs/msg/detail/predicted_state__rosidl_typesupport_fastrtps_c.h
-- Up-to-date: /home/mmitss/Documents/cda-mmitss/other/install/carma_perception_msgs/include/carma_perception_msgs/msg/detail/external_object__rosidl_typesupport_fastrtps_c.h
-- Up-to-date: /home/mmitss/Documents/cda-mmitss/other/install/carma_perception_msgs/include/carma_perception_msgs/msg/detail/traffic_signal_info_list__rosidl_typesupport_fastrtps_c.h
-- Up-to-date: /home/mmitss/Documents/cda-mmitss/other/install/carma_perception_msgs/include/carma_perception_msgs/msg/detail/external_object_list__rosidl_typesupport_fastrtps_c.h
-- Up-to-date: /home/mmitss/Documents/cda-mmitss/other/install/carma_perception_msgs/include/carma_perception_msgs/msg/detail/connected_vehicle_type__rosidl_typesupport_fastrtps_c.h
-- Up-to-date: /home/mmitss/Documents/cda-mmitss/other/install/carma_perception_msgs/lib/libcarma_perception_msgs__rosidl_typesupport_fastrtps_c.so
-- Up-to-date: /home/mmitss/Documents/cda-mmitss/other/install/carma_perception_msgs/include/carma_perception_msgs
-- Up-to-date: /home/mmitss/Documents/cda-mmitss/other/install/carma_perception_msgs/include/carma_perception_msgs/msg
-- Up-to-date: /home/mmitss/Documents/cda-mmitss/other/install/carma_perception_msgs/include/carma_perception_msgs/msg/rosidl_typesupport_fastrtps_cpp__visibility_control.h
-- Up-to-date: /home/mmitss/Documents/cda-mmitss/other/install/carma_perception_msgs/include/carma_perception_msgs/msg/detail
-- Up-to-date: /home/mmitss/Documents/cda-mmitss/other/install/carma_perception_msgs/include/carma_perception_msgs/msg/detail/connected_vehicle_type__rosidl_typesupport_fastrtps_cpp.hpp
-- Up-to-date: /home/mmitss/Documents/cda-mmitss/other/install/carma_perception_msgs/include/carma_perception_msgs/msg/detail/roadway_obstacle__rosidl_typesupport_fastrtps_cpp.hpp
-- Up-to-date: /home/mmitss/Documents/cda-mmitss/other/install/carma_perception_msgs/include/carma_perception_msgs/msg/detail/check_active_geofence__rosidl_typesupport_fastrtps_cpp.hpp
-- Up-to-date: /home/mmitss/Documents/cda-mmitss/other/install/carma_perception_msgs/include/carma_perception_msgs/msg/detail/traffic_signal_info__rosidl_typesupport_fastrtps_cpp.hpp
-- Up-to-date: /home/mmitss/Documents/cda-mmitss/other/install/carma_perception_msgs/include/carma_perception_msgs/msg/detail/external_object_list__rosidl_typesupport_fastrtps_cpp.hpp
-- Up-to-date: /home/mmitss/Documents/cda-mmitss/other/install/carma_perception_msgs/include/carma_perception_msgs/msg/detail/dds_fastrtps
-- Up-to-date: /home/mmitss/Documents/cda-mmitss/other/install/carma_perception_msgs/include/carma_perception_msgs/msg/detail/external_object__rosidl_typesupport_fastrtps_cpp.hpp
-- Up-to-date: /home/mmitss/Documents/cda-mmitss/other/install/carma_perception_msgs/include/carma_perception_msgs/msg/detail/predicted_state__rosidl_typesupport_fastrtps_cpp.hpp
-- Up-to-date: /home/mmitss/Documents/cda-mmitss/other/install/carma_perception_msgs/include/carma_perception_msgs/msg/detail/roadway_obstacle_list__rosidl_typesupport_fastrtps_cpp.hpp
-- Up-to-date: /home/mmitss/Documents/cda-mmitss/other/install/carma_perception_msgs/include/carma_perception_msgs/msg/detail/traffic_signal_info_list__rosidl_typesupport_fastrtps_cpp.hpp
-- Up-to-date: /home/mmitss/Documents/cda-mmitss/other/install/carma_perception_msgs/lib/libcarma_perception_msgs__rosidl_typesupport_fastrtps_cpp.so
-- Up-to-date: /home/mmitss/Documents/cda-mmitss/other/install/carma_perception_msgs/include/carma_perception_msgs
-- Up-to-date: /home/mmitss/Documents/cda-mmitss/other/install/carma_perception_msgs/include/carma_perception_msgs/msg
-- Up-to-date: /home/mmitss/Documents/cda-mmitss/other/install/carma_perception_msgs/include/carma_perception_msgs/msg/rosidl_typesupport_introspection_c__visibility_control.h
-- Up-to-date: /home/mmitss/Documents/cda-mmitss/other/install/carma_perception_msgs/include/carma_perception_msgs/msg/detail
-- Up-to-date: /home/mmitss/Documents/cda-mmitss/other/install/carma_perception_msgs/include/carma_perception_msgs/msg/detail/external_object_list__type_support.c
-- Up-to-date: /home/mmitss/Documents/cda-mmitss/other/install/carma_perception_msgs/include/carma_perception_msgs/msg/detail/external_object_list__rosidl_typesupport_introspection_c.h
-- Up-to-date: /home/mmitss/Documents/cda-mmitss/other/install/carma_perception_msgs/include/carma_perception_msgs/msg/detail/roadway_obstacle_list__rosidl_typesupport_introspection_c.h
-- Up-to-date: /home/mmitss/Documents/cda-mmitss/other/install/carma_perception_msgs/include/carma_perception_msgs/msg/detail/external_object__rosidl_typesupport_introspection_c.h
-- Up-to-date: /home/mmitss/Documents/cda-mmitss/other/install/carma_perception_msgs/include/carma_perception_msgs/msg/detail/external_object__type_support.c
-- Up-to-date: /home/mmitss/Documents/cda-mmitss/other/install/carma_perception_msgs/include/carma_perception_msgs/msg/detail/connected_vehicle_type__rosidl_typesupport_introspection_c.h
-- Up-to-date: /home/mmitss/Documents/cda-mmitss/other/install/carma_perception_msgs/include/carma_perception_msgs/msg/detail/predicted_state__rosidl_typesupport_introspection_c.h
-- Up-to-date: /home/mmitss/Documents/cda-mmitss/other/install/carma_perception_msgs/include/carma_perception_msgs/msg/detail/traffic_signal_info__type_support.c
-- Up-to-date: /home/mmitss/Documents/cda-mmitss/other/install/carma_perception_msgs/include/carma_perception_msgs/msg/detail/check_active_geofence__rosidl_typesupport_introspection_c.h
-- Up-to-date: /home/mmitss/Documents/cda-mmitss/other/install/carma_perception_msgs/include/carma_perception_msgs/msg/detail/traffic_signal_info_list__type_support.c
-- Up-to-date: /home/mmitss/Documents/cda-mmitss/other/install/carma_perception_msgs/include/carma_perception_msgs/msg/detail/check_active_geofence__type_support.c
-- Up-to-date: /home/mmitss/Documents/cda-mmitss/other/install/carma_perception_msgs/include/carma_perception_msgs/msg/detail/roadway_obstacle_list__type_support.c
-- Up-to-date: /home/mmitss/Documents/cda-mmitss/other/install/carma_perception_msgs/include/carma_perception_msgs/msg/detail/traffic_signal_info_list__rosidl_typesupport_introspection_c.h
-- Up-to-date: /home/mmitss/Documents/cda-mmitss/other/install/carma_perception_msgs/include/carma_perception_msgs/msg/detail/roadway_obstacle__type_support.c
-- Up-to-date: /home/mmitss/Documents/cda-mmitss/other/install/carma_perception_msgs/include/carma_perception_msgs/msg/detail/connected_vehicle_type__type_support.c
-- Up-to-date: /home/mmitss/Documents/cda-mmitss/other/install/carma_perception_msgs/include/carma_perception_msgs/msg/detail/predicted_state__type_support.c
-- Up-to-date: /home/mmitss/Documents/cda-mmitss/other/install/carma_perception_msgs/include/carma_perception_msgs/msg/detail/traffic_signal_info__rosidl_typesupport_introspection_c.h
-- Up-to-date: /home/mmitss/Documents/cda-mmitss/other/install/carma_perception_msgs/include/carma_perception_msgs/msg/detail/roadway_obstacle__rosidl_typesupport_introspection_c.h
-- Up-to-date: /home/mmitss/Documents/cda-mmitss/other/install/carma_perception_msgs/lib/libcarma_perception_msgs__rosidl_typesupport_introspection_c.so
-- Up-to-date: /home/mmitss/Documents/cda-mmitss/other/install/carma_perception_msgs/lib/libcarma_perception_msgs__rosidl_typesupport_c.so
-- Up-to-date: /home/mmitss/Documents/cda-mmitss/other/install/carma_perception_msgs/include/carma_perception_msgs
-- Up-to-date: /home/mmitss/Documents/cda-mmitss/other/install/carma_perception_msgs/include/carma_perception_msgs/msg
-- Up-to-date: /home/mmitss/Documents/cda-mmitss/other/install/carma_perception_msgs/include/carma_perception_msgs/msg/check_active_geofence.hpp
-- Up-to-date: /home/mmitss/Documents/cda-mmitss/other/install/carma_perception_msgs/include/carma_perception_msgs/msg/traffic_signal_info_list.hpp
-- Up-to-date: /home/mmitss/Documents/cda-mmitss/other/install/carma_perception_msgs/include/carma_perception_msgs/msg/rosidl_generator_cpp__visibility_control.hpp
-- Up-to-date: /home/mmitss/Documents/cda-mmitss/other/install/carma_perception_msgs/include/carma_perception_msgs/msg/connected_vehicle_type.hpp
-- Up-to-date: /home/mmitss/Documents/cda-mmitss/other/install/carma_perception_msgs/include/carma_perception_msgs/msg/traffic_signal_info.hpp
-- Up-to-date: /home/mmitss/Documents/cda-mmitss/other/install/carma_perception_msgs/include/carma_perception_msgs/msg/roadway_obstacle.hpp
-- Up-to-date: /home/mmitss/Documents/cda-mmitss/other/install/carma_perception_msgs/include/carma_perception_msgs/msg/external_object.hpp
-- Up-to-date: /home/mmitss/Documents/cda-mmitss/other/install/carma_perception_msgs/include/carma_perception_msgs/msg/predicted_state.hpp
-- Up-to-date: /home/mmitss/Documents/cda-mmitss/other/install/carma_perception_msgs/include/carma_perception_msgs/msg/roadway_obstacle_list.hpp
-- Up-to-date: /home/mmitss/Documents/cda-mmitss/other/install/carma_perception_msgs/include/carma_perception_msgs/msg/external_object_list.hpp
-- Up-to-date: /home/mmitss/Documents/cda-mmitss/other/install/carma_perception_msgs/include/carma_perception_msgs/msg/detail
-- Up-to-date: /home/mmitss/Documents/cda-mmitss/other/install/carma_perception_msgs/include/carma_perception_msgs/msg/detail/check_active_geofence__builder.hpp
-- Up-to-date: /home/mmitss/Documents/cda-mmitss/other/install/carma_perception_msgs/include/carma_perception_msgs/msg/detail/predicted_state__type_support.hpp
-- Up-to-date: /home/mmitss/Documents/cda-mmitss/other/install/carma_perception_msgs/include/carma_perception_msgs/msg/detail/connected_vehicle_type__traits.hpp
-- Up-to-date: /home/mmitss/Documents/cda-mmitss/other/install/carma_perception_msgs/include/carma_perception_msgs/msg/detail/external_object_list__struct.hpp
-- Up-to-date: /home/mmitss/Documents/cda-mmitss/other/install/carma_perception_msgs/include/carma_perception_msgs/msg/detail/external_object__builder.hpp
-- Up-to-date: /home/mmitss/Documents/cda-mmitss/other/install/carma_perception_msgs/include/carma_perception_msgs/msg/detail/check_active_geofence__traits.hpp
-- Up-to-date: /home/mmitss/Documents/cda-mmitss/other/install/carma_perception_msgs/include/carma_perception_msgs/msg/detail/connected_vehicle_type__struct.hpp
-- Up-to-date: /home/mmitss/Documents/cda-mmitss/other/install/carma_perception_msgs/include/carma_perception_msgs/msg/detail/traffic_signal_info_list__builder.hpp
-- Up-to-date: /home/mmitss/Documents/cda-mmitss/other/install/carma_perception_msgs/include/carma_perception_msgs/msg/detail/check_active_geofence__type_support.hpp
-- Up-to-date: /home/mmitss/Documents/cda-mmitss/other/install/carma_perception_msgs/include/carma_perception_msgs/msg/detail/traffic_signal_info_list__type_support.hpp
-- Up-to-date: /home/mmitss/Documents/cda-mmitss/other/install/carma_perception_msgs/include/carma_perception_msgs/msg/detail/traffic_signal_info__struct.hpp
-- Up-to-date: /home/mmitss/Documents/cda-mmitss/other/install/carma_perception_msgs/include/carma_perception_msgs/msg/detail/predicted_state__builder.hpp
-- Up-to-date: /home/mmitss/Documents/cda-mmitss/other/install/carma_perception_msgs/include/carma_perception_msgs/msg/detail/roadway_obstacle_list__struct.hpp
-- Up-to-date: /home/mmitss/Documents/cda-mmitss/other/install/carma_perception_msgs/include/carma_perception_msgs/msg/detail/predicted_state__traits.hpp
-- Up-to-date: /home/mmitss/Documents/cda-mmitss/other/install/carma_perception_msgs/include/carma_perception_msgs/msg/detail/check_active_geofence__struct.hpp
-- Up-to-date: /home/mmitss/Documents/cda-mmitss/other/install/carma_perception_msgs/include/carma_perception_msgs/msg/detail/roadway_obstacle_list__type_support.hpp
-- Up-to-date: /home/mmitss/Documents/cda-mmitss/other/install/carma_perception_msgs/include/carma_perception_msgs/msg/detail/traffic_signal_info_list__traits.hpp
-- Up-to-date: /home/mmitss/Documents/cda-mmitss/other/install/carma_perception_msgs/include/carma_perception_msgs/msg/detail/traffic_signal_info__builder.hpp
-- Up-to-date: /home/mmitss/Documents/cda-mmitss/other/install/carma_perception_msgs/include/carma_perception_msgs/msg/detail/traffic_signal_info__traits.hpp
-- Up-to-date: /home/mmitss/Documents/cda-mmitss/other/install/carma_perception_msgs/include/carma_perception_msgs/msg/detail/roadway_obstacle__struct.hpp
-- Up-to-date: /home/mmitss/Documents/cda-mmitss/other/install/carma_perception_msgs/include/carma_perception_msgs/msg/detail/traffic_signal_info_list__struct.hpp
-- Up-to-date: /home/mmitss/Documents/cda-mmitss/other/install/carma_perception_msgs/include/carma_perception_msgs/msg/detail/roadway_obstacle__builder.hpp
-- Up-to-date: /home/mmitss/Documents/cda-mmitss/other/install/carma_perception_msgs/include/carma_perception_msgs/msg/detail/external_object__struct.hpp
-- Up-to-date: /home/mmitss/Documents/cda-mmitss/other/install/carma_perception_msgs/include/carma_perception_msgs/msg/detail/external_object__type_support.hpp
-- Up-to-date: /home/mmitss/Documents/cda-mmitss/other/install/carma_perception_msgs/include/carma_perception_msgs/msg/detail/roadway_obstacle_list__builder.hpp
-- Up-to-date: /home/mmitss/Documents/cda-mmitss/other/install/carma_perception_msgs/include/carma_perception_msgs/msg/detail/connected_vehicle_type__builder.hpp
-- Up-to-date: /home/mmitss/Documents/cda-mmitss/other/install/carma_perception_msgs/include/carma_perception_msgs/msg/detail/external_object__traits.hpp
-- Up-to-date: /home/mmitss/Documents/cda-mmitss/other/install/carma_perception_msgs/include/carma_perception_msgs/msg/detail/external_object_list__type_support.hpp
-- Up-to-date: /home/mmitss/Documents/cda-mmitss/other/install/carma_perception_msgs/include/carma_perception_msgs/msg/detail/roadway_obstacle__traits.hpp
-- Up-to-date: /home/mmitss/Documents/cda-mmitss/other/install/carma_perception_msgs/include/carma_perception_msgs/msg/detail/connected_vehicle_type__type_support.hpp
-- Up-to-date: /home/mmitss/Documents/cda-mmitss/other/install/carma_perception_msgs/include/carma_perception_msgs/msg/detail/roadway_obstacle_list__traits.hpp
-- Up-to-date: /home/mmitss/Documents/cda-mmitss/other/install/carma_perception_msgs/include/carma_perception_msgs/msg/detail/external_object_list__builder.hpp
-- Up-to-date: /home/mmitss/Documents/cda-mmitss/other/install/carma_perception_msgs/include/carma_perception_msgs/msg/detail/roadway_obstacle__type_support.hpp
-- Up-to-date: /home/mmitss/Documents/cda-mmitss/other/install/carma_perception_msgs/include/carma_perception_msgs/msg/detail/predicted_state__struct.hpp
-- Up-to-date: /home/mmitss/Documents/cda-mmitss/other/install/carma_perception_msgs/include/carma_perception_msgs/msg/detail/external_object_list__traits.hpp
-- Up-to-date: /home/mmitss/Documents/cda-mmitss/other/install/carma_perception_msgs/include/carma_perception_msgs/msg/detail/traffic_signal_info__type_support.hpp
-- Up-to-date: /home/mmitss/Documents/cda-mmitss/other/install/carma_perception_msgs/include/carma_perception_msgs
-- Up-to-date: /home/mmitss/Documents/cda-mmitss/other/install/carma_perception_msgs/include/carma_perception_msgs/msg
-- Up-to-date: /home/mmitss/Documents/cda-mmitss/other/install/carma_perception_msgs/include/carma_perception_msgs/msg/detail
-- Up-to-date: /home/mmitss/Documents/cda-mmitss/other/install/carma_perception_msgs/include/carma_perception_msgs/msg/detail/external_object_list__rosidl_typesupport_introspection_cpp.hpp
-- Up-to-date: /home/mmitss/Documents/cda-mmitss/other/install/carma_perception_msgs/include/carma_perception_msgs/msg/detail/external_object_list__type_support.cpp
-- Up-to-date: /home/mmitss/Documents/cda-mmitss/other/install/carma_perception_msgs/include/carma_perception_msgs/msg/detail/connected_vehicle_type__type_support.cpp
-- Up-to-date: /home/mmitss/Documents/cda-mmitss/other/install/carma_perception_msgs/include/carma_perception_msgs/msg/detail/roadway_obstacle_list__rosidl_typesupport_introspection_cpp.hpp
-- Up-to-date: /home/mmitss/Documents/cda-mmitss/other/install/carma_perception_msgs/include/carma_perception_msgs/msg/detail/roadway_obstacle_list__type_support.cpp
-- Up-to-date: /home/mmitss/Documents/cda-mmitss/other/install/carma_perception_msgs/include/carma_perception_msgs/msg/detail/external_object__type_support.cpp
-- Up-to-date: /home/mmitss/Documents/cda-mmitss/other/install/carma_perception_msgs/include/carma_perception_msgs/msg/detail/traffic_signal_info__rosidl_typesupport_introspection_cpp.hpp
-- Up-to-date: /home/mmitss/Documents/cda-mmitss/other/install/carma_perception_msgs/include/carma_perception_msgs/msg/detail/connected_vehicle_type__rosidl_typesupport_introspection_cpp.hpp
-- Up-to-date: /home/mmitss/Documents/cda-mmitss/other/install/carma_perception_msgs/include/carma_perception_msgs/msg/detail/roadway_obstacle__type_support.cpp
-- Up-to-date: /home/mmitss/Documents/cda-mmitss/other/install/carma_perception_msgs/include/carma_perception_msgs/msg/detail/external_object__rosidl_typesupport_introspection_cpp.hpp
-- Up-to-date: /home/mmitss/Documents/cda-mmitss/other/install/carma_perception_msgs/include/carma_perception_msgs/msg/detail/predicted_state__type_support.cpp
-- Up-to-date: /home/mmitss/Documents/cda-mmitss/other/install/carma_perception_msgs/include/carma_perception_msgs/msg/detail/check_active_geofence__type_support.cpp
-- Up-to-date: /home/mmitss/Documents/cda-mmitss/other/install/carma_perception_msgs/include/carma_perception_msgs/msg/detail/predicted_state__rosidl_typesupport_introspection_cpp.hpp
-- Up-to-date: /home/mmitss/Documents/cda-mmitss/other/install/carma_perception_msgs/include/carma_perception_msgs/msg/detail/traffic_signal_info__type_support.cpp
-- Up-to-date: /home/mmitss/Documents/cda-mmitss/other/install/carma_perception_msgs/include/carma_perception_msgs/msg/detail/check_active_geofence__rosidl_typesupport_introspection_cpp.hpp
-- Up-to-date: /home/mmitss/Documents/cda-mmitss/other/install/carma_perception_msgs/include/carma_perception_msgs/msg/detail/roadway_obstacle__rosidl_typesupport_introspection_cpp.hpp
-- Up-to-date: /home/mmitss/Documents/cda-mmitss/other/install/carma_perception_msgs/include/carma_perception_msgs/msg/detail/traffic_signal_info_list__type_support.cpp
-- Up-to-date: /home/mmitss/Documents/cda-mmitss/other/install/carma_perception_msgs/include/carma_perception_msgs/msg/detail/traffic_signal_info_list__rosidl_typesupport_introspection_cpp.hpp
-- Up-to-date: /home/mmitss/Documents/cda-mmitss/other/install/carma_perception_msgs/lib/libcarma_perception_msgs__rosidl_typesupport_introspection_cpp.so
-- Up-to-date: /home/mmitss/Documents/cda-mmitss/other/install/carma_perception_msgs/lib/libcarma_perception_msgs__rosidl_typesupport_cpp.so
-- Up-to-date: /home/mmitss/Documents/cda-mmitss/other/install/carma_perception_msgs/share/carma_perception_msgs/environment/pythonpath.sh
-- Up-to-date: /home/mmitss/Documents/cda-mmitss/other/install/carma_perception_msgs/share/carma_perception_msgs/environment/pythonpath.dsv
-- Up-to-date: /home/mmitss/Documents/cda-mmitss/other/install/carma_perception_msgs/lib/python3.8/site-packages/carma_perception_msgs/__init__.py
-- Up-to-date: /home/mmitss/Documents/cda-mmitss/other/install/carma_perception_msgs/lib/python3.8/site-packages/carma_perception_msgs/msg
-- Up-to-date: /home/mmitss/Documents/cda-mmitss/other/install/carma_perception_msgs/lib/python3.8/site-packages/carma_perception_msgs/msg/_roadway_obstacle_list.py
-- Up-to-date: /home/mmitss/Documents/cda-mmitss/other/install/carma_perception_msgs/lib/python3.8/site-packages/carma_perception_msgs/msg/_predicted_state_s.c
-- Up-to-date: /home/mmitss/Documents/cda-mmitss/other/install/carma_perception_msgs/lib/python3.8/site-packages/carma_perception_msgs/msg/_roadway_obstacle_s.c
-- Up-to-date: /home/mmitss/Documents/cda-mmitss/other/install/carma_perception_msgs/lib/python3.8/site-packages/carma_perception_msgs/msg/_traffic_signal_info_s.c
-- Up-to-date: /home/mmitss/Documents/cda-mmitss/other/install/carma_perception_msgs/lib/python3.8/site-packages/carma_perception_msgs/msg/_check_active_geofence.py
-- Up-to-date: /home/mmitss/Documents/cda-mmitss/other/install/carma_perception_msgs/lib/python3.8/site-packages/carma_perception_msgs/msg/_traffic_signal_info_list_s.c
-- Up-to-date: /home/mmitss/Documents/cda-mmitss/other/install/carma_perception_msgs/lib/python3.8/site-packages/carma_perception_msgs/msg/_roadway_obstacle.py
-- Up-to-date: /home/mmitss/Documents/cda-mmitss/other/install/carma_perception_msgs/lib/python3.8/site-packages/carma_perception_msgs/msg/_external_object_s.c
-- Up-to-date: /home/mmitss/Documents/cda-mmitss/other/install/carma_perception_msgs/lib/python3.8/site-packages/carma_perception_msgs/msg/_check_active_geofence_s.c
-- Up-to-date: /home/mmitss/Documents/cda-mmitss/other/install/carma_perception_msgs/lib/python3.8/site-packages/carma_perception_msgs/msg/_roadway_obstacle_list_s.c
-- Up-to-date: /home/mmitss/Documents/cda-mmitss/other/install/carma_perception_msgs/lib/python3.8/site-packages/carma_perception_msgs/msg/_traffic_signal_info.py
-- Up-to-date: /home/mmitss/Documents/cda-mmitss/other/install/carma_perception_msgs/lib/python3.8/site-packages/carma_perception_msgs/msg/_traffic_signal_info_list.py
-- Up-to-date: /home/mmitss/Documents/cda-mmitss/other/install/carma_perception_msgs/lib/python3.8/site-packages/carma_perception_msgs/msg/_external_object_list_s.c
-- Up-to-date: /home/mmitss/Documents/cda-mmitss/other/install/carma_perception_msgs/lib/python3.8/site-packages/carma_perception_msgs/msg/_connected_vehicle_type_s.c
-- Up-to-date: /home/mmitss/Documents/cda-mmitss/other/install/carma_perception_msgs/lib/python3.8/site-packages/carma_perception_msgs/msg/_external_object.py
-- Up-to-date: /home/mmitss/Documents/cda-mmitss/other/install/carma_perception_msgs/lib/python3.8/site-packages/carma_perception_msgs/msg/_external_object_list.py
-- Up-to-date: /home/mmitss/Documents/cda-mmitss/other/install/carma_perception_msgs/lib/python3.8/site-packages/carma_perception_msgs/msg/_connected_vehicle_type.py
-- Up-to-date: /home/mmitss/Documents/cda-mmitss/other/install/carma_perception_msgs/lib/python3.8/site-packages/carma_perception_msgs/msg/__init__.py
-- Up-to-date: /home/mmitss/Documents/cda-mmitss/other/install/carma_perception_msgs/lib/python3.8/site-packages/carma_perception_msgs/msg/_predicted_state.py
-- Up-to-date: /home/mmitss/Documents/cda-mmitss/other/install/carma_perception_msgs/lib/python3.8/site-packages/carma_perception_msgs/carma_perception_msgs_s__rosidl_typesupport_fastrtps_c.cpython-38-x86_64-linux-gnu.so
-- Up-to-date: /home/mmitss/Documents/cda-mmitss/other/install/carma_perception_msgs/lib/python3.8/site-packages/carma_perception_msgs/carma_perception_msgs_s__rosidl_typesupport_introspection_c.cpython-38-x86_64-linux-gnu.so
-- Up-to-date: /home/mmitss/Documents/cda-mmitss/other/install/carma_perception_msgs/lib/python3.8/site-packages/carma_perception_msgs/carma_perception_msgs_s__rosidl_typesupport_c.cpython-38-x86_64-linux-gnu.so
-- Up-to-date: /home/mmitss/Documents/cda-mmitss/other/install/carma_perception_msgs/lib/libcarma_perception_msgs__python.so
-- Up-to-date: /home/mmitss/Documents/cda-mmitss/other/install/carma_perception_msgs/share/carma_perception_msgs/msg/CheckActiveGeofence.idl
-- Up-to-date: /home/mmitss/Documents/cda-mmitss/other/install/carma_perception_msgs/share/carma_perception_msgs/msg/ConnectedVehicleType.idl
-- Up-to-date: /home/mmitss/Documents/cda-mmitss/other/install/carma_perception_msgs/share/carma_perception_msgs/msg/ExternalObject.idl
-- Up-to-date: /home/mmitss/Documents/cda-mmitss/other/install/carma_perception_msgs/share/carma_perception_msgs/msg/ExternalObjectList.idl
-- Up-to-date: /home/mmitss/Documents/cda-mmitss/other/install/carma_perception_msgs/share/carma_perception_msgs/msg/PredictedState.idl
-- Up-to-date: /home/mmitss/Documents/cda-mmitss/other/install/carma_perception_msgs/share/carma_perception_msgs/msg/RoadwayObstacle.idl
-- Up-to-date: /home/mmitss/Documents/cda-mmitss/other/install/carma_perception_msgs/share/carma_perception_msgs/msg/RoadwayObstacleList.idl
-- Up-to-date: /home/mmitss/Documents/cda-mmitss/other/install/carma_perception_msgs/share/carma_perception_msgs/msg/TrafficSignalInfo.idl
-- Up-to-date: /home/mmitss/Documents/cda-mmitss/other/install/carma_perception_msgs/share/carma_perception_msgs/msg/TrafficSignalInfoList.idl
-- Up-to-date: /home/mmitss/Documents/cda-mmitss/other/install/carma_perception_msgs/share/carma_perception_msgs/msg/CheckActiveGeofence.msg
-- Up-to-date: /home/mmitss/Documents/cda-mmitss/other/install/carma_perception_msgs/share/carma_perception_msgs/msg/ConnectedVehicleType.msg
-- Up-to-date: /home/mmitss/Documents/cda-mmitss/other/install/carma_perception_msgs/share/carma_perception_msgs/msg/ExternalObject.msg
-- Up-to-date: /home/mmitss/Documents/cda-mmitss/other/install/carma_perception_msgs/share/carma_perception_msgs/msg/ExternalObjectList.msg
-- Up-to-date: /home/mmitss/Documents/cda-mmitss/other/install/carma_perception_msgs/share/carma_perception_msgs/msg/PredictedState.msg
-- Up-to-date: /home/mmitss/Documents/cda-mmitss/other/install/carma_perception_msgs/share/carma_perception_msgs/msg/RoadwayObstacle.msg
-- Up-to-date: /home/mmitss/Documents/cda-mmitss/other/install/carma_perception_msgs/share/carma_perception_msgs/msg/RoadwayObstacleList.msg
-- Up-to-date: /home/mmitss/Documents/cda-mmitss/other/install/carma_perception_msgs/share/carma_perception_msgs/msg/TrafficSignalInfo.msg
-- Up-to-date: /home/mmitss/Documents/cda-mmitss/other/install/carma_perception_msgs/share/carma_perception_msgs/msg/TrafficSignalInfoList.msg
-- Up-to-date: /home/mmitss/Documents/cda-mmitss/other/install/carma_perception_msgs/share/ament_index/resource_index/package_run_dependencies/carma_perception_msgs
-- Up-to-date: /home/mmitss/Documents/cda-mmitss/other/install/carma_perception_msgs/share/ament_index/resource_index/parent_prefix_path/carma_perception_msgs
-- Up-to-date: /home/mmitss/Documents/cda-mmitss/other/install/carma_perception_msgs/share/carma_perception_msgs/environment/ament_prefix_path.sh
-- Up-to-date: /home/mmitss/Documents/cda-mmitss/other/install/carma_perception_msgs/share/carma_perception_msgs/environment/ament_prefix_path.dsv
-- Up-to-date: /home/mmitss/Documents/cda-mmitss/other/install/carma_perception_msgs/share/carma_perception_msgs/environment/path.sh
-- Up-to-date: /home/mmitss/Documents/cda-mmitss/other/install/carma_perception_msgs/share/carma_perception_msgs/environment/path.dsv
-- Up-to-date: /home/mmitss/Documents/cda-mmitss/other/install/carma_perception_msgs/share/carma_perception_msgs/local_setup.bash
-- Up-to-date: /home/mmitss/Documents/cda-mmitss/other/install/carma_perception_msgs/share/carma_perception_msgs/local_setup.sh
-- Up-to-date: /home/mmitss/Documents/cda-mmitss/other/install/carma_perception_msgs/share/carma_perception_msgs/local_setup.zsh
-- Up-to-date: /home/mmitss/Documents/cda-mmitss/other/install/carma_perception_msgs/share/carma_perception_msgs/local_setup.dsv
-- Installing: /home/mmitss/Documents/cda-mmitss/other/install/carma_perception_msgs/share/carma_perception_msgs/package.dsv
-- Up-to-date: /home/mmitss/Documents/cda-mmitss/other/install/carma_perception_msgs/share/ament_index/resource_index/packages/carma_perception_msgs
-- Up-to-date: /home/mmitss/Documents/cda-mmitss/other/install/carma_perception_msgs/share/carma_perception_msgs/cmake/carma_perception_msgs__rosidl_generator_cExport.cmake
-- Up-to-date: /home/mmitss/Documents/cda-mmitss/other/install/carma_perception_msgs/share/carma_perception_msgs/cmake/carma_perception_msgs__rosidl_generator_cExport-release.cmake
-- Up-to-date: /home/mmitss/Documents/cda-mmitss/other/install/carma_perception_msgs/share/carma_perception_msgs/cmake/carma_perception_msgs__rosidl_typesupport_introspection_cExport.cmake
-- Up-to-date: /home/mmitss/Documents/cda-mmitss/other/install/carma_perception_msgs/share/carma_perception_msgs/cmake/carma_perception_msgs__rosidl_typesupport_introspection_cExport-release.cmake
-- Up-to-date: /home/mmitss/Documents/cda-mmitss/other/install/carma_perception_msgs/share/carma_perception_msgs/cmake/carma_perception_msgs__rosidl_typesupport_cExport.cmake
-- Up-to-date: /home/mmitss/Documents/cda-mmitss/other/install/carma_perception_msgs/share/carma_perception_msgs/cmake/carma_perception_msgs__rosidl_typesupport_cExport-release.cmake
-- Up-to-date: /home/mmitss/Documents/cda-mmitss/other/install/carma_perception_msgs/share/carma_perception_msgs/cmake/carma_perception_msgs__rosidl_generator_cppExport.cmake
-- Up-to-date: /home/mmitss/Documents/cda-mmitss/other/install/carma_perception_msgs/share/carma_perception_msgs/cmake/carma_perception_msgs__rosidl_typesupport_introspection_cppExport.cmake
-- Up-to-date: /home/mmitss/Documents/cda-mmitss/other/install/carma_perception_msgs/share/carma_perception_msgs/cmake/carma_perception_msgs__rosidl_typesupport_introspection_cppExport-release.cmake
-- Up-to-date: /home/mmitss/Documents/cda-mmitss/other/install/carma_perception_msgs/share/carma_perception_msgs/cmake/carma_perception_msgs__rosidl_typesupport_cppExport.cmake
-- Up-to-date: /home/mmitss/Documents/cda-mmitss/other/install/carma_perception_msgs/share/carma_perception_msgs/cmake/carma_perception_msgs__rosidl_typesupport_cppExport-release.cmake
-- Up-to-date: /home/mmitss/Documents/cda-mmitss/other/install/carma_perception_msgs/share/carma_perception_msgs/cmake/rosidl_cmake-extras.cmake
-- Up-to-date: /home/mmitss/Documents/cda-mmitss/other/install/carma_perception_msgs/share/carma_perception_msgs/cmake/ament_cmake_export_dependencies-extras.cmake
-- Up-to-date: /home/mmitss/Documents/cda-mmitss/other/install/carma_perception_msgs/share/carma_perception_msgs/cmake/ament_cmake_export_libraries-extras.cmake
-- Up-to-date: /home/mmitss/Documents/cda-mmitss/other/install/carma_perception_msgs/share/carma_perception_msgs/cmake/ament_cmake_export_targets-extras.cmake
-- Up-to-date: /home/mmitss/Documents/cda-mmitss/other/install/carma_perception_msgs/share/carma_perception_msgs/cmake/ament_cmake_export_include_directories-extras.cmake
-- Up-to-date: /home/mmitss/Documents/cda-mmitss/other/install/carma_perception_msgs/share/carma_perception_msgs/cmake/rosidl_cmake_export_typesupport_libraries-extras.cmake
-- Up-to-date: /home/mmitss/Documents/cda-mmitss/other/install/carma_perception_msgs/share/carma_perception_msgs/cmake/rosidl_cmake_export_typesupport_targets-extras.cmake
-- Up-to-date: /home/mmitss/Documents/cda-mmitss/other/install/carma_perception_msgs/share/carma_perception_msgs/cmake/carma_perception_msgsConfig.cmake
-- Up-to-date: /home/mmitss/Documents/cda-mmitss/other/install/carma_perception_msgs/share/carma_perception_msgs/cmake/carma_perception_msgsConfig-version.cmake
-- Up-to-date: /home/mmitss/Documents/cda-mmitss/other/install/carma_perception_msgs/share/carma_perception_msgs/package.xml
-- Up-to-date: /home/mmitss/Documents/cda-mmitss/other/install/carma_perception_msgs/share/carma_perception_msgs/rule.yml
