[0.102s] Invoking command in '/home/mmitss/Documents/cda-mmitss/other/build/carma_perception_msgs': CMAKE_PREFIX_PATH=/home/mmitss/Documents/cda-mmitss/other/install/carma_cmake_common:/home/mmitss/Documents/cda-mmitss/other/install/carma_debug_ros2_msgs:/home/mmitss/Documents/cda-mmitss/other/install/carma_planning_msgs:/home/mmitss/Documents/cda-mmitss/other/install/carma_v2x_msgs:/home/mmitss/Documents/cda-mmitss/other/install/j3224_v2x_msgs:/home/mmitss/Documents/cda-mmitss/other/install/j2735_v2x_msgs:/home/mmitss/Documents/cda-mmitss/other/install/carma_perception_msgs:/home/mmitss/Documents/cda-mmitss/other/install/carma_driver_msgs:/home/mmitss/Documents/cda-mmitss/other/install/carma_msgs:/home/mmitss/Documents/cda-mmitss/other/install/carma_localization_msgs:/home/mmitss/Documents/cda-mmitss/other/install/can_msgs:/opt/ros/foxy CONDA_PROMPT_MODIFIER=(base) /usr/bin/cmake --build /home/mmitss/Documents/cda-mmitss/other/build/carma_perception_msgs -- -j8 -l8
[0.276s] [  1%] Built target carma_perception_msgs__cpp
[0.306s] [ 12%] Built target carma_perception_msgs__rosidl_generator_c
[0.484s] [ 24%] Built target carma_perception_msgs__rosidl_typesupport_fastrtps_cpp
[0.551s] [ 44%] Built target carma_perception_msgs__rosidl_typesupport_introspection_cpp
[0.551s] [ 47%] Built target carma_perception_msgs__rosidl_typesupport_cpp
[0.658s] [ 58%] Built target carma_perception_msgs__rosidl_typesupport_introspection_c
[0.710s] [ 70%] Built target carma_perception_msgs__rosidl_typesupport_c
[0.727s] [ 82%] Built target carma_perception_msgs__rosidl_typesupport_fastrtps_c
[0.785s] [ 82%] Built target carma_perception_msgs
[0.845s] [ 83%] Built target carma_perception_msgs__py
[0.960s] [ 93%] Built target carma_perception_msgs__python
[1.057s] [ 95%] Built target carma_perception_msgs__rosidl_typesupport_c__pyext
[1.062s] [ 97%] Built target carma_perception_msgs__rosidl_typesupport_fastrtps_c__pyext
[1.123s] [100%] Built target carma_perception_msgs__rosidl_typesupport_introspection_c__pyext
[1.159s] Invoked command in '/home/mmitss/Documents/cda-mmitss/other/build/carma_perception_msgs' returned '0': CMAKE_PREFIX_PATH=/home/mmitss/Documents/cda-mmitss/other/install/carma_cmake_common:/home/mmitss/Documents/cda-mmitss/other/install/carma_debug_ros2_msgs:/home/mmitss/Documents/cda-mmitss/other/install/carma_planning_msgs:/home/mmitss/Documents/cda-mmitss/other/install/carma_v2x_msgs:/home/mmitss/Documents/cda-mmitss/other/install/j3224_v2x_msgs:/home/mmitss/Documents/cda-mmitss/other/install/j2735_v2x_msgs:/home/mmitss/Documents/cda-mmitss/other/install/carma_perception_msgs:/home/mmitss/Documents/cda-mmitss/other/install/carma_driver_msgs:/home/mmitss/Documents/cda-mmitss/other/install/carma_msgs:/home/mmitss/Documents/cda-mmitss/other/install/carma_localization_msgs:/home/mmitss/Documents/cda-mmitss/other/install/can_msgs:/opt/ros/foxy CONDA_PROMPT_MODIFIER=(base) /usr/bin/cmake --build /home/mmitss/Documents/cda-mmitss/other/build/carma_perception_msgs -- -j8 -l8
[1.916s] Invoking command in '/home/mmitss/Documents/cda-mmitss/other/build/carma_perception_msgs': CMAKE_PREFIX_PATH=/home/mmitss/Documents/cda-mmitss/other/install/carma_cmake_common:/home/mmitss/Documents/cda-mmitss/other/install/carma_debug_ros2_msgs:/home/mmitss/Documents/cda-mmitss/other/install/carma_planning_msgs:/home/mmitss/Documents/cda-mmitss/other/install/carma_v2x_msgs:/home/mmitss/Documents/cda-mmitss/other/install/j3224_v2x_msgs:/home/mmitss/Documents/cda-mmitss/other/install/j2735_v2x_msgs:/home/mmitss/Documents/cda-mmitss/other/install/carma_perception_msgs:/home/mmitss/Documents/cda-mmitss/other/install/carma_driver_msgs:/home/mmitss/Documents/cda-mmitss/other/install/carma_msgs:/home/mmitss/Documents/cda-mmitss/other/install/carma_localization_msgs:/home/mmitss/Documents/cda-mmitss/other/install/can_msgs:/opt/ros/foxy CONDA_PROMPT_MODIFIER=(base) /usr/bin/cmake --install /home/mmitss/Documents/cda-mmitss/other/build/carma_perception_msgs
[1.918s] -- Install configuration: "Release"
[1.919s] -- Up-to-date: /home/mmitss/Documents/cda-mmitss/other/install/carma_perception_msgs/share/ament_index/resource_index/rosidl_interfaces/carma_perception_msgs
[1.919s] -- Up-to-date: /home/mmitss/Documents/cda-mmitss/other/install/carma_perception_msgs/include/carma_perception_msgs
[1.920s] -- Up-to-date: /home/mmitss/Documents/cda-mmitss/other/install/carma_perception_msgs/include/carma_perception_msgs/msg
[1.920s] -- Up-to-date: /home/mmitss/Documents/cda-mmitss/other/install/carma_perception_msgs/include/carma_perception_msgs/msg/traffic_signal_info_list.h
[1.921s] -- Up-to-date: /home/mmitss/Documents/cda-mmitss/other/install/carma_perception_msgs/include/carma_perception_msgs/msg/external_object_list.h
[1.921s] -- Up-to-date: /home/mmitss/Documents/cda-mmitss/other/install/carma_perception_msgs/include/carma_perception_msgs/msg/rosidl_generator_c__visibility_control.h
[1.922s] -- Up-to-date: /home/mmitss/Documents/cda-mmitss/other/install/carma_perception_msgs/include/carma_perception_msgs/msg/connected_vehicle_type.h
[1.922s] -- Up-to-date: /home/mmitss/Documents/cda-mmitss/other/install/carma_perception_msgs/include/carma_perception_msgs/msg/traffic_signal_info.h
[1.922s] -- Up-to-date: /home/mmitss/Documents/cda-mmitss/other/install/carma_perception_msgs/include/carma_perception_msgs/msg/roadway_obstacle.h
[1.923s] -- Up-to-date: /home/mmitss/Documents/cda-mmitss/other/install/carma_perception_msgs/include/carma_perception_msgs/msg/external_object.h
[1.923s] -- Up-to-date: /home/mmitss/Documents/cda-mmitss/other/install/carma_perception_msgs/include/carma_perception_msgs/msg/roadway_obstacle_list.h
[1.923s] -- Up-to-date: /home/mmitss/Documents/cda-mmitss/other/install/carma_perception_msgs/include/carma_perception_msgs/msg/predicted_state.h
[1.923s] -- Up-to-date: /home/mmitss/Documents/cda-mmitss/other/install/carma_perception_msgs/include/carma_perception_msgs/msg/check_active_geofence.h
[1.923s] -- Up-to-date: /home/mmitss/Documents/cda-mmitss/other/install/carma_perception_msgs/include/carma_perception_msgs/msg/detail
[1.923s] -- Up-to-date: /home/mmitss/Documents/cda-mmitss/other/install/carma_perception_msgs/include/carma_perception_msgs/msg/detail/predicted_state__struct.h
[1.924s] -- Up-to-date: /home/mmitss/Documents/cda-mmitss/other/install/carma_perception_msgs/include/carma_perception_msgs/msg/detail/check_active_geofence__struct.h
[1.924s] -- Up-to-date: /home/mmitss/Documents/cda-mmitss/other/install/carma_perception_msgs/include/carma_perception_msgs/msg/detail/external_object_list__struct.h
[1.926s] -- Up-to-date: /home/mmitss/Documents/cda-mmitss/other/install/carma_perception_msgs/include/carma_perception_msgs/msg/detail/connected_vehicle_type__struct.h
[1.926s] -- Up-to-date: /home/mmitss/Documents/cda-mmitss/other/install/carma_perception_msgs/include/carma_perception_msgs/msg/detail/roadway_obstacle_list__functions.h
[1.926s] -- Up-to-date: /home/mmitss/Documents/cda-mmitss/other/install/carma_perception_msgs/include/carma_perception_msgs/msg/detail/traffic_signal_info_list__functions.c
[1.927s] -- Up-to-date: /home/mmitss/Documents/cda-mmitss/other/install/carma_perception_msgs/include/carma_perception_msgs/msg/detail/external_object_list__type_support.h
[1.927s] -- Up-to-date: /home/mmitss/Documents/cda-mmitss/other/install/carma_perception_msgs/include/carma_perception_msgs/msg/detail/traffic_signal_info_list__struct.h
[1.927s] -- Up-to-date: /home/mmitss/Documents/cda-mmitss/other/install/carma_perception_msgs/include/carma_perception_msgs/msg/detail/external_object__functions.h
[1.928s] -- Up-to-date: /home/mmitss/Documents/cda-mmitss/other/install/carma_perception_msgs/include/carma_perception_msgs/msg/detail/roadway_obstacle_list__functions.c
[1.929s] -- Up-to-date: /home/mmitss/Documents/cda-mmitss/other/install/carma_perception_msgs/include/carma_perception_msgs/msg/detail/check_active_geofence__functions.c
[1.929s] -- Up-to-date: /home/mmitss/Documents/cda-mmitss/other/install/carma_perception_msgs/include/carma_perception_msgs/msg/detail/traffic_signal_info__type_support.h
[1.929s] -- Up-to-date: /home/mmitss/Documents/cda-mmitss/other/install/carma_perception_msgs/include/carma_perception_msgs/msg/detail/external_object_list__functions.c
[1.936s] -- Up-to-date: /home/mmitss/Documents/cda-mmitss/other/install/carma_perception_msgs/include/carma_perception_msgs/msg/detail/check_active_geofence__type_support.h
[1.936s] -- Up-to-date: /home/mmitss/Documents/cda-mmitss/other/install/carma_perception_msgs/include/carma_perception_msgs/msg/detail/external_object_list__functions.h
[1.937s] -- Up-to-date: /home/mmitss/Documents/cda-mmitss/other/install/carma_perception_msgs/include/carma_perception_msgs/msg/detail/predicted_state__type_support.h
[1.937s] -- Up-to-date: /home/mmitss/Documents/cda-mmitss/other/install/carma_perception_msgs/include/carma_perception_msgs/msg/detail/traffic_signal_info_list__type_support.h
[1.937s] -- Up-to-date: /home/mmitss/Documents/cda-mmitss/other/install/carma_perception_msgs/include/carma_perception_msgs/msg/detail/connected_vehicle_type__functions.c
[1.937s] -- Up-to-date: /home/mmitss/Documents/cda-mmitss/other/install/carma_perception_msgs/include/carma_perception_msgs/msg/detail/roadway_obstacle_list__struct.h
[1.938s] -- Up-to-date: /home/mmitss/Documents/cda-mmitss/other/install/carma_perception_msgs/include/carma_perception_msgs/msg/detail/roadway_obstacle__struct.h
[1.938s] -- Up-to-date: /home/mmitss/Documents/cda-mmitss/other/install/carma_perception_msgs/include/carma_perception_msgs/msg/detail/external_object__struct.h
[1.938s] -- Up-to-date: /home/mmitss/Documents/cda-mmitss/other/install/carma_perception_msgs/include/carma_perception_msgs/msg/detail/roadway_obstacle__type_support.h
[1.939s] -- Up-to-date: /home/mmitss/Documents/cda-mmitss/other/install/carma_perception_msgs/include/carma_perception_msgs/msg/detail/traffic_signal_info_list__functions.h
[1.939s] -- Up-to-date: /home/mmitss/Documents/cda-mmitss/other/install/carma_perception_msgs/include/carma_perception_msgs/msg/detail/traffic_signal_info__struct.h
[1.939s] -- Up-to-date: /home/mmitss/Documents/cda-mmitss/other/install/carma_perception_msgs/include/carma_perception_msgs/msg/detail/roadway_obstacle__functions.c
[1.939s] -- Up-to-date: /home/mmitss/Documents/cda-mmitss/other/install/carma_perception_msgs/include/carma_perception_msgs/msg/detail/roadway_obstacle__functions.h
[1.940s] -- Up-to-date: /home/mmitss/Documents/cda-mmitss/other/install/carma_perception_msgs/include/carma_perception_msgs/msg/detail/traffic_signal_info__functions.c
[1.940s] -- Up-to-date: /home/mmitss/Documents/cda-mmitss/other/install/carma_perception_msgs/include/carma_perception_msgs/msg/detail/external_object__type_support.h
[1.940s] -- Up-to-date: /home/mmitss/Documents/cda-mmitss/other/install/carma_perception_msgs/include/carma_perception_msgs/msg/detail/connected_vehicle_type__functions.h
[1.940s] -- Up-to-date: /home/mmitss/Documents/cda-mmitss/other/install/carma_perception_msgs/include/carma_perception_msgs/msg/detail/check_active_geofence__functions.h
[1.940s] -- Up-to-date: /home/mmitss/Documents/cda-mmitss/other/install/carma_perception_msgs/include/carma_perception_msgs/msg/detail/predicted_state__functions.c
[1.941s] -- Up-to-date: /home/mmitss/Documents/cda-mmitss/other/install/carma_perception_msgs/include/carma_perception_msgs/msg/detail/roadway_obstacle_list__type_support.h
[1.941s] -- Up-to-date: /home/mmitss/Documents/cda-mmitss/other/install/carma_perception_msgs/include/carma_perception_msgs/msg/detail/predicted_state__functions.h
[1.941s] -- Up-to-date: /home/mmitss/Documents/cda-mmitss/other/install/carma_perception_msgs/include/carma_perception_msgs/msg/detail/connected_vehicle_type__type_support.h
[1.941s] -- Up-to-date: /home/mmitss/Documents/cda-mmitss/other/install/carma_perception_msgs/include/carma_perception_msgs/msg/detail/traffic_signal_info__functions.h
[1.941s] -- Up-to-date: /home/mmitss/Documents/cda-mmitss/other/install/carma_perception_msgs/include/carma_perception_msgs/msg/detail/external_object__functions.c
[1.941s] -- Up-to-date: /home/mmitss/Documents/cda-mmitss/other/install/carma_perception_msgs/share/carma_perception_msgs/environment/library_path.sh
[1.942s] -- Up-to-date: /home/mmitss/Documents/cda-mmitss/other/install/carma_perception_msgs/share/carma_perception_msgs/environment/library_path.dsv
[1.942s] -- Up-to-date: /home/mmitss/Documents/cda-mmitss/other/install/carma_perception_msgs/lib/libcarma_perception_msgs__rosidl_generator_c.so
[1.942s] -- Up-to-date: /home/mmitss/Documents/cda-mmitss/other/install/carma_perception_msgs/include/carma_perception_msgs
[1.942s] -- Up-to-date: /home/mmitss/Documents/cda-mmitss/other/install/carma_perception_msgs/include/carma_perception_msgs/msg
[1.942s] -- Up-to-date: /home/mmitss/Documents/cda-mmitss/other/install/carma_perception_msgs/include/carma_perception_msgs/msg/rosidl_typesupport_fastrtps_c__visibility_control.h
[1.943s] -- Up-to-date: /home/mmitss/Documents/cda-mmitss/other/install/carma_perception_msgs/include/carma_perception_msgs/msg/detail
[1.943s] -- Up-to-date: /home/mmitss/Documents/cda-mmitss/other/install/carma_perception_msgs/include/carma_perception_msgs/msg/detail/roadway_obstacle__rosidl_typesupport_fastrtps_c.h
[1.943s] -- Up-to-date: /home/mmitss/Documents/cda-mmitss/other/install/carma_perception_msgs/include/carma_perception_msgs/msg/detail/traffic_signal_info__rosidl_typesupport_fastrtps_c.h
[1.943s] -- Up-to-date: /home/mmitss/Documents/cda-mmitss/other/install/carma_perception_msgs/include/carma_perception_msgs/msg/detail/roadway_obstacle_list__rosidl_typesupport_fastrtps_c.h
[1.943s] -- Up-to-date: /home/mmitss/Documents/cda-mmitss/other/install/carma_perception_msgs/include/carma_perception_msgs/msg/detail/check_active_geofence__rosidl_typesupport_fastrtps_c.h
[1.944s] -- Up-to-date: /home/mmitss/Documents/cda-mmitss/other/install/carma_perception_msgs/include/carma_perception_msgs/msg/detail/predicted_state__rosidl_typesupport_fastrtps_c.h
[1.944s] -- Up-to-date: /home/mmitss/Documents/cda-mmitss/other/install/carma_perception_msgs/include/carma_perception_msgs/msg/detail/external_object__rosidl_typesupport_fastrtps_c.h
[1.944s] -- Up-to-date: /home/mmitss/Documents/cda-mmitss/other/install/carma_perception_msgs/include/carma_perception_msgs/msg/detail/traffic_signal_info_list__rosidl_typesupport_fastrtps_c.h
[1.944s] -- Up-to-date: /home/mmitss/Documents/cda-mmitss/other/install/carma_perception_msgs/include/carma_perception_msgs/msg/detail/external_object_list__rosidl_typesupport_fastrtps_c.h
[1.944s] -- Up-to-date: /home/mmitss/Documents/cda-mmitss/other/install/carma_perception_msgs/include/carma_perception_msgs/msg/detail/connected_vehicle_type__rosidl_typesupport_fastrtps_c.h
[1.944s] -- Up-to-date: /home/mmitss/Documents/cda-mmitss/other/install/carma_perception_msgs/lib/libcarma_perception_msgs__rosidl_typesupport_fastrtps_c.so
[1.945s] -- Up-to-date: /home/mmitss/Documents/cda-mmitss/other/install/carma_perception_msgs/include/carma_perception_msgs
[1.945s] -- Up-to-date: /home/mmitss/Documents/cda-mmitss/other/install/carma_perception_msgs/include/carma_perception_msgs/msg
[1.945s] -- Up-to-date: /home/mmitss/Documents/cda-mmitss/other/install/carma_perception_msgs/include/carma_perception_msgs/msg/rosidl_typesupport_fastrtps_cpp__visibility_control.h
[1.945s] -- Up-to-date: /home/mmitss/Documents/cda-mmitss/other/install/carma_perception_msgs/include/carma_perception_msgs/msg/detail
[1.945s] -- Up-to-date: /home/mmitss/Documents/cda-mmitss/other/install/carma_perception_msgs/include/carma_perception_msgs/msg/detail/connected_vehicle_type__rosidl_typesupport_fastrtps_cpp.hpp
[1.945s] -- Up-to-date: /home/mmitss/Documents/cda-mmitss/other/install/carma_perception_msgs/include/carma_perception_msgs/msg/detail/roadway_obstacle__rosidl_typesupport_fastrtps_cpp.hpp
[1.945s] -- Up-to-date: /home/mmitss/Documents/cda-mmitss/other/install/carma_perception_msgs/include/carma_perception_msgs/msg/detail/check_active_geofence__rosidl_typesupport_fastrtps_cpp.hpp
[1.945s] -- Up-to-date: /home/mmitss/Documents/cda-mmitss/other/install/carma_perception_msgs/include/carma_perception_msgs/msg/detail/traffic_signal_info__rosidl_typesupport_fastrtps_cpp.hpp
[1.946s] -- Up-to-date: /home/mmitss/Documents/cda-mmitss/other/install/carma_perception_msgs/include/carma_perception_msgs/msg/detail/external_object_list__rosidl_typesupport_fastrtps_cpp.hpp
[1.946s] -- Up-to-date: /home/mmitss/Documents/cda-mmitss/other/install/carma_perception_msgs/include/carma_perception_msgs/msg/detail/dds_fastrtps
[1.946s] -- Up-to-date: /home/mmitss/Documents/cda-mmitss/other/install/carma_perception_msgs/include/carma_perception_msgs/msg/detail/external_object__rosidl_typesupport_fastrtps_cpp.hpp
[1.946s] -- Up-to-date: /home/mmitss/Documents/cda-mmitss/other/install/carma_perception_msgs/include/carma_perception_msgs/msg/detail/predicted_state__rosidl_typesupport_fastrtps_cpp.hpp
[1.947s] -- Up-to-date: /home/mmitss/Documents/cda-mmitss/other/install/carma_perception_msgs/include/carma_perception_msgs/msg/detail/roadway_obstacle_list__rosidl_typesupport_fastrtps_cpp.hpp
[1.947s] -- Up-to-date: /home/mmitss/Documents/cda-mmitss/other/install/carma_perception_msgs/include/carma_perception_msgs/msg/detail/traffic_signal_info_list__rosidl_typesupport_fastrtps_cpp.hpp
[1.947s] -- Up-to-date: /home/mmitss/Documents/cda-mmitss/other/install/carma_perception_msgs/lib/libcarma_perception_msgs__rosidl_typesupport_fastrtps_cpp.so
[1.947s] -- Up-to-date: /home/mmitss/Documents/cda-mmitss/other/install/carma_perception_msgs/include/carma_perception_msgs
[1.947s] -- Up-to-date: /home/mmitss/Documents/cda-mmitss/other/install/carma_perception_msgs/include/carma_perception_msgs/msg
[1.948s] -- Up-to-date: /home/mmitss/Documents/cda-mmitss/other/install/carma_perception_msgs/include/carma_perception_msgs/msg/rosidl_typesupport_introspection_c__visibility_control.h
[1.948s] -- Up-to-date: /home/mmitss/Documents/cda-mmitss/other/install/carma_perception_msgs/include/carma_perception_msgs/msg/detail
[1.948s] -- Up-to-date: /home/mmitss/Documents/cda-mmitss/other/install/carma_perception_msgs/include/carma_perception_msgs/msg/detail/external_object_list__type_support.c
[1.948s] -- Up-to-date: /home/mmitss/Documents/cda-mmitss/other/install/carma_perception_msgs/include/carma_perception_msgs/msg/detail/external_object_list__rosidl_typesupport_introspection_c.h
[1.948s] -- Up-to-date: /home/mmitss/Documents/cda-mmitss/other/install/carma_perception_msgs/include/carma_perception_msgs/msg/detail/roadway_obstacle_list__rosidl_typesupport_introspection_c.h
[1.949s] -- Up-to-date: /home/mmitss/Documents/cda-mmitss/other/install/carma_perception_msgs/include/carma_perception_msgs/msg/detail/external_object__rosidl_typesupport_introspection_c.h
[1.949s] -- Up-to-date: /home/mmitss/Documents/cda-mmitss/other/install/carma_perception_msgs/include/carma_perception_msgs/msg/detail/external_object__type_support.c
[1.949s] -- Up-to-date: /home/mmitss/Documents/cda-mmitss/other/install/carma_perception_msgs/include/carma_perception_msgs/msg/detail/connected_vehicle_type__rosidl_typesupport_introspection_c.h
[1.949s] -- Up-to-date: /home/mmitss/Documents/cda-mmitss/other/install/carma_perception_msgs/include/carma_perception_msgs/msg/detail/predicted_state__rosidl_typesupport_introspection_c.h
[1.949s] -- Up-to-date: /home/mmitss/Documents/cda-mmitss/other/install/carma_perception_msgs/include/carma_perception_msgs/msg/detail/traffic_signal_info__type_support.c
[1.950s] -- Up-to-date: /home/mmitss/Documents/cda-mmitss/other/install/carma_perception_msgs/include/carma_perception_msgs/msg/detail/check_active_geofence__rosidl_typesupport_introspection_c.h
[1.950s] -- Up-to-date: /home/mmitss/Documents/cda-mmitss/other/install/carma_perception_msgs/include/carma_perception_msgs/msg/detail/traffic_signal_info_list__type_support.c
[1.950s] -- Up-to-date: /home/mmitss/Documents/cda-mmitss/other/install/carma_perception_msgs/include/carma_perception_msgs/msg/detail/check_active_geofence__type_support.c
[1.950s] -- Up-to-date: /home/mmitss/Documents/cda-mmitss/other/install/carma_perception_msgs/include/carma_perception_msgs/msg/detail/roadway_obstacle_list__type_support.c
[1.950s] -- Up-to-date: /home/mmitss/Documents/cda-mmitss/other/install/carma_perception_msgs/include/carma_perception_msgs/msg/detail/traffic_signal_info_list__rosidl_typesupport_introspection_c.h
[1.950s] -- Up-to-date: /home/mmitss/Documents/cda-mmitss/other/install/carma_perception_msgs/include/carma_perception_msgs/msg/detail/roadway_obstacle__type_support.c
[1.951s] -- Up-to-date: /home/mmitss/Documents/cda-mmitss/other/install/carma_perception_msgs/include/carma_perception_msgs/msg/detail/connected_vehicle_type__type_support.c
[1.951s] -- Up-to-date: /home/mmitss/Documents/cda-mmitss/other/install/carma_perception_msgs/include/carma_perception_msgs/msg/detail/predicted_state__type_support.c
[1.951s] -- Up-to-date: /home/mmitss/Documents/cda-mmitss/other/install/carma_perception_msgs/include/carma_perception_msgs/msg/detail/traffic_signal_info__rosidl_typesupport_introspection_c.h
[1.951s] -- Up-to-date: /home/mmitss/Documents/cda-mmitss/other/install/carma_perception_msgs/include/carma_perception_msgs/msg/detail/roadway_obstacle__rosidl_typesupport_introspection_c.h
[1.951s] -- Up-to-date: /home/mmitss/Documents/cda-mmitss/other/install/carma_perception_msgs/lib/libcarma_perception_msgs__rosidl_typesupport_introspection_c.so
[1.952s] -- Up-to-date: /home/mmitss/Documents/cda-mmitss/other/install/carma_perception_msgs/lib/libcarma_perception_msgs__rosidl_typesupport_c.so
[1.952s] -- Up-to-date: /home/mmitss/Documents/cda-mmitss/other/install/carma_perception_msgs/include/carma_perception_msgs
[1.952s] -- Up-to-date: /home/mmitss/Documents/cda-mmitss/other/install/carma_perception_msgs/include/carma_perception_msgs/msg
[1.952s] -- Up-to-date: /home/mmitss/Documents/cda-mmitss/other/install/carma_perception_msgs/include/carma_perception_msgs/msg/check_active_geofence.hpp
[1.952s] -- Up-to-date: /home/mmitss/Documents/cda-mmitss/other/install/carma_perception_msgs/include/carma_perception_msgs/msg/traffic_signal_info_list.hpp
[1.952s] -- Up-to-date: /home/mmitss/Documents/cda-mmitss/other/install/carma_perception_msgs/include/carma_perception_msgs/msg/rosidl_generator_cpp__visibility_control.hpp
[1.953s] -- Up-to-date: /home/mmitss/Documents/cda-mmitss/other/install/carma_perception_msgs/include/carma_perception_msgs/msg/connected_vehicle_type.hpp
[1.953s] -- Up-to-date: /home/mmitss/Documents/cda-mmitss/other/install/carma_perception_msgs/include/carma_perception_msgs/msg/traffic_signal_info.hpp
[1.953s] -- Up-to-date: /home/mmitss/Documents/cda-mmitss/other/install/carma_perception_msgs/include/carma_perception_msgs/msg/roadway_obstacle.hpp
[1.953s] -- Up-to-date: /home/mmitss/Documents/cda-mmitss/other/install/carma_perception_msgs/include/carma_perception_msgs/msg/external_object.hpp
[1.953s] -- Up-to-date: /home/mmitss/Documents/cda-mmitss/other/install/carma_perception_msgs/include/carma_perception_msgs/msg/predicted_state.hpp
[1.953s] -- Up-to-date: /home/mmitss/Documents/cda-mmitss/other/install/carma_perception_msgs/include/carma_perception_msgs/msg/roadway_obstacle_list.hpp
[1.953s] -- Up-to-date: /home/mmitss/Documents/cda-mmitss/other/install/carma_perception_msgs/include/carma_perception_msgs/msg/external_object_list.hpp
[1.953s] -- Up-to-date: /home/mmitss/Documents/cda-mmitss/other/install/carma_perception_msgs/include/carma_perception_msgs/msg/detail
[1.954s] -- Up-to-date: /home/mmitss/Documents/cda-mmitss/other/install/carma_perception_msgs/include/carma_perception_msgs/msg/detail/check_active_geofence__builder.hpp
[1.954s] -- Up-to-date: /home/mmitss/Documents/cda-mmitss/other/install/carma_perception_msgs/include/carma_perception_msgs/msg/detail/predicted_state__type_support.hpp
[1.954s] -- Up-to-date: /home/mmitss/Documents/cda-mmitss/other/install/carma_perception_msgs/include/carma_perception_msgs/msg/detail/connected_vehicle_type__traits.hpp
[1.954s] -- Up-to-date: /home/mmitss/Documents/cda-mmitss/other/install/carma_perception_msgs/include/carma_perception_msgs/msg/detail/external_object_list__struct.hpp
[1.954s] -- Up-to-date: /home/mmitss/Documents/cda-mmitss/other/install/carma_perception_msgs/include/carma_perception_msgs/msg/detail/external_object__builder.hpp
[1.954s] -- Up-to-date: /home/mmitss/Documents/cda-mmitss/other/install/carma_perception_msgs/include/carma_perception_msgs/msg/detail/check_active_geofence__traits.hpp
[1.954s] -- Up-to-date: /home/mmitss/Documents/cda-mmitss/other/install/carma_perception_msgs/include/carma_perception_msgs/msg/detail/connected_vehicle_type__struct.hpp
[1.954s] -- Up-to-date: /home/mmitss/Documents/cda-mmitss/other/install/carma_perception_msgs/include/carma_perception_msgs/msg/detail/traffic_signal_info_list__builder.hpp
[1.955s] -- Up-to-date: /home/mmitss/Documents/cda-mmitss/other/install/carma_perception_msgs/include/carma_perception_msgs/msg/detail/check_active_geofence__type_support.hpp
[1.955s] -- Up-to-date: /home/mmitss/Documents/cda-mmitss/other/install/carma_perception_msgs/include/carma_perception_msgs/msg/detail/traffic_signal_info_list__type_support.hpp
[1.955s] -- Up-to-date: /home/mmitss/Documents/cda-mmitss/other/install/carma_perception_msgs/include/carma_perception_msgs/msg/detail/traffic_signal_info__struct.hpp
[1.955s] -- Up-to-date: /home/mmitss/Documents/cda-mmitss/other/install/carma_perception_msgs/include/carma_perception_msgs/msg/detail/predicted_state__builder.hpp
[1.955s] -- Up-to-date: /home/mmitss/Documents/cda-mmitss/other/install/carma_perception_msgs/include/carma_perception_msgs/msg/detail/roadway_obstacle_list__struct.hpp
[1.955s] -- Up-to-date: /home/mmitss/Documents/cda-mmitss/other/install/carma_perception_msgs/include/carma_perception_msgs/msg/detail/predicted_state__traits.hpp
[1.955s] -- Up-to-date: /home/mmitss/Documents/cda-mmitss/other/install/carma_perception_msgs/include/carma_perception_msgs/msg/detail/check_active_geofence__struct.hpp
[1.956s] -- Up-to-date: /home/mmitss/Documents/cda-mmitss/other/install/carma_perception_msgs/include/carma_perception_msgs/msg/detail/roadway_obstacle_list__type_support.hpp
[1.956s] -- Up-to-date: /home/mmitss/Documents/cda-mmitss/other/install/carma_perception_msgs/include/carma_perception_msgs/msg/detail/traffic_signal_info_list__traits.hpp
[1.956s] -- Up-to-date: /home/mmitss/Documents/cda-mmitss/other/install/carma_perception_msgs/include/carma_perception_msgs/msg/detail/traffic_signal_info__builder.hpp
[1.956s] -- Up-to-date: /home/mmitss/Documents/cda-mmitss/other/install/carma_perception_msgs/include/carma_perception_msgs/msg/detail/traffic_signal_info__traits.hpp
[1.956s] -- Up-to-date: /home/mmitss/Documents/cda-mmitss/other/install/carma_perception_msgs/include/carma_perception_msgs/msg/detail/roadway_obstacle__struct.hpp
[1.956s] -- Up-to-date: /home/mmitss/Documents/cda-mmitss/other/install/carma_perception_msgs/include/carma_perception_msgs/msg/detail/traffic_signal_info_list__struct.hpp
[1.956s] -- Up-to-date: /home/mmitss/Documents/cda-mmitss/other/install/carma_perception_msgs/include/carma_perception_msgs/msg/detail/roadway_obstacle__builder.hpp
[1.956s] -- Up-to-date: /home/mmitss/Documents/cda-mmitss/other/install/carma_perception_msgs/include/carma_perception_msgs/msg/detail/external_object__struct.hpp
[1.956s] -- Up-to-date: /home/mmitss/Documents/cda-mmitss/other/install/carma_perception_msgs/include/carma_perception_msgs/msg/detail/external_object__type_support.hpp
[1.957s] -- Up-to-date: /home/mmitss/Documents/cda-mmitss/other/install/carma_perception_msgs/include/carma_perception_msgs/msg/detail/roadway_obstacle_list__builder.hpp
[1.957s] -- Up-to-date: /home/mmitss/Documents/cda-mmitss/other/install/carma_perception_msgs/include/carma_perception_msgs/msg/detail/connected_vehicle_type__builder.hpp
[1.957s] -- Up-to-date: /home/mmitss/Documents/cda-mmitss/other/install/carma_perception_msgs/include/carma_perception_msgs/msg/detail/external_object__traits.hpp
[1.957s] -- Up-to-date: /home/mmitss/Documents/cda-mmitss/other/install/carma_perception_msgs/include/carma_perception_msgs/msg/detail/external_object_list__type_support.hpp
[1.957s] -- Up-to-date: /home/mmitss/Documents/cda-mmitss/other/install/carma_perception_msgs/include/carma_perception_msgs/msg/detail/roadway_obstacle__traits.hpp
[1.957s] -- Up-to-date: /home/mmitss/Documents/cda-mmitss/other/install/carma_perception_msgs/include/carma_perception_msgs/msg/detail/connected_vehicle_type__type_support.hpp
[1.957s] -- Up-to-date: /home/mmitss/Documents/cda-mmitss/other/install/carma_perception_msgs/include/carma_perception_msgs/msg/detail/roadway_obstacle_list__traits.hpp
[1.957s] -- Up-to-date: /home/mmitss/Documents/cda-mmitss/other/install/carma_perception_msgs/include/carma_perception_msgs/msg/detail/external_object_list__builder.hpp
[1.958s] -- Up-to-date: /home/mmitss/Documents/cda-mmitss/other/install/carma_perception_msgs/include/carma_perception_msgs/msg/detail/roadway_obstacle__type_support.hpp
[1.958s] -- Up-to-date: /home/mmitss/Documents/cda-mmitss/other/install/carma_perception_msgs/include/carma_perception_msgs/msg/detail/predicted_state__struct.hpp
[1.958s] -- Up-to-date: /home/mmitss/Documents/cda-mmitss/other/install/carma_perception_msgs/include/carma_perception_msgs/msg/detail/external_object_list__traits.hpp
[1.958s] -- Up-to-date: /home/mmitss/Documents/cda-mmitss/other/install/carma_perception_msgs/include/carma_perception_msgs/msg/detail/traffic_signal_info__type_support.hpp
[1.958s] -- Up-to-date: /home/mmitss/Documents/cda-mmitss/other/install/carma_perception_msgs/include/carma_perception_msgs
[1.958s] -- Up-to-date: /home/mmitss/Documents/cda-mmitss/other/install/carma_perception_msgs/include/carma_perception_msgs/msg
[1.958s] -- Up-to-date: /home/mmitss/Documents/cda-mmitss/other/install/carma_perception_msgs/include/carma_perception_msgs/msg/detail
[1.958s] -- Up-to-date: /home/mmitss/Documents/cda-mmitss/other/install/carma_perception_msgs/include/carma_perception_msgs/msg/detail/external_object_list__rosidl_typesupport_introspection_cpp.hpp
[1.958s] -- Up-to-date: /home/mmitss/Documents/cda-mmitss/other/install/carma_perception_msgs/include/carma_perception_msgs/msg/detail/external_object_list__type_support.cpp
[1.959s] -- Up-to-date: /home/mmitss/Documents/cda-mmitss/other/install/carma_perception_msgs/include/carma_perception_msgs/msg/detail/connected_vehicle_type__type_support.cpp
[1.959s] -- Up-to-date: /home/mmitss/Documents/cda-mmitss/other/install/carma_perception_msgs/include/carma_perception_msgs/msg/detail/roadway_obstacle_list__rosidl_typesupport_introspection_cpp.hpp
[1.959s] -- Up-to-date: /home/mmitss/Documents/cda-mmitss/other/install/carma_perception_msgs/include/carma_perception_msgs/msg/detail/roadway_obstacle_list__type_support.cpp
[1.959s] -- Up-to-date: /home/mmitss/Documents/cda-mmitss/other/install/carma_perception_msgs/include/carma_perception_msgs/msg/detail/external_object__type_support.cpp
[1.959s] -- Up-to-date: /home/mmitss/Documents/cda-mmitss/other/install/carma_perception_msgs/include/carma_perception_msgs/msg/detail/traffic_signal_info__rosidl_typesupport_introspection_cpp.hpp
[1.960s] -- Up-to-date: /home/mmitss/Documents/cda-mmitss/other/install/carma_perception_msgs/include/carma_perception_msgs/msg/detail/connected_vehicle_type__rosidl_typesupport_introspection_cpp.hpp
[1.960s] -- Up-to-date: /home/mmitss/Documents/cda-mmitss/other/install/carma_perception_msgs/include/carma_perception_msgs/msg/detail/roadway_obstacle__type_support.cpp
[1.961s] -- Up-to-date: /home/mmitss/Documents/cda-mmitss/other/install/carma_perception_msgs/include/carma_perception_msgs/msg/detail/external_object__rosidl_typesupport_introspection_cpp.hpp
[1.961s] -- Up-to-date: /home/mmitss/Documents/cda-mmitss/other/install/carma_perception_msgs/include/carma_perception_msgs/msg/detail/predicted_state__type_support.cpp
[1.962s] -- Up-to-date: /home/mmitss/Documents/cda-mmitss/other/install/carma_perception_msgs/include/carma_perception_msgs/msg/detail/check_active_geofence__type_support.cpp
[1.962s] -- Up-to-date: /home/mmitss/Documents/cda-mmitss/other/install/carma_perception_msgs/include/carma_perception_msgs/msg/detail/predicted_state__rosidl_typesupport_introspection_cpp.hpp
[1.963s] -- Up-to-date: /home/mmitss/Documents/cda-mmitss/other/install/carma_perception_msgs/include/carma_perception_msgs/msg/detail/traffic_signal_info__type_support.cpp
[1.963s] -- Up-to-date: /home/mmitss/Documents/cda-mmitss/other/install/carma_perception_msgs/include/carma_perception_msgs/msg/detail/check_active_geofence__rosidl_typesupport_introspection_cpp.hpp
[1.964s] -- Up-to-date: /home/mmitss/Documents/cda-mmitss/other/install/carma_perception_msgs/include/carma_perception_msgs/msg/detail/roadway_obstacle__rosidl_typesupport_introspection_cpp.hpp
[1.965s] -- Up-to-date: /home/mmitss/Documents/cda-mmitss/other/install/carma_perception_msgs/include/carma_perception_msgs/msg/detail/traffic_signal_info_list__type_support.cpp
[1.965s] -- Up-to-date: /home/mmitss/Documents/cda-mmitss/other/install/carma_perception_msgs/include/carma_perception_msgs/msg/detail/traffic_signal_info_list__rosidl_typesupport_introspection_cpp.hpp
[1.966s] -- Up-to-date: /home/mmitss/Documents/cda-mmitss/other/install/carma_perception_msgs/lib/libcarma_perception_msgs__rosidl_typesupport_introspection_cpp.so
[1.966s] -- Up-to-date: /home/mmitss/Documents/cda-mmitss/other/install/carma_perception_msgs/lib/libcarma_perception_msgs__rosidl_typesupport_cpp.so
[1.967s] -- Up-to-date: /home/mmitss/Documents/cda-mmitss/other/install/carma_perception_msgs/share/carma_perception_msgs/environment/pythonpath.sh
[1.967s] -- Up-to-date: /home/mmitss/Documents/cda-mmitss/other/install/carma_perception_msgs/share/carma_perception_msgs/environment/pythonpath.dsv
[1.968s] -- Up-to-date: /home/mmitss/Documents/cda-mmitss/other/install/carma_perception_msgs/lib/python3.8/site-packages/carma_perception_msgs/__init__.py
[2.043s] -- Up-to-date: /home/mmitss/Documents/cda-mmitss/other/install/carma_perception_msgs/lib/python3.8/site-packages/carma_perception_msgs/msg
[2.043s] -- Up-to-date: /home/mmitss/Documents/cda-mmitss/other/install/carma_perception_msgs/lib/python3.8/site-packages/carma_perception_msgs/msg/_roadway_obstacle_list.py
[2.044s] -- Up-to-date: /home/mmitss/Documents/cda-mmitss/other/install/carma_perception_msgs/lib/python3.8/site-packages/carma_perception_msgs/msg/_predicted_state_s.c
[2.044s] -- Up-to-date: /home/mmitss/Documents/cda-mmitss/other/install/carma_perception_msgs/lib/python3.8/site-packages/carma_perception_msgs/msg/_roadway_obstacle_s.c
[2.045s] -- Up-to-date: /home/mmitss/Documents/cda-mmitss/other/install/carma_perception_msgs/lib/python3.8/site-packages/carma_perception_msgs/msg/_traffic_signal_info_s.c
[2.046s] -- Up-to-date: /home/mmitss/Documents/cda-mmitss/other/install/carma_perception_msgs/lib/python3.8/site-packages/carma_perception_msgs/msg/_check_active_geofence.py
[2.046s] -- Up-to-date: /home/mmitss/Documents/cda-mmitss/other/install/carma_perception_msgs/lib/python3.8/site-packages/carma_perception_msgs/msg/_traffic_signal_info_list_s.c
[2.047s] -- Up-to-date: /home/mmitss/Documents/cda-mmitss/other/install/carma_perception_msgs/lib/python3.8/site-packages/carma_perception_msgs/msg/_roadway_obstacle.py
[2.047s] -- Up-to-date: /home/mmitss/Documents/cda-mmitss/other/install/carma_perception_msgs/lib/python3.8/site-packages/carma_perception_msgs/msg/_external_object_s.c
[2.048s] -- Up-to-date: /home/mmitss/Documents/cda-mmitss/other/install/carma_perception_msgs/lib/python3.8/site-packages/carma_perception_msgs/msg/_check_active_geofence_s.c
[2.048s] -- Up-to-date: /home/mmitss/Documents/cda-mmitss/other/install/carma_perception_msgs/lib/python3.8/site-packages/carma_perception_msgs/msg/_roadway_obstacle_list_s.c
[2.049s] -- Up-to-date: /home/mmitss/Documents/cda-mmitss/other/install/carma_perception_msgs/lib/python3.8/site-packages/carma_perception_msgs/msg/_traffic_signal_info.py
[2.049s] -- Up-to-date: /home/mmitss/Documents/cda-mmitss/other/install/carma_perception_msgs/lib/python3.8/site-packages/carma_perception_msgs/msg/_traffic_signal_info_list.py
[2.050s] -- Up-to-date: /home/mmitss/Documents/cda-mmitss/other/install/carma_perception_msgs/lib/python3.8/site-packages/carma_perception_msgs/msg/_external_object_list_s.c
[2.051s] -- Up-to-date: /home/mmitss/Documents/cda-mmitss/other/install/carma_perception_msgs/lib/python3.8/site-packages/carma_perception_msgs/msg/_connected_vehicle_type_s.c
[2.052s] -- Up-to-date: /home/mmitss/Documents/cda-mmitss/other/install/carma_perception_msgs/lib/python3.8/site-packages/carma_perception_msgs/msg/_external_object.py
[2.052s] -- Up-to-date: /home/mmitss/Documents/cda-mmitss/other/install/carma_perception_msgs/lib/python3.8/site-packages/carma_perception_msgs/msg/_external_object_list.py
[2.053s] -- Up-to-date: /home/mmitss/Documents/cda-mmitss/other/install/carma_perception_msgs/lib/python3.8/site-packages/carma_perception_msgs/msg/_connected_vehicle_type.py
[2.053s] -- Up-to-date: /home/mmitss/Documents/cda-mmitss/other/install/carma_perception_msgs/lib/python3.8/site-packages/carma_perception_msgs/msg/__init__.py
[2.054s] -- Up-to-date: /home/mmitss/Documents/cda-mmitss/other/install/carma_perception_msgs/lib/python3.8/site-packages/carma_perception_msgs/msg/_predicted_state.py
[2.056s] -- Up-to-date: /home/mmitss/Documents/cda-mmitss/other/install/carma_perception_msgs/lib/python3.8/site-packages/carma_perception_msgs/carma_perception_msgs_s__rosidl_typesupport_fastrtps_c.cpython-38-x86_64-linux-gnu.so
[2.056s] -- Up-to-date: /home/mmitss/Documents/cda-mmitss/other/install/carma_perception_msgs/lib/python3.8/site-packages/carma_perception_msgs/carma_perception_msgs_s__rosidl_typesupport_introspection_c.cpython-38-x86_64-linux-gnu.so
[2.057s] -- Up-to-date: /home/mmitss/Documents/cda-mmitss/other/install/carma_perception_msgs/lib/python3.8/site-packages/carma_perception_msgs/carma_perception_msgs_s__rosidl_typesupport_c.cpython-38-x86_64-linux-gnu.so
[2.058s] -- Up-to-date: /home/mmitss/Documents/cda-mmitss/other/install/carma_perception_msgs/lib/libcarma_perception_msgs__python.so
[2.059s] -- Up-to-date: /home/mmitss/Documents/cda-mmitss/other/install/carma_perception_msgs/share/carma_perception_msgs/msg/CheckActiveGeofence.idl
[2.064s] -- Up-to-date: /home/mmitss/Documents/cda-mmitss/other/install/carma_perception_msgs/share/carma_perception_msgs/msg/ConnectedVehicleType.idl
[2.064s] -- Up-to-date: /home/mmitss/Documents/cda-mmitss/other/install/carma_perception_msgs/share/carma_perception_msgs/msg/ExternalObject.idl
[2.064s] -- Up-to-date: /home/mmitss/Documents/cda-mmitss/other/install/carma_perception_msgs/share/carma_perception_msgs/msg/ExternalObjectList.idl
[2.064s] -- Up-to-date: /home/mmitss/Documents/cda-mmitss/other/install/carma_perception_msgs/share/carma_perception_msgs/msg/PredictedState.idl
[2.065s] -- Up-to-date: /home/mmitss/Documents/cda-mmitss/other/install/carma_perception_msgs/share/carma_perception_msgs/msg/RoadwayObstacle.idl
[2.065s] -- Up-to-date: /home/mmitss/Documents/cda-mmitss/other/install/carma_perception_msgs/share/carma_perception_msgs/msg/RoadwayObstacleList.idl
[2.065s] -- Up-to-date: /home/mmitss/Documents/cda-mmitss/other/install/carma_perception_msgs/share/carma_perception_msgs/msg/TrafficSignalInfo.idl
[2.065s] -- Up-to-date: /home/mmitss/Documents/cda-mmitss/other/install/carma_perception_msgs/share/carma_perception_msgs/msg/TrafficSignalInfoList.idl
[2.065s] -- Up-to-date: /home/mmitss/Documents/cda-mmitss/other/install/carma_perception_msgs/share/carma_perception_msgs/msg/CheckActiveGeofence.msg
[2.066s] -- Up-to-date: /home/mmitss/Documents/cda-mmitss/other/install/carma_perception_msgs/share/carma_perception_msgs/msg/ConnectedVehicleType.msg
[2.066s] -- Up-to-date: /home/mmitss/Documents/cda-mmitss/other/install/carma_perception_msgs/share/carma_perception_msgs/msg/ExternalObject.msg
[2.066s] -- Up-to-date: /home/mmitss/Documents/cda-mmitss/other/install/carma_perception_msgs/share/carma_perception_msgs/msg/ExternalObjectList.msg
[2.066s] -- Up-to-date: /home/mmitss/Documents/cda-mmitss/other/install/carma_perception_msgs/share/carma_perception_msgs/msg/PredictedState.msg
[2.066s] -- Up-to-date: /home/mmitss/Documents/cda-mmitss/other/install/carma_perception_msgs/share/carma_perception_msgs/msg/RoadwayObstacle.msg
[2.067s] -- Up-to-date: /home/mmitss/Documents/cda-mmitss/other/install/carma_perception_msgs/share/carma_perception_msgs/msg/RoadwayObstacleList.msg
[2.067s] -- Up-to-date: /home/mmitss/Documents/cda-mmitss/other/install/carma_perception_msgs/share/carma_perception_msgs/msg/TrafficSignalInfo.msg
[2.067s] -- Up-to-date: /home/mmitss/Documents/cda-mmitss/other/install/carma_perception_msgs/share/carma_perception_msgs/msg/TrafficSignalInfoList.msg
[2.067s] -- Up-to-date: /home/mmitss/Documents/cda-mmitss/other/install/carma_perception_msgs/share/ament_index/resource_index/package_run_dependencies/carma_perception_msgs
[2.067s] -- Up-to-date: /home/mmitss/Documents/cda-mmitss/other/install/carma_perception_msgs/share/ament_index/resource_index/parent_prefix_path/carma_perception_msgs
[2.068s] -- Up-to-date: /home/mmitss/Documents/cda-mmitss/other/install/carma_perception_msgs/share/carma_perception_msgs/environment/ament_prefix_path.sh
[2.068s] -- Up-to-date: /home/mmitss/Documents/cda-mmitss/other/install/carma_perception_msgs/share/carma_perception_msgs/environment/ament_prefix_path.dsv
[2.068s] -- Up-to-date: /home/mmitss/Documents/cda-mmitss/other/install/carma_perception_msgs/share/carma_perception_msgs/environment/path.sh
[2.068s] -- Up-to-date: /home/mmitss/Documents/cda-mmitss/other/install/carma_perception_msgs/share/carma_perception_msgs/environment/path.dsv
[2.068s] -- Up-to-date: /home/mmitss/Documents/cda-mmitss/other/install/carma_perception_msgs/share/carma_perception_msgs/local_setup.bash
[2.069s] -- Up-to-date: /home/mmitss/Documents/cda-mmitss/other/install/carma_perception_msgs/share/carma_perception_msgs/local_setup.sh
[2.069s] -- Up-to-date: /home/mmitss/Documents/cda-mmitss/other/install/carma_perception_msgs/share/carma_perception_msgs/local_setup.zsh
[2.069s] -- Up-to-date: /home/mmitss/Documents/cda-mmitss/other/install/carma_perception_msgs/share/carma_perception_msgs/local_setup.dsv
[2.069s] -- Installing: /home/mmitss/Documents/cda-mmitss/other/install/carma_perception_msgs/share/carma_perception_msgs/package.dsv
[2.069s] -- Up-to-date: /home/mmitss/Documents/cda-mmitss/other/install/carma_perception_msgs/share/ament_index/resource_index/packages/carma_perception_msgs
[2.070s] -- Up-to-date: /home/mmitss/Documents/cda-mmitss/other/install/carma_perception_msgs/share/carma_perception_msgs/cmake/carma_perception_msgs__rosidl_generator_cExport.cmake
[2.070s] -- Up-to-date: /home/mmitss/Documents/cda-mmitss/other/install/carma_perception_msgs/share/carma_perception_msgs/cmake/carma_perception_msgs__rosidl_generator_cExport-release.cmake
[2.070s] -- Up-to-date: /home/mmitss/Documents/cda-mmitss/other/install/carma_perception_msgs/share/carma_perception_msgs/cmake/carma_perception_msgs__rosidl_typesupport_introspection_cExport.cmake
[2.070s] -- Up-to-date: /home/mmitss/Documents/cda-mmitss/other/install/carma_perception_msgs/share/carma_perception_msgs/cmake/carma_perception_msgs__rosidl_typesupport_introspection_cExport-release.cmake
[2.070s] -- Up-to-date: /home/mmitss/Documents/cda-mmitss/other/install/carma_perception_msgs/share/carma_perception_msgs/cmake/carma_perception_msgs__rosidl_typesupport_cExport.cmake
[2.071s] -- Up-to-date: /home/mmitss/Documents/cda-mmitss/other/install/carma_perception_msgs/share/carma_perception_msgs/cmake/carma_perception_msgs__rosidl_typesupport_cExport-release.cmake
[2.071s] -- Up-to-date: /home/mmitss/Documents/cda-mmitss/other/install/carma_perception_msgs/share/carma_perception_msgs/cmake/carma_perception_msgs__rosidl_generator_cppExport.cmake
[2.071s] -- Up-to-date: /home/mmitss/Documents/cda-mmitss/other/install/carma_perception_msgs/share/carma_perception_msgs/cmake/carma_perception_msgs__rosidl_typesupport_introspection_cppExport.cmake
[2.071s] -- Up-to-date: /home/mmitss/Documents/cda-mmitss/other/install/carma_perception_msgs/share/carma_perception_msgs/cmake/carma_perception_msgs__rosidl_typesupport_introspection_cppExport-release.cmake
[2.071s] -- Up-to-date: /home/mmitss/Documents/cda-mmitss/other/install/carma_perception_msgs/share/carma_perception_msgs/cmake/carma_perception_msgs__rosidl_typesupport_cppExport.cmake
[2.072s] -- Up-to-date: /home/mmitss/Documents/cda-mmitss/other/install/carma_perception_msgs/share/carma_perception_msgs/cmake/carma_perception_msgs__rosidl_typesupport_cppExport-release.cmake
[2.073s] -- Up-to-date: /home/mmitss/Documents/cda-mmitss/other/install/carma_perception_msgs/share/carma_perception_msgs/cmake/rosidl_cmake-extras.cmake
[2.074s] -- Up-to-date: /home/mmitss/Documents/cda-mmitss/other/install/carma_perception_msgs/share/carma_perception_msgs/cmake/ament_cmake_export_dependencies-extras.cmake
[2.075s] -- Up-to-date: /home/mmitss/Documents/cda-mmitss/other/install/carma_perception_msgs/share/carma_perception_msgs/cmake/ament_cmake_export_libraries-extras.cmake
[2.076s] -- Up-to-date: /home/mmitss/Documents/cda-mmitss/other/install/carma_perception_msgs/share/carma_perception_msgs/cmake/ament_cmake_export_targets-extras.cmake
[2.077s] -- Up-to-date: /home/mmitss/Documents/cda-mmitss/other/install/carma_perception_msgs/share/carma_perception_msgs/cmake/ament_cmake_export_include_directories-extras.cmake
[2.078s] -- Up-to-date: /home/mmitss/Documents/cda-mmitss/other/install/carma_perception_msgs/share/carma_perception_msgs/cmake/rosidl_cmake_export_typesupport_libraries-extras.cmake
[2.079s] -- Up-to-date: /home/mmitss/Documents/cda-mmitss/other/install/carma_perception_msgs/share/carma_perception_msgs/cmake/rosidl_cmake_export_typesupport_targets-extras.cmake
[2.080s] -- Up-to-date: /home/mmitss/Documents/cda-mmitss/other/install/carma_perception_msgs/share/carma_perception_msgs/cmake/carma_perception_msgsConfig.cmake
[2.081s] -- Up-to-date: /home/mmitss/Documents/cda-mmitss/other/install/carma_perception_msgs/share/carma_perception_msgs/cmake/carma_perception_msgsConfig-version.cmake
[2.082s] -- Up-to-date: /home/mmitss/Documents/cda-mmitss/other/install/carma_perception_msgs/share/carma_perception_msgs/package.xml
[2.082s] -- Up-to-date: /home/mmitss/Documents/cda-mmitss/other/install/carma_perception_msgs/share/carma_perception_msgs/rule.yml
[2.083s] Invoked command in '/home/mmitss/Documents/cda-mmitss/other/build/carma_perception_msgs' returned '0': CMAKE_PREFIX_PATH=/home/mmitss/Documents/cda-mmitss/other/install/carma_cmake_common:/home/mmitss/Documents/cda-mmitss/other/install/carma_debug_ros2_msgs:/home/mmitss/Documents/cda-mmitss/other/install/carma_planning_msgs:/home/mmitss/Documents/cda-mmitss/other/install/carma_v2x_msgs:/home/mmitss/Documents/cda-mmitss/other/install/j3224_v2x_msgs:/home/mmitss/Documents/cda-mmitss/other/install/j2735_v2x_msgs:/home/mmitss/Documents/cda-mmitss/other/install/carma_perception_msgs:/home/mmitss/Documents/cda-mmitss/other/install/carma_driver_msgs:/home/mmitss/Documents/cda-mmitss/other/install/carma_msgs:/home/mmitss/Documents/cda-mmitss/other/install/carma_localization_msgs:/home/mmitss/Documents/cda-mmitss/other/install/can_msgs:/opt/ros/foxy CONDA_PROMPT_MODIFIER=(base) /usr/bin/cmake --install /home/mmitss/Documents/cda-mmitss/other/build/carma_perception_msgs
