[  2%] Built target can_msgs__cpp
[ 12%] Built target can_msgs__rosidl_generator_c
[ 23%] Built target can_msgs__rosidl_typesupport_introspection_cpp
[ 33%] Built target can_msgs__rosidl_typesupport_cpp
[ 43%] Built target can_msgs__rosidl_typesupport_fastrtps_cpp
[ 53%] Built target can_msgs__rosidl_typesupport_c
[ 64%] Built target can_msgs__rosidl_typesupport_fastrtps_c
[ 74%] Built target can_msgs__rosidl_typesupport_introspection_c
[ 74%] Built target can_msgs
[ 76%] Built target can_msgs__py
[ 84%] Built target can_msgs__python
[ 89%] Built target can_msgs__rosidl_typesupport_c__pyext
[ 94%] Built target can_msgs__rosidl_typesupport_fastrtps_c__pyext
[100%] Built target can_msgs__rosidl_typesupport_introspection_c__pyext
-- Install configuration: "Release"
-- Up-to-date: /home/mmitss/Documents/cda-mmitss/other/install/can_msgs/share/ament_index/resource_index/rosidl_interfaces/can_msgs
-- Up-to-date: /home/mmitss/Documents/cda-mmitss/other/install/can_msgs/include/can_msgs
-- Up-to-date: /home/mmitss/Documents/cda-mmitss/other/install/can_msgs/include/can_msgs/msg
-- Up-to-date: /home/mmitss/Documents/cda-mmitss/other/install/can_msgs/include/can_msgs/msg/can_state.h
-- Up-to-date: /home/mmitss/Documents/cda-mmitss/other/install/can_msgs/include/can_msgs/msg/rosidl_generator_c__visibility_control.h
-- Up-to-date: /home/mmitss/Documents/cda-mmitss/other/install/can_msgs/include/can_msgs/msg/frame.h
-- Up-to-date: /home/mmitss/Documents/cda-mmitss/other/install/can_msgs/include/can_msgs/msg/detail
-- Up-to-date: /home/mmitss/Documents/cda-mmitss/other/install/can_msgs/include/can_msgs/msg/detail/can_state__type_support.h
-- Up-to-date: /home/mmitss/Documents/cda-mmitss/other/install/can_msgs/include/can_msgs/msg/detail/frame__struct.h
-- Up-to-date: /home/mmitss/Documents/cda-mmitss/other/install/can_msgs/include/can_msgs/msg/detail/can_state__struct.h
-- Up-to-date: /home/mmitss/Documents/cda-mmitss/other/install/can_msgs/include/can_msgs/msg/detail/frame__type_support.h
-- Up-to-date: /home/mmitss/Documents/cda-mmitss/other/install/can_msgs/include/can_msgs/msg/detail/can_state__functions.c
-- Up-to-date: /home/mmitss/Documents/cda-mmitss/other/install/can_msgs/include/can_msgs/msg/detail/frame__functions.h
-- Up-to-date: /home/mmitss/Documents/cda-mmitss/other/install/can_msgs/include/can_msgs/msg/detail/can_state__functions.h
-- Up-to-date: /home/mmitss/Documents/cda-mmitss/other/install/can_msgs/include/can_msgs/msg/detail/frame__functions.c
-- Up-to-date: /home/mmitss/Documents/cda-mmitss/other/install/can_msgs/share/can_msgs/environment/library_path.sh
-- Up-to-date: /home/mmitss/Documents/cda-mmitss/other/install/can_msgs/share/can_msgs/environment/library_path.dsv
-- Up-to-date: /home/mmitss/Documents/cda-mmitss/other/install/can_msgs/lib/libcan_msgs__rosidl_generator_c.so
-- Up-to-date: /home/mmitss/Documents/cda-mmitss/other/install/can_msgs/include/can_msgs
-- Up-to-date: /home/mmitss/Documents/cda-mmitss/other/install/can_msgs/include/can_msgs/msg
-- Up-to-date: /home/mmitss/Documents/cda-mmitss/other/install/can_msgs/include/can_msgs/msg/rosidl_typesupport_fastrtps_c__visibility_control.h
-- Up-to-date: /home/mmitss/Documents/cda-mmitss/other/install/can_msgs/include/can_msgs/msg/detail
-- Up-to-date: /home/mmitss/Documents/cda-mmitss/other/install/can_msgs/include/can_msgs/msg/detail/frame__rosidl_typesupport_fastrtps_c.h
-- Up-to-date: /home/mmitss/Documents/cda-mmitss/other/install/can_msgs/include/can_msgs/msg/detail/can_state__rosidl_typesupport_fastrtps_c.h
-- Up-to-date: /home/mmitss/Documents/cda-mmitss/other/install/can_msgs/lib/libcan_msgs__rosidl_typesupport_fastrtps_c.so
-- Up-to-date: /home/mmitss/Documents/cda-mmitss/other/install/can_msgs/include/can_msgs
-- Up-to-date: /home/mmitss/Documents/cda-mmitss/other/install/can_msgs/include/can_msgs/msg
-- Up-to-date: /home/mmitss/Documents/cda-mmitss/other/install/can_msgs/include/can_msgs/msg/rosidl_typesupport_fastrtps_cpp__visibility_control.h
-- Up-to-date: /home/mmitss/Documents/cda-mmitss/other/install/can_msgs/include/can_msgs/msg/detail
-- Up-to-date: /home/mmitss/Documents/cda-mmitss/other/install/can_msgs/include/can_msgs/msg/detail/frame__rosidl_typesupport_fastrtps_cpp.hpp
-- Up-to-date: /home/mmitss/Documents/cda-mmitss/other/install/can_msgs/include/can_msgs/msg/detail/dds_fastrtps
-- Up-to-date: /home/mmitss/Documents/cda-mmitss/other/install/can_msgs/include/can_msgs/msg/detail/can_state__rosidl_typesupport_fastrtps_cpp.hpp
-- Up-to-date: /home/mmitss/Documents/cda-mmitss/other/install/can_msgs/lib/libcan_msgs__rosidl_typesupport_fastrtps_cpp.so
-- Up-to-date: /home/mmitss/Documents/cda-mmitss/other/install/can_msgs/include/can_msgs
-- Up-to-date: /home/mmitss/Documents/cda-mmitss/other/install/can_msgs/include/can_msgs/msg
-- Up-to-date: /home/mmitss/Documents/cda-mmitss/other/install/can_msgs/include/can_msgs/msg/rosidl_typesupport_introspection_c__visibility_control.h
-- Up-to-date: /home/mmitss/Documents/cda-mmitss/other/install/can_msgs/include/can_msgs/msg/detail
-- Up-to-date: /home/mmitss/Documents/cda-mmitss/other/install/can_msgs/include/can_msgs/msg/detail/frame__type_support.c
-- Up-to-date: /home/mmitss/Documents/cda-mmitss/other/install/can_msgs/include/can_msgs/msg/detail/can_state__type_support.c
-- Up-to-date: /home/mmitss/Documents/cda-mmitss/other/install/can_msgs/include/can_msgs/msg/detail/frame__rosidl_typesupport_introspection_c.h
-- Up-to-date: /home/mmitss/Documents/cda-mmitss/other/install/can_msgs/include/can_msgs/msg/detail/can_state__rosidl_typesupport_introspection_c.h
-- Up-to-date: /home/mmitss/Documents/cda-mmitss/other/install/can_msgs/lib/libcan_msgs__rosidl_typesupport_introspection_c.so
-- Up-to-date: /home/mmitss/Documents/cda-mmitss/other/install/can_msgs/lib/libcan_msgs__rosidl_typesupport_c.so
-- Up-to-date: /home/mmitss/Documents/cda-mmitss/other/install/can_msgs/include/can_msgs
-- Up-to-date: /home/mmitss/Documents/cda-mmitss/other/install/can_msgs/include/can_msgs/msg
-- Up-to-date: /home/mmitss/Documents/cda-mmitss/other/install/can_msgs/include/can_msgs/msg/rosidl_generator_cpp__visibility_control.hpp
-- Up-to-date: /home/mmitss/Documents/cda-mmitss/other/install/can_msgs/include/can_msgs/msg/frame.hpp
-- Up-to-date: /home/mmitss/Documents/cda-mmitss/other/install/can_msgs/include/can_msgs/msg/can_state.hpp
-- Up-to-date: /home/mmitss/Documents/cda-mmitss/other/install/can_msgs/include/can_msgs/msg/detail
-- Up-to-date: /home/mmitss/Documents/cda-mmitss/other/install/can_msgs/include/can_msgs/msg/detail/frame__type_support.hpp
-- Up-to-date: /home/mmitss/Documents/cda-mmitss/other/install/can_msgs/include/can_msgs/msg/detail/can_state__struct.hpp
-- Up-to-date: /home/mmitss/Documents/cda-mmitss/other/install/can_msgs/include/can_msgs/msg/detail/frame__traits.hpp
-- Up-to-date: /home/mmitss/Documents/cda-mmitss/other/install/can_msgs/include/can_msgs/msg/detail/can_state__traits.hpp
-- Up-to-date: /home/mmitss/Documents/cda-mmitss/other/install/can_msgs/include/can_msgs/msg/detail/can_state__type_support.hpp
-- Up-to-date: /home/mmitss/Documents/cda-mmitss/other/install/can_msgs/include/can_msgs/msg/detail/frame__struct.hpp
-- Up-to-date: /home/mmitss/Documents/cda-mmitss/other/install/can_msgs/include/can_msgs/msg/detail/frame__builder.hpp
-- Up-to-date: /home/mmitss/Documents/cda-mmitss/other/install/can_msgs/include/can_msgs/msg/detail/can_state__builder.hpp
-- Up-to-date: /home/mmitss/Documents/cda-mmitss/other/install/can_msgs/include/can_msgs
-- Up-to-date: /home/mmitss/Documents/cda-mmitss/other/install/can_msgs/include/can_msgs/msg
-- Up-to-date: /home/mmitss/Documents/cda-mmitss/other/install/can_msgs/include/can_msgs/msg/detail
-- Up-to-date: /home/mmitss/Documents/cda-mmitss/other/install/can_msgs/include/can_msgs/msg/detail/frame__type_support.cpp
-- Up-to-date: /home/mmitss/Documents/cda-mmitss/other/install/can_msgs/include/can_msgs/msg/detail/can_state__rosidl_typesupport_introspection_cpp.hpp
-- Up-to-date: /home/mmitss/Documents/cda-mmitss/other/install/can_msgs/include/can_msgs/msg/detail/frame__rosidl_typesupport_introspection_cpp.hpp
-- Up-to-date: /home/mmitss/Documents/cda-mmitss/other/install/can_msgs/include/can_msgs/msg/detail/can_state__type_support.cpp
-- Up-to-date: /home/mmitss/Documents/cda-mmitss/other/install/can_msgs/lib/libcan_msgs__rosidl_typesupport_introspection_cpp.so
-- Up-to-date: /home/mmitss/Documents/cda-mmitss/other/install/can_msgs/lib/libcan_msgs__rosidl_typesupport_cpp.so
-- Up-to-date: /home/mmitss/Documents/cda-mmitss/other/install/can_msgs/share/can_msgs/environment/pythonpath.sh
-- Up-to-date: /home/mmitss/Documents/cda-mmitss/other/install/can_msgs/share/can_msgs/environment/pythonpath.dsv
-- Up-to-date: /home/mmitss/Documents/cda-mmitss/other/install/can_msgs/lib/python3.8/site-packages/can_msgs/__init__.py
-- Up-to-date: /home/mmitss/Documents/cda-mmitss/other/install/can_msgs/lib/python3.8/site-packages/can_msgs/msg
-- Up-to-date: /home/mmitss/Documents/cda-mmitss/other/install/can_msgs/lib/python3.8/site-packages/can_msgs/msg/_can_state_s.c
-- Up-to-date: /home/mmitss/Documents/cda-mmitss/other/install/can_msgs/lib/python3.8/site-packages/can_msgs/msg/_frame_s.c
-- Up-to-date: /home/mmitss/Documents/cda-mmitss/other/install/can_msgs/lib/python3.8/site-packages/can_msgs/msg/_frame.py
-- Up-to-date: /home/mmitss/Documents/cda-mmitss/other/install/can_msgs/lib/python3.8/site-packages/can_msgs/msg/_can_state.py
-- Up-to-date: /home/mmitss/Documents/cda-mmitss/other/install/can_msgs/lib/python3.8/site-packages/can_msgs/msg/__init__.py
-- Up-to-date: /home/mmitss/Documents/cda-mmitss/other/install/can_msgs/lib/python3.8/site-packages/can_msgs/can_msgs_s__rosidl_typesupport_fastrtps_c.cpython-38-x86_64-linux-gnu.so
-- Up-to-date: /home/mmitss/Documents/cda-mmitss/other/install/can_msgs/lib/python3.8/site-packages/can_msgs/can_msgs_s__rosidl_typesupport_introspection_c.cpython-38-x86_64-linux-gnu.so
-- Up-to-date: /home/mmitss/Documents/cda-mmitss/other/install/can_msgs/lib/python3.8/site-packages/can_msgs/can_msgs_s__rosidl_typesupport_c.cpython-38-x86_64-linux-gnu.so
-- Up-to-date: /home/mmitss/Documents/cda-mmitss/other/install/can_msgs/lib/libcan_msgs__python.so
-- Up-to-date: /home/mmitss/Documents/cda-mmitss/other/install/can_msgs/share/can_msgs/msg/CanState.idl
-- Up-to-date: /home/mmitss/Documents/cda-mmitss/other/install/can_msgs/share/can_msgs/msg/Frame.idl
-- Up-to-date: /home/mmitss/Documents/cda-mmitss/other/install/can_msgs/share/can_msgs/msg/CanState.msg
-- Up-to-date: /home/mmitss/Documents/cda-mmitss/other/install/can_msgs/share/can_msgs/msg/Frame.msg
-- Up-to-date: /home/mmitss/Documents/cda-mmitss/other/install/can_msgs/share/ament_index/resource_index/package_run_dependencies/can_msgs
-- Up-to-date: /home/mmitss/Documents/cda-mmitss/other/install/can_msgs/share/ament_index/resource_index/parent_prefix_path/can_msgs
-- Up-to-date: /home/mmitss/Documents/cda-mmitss/other/install/can_msgs/share/can_msgs/environment/ament_prefix_path.sh
-- Up-to-date: /home/mmitss/Documents/cda-mmitss/other/install/can_msgs/share/can_msgs/environment/ament_prefix_path.dsv
-- Up-to-date: /home/mmitss/Documents/cda-mmitss/other/install/can_msgs/share/can_msgs/environment/path.sh
-- Up-to-date: /home/mmitss/Documents/cda-mmitss/other/install/can_msgs/share/can_msgs/environment/path.dsv
-- Up-to-date: /home/mmitss/Documents/cda-mmitss/other/install/can_msgs/share/can_msgs/local_setup.bash
-- Up-to-date: /home/mmitss/Documents/cda-mmitss/other/install/can_msgs/share/can_msgs/local_setup.sh
-- Up-to-date: /home/mmitss/Documents/cda-mmitss/other/install/can_msgs/share/can_msgs/local_setup.zsh
-- Up-to-date: /home/mmitss/Documents/cda-mmitss/other/install/can_msgs/share/can_msgs/local_setup.dsv
-- Installing: /home/mmitss/Documents/cda-mmitss/other/install/can_msgs/share/can_msgs/package.dsv
-- Up-to-date: /home/mmitss/Documents/cda-mmitss/other/install/can_msgs/share/ament_index/resource_index/packages/can_msgs
-- Up-to-date: /home/mmitss/Documents/cda-mmitss/other/install/can_msgs/share/can_msgs/cmake/can_msgs__rosidl_generator_cExport.cmake
-- Up-to-date: /home/mmitss/Documents/cda-mmitss/other/install/can_msgs/share/can_msgs/cmake/can_msgs__rosidl_generator_cExport-release.cmake
-- Up-to-date: /home/mmitss/Documents/cda-mmitss/other/install/can_msgs/share/can_msgs/cmake/can_msgs__rosidl_typesupport_introspection_cExport.cmake
-- Up-to-date: /home/mmitss/Documents/cda-mmitss/other/install/can_msgs/share/can_msgs/cmake/can_msgs__rosidl_typesupport_introspection_cExport-release.cmake
-- Up-to-date: /home/mmitss/Documents/cda-mmitss/other/install/can_msgs/share/can_msgs/cmake/can_msgs__rosidl_typesupport_cExport.cmake
-- Up-to-date: /home/mmitss/Documents/cda-mmitss/other/install/can_msgs/share/can_msgs/cmake/can_msgs__rosidl_typesupport_cExport-release.cmake
-- Up-to-date: /home/mmitss/Documents/cda-mmitss/other/install/can_msgs/share/can_msgs/cmake/can_msgs__rosidl_generator_cppExport.cmake
-- Up-to-date: /home/mmitss/Documents/cda-mmitss/other/install/can_msgs/share/can_msgs/cmake/can_msgs__rosidl_typesupport_introspection_cppExport.cmake
-- Up-to-date: /home/mmitss/Documents/cda-mmitss/other/install/can_msgs/share/can_msgs/cmake/can_msgs__rosidl_typesupport_introspection_cppExport-release.cmake
-- Up-to-date: /home/mmitss/Documents/cda-mmitss/other/install/can_msgs/share/can_msgs/cmake/can_msgs__rosidl_typesupport_cppExport.cmake
-- Up-to-date: /home/mmitss/Documents/cda-mmitss/other/install/can_msgs/share/can_msgs/cmake/can_msgs__rosidl_typesupport_cppExport-release.cmake
-- Up-to-date: /home/mmitss/Documents/cda-mmitss/other/install/can_msgs/share/can_msgs/cmake/rosidl_cmake-extras.cmake
-- Up-to-date: /home/mmitss/Documents/cda-mmitss/other/install/can_msgs/share/can_msgs/cmake/ament_cmake_export_dependencies-extras.cmake
-- Up-to-date: /home/mmitss/Documents/cda-mmitss/other/install/can_msgs/share/can_msgs/cmake/ament_cmake_export_libraries-extras.cmake
-- Up-to-date: /home/mmitss/Documents/cda-mmitss/other/install/can_msgs/share/can_msgs/cmake/ament_cmake_export_targets-extras.cmake
-- Up-to-date: /home/mmitss/Documents/cda-mmitss/other/install/can_msgs/share/can_msgs/cmake/ament_cmake_export_include_directories-extras.cmake
-- Up-to-date: /home/mmitss/Documents/cda-mmitss/other/install/can_msgs/share/can_msgs/cmake/rosidl_cmake_export_typesupport_libraries-extras.cmake
-- Up-to-date: /home/mmitss/Documents/cda-mmitss/other/install/can_msgs/share/can_msgs/cmake/rosidl_cmake_export_typesupport_targets-extras.cmake
-- Up-to-date: /home/mmitss/Documents/cda-mmitss/other/install/can_msgs/share/can_msgs/cmake/can_msgsConfig.cmake
-- Up-to-date: /home/mmitss/Documents/cda-mmitss/other/install/can_msgs/share/can_msgs/cmake/can_msgsConfig-version.cmake
-- Up-to-date: /home/mmitss/Documents/cda-mmitss/other/install/can_msgs/share/can_msgs/package.xml
