[0.086s] Invoking command in '/home/mmitss/Documents/cda-mmitss/other/build/can_msgs': CMAKE_PREFIX_PATH=/home/mmitss/Documents/cda-mmitss/other/install/carma_cmake_common:/home/mmitss/Documents/cda-mmitss/other/install/carma_debug_ros2_msgs:/home/mmitss/Documents/cda-mmitss/other/install/carma_planning_msgs:/home/mmitss/Documents/cda-mmitss/other/install/carma_v2x_msgs:/home/mmitss/Documents/cda-mmitss/other/install/j3224_v2x_msgs:/home/mmitss/Documents/cda-mmitss/other/install/j2735_v2x_msgs:/home/mmitss/Documents/cda-mmitss/other/install/carma_perception_msgs:/home/mmitss/Documents/cda-mmitss/other/install/carma_driver_msgs:/home/mmitss/Documents/cda-mmitss/other/install/carma_msgs:/home/mmitss/Documents/cda-mmitss/other/install/carma_localization_msgs:/home/mmitss/Documents/cda-mmitss/other/install/can_msgs:/opt/ros/foxy CONDA_PROMPT_MODIFIER=(base) /usr/bin/cmake --build /home/mmitss/Documents/cda-mmitss/other/build/can_msgs -- -j8 -l8
[0.251s] [  2%] Built target can_msgs__cpp
[0.256s] [ 12%] Built target can_msgs__rosidl_generator_c
[0.409s] [ 23%] Built target can_msgs__rosidl_typesupport_introspection_cpp
[0.428s] [ 33%] Built target can_msgs__rosidl_typesupport_cpp
[0.446s] [ 43%] Built target can_msgs__rosidl_typesupport_fastrtps_cpp
[0.559s] [ 53%] Built target can_msgs__rosidl_typesupport_c
[0.604s] [ 64%] Built target can_msgs__rosidl_typesupport_fastrtps_c
[0.641s] [ 74%] Built target can_msgs__rosidl_typesupport_introspection_c
[0.725s] [ 74%] Built target can_msgs
[0.790s] [ 76%] Built target can_msgs__py
[0.843s] [ 84%] Built target can_msgs__python
[0.916s] [ 89%] Built target can_msgs__rosidl_typesupport_c__pyext
[0.929s] [ 94%] Built target can_msgs__rosidl_typesupport_fastrtps_c__pyext
[1.017s] [100%] Built target can_msgs__rosidl_typesupport_introspection_c__pyext
[1.064s] Invoked command in '/home/mmitss/Documents/cda-mmitss/other/build/can_msgs' returned '0': CMAKE_PREFIX_PATH=/home/mmitss/Documents/cda-mmitss/other/install/carma_cmake_common:/home/mmitss/Documents/cda-mmitss/other/install/carma_debug_ros2_msgs:/home/mmitss/Documents/cda-mmitss/other/install/carma_planning_msgs:/home/mmitss/Documents/cda-mmitss/other/install/carma_v2x_msgs:/home/mmitss/Documents/cda-mmitss/other/install/j3224_v2x_msgs:/home/mmitss/Documents/cda-mmitss/other/install/j2735_v2x_msgs:/home/mmitss/Documents/cda-mmitss/other/install/carma_perception_msgs:/home/mmitss/Documents/cda-mmitss/other/install/carma_driver_msgs:/home/mmitss/Documents/cda-mmitss/other/install/carma_msgs:/home/mmitss/Documents/cda-mmitss/other/install/carma_localization_msgs:/home/mmitss/Documents/cda-mmitss/other/install/can_msgs:/opt/ros/foxy CONDA_PROMPT_MODIFIER=(base) /usr/bin/cmake --build /home/mmitss/Documents/cda-mmitss/other/build/can_msgs -- -j8 -l8
[1.300s] Invoking command in '/home/mmitss/Documents/cda-mmitss/other/build/can_msgs': CMAKE_PREFIX_PATH=/home/mmitss/Documents/cda-mmitss/other/install/carma_cmake_common:/home/mmitss/Documents/cda-mmitss/other/install/carma_debug_ros2_msgs:/home/mmitss/Documents/cda-mmitss/other/install/carma_planning_msgs:/home/mmitss/Documents/cda-mmitss/other/install/carma_v2x_msgs:/home/mmitss/Documents/cda-mmitss/other/install/j3224_v2x_msgs:/home/mmitss/Documents/cda-mmitss/other/install/j2735_v2x_msgs:/home/mmitss/Documents/cda-mmitss/other/install/carma_perception_msgs:/home/mmitss/Documents/cda-mmitss/other/install/carma_driver_msgs:/home/mmitss/Documents/cda-mmitss/other/install/carma_msgs:/home/mmitss/Documents/cda-mmitss/other/install/carma_localization_msgs:/home/mmitss/Documents/cda-mmitss/other/install/can_msgs:/opt/ros/foxy CONDA_PROMPT_MODIFIER=(base) /usr/bin/cmake --install /home/mmitss/Documents/cda-mmitss/other/build/can_msgs
[1.317s] -- Install configuration: "Release"
[1.318s] -- Up-to-date: /home/mmitss/Documents/cda-mmitss/other/install/can_msgs/share/ament_index/resource_index/rosidl_interfaces/can_msgs
[1.318s] -- Up-to-date: /home/mmitss/Documents/cda-mmitss/other/install/can_msgs/include/can_msgs
[1.319s] -- Up-to-date: /home/mmitss/Documents/cda-mmitss/other/install/can_msgs/include/can_msgs/msg
[1.320s] -- Up-to-date: /home/mmitss/Documents/cda-mmitss/other/install/can_msgs/include/can_msgs/msg/can_state.h
[1.320s] -- Up-to-date: /home/mmitss/Documents/cda-mmitss/other/install/can_msgs/include/can_msgs/msg/rosidl_generator_c__visibility_control.h
[1.321s] -- Up-to-date: /home/mmitss/Documents/cda-mmitss/other/install/can_msgs/include/can_msgs/msg/frame.h
[1.321s] -- Up-to-date: /home/mmitss/Documents/cda-mmitss/other/install/can_msgs/include/can_msgs/msg/detail
[1.322s] -- Up-to-date: /home/mmitss/Documents/cda-mmitss/other/install/can_msgs/include/can_msgs/msg/detail/can_state__type_support.h
[1.322s] -- Up-to-date: /home/mmitss/Documents/cda-mmitss/other/install/can_msgs/include/can_msgs/msg/detail/frame__struct.h
[1.322s] -- Up-to-date: /home/mmitss/Documents/cda-mmitss/other/install/can_msgs/include/can_msgs/msg/detail/can_state__struct.h
[1.322s] -- Up-to-date: /home/mmitss/Documents/cda-mmitss/other/install/can_msgs/include/can_msgs/msg/detail/frame__type_support.h
[1.323s] -- Up-to-date: /home/mmitss/Documents/cda-mmitss/other/install/can_msgs/include/can_msgs/msg/detail/can_state__functions.c
[1.323s] -- Up-to-date: /home/mmitss/Documents/cda-mmitss/other/install/can_msgs/include/can_msgs/msg/detail/frame__functions.h
[1.324s] -- Up-to-date: /home/mmitss/Documents/cda-mmitss/other/install/can_msgs/include/can_msgs/msg/detail/can_state__functions.h
[1.325s] -- Up-to-date: /home/mmitss/Documents/cda-mmitss/other/install/can_msgs/include/can_msgs/msg/detail/frame__functions.c
[1.325s] -- Up-to-date: /home/mmitss/Documents/cda-mmitss/other/install/can_msgs/share/can_msgs/environment/library_path.sh
[1.325s] -- Up-to-date: /home/mmitss/Documents/cda-mmitss/other/install/can_msgs/share/can_msgs/environment/library_path.dsv
[1.326s] -- Up-to-date: /home/mmitss/Documents/cda-mmitss/other/install/can_msgs/lib/libcan_msgs__rosidl_generator_c.so
[1.326s] -- Up-to-date: /home/mmitss/Documents/cda-mmitss/other/install/can_msgs/include/can_msgs
[1.326s] -- Up-to-date: /home/mmitss/Documents/cda-mmitss/other/install/can_msgs/include/can_msgs/msg
[1.327s] -- Up-to-date: /home/mmitss/Documents/cda-mmitss/other/install/can_msgs/include/can_msgs/msg/rosidl_typesupport_fastrtps_c__visibility_control.h
[1.330s] -- Up-to-date: /home/mmitss/Documents/cda-mmitss/other/install/can_msgs/include/can_msgs/msg/detail
[1.330s] -- Up-to-date: /home/mmitss/Documents/cda-mmitss/other/install/can_msgs/include/can_msgs/msg/detail/frame__rosidl_typesupport_fastrtps_c.h
[1.333s] -- Up-to-date: /home/mmitss/Documents/cda-mmitss/other/install/can_msgs/include/can_msgs/msg/detail/can_state__rosidl_typesupport_fastrtps_c.h
[1.333s] -- Up-to-date: /home/mmitss/Documents/cda-mmitss/other/install/can_msgs/lib/libcan_msgs__rosidl_typesupport_fastrtps_c.so
[1.334s] -- Up-to-date: /home/mmitss/Documents/cda-mmitss/other/install/can_msgs/include/can_msgs
[1.334s] -- Up-to-date: /home/mmitss/Documents/cda-mmitss/other/install/can_msgs/include/can_msgs/msg
[1.334s] -- Up-to-date: /home/mmitss/Documents/cda-mmitss/other/install/can_msgs/include/can_msgs/msg/rosidl_typesupport_fastrtps_cpp__visibility_control.h
[1.335s] -- Up-to-date: /home/mmitss/Documents/cda-mmitss/other/install/can_msgs/include/can_msgs/msg/detail
[1.335s] -- Up-to-date: /home/mmitss/Documents/cda-mmitss/other/install/can_msgs/include/can_msgs/msg/detail/frame__rosidl_typesupport_fastrtps_cpp.hpp
[1.336s] -- Up-to-date: /home/mmitss/Documents/cda-mmitss/other/install/can_msgs/include/can_msgs/msg/detail/dds_fastrtps
[1.336s] -- Up-to-date: /home/mmitss/Documents/cda-mmitss/other/install/can_msgs/include/can_msgs/msg/detail/can_state__rosidl_typesupport_fastrtps_cpp.hpp
[1.337s] -- Up-to-date: /home/mmitss/Documents/cda-mmitss/other/install/can_msgs/lib/libcan_msgs__rosidl_typesupport_fastrtps_cpp.so
[1.338s] -- Up-to-date: /home/mmitss/Documents/cda-mmitss/other/install/can_msgs/include/can_msgs
[1.338s] -- Up-to-date: /home/mmitss/Documents/cda-mmitss/other/install/can_msgs/include/can_msgs/msg
[1.339s] -- Up-to-date: /home/mmitss/Documents/cda-mmitss/other/install/can_msgs/include/can_msgs/msg/rosidl_typesupport_introspection_c__visibility_control.h
[1.340s] -- Up-to-date: /home/mmitss/Documents/cda-mmitss/other/install/can_msgs/include/can_msgs/msg/detail
[1.340s] -- Up-to-date: /home/mmitss/Documents/cda-mmitss/other/install/can_msgs/include/can_msgs/msg/detail/frame__type_support.c
[1.340s] -- Up-to-date: /home/mmitss/Documents/cda-mmitss/other/install/can_msgs/include/can_msgs/msg/detail/can_state__type_support.c
[1.341s] -- Up-to-date: /home/mmitss/Documents/cda-mmitss/other/install/can_msgs/include/can_msgs/msg/detail/frame__rosidl_typesupport_introspection_c.h
[1.341s] -- Up-to-date: /home/mmitss/Documents/cda-mmitss/other/install/can_msgs/include/can_msgs/msg/detail/can_state__rosidl_typesupport_introspection_c.h
[1.341s] -- Up-to-date: /home/mmitss/Documents/cda-mmitss/other/install/can_msgs/lib/libcan_msgs__rosidl_typesupport_introspection_c.so
[1.342s] -- Up-to-date: /home/mmitss/Documents/cda-mmitss/other/install/can_msgs/lib/libcan_msgs__rosidl_typesupport_c.so
[1.342s] -- Up-to-date: /home/mmitss/Documents/cda-mmitss/other/install/can_msgs/include/can_msgs
[1.343s] -- Up-to-date: /home/mmitss/Documents/cda-mmitss/other/install/can_msgs/include/can_msgs/msg
[1.344s] -- Up-to-date: /home/mmitss/Documents/cda-mmitss/other/install/can_msgs/include/can_msgs/msg/rosidl_generator_cpp__visibility_control.hpp
[1.345s] -- Up-to-date: /home/mmitss/Documents/cda-mmitss/other/install/can_msgs/include/can_msgs/msg/frame.hpp
[1.345s] -- Up-to-date: /home/mmitss/Documents/cda-mmitss/other/install/can_msgs/include/can_msgs/msg/can_state.hpp
[1.346s] -- Up-to-date: /home/mmitss/Documents/cda-mmitss/other/install/can_msgs/include/can_msgs/msg/detail
[1.346s] -- Up-to-date: /home/mmitss/Documents/cda-mmitss/other/install/can_msgs/include/can_msgs/msg/detail/frame__type_support.hpp
[1.347s] -- Up-to-date: /home/mmitss/Documents/cda-mmitss/other/install/can_msgs/include/can_msgs/msg/detail/can_state__struct.hpp
[1.347s] -- Up-to-date: /home/mmitss/Documents/cda-mmitss/other/install/can_msgs/include/can_msgs/msg/detail/frame__traits.hpp
[1.348s] -- Up-to-date: /home/mmitss/Documents/cda-mmitss/other/install/can_msgs/include/can_msgs/msg/detail/can_state__traits.hpp
[1.348s] -- Up-to-date: /home/mmitss/Documents/cda-mmitss/other/install/can_msgs/include/can_msgs/msg/detail/can_state__type_support.hpp
[1.348s] -- Up-to-date: /home/mmitss/Documents/cda-mmitss/other/install/can_msgs/include/can_msgs/msg/detail/frame__struct.hpp
[1.349s] -- Up-to-date: /home/mmitss/Documents/cda-mmitss/other/install/can_msgs/include/can_msgs/msg/detail/frame__builder.hpp
[1.349s] -- Up-to-date: /home/mmitss/Documents/cda-mmitss/other/install/can_msgs/include/can_msgs/msg/detail/can_state__builder.hpp
[1.349s] -- Up-to-date: /home/mmitss/Documents/cda-mmitss/other/install/can_msgs/include/can_msgs
[1.350s] -- Up-to-date: /home/mmitss/Documents/cda-mmitss/other/install/can_msgs/include/can_msgs/msg
[1.350s] -- Up-to-date: /home/mmitss/Documents/cda-mmitss/other/install/can_msgs/include/can_msgs/msg/detail
[1.350s] -- Up-to-date: /home/mmitss/Documents/cda-mmitss/other/install/can_msgs/include/can_msgs/msg/detail/frame__type_support.cpp
[1.350s] -- Up-to-date: /home/mmitss/Documents/cda-mmitss/other/install/can_msgs/include/can_msgs/msg/detail/can_state__rosidl_typesupport_introspection_cpp.hpp
[1.351s] -- Up-to-date: /home/mmitss/Documents/cda-mmitss/other/install/can_msgs/include/can_msgs/msg/detail/frame__rosidl_typesupport_introspection_cpp.hpp
[1.351s] -- Up-to-date: /home/mmitss/Documents/cda-mmitss/other/install/can_msgs/include/can_msgs/msg/detail/can_state__type_support.cpp
[1.351s] -- Up-to-date: /home/mmitss/Documents/cda-mmitss/other/install/can_msgs/lib/libcan_msgs__rosidl_typesupport_introspection_cpp.so
[1.351s] -- Up-to-date: /home/mmitss/Documents/cda-mmitss/other/install/can_msgs/lib/libcan_msgs__rosidl_typesupport_cpp.so
[1.352s] -- Up-to-date: /home/mmitss/Documents/cda-mmitss/other/install/can_msgs/share/can_msgs/environment/pythonpath.sh
[1.356s] -- Up-to-date: /home/mmitss/Documents/cda-mmitss/other/install/can_msgs/share/can_msgs/environment/pythonpath.dsv
[1.356s] -- Up-to-date: /home/mmitss/Documents/cda-mmitss/other/install/can_msgs/lib/python3.8/site-packages/can_msgs/__init__.py
[1.467s] -- Up-to-date: /home/mmitss/Documents/cda-mmitss/other/install/can_msgs/lib/python3.8/site-packages/can_msgs/msg
[1.468s] -- Up-to-date: /home/mmitss/Documents/cda-mmitss/other/install/can_msgs/lib/python3.8/site-packages/can_msgs/msg/_can_state_s.c
[1.468s] -- Up-to-date: /home/mmitss/Documents/cda-mmitss/other/install/can_msgs/lib/python3.8/site-packages/can_msgs/msg/_frame_s.c
[1.469s] -- Up-to-date: /home/mmitss/Documents/cda-mmitss/other/install/can_msgs/lib/python3.8/site-packages/can_msgs/msg/_frame.py
[1.469s] -- Up-to-date: /home/mmitss/Documents/cda-mmitss/other/install/can_msgs/lib/python3.8/site-packages/can_msgs/msg/_can_state.py
[1.469s] -- Up-to-date: /home/mmitss/Documents/cda-mmitss/other/install/can_msgs/lib/python3.8/site-packages/can_msgs/msg/__init__.py
[1.469s] -- Up-to-date: /home/mmitss/Documents/cda-mmitss/other/install/can_msgs/lib/python3.8/site-packages/can_msgs/can_msgs_s__rosidl_typesupport_fastrtps_c.cpython-38-x86_64-linux-gnu.so
[1.470s] -- Up-to-date: /home/mmitss/Documents/cda-mmitss/other/install/can_msgs/lib/python3.8/site-packages/can_msgs/can_msgs_s__rosidl_typesupport_introspection_c.cpython-38-x86_64-linux-gnu.so
[1.472s] -- Up-to-date: /home/mmitss/Documents/cda-mmitss/other/install/can_msgs/lib/python3.8/site-packages/can_msgs/can_msgs_s__rosidl_typesupport_c.cpython-38-x86_64-linux-gnu.so
[1.473s] -- Up-to-date: /home/mmitss/Documents/cda-mmitss/other/install/can_msgs/lib/libcan_msgs__python.so
[1.473s] -- Up-to-date: /home/mmitss/Documents/cda-mmitss/other/install/can_msgs/share/can_msgs/msg/CanState.idl
[1.474s] -- Up-to-date: /home/mmitss/Documents/cda-mmitss/other/install/can_msgs/share/can_msgs/msg/Frame.idl
[1.474s] -- Up-to-date: /home/mmitss/Documents/cda-mmitss/other/install/can_msgs/share/can_msgs/msg/CanState.msg
[1.474s] -- Up-to-date: /home/mmitss/Documents/cda-mmitss/other/install/can_msgs/share/can_msgs/msg/Frame.msg
[1.475s] -- Up-to-date: /home/mmitss/Documents/cda-mmitss/other/install/can_msgs/share/ament_index/resource_index/package_run_dependencies/can_msgs
[1.475s] -- Up-to-date: /home/mmitss/Documents/cda-mmitss/other/install/can_msgs/share/ament_index/resource_index/parent_prefix_path/can_msgs
[1.475s] -- Up-to-date: /home/mmitss/Documents/cda-mmitss/other/install/can_msgs/share/can_msgs/environment/ament_prefix_path.sh
[1.476s] -- Up-to-date: /home/mmitss/Documents/cda-mmitss/other/install/can_msgs/share/can_msgs/environment/ament_prefix_path.dsv
[1.476s] -- Up-to-date: /home/mmitss/Documents/cda-mmitss/other/install/can_msgs/share/can_msgs/environment/path.sh
[1.476s] -- Up-to-date: /home/mmitss/Documents/cda-mmitss/other/install/can_msgs/share/can_msgs/environment/path.dsv
[1.476s] -- Up-to-date: /home/mmitss/Documents/cda-mmitss/other/install/can_msgs/share/can_msgs/local_setup.bash
[1.476s] -- Up-to-date: /home/mmitss/Documents/cda-mmitss/other/install/can_msgs/share/can_msgs/local_setup.sh
[1.476s] -- Up-to-date: /home/mmitss/Documents/cda-mmitss/other/install/can_msgs/share/can_msgs/local_setup.zsh
[1.477s] -- Up-to-date: /home/mmitss/Documents/cda-mmitss/other/install/can_msgs/share/can_msgs/local_setup.dsv
[1.477s] -- Installing: /home/mmitss/Documents/cda-mmitss/other/install/can_msgs/share/can_msgs/package.dsv
[1.477s] -- Up-to-date: /home/mmitss/Documents/cda-mmitss/other/install/can_msgs/share/ament_index/resource_index/packages/can_msgs
[1.478s] -- Up-to-date: /home/mmitss/Documents/cda-mmitss/other/install/can_msgs/share/can_msgs/cmake/can_msgs__rosidl_generator_cExport.cmake
[1.478s] -- Up-to-date: /home/mmitss/Documents/cda-mmitss/other/install/can_msgs/share/can_msgs/cmake/can_msgs__rosidl_generator_cExport-release.cmake
[1.478s] -- Up-to-date: /home/mmitss/Documents/cda-mmitss/other/install/can_msgs/share/can_msgs/cmake/can_msgs__rosidl_typesupport_introspection_cExport.cmake
[1.478s] -- Up-to-date: /home/mmitss/Documents/cda-mmitss/other/install/can_msgs/share/can_msgs/cmake/can_msgs__rosidl_typesupport_introspection_cExport-release.cmake
[1.478s] -- Up-to-date: /home/mmitss/Documents/cda-mmitss/other/install/can_msgs/share/can_msgs/cmake/can_msgs__rosidl_typesupport_cExport.cmake
[1.479s] -- Up-to-date: /home/mmitss/Documents/cda-mmitss/other/install/can_msgs/share/can_msgs/cmake/can_msgs__rosidl_typesupport_cExport-release.cmake
[1.479s] -- Up-to-date: /home/mmitss/Documents/cda-mmitss/other/install/can_msgs/share/can_msgs/cmake/can_msgs__rosidl_generator_cppExport.cmake
[1.479s] -- Up-to-date: /home/mmitss/Documents/cda-mmitss/other/install/can_msgs/share/can_msgs/cmake/can_msgs__rosidl_typesupport_introspection_cppExport.cmake
[1.479s] -- Up-to-date: /home/mmitss/Documents/cda-mmitss/other/install/can_msgs/share/can_msgs/cmake/can_msgs__rosidl_typesupport_introspection_cppExport-release.cmake
[1.480s] -- Up-to-date: /home/mmitss/Documents/cda-mmitss/other/install/can_msgs/share/can_msgs/cmake/can_msgs__rosidl_typesupport_cppExport.cmake
[1.480s] -- Up-to-date: /home/mmitss/Documents/cda-mmitss/other/install/can_msgs/share/can_msgs/cmake/can_msgs__rosidl_typesupport_cppExport-release.cmake
[1.480s] -- Up-to-date: /home/mmitss/Documents/cda-mmitss/other/install/can_msgs/share/can_msgs/cmake/rosidl_cmake-extras.cmake
[1.480s] -- Up-to-date: /home/mmitss/Documents/cda-mmitss/other/install/can_msgs/share/can_msgs/cmake/ament_cmake_export_dependencies-extras.cmake
[1.481s] -- Up-to-date: /home/mmitss/Documents/cda-mmitss/other/install/can_msgs/share/can_msgs/cmake/ament_cmake_export_libraries-extras.cmake
[1.481s] -- Up-to-date: /home/mmitss/Documents/cda-mmitss/other/install/can_msgs/share/can_msgs/cmake/ament_cmake_export_targets-extras.cmake
[1.481s] -- Up-to-date: /home/mmitss/Documents/cda-mmitss/other/install/can_msgs/share/can_msgs/cmake/ament_cmake_export_include_directories-extras.cmake
[1.481s] -- Up-to-date: /home/mmitss/Documents/cda-mmitss/other/install/can_msgs/share/can_msgs/cmake/rosidl_cmake_export_typesupport_libraries-extras.cmake
[1.482s] -- Up-to-date: /home/mmitss/Documents/cda-mmitss/other/install/can_msgs/share/can_msgs/cmake/rosidl_cmake_export_typesupport_targets-extras.cmake
[1.482s] -- Up-to-date: /home/mmitss/Documents/cda-mmitss/other/install/can_msgs/share/can_msgs/cmake/can_msgsConfig.cmake
[1.482s] -- Up-to-date: /home/mmitss/Documents/cda-mmitss/other/install/can_msgs/share/can_msgs/cmake/can_msgsConfig-version.cmake
[1.482s] -- Up-to-date: /home/mmitss/Documents/cda-mmitss/other/install/can_msgs/share/can_msgs/package.xml
[1.491s] Invoked command in '/home/mmitss/Documents/cda-mmitss/other/build/can_msgs' returned '0': CMAKE_PREFIX_PATH=/home/mmitss/Documents/cda-mmitss/other/install/carma_cmake_common:/home/mmitss/Documents/cda-mmitss/other/install/carma_debug_ros2_msgs:/home/mmitss/Documents/cda-mmitss/other/install/carma_planning_msgs:/home/mmitss/Documents/cda-mmitss/other/install/carma_v2x_msgs:/home/mmitss/Documents/cda-mmitss/other/install/j3224_v2x_msgs:/home/mmitss/Documents/cda-mmitss/other/install/j2735_v2x_msgs:/home/mmitss/Documents/cda-mmitss/other/install/carma_perception_msgs:/home/mmitss/Documents/cda-mmitss/other/install/carma_driver_msgs:/home/mmitss/Documents/cda-mmitss/other/install/carma_msgs:/home/mmitss/Documents/cda-mmitss/other/install/carma_localization_msgs:/home/mmitss/Documents/cda-mmitss/other/install/can_msgs:/opt/ros/foxy CONDA_PROMPT_MODIFIER=(base) /usr/bin/cmake --install /home/mmitss/Documents/cda-mmitss/other/build/can_msgs
