[  0%] Built target carma_driver_msgs__cpp
[ 12%] Built target carma_driver_msgs__rosidl_generator_c
[ 24%] Built target carma_driver_msgs__rosidl_typesupport_cpp
[ 36%] Built target carma_driver_msgs__rosidl_typesupport_introspection_cpp
[ 48%] Built target carma_driver_msgs__rosidl_typesupport_c
[ 60%] Built target carma_driver_msgs__rosidl_typesupport_fastrtps_cpp
[ 72%] Built target carma_driver_msgs__rosidl_typesupport_introspection_c
[ 84%] Built target carma_driver_msgs__rosidl_typesupport_fastrtps_c
[ 84%] Built target carma_driver_msgs
[ 85%] Built target carma_driver_msgs__py
[ 96%] Built target carma_driver_msgs__python
[ 97%] Built target carma_driver_msgs__rosidl_typesupport_c__pyext
[ 99%] Built target carma_driver_msgs__rosidl_typesupport_fastrtps_c__pyext
[100%] Built target carma_driver_msgs__rosidl_typesupport_introspection_c__pyext
-- Install configuration: "Release"
-- Up-to-date: /home/mmitss/Documents/cda-mmitss/other/install/carma_driver_msgs/share/ament_index/resource_index/rosidl_interfaces/carma_driver_msgs
-- Up-to-date: /home/mmitss/Documents/cda-mmitss/other/install/carma_driver_msgs/include/carma_driver_msgs
-- Up-to-date: /home/mmitss/Documents/cda-mmitss/other/install/carma_driver_msgs/include/carma_driver_msgs/srv
-- Up-to-date: /home/mmitss/Documents/cda-mmitss/other/install/carma_driver_msgs/include/carma_driver_msgs/srv/get_driver_status.h
-- Up-to-date: /home/mmitss/Documents/cda-mmitss/other/install/carma_driver_msgs/include/carma_driver_msgs/srv/send_message.h
-- Up-to-date: /home/mmitss/Documents/cda-mmitss/other/install/carma_driver_msgs/include/carma_driver_msgs/srv/get_drivers_with_capabilities.h
-- Up-to-date: /home/mmitss/Documents/cda-mmitss/other/install/carma_driver_msgs/include/carma_driver_msgs/srv/set_lights.h
-- Up-to-date: /home/mmitss/Documents/cda-mmitss/other/install/carma_driver_msgs/include/carma_driver_msgs/srv/set_enable_robotic.h
-- Up-to-date: /home/mmitss/Documents/cda-mmitss/other/install/carma_driver_msgs/include/carma_driver_msgs/srv/get_driver_api.h
-- Up-to-date: /home/mmitss/Documents/cda-mmitss/other/install/carma_driver_msgs/include/carma_driver_msgs/srv/get_lights.h
-- Up-to-date: /home/mmitss/Documents/cda-mmitss/other/install/carma_driver_msgs/include/carma_driver_msgs/srv/set_light_bar_indicator.h
-- Up-to-date: /home/mmitss/Documents/cda-mmitss/other/install/carma_driver_msgs/include/carma_driver_msgs/srv/detail
-- Up-to-date: /home/mmitss/Documents/cda-mmitss/other/install/carma_driver_msgs/include/carma_driver_msgs/srv/detail/get_driver_status__struct.h
-- Up-to-date: /home/mmitss/Documents/cda-mmitss/other/install/carma_driver_msgs/include/carma_driver_msgs/srv/detail/get_driver_api__struct.h
-- Up-to-date: /home/mmitss/Documents/cda-mmitss/other/install/carma_driver_msgs/include/carma_driver_msgs/srv/detail/set_light_bar_indicator__type_support.h
-- Up-to-date: /home/mmitss/Documents/cda-mmitss/other/install/carma_driver_msgs/include/carma_driver_msgs/srv/detail/send_message__struct.h
-- Up-to-date: /home/mmitss/Documents/cda-mmitss/other/install/carma_driver_msgs/include/carma_driver_msgs/srv/detail/set_light_bar_indicator__struct.h
-- Up-to-date: /home/mmitss/Documents/cda-mmitss/other/install/carma_driver_msgs/include/carma_driver_msgs/srv/detail/set_enable_robotic__functions.c
-- Up-to-date: /home/mmitss/Documents/cda-mmitss/other/install/carma_driver_msgs/include/carma_driver_msgs/srv/detail/get_driver_api__type_support.h
-- Up-to-date: /home/mmitss/Documents/cda-mmitss/other/install/carma_driver_msgs/include/carma_driver_msgs/srv/detail/get_driver_status__type_support.h
-- Up-to-date: /home/mmitss/Documents/cda-mmitss/other/install/carma_driver_msgs/include/carma_driver_msgs/srv/detail/send_message__functions.h
-- Up-to-date: /home/mmitss/Documents/cda-mmitss/other/install/carma_driver_msgs/include/carma_driver_msgs/srv/detail/get_lights__functions.h
-- Up-to-date: /home/mmitss/Documents/cda-mmitss/other/install/carma_driver_msgs/include/carma_driver_msgs/srv/detail/set_enable_robotic__struct.h
-- Up-to-date: /home/mmitss/Documents/cda-mmitss/other/install/carma_driver_msgs/include/carma_driver_msgs/srv/detail/get_driver_status__functions.c
-- Up-to-date: /home/mmitss/Documents/cda-mmitss/other/install/carma_driver_msgs/include/carma_driver_msgs/srv/detail/set_light_bar_indicator__functions.c
-- Up-to-date: /home/mmitss/Documents/cda-mmitss/other/install/carma_driver_msgs/include/carma_driver_msgs/srv/detail/set_lights__type_support.h
-- Up-to-date: /home/mmitss/Documents/cda-mmitss/other/install/carma_driver_msgs/include/carma_driver_msgs/srv/detail/get_drivers_with_capabilities__functions.c
-- Up-to-date: /home/mmitss/Documents/cda-mmitss/other/install/carma_driver_msgs/include/carma_driver_msgs/srv/detail/get_drivers_with_capabilities__type_support.h
-- Up-to-date: /home/mmitss/Documents/cda-mmitss/other/install/carma_driver_msgs/include/carma_driver_msgs/srv/detail/set_light_bar_indicator__functions.h
-- Up-to-date: /home/mmitss/Documents/cda-mmitss/other/install/carma_driver_msgs/include/carma_driver_msgs/srv/detail/get_driver_api__functions.c
-- Up-to-date: /home/mmitss/Documents/cda-mmitss/other/install/carma_driver_msgs/include/carma_driver_msgs/srv/detail/send_message__functions.c
-- Up-to-date: /home/mmitss/Documents/cda-mmitss/other/install/carma_driver_msgs/include/carma_driver_msgs/srv/detail/get_lights__type_support.h
-- Up-to-date: /home/mmitss/Documents/cda-mmitss/other/install/carma_driver_msgs/include/carma_driver_msgs/srv/detail/set_lights__struct.h
-- Up-to-date: /home/mmitss/Documents/cda-mmitss/other/install/carma_driver_msgs/include/carma_driver_msgs/srv/detail/send_message__type_support.h
-- Up-to-date: /home/mmitss/Documents/cda-mmitss/other/install/carma_driver_msgs/include/carma_driver_msgs/srv/detail/set_lights__functions.c
-- Up-to-date: /home/mmitss/Documents/cda-mmitss/other/install/carma_driver_msgs/include/carma_driver_msgs/srv/detail/get_driver_api__functions.h
-- Up-to-date: /home/mmitss/Documents/cda-mmitss/other/install/carma_driver_msgs/include/carma_driver_msgs/srv/detail/set_lights__functions.h
-- Up-to-date: /home/mmitss/Documents/cda-mmitss/other/install/carma_driver_msgs/include/carma_driver_msgs/srv/detail/get_drivers_with_capabilities__functions.h
-- Up-to-date: /home/mmitss/Documents/cda-mmitss/other/install/carma_driver_msgs/include/carma_driver_msgs/srv/detail/get_drivers_with_capabilities__struct.h
-- Up-to-date: /home/mmitss/Documents/cda-mmitss/other/install/carma_driver_msgs/include/carma_driver_msgs/srv/detail/get_lights__struct.h
-- Up-to-date: /home/mmitss/Documents/cda-mmitss/other/install/carma_driver_msgs/include/carma_driver_msgs/srv/detail/get_lights__functions.c
-- Up-to-date: /home/mmitss/Documents/cda-mmitss/other/install/carma_driver_msgs/include/carma_driver_msgs/srv/detail/get_driver_status__functions.h
-- Up-to-date: /home/mmitss/Documents/cda-mmitss/other/install/carma_driver_msgs/include/carma_driver_msgs/srv/detail/set_enable_robotic__functions.h
-- Up-to-date: /home/mmitss/Documents/cda-mmitss/other/install/carma_driver_msgs/include/carma_driver_msgs/srv/detail/set_enable_robotic__type_support.h
-- Up-to-date: /home/mmitss/Documents/cda-mmitss/other/install/carma_driver_msgs/include/carma_driver_msgs/msg
-- Up-to-date: /home/mmitss/Documents/cda-mmitss/other/install/carma_driver_msgs/include/carma_driver_msgs/msg/turn_signal.h
-- Up-to-date: /home/mmitss/Documents/cda-mmitss/other/install/carma_driver_msgs/include/carma_driver_msgs/msg/driver_status.h
-- Up-to-date: /home/mmitss/Documents/cda-mmitss/other/install/carma_driver_msgs/include/carma_driver_msgs/msg/rosidl_generator_c__visibility_control.h
-- Up-to-date: /home/mmitss/Documents/cda-mmitss/other/install/carma_driver_msgs/include/carma_driver_msgs/msg/robot_enabled.h
-- Up-to-date: /home/mmitss/Documents/cda-mmitss/other/install/carma_driver_msgs/include/carma_driver_msgs/msg/light_bar_status.h
-- Up-to-date: /home/mmitss/Documents/cda-mmitss/other/install/carma_driver_msgs/include/carma_driver_msgs/msg/trailer_angle.h
-- Up-to-date: /home/mmitss/Documents/cda-mmitss/other/install/carma_driver_msgs/include/carma_driver_msgs/msg/heading_stamped.h
-- Up-to-date: /home/mmitss/Documents/cda-mmitss/other/install/carma_driver_msgs/include/carma_driver_msgs/msg/detail
-- Up-to-date: /home/mmitss/Documents/cda-mmitss/other/install/carma_driver_msgs/include/carma_driver_msgs/msg/detail/heading_stamped__functions.h
-- Up-to-date: /home/mmitss/Documents/cda-mmitss/other/install/carma_driver_msgs/include/carma_driver_msgs/msg/detail/light_bar_status__functions.c
-- Up-to-date: /home/mmitss/Documents/cda-mmitss/other/install/carma_driver_msgs/include/carma_driver_msgs/msg/detail/driver_status__type_support.h
-- Up-to-date: /home/mmitss/Documents/cda-mmitss/other/install/carma_driver_msgs/include/carma_driver_msgs/msg/detail/robot_enabled__functions.c
-- Up-to-date: /home/mmitss/Documents/cda-mmitss/other/install/carma_driver_msgs/include/carma_driver_msgs/msg/detail/heading_stamped__struct.h
-- Up-to-date: /home/mmitss/Documents/cda-mmitss/other/install/carma_driver_msgs/include/carma_driver_msgs/msg/detail/trailer_angle__functions.c
-- Up-to-date: /home/mmitss/Documents/cda-mmitss/other/install/carma_driver_msgs/include/carma_driver_msgs/msg/detail/robot_enabled__type_support.h
-- Up-to-date: /home/mmitss/Documents/cda-mmitss/other/install/carma_driver_msgs/include/carma_driver_msgs/msg/detail/byte_array__type_support.h
-- Up-to-date: /home/mmitss/Documents/cda-mmitss/other/install/carma_driver_msgs/include/carma_driver_msgs/msg/detail/turn_signal__type_support.h
-- Up-to-date: /home/mmitss/Documents/cda-mmitss/other/install/carma_driver_msgs/include/carma_driver_msgs/msg/detail/driver_status__struct.h
-- Up-to-date: /home/mmitss/Documents/cda-mmitss/other/install/carma_driver_msgs/include/carma_driver_msgs/msg/detail/light_bar_status__functions.h
-- Up-to-date: /home/mmitss/Documents/cda-mmitss/other/install/carma_driver_msgs/include/carma_driver_msgs/msg/detail/trailer_angle__struct.h
-- Up-to-date: /home/mmitss/Documents/cda-mmitss/other/install/carma_driver_msgs/include/carma_driver_msgs/msg/detail/robot_enabled__functions.h
-- Up-to-date: /home/mmitss/Documents/cda-mmitss/other/install/carma_driver_msgs/include/carma_driver_msgs/msg/detail/heading_stamped__functions.c
-- Up-to-date: /home/mmitss/Documents/cda-mmitss/other/install/carma_driver_msgs/include/carma_driver_msgs/msg/detail/turn_signal__struct.h
-- Up-to-date: /home/mmitss/Documents/cda-mmitss/other/install/carma_driver_msgs/include/carma_driver_msgs/msg/detail/trailer_angle__type_support.h
-- Up-to-date: /home/mmitss/Documents/cda-mmitss/other/install/carma_driver_msgs/include/carma_driver_msgs/msg/detail/turn_signal__functions.c
-- Up-to-date: /home/mmitss/Documents/cda-mmitss/other/install/carma_driver_msgs/include/carma_driver_msgs/msg/detail/turn_signal__functions.h
-- Up-to-date: /home/mmitss/Documents/cda-mmitss/other/install/carma_driver_msgs/include/carma_driver_msgs/msg/detail/light_bar_status__struct.h
-- Up-to-date: /home/mmitss/Documents/cda-mmitss/other/install/carma_driver_msgs/include/carma_driver_msgs/msg/detail/byte_array__struct.h
-- Up-to-date: /home/mmitss/Documents/cda-mmitss/other/install/carma_driver_msgs/include/carma_driver_msgs/msg/detail/driver_status__functions.c
-- Up-to-date: /home/mmitss/Documents/cda-mmitss/other/install/carma_driver_msgs/include/carma_driver_msgs/msg/detail/light_bar_status__type_support.h
-- Up-to-date: /home/mmitss/Documents/cda-mmitss/other/install/carma_driver_msgs/include/carma_driver_msgs/msg/detail/heading_stamped__type_support.h
-- Up-to-date: /home/mmitss/Documents/cda-mmitss/other/install/carma_driver_msgs/include/carma_driver_msgs/msg/detail/byte_array__functions.c
-- Up-to-date: /home/mmitss/Documents/cda-mmitss/other/install/carma_driver_msgs/include/carma_driver_msgs/msg/detail/byte_array__functions.h
-- Up-to-date: /home/mmitss/Documents/cda-mmitss/other/install/carma_driver_msgs/include/carma_driver_msgs/msg/detail/trailer_angle__functions.h
-- Up-to-date: /home/mmitss/Documents/cda-mmitss/other/install/carma_driver_msgs/include/carma_driver_msgs/msg/detail/driver_status__functions.h
-- Up-to-date: /home/mmitss/Documents/cda-mmitss/other/install/carma_driver_msgs/include/carma_driver_msgs/msg/detail/robot_enabled__struct.h
-- Up-to-date: /home/mmitss/Documents/cda-mmitss/other/install/carma_driver_msgs/include/carma_driver_msgs/msg/byte_array.h
-- Up-to-date: /home/mmitss/Documents/cda-mmitss/other/install/carma_driver_msgs/share/carma_driver_msgs/environment/library_path.sh
-- Up-to-date: /home/mmitss/Documents/cda-mmitss/other/install/carma_driver_msgs/share/carma_driver_msgs/environment/library_path.dsv
-- Up-to-date: /home/mmitss/Documents/cda-mmitss/other/install/carma_driver_msgs/lib/libcarma_driver_msgs__rosidl_generator_c.so
-- Up-to-date: /home/mmitss/Documents/cda-mmitss/other/install/carma_driver_msgs/include/carma_driver_msgs
-- Up-to-date: /home/mmitss/Documents/cda-mmitss/other/install/carma_driver_msgs/include/carma_driver_msgs/srv
-- Up-to-date: /home/mmitss/Documents/cda-mmitss/other/install/carma_driver_msgs/include/carma_driver_msgs/srv/detail
-- Up-to-date: /home/mmitss/Documents/cda-mmitss/other/install/carma_driver_msgs/include/carma_driver_msgs/srv/detail/get_driver_api__rosidl_typesupport_fastrtps_c.h
-- Up-to-date: /home/mmitss/Documents/cda-mmitss/other/install/carma_driver_msgs/include/carma_driver_msgs/srv/detail/send_message__rosidl_typesupport_fastrtps_c.h
-- Up-to-date: /home/mmitss/Documents/cda-mmitss/other/install/carma_driver_msgs/include/carma_driver_msgs/srv/detail/set_enable_robotic__rosidl_typesupport_fastrtps_c.h
-- Up-to-date: /home/mmitss/Documents/cda-mmitss/other/install/carma_driver_msgs/include/carma_driver_msgs/srv/detail/set_light_bar_indicator__rosidl_typesupport_fastrtps_c.h
-- Up-to-date: /home/mmitss/Documents/cda-mmitss/other/install/carma_driver_msgs/include/carma_driver_msgs/srv/detail/get_drivers_with_capabilities__rosidl_typesupport_fastrtps_c.h
-- Up-to-date: /home/mmitss/Documents/cda-mmitss/other/install/carma_driver_msgs/include/carma_driver_msgs/srv/detail/set_lights__rosidl_typesupport_fastrtps_c.h
-- Up-to-date: /home/mmitss/Documents/cda-mmitss/other/install/carma_driver_msgs/include/carma_driver_msgs/srv/detail/get_driver_status__rosidl_typesupport_fastrtps_c.h
-- Up-to-date: /home/mmitss/Documents/cda-mmitss/other/install/carma_driver_msgs/include/carma_driver_msgs/srv/detail/get_lights__rosidl_typesupport_fastrtps_c.h
-- Up-to-date: /home/mmitss/Documents/cda-mmitss/other/install/carma_driver_msgs/include/carma_driver_msgs/msg
-- Up-to-date: /home/mmitss/Documents/cda-mmitss/other/install/carma_driver_msgs/include/carma_driver_msgs/msg/rosidl_typesupport_fastrtps_c__visibility_control.h
-- Up-to-date: /home/mmitss/Documents/cda-mmitss/other/install/carma_driver_msgs/include/carma_driver_msgs/msg/detail
-- Up-to-date: /home/mmitss/Documents/cda-mmitss/other/install/carma_driver_msgs/include/carma_driver_msgs/msg/detail/heading_stamped__rosidl_typesupport_fastrtps_c.h
-- Up-to-date: /home/mmitss/Documents/cda-mmitss/other/install/carma_driver_msgs/include/carma_driver_msgs/msg/detail/trailer_angle__rosidl_typesupport_fastrtps_c.h
-- Up-to-date: /home/mmitss/Documents/cda-mmitss/other/install/carma_driver_msgs/include/carma_driver_msgs/msg/detail/robot_enabled__rosidl_typesupport_fastrtps_c.h
-- Up-to-date: /home/mmitss/Documents/cda-mmitss/other/install/carma_driver_msgs/include/carma_driver_msgs/msg/detail/light_bar_status__rosidl_typesupport_fastrtps_c.h
-- Up-to-date: /home/mmitss/Documents/cda-mmitss/other/install/carma_driver_msgs/include/carma_driver_msgs/msg/detail/byte_array__rosidl_typesupport_fastrtps_c.h
-- Up-to-date: /home/mmitss/Documents/cda-mmitss/other/install/carma_driver_msgs/include/carma_driver_msgs/msg/detail/driver_status__rosidl_typesupport_fastrtps_c.h
-- Up-to-date: /home/mmitss/Documents/cda-mmitss/other/install/carma_driver_msgs/include/carma_driver_msgs/msg/detail/turn_signal__rosidl_typesupport_fastrtps_c.h
-- Up-to-date: /home/mmitss/Documents/cda-mmitss/other/install/carma_driver_msgs/lib/libcarma_driver_msgs__rosidl_typesupport_fastrtps_c.so
-- Up-to-date: /home/mmitss/Documents/cda-mmitss/other/install/carma_driver_msgs/include/carma_driver_msgs
-- Up-to-date: /home/mmitss/Documents/cda-mmitss/other/install/carma_driver_msgs/include/carma_driver_msgs/srv
-- Up-to-date: /home/mmitss/Documents/cda-mmitss/other/install/carma_driver_msgs/include/carma_driver_msgs/srv/detail
-- Up-to-date: /home/mmitss/Documents/cda-mmitss/other/install/carma_driver_msgs/include/carma_driver_msgs/srv/detail/set_enable_robotic__rosidl_typesupport_fastrtps_cpp.hpp
-- Up-to-date: /home/mmitss/Documents/cda-mmitss/other/install/carma_driver_msgs/include/carma_driver_msgs/srv/detail/get_lights__rosidl_typesupport_fastrtps_cpp.hpp
-- Up-to-date: /home/mmitss/Documents/cda-mmitss/other/install/carma_driver_msgs/include/carma_driver_msgs/srv/detail/send_message__rosidl_typesupport_fastrtps_cpp.hpp
-- Up-to-date: /home/mmitss/Documents/cda-mmitss/other/install/carma_driver_msgs/include/carma_driver_msgs/srv/detail/get_driver_api__rosidl_typesupport_fastrtps_cpp.hpp
-- Up-to-date: /home/mmitss/Documents/cda-mmitss/other/install/carma_driver_msgs/include/carma_driver_msgs/srv/detail/set_light_bar_indicator__rosidl_typesupport_fastrtps_cpp.hpp
-- Up-to-date: /home/mmitss/Documents/cda-mmitss/other/install/carma_driver_msgs/include/carma_driver_msgs/srv/detail/get_driver_status__rosidl_typesupport_fastrtps_cpp.hpp
-- Up-to-date: /home/mmitss/Documents/cda-mmitss/other/install/carma_driver_msgs/include/carma_driver_msgs/srv/detail/get_drivers_with_capabilities__rosidl_typesupport_fastrtps_cpp.hpp
-- Up-to-date: /home/mmitss/Documents/cda-mmitss/other/install/carma_driver_msgs/include/carma_driver_msgs/srv/detail/set_lights__rosidl_typesupport_fastrtps_cpp.hpp
-- Up-to-date: /home/mmitss/Documents/cda-mmitss/other/install/carma_driver_msgs/include/carma_driver_msgs/srv/detail/dds_fastrtps
-- Up-to-date: /home/mmitss/Documents/cda-mmitss/other/install/carma_driver_msgs/include/carma_driver_msgs/msg
-- Up-to-date: /home/mmitss/Documents/cda-mmitss/other/install/carma_driver_msgs/include/carma_driver_msgs/msg/rosidl_typesupport_fastrtps_cpp__visibility_control.h
-- Up-to-date: /home/mmitss/Documents/cda-mmitss/other/install/carma_driver_msgs/include/carma_driver_msgs/msg/detail
-- Up-to-date: /home/mmitss/Documents/cda-mmitss/other/install/carma_driver_msgs/include/carma_driver_msgs/msg/detail/trailer_angle__rosidl_typesupport_fastrtps_cpp.hpp
-- Up-to-date: /home/mmitss/Documents/cda-mmitss/other/install/carma_driver_msgs/include/carma_driver_msgs/msg/detail/byte_array__rosidl_typesupport_fastrtps_cpp.hpp
-- Up-to-date: /home/mmitss/Documents/cda-mmitss/other/install/carma_driver_msgs/include/carma_driver_msgs/msg/detail/heading_stamped__rosidl_typesupport_fastrtps_cpp.hpp
-- Up-to-date: /home/mmitss/Documents/cda-mmitss/other/install/carma_driver_msgs/include/carma_driver_msgs/msg/detail/driver_status__rosidl_typesupport_fastrtps_cpp.hpp
-- Up-to-date: /home/mmitss/Documents/cda-mmitss/other/install/carma_driver_msgs/include/carma_driver_msgs/msg/detail/light_bar_status__rosidl_typesupport_fastrtps_cpp.hpp
-- Up-to-date: /home/mmitss/Documents/cda-mmitss/other/install/carma_driver_msgs/include/carma_driver_msgs/msg/detail/dds_fastrtps
-- Up-to-date: /home/mmitss/Documents/cda-mmitss/other/install/carma_driver_msgs/include/carma_driver_msgs/msg/detail/robot_enabled__rosidl_typesupport_fastrtps_cpp.hpp
-- Up-to-date: /home/mmitss/Documents/cda-mmitss/other/install/carma_driver_msgs/include/carma_driver_msgs/msg/detail/turn_signal__rosidl_typesupport_fastrtps_cpp.hpp
-- Up-to-date: /home/mmitss/Documents/cda-mmitss/other/install/carma_driver_msgs/lib/libcarma_driver_msgs__rosidl_typesupport_fastrtps_cpp.so
-- Up-to-date: /home/mmitss/Documents/cda-mmitss/other/install/carma_driver_msgs/include/carma_driver_msgs
-- Up-to-date: /home/mmitss/Documents/cda-mmitss/other/install/carma_driver_msgs/include/carma_driver_msgs/srv
-- Up-to-date: /home/mmitss/Documents/cda-mmitss/other/install/carma_driver_msgs/include/carma_driver_msgs/srv/detail
-- Up-to-date: /home/mmitss/Documents/cda-mmitss/other/install/carma_driver_msgs/include/carma_driver_msgs/srv/detail/set_lights__type_support.c
-- Up-to-date: /home/mmitss/Documents/cda-mmitss/other/install/carma_driver_msgs/include/carma_driver_msgs/srv/detail/set_enable_robotic__type_support.c
-- Up-to-date: /home/mmitss/Documents/cda-mmitss/other/install/carma_driver_msgs/include/carma_driver_msgs/srv/detail/set_light_bar_indicator__rosidl_typesupport_introspection_c.h
-- Up-to-date: /home/mmitss/Documents/cda-mmitss/other/install/carma_driver_msgs/include/carma_driver_msgs/srv/detail/get_driver_status__rosidl_typesupport_introspection_c.h
-- Up-to-date: /home/mmitss/Documents/cda-mmitss/other/install/carma_driver_msgs/include/carma_driver_msgs/srv/detail/send_message__type_support.c
-- Up-to-date: /home/mmitss/Documents/cda-mmitss/other/install/carma_driver_msgs/include/carma_driver_msgs/srv/detail/send_message__rosidl_typesupport_introspection_c.h
-- Up-to-date: /home/mmitss/Documents/cda-mmitss/other/install/carma_driver_msgs/include/carma_driver_msgs/srv/detail/get_lights__type_support.c
-- Up-to-date: /home/mmitss/Documents/cda-mmitss/other/install/carma_driver_msgs/include/carma_driver_msgs/srv/detail/get_driver_status__type_support.c
-- Up-to-date: /home/mmitss/Documents/cda-mmitss/other/install/carma_driver_msgs/include/carma_driver_msgs/srv/detail/get_drivers_with_capabilities__rosidl_typesupport_introspection_c.h
-- Up-to-date: /home/mmitss/Documents/cda-mmitss/other/install/carma_driver_msgs/include/carma_driver_msgs/srv/detail/set_enable_robotic__rosidl_typesupport_introspection_c.h
-- Up-to-date: /home/mmitss/Documents/cda-mmitss/other/install/carma_driver_msgs/include/carma_driver_msgs/srv/detail/set_lights__rosidl_typesupport_introspection_c.h
-- Up-to-date: /home/mmitss/Documents/cda-mmitss/other/install/carma_driver_msgs/include/carma_driver_msgs/srv/detail/get_lights__rosidl_typesupport_introspection_c.h
-- Up-to-date: /home/mmitss/Documents/cda-mmitss/other/install/carma_driver_msgs/include/carma_driver_msgs/srv/detail/get_driver_api__rosidl_typesupport_introspection_c.h
-- Up-to-date: /home/mmitss/Documents/cda-mmitss/other/install/carma_driver_msgs/include/carma_driver_msgs/srv/detail/set_light_bar_indicator__type_support.c
-- Up-to-date: /home/mmitss/Documents/cda-mmitss/other/install/carma_driver_msgs/include/carma_driver_msgs/srv/detail/get_drivers_with_capabilities__type_support.c
-- Up-to-date: /home/mmitss/Documents/cda-mmitss/other/install/carma_driver_msgs/include/carma_driver_msgs/srv/detail/get_driver_api__type_support.c
-- Up-to-date: /home/mmitss/Documents/cda-mmitss/other/install/carma_driver_msgs/include/carma_driver_msgs/msg
-- Up-to-date: /home/mmitss/Documents/cda-mmitss/other/install/carma_driver_msgs/include/carma_driver_msgs/msg/rosidl_typesupport_introspection_c__visibility_control.h
-- Up-to-date: /home/mmitss/Documents/cda-mmitss/other/install/carma_driver_msgs/include/carma_driver_msgs/msg/detail
-- Up-to-date: /home/mmitss/Documents/cda-mmitss/other/install/carma_driver_msgs/include/carma_driver_msgs/msg/detail/robot_enabled__rosidl_typesupport_introspection_c.h
-- Up-to-date: /home/mmitss/Documents/cda-mmitss/other/install/carma_driver_msgs/include/carma_driver_msgs/msg/detail/driver_status__type_support.c
-- Up-to-date: /home/mmitss/Documents/cda-mmitss/other/install/carma_driver_msgs/include/carma_driver_msgs/msg/detail/byte_array__rosidl_typesupport_introspection_c.h
-- Up-to-date: /home/mmitss/Documents/cda-mmitss/other/install/carma_driver_msgs/include/carma_driver_msgs/msg/detail/light_bar_status__type_support.c
-- Up-to-date: /home/mmitss/Documents/cda-mmitss/other/install/carma_driver_msgs/include/carma_driver_msgs/msg/detail/light_bar_status__rosidl_typesupport_introspection_c.h
-- Up-to-date: /home/mmitss/Documents/cda-mmitss/other/install/carma_driver_msgs/include/carma_driver_msgs/msg/detail/robot_enabled__type_support.c
-- Up-to-date: /home/mmitss/Documents/cda-mmitss/other/install/carma_driver_msgs/include/carma_driver_msgs/msg/detail/turn_signal__type_support.c
-- Up-to-date: /home/mmitss/Documents/cda-mmitss/other/install/carma_driver_msgs/include/carma_driver_msgs/msg/detail/heading_stamped__type_support.c
-- Up-to-date: /home/mmitss/Documents/cda-mmitss/other/install/carma_driver_msgs/include/carma_driver_msgs/msg/detail/trailer_angle__type_support.c
-- Up-to-date: /home/mmitss/Documents/cda-mmitss/other/install/carma_driver_msgs/include/carma_driver_msgs/msg/detail/byte_array__type_support.c
-- Up-to-date: /home/mmitss/Documents/cda-mmitss/other/install/carma_driver_msgs/include/carma_driver_msgs/msg/detail/heading_stamped__rosidl_typesupport_introspection_c.h
-- Up-to-date: /home/mmitss/Documents/cda-mmitss/other/install/carma_driver_msgs/include/carma_driver_msgs/msg/detail/driver_status__rosidl_typesupport_introspection_c.h
-- Up-to-date: /home/mmitss/Documents/cda-mmitss/other/install/carma_driver_msgs/include/carma_driver_msgs/msg/detail/trailer_angle__rosidl_typesupport_introspection_c.h
-- Up-to-date: /home/mmitss/Documents/cda-mmitss/other/install/carma_driver_msgs/include/carma_driver_msgs/msg/detail/turn_signal__rosidl_typesupport_introspection_c.h
-- Up-to-date: /home/mmitss/Documents/cda-mmitss/other/install/carma_driver_msgs/lib/libcarma_driver_msgs__rosidl_typesupport_introspection_c.so
-- Up-to-date: /home/mmitss/Documents/cda-mmitss/other/install/carma_driver_msgs/lib/libcarma_driver_msgs__rosidl_typesupport_c.so
-- Up-to-date: /home/mmitss/Documents/cda-mmitss/other/install/carma_driver_msgs/include/carma_driver_msgs
-- Up-to-date: /home/mmitss/Documents/cda-mmitss/other/install/carma_driver_msgs/include/carma_driver_msgs/srv
-- Up-to-date: /home/mmitss/Documents/cda-mmitss/other/install/carma_driver_msgs/include/carma_driver_msgs/srv/get_drivers_with_capabilities.hpp
-- Up-to-date: /home/mmitss/Documents/cda-mmitss/other/install/carma_driver_msgs/include/carma_driver_msgs/srv/get_driver_api.hpp
-- Up-to-date: /home/mmitss/Documents/cda-mmitss/other/install/carma_driver_msgs/include/carma_driver_msgs/srv/set_enable_robotic.hpp
-- Up-to-date: /home/mmitss/Documents/cda-mmitss/other/install/carma_driver_msgs/include/carma_driver_msgs/srv/get_lights.hpp
-- Up-to-date: /home/mmitss/Documents/cda-mmitss/other/install/carma_driver_msgs/include/carma_driver_msgs/srv/set_lights.hpp
-- Up-to-date: /home/mmitss/Documents/cda-mmitss/other/install/carma_driver_msgs/include/carma_driver_msgs/srv/send_message.hpp
-- Up-to-date: /home/mmitss/Documents/cda-mmitss/other/install/carma_driver_msgs/include/carma_driver_msgs/srv/detail
-- Up-to-date: /home/mmitss/Documents/cda-mmitss/other/install/carma_driver_msgs/include/carma_driver_msgs/srv/detail/get_driver_status__struct.hpp
-- Up-to-date: /home/mmitss/Documents/cda-mmitss/other/install/carma_driver_msgs/include/carma_driver_msgs/srv/detail/send_message__builder.hpp
-- Up-to-date: /home/mmitss/Documents/cda-mmitss/other/install/carma_driver_msgs/include/carma_driver_msgs/srv/detail/set_light_bar_indicator__type_support.hpp
-- Up-to-date: /home/mmitss/Documents/cda-mmitss/other/install/carma_driver_msgs/include/carma_driver_msgs/srv/detail/get_driver_status__traits.hpp
-- Up-to-date: /home/mmitss/Documents/cda-mmitss/other/install/carma_driver_msgs/include/carma_driver_msgs/srv/detail/send_message__type_support.hpp
-- Up-to-date: /home/mmitss/Documents/cda-mmitss/other/install/carma_driver_msgs/include/carma_driver_msgs/srv/detail/send_message__traits.hpp
-- Up-to-date: /home/mmitss/Documents/cda-mmitss/other/install/carma_driver_msgs/include/carma_driver_msgs/srv/detail/get_lights__struct.hpp
-- Up-to-date: /home/mmitss/Documents/cda-mmitss/other/install/carma_driver_msgs/include/carma_driver_msgs/srv/detail/set_lights__traits.hpp
-- Up-to-date: /home/mmitss/Documents/cda-mmitss/other/install/carma_driver_msgs/include/carma_driver_msgs/srv/detail/set_light_bar_indicator__struct.hpp
-- Up-to-date: /home/mmitss/Documents/cda-mmitss/other/install/carma_driver_msgs/include/carma_driver_msgs/srv/detail/get_driver_api__builder.hpp
-- Up-to-date: /home/mmitss/Documents/cda-mmitss/other/install/carma_driver_msgs/include/carma_driver_msgs/srv/detail/set_lights__struct.hpp
-- Up-to-date: /home/mmitss/Documents/cda-mmitss/other/install/carma_driver_msgs/include/carma_driver_msgs/srv/detail/get_lights__traits.hpp
-- Up-to-date: /home/mmitss/Documents/cda-mmitss/other/install/carma_driver_msgs/include/carma_driver_msgs/srv/detail/get_drivers_with_capabilities__type_support.hpp
-- Up-to-date: /home/mmitss/Documents/cda-mmitss/other/install/carma_driver_msgs/include/carma_driver_msgs/srv/detail/get_drivers_with_capabilities__builder.hpp
-- Up-to-date: /home/mmitss/Documents/cda-mmitss/other/install/carma_driver_msgs/include/carma_driver_msgs/srv/detail/get_drivers_with_capabilities__struct.hpp
-- Up-to-date: /home/mmitss/Documents/cda-mmitss/other/install/carma_driver_msgs/include/carma_driver_msgs/srv/detail/get_lights__builder.hpp
-- Up-to-date: /home/mmitss/Documents/cda-mmitss/other/install/carma_driver_msgs/include/carma_driver_msgs/srv/detail/set_enable_robotic__builder.hpp
-- Up-to-date: /home/mmitss/Documents/cda-mmitss/other/install/carma_driver_msgs/include/carma_driver_msgs/srv/detail/set_enable_robotic__traits.hpp
-- Up-to-date: /home/mmitss/Documents/cda-mmitss/other/install/carma_driver_msgs/include/carma_driver_msgs/srv/detail/get_driver_api__traits.hpp
-- Up-to-date: /home/mmitss/Documents/cda-mmitss/other/install/carma_driver_msgs/include/carma_driver_msgs/srv/detail/get_driver_api__type_support.hpp
-- Up-to-date: /home/mmitss/Documents/cda-mmitss/other/install/carma_driver_msgs/include/carma_driver_msgs/srv/detail/set_enable_robotic__struct.hpp
-- Up-to-date: /home/mmitss/Documents/cda-mmitss/other/install/carma_driver_msgs/include/carma_driver_msgs/srv/detail/set_lights__builder.hpp
-- Up-to-date: /home/mmitss/Documents/cda-mmitss/other/install/carma_driver_msgs/include/carma_driver_msgs/srv/detail/get_driver_status__type_support.hpp
-- Up-to-date: /home/mmitss/Documents/cda-mmitss/other/install/carma_driver_msgs/include/carma_driver_msgs/srv/detail/set_light_bar_indicator__builder.hpp
-- Up-to-date: /home/mmitss/Documents/cda-mmitss/other/install/carma_driver_msgs/include/carma_driver_msgs/srv/detail/send_message__struct.hpp
-- Up-to-date: /home/mmitss/Documents/cda-mmitss/other/install/carma_driver_msgs/include/carma_driver_msgs/srv/detail/get_driver_status__builder.hpp
-- Up-to-date: /home/mmitss/Documents/cda-mmitss/other/install/carma_driver_msgs/include/carma_driver_msgs/srv/detail/get_lights__type_support.hpp
-- Up-to-date: /home/mmitss/Documents/cda-mmitss/other/install/carma_driver_msgs/include/carma_driver_msgs/srv/detail/get_driver_api__struct.hpp
-- Up-to-date: /home/mmitss/Documents/cda-mmitss/other/install/carma_driver_msgs/include/carma_driver_msgs/srv/detail/set_light_bar_indicator__traits.hpp
-- Up-to-date: /home/mmitss/Documents/cda-mmitss/other/install/carma_driver_msgs/include/carma_driver_msgs/srv/detail/get_drivers_with_capabilities__traits.hpp
-- Up-to-date: /home/mmitss/Documents/cda-mmitss/other/install/carma_driver_msgs/include/carma_driver_msgs/srv/detail/set_enable_robotic__type_support.hpp
-- Up-to-date: /home/mmitss/Documents/cda-mmitss/other/install/carma_driver_msgs/include/carma_driver_msgs/srv/detail/set_lights__type_support.hpp
-- Up-to-date: /home/mmitss/Documents/cda-mmitss/other/install/carma_driver_msgs/include/carma_driver_msgs/srv/set_light_bar_indicator.hpp
-- Up-to-date: /home/mmitss/Documents/cda-mmitss/other/install/carma_driver_msgs/include/carma_driver_msgs/srv/get_driver_status.hpp
-- Up-to-date: /home/mmitss/Documents/cda-mmitss/other/install/carma_driver_msgs/include/carma_driver_msgs/msg
-- Up-to-date: /home/mmitss/Documents/cda-mmitss/other/install/carma_driver_msgs/include/carma_driver_msgs/msg/robot_enabled.hpp
-- Up-to-date: /home/mmitss/Documents/cda-mmitss/other/install/carma_driver_msgs/include/carma_driver_msgs/msg/light_bar_status.hpp
-- Up-to-date: /home/mmitss/Documents/cda-mmitss/other/install/carma_driver_msgs/include/carma_driver_msgs/msg/byte_array.hpp
-- Up-to-date: /home/mmitss/Documents/cda-mmitss/other/install/carma_driver_msgs/include/carma_driver_msgs/msg/rosidl_generator_cpp__visibility_control.hpp
-- Up-to-date: /home/mmitss/Documents/cda-mmitss/other/install/carma_driver_msgs/include/carma_driver_msgs/msg/heading_stamped.hpp
-- Up-to-date: /home/mmitss/Documents/cda-mmitss/other/install/carma_driver_msgs/include/carma_driver_msgs/msg/trailer_angle.hpp
-- Up-to-date: /home/mmitss/Documents/cda-mmitss/other/install/carma_driver_msgs/include/carma_driver_msgs/msg/driver_status.hpp
-- Up-to-date: /home/mmitss/Documents/cda-mmitss/other/install/carma_driver_msgs/include/carma_driver_msgs/msg/turn_signal.hpp
-- Up-to-date: /home/mmitss/Documents/cda-mmitss/other/install/carma_driver_msgs/include/carma_driver_msgs/msg/detail
-- Up-to-date: /home/mmitss/Documents/cda-mmitss/other/install/carma_driver_msgs/include/carma_driver_msgs/msg/detail/robot_enabled__traits.hpp
-- Up-to-date: /home/mmitss/Documents/cda-mmitss/other/install/carma_driver_msgs/include/carma_driver_msgs/msg/detail/byte_array__builder.hpp
-- Up-to-date: /home/mmitss/Documents/cda-mmitss/other/install/carma_driver_msgs/include/carma_driver_msgs/msg/detail/trailer_angle__type_support.hpp
-- Up-to-date: /home/mmitss/Documents/cda-mmitss/other/install/carma_driver_msgs/include/carma_driver_msgs/msg/detail/driver_status__type_support.hpp
-- Up-to-date: /home/mmitss/Documents/cda-mmitss/other/install/carma_driver_msgs/include/carma_driver_msgs/msg/detail/heading_stamped__builder.hpp
-- Up-to-date: /home/mmitss/Documents/cda-mmitss/other/install/carma_driver_msgs/include/carma_driver_msgs/msg/detail/light_bar_status__type_support.hpp
-- Up-to-date: /home/mmitss/Documents/cda-mmitss/other/install/carma_driver_msgs/include/carma_driver_msgs/msg/detail/light_bar_status__traits.hpp
-- Up-to-date: /home/mmitss/Documents/cda-mmitss/other/install/carma_driver_msgs/include/carma_driver_msgs/msg/detail/robot_enabled__struct.hpp
-- Up-to-date: /home/mmitss/Documents/cda-mmitss/other/install/carma_driver_msgs/include/carma_driver_msgs/msg/detail/light_bar_status__struct.hpp
-- Up-to-date: /home/mmitss/Documents/cda-mmitss/other/install/carma_driver_msgs/include/carma_driver_msgs/msg/detail/heading_stamped__struct.hpp
-- Up-to-date: /home/mmitss/Documents/cda-mmitss/other/install/carma_driver_msgs/include/carma_driver_msgs/msg/detail/byte_array__traits.hpp
-- Up-to-date: /home/mmitss/Documents/cda-mmitss/other/install/carma_driver_msgs/include/carma_driver_msgs/msg/detail/driver_status__traits.hpp
-- Up-to-date: /home/mmitss/Documents/cda-mmitss/other/install/carma_driver_msgs/include/carma_driver_msgs/msg/detail/trailer_angle__traits.hpp
-- Up-to-date: /home/mmitss/Documents/cda-mmitss/other/install/carma_driver_msgs/include/carma_driver_msgs/msg/detail/heading_stamped__traits.hpp
-- Up-to-date: /home/mmitss/Documents/cda-mmitss/other/install/carma_driver_msgs/include/carma_driver_msgs/msg/detail/turn_signal__traits.hpp
-- Up-to-date: /home/mmitss/Documents/cda-mmitss/other/install/carma_driver_msgs/include/carma_driver_msgs/msg/detail/turn_signal__type_support.hpp
-- Up-to-date: /home/mmitss/Documents/cda-mmitss/other/install/carma_driver_msgs/include/carma_driver_msgs/msg/detail/trailer_angle__struct.hpp
-- Up-to-date: /home/mmitss/Documents/cda-mmitss/other/install/carma_driver_msgs/include/carma_driver_msgs/msg/detail/heading_stamped__type_support.hpp
-- Up-to-date: /home/mmitss/Documents/cda-mmitss/other/install/carma_driver_msgs/include/carma_driver_msgs/msg/detail/robot_enabled__builder.hpp
-- Up-to-date: /home/mmitss/Documents/cda-mmitss/other/install/carma_driver_msgs/include/carma_driver_msgs/msg/detail/light_bar_status__builder.hpp
-- Up-to-date: /home/mmitss/Documents/cda-mmitss/other/install/carma_driver_msgs/include/carma_driver_msgs/msg/detail/turn_signal__struct.hpp
-- Up-to-date: /home/mmitss/Documents/cda-mmitss/other/install/carma_driver_msgs/include/carma_driver_msgs/msg/detail/robot_enabled__type_support.hpp
-- Up-to-date: /home/mmitss/Documents/cda-mmitss/other/install/carma_driver_msgs/include/carma_driver_msgs/msg/detail/driver_status__builder.hpp
-- Up-to-date: /home/mmitss/Documents/cda-mmitss/other/install/carma_driver_msgs/include/carma_driver_msgs/msg/detail/driver_status__struct.hpp
-- Up-to-date: /home/mmitss/Documents/cda-mmitss/other/install/carma_driver_msgs/include/carma_driver_msgs/msg/detail/byte_array__struct.hpp
-- Up-to-date: /home/mmitss/Documents/cda-mmitss/other/install/carma_driver_msgs/include/carma_driver_msgs/msg/detail/turn_signal__builder.hpp
-- Up-to-date: /home/mmitss/Documents/cda-mmitss/other/install/carma_driver_msgs/include/carma_driver_msgs/msg/detail/byte_array__type_support.hpp
-- Up-to-date: /home/mmitss/Documents/cda-mmitss/other/install/carma_driver_msgs/include/carma_driver_msgs/msg/detail/trailer_angle__builder.hpp
-- Up-to-date: /home/mmitss/Documents/cda-mmitss/other/install/carma_driver_msgs/include/carma_driver_msgs
-- Up-to-date: /home/mmitss/Documents/cda-mmitss/other/install/carma_driver_msgs/include/carma_driver_msgs/srv
-- Up-to-date: /home/mmitss/Documents/cda-mmitss/other/install/carma_driver_msgs/include/carma_driver_msgs/srv/detail
-- Up-to-date: /home/mmitss/Documents/cda-mmitss/other/install/carma_driver_msgs/include/carma_driver_msgs/srv/detail/set_lights__type_support.cpp
-- Up-to-date: /home/mmitss/Documents/cda-mmitss/other/install/carma_driver_msgs/include/carma_driver_msgs/srv/detail/set_light_bar_indicator__type_support.cpp
-- Up-to-date: /home/mmitss/Documents/cda-mmitss/other/install/carma_driver_msgs/include/carma_driver_msgs/srv/detail/get_drivers_with_capabilities__rosidl_typesupport_introspection_cpp.hpp
-- Up-to-date: /home/mmitss/Documents/cda-mmitss/other/install/carma_driver_msgs/include/carma_driver_msgs/srv/detail/set_light_bar_indicator__rosidl_typesupport_introspection_cpp.hpp
-- Up-to-date: /home/mmitss/Documents/cda-mmitss/other/install/carma_driver_msgs/include/carma_driver_msgs/srv/detail/send_message__rosidl_typesupport_introspection_cpp.hpp
-- Up-to-date: /home/mmitss/Documents/cda-mmitss/other/install/carma_driver_msgs/include/carma_driver_msgs/srv/detail/get_drivers_with_capabilities__type_support.cpp
-- Up-to-date: /home/mmitss/Documents/cda-mmitss/other/install/carma_driver_msgs/include/carma_driver_msgs/srv/detail/set_enable_robotic__rosidl_typesupport_introspection_cpp.hpp
-- Up-to-date: /home/mmitss/Documents/cda-mmitss/other/install/carma_driver_msgs/include/carma_driver_msgs/srv/detail/send_message__type_support.cpp
-- Up-to-date: /home/mmitss/Documents/cda-mmitss/other/install/carma_driver_msgs/include/carma_driver_msgs/srv/detail/get_driver_api__rosidl_typesupport_introspection_cpp.hpp
-- Up-to-date: /home/mmitss/Documents/cda-mmitss/other/install/carma_driver_msgs/include/carma_driver_msgs/srv/detail/set_lights__rosidl_typesupport_introspection_cpp.hpp
-- Up-to-date: /home/mmitss/Documents/cda-mmitss/other/install/carma_driver_msgs/include/carma_driver_msgs/srv/detail/get_driver_status__rosidl_typesupport_introspection_cpp.hpp
-- Up-to-date: /home/mmitss/Documents/cda-mmitss/other/install/carma_driver_msgs/include/carma_driver_msgs/srv/detail/get_lights__type_support.cpp
-- Up-to-date: /home/mmitss/Documents/cda-mmitss/other/install/carma_driver_msgs/include/carma_driver_msgs/srv/detail/get_lights__rosidl_typesupport_introspection_cpp.hpp
-- Up-to-date: /home/mmitss/Documents/cda-mmitss/other/install/carma_driver_msgs/include/carma_driver_msgs/srv/detail/set_enable_robotic__type_support.cpp
-- Up-to-date: /home/mmitss/Documents/cda-mmitss/other/install/carma_driver_msgs/include/carma_driver_msgs/srv/detail/get_driver_status__type_support.cpp
-- Up-to-date: /home/mmitss/Documents/cda-mmitss/other/install/carma_driver_msgs/include/carma_driver_msgs/srv/detail/get_driver_api__type_support.cpp
-- Up-to-date: /home/mmitss/Documents/cda-mmitss/other/install/carma_driver_msgs/include/carma_driver_msgs/msg
-- Up-to-date: /home/mmitss/Documents/cda-mmitss/other/install/carma_driver_msgs/include/carma_driver_msgs/msg/detail
-- Up-to-date: /home/mmitss/Documents/cda-mmitss/other/install/carma_driver_msgs/include/carma_driver_msgs/msg/detail/byte_array__type_support.cpp
-- Up-to-date: /home/mmitss/Documents/cda-mmitss/other/install/carma_driver_msgs/include/carma_driver_msgs/msg/detail/driver_status__type_support.cpp
-- Up-to-date: /home/mmitss/Documents/cda-mmitss/other/install/carma_driver_msgs/include/carma_driver_msgs/msg/detail/heading_stamped__type_support.cpp
-- Up-to-date: /home/mmitss/Documents/cda-mmitss/other/install/carma_driver_msgs/include/carma_driver_msgs/msg/detail/byte_array__rosidl_typesupport_introspection_cpp.hpp
-- Up-to-date: /home/mmitss/Documents/cda-mmitss/other/install/carma_driver_msgs/include/carma_driver_msgs/msg/detail/heading_stamped__rosidl_typesupport_introspection_cpp.hpp
-- Up-to-date: /home/mmitss/Documents/cda-mmitss/other/install/carma_driver_msgs/include/carma_driver_msgs/msg/detail/light_bar_status__rosidl_typesupport_introspection_cpp.hpp
-- Up-to-date: /home/mmitss/Documents/cda-mmitss/other/install/carma_driver_msgs/include/carma_driver_msgs/msg/detail/turn_signal__rosidl_typesupport_introspection_cpp.hpp
-- Up-to-date: /home/mmitss/Documents/cda-mmitss/other/install/carma_driver_msgs/include/carma_driver_msgs/msg/detail/light_bar_status__type_support.cpp
-- Up-to-date: /home/mmitss/Documents/cda-mmitss/other/install/carma_driver_msgs/include/carma_driver_msgs/msg/detail/trailer_angle__rosidl_typesupport_introspection_cpp.hpp
-- Up-to-date: /home/mmitss/Documents/cda-mmitss/other/install/carma_driver_msgs/include/carma_driver_msgs/msg/detail/turn_signal__type_support.cpp
-- Up-to-date: /home/mmitss/Documents/cda-mmitss/other/install/carma_driver_msgs/include/carma_driver_msgs/msg/detail/robot_enabled__type_support.cpp
-- Up-to-date: /home/mmitss/Documents/cda-mmitss/other/install/carma_driver_msgs/include/carma_driver_msgs/msg/detail/driver_status__rosidl_typesupport_introspection_cpp.hpp
-- Up-to-date: /home/mmitss/Documents/cda-mmitss/other/install/carma_driver_msgs/include/carma_driver_msgs/msg/detail/robot_enabled__rosidl_typesupport_introspection_cpp.hpp
-- Up-to-date: /home/mmitss/Documents/cda-mmitss/other/install/carma_driver_msgs/include/carma_driver_msgs/msg/detail/trailer_angle__type_support.cpp
-- Up-to-date: /home/mmitss/Documents/cda-mmitss/other/install/carma_driver_msgs/lib/libcarma_driver_msgs__rosidl_typesupport_introspection_cpp.so
-- Up-to-date: /home/mmitss/Documents/cda-mmitss/other/install/carma_driver_msgs/lib/libcarma_driver_msgs__rosidl_typesupport_cpp.so
-- Up-to-date: /home/mmitss/Documents/cda-mmitss/other/install/carma_driver_msgs/share/carma_driver_msgs/environment/pythonpath.sh
-- Up-to-date: /home/mmitss/Documents/cda-mmitss/other/install/carma_driver_msgs/share/carma_driver_msgs/environment/pythonpath.dsv
-- Up-to-date: /home/mmitss/Documents/cda-mmitss/other/install/carma_driver_msgs/lib/python3.8/site-packages/carma_driver_msgs/__init__.py
-- Up-to-date: /home/mmitss/Documents/cda-mmitss/other/install/carma_driver_msgs/lib/python3.8/site-packages/carma_driver_msgs/msg
-- Up-to-date: /home/mmitss/Documents/cda-mmitss/other/install/carma_driver_msgs/lib/python3.8/site-packages/carma_driver_msgs/msg/_byte_array.py
-- Up-to-date: /home/mmitss/Documents/cda-mmitss/other/install/carma_driver_msgs/lib/python3.8/site-packages/carma_driver_msgs/msg/_trailer_angle.py
-- Up-to-date: /home/mmitss/Documents/cda-mmitss/other/install/carma_driver_msgs/lib/python3.8/site-packages/carma_driver_msgs/msg/_heading_stamped.py
-- Up-to-date: /home/mmitss/Documents/cda-mmitss/other/install/carma_driver_msgs/lib/python3.8/site-packages/carma_driver_msgs/msg/_light_bar_status.py
-- Up-to-date: /home/mmitss/Documents/cda-mmitss/other/install/carma_driver_msgs/lib/python3.8/site-packages/carma_driver_msgs/msg/_heading_stamped_s.c
-- Up-to-date: /home/mmitss/Documents/cda-mmitss/other/install/carma_driver_msgs/lib/python3.8/site-packages/carma_driver_msgs/msg/_robot_enabled_s.c
-- Up-to-date: /home/mmitss/Documents/cda-mmitss/other/install/carma_driver_msgs/lib/python3.8/site-packages/carma_driver_msgs/msg/_driver_status_s.c
-- Up-to-date: /home/mmitss/Documents/cda-mmitss/other/install/carma_driver_msgs/lib/python3.8/site-packages/carma_driver_msgs/msg/_trailer_angle_s.c
-- Up-to-date: /home/mmitss/Documents/cda-mmitss/other/install/carma_driver_msgs/lib/python3.8/site-packages/carma_driver_msgs/msg/_turn_signal_s.c
-- Up-to-date: /home/mmitss/Documents/cda-mmitss/other/install/carma_driver_msgs/lib/python3.8/site-packages/carma_driver_msgs/msg/_turn_signal.py
-- Up-to-date: /home/mmitss/Documents/cda-mmitss/other/install/carma_driver_msgs/lib/python3.8/site-packages/carma_driver_msgs/msg/_byte_array_s.c
-- Up-to-date: /home/mmitss/Documents/cda-mmitss/other/install/carma_driver_msgs/lib/python3.8/site-packages/carma_driver_msgs/msg/_robot_enabled.py
-- Up-to-date: /home/mmitss/Documents/cda-mmitss/other/install/carma_driver_msgs/lib/python3.8/site-packages/carma_driver_msgs/msg/_light_bar_status_s.c
-- Up-to-date: /home/mmitss/Documents/cda-mmitss/other/install/carma_driver_msgs/lib/python3.8/site-packages/carma_driver_msgs/msg/__init__.py
-- Up-to-date: /home/mmitss/Documents/cda-mmitss/other/install/carma_driver_msgs/lib/python3.8/site-packages/carma_driver_msgs/msg/_driver_status.py
-- Up-to-date: /home/mmitss/Documents/cda-mmitss/other/install/carma_driver_msgs/lib/python3.8/site-packages/carma_driver_msgs/srv
-- Up-to-date: /home/mmitss/Documents/cda-mmitss/other/install/carma_driver_msgs/lib/python3.8/site-packages/carma_driver_msgs/srv/_set_enable_robotic_s.c
-- Up-to-date: /home/mmitss/Documents/cda-mmitss/other/install/carma_driver_msgs/lib/python3.8/site-packages/carma_driver_msgs/srv/_get_drivers_with_capabilities.py
-- Up-to-date: /home/mmitss/Documents/cda-mmitss/other/install/carma_driver_msgs/lib/python3.8/site-packages/carma_driver_msgs/srv/_get_driver_api.py
-- Up-to-date: /home/mmitss/Documents/cda-mmitss/other/install/carma_driver_msgs/lib/python3.8/site-packages/carma_driver_msgs/srv/_set_light_bar_indicator.py
-- Up-to-date: /home/mmitss/Documents/cda-mmitss/other/install/carma_driver_msgs/lib/python3.8/site-packages/carma_driver_msgs/srv/_get_driver_status_s.c
-- Up-to-date: /home/mmitss/Documents/cda-mmitss/other/install/carma_driver_msgs/lib/python3.8/site-packages/carma_driver_msgs/srv/_set_lights_s.c
-- Up-to-date: /home/mmitss/Documents/cda-mmitss/other/install/carma_driver_msgs/lib/python3.8/site-packages/carma_driver_msgs/srv/_set_enable_robotic.py
-- Up-to-date: /home/mmitss/Documents/cda-mmitss/other/install/carma_driver_msgs/lib/python3.8/site-packages/carma_driver_msgs/srv/_send_message_s.c
-- Up-to-date: /home/mmitss/Documents/cda-mmitss/other/install/carma_driver_msgs/lib/python3.8/site-packages/carma_driver_msgs/srv/_get_lights_s.c
-- Up-to-date: /home/mmitss/Documents/cda-mmitss/other/install/carma_driver_msgs/lib/python3.8/site-packages/carma_driver_msgs/srv/_get_lights.py
-- Up-to-date: /home/mmitss/Documents/cda-mmitss/other/install/carma_driver_msgs/lib/python3.8/site-packages/carma_driver_msgs/srv/_get_drivers_with_capabilities_s.c
-- Up-to-date: /home/mmitss/Documents/cda-mmitss/other/install/carma_driver_msgs/lib/python3.8/site-packages/carma_driver_msgs/srv/_get_driver_status.py
-- Up-to-date: /home/mmitss/Documents/cda-mmitss/other/install/carma_driver_msgs/lib/python3.8/site-packages/carma_driver_msgs/srv/_get_driver_api_s.c
-- Up-to-date: /home/mmitss/Documents/cda-mmitss/other/install/carma_driver_msgs/lib/python3.8/site-packages/carma_driver_msgs/srv/_send_message.py
-- Up-to-date: /home/mmitss/Documents/cda-mmitss/other/install/carma_driver_msgs/lib/python3.8/site-packages/carma_driver_msgs/srv/_set_lights.py
-- Up-to-date: /home/mmitss/Documents/cda-mmitss/other/install/carma_driver_msgs/lib/python3.8/site-packages/carma_driver_msgs/srv/__init__.py
-- Up-to-date: /home/mmitss/Documents/cda-mmitss/other/install/carma_driver_msgs/lib/python3.8/site-packages/carma_driver_msgs/srv/_set_light_bar_indicator_s.c
-- Up-to-date: /home/mmitss/Documents/cda-mmitss/other/install/carma_driver_msgs/lib/python3.8/site-packages/carma_driver_msgs/carma_driver_msgs_s__rosidl_typesupport_fastrtps_c.cpython-38-x86_64-linux-gnu.so
-- Up-to-date: /home/mmitss/Documents/cda-mmitss/other/install/carma_driver_msgs/lib/python3.8/site-packages/carma_driver_msgs/carma_driver_msgs_s__rosidl_typesupport_introspection_c.cpython-38-x86_64-linux-gnu.so
-- Up-to-date: /home/mmitss/Documents/cda-mmitss/other/install/carma_driver_msgs/lib/python3.8/site-packages/carma_driver_msgs/carma_driver_msgs_s__rosidl_typesupport_c.cpython-38-x86_64-linux-gnu.so
-- Up-to-date: /home/mmitss/Documents/cda-mmitss/other/install/carma_driver_msgs/lib/libcarma_driver_msgs__python.so
-- Up-to-date: /home/mmitss/Documents/cda-mmitss/other/install/carma_driver_msgs/share/carma_driver_msgs/msg/ByteArray.idl
-- Up-to-date: /home/mmitss/Documents/cda-mmitss/other/install/carma_driver_msgs/share/carma_driver_msgs/msg/DriverStatus.idl
-- Up-to-date: /home/mmitss/Documents/cda-mmitss/other/install/carma_driver_msgs/share/carma_driver_msgs/msg/HeadingStamped.idl
-- Up-to-date: /home/mmitss/Documents/cda-mmitss/other/install/carma_driver_msgs/share/carma_driver_msgs/msg/LightBarStatus.idl
-- Up-to-date: /home/mmitss/Documents/cda-mmitss/other/install/carma_driver_msgs/share/carma_driver_msgs/msg/RobotEnabled.idl
-- Up-to-date: /home/mmitss/Documents/cda-mmitss/other/install/carma_driver_msgs/share/carma_driver_msgs/msg/TrailerAngle.idl
-- Up-to-date: /home/mmitss/Documents/cda-mmitss/other/install/carma_driver_msgs/share/carma_driver_msgs/msg/TurnSignal.idl
-- Up-to-date: /home/mmitss/Documents/cda-mmitss/other/install/carma_driver_msgs/share/carma_driver_msgs/srv/GetDriverApi.idl
-- Up-to-date: /home/mmitss/Documents/cda-mmitss/other/install/carma_driver_msgs/share/carma_driver_msgs/srv/GetDriverStatus.idl
-- Up-to-date: /home/mmitss/Documents/cda-mmitss/other/install/carma_driver_msgs/share/carma_driver_msgs/srv/GetDriversWithCapabilities.idl
-- Up-to-date: /home/mmitss/Documents/cda-mmitss/other/install/carma_driver_msgs/share/carma_driver_msgs/srv/GetLights.idl
-- Up-to-date: /home/mmitss/Documents/cda-mmitss/other/install/carma_driver_msgs/share/carma_driver_msgs/srv/SendMessage.idl
-- Up-to-date: /home/mmitss/Documents/cda-mmitss/other/install/carma_driver_msgs/share/carma_driver_msgs/srv/SetEnableRobotic.idl
-- Up-to-date: /home/mmitss/Documents/cda-mmitss/other/install/carma_driver_msgs/share/carma_driver_msgs/srv/SetLightBarIndicator.idl
-- Up-to-date: /home/mmitss/Documents/cda-mmitss/other/install/carma_driver_msgs/share/carma_driver_msgs/srv/SetLights.idl
-- Up-to-date: /home/mmitss/Documents/cda-mmitss/other/install/carma_driver_msgs/share/carma_driver_msgs/msg/ByteArray.msg
-- Up-to-date: /home/mmitss/Documents/cda-mmitss/other/install/carma_driver_msgs/share/carma_driver_msgs/msg/DriverStatus.msg
-- Up-to-date: /home/mmitss/Documents/cda-mmitss/other/install/carma_driver_msgs/share/carma_driver_msgs/msg/HeadingStamped.msg
-- Up-to-date: /home/mmitss/Documents/cda-mmitss/other/install/carma_driver_msgs/share/carma_driver_msgs/msg/LightBarStatus.msg
-- Up-to-date: /home/mmitss/Documents/cda-mmitss/other/install/carma_driver_msgs/share/carma_driver_msgs/msg/RobotEnabled.msg
-- Up-to-date: /home/mmitss/Documents/cda-mmitss/other/install/carma_driver_msgs/share/carma_driver_msgs/msg/TrailerAngle.msg
-- Up-to-date: /home/mmitss/Documents/cda-mmitss/other/install/carma_driver_msgs/share/carma_driver_msgs/msg/TurnSignal.msg
-- Up-to-date: /home/mmitss/Documents/cda-mmitss/other/install/carma_driver_msgs/share/carma_driver_msgs/srv/GetDriverApi.srv
-- Up-to-date: /home/mmitss/Documents/cda-mmitss/other/install/carma_driver_msgs/share/carma_driver_msgs/srv/GetDriverApi_Request.msg
-- Up-to-date: /home/mmitss/Documents/cda-mmitss/other/install/carma_driver_msgs/share/carma_driver_msgs/srv/GetDriverApi_Response.msg
-- Up-to-date: /home/mmitss/Documents/cda-mmitss/other/install/carma_driver_msgs/share/carma_driver_msgs/srv/GetDriverStatus.srv
-- Up-to-date: /home/mmitss/Documents/cda-mmitss/other/install/carma_driver_msgs/share/carma_driver_msgs/srv/GetDriverStatus_Request.msg
-- Up-to-date: /home/mmitss/Documents/cda-mmitss/other/install/carma_driver_msgs/share/carma_driver_msgs/srv/GetDriverStatus_Response.msg
-- Up-to-date: /home/mmitss/Documents/cda-mmitss/other/install/carma_driver_msgs/share/carma_driver_msgs/srv/GetDriversWithCapabilities.srv
-- Up-to-date: /home/mmitss/Documents/cda-mmitss/other/install/carma_driver_msgs/share/carma_driver_msgs/srv/GetDriversWithCapabilities_Request.msg
-- Up-to-date: /home/mmitss/Documents/cda-mmitss/other/install/carma_driver_msgs/share/carma_driver_msgs/srv/GetDriversWithCapabilities_Response.msg
-- Up-to-date: /home/mmitss/Documents/cda-mmitss/other/install/carma_driver_msgs/share/carma_driver_msgs/srv/GetLights.srv
-- Up-to-date: /home/mmitss/Documents/cda-mmitss/other/install/carma_driver_msgs/share/carma_driver_msgs/srv/GetLights_Request.msg
-- Up-to-date: /home/mmitss/Documents/cda-mmitss/other/install/carma_driver_msgs/share/carma_driver_msgs/srv/GetLights_Response.msg
-- Up-to-date: /home/mmitss/Documents/cda-mmitss/other/install/carma_driver_msgs/share/carma_driver_msgs/srv/SendMessage.srv
-- Up-to-date: /home/mmitss/Documents/cda-mmitss/other/install/carma_driver_msgs/share/carma_driver_msgs/srv/SendMessage_Request.msg
-- Up-to-date: /home/mmitss/Documents/cda-mmitss/other/install/carma_driver_msgs/share/carma_driver_msgs/srv/SendMessage_Response.msg
-- Up-to-date: /home/mmitss/Documents/cda-mmitss/other/install/carma_driver_msgs/share/carma_driver_msgs/srv/SetEnableRobotic.srv
-- Up-to-date: /home/mmitss/Documents/cda-mmitss/other/install/carma_driver_msgs/share/carma_driver_msgs/srv/SetEnableRobotic_Request.msg
-- Up-to-date: /home/mmitss/Documents/cda-mmitss/other/install/carma_driver_msgs/share/carma_driver_msgs/srv/SetEnableRobotic_Response.msg
-- Up-to-date: /home/mmitss/Documents/cda-mmitss/other/install/carma_driver_msgs/share/carma_driver_msgs/srv/SetLightBarIndicator.srv
-- Up-to-date: /home/mmitss/Documents/cda-mmitss/other/install/carma_driver_msgs/share/carma_driver_msgs/srv/SetLightBarIndicator_Request.msg
-- Up-to-date: /home/mmitss/Documents/cda-mmitss/other/install/carma_driver_msgs/share/carma_driver_msgs/srv/SetLightBarIndicator_Response.msg
-- Up-to-date: /home/mmitss/Documents/cda-mmitss/other/install/carma_driver_msgs/share/carma_driver_msgs/srv/SetLights.srv
-- Up-to-date: /home/mmitss/Documents/cda-mmitss/other/install/carma_driver_msgs/share/carma_driver_msgs/srv/SetLights_Request.msg
-- Up-to-date: /home/mmitss/Documents/cda-mmitss/other/install/carma_driver_msgs/share/carma_driver_msgs/srv/SetLights_Response.msg
-- Up-to-date: /home/mmitss/Documents/cda-mmitss/other/install/carma_driver_msgs/share/ament_index/resource_index/package_run_dependencies/carma_driver_msgs
-- Up-to-date: /home/mmitss/Documents/cda-mmitss/other/install/carma_driver_msgs/share/ament_index/resource_index/parent_prefix_path/carma_driver_msgs
-- Up-to-date: /home/mmitss/Documents/cda-mmitss/other/install/carma_driver_msgs/share/carma_driver_msgs/environment/ament_prefix_path.sh
-- Up-to-date: /home/mmitss/Documents/cda-mmitss/other/install/carma_driver_msgs/share/carma_driver_msgs/environment/ament_prefix_path.dsv
-- Up-to-date: /home/mmitss/Documents/cda-mmitss/other/install/carma_driver_msgs/share/carma_driver_msgs/environment/path.sh
-- Up-to-date: /home/mmitss/Documents/cda-mmitss/other/install/carma_driver_msgs/share/carma_driver_msgs/environment/path.dsv
-- Up-to-date: /home/mmitss/Documents/cda-mmitss/other/install/carma_driver_msgs/share/carma_driver_msgs/local_setup.bash
-- Up-to-date: /home/mmitss/Documents/cda-mmitss/other/install/carma_driver_msgs/share/carma_driver_msgs/local_setup.sh
-- Up-to-date: /home/mmitss/Documents/cda-mmitss/other/install/carma_driver_msgs/share/carma_driver_msgs/local_setup.zsh
-- Up-to-date: /home/mmitss/Documents/cda-mmitss/other/install/carma_driver_msgs/share/carma_driver_msgs/local_setup.dsv
-- Installing: /home/mmitss/Documents/cda-mmitss/other/install/carma_driver_msgs/share/carma_driver_msgs/package.dsv
-- Up-to-date: /home/mmitss/Documents/cda-mmitss/other/install/carma_driver_msgs/share/ament_index/resource_index/packages/carma_driver_msgs
-- Up-to-date: /home/mmitss/Documents/cda-mmitss/other/install/carma_driver_msgs/share/carma_driver_msgs/cmake/carma_driver_msgs__rosidl_generator_cExport.cmake
-- Up-to-date: /home/mmitss/Documents/cda-mmitss/other/install/carma_driver_msgs/share/carma_driver_msgs/cmake/carma_driver_msgs__rosidl_generator_cExport-release.cmake
-- Up-to-date: /home/mmitss/Documents/cda-mmitss/other/install/carma_driver_msgs/share/carma_driver_msgs/cmake/carma_driver_msgs__rosidl_typesupport_introspection_cExport.cmake
-- Up-to-date: /home/mmitss/Documents/cda-mmitss/other/install/carma_driver_msgs/share/carma_driver_msgs/cmake/carma_driver_msgs__rosidl_typesupport_introspection_cExport-release.cmake
-- Up-to-date: /home/mmitss/Documents/cda-mmitss/other/install/carma_driver_msgs/share/carma_driver_msgs/cmake/carma_driver_msgs__rosidl_typesupport_cExport.cmake
-- Up-to-date: /home/mmitss/Documents/cda-mmitss/other/install/carma_driver_msgs/share/carma_driver_msgs/cmake/carma_driver_msgs__rosidl_typesupport_cExport-release.cmake
-- Up-to-date: /home/mmitss/Documents/cda-mmitss/other/install/carma_driver_msgs/share/carma_driver_msgs/cmake/carma_driver_msgs__rosidl_generator_cppExport.cmake
-- Up-to-date: /home/mmitss/Documents/cda-mmitss/other/install/carma_driver_msgs/share/carma_driver_msgs/cmake/carma_driver_msgs__rosidl_typesupport_introspection_cppExport.cmake
-- Up-to-date: /home/mmitss/Documents/cda-mmitss/other/install/carma_driver_msgs/share/carma_driver_msgs/cmake/carma_driver_msgs__rosidl_typesupport_introspection_cppExport-release.cmake
-- Up-to-date: /home/mmitss/Documents/cda-mmitss/other/install/carma_driver_msgs/share/carma_driver_msgs/cmake/carma_driver_msgs__rosidl_typesupport_cppExport.cmake
-- Up-to-date: /home/mmitss/Documents/cda-mmitss/other/install/carma_driver_msgs/share/carma_driver_msgs/cmake/carma_driver_msgs__rosidl_typesupport_cppExport-release.cmake
-- Up-to-date: /home/mmitss/Documents/cda-mmitss/other/install/carma_driver_msgs/share/carma_driver_msgs/cmake/rosidl_cmake-extras.cmake
-- Up-to-date: /home/mmitss/Documents/cda-mmitss/other/install/carma_driver_msgs/share/carma_driver_msgs/cmake/ament_cmake_export_dependencies-extras.cmake
-- Up-to-date: /home/mmitss/Documents/cda-mmitss/other/install/carma_driver_msgs/share/carma_driver_msgs/cmake/ament_cmake_export_libraries-extras.cmake
-- Up-to-date: /home/mmitss/Documents/cda-mmitss/other/install/carma_driver_msgs/share/carma_driver_msgs/cmake/ament_cmake_export_targets-extras.cmake
-- Up-to-date: /home/mmitss/Documents/cda-mmitss/other/install/carma_driver_msgs/share/carma_driver_msgs/cmake/ament_cmake_export_include_directories-extras.cmake
-- Up-to-date: /home/mmitss/Documents/cda-mmitss/other/install/carma_driver_msgs/share/carma_driver_msgs/cmake/rosidl_cmake_export_typesupport_libraries-extras.cmake
-- Up-to-date: /home/mmitss/Documents/cda-mmitss/other/install/carma_driver_msgs/share/carma_driver_msgs/cmake/rosidl_cmake_export_typesupport_targets-extras.cmake
-- Up-to-date: /home/mmitss/Documents/cda-mmitss/other/install/carma_driver_msgs/share/carma_driver_msgs/cmake/carma_driver_msgsConfig.cmake
-- Up-to-date: /home/mmitss/Documents/cda-mmitss/other/install/carma_driver_msgs/share/carma_driver_msgs/cmake/carma_driver_msgsConfig-version.cmake
-- Up-to-date: /home/mmitss/Documents/cda-mmitss/other/install/carma_driver_msgs/share/carma_driver_msgs/package.xml
-- Up-to-date: /home/mmitss/Documents/cda-mmitss/other/install/carma_driver_msgs/share/carma_driver_msgs/rule.yml
