[0.037s] Invoking command in '/home/mmitss/Documents/cda-mmitss/other/build/carma_driver_msgs': CMAKE_PREFIX_PATH=/home/mmitss/Documents/cda-mmitss/other/install/carma_msgs:/home/mmitss/Documents/cda-mmitss/other/install/carma_cmake_common:/home/mmitss/Documents/cda-mmitss/other/install/carma_debug_ros2_msgs:/home/mmitss/Documents/cda-mmitss/other/install/carma_planning_msgs:/home/mmitss/Documents/cda-mmitss/other/install/carma_v2x_msgs:/home/mmitss/Documents/cda-mmitss/other/install/j3224_v2x_msgs:/home/mmitss/Documents/cda-mmitss/other/install/j2735_v2x_msgs:/home/mmitss/Documents/cda-mmitss/other/install/carma_perception_msgs:/home/mmitss/Documents/cda-mmitss/other/install/carma_driver_msgs:/home/mmitss/Documents/cda-mmitss/other/install/carma_localization_msgs:/home/mmitss/Documents/cda-mmitss/other/install/can_msgs:/opt/ros/foxy CONDA_PROMPT_MODIFIER=(base) LD_LIBRARY_PATH=/home/mmitss/Documents/cda-mmitss/other/install/carma_msgs/lib:/home/mmitss/Documents/cda-mmitss/other/install/carma_debug_ros2_msgs/lib:/home/mmitss/Documents/cda-mmitss/other/install/carma_planning_msgs/lib:/home/mmitss/Documents/cda-mmitss/other/install/carma_v2x_msgs/lib:/home/mmitss/Documents/cda-mmitss/other/install/j3224_v2x_msgs/lib:/home/mmitss/Documents/cda-mmitss/other/install/j2735_v2x_msgs/lib:/home/mmitss/Documents/cda-mmitss/other/install/carma_perception_msgs/lib:/home/mmitss/Documents/cda-mmitss/other/install/carma_driver_msgs/lib:/home/mmitss/Documents/cda-mmitss/other/install/carma_localization_msgs/lib:/home/mmitss/Documents/cda-mmitss/other/install/can_msgs/lib:/opt/ros/foxy/opt/yaml_cpp_vendor/lib:/opt/ros/foxy/opt/rviz_ogre_vendor/lib:/opt/ros/foxy/lib/x86_64-linux-gnu:/opt/ros/foxy/lib:/opt/ibm/ILOG/CPLEX_Studio221/cplex/lib/x86-64_linux:/opt/ibm/ILOG/CPLEX_Studio221/concert/lib/x86-64_linux PYTHONPATH=/home/mmitss/Documents/cda-mmitss/other/install/carma_msgs/lib/python3.8/site-packages:/home/mmitss/Documents/cda-mmitss/other/install/carma_debug_ros2_msgs/lib/python3.8/site-packages:/home/mmitss/Documents/cda-mmitss/other/install/carma_planning_msgs/lib/python3.8/site-packages:/home/mmitss/Documents/cda-mmitss/other/install/carma_v2x_msgs/lib/python3.8/site-packages:/home/mmitss/Documents/cda-mmitss/other/install/j3224_v2x_msgs/lib/python3.8/site-packages:/home/mmitss/Documents/cda-mmitss/other/install/j2735_v2x_msgs/lib/python3.8/site-packages:/home/mmitss/Documents/cda-mmitss/other/install/carma_perception_msgs/lib/python3.8/site-packages:/home/mmitss/Documents/cda-mmitss/other/install/carma_driver_msgs/lib/python3.8/site-packages:/home/mmitss/Documents/cda-mmitss/other/install/carma_localization_msgs/lib/python3.8/site-packages:/home/mmitss/Documents/cda-mmitss/other/install/can_msgs/lib/python3.8/site-packages:/opt/ros/foxy/lib/python3.8/site-packages /usr/bin/cmake --build /home/mmitss/Documents/cda-mmitss/other/build/carma_driver_msgs -- -j8 -l8
[0.120s] [  0%] Built target carma_driver_msgs__cpp
[0.134s] [ 12%] Built target carma_driver_msgs__rosidl_generator_c
[0.170s] [ 24%] Built target carma_driver_msgs__rosidl_typesupport_cpp
[0.170s] [ 36%] Built target carma_driver_msgs__rosidl_typesupport_introspection_cpp
[0.186s] [ 48%] Built target carma_driver_msgs__rosidl_typesupport_c
[0.188s] [ 60%] Built target carma_driver_msgs__rosidl_typesupport_fastrtps_cpp
[0.191s] [ 72%] Built target carma_driver_msgs__rosidl_typesupport_introspection_c
[0.232s] [ 84%] Built target carma_driver_msgs__rosidl_typesupport_fastrtps_c
[0.261s] [ 84%] Built target carma_driver_msgs
[0.292s] [ 85%] Built target carma_driver_msgs__py
[0.335s] [ 96%] Built target carma_driver_msgs__python
[0.365s] [ 97%] Built target carma_driver_msgs__rosidl_typesupport_c__pyext
[0.368s] [ 99%] Built target carma_driver_msgs__rosidl_typesupport_fastrtps_c__pyext
[0.368s] [100%] Built target carma_driver_msgs__rosidl_typesupport_introspection_c__pyext
[0.388s] Invoked command in '/home/mmitss/Documents/cda-mmitss/other/build/carma_driver_msgs' returned '0': CMAKE_PREFIX_PATH=/home/mmitss/Documents/cda-mmitss/other/install/carma_msgs:/home/mmitss/Documents/cda-mmitss/other/install/carma_cmake_common:/home/mmitss/Documents/cda-mmitss/other/install/carma_debug_ros2_msgs:/home/mmitss/Documents/cda-mmitss/other/install/carma_planning_msgs:/home/mmitss/Documents/cda-mmitss/other/install/carma_v2x_msgs:/home/mmitss/Documents/cda-mmitss/other/install/j3224_v2x_msgs:/home/mmitss/Documents/cda-mmitss/other/install/j2735_v2x_msgs:/home/mmitss/Documents/cda-mmitss/other/install/carma_perception_msgs:/home/mmitss/Documents/cda-mmitss/other/install/carma_driver_msgs:/home/mmitss/Documents/cda-mmitss/other/install/carma_localization_msgs:/home/mmitss/Documents/cda-mmitss/other/install/can_msgs:/opt/ros/foxy CONDA_PROMPT_MODIFIER=(base) LD_LIBRARY_PATH=/home/mmitss/Documents/cda-mmitss/other/install/carma_msgs/lib:/home/mmitss/Documents/cda-mmitss/other/install/carma_debug_ros2_msgs/lib:/home/mmitss/Documents/cda-mmitss/other/install/carma_planning_msgs/lib:/home/mmitss/Documents/cda-mmitss/other/install/carma_v2x_msgs/lib:/home/mmitss/Documents/cda-mmitss/other/install/j3224_v2x_msgs/lib:/home/mmitss/Documents/cda-mmitss/other/install/j2735_v2x_msgs/lib:/home/mmitss/Documents/cda-mmitss/other/install/carma_perception_msgs/lib:/home/mmitss/Documents/cda-mmitss/other/install/carma_driver_msgs/lib:/home/mmitss/Documents/cda-mmitss/other/install/carma_localization_msgs/lib:/home/mmitss/Documents/cda-mmitss/other/install/can_msgs/lib:/opt/ros/foxy/opt/yaml_cpp_vendor/lib:/opt/ros/foxy/opt/rviz_ogre_vendor/lib:/opt/ros/foxy/lib/x86_64-linux-gnu:/opt/ros/foxy/lib:/opt/ibm/ILOG/CPLEX_Studio221/cplex/lib/x86-64_linux:/opt/ibm/ILOG/CPLEX_Studio221/concert/lib/x86-64_linux PYTHONPATH=/home/mmitss/Documents/cda-mmitss/other/install/carma_msgs/lib/python3.8/site-packages:/home/mmitss/Documents/cda-mmitss/other/install/carma_debug_ros2_msgs/lib/python3.8/site-packages:/home/mmitss/Documents/cda-mmitss/other/install/carma_planning_msgs/lib/python3.8/site-packages:/home/mmitss/Documents/cda-mmitss/other/install/carma_v2x_msgs/lib/python3.8/site-packages:/home/mmitss/Documents/cda-mmitss/other/install/j3224_v2x_msgs/lib/python3.8/site-packages:/home/mmitss/Documents/cda-mmitss/other/install/j2735_v2x_msgs/lib/python3.8/site-packages:/home/mmitss/Documents/cda-mmitss/other/install/carma_perception_msgs/lib/python3.8/site-packages:/home/mmitss/Documents/cda-mmitss/other/install/carma_driver_msgs/lib/python3.8/site-packages:/home/mmitss/Documents/cda-mmitss/other/install/carma_localization_msgs/lib/python3.8/site-packages:/home/mmitss/Documents/cda-mmitss/other/install/can_msgs/lib/python3.8/site-packages:/opt/ros/foxy/lib/python3.8/site-packages /usr/bin/cmake --build /home/mmitss/Documents/cda-mmitss/other/build/carma_driver_msgs -- -j8 -l8
[0.738s] Invoking command in '/home/mmitss/Documents/cda-mmitss/other/build/carma_driver_msgs': CMAKE_PREFIX_PATH=/home/mmitss/Documents/cda-mmitss/other/install/carma_msgs:/home/mmitss/Documents/cda-mmitss/other/install/carma_cmake_common:/home/mmitss/Documents/cda-mmitss/other/install/carma_debug_ros2_msgs:/home/mmitss/Documents/cda-mmitss/other/install/carma_planning_msgs:/home/mmitss/Documents/cda-mmitss/other/install/carma_v2x_msgs:/home/mmitss/Documents/cda-mmitss/other/install/j3224_v2x_msgs:/home/mmitss/Documents/cda-mmitss/other/install/j2735_v2x_msgs:/home/mmitss/Documents/cda-mmitss/other/install/carma_perception_msgs:/home/mmitss/Documents/cda-mmitss/other/install/carma_driver_msgs:/home/mmitss/Documents/cda-mmitss/other/install/carma_localization_msgs:/home/mmitss/Documents/cda-mmitss/other/install/can_msgs:/opt/ros/foxy CONDA_PROMPT_MODIFIER=(base) LD_LIBRARY_PATH=/home/mmitss/Documents/cda-mmitss/other/install/carma_msgs/lib:/home/mmitss/Documents/cda-mmitss/other/install/carma_debug_ros2_msgs/lib:/home/mmitss/Documents/cda-mmitss/other/install/carma_planning_msgs/lib:/home/mmitss/Documents/cda-mmitss/other/install/carma_v2x_msgs/lib:/home/mmitss/Documents/cda-mmitss/other/install/j3224_v2x_msgs/lib:/home/mmitss/Documents/cda-mmitss/other/install/j2735_v2x_msgs/lib:/home/mmitss/Documents/cda-mmitss/other/install/carma_perception_msgs/lib:/home/mmitss/Documents/cda-mmitss/other/install/carma_driver_msgs/lib:/home/mmitss/Documents/cda-mmitss/other/install/carma_localization_msgs/lib:/home/mmitss/Documents/cda-mmitss/other/install/can_msgs/lib:/opt/ros/foxy/opt/yaml_cpp_vendor/lib:/opt/ros/foxy/opt/rviz_ogre_vendor/lib:/opt/ros/foxy/lib/x86_64-linux-gnu:/opt/ros/foxy/lib:/opt/ibm/ILOG/CPLEX_Studio221/cplex/lib/x86-64_linux:/opt/ibm/ILOG/CPLEX_Studio221/concert/lib/x86-64_linux PYTHONPATH=/home/mmitss/Documents/cda-mmitss/other/install/carma_msgs/lib/python3.8/site-packages:/home/mmitss/Documents/cda-mmitss/other/install/carma_debug_ros2_msgs/lib/python3.8/site-packages:/home/mmitss/Documents/cda-mmitss/other/install/carma_planning_msgs/lib/python3.8/site-packages:/home/mmitss/Documents/cda-mmitss/other/install/carma_v2x_msgs/lib/python3.8/site-packages:/home/mmitss/Documents/cda-mmitss/other/install/j3224_v2x_msgs/lib/python3.8/site-packages:/home/mmitss/Documents/cda-mmitss/other/install/j2735_v2x_msgs/lib/python3.8/site-packages:/home/mmitss/Documents/cda-mmitss/other/install/carma_perception_msgs/lib/python3.8/site-packages:/home/mmitss/Documents/cda-mmitss/other/install/carma_driver_msgs/lib/python3.8/site-packages:/home/mmitss/Documents/cda-mmitss/other/install/carma_localization_msgs/lib/python3.8/site-packages:/home/mmitss/Documents/cda-mmitss/other/install/can_msgs/lib/python3.8/site-packages:/opt/ros/foxy/lib/python3.8/site-packages /usr/bin/cmake --install /home/mmitss/Documents/cda-mmitss/other/build/carma_driver_msgs
[0.752s] -- Install configuration: "Release"
[0.752s] -- Up-to-date: /home/mmitss/Documents/cda-mmitss/other/install/carma_driver_msgs/share/ament_index/resource_index/rosidl_interfaces/carma_driver_msgs
[0.752s] -- Up-to-date: /home/mmitss/Documents/cda-mmitss/other/install/carma_driver_msgs/include/carma_driver_msgs
[0.752s] -- Up-to-date: /home/mmitss/Documents/cda-mmitss/other/install/carma_driver_msgs/include/carma_driver_msgs/srv
[0.752s] -- Up-to-date: /home/mmitss/Documents/cda-mmitss/other/install/carma_driver_msgs/include/carma_driver_msgs/srv/get_driver_status.h
[0.753s] -- Up-to-date: /home/mmitss/Documents/cda-mmitss/other/install/carma_driver_msgs/include/carma_driver_msgs/srv/send_message.h
[0.753s] -- Up-to-date: /home/mmitss/Documents/cda-mmitss/other/install/carma_driver_msgs/include/carma_driver_msgs/srv/get_drivers_with_capabilities.h
[0.753s] -- Up-to-date: /home/mmitss/Documents/cda-mmitss/other/install/carma_driver_msgs/include/carma_driver_msgs/srv/set_lights.h
[0.753s] -- Up-to-date: /home/mmitss/Documents/cda-mmitss/other/install/carma_driver_msgs/include/carma_driver_msgs/srv/set_enable_robotic.h
[0.753s] -- Up-to-date: /home/mmitss/Documents/cda-mmitss/other/install/carma_driver_msgs/include/carma_driver_msgs/srv/get_driver_api.h
[0.753s] -- Up-to-date: /home/mmitss/Documents/cda-mmitss/other/install/carma_driver_msgs/include/carma_driver_msgs/srv/get_lights.h
[0.754s] -- Up-to-date: /home/mmitss/Documents/cda-mmitss/other/install/carma_driver_msgs/include/carma_driver_msgs/srv/set_light_bar_indicator.h
[0.754s] -- Up-to-date: /home/mmitss/Documents/cda-mmitss/other/install/carma_driver_msgs/include/carma_driver_msgs/srv/detail
[0.754s] -- Up-to-date: /home/mmitss/Documents/cda-mmitss/other/install/carma_driver_msgs/include/carma_driver_msgs/srv/detail/get_driver_status__struct.h
[0.754s] -- Up-to-date: /home/mmitss/Documents/cda-mmitss/other/install/carma_driver_msgs/include/carma_driver_msgs/srv/detail/get_driver_api__struct.h
[0.754s] -- Up-to-date: /home/mmitss/Documents/cda-mmitss/other/install/carma_driver_msgs/include/carma_driver_msgs/srv/detail/set_light_bar_indicator__type_support.h
[0.754s] -- Up-to-date: /home/mmitss/Documents/cda-mmitss/other/install/carma_driver_msgs/include/carma_driver_msgs/srv/detail/send_message__struct.h
[0.755s] -- Up-to-date: /home/mmitss/Documents/cda-mmitss/other/install/carma_driver_msgs/include/carma_driver_msgs/srv/detail/set_light_bar_indicator__struct.h
[0.755s] -- Up-to-date: /home/mmitss/Documents/cda-mmitss/other/install/carma_driver_msgs/include/carma_driver_msgs/srv/detail/set_enable_robotic__functions.c
[0.755s] -- Up-to-date: /home/mmitss/Documents/cda-mmitss/other/install/carma_driver_msgs/include/carma_driver_msgs/srv/detail/get_driver_api__type_support.h
[0.755s] -- Up-to-date: /home/mmitss/Documents/cda-mmitss/other/install/carma_driver_msgs/include/carma_driver_msgs/srv/detail/get_driver_status__type_support.h
[0.755s] -- Up-to-date: /home/mmitss/Documents/cda-mmitss/other/install/carma_driver_msgs/include/carma_driver_msgs/srv/detail/send_message__functions.h
[0.756s] -- Up-to-date: /home/mmitss/Documents/cda-mmitss/other/install/carma_driver_msgs/include/carma_driver_msgs/srv/detail/get_lights__functions.h
[0.756s] -- Up-to-date: /home/mmitss/Documents/cda-mmitss/other/install/carma_driver_msgs/include/carma_driver_msgs/srv/detail/set_enable_robotic__struct.h
[0.756s] -- Up-to-date: /home/mmitss/Documents/cda-mmitss/other/install/carma_driver_msgs/include/carma_driver_msgs/srv/detail/get_driver_status__functions.c
[0.756s] -- Up-to-date: /home/mmitss/Documents/cda-mmitss/other/install/carma_driver_msgs/include/carma_driver_msgs/srv/detail/set_light_bar_indicator__functions.c
[0.756s] -- Up-to-date: /home/mmitss/Documents/cda-mmitss/other/install/carma_driver_msgs/include/carma_driver_msgs/srv/detail/set_lights__type_support.h
[0.756s] -- Up-to-date: /home/mmitss/Documents/cda-mmitss/other/install/carma_driver_msgs/include/carma_driver_msgs/srv/detail/get_drivers_with_capabilities__functions.c
[0.757s] -- Up-to-date: /home/mmitss/Documents/cda-mmitss/other/install/carma_driver_msgs/include/carma_driver_msgs/srv/detail/get_drivers_with_capabilities__type_support.h
[0.757s] -- Up-to-date: /home/mmitss/Documents/cda-mmitss/other/install/carma_driver_msgs/include/carma_driver_msgs/srv/detail/set_light_bar_indicator__functions.h
[0.757s] -- Up-to-date: /home/mmitss/Documents/cda-mmitss/other/install/carma_driver_msgs/include/carma_driver_msgs/srv/detail/get_driver_api__functions.c
[0.757s] -- Up-to-date: /home/mmitss/Documents/cda-mmitss/other/install/carma_driver_msgs/include/carma_driver_msgs/srv/detail/send_message__functions.c
[0.757s] -- Up-to-date: /home/mmitss/Documents/cda-mmitss/other/install/carma_driver_msgs/include/carma_driver_msgs/srv/detail/get_lights__type_support.h
[0.757s] -- Up-to-date: /home/mmitss/Documents/cda-mmitss/other/install/carma_driver_msgs/include/carma_driver_msgs/srv/detail/set_lights__struct.h
[0.758s] -- Up-to-date: /home/mmitss/Documents/cda-mmitss/other/install/carma_driver_msgs/include/carma_driver_msgs/srv/detail/send_message__type_support.h
[0.758s] -- Up-to-date: /home/mmitss/Documents/cda-mmitss/other/install/carma_driver_msgs/include/carma_driver_msgs/srv/detail/set_lights__functions.c
[0.758s] -- Up-to-date: /home/mmitss/Documents/cda-mmitss/other/install/carma_driver_msgs/include/carma_driver_msgs/srv/detail/get_driver_api__functions.h
[0.758s] -- Up-to-date: /home/mmitss/Documents/cda-mmitss/other/install/carma_driver_msgs/include/carma_driver_msgs/srv/detail/set_lights__functions.h
[0.758s] -- Up-to-date: /home/mmitss/Documents/cda-mmitss/other/install/carma_driver_msgs/include/carma_driver_msgs/srv/detail/get_drivers_with_capabilities__functions.h
[0.758s] -- Up-to-date: /home/mmitss/Documents/cda-mmitss/other/install/carma_driver_msgs/include/carma_driver_msgs/srv/detail/get_drivers_with_capabilities__struct.h
[0.758s] -- Up-to-date: /home/mmitss/Documents/cda-mmitss/other/install/carma_driver_msgs/include/carma_driver_msgs/srv/detail/get_lights__struct.h
[0.758s] -- Up-to-date: /home/mmitss/Documents/cda-mmitss/other/install/carma_driver_msgs/include/carma_driver_msgs/srv/detail/get_lights__functions.c
[0.758s] -- Up-to-date: /home/mmitss/Documents/cda-mmitss/other/install/carma_driver_msgs/include/carma_driver_msgs/srv/detail/get_driver_status__functions.h
[0.758s] -- Up-to-date: /home/mmitss/Documents/cda-mmitss/other/install/carma_driver_msgs/include/carma_driver_msgs/srv/detail/set_enable_robotic__functions.h
[0.758s] -- Up-to-date: /home/mmitss/Documents/cda-mmitss/other/install/carma_driver_msgs/include/carma_driver_msgs/srv/detail/set_enable_robotic__type_support.h
[0.758s] -- Up-to-date: /home/mmitss/Documents/cda-mmitss/other/install/carma_driver_msgs/include/carma_driver_msgs/msg
[0.758s] -- Up-to-date: /home/mmitss/Documents/cda-mmitss/other/install/carma_driver_msgs/include/carma_driver_msgs/msg/turn_signal.h
[0.759s] -- Up-to-date: /home/mmitss/Documents/cda-mmitss/other/install/carma_driver_msgs/include/carma_driver_msgs/msg/driver_status.h
[0.759s] -- Up-to-date: /home/mmitss/Documents/cda-mmitss/other/install/carma_driver_msgs/include/carma_driver_msgs/msg/rosidl_generator_c__visibility_control.h
[0.759s] -- Up-to-date: /home/mmitss/Documents/cda-mmitss/other/install/carma_driver_msgs/include/carma_driver_msgs/msg/robot_enabled.h
[0.759s] -- Up-to-date: /home/mmitss/Documents/cda-mmitss/other/install/carma_driver_msgs/include/carma_driver_msgs/msg/light_bar_status.h
[0.759s] -- Up-to-date: /home/mmitss/Documents/cda-mmitss/other/install/carma_driver_msgs/include/carma_driver_msgs/msg/trailer_angle.h
[0.759s] -- Up-to-date: /home/mmitss/Documents/cda-mmitss/other/install/carma_driver_msgs/include/carma_driver_msgs/msg/heading_stamped.h
[0.759s] -- Up-to-date: /home/mmitss/Documents/cda-mmitss/other/install/carma_driver_msgs/include/carma_driver_msgs/msg/detail
[0.760s] -- Up-to-date: /home/mmitss/Documents/cda-mmitss/other/install/carma_driver_msgs/include/carma_driver_msgs/msg/detail/heading_stamped__functions.h
[0.760s] -- Up-to-date: /home/mmitss/Documents/cda-mmitss/other/install/carma_driver_msgs/include/carma_driver_msgs/msg/detail/light_bar_status__functions.c
[0.760s] -- Up-to-date: /home/mmitss/Documents/cda-mmitss/other/install/carma_driver_msgs/include/carma_driver_msgs/msg/detail/driver_status__type_support.h
[0.760s] -- Up-to-date: /home/mmitss/Documents/cda-mmitss/other/install/carma_driver_msgs/include/carma_driver_msgs/msg/detail/robot_enabled__functions.c
[0.760s] -- Up-to-date: /home/mmitss/Documents/cda-mmitss/other/install/carma_driver_msgs/include/carma_driver_msgs/msg/detail/heading_stamped__struct.h
[0.760s] -- Up-to-date: /home/mmitss/Documents/cda-mmitss/other/install/carma_driver_msgs/include/carma_driver_msgs/msg/detail/trailer_angle__functions.c
[0.760s] -- Up-to-date: /home/mmitss/Documents/cda-mmitss/other/install/carma_driver_msgs/include/carma_driver_msgs/msg/detail/robot_enabled__type_support.h
[0.760s] -- Up-to-date: /home/mmitss/Documents/cda-mmitss/other/install/carma_driver_msgs/include/carma_driver_msgs/msg/detail/byte_array__type_support.h
[0.760s] -- Up-to-date: /home/mmitss/Documents/cda-mmitss/other/install/carma_driver_msgs/include/carma_driver_msgs/msg/detail/turn_signal__type_support.h
[0.760s] -- Up-to-date: /home/mmitss/Documents/cda-mmitss/other/install/carma_driver_msgs/include/carma_driver_msgs/msg/detail/driver_status__struct.h
[0.760s] -- Up-to-date: /home/mmitss/Documents/cda-mmitss/other/install/carma_driver_msgs/include/carma_driver_msgs/msg/detail/light_bar_status__functions.h
[0.760s] -- Up-to-date: /home/mmitss/Documents/cda-mmitss/other/install/carma_driver_msgs/include/carma_driver_msgs/msg/detail/trailer_angle__struct.h
[0.760s] -- Up-to-date: /home/mmitss/Documents/cda-mmitss/other/install/carma_driver_msgs/include/carma_driver_msgs/msg/detail/robot_enabled__functions.h
[0.760s] -- Up-to-date: /home/mmitss/Documents/cda-mmitss/other/install/carma_driver_msgs/include/carma_driver_msgs/msg/detail/heading_stamped__functions.c
[0.760s] -- Up-to-date: /home/mmitss/Documents/cda-mmitss/other/install/carma_driver_msgs/include/carma_driver_msgs/msg/detail/turn_signal__struct.h
[0.760s] -- Up-to-date: /home/mmitss/Documents/cda-mmitss/other/install/carma_driver_msgs/include/carma_driver_msgs/msg/detail/trailer_angle__type_support.h
[0.760s] -- Up-to-date: /home/mmitss/Documents/cda-mmitss/other/install/carma_driver_msgs/include/carma_driver_msgs/msg/detail/turn_signal__functions.c
[0.760s] -- Up-to-date: /home/mmitss/Documents/cda-mmitss/other/install/carma_driver_msgs/include/carma_driver_msgs/msg/detail/turn_signal__functions.h
[0.761s] -- Up-to-date: /home/mmitss/Documents/cda-mmitss/other/install/carma_driver_msgs/include/carma_driver_msgs/msg/detail/light_bar_status__struct.h
[0.761s] -- Up-to-date: /home/mmitss/Documents/cda-mmitss/other/install/carma_driver_msgs/include/carma_driver_msgs/msg/detail/byte_array__struct.h
[0.761s] -- Up-to-date: /home/mmitss/Documents/cda-mmitss/other/install/carma_driver_msgs/include/carma_driver_msgs/msg/detail/driver_status__functions.c
[0.761s] -- Up-to-date: /home/mmitss/Documents/cda-mmitss/other/install/carma_driver_msgs/include/carma_driver_msgs/msg/detail/light_bar_status__type_support.h
[0.761s] -- Up-to-date: /home/mmitss/Documents/cda-mmitss/other/install/carma_driver_msgs/include/carma_driver_msgs/msg/detail/heading_stamped__type_support.h
[0.761s] -- Up-to-date: /home/mmitss/Documents/cda-mmitss/other/install/carma_driver_msgs/include/carma_driver_msgs/msg/detail/byte_array__functions.c
[0.761s] -- Up-to-date: /home/mmitss/Documents/cda-mmitss/other/install/carma_driver_msgs/include/carma_driver_msgs/msg/detail/byte_array__functions.h
[0.761s] -- Up-to-date: /home/mmitss/Documents/cda-mmitss/other/install/carma_driver_msgs/include/carma_driver_msgs/msg/detail/trailer_angle__functions.h
[0.761s] -- Up-to-date: /home/mmitss/Documents/cda-mmitss/other/install/carma_driver_msgs/include/carma_driver_msgs/msg/detail/driver_status__functions.h
[0.762s] -- Up-to-date: /home/mmitss/Documents/cda-mmitss/other/install/carma_driver_msgs/include/carma_driver_msgs/msg/detail/robot_enabled__struct.h
[0.762s] -- Up-to-date: /home/mmitss/Documents/cda-mmitss/other/install/carma_driver_msgs/include/carma_driver_msgs/msg/byte_array.h
[0.762s] -- Up-to-date: /home/mmitss/Documents/cda-mmitss/other/install/carma_driver_msgs/share/carma_driver_msgs/environment/library_path.sh
[0.762s] -- Up-to-date: /home/mmitss/Documents/cda-mmitss/other/install/carma_driver_msgs/share/carma_driver_msgs/environment/library_path.dsv
[0.762s] -- Up-to-date: /home/mmitss/Documents/cda-mmitss/other/install/carma_driver_msgs/lib/libcarma_driver_msgs__rosidl_generator_c.so
[0.762s] -- Up-to-date: /home/mmitss/Documents/cda-mmitss/other/install/carma_driver_msgs/include/carma_driver_msgs
[0.762s] -- Up-to-date: /home/mmitss/Documents/cda-mmitss/other/install/carma_driver_msgs/include/carma_driver_msgs/srv
[0.762s] -- Up-to-date: /home/mmitss/Documents/cda-mmitss/other/install/carma_driver_msgs/include/carma_driver_msgs/srv/detail
[0.762s] -- Up-to-date: /home/mmitss/Documents/cda-mmitss/other/install/carma_driver_msgs/include/carma_driver_msgs/srv/detail/get_driver_api__rosidl_typesupport_fastrtps_c.h
[0.762s] -- Up-to-date: /home/mmitss/Documents/cda-mmitss/other/install/carma_driver_msgs/include/carma_driver_msgs/srv/detail/send_message__rosidl_typesupport_fastrtps_c.h
[0.762s] -- Up-to-date: /home/mmitss/Documents/cda-mmitss/other/install/carma_driver_msgs/include/carma_driver_msgs/srv/detail/set_enable_robotic__rosidl_typesupport_fastrtps_c.h
[0.762s] -- Up-to-date: /home/mmitss/Documents/cda-mmitss/other/install/carma_driver_msgs/include/carma_driver_msgs/srv/detail/set_light_bar_indicator__rosidl_typesupport_fastrtps_c.h
[0.762s] -- Up-to-date: /home/mmitss/Documents/cda-mmitss/other/install/carma_driver_msgs/include/carma_driver_msgs/srv/detail/get_drivers_with_capabilities__rosidl_typesupport_fastrtps_c.h
[0.762s] -- Up-to-date: /home/mmitss/Documents/cda-mmitss/other/install/carma_driver_msgs/include/carma_driver_msgs/srv/detail/set_lights__rosidl_typesupport_fastrtps_c.h
[0.762s] -- Up-to-date: /home/mmitss/Documents/cda-mmitss/other/install/carma_driver_msgs/include/carma_driver_msgs/srv/detail/get_driver_status__rosidl_typesupport_fastrtps_c.h
[0.762s] -- Up-to-date: /home/mmitss/Documents/cda-mmitss/other/install/carma_driver_msgs/include/carma_driver_msgs/srv/detail/get_lights__rosidl_typesupport_fastrtps_c.h
[0.763s] -- Up-to-date: /home/mmitss/Documents/cda-mmitss/other/install/carma_driver_msgs/include/carma_driver_msgs/msg
[0.763s] -- Up-to-date: /home/mmitss/Documents/cda-mmitss/other/install/carma_driver_msgs/include/carma_driver_msgs/msg/rosidl_typesupport_fastrtps_c__visibility_control.h
[0.763s] -- Up-to-date: /home/mmitss/Documents/cda-mmitss/other/install/carma_driver_msgs/include/carma_driver_msgs/msg/detail
[0.763s] -- Up-to-date: /home/mmitss/Documents/cda-mmitss/other/install/carma_driver_msgs/include/carma_driver_msgs/msg/detail/heading_stamped__rosidl_typesupport_fastrtps_c.h
[0.763s] -- Up-to-date: /home/mmitss/Documents/cda-mmitss/other/install/carma_driver_msgs/include/carma_driver_msgs/msg/detail/trailer_angle__rosidl_typesupport_fastrtps_c.h
[0.763s] -- Up-to-date: /home/mmitss/Documents/cda-mmitss/other/install/carma_driver_msgs/include/carma_driver_msgs/msg/detail/robot_enabled__rosidl_typesupport_fastrtps_c.h
[0.763s] -- Up-to-date: /home/mmitss/Documents/cda-mmitss/other/install/carma_driver_msgs/include/carma_driver_msgs/msg/detail/light_bar_status__rosidl_typesupport_fastrtps_c.h
[0.763s] -- Up-to-date: /home/mmitss/Documents/cda-mmitss/other/install/carma_driver_msgs/include/carma_driver_msgs/msg/detail/byte_array__rosidl_typesupport_fastrtps_c.h
[0.763s] -- Up-to-date: /home/mmitss/Documents/cda-mmitss/other/install/carma_driver_msgs/include/carma_driver_msgs/msg/detail/driver_status__rosidl_typesupport_fastrtps_c.h
[0.763s] -- Up-to-date: /home/mmitss/Documents/cda-mmitss/other/install/carma_driver_msgs/include/carma_driver_msgs/msg/detail/turn_signal__rosidl_typesupport_fastrtps_c.h
[0.763s] -- Up-to-date: /home/mmitss/Documents/cda-mmitss/other/install/carma_driver_msgs/lib/libcarma_driver_msgs__rosidl_typesupport_fastrtps_c.so
[0.763s] -- Up-to-date: /home/mmitss/Documents/cda-mmitss/other/install/carma_driver_msgs/include/carma_driver_msgs
[0.763s] -- Up-to-date: /home/mmitss/Documents/cda-mmitss/other/install/carma_driver_msgs/include/carma_driver_msgs/srv
[0.763s] -- Up-to-date: /home/mmitss/Documents/cda-mmitss/other/install/carma_driver_msgs/include/carma_driver_msgs/srv/detail
[0.763s] -- Up-to-date: /home/mmitss/Documents/cda-mmitss/other/install/carma_driver_msgs/include/carma_driver_msgs/srv/detail/set_enable_robotic__rosidl_typesupport_fastrtps_cpp.hpp
[0.764s] -- Up-to-date: /home/mmitss/Documents/cda-mmitss/other/install/carma_driver_msgs/include/carma_driver_msgs/srv/detail/get_lights__rosidl_typesupport_fastrtps_cpp.hpp
[0.764s] -- Up-to-date: /home/mmitss/Documents/cda-mmitss/other/install/carma_driver_msgs/include/carma_driver_msgs/srv/detail/send_message__rosidl_typesupport_fastrtps_cpp.hpp
[0.764s] -- Up-to-date: /home/mmitss/Documents/cda-mmitss/other/install/carma_driver_msgs/include/carma_driver_msgs/srv/detail/get_driver_api__rosidl_typesupport_fastrtps_cpp.hpp
[0.764s] -- Up-to-date: /home/mmitss/Documents/cda-mmitss/other/install/carma_driver_msgs/include/carma_driver_msgs/srv/detail/set_light_bar_indicator__rosidl_typesupport_fastrtps_cpp.hpp
[0.764s] -- Up-to-date: /home/mmitss/Documents/cda-mmitss/other/install/carma_driver_msgs/include/carma_driver_msgs/srv/detail/get_driver_status__rosidl_typesupport_fastrtps_cpp.hpp
[0.764s] -- Up-to-date: /home/mmitss/Documents/cda-mmitss/other/install/carma_driver_msgs/include/carma_driver_msgs/srv/detail/get_drivers_with_capabilities__rosidl_typesupport_fastrtps_cpp.hpp
[0.764s] -- Up-to-date: /home/mmitss/Documents/cda-mmitss/other/install/carma_driver_msgs/include/carma_driver_msgs/srv/detail/set_lights__rosidl_typesupport_fastrtps_cpp.hpp
[0.765s] -- Up-to-date: /home/mmitss/Documents/cda-mmitss/other/install/carma_driver_msgs/include/carma_driver_msgs/srv/detail/dds_fastrtps
[0.765s] -- Up-to-date: /home/mmitss/Documents/cda-mmitss/other/install/carma_driver_msgs/include/carma_driver_msgs/msg
[0.765s] -- Up-to-date: /home/mmitss/Documents/cda-mmitss/other/install/carma_driver_msgs/include/carma_driver_msgs/msg/rosidl_typesupport_fastrtps_cpp__visibility_control.h
[0.765s] -- Up-to-date: /home/mmitss/Documents/cda-mmitss/other/install/carma_driver_msgs/include/carma_driver_msgs/msg/detail
[0.765s] -- Up-to-date: /home/mmitss/Documents/cda-mmitss/other/install/carma_driver_msgs/include/carma_driver_msgs/msg/detail/trailer_angle__rosidl_typesupport_fastrtps_cpp.hpp
[0.765s] -- Up-to-date: /home/mmitss/Documents/cda-mmitss/other/install/carma_driver_msgs/include/carma_driver_msgs/msg/detail/byte_array__rosidl_typesupport_fastrtps_cpp.hpp
[0.765s] -- Up-to-date: /home/mmitss/Documents/cda-mmitss/other/install/carma_driver_msgs/include/carma_driver_msgs/msg/detail/heading_stamped__rosidl_typesupport_fastrtps_cpp.hpp
[0.765s] -- Up-to-date: /home/mmitss/Documents/cda-mmitss/other/install/carma_driver_msgs/include/carma_driver_msgs/msg/detail/driver_status__rosidl_typesupport_fastrtps_cpp.hpp
[0.765s] -- Up-to-date: /home/mmitss/Documents/cda-mmitss/other/install/carma_driver_msgs/include/carma_driver_msgs/msg/detail/light_bar_status__rosidl_typesupport_fastrtps_cpp.hpp
[0.766s] -- Up-to-date: /home/mmitss/Documents/cda-mmitss/other/install/carma_driver_msgs/include/carma_driver_msgs/msg/detail/dds_fastrtps
[0.766s] -- Up-to-date: /home/mmitss/Documents/cda-mmitss/other/install/carma_driver_msgs/include/carma_driver_msgs/msg/detail/robot_enabled__rosidl_typesupport_fastrtps_cpp.hpp
[0.766s] -- Up-to-date: /home/mmitss/Documents/cda-mmitss/other/install/carma_driver_msgs/include/carma_driver_msgs/msg/detail/turn_signal__rosidl_typesupport_fastrtps_cpp.hpp
[0.766s] -- Up-to-date: /home/mmitss/Documents/cda-mmitss/other/install/carma_driver_msgs/lib/libcarma_driver_msgs__rosidl_typesupport_fastrtps_cpp.so
[0.766s] -- Up-to-date: /home/mmitss/Documents/cda-mmitss/other/install/carma_driver_msgs/include/carma_driver_msgs
[0.766s] -- Up-to-date: /home/mmitss/Documents/cda-mmitss/other/install/carma_driver_msgs/include/carma_driver_msgs/srv
[0.767s] -- Up-to-date: /home/mmitss/Documents/cda-mmitss/other/install/carma_driver_msgs/include/carma_driver_msgs/srv/detail
[0.767s] -- Up-to-date: /home/mmitss/Documents/cda-mmitss/other/install/carma_driver_msgs/include/carma_driver_msgs/srv/detail/set_lights__type_support.c
[0.767s] -- Up-to-date: /home/mmitss/Documents/cda-mmitss/other/install/carma_driver_msgs/include/carma_driver_msgs/srv/detail/set_enable_robotic__type_support.c
[0.767s] -- Up-to-date: /home/mmitss/Documents/cda-mmitss/other/install/carma_driver_msgs/include/carma_driver_msgs/srv/detail/set_light_bar_indicator__rosidl_typesupport_introspection_c.h
[0.767s] -- Up-to-date: /home/mmitss/Documents/cda-mmitss/other/install/carma_driver_msgs/include/carma_driver_msgs/srv/detail/get_driver_status__rosidl_typesupport_introspection_c.h
[0.767s] -- Up-to-date: /home/mmitss/Documents/cda-mmitss/other/install/carma_driver_msgs/include/carma_driver_msgs/srv/detail/send_message__type_support.c
[0.767s] -- Up-to-date: /home/mmitss/Documents/cda-mmitss/other/install/carma_driver_msgs/include/carma_driver_msgs/srv/detail/send_message__rosidl_typesupport_introspection_c.h
[0.767s] -- Up-to-date: /home/mmitss/Documents/cda-mmitss/other/install/carma_driver_msgs/include/carma_driver_msgs/srv/detail/get_lights__type_support.c
[0.767s] -- Up-to-date: /home/mmitss/Documents/cda-mmitss/other/install/carma_driver_msgs/include/carma_driver_msgs/srv/detail/get_driver_status__type_support.c
[0.767s] -- Up-to-date: /home/mmitss/Documents/cda-mmitss/other/install/carma_driver_msgs/include/carma_driver_msgs/srv/detail/get_drivers_with_capabilities__rosidl_typesupport_introspection_c.h
[0.768s] -- Up-to-date: /home/mmitss/Documents/cda-mmitss/other/install/carma_driver_msgs/include/carma_driver_msgs/srv/detail/set_enable_robotic__rosidl_typesupport_introspection_c.h
[0.768s] -- Up-to-date: /home/mmitss/Documents/cda-mmitss/other/install/carma_driver_msgs/include/carma_driver_msgs/srv/detail/set_lights__rosidl_typesupport_introspection_c.h
[0.768s] -- Up-to-date: /home/mmitss/Documents/cda-mmitss/other/install/carma_driver_msgs/include/carma_driver_msgs/srv/detail/get_lights__rosidl_typesupport_introspection_c.h
[0.768s] -- Up-to-date: /home/mmitss/Documents/cda-mmitss/other/install/carma_driver_msgs/include/carma_driver_msgs/srv/detail/get_driver_api__rosidl_typesupport_introspection_c.h
[0.768s] -- Up-to-date: /home/mmitss/Documents/cda-mmitss/other/install/carma_driver_msgs/include/carma_driver_msgs/srv/detail/set_light_bar_indicator__type_support.c
[0.768s] -- Up-to-date: /home/mmitss/Documents/cda-mmitss/other/install/carma_driver_msgs/include/carma_driver_msgs/srv/detail/get_drivers_with_capabilities__type_support.c
[0.768s] -- Up-to-date: /home/mmitss/Documents/cda-mmitss/other/install/carma_driver_msgs/include/carma_driver_msgs/srv/detail/get_driver_api__type_support.c
[0.768s] -- Up-to-date: /home/mmitss/Documents/cda-mmitss/other/install/carma_driver_msgs/include/carma_driver_msgs/msg
[0.768s] -- Up-to-date: /home/mmitss/Documents/cda-mmitss/other/install/carma_driver_msgs/include/carma_driver_msgs/msg/rosidl_typesupport_introspection_c__visibility_control.h
[0.768s] -- Up-to-date: /home/mmitss/Documents/cda-mmitss/other/install/carma_driver_msgs/include/carma_driver_msgs/msg/detail
[0.769s] -- Up-to-date: /home/mmitss/Documents/cda-mmitss/other/install/carma_driver_msgs/include/carma_driver_msgs/msg/detail/robot_enabled__rosidl_typesupport_introspection_c.h
[0.769s] -- Up-to-date: /home/mmitss/Documents/cda-mmitss/other/install/carma_driver_msgs/include/carma_driver_msgs/msg/detail/driver_status__type_support.c
[0.769s] -- Up-to-date: /home/mmitss/Documents/cda-mmitss/other/install/carma_driver_msgs/include/carma_driver_msgs/msg/detail/byte_array__rosidl_typesupport_introspection_c.h
[0.769s] -- Up-to-date: /home/mmitss/Documents/cda-mmitss/other/install/carma_driver_msgs/include/carma_driver_msgs/msg/detail/light_bar_status__type_support.c
[0.769s] -- Up-to-date: /home/mmitss/Documents/cda-mmitss/other/install/carma_driver_msgs/include/carma_driver_msgs/msg/detail/light_bar_status__rosidl_typesupport_introspection_c.h
[0.769s] -- Up-to-date: /home/mmitss/Documents/cda-mmitss/other/install/carma_driver_msgs/include/carma_driver_msgs/msg/detail/robot_enabled__type_support.c
[0.769s] -- Up-to-date: /home/mmitss/Documents/cda-mmitss/other/install/carma_driver_msgs/include/carma_driver_msgs/msg/detail/turn_signal__type_support.c
[0.769s] -- Up-to-date: /home/mmitss/Documents/cda-mmitss/other/install/carma_driver_msgs/include/carma_driver_msgs/msg/detail/heading_stamped__type_support.c
[0.769s] -- Up-to-date: /home/mmitss/Documents/cda-mmitss/other/install/carma_driver_msgs/include/carma_driver_msgs/msg/detail/trailer_angle__type_support.c
[0.769s] -- Up-to-date: /home/mmitss/Documents/cda-mmitss/other/install/carma_driver_msgs/include/carma_driver_msgs/msg/detail/byte_array__type_support.c
[0.769s] -- Up-to-date: /home/mmitss/Documents/cda-mmitss/other/install/carma_driver_msgs/include/carma_driver_msgs/msg/detail/heading_stamped__rosidl_typesupport_introspection_c.h
[0.770s] -- Up-to-date: /home/mmitss/Documents/cda-mmitss/other/install/carma_driver_msgs/include/carma_driver_msgs/msg/detail/driver_status__rosidl_typesupport_introspection_c.h
[0.770s] -- Up-to-date: /home/mmitss/Documents/cda-mmitss/other/install/carma_driver_msgs/include/carma_driver_msgs/msg/detail/trailer_angle__rosidl_typesupport_introspection_c.h
[0.770s] -- Up-to-date: /home/mmitss/Documents/cda-mmitss/other/install/carma_driver_msgs/include/carma_driver_msgs/msg/detail/turn_signal__rosidl_typesupport_introspection_c.h
[0.770s] -- Up-to-date: /home/mmitss/Documents/cda-mmitss/other/install/carma_driver_msgs/lib/libcarma_driver_msgs__rosidl_typesupport_introspection_c.so
[0.770s] -- Up-to-date: /home/mmitss/Documents/cda-mmitss/other/install/carma_driver_msgs/lib/libcarma_driver_msgs__rosidl_typesupport_c.so
[0.770s] -- Up-to-date: /home/mmitss/Documents/cda-mmitss/other/install/carma_driver_msgs/include/carma_driver_msgs
[0.770s] -- Up-to-date: /home/mmitss/Documents/cda-mmitss/other/install/carma_driver_msgs/include/carma_driver_msgs/srv
[0.770s] -- Up-to-date: /home/mmitss/Documents/cda-mmitss/other/install/carma_driver_msgs/include/carma_driver_msgs/srv/get_drivers_with_capabilities.hpp
[0.770s] -- Up-to-date: /home/mmitss/Documents/cda-mmitss/other/install/carma_driver_msgs/include/carma_driver_msgs/srv/get_driver_api.hpp
[0.771s] -- Up-to-date: /home/mmitss/Documents/cda-mmitss/other/install/carma_driver_msgs/include/carma_driver_msgs/srv/set_enable_robotic.hpp
[0.771s] -- Up-to-date: /home/mmitss/Documents/cda-mmitss/other/install/carma_driver_msgs/include/carma_driver_msgs/srv/get_lights.hpp
[0.771s] -- Up-to-date: /home/mmitss/Documents/cda-mmitss/other/install/carma_driver_msgs/include/carma_driver_msgs/srv/set_lights.hpp
[0.771s] -- Up-to-date: /home/mmitss/Documents/cda-mmitss/other/install/carma_driver_msgs/include/carma_driver_msgs/srv/send_message.hpp
[0.771s] -- Up-to-date: /home/mmitss/Documents/cda-mmitss/other/install/carma_driver_msgs/include/carma_driver_msgs/srv/detail
[0.771s] -- Up-to-date: /home/mmitss/Documents/cda-mmitss/other/install/carma_driver_msgs/include/carma_driver_msgs/srv/detail/get_driver_status__struct.hpp
[0.771s] -- Up-to-date: /home/mmitss/Documents/cda-mmitss/other/install/carma_driver_msgs/include/carma_driver_msgs/srv/detail/send_message__builder.hpp
[0.771s] -- Up-to-date: /home/mmitss/Documents/cda-mmitss/other/install/carma_driver_msgs/include/carma_driver_msgs/srv/detail/set_light_bar_indicator__type_support.hpp
[0.771s] -- Up-to-date: /home/mmitss/Documents/cda-mmitss/other/install/carma_driver_msgs/include/carma_driver_msgs/srv/detail/get_driver_status__traits.hpp
[0.772s] -- Up-to-date: /home/mmitss/Documents/cda-mmitss/other/install/carma_driver_msgs/include/carma_driver_msgs/srv/detail/send_message__type_support.hpp
[0.772s] -- Up-to-date: /home/mmitss/Documents/cda-mmitss/other/install/carma_driver_msgs/include/carma_driver_msgs/srv/detail/send_message__traits.hpp
[0.772s] -- Up-to-date: /home/mmitss/Documents/cda-mmitss/other/install/carma_driver_msgs/include/carma_driver_msgs/srv/detail/get_lights__struct.hpp
[0.772s] -- Up-to-date: /home/mmitss/Documents/cda-mmitss/other/install/carma_driver_msgs/include/carma_driver_msgs/srv/detail/set_lights__traits.hpp
[0.772s] -- Up-to-date: /home/mmitss/Documents/cda-mmitss/other/install/carma_driver_msgs/include/carma_driver_msgs/srv/detail/set_light_bar_indicator__struct.hpp
[0.772s] -- Up-to-date: /home/mmitss/Documents/cda-mmitss/other/install/carma_driver_msgs/include/carma_driver_msgs/srv/detail/get_driver_api__builder.hpp
[0.772s] -- Up-to-date: /home/mmitss/Documents/cda-mmitss/other/install/carma_driver_msgs/include/carma_driver_msgs/srv/detail/set_lights__struct.hpp
[0.772s] -- Up-to-date: /home/mmitss/Documents/cda-mmitss/other/install/carma_driver_msgs/include/carma_driver_msgs/srv/detail/get_lights__traits.hpp
[0.772s] -- Up-to-date: /home/mmitss/Documents/cda-mmitss/other/install/carma_driver_msgs/include/carma_driver_msgs/srv/detail/get_drivers_with_capabilities__type_support.hpp
[0.773s] -- Up-to-date: /home/mmitss/Documents/cda-mmitss/other/install/carma_driver_msgs/include/carma_driver_msgs/srv/detail/get_drivers_with_capabilities__builder.hpp
[0.773s] -- Up-to-date: /home/mmitss/Documents/cda-mmitss/other/install/carma_driver_msgs/include/carma_driver_msgs/srv/detail/get_drivers_with_capabilities__struct.hpp
[0.773s] -- Up-to-date: /home/mmitss/Documents/cda-mmitss/other/install/carma_driver_msgs/include/carma_driver_msgs/srv/detail/get_lights__builder.hpp
[0.773s] -- Up-to-date: /home/mmitss/Documents/cda-mmitss/other/install/carma_driver_msgs/include/carma_driver_msgs/srv/detail/set_enable_robotic__builder.hpp
[0.773s] -- Up-to-date: /home/mmitss/Documents/cda-mmitss/other/install/carma_driver_msgs/include/carma_driver_msgs/srv/detail/set_enable_robotic__traits.hpp
[0.773s] -- Up-to-date: /home/mmitss/Documents/cda-mmitss/other/install/carma_driver_msgs/include/carma_driver_msgs/srv/detail/get_driver_api__traits.hpp
[0.773s] -- Up-to-date: /home/mmitss/Documents/cda-mmitss/other/install/carma_driver_msgs/include/carma_driver_msgs/srv/detail/get_driver_api__type_support.hpp
[0.773s] -- Up-to-date: /home/mmitss/Documents/cda-mmitss/other/install/carma_driver_msgs/include/carma_driver_msgs/srv/detail/set_enable_robotic__struct.hpp
[0.773s] -- Up-to-date: /home/mmitss/Documents/cda-mmitss/other/install/carma_driver_msgs/include/carma_driver_msgs/srv/detail/set_lights__builder.hpp
[0.773s] -- Up-to-date: /home/mmitss/Documents/cda-mmitss/other/install/carma_driver_msgs/include/carma_driver_msgs/srv/detail/get_driver_status__type_support.hpp
[0.774s] -- Up-to-date: /home/mmitss/Documents/cda-mmitss/other/install/carma_driver_msgs/include/carma_driver_msgs/srv/detail/set_light_bar_indicator__builder.hpp
[0.774s] -- Up-to-date: /home/mmitss/Documents/cda-mmitss/other/install/carma_driver_msgs/include/carma_driver_msgs/srv/detail/send_message__struct.hpp
[0.774s] -- Up-to-date: /home/mmitss/Documents/cda-mmitss/other/install/carma_driver_msgs/include/carma_driver_msgs/srv/detail/get_driver_status__builder.hpp
[0.774s] -- Up-to-date: /home/mmitss/Documents/cda-mmitss/other/install/carma_driver_msgs/include/carma_driver_msgs/srv/detail/get_lights__type_support.hpp
[0.774s] -- Up-to-date: /home/mmitss/Documents/cda-mmitss/other/install/carma_driver_msgs/include/carma_driver_msgs/srv/detail/get_driver_api__struct.hpp
[0.774s] -- Up-to-date: /home/mmitss/Documents/cda-mmitss/other/install/carma_driver_msgs/include/carma_driver_msgs/srv/detail/set_light_bar_indicator__traits.hpp
[0.774s] -- Up-to-date: /home/mmitss/Documents/cda-mmitss/other/install/carma_driver_msgs/include/carma_driver_msgs/srv/detail/get_drivers_with_capabilities__traits.hpp
[0.774s] -- Up-to-date: /home/mmitss/Documents/cda-mmitss/other/install/carma_driver_msgs/include/carma_driver_msgs/srv/detail/set_enable_robotic__type_support.hpp
[0.774s] -- Up-to-date: /home/mmitss/Documents/cda-mmitss/other/install/carma_driver_msgs/include/carma_driver_msgs/srv/detail/set_lights__type_support.hpp
[0.774s] -- Up-to-date: /home/mmitss/Documents/cda-mmitss/other/install/carma_driver_msgs/include/carma_driver_msgs/srv/set_light_bar_indicator.hpp
[0.775s] -- Up-to-date: /home/mmitss/Documents/cda-mmitss/other/install/carma_driver_msgs/include/carma_driver_msgs/srv/get_driver_status.hpp
[0.775s] -- Up-to-date: /home/mmitss/Documents/cda-mmitss/other/install/carma_driver_msgs/include/carma_driver_msgs/msg
[0.775s] -- Up-to-date: /home/mmitss/Documents/cda-mmitss/other/install/carma_driver_msgs/include/carma_driver_msgs/msg/robot_enabled.hpp
[0.775s] -- Up-to-date: /home/mmitss/Documents/cda-mmitss/other/install/carma_driver_msgs/include/carma_driver_msgs/msg/light_bar_status.hpp
[0.775s] -- Up-to-date: /home/mmitss/Documents/cda-mmitss/other/install/carma_driver_msgs/include/carma_driver_msgs/msg/byte_array.hpp
[0.775s] -- Up-to-date: /home/mmitss/Documents/cda-mmitss/other/install/carma_driver_msgs/include/carma_driver_msgs/msg/rosidl_generator_cpp__visibility_control.hpp
[0.775s] -- Up-to-date: /home/mmitss/Documents/cda-mmitss/other/install/carma_driver_msgs/include/carma_driver_msgs/msg/heading_stamped.hpp
[0.775s] -- Up-to-date: /home/mmitss/Documents/cda-mmitss/other/install/carma_driver_msgs/include/carma_driver_msgs/msg/trailer_angle.hpp
[0.775s] -- Up-to-date: /home/mmitss/Documents/cda-mmitss/other/install/carma_driver_msgs/include/carma_driver_msgs/msg/driver_status.hpp
[0.776s] -- Up-to-date: /home/mmitss/Documents/cda-mmitss/other/install/carma_driver_msgs/include/carma_driver_msgs/msg/turn_signal.hpp
[0.776s] -- Up-to-date: /home/mmitss/Documents/cda-mmitss/other/install/carma_driver_msgs/include/carma_driver_msgs/msg/detail
[0.776s] -- Up-to-date: /home/mmitss/Documents/cda-mmitss/other/install/carma_driver_msgs/include/carma_driver_msgs/msg/detail/robot_enabled__traits.hpp
[0.776s] -- Up-to-date: /home/mmitss/Documents/cda-mmitss/other/install/carma_driver_msgs/include/carma_driver_msgs/msg/detail/byte_array__builder.hpp
[0.776s] -- Up-to-date: /home/mmitss/Documents/cda-mmitss/other/install/carma_driver_msgs/include/carma_driver_msgs/msg/detail/trailer_angle__type_support.hpp
[0.776s] -- Up-to-date: /home/mmitss/Documents/cda-mmitss/other/install/carma_driver_msgs/include/carma_driver_msgs/msg/detail/driver_status__type_support.hpp
[0.776s] -- Up-to-date: /home/mmitss/Documents/cda-mmitss/other/install/carma_driver_msgs/include/carma_driver_msgs/msg/detail/heading_stamped__builder.hpp
[0.776s] -- Up-to-date: /home/mmitss/Documents/cda-mmitss/other/install/carma_driver_msgs/include/carma_driver_msgs/msg/detail/light_bar_status__type_support.hpp
[0.776s] -- Up-to-date: /home/mmitss/Documents/cda-mmitss/other/install/carma_driver_msgs/include/carma_driver_msgs/msg/detail/light_bar_status__traits.hpp
[0.777s] -- Up-to-date: /home/mmitss/Documents/cda-mmitss/other/install/carma_driver_msgs/include/carma_driver_msgs/msg/detail/robot_enabled__struct.hpp
[0.777s] -- Up-to-date: /home/mmitss/Documents/cda-mmitss/other/install/carma_driver_msgs/include/carma_driver_msgs/msg/detail/light_bar_status__struct.hpp
[0.777s] -- Up-to-date: /home/mmitss/Documents/cda-mmitss/other/install/carma_driver_msgs/include/carma_driver_msgs/msg/detail/heading_stamped__struct.hpp
[0.777s] -- Up-to-date: /home/mmitss/Documents/cda-mmitss/other/install/carma_driver_msgs/include/carma_driver_msgs/msg/detail/byte_array__traits.hpp
[0.777s] -- Up-to-date: /home/mmitss/Documents/cda-mmitss/other/install/carma_driver_msgs/include/carma_driver_msgs/msg/detail/driver_status__traits.hpp
[0.777s] -- Up-to-date: /home/mmitss/Documents/cda-mmitss/other/install/carma_driver_msgs/include/carma_driver_msgs/msg/detail/trailer_angle__traits.hpp
[0.777s] -- Up-to-date: /home/mmitss/Documents/cda-mmitss/other/install/carma_driver_msgs/include/carma_driver_msgs/msg/detail/heading_stamped__traits.hpp
[0.777s] -- Up-to-date: /home/mmitss/Documents/cda-mmitss/other/install/carma_driver_msgs/include/carma_driver_msgs/msg/detail/turn_signal__traits.hpp
[0.778s] -- Up-to-date: /home/mmitss/Documents/cda-mmitss/other/install/carma_driver_msgs/include/carma_driver_msgs/msg/detail/turn_signal__type_support.hpp
[0.778s] -- Up-to-date: /home/mmitss/Documents/cda-mmitss/other/install/carma_driver_msgs/include/carma_driver_msgs/msg/detail/trailer_angle__struct.hpp
[0.778s] -- Up-to-date: /home/mmitss/Documents/cda-mmitss/other/install/carma_driver_msgs/include/carma_driver_msgs/msg/detail/heading_stamped__type_support.hpp
[0.778s] -- Up-to-date: /home/mmitss/Documents/cda-mmitss/other/install/carma_driver_msgs/include/carma_driver_msgs/msg/detail/robot_enabled__builder.hpp
[0.778s] -- Up-to-date: /home/mmitss/Documents/cda-mmitss/other/install/carma_driver_msgs/include/carma_driver_msgs/msg/detail/light_bar_status__builder.hpp
[0.778s] -- Up-to-date: /home/mmitss/Documents/cda-mmitss/other/install/carma_driver_msgs/include/carma_driver_msgs/msg/detail/turn_signal__struct.hpp
[0.778s] -- Up-to-date: /home/mmitss/Documents/cda-mmitss/other/install/carma_driver_msgs/include/carma_driver_msgs/msg/detail/robot_enabled__type_support.hpp
[0.778s] -- Up-to-date: /home/mmitss/Documents/cda-mmitss/other/install/carma_driver_msgs/include/carma_driver_msgs/msg/detail/driver_status__builder.hpp
[0.778s] -- Up-to-date: /home/mmitss/Documents/cda-mmitss/other/install/carma_driver_msgs/include/carma_driver_msgs/msg/detail/driver_status__struct.hpp
[0.778s] -- Up-to-date: /home/mmitss/Documents/cda-mmitss/other/install/carma_driver_msgs/include/carma_driver_msgs/msg/detail/byte_array__struct.hpp
[0.779s] -- Up-to-date: /home/mmitss/Documents/cda-mmitss/other/install/carma_driver_msgs/include/carma_driver_msgs/msg/detail/turn_signal__builder.hpp
[0.779s] -- Up-to-date: /home/mmitss/Documents/cda-mmitss/other/install/carma_driver_msgs/include/carma_driver_msgs/msg/detail/byte_array__type_support.hpp
[0.779s] -- Up-to-date: /home/mmitss/Documents/cda-mmitss/other/install/carma_driver_msgs/include/carma_driver_msgs/msg/detail/trailer_angle__builder.hpp
[0.779s] -- Up-to-date: /home/mmitss/Documents/cda-mmitss/other/install/carma_driver_msgs/include/carma_driver_msgs
[0.779s] -- Up-to-date: /home/mmitss/Documents/cda-mmitss/other/install/carma_driver_msgs/include/carma_driver_msgs/srv
[0.779s] -- Up-to-date: /home/mmitss/Documents/cda-mmitss/other/install/carma_driver_msgs/include/carma_driver_msgs/srv/detail
[0.779s] -- Up-to-date: /home/mmitss/Documents/cda-mmitss/other/install/carma_driver_msgs/include/carma_driver_msgs/srv/detail/set_lights__type_support.cpp
[0.779s] -- Up-to-date: /home/mmitss/Documents/cda-mmitss/other/install/carma_driver_msgs/include/carma_driver_msgs/srv/detail/set_light_bar_indicator__type_support.cpp
[0.779s] -- Up-to-date: /home/mmitss/Documents/cda-mmitss/other/install/carma_driver_msgs/include/carma_driver_msgs/srv/detail/get_drivers_with_capabilities__rosidl_typesupport_introspection_cpp.hpp
[0.780s] -- Up-to-date: /home/mmitss/Documents/cda-mmitss/other/install/carma_driver_msgs/include/carma_driver_msgs/srv/detail/set_light_bar_indicator__rosidl_typesupport_introspection_cpp.hpp
[0.780s] -- Up-to-date: /home/mmitss/Documents/cda-mmitss/other/install/carma_driver_msgs/include/carma_driver_msgs/srv/detail/send_message__rosidl_typesupport_introspection_cpp.hpp
[0.780s] -- Up-to-date: /home/mmitss/Documents/cda-mmitss/other/install/carma_driver_msgs/include/carma_driver_msgs/srv/detail/get_drivers_with_capabilities__type_support.cpp
[0.780s] -- Up-to-date: /home/mmitss/Documents/cda-mmitss/other/install/carma_driver_msgs/include/carma_driver_msgs/srv/detail/set_enable_robotic__rosidl_typesupport_introspection_cpp.hpp
[0.780s] -- Up-to-date: /home/mmitss/Documents/cda-mmitss/other/install/carma_driver_msgs/include/carma_driver_msgs/srv/detail/send_message__type_support.cpp
[0.780s] -- Up-to-date: /home/mmitss/Documents/cda-mmitss/other/install/carma_driver_msgs/include/carma_driver_msgs/srv/detail/get_driver_api__rosidl_typesupport_introspection_cpp.hpp
[0.780s] -- Up-to-date: /home/mmitss/Documents/cda-mmitss/other/install/carma_driver_msgs/include/carma_driver_msgs/srv/detail/set_lights__rosidl_typesupport_introspection_cpp.hpp
[0.780s] -- Up-to-date: /home/mmitss/Documents/cda-mmitss/other/install/carma_driver_msgs/include/carma_driver_msgs/srv/detail/get_driver_status__rosidl_typesupport_introspection_cpp.hpp
[0.780s] -- Up-to-date: /home/mmitss/Documents/cda-mmitss/other/install/carma_driver_msgs/include/carma_driver_msgs/srv/detail/get_lights__type_support.cpp
[0.781s] -- Up-to-date: /home/mmitss/Documents/cda-mmitss/other/install/carma_driver_msgs/include/carma_driver_msgs/srv/detail/get_lights__rosidl_typesupport_introspection_cpp.hpp
[0.781s] -- Up-to-date: /home/mmitss/Documents/cda-mmitss/other/install/carma_driver_msgs/include/carma_driver_msgs/srv/detail/set_enable_robotic__type_support.cpp
[0.781s] -- Up-to-date: /home/mmitss/Documents/cda-mmitss/other/install/carma_driver_msgs/include/carma_driver_msgs/srv/detail/get_driver_status__type_support.cpp
[0.781s] -- Up-to-date: /home/mmitss/Documents/cda-mmitss/other/install/carma_driver_msgs/include/carma_driver_msgs/srv/detail/get_driver_api__type_support.cpp
[0.781s] -- Up-to-date: /home/mmitss/Documents/cda-mmitss/other/install/carma_driver_msgs/include/carma_driver_msgs/msg
[0.781s] -- Up-to-date: /home/mmitss/Documents/cda-mmitss/other/install/carma_driver_msgs/include/carma_driver_msgs/msg/detail
[0.781s] -- Up-to-date: /home/mmitss/Documents/cda-mmitss/other/install/carma_driver_msgs/include/carma_driver_msgs/msg/detail/byte_array__type_support.cpp
[0.781s] -- Up-to-date: /home/mmitss/Documents/cda-mmitss/other/install/carma_driver_msgs/include/carma_driver_msgs/msg/detail/driver_status__type_support.cpp
[0.781s] -- Up-to-date: /home/mmitss/Documents/cda-mmitss/other/install/carma_driver_msgs/include/carma_driver_msgs/msg/detail/heading_stamped__type_support.cpp
[0.782s] -- Up-to-date: /home/mmitss/Documents/cda-mmitss/other/install/carma_driver_msgs/include/carma_driver_msgs/msg/detail/byte_array__rosidl_typesupport_introspection_cpp.hpp
[0.782s] -- Up-to-date: /home/mmitss/Documents/cda-mmitss/other/install/carma_driver_msgs/include/carma_driver_msgs/msg/detail/heading_stamped__rosidl_typesupport_introspection_cpp.hpp
[0.782s] -- Up-to-date: /home/mmitss/Documents/cda-mmitss/other/install/carma_driver_msgs/include/carma_driver_msgs/msg/detail/light_bar_status__rosidl_typesupport_introspection_cpp.hpp
[0.782s] -- Up-to-date: /home/mmitss/Documents/cda-mmitss/other/install/carma_driver_msgs/include/carma_driver_msgs/msg/detail/turn_signal__rosidl_typesupport_introspection_cpp.hpp
[0.782s] -- Up-to-date: /home/mmitss/Documents/cda-mmitss/other/install/carma_driver_msgs/include/carma_driver_msgs/msg/detail/light_bar_status__type_support.cpp
[0.782s] -- Up-to-date: /home/mmitss/Documents/cda-mmitss/other/install/carma_driver_msgs/include/carma_driver_msgs/msg/detail/trailer_angle__rosidl_typesupport_introspection_cpp.hpp
[0.782s] -- Up-to-date: /home/mmitss/Documents/cda-mmitss/other/install/carma_driver_msgs/include/carma_driver_msgs/msg/detail/turn_signal__type_support.cpp
[0.782s] -- Up-to-date: /home/mmitss/Documents/cda-mmitss/other/install/carma_driver_msgs/include/carma_driver_msgs/msg/detail/robot_enabled__type_support.cpp
[0.782s] -- Up-to-date: /home/mmitss/Documents/cda-mmitss/other/install/carma_driver_msgs/include/carma_driver_msgs/msg/detail/driver_status__rosidl_typesupport_introspection_cpp.hpp
[0.783s] -- Up-to-date: /home/mmitss/Documents/cda-mmitss/other/install/carma_driver_msgs/include/carma_driver_msgs/msg/detail/robot_enabled__rosidl_typesupport_introspection_cpp.hpp
[0.783s] -- Up-to-date: /home/mmitss/Documents/cda-mmitss/other/install/carma_driver_msgs/include/carma_driver_msgs/msg/detail/trailer_angle__type_support.cpp
[0.783s] -- Up-to-date: /home/mmitss/Documents/cda-mmitss/other/install/carma_driver_msgs/lib/libcarma_driver_msgs__rosidl_typesupport_introspection_cpp.so
[0.783s] -- Up-to-date: /home/mmitss/Documents/cda-mmitss/other/install/carma_driver_msgs/lib/libcarma_driver_msgs__rosidl_typesupport_cpp.so
[0.783s] -- Up-to-date: /home/mmitss/Documents/cda-mmitss/other/install/carma_driver_msgs/share/carma_driver_msgs/environment/pythonpath.sh
[0.783s] -- Up-to-date: /home/mmitss/Documents/cda-mmitss/other/install/carma_driver_msgs/share/carma_driver_msgs/environment/pythonpath.dsv
[0.783s] -- Up-to-date: /home/mmitss/Documents/cda-mmitss/other/install/carma_driver_msgs/lib/python3.8/site-packages/carma_driver_msgs/__init__.py
[0.816s] -- Up-to-date: /home/mmitss/Documents/cda-mmitss/other/install/carma_driver_msgs/lib/python3.8/site-packages/carma_driver_msgs/msg
[0.816s] -- Up-to-date: /home/mmitss/Documents/cda-mmitss/other/install/carma_driver_msgs/lib/python3.8/site-packages/carma_driver_msgs/msg/_byte_array.py
[0.816s] -- Up-to-date: /home/mmitss/Documents/cda-mmitss/other/install/carma_driver_msgs/lib/python3.8/site-packages/carma_driver_msgs/msg/_trailer_angle.py
[0.817s] -- Up-to-date: /home/mmitss/Documents/cda-mmitss/other/install/carma_driver_msgs/lib/python3.8/site-packages/carma_driver_msgs/msg/_heading_stamped.py
[0.817s] -- Up-to-date: /home/mmitss/Documents/cda-mmitss/other/install/carma_driver_msgs/lib/python3.8/site-packages/carma_driver_msgs/msg/_light_bar_status.py
[0.817s] -- Up-to-date: /home/mmitss/Documents/cda-mmitss/other/install/carma_driver_msgs/lib/python3.8/site-packages/carma_driver_msgs/msg/_heading_stamped_s.c
[0.817s] -- Up-to-date: /home/mmitss/Documents/cda-mmitss/other/install/carma_driver_msgs/lib/python3.8/site-packages/carma_driver_msgs/msg/_robot_enabled_s.c
[0.817s] -- Up-to-date: /home/mmitss/Documents/cda-mmitss/other/install/carma_driver_msgs/lib/python3.8/site-packages/carma_driver_msgs/msg/_driver_status_s.c
[0.817s] -- Up-to-date: /home/mmitss/Documents/cda-mmitss/other/install/carma_driver_msgs/lib/python3.8/site-packages/carma_driver_msgs/msg/_trailer_angle_s.c
[0.817s] -- Up-to-date: /home/mmitss/Documents/cda-mmitss/other/install/carma_driver_msgs/lib/python3.8/site-packages/carma_driver_msgs/msg/_turn_signal_s.c
[0.817s] -- Up-to-date: /home/mmitss/Documents/cda-mmitss/other/install/carma_driver_msgs/lib/python3.8/site-packages/carma_driver_msgs/msg/_turn_signal.py
[0.818s] -- Up-to-date: /home/mmitss/Documents/cda-mmitss/other/install/carma_driver_msgs/lib/python3.8/site-packages/carma_driver_msgs/msg/_byte_array_s.c
[0.818s] -- Up-to-date: /home/mmitss/Documents/cda-mmitss/other/install/carma_driver_msgs/lib/python3.8/site-packages/carma_driver_msgs/msg/_robot_enabled.py
[0.818s] -- Up-to-date: /home/mmitss/Documents/cda-mmitss/other/install/carma_driver_msgs/lib/python3.8/site-packages/carma_driver_msgs/msg/_light_bar_status_s.c
[0.818s] -- Up-to-date: /home/mmitss/Documents/cda-mmitss/other/install/carma_driver_msgs/lib/python3.8/site-packages/carma_driver_msgs/msg/__init__.py
[0.818s] -- Up-to-date: /home/mmitss/Documents/cda-mmitss/other/install/carma_driver_msgs/lib/python3.8/site-packages/carma_driver_msgs/msg/_driver_status.py
[0.818s] -- Up-to-date: /home/mmitss/Documents/cda-mmitss/other/install/carma_driver_msgs/lib/python3.8/site-packages/carma_driver_msgs/srv
[0.818s] -- Up-to-date: /home/mmitss/Documents/cda-mmitss/other/install/carma_driver_msgs/lib/python3.8/site-packages/carma_driver_msgs/srv/_set_enable_robotic_s.c
[0.818s] -- Up-to-date: /home/mmitss/Documents/cda-mmitss/other/install/carma_driver_msgs/lib/python3.8/site-packages/carma_driver_msgs/srv/_get_drivers_with_capabilities.py
[0.818s] -- Up-to-date: /home/mmitss/Documents/cda-mmitss/other/install/carma_driver_msgs/lib/python3.8/site-packages/carma_driver_msgs/srv/_get_driver_api.py
[0.818s] -- Up-to-date: /home/mmitss/Documents/cda-mmitss/other/install/carma_driver_msgs/lib/python3.8/site-packages/carma_driver_msgs/srv/_set_light_bar_indicator.py
[0.818s] -- Up-to-date: /home/mmitss/Documents/cda-mmitss/other/install/carma_driver_msgs/lib/python3.8/site-packages/carma_driver_msgs/srv/_get_driver_status_s.c
[0.818s] -- Up-to-date: /home/mmitss/Documents/cda-mmitss/other/install/carma_driver_msgs/lib/python3.8/site-packages/carma_driver_msgs/srv/_set_lights_s.c
[0.818s] -- Up-to-date: /home/mmitss/Documents/cda-mmitss/other/install/carma_driver_msgs/lib/python3.8/site-packages/carma_driver_msgs/srv/_set_enable_robotic.py
[0.818s] -- Up-to-date: /home/mmitss/Documents/cda-mmitss/other/install/carma_driver_msgs/lib/python3.8/site-packages/carma_driver_msgs/srv/_send_message_s.c
[0.818s] -- Up-to-date: /home/mmitss/Documents/cda-mmitss/other/install/carma_driver_msgs/lib/python3.8/site-packages/carma_driver_msgs/srv/_get_lights_s.c
[0.818s] -- Up-to-date: /home/mmitss/Documents/cda-mmitss/other/install/carma_driver_msgs/lib/python3.8/site-packages/carma_driver_msgs/srv/_get_lights.py
[0.818s] -- Up-to-date: /home/mmitss/Documents/cda-mmitss/other/install/carma_driver_msgs/lib/python3.8/site-packages/carma_driver_msgs/srv/_get_drivers_with_capabilities_s.c
[0.819s] -- Up-to-date: /home/mmitss/Documents/cda-mmitss/other/install/carma_driver_msgs/lib/python3.8/site-packages/carma_driver_msgs/srv/_get_driver_status.py
[0.819s] -- Up-to-date: /home/mmitss/Documents/cda-mmitss/other/install/carma_driver_msgs/lib/python3.8/site-packages/carma_driver_msgs/srv/_get_driver_api_s.c
[0.819s] -- Up-to-date: /home/mmitss/Documents/cda-mmitss/other/install/carma_driver_msgs/lib/python3.8/site-packages/carma_driver_msgs/srv/_send_message.py
[0.819s] -- Up-to-date: /home/mmitss/Documents/cda-mmitss/other/install/carma_driver_msgs/lib/python3.8/site-packages/carma_driver_msgs/srv/_set_lights.py
[0.819s] -- Up-to-date: /home/mmitss/Documents/cda-mmitss/other/install/carma_driver_msgs/lib/python3.8/site-packages/carma_driver_msgs/srv/__init__.py
[0.819s] -- Up-to-date: /home/mmitss/Documents/cda-mmitss/other/install/carma_driver_msgs/lib/python3.8/site-packages/carma_driver_msgs/srv/_set_light_bar_indicator_s.c
[0.819s] -- Up-to-date: /home/mmitss/Documents/cda-mmitss/other/install/carma_driver_msgs/lib/python3.8/site-packages/carma_driver_msgs/carma_driver_msgs_s__rosidl_typesupport_fastrtps_c.cpython-38-x86_64-linux-gnu.so
[0.820s] -- Up-to-date: /home/mmitss/Documents/cda-mmitss/other/install/carma_driver_msgs/lib/python3.8/site-packages/carma_driver_msgs/carma_driver_msgs_s__rosidl_typesupport_introspection_c.cpython-38-x86_64-linux-gnu.so
[0.821s] -- Up-to-date: /home/mmitss/Documents/cda-mmitss/other/install/carma_driver_msgs/lib/python3.8/site-packages/carma_driver_msgs/carma_driver_msgs_s__rosidl_typesupport_c.cpython-38-x86_64-linux-gnu.so
[0.822s] -- Up-to-date: /home/mmitss/Documents/cda-mmitss/other/install/carma_driver_msgs/lib/libcarma_driver_msgs__python.so
[0.823s] -- Up-to-date: /home/mmitss/Documents/cda-mmitss/other/install/carma_driver_msgs/share/carma_driver_msgs/msg/ByteArray.idl
[0.823s] -- Up-to-date: /home/mmitss/Documents/cda-mmitss/other/install/carma_driver_msgs/share/carma_driver_msgs/msg/DriverStatus.idl
[0.823s] -- Up-to-date: /home/mmitss/Documents/cda-mmitss/other/install/carma_driver_msgs/share/carma_driver_msgs/msg/HeadingStamped.idl
[0.823s] -- Up-to-date: /home/mmitss/Documents/cda-mmitss/other/install/carma_driver_msgs/share/carma_driver_msgs/msg/LightBarStatus.idl
[0.824s] -- Up-to-date: /home/mmitss/Documents/cda-mmitss/other/install/carma_driver_msgs/share/carma_driver_msgs/msg/RobotEnabled.idl
[0.824s] -- Up-to-date: /home/mmitss/Documents/cda-mmitss/other/install/carma_driver_msgs/share/carma_driver_msgs/msg/TrailerAngle.idl
[0.824s] -- Up-to-date: /home/mmitss/Documents/cda-mmitss/other/install/carma_driver_msgs/share/carma_driver_msgs/msg/TurnSignal.idl
[0.824s] -- Up-to-date: /home/mmitss/Documents/cda-mmitss/other/install/carma_driver_msgs/share/carma_driver_msgs/srv/GetDriverApi.idl
[0.824s] -- Up-to-date: /home/mmitss/Documents/cda-mmitss/other/install/carma_driver_msgs/share/carma_driver_msgs/srv/GetDriverStatus.idl
[0.824s] -- Up-to-date: /home/mmitss/Documents/cda-mmitss/other/install/carma_driver_msgs/share/carma_driver_msgs/srv/GetDriversWithCapabilities.idl
[0.824s] -- Up-to-date: /home/mmitss/Documents/cda-mmitss/other/install/carma_driver_msgs/share/carma_driver_msgs/srv/GetLights.idl
[0.824s] -- Up-to-date: /home/mmitss/Documents/cda-mmitss/other/install/carma_driver_msgs/share/carma_driver_msgs/srv/SendMessage.idl
[0.824s] -- Up-to-date: /home/mmitss/Documents/cda-mmitss/other/install/carma_driver_msgs/share/carma_driver_msgs/srv/SetEnableRobotic.idl
[0.824s] -- Up-to-date: /home/mmitss/Documents/cda-mmitss/other/install/carma_driver_msgs/share/carma_driver_msgs/srv/SetLightBarIndicator.idl
[0.825s] -- Up-to-date: /home/mmitss/Documents/cda-mmitss/other/install/carma_driver_msgs/share/carma_driver_msgs/srv/SetLights.idl
[0.825s] -- Up-to-date: /home/mmitss/Documents/cda-mmitss/other/install/carma_driver_msgs/share/carma_driver_msgs/msg/ByteArray.msg
[0.825s] -- Up-to-date: /home/mmitss/Documents/cda-mmitss/other/install/carma_driver_msgs/share/carma_driver_msgs/msg/DriverStatus.msg
[0.825s] -- Up-to-date: /home/mmitss/Documents/cda-mmitss/other/install/carma_driver_msgs/share/carma_driver_msgs/msg/HeadingStamped.msg
[0.825s] -- Up-to-date: /home/mmitss/Documents/cda-mmitss/other/install/carma_driver_msgs/share/carma_driver_msgs/msg/LightBarStatus.msg
[0.825s] -- Up-to-date: /home/mmitss/Documents/cda-mmitss/other/install/carma_driver_msgs/share/carma_driver_msgs/msg/RobotEnabled.msg
[0.825s] -- Up-to-date: /home/mmitss/Documents/cda-mmitss/other/install/carma_driver_msgs/share/carma_driver_msgs/msg/TrailerAngle.msg
[0.825s] -- Up-to-date: /home/mmitss/Documents/cda-mmitss/other/install/carma_driver_msgs/share/carma_driver_msgs/msg/TurnSignal.msg
[0.826s] -- Up-to-date: /home/mmitss/Documents/cda-mmitss/other/install/carma_driver_msgs/share/carma_driver_msgs/srv/GetDriverApi.srv
[0.826s] -- Up-to-date: /home/mmitss/Documents/cda-mmitss/other/install/carma_driver_msgs/share/carma_driver_msgs/srv/GetDriverApi_Request.msg
[0.826s] -- Up-to-date: /home/mmitss/Documents/cda-mmitss/other/install/carma_driver_msgs/share/carma_driver_msgs/srv/GetDriverApi_Response.msg
[0.826s] -- Up-to-date: /home/mmitss/Documents/cda-mmitss/other/install/carma_driver_msgs/share/carma_driver_msgs/srv/GetDriverStatus.srv
[0.826s] -- Up-to-date: /home/mmitss/Documents/cda-mmitss/other/install/carma_driver_msgs/share/carma_driver_msgs/srv/GetDriverStatus_Request.msg
[0.826s] -- Up-to-date: /home/mmitss/Documents/cda-mmitss/other/install/carma_driver_msgs/share/carma_driver_msgs/srv/GetDriverStatus_Response.msg
[0.826s] -- Up-to-date: /home/mmitss/Documents/cda-mmitss/other/install/carma_driver_msgs/share/carma_driver_msgs/srv/GetDriversWithCapabilities.srv
[0.826s] -- Up-to-date: /home/mmitss/Documents/cda-mmitss/other/install/carma_driver_msgs/share/carma_driver_msgs/srv/GetDriversWithCapabilities_Request.msg
[0.826s] -- Up-to-date: /home/mmitss/Documents/cda-mmitss/other/install/carma_driver_msgs/share/carma_driver_msgs/srv/GetDriversWithCapabilities_Response.msg
[0.827s] -- Up-to-date: /home/mmitss/Documents/cda-mmitss/other/install/carma_driver_msgs/share/carma_driver_msgs/srv/GetLights.srv
[0.827s] -- Up-to-date: /home/mmitss/Documents/cda-mmitss/other/install/carma_driver_msgs/share/carma_driver_msgs/srv/GetLights_Request.msg
[0.827s] -- Up-to-date: /home/mmitss/Documents/cda-mmitss/other/install/carma_driver_msgs/share/carma_driver_msgs/srv/GetLights_Response.msg
[0.827s] -- Up-to-date: /home/mmitss/Documents/cda-mmitss/other/install/carma_driver_msgs/share/carma_driver_msgs/srv/SendMessage.srv
[0.827s] -- Up-to-date: /home/mmitss/Documents/cda-mmitss/other/install/carma_driver_msgs/share/carma_driver_msgs/srv/SendMessage_Request.msg
[0.827s] -- Up-to-date: /home/mmitss/Documents/cda-mmitss/other/install/carma_driver_msgs/share/carma_driver_msgs/srv/SendMessage_Response.msg
[0.827s] -- Up-to-date: /home/mmitss/Documents/cda-mmitss/other/install/carma_driver_msgs/share/carma_driver_msgs/srv/SetEnableRobotic.srv
[0.827s] -- Up-to-date: /home/mmitss/Documents/cda-mmitss/other/install/carma_driver_msgs/share/carma_driver_msgs/srv/SetEnableRobotic_Request.msg
[0.828s] -- Up-to-date: /home/mmitss/Documents/cda-mmitss/other/install/carma_driver_msgs/share/carma_driver_msgs/srv/SetEnableRobotic_Response.msg
[0.828s] -- Up-to-date: /home/mmitss/Documents/cda-mmitss/other/install/carma_driver_msgs/share/carma_driver_msgs/srv/SetLightBarIndicator.srv
[0.828s] -- Up-to-date: /home/mmitss/Documents/cda-mmitss/other/install/carma_driver_msgs/share/carma_driver_msgs/srv/SetLightBarIndicator_Request.msg
[0.828s] -- Up-to-date: /home/mmitss/Documents/cda-mmitss/other/install/carma_driver_msgs/share/carma_driver_msgs/srv/SetLightBarIndicator_Response.msg
[0.828s] -- Up-to-date: /home/mmitss/Documents/cda-mmitss/other/install/carma_driver_msgs/share/carma_driver_msgs/srv/SetLights.srv
[0.828s] -- Up-to-date: /home/mmitss/Documents/cda-mmitss/other/install/carma_driver_msgs/share/carma_driver_msgs/srv/SetLights_Request.msg
[0.828s] -- Up-to-date: /home/mmitss/Documents/cda-mmitss/other/install/carma_driver_msgs/share/carma_driver_msgs/srv/SetLights_Response.msg
[0.828s] -- Up-to-date: /home/mmitss/Documents/cda-mmitss/other/install/carma_driver_msgs/share/ament_index/resource_index/package_run_dependencies/carma_driver_msgs
[0.828s] -- Up-to-date: /home/mmitss/Documents/cda-mmitss/other/install/carma_driver_msgs/share/ament_index/resource_index/parent_prefix_path/carma_driver_msgs
[0.829s] -- Up-to-date: /home/mmitss/Documents/cda-mmitss/other/install/carma_driver_msgs/share/carma_driver_msgs/environment/ament_prefix_path.sh
[0.829s] -- Up-to-date: /home/mmitss/Documents/cda-mmitss/other/install/carma_driver_msgs/share/carma_driver_msgs/environment/ament_prefix_path.dsv
[0.829s] -- Up-to-date: /home/mmitss/Documents/cda-mmitss/other/install/carma_driver_msgs/share/carma_driver_msgs/environment/path.sh
[0.829s] -- Up-to-date: /home/mmitss/Documents/cda-mmitss/other/install/carma_driver_msgs/share/carma_driver_msgs/environment/path.dsv
[0.829s] -- Up-to-date: /home/mmitss/Documents/cda-mmitss/other/install/carma_driver_msgs/share/carma_driver_msgs/local_setup.bash
[0.829s] -- Up-to-date: /home/mmitss/Documents/cda-mmitss/other/install/carma_driver_msgs/share/carma_driver_msgs/local_setup.sh
[0.829s] -- Up-to-date: /home/mmitss/Documents/cda-mmitss/other/install/carma_driver_msgs/share/carma_driver_msgs/local_setup.zsh
[0.829s] -- Up-to-date: /home/mmitss/Documents/cda-mmitss/other/install/carma_driver_msgs/share/carma_driver_msgs/local_setup.dsv
[0.829s] -- Installing: /home/mmitss/Documents/cda-mmitss/other/install/carma_driver_msgs/share/carma_driver_msgs/package.dsv
[0.829s] -- Up-to-date: /home/mmitss/Documents/cda-mmitss/other/install/carma_driver_msgs/share/ament_index/resource_index/packages/carma_driver_msgs
[0.830s] -- Up-to-date: /home/mmitss/Documents/cda-mmitss/other/install/carma_driver_msgs/share/carma_driver_msgs/cmake/carma_driver_msgs__rosidl_generator_cExport.cmake
[0.830s] -- Up-to-date: /home/mmitss/Documents/cda-mmitss/other/install/carma_driver_msgs/share/carma_driver_msgs/cmake/carma_driver_msgs__rosidl_generator_cExport-release.cmake
[0.830s] -- Up-to-date: /home/mmitss/Documents/cda-mmitss/other/install/carma_driver_msgs/share/carma_driver_msgs/cmake/carma_driver_msgs__rosidl_typesupport_introspection_cExport.cmake
[0.831s] -- Up-to-date: /home/mmitss/Documents/cda-mmitss/other/install/carma_driver_msgs/share/carma_driver_msgs/cmake/carma_driver_msgs__rosidl_typesupport_introspection_cExport-release.cmake
[0.831s] -- Up-to-date: /home/mmitss/Documents/cda-mmitss/other/install/carma_driver_msgs/share/carma_driver_msgs/cmake/carma_driver_msgs__rosidl_typesupport_cExport.cmake
[0.831s] -- Up-to-date: /home/mmitss/Documents/cda-mmitss/other/install/carma_driver_msgs/share/carma_driver_msgs/cmake/carma_driver_msgs__rosidl_typesupport_cExport-release.cmake
[0.832s] -- Up-to-date: /home/mmitss/Documents/cda-mmitss/other/install/carma_driver_msgs/share/carma_driver_msgs/cmake/carma_driver_msgs__rosidl_generator_cppExport.cmake
[0.832s] -- Up-to-date: /home/mmitss/Documents/cda-mmitss/other/install/carma_driver_msgs/share/carma_driver_msgs/cmake/carma_driver_msgs__rosidl_typesupport_introspection_cppExport.cmake
[0.832s] -- Up-to-date: /home/mmitss/Documents/cda-mmitss/other/install/carma_driver_msgs/share/carma_driver_msgs/cmake/carma_driver_msgs__rosidl_typesupport_introspection_cppExport-release.cmake
[0.833s] -- Up-to-date: /home/mmitss/Documents/cda-mmitss/other/install/carma_driver_msgs/share/carma_driver_msgs/cmake/carma_driver_msgs__rosidl_typesupport_cppExport.cmake
[0.833s] -- Up-to-date: /home/mmitss/Documents/cda-mmitss/other/install/carma_driver_msgs/share/carma_driver_msgs/cmake/carma_driver_msgs__rosidl_typesupport_cppExport-release.cmake
[0.833s] -- Up-to-date: /home/mmitss/Documents/cda-mmitss/other/install/carma_driver_msgs/share/carma_driver_msgs/cmake/rosidl_cmake-extras.cmake
[0.833s] -- Up-to-date: /home/mmitss/Documents/cda-mmitss/other/install/carma_driver_msgs/share/carma_driver_msgs/cmake/ament_cmake_export_dependencies-extras.cmake
[0.833s] -- Up-to-date: /home/mmitss/Documents/cda-mmitss/other/install/carma_driver_msgs/share/carma_driver_msgs/cmake/ament_cmake_export_libraries-extras.cmake
[0.834s] -- Up-to-date: /home/mmitss/Documents/cda-mmitss/other/install/carma_driver_msgs/share/carma_driver_msgs/cmake/ament_cmake_export_targets-extras.cmake
[0.834s] -- Up-to-date: /home/mmitss/Documents/cda-mmitss/other/install/carma_driver_msgs/share/carma_driver_msgs/cmake/ament_cmake_export_include_directories-extras.cmake
[0.834s] -- Up-to-date: /home/mmitss/Documents/cda-mmitss/other/install/carma_driver_msgs/share/carma_driver_msgs/cmake/rosidl_cmake_export_typesupport_libraries-extras.cmake
[0.834s] -- Up-to-date: /home/mmitss/Documents/cda-mmitss/other/install/carma_driver_msgs/share/carma_driver_msgs/cmake/rosidl_cmake_export_typesupport_targets-extras.cmake
[0.834s] -- Up-to-date: /home/mmitss/Documents/cda-mmitss/other/install/carma_driver_msgs/share/carma_driver_msgs/cmake/carma_driver_msgsConfig.cmake
[0.834s] -- Up-to-date: /home/mmitss/Documents/cda-mmitss/other/install/carma_driver_msgs/share/carma_driver_msgs/cmake/carma_driver_msgsConfig-version.cmake
[0.834s] -- Up-to-date: /home/mmitss/Documents/cda-mmitss/other/install/carma_driver_msgs/share/carma_driver_msgs/package.xml
[0.834s] -- Up-to-date: /home/mmitss/Documents/cda-mmitss/other/install/carma_driver_msgs/share/carma_driver_msgs/rule.yml
[0.840s] Invoked command in '/home/mmitss/Documents/cda-mmitss/other/build/carma_driver_msgs' returned '0': CMAKE_PREFIX_PATH=/home/mmitss/Documents/cda-mmitss/other/install/carma_msgs:/home/mmitss/Documents/cda-mmitss/other/install/carma_cmake_common:/home/mmitss/Documents/cda-mmitss/other/install/carma_debug_ros2_msgs:/home/mmitss/Documents/cda-mmitss/other/install/carma_planning_msgs:/home/mmitss/Documents/cda-mmitss/other/install/carma_v2x_msgs:/home/mmitss/Documents/cda-mmitss/other/install/j3224_v2x_msgs:/home/mmitss/Documents/cda-mmitss/other/install/j2735_v2x_msgs:/home/mmitss/Documents/cda-mmitss/other/install/carma_perception_msgs:/home/mmitss/Documents/cda-mmitss/other/install/carma_driver_msgs:/home/mmitss/Documents/cda-mmitss/other/install/carma_localization_msgs:/home/mmitss/Documents/cda-mmitss/other/install/can_msgs:/opt/ros/foxy CONDA_PROMPT_MODIFIER=(base) LD_LIBRARY_PATH=/home/mmitss/Documents/cda-mmitss/other/install/carma_msgs/lib:/home/mmitss/Documents/cda-mmitss/other/install/carma_debug_ros2_msgs/lib:/home/mmitss/Documents/cda-mmitss/other/install/carma_planning_msgs/lib:/home/mmitss/Documents/cda-mmitss/other/install/carma_v2x_msgs/lib:/home/mmitss/Documents/cda-mmitss/other/install/j3224_v2x_msgs/lib:/home/mmitss/Documents/cda-mmitss/other/install/j2735_v2x_msgs/lib:/home/mmitss/Documents/cda-mmitss/other/install/carma_perception_msgs/lib:/home/mmitss/Documents/cda-mmitss/other/install/carma_driver_msgs/lib:/home/mmitss/Documents/cda-mmitss/other/install/carma_localization_msgs/lib:/home/mmitss/Documents/cda-mmitss/other/install/can_msgs/lib:/opt/ros/foxy/opt/yaml_cpp_vendor/lib:/opt/ros/foxy/opt/rviz_ogre_vendor/lib:/opt/ros/foxy/lib/x86_64-linux-gnu:/opt/ros/foxy/lib:/opt/ibm/ILOG/CPLEX_Studio221/cplex/lib/x86-64_linux:/opt/ibm/ILOG/CPLEX_Studio221/concert/lib/x86-64_linux PYTHONPATH=/home/mmitss/Documents/cda-mmitss/other/install/carma_msgs/lib/python3.8/site-packages:/home/mmitss/Documents/cda-mmitss/other/install/carma_debug_ros2_msgs/lib/python3.8/site-packages:/home/mmitss/Documents/cda-mmitss/other/install/carma_planning_msgs/lib/python3.8/site-packages:/home/mmitss/Documents/cda-mmitss/other/install/carma_v2x_msgs/lib/python3.8/site-packages:/home/mmitss/Documents/cda-mmitss/other/install/j3224_v2x_msgs/lib/python3.8/site-packages:/home/mmitss/Documents/cda-mmitss/other/install/j2735_v2x_msgs/lib/python3.8/site-packages:/home/mmitss/Documents/cda-mmitss/other/install/carma_perception_msgs/lib/python3.8/site-packages:/home/mmitss/Documents/cda-mmitss/other/install/carma_driver_msgs/lib/python3.8/site-packages:/home/mmitss/Documents/cda-mmitss/other/install/carma_localization_msgs/lib/python3.8/site-packages:/home/mmitss/Documents/cda-mmitss/other/install/can_msgs/lib/python3.8/site-packages:/opt/ros/foxy/lib/python3.8/site-packages /usr/bin/cmake --install /home/mmitss/Documents/cda-mmitss/other/build/carma_driver_msgs
