-- Found carma_cmake_common: 0.1.0 (/home/mmitss/Documents/cda-mmitss/other/install/carma_cmake_common/share/carma_cmake_common/cmake)
-- Found ros_environment: 2.5.1 (/opt/ros/foxy/share/ros_environment/cmake)
-- Found rosidl_default_generators: 1.0.1 (/opt/ros/foxy/share/rosidl_default_generators/cmake)
-- Found ament_cmake_core: 0.9.12 (/opt/ros/foxy/share/ament_cmake_core/cmake)
-- Found PythonInterp: /home/mmitss/anaconda3/bin/python3 (found suitable version "3.8.8", minimum required is "3") 
-- Using PYTHON_EXECUTABLE: /home/mmitss/anaconda3/bin/python3
-- Using all available rosidl_typesupport_c: rosidl_typesupport_fastrtps_c;rosidl_typesupport_introspection_c
-- Found rosidl_adapter: 1.3.1 (/opt/ros/foxy/share/rosidl_adapter/cmake)
-- Using all available rosidl_typesupport_cpp: rosidl_typesupport_fastrtps_cpp;rosidl_typesupport_introspection_cpp
-- Found std_msgs: 2.0.5 (/opt/ros/foxy/share/std_msgs/cmake)
-- Found carma_planning_msgs: 1.0.0 (/home/mmitss/Documents/cda-mmitss/other/install/carma_planning_msgs/share/carma_planning_msgs/cmake)
-- Found PythonInterp: /home/mmitss/anaconda3/bin/python3 (found version "3.8.8") 
-- Found ament_cmake_ros: 0.9.2 (/opt/ros/foxy/share/ament_cmake_ros/cmake)
-- Using all available rosidl_typesupport_c: rosidl_typesupport_fastrtps_c;rosidl_typesupport_introspection_c
-- Using all available rosidl_typesupport_cpp: rosidl_typesupport_fastrtps_cpp;rosidl_typesupport_introspection_cpp
-- Found PythonInterp: /home/mmitss/anaconda3/bin/python3 (found suitable version "3.8.8", minimum required is "3.5") 
-- Found python_cmake_module: 0.8.1 (/opt/ros/foxy/share/python_cmake_module/cmake)
-- Using PYTHON_EXECUTABLE: /home/mmitss/anaconda3/bin/python3
-- Using PYTHON_INCLUDE_DIRS: /home/mmitss/anaconda3/include/python3.8
-- Using PYTHON_LIBRARIES: /home/mmitss/anaconda3/lib/libpython3.8.so
-- Using numpy include directory: /home/mmitss/anaconda3/lib/python3.8/site-packages/numpy/core/include
-- Configuring done
CMake Warning at /opt/ros/foxy/share/rosidl_generator_py/cmake/rosidl_generator_py_generate_interfaces.cmake:235 (add_library):
  Cannot generate a safe runtime search path for target
  carma_debug_ros2_msgs__rosidl_typesupport_fastrtps_c__pyext because files
  in some directories may conflict with libraries in implicit directories:

    runtime library [libssl.so.1.1] in /usr/lib/x86_64-linux-gnu may be hidden by files in:
      /home/mmitss/anaconda3/lib
    runtime library [libcrypto.so.1.1] in /usr/lib/x86_64-linux-gnu may be hidden by files in:
      /home/mmitss/anaconda3/lib

  Some of these libraries may not be found correctly.
Call Stack (most recent call first):
  /opt/ros/foxy/share/ament_cmake_core/cmake/core/ament_execute_extensions.cmake:48 (include)
  /opt/ros/foxy/share/rosidl_cmake/cmake/rosidl_generate_interfaces.cmake:286 (ament_execute_extensions)
  CMakeLists.txt:39 (rosidl_generate_interfaces)


-- Generating done
-- Build files have been written to: /home/mmitss/Documents/cda-mmitss/other/build/carma_debug_ros2_msgs
[  1%] [34m[1mGenerating C code for ROS interfaces[0m
[  3%] [34m[1mGenerating C++ code for ROS interfaces[0m
[  3%] Built target carma_debug_ros2_msgs__cpp
[  5%] [34m[1mGenerating C++ type support for eProsima Fast-RTPS[0m
[  7%] [34m[1mGenerating C++ type support dispatch for ROS interfaces[0m
[  9%] [34m[1mGenerating C++ introspection for ROS interfaces[0m
[35m[1mScanning dependencies of target carma_debug_ros2_msgs__rosidl_generator_c[0m
[ 10%] [32mBuilding C object CMakeFiles/carma_debug_ros2_msgs__rosidl_generator_c.dir/rosidl_generator_c/carma_debug_ros2_msgs/msg/detail/trajectory_curvature_speeds__functions.c.o[0m
[ 12%] [32mBuilding C object CMakeFiles/carma_debug_ros2_msgs__rosidl_generator_c.dir/rosidl_generator_c/carma_debug_ros2_msgs/msg/detail/lanelet_id_regulatory_element_pair__functions.c.o[0m
[ 14%] [32mBuilding C object CMakeFiles/carma_debug_ros2_msgs__rosidl_generator_c.dir/rosidl_generator_c/carma_debug_ros2_msgs/msg/detail/regulatory_element__functions.c.o[0m
[ 16%] [32mBuilding C object CMakeFiles/carma_debug_ros2_msgs__rosidl_generator_c.dir/rosidl_generator_c/carma_debug_ros2_msgs/msg/detail/map_update_readable__functions.c.o[0m
[ 18%] [32m[1mLinking C shared library libcarma_debug_ros2_msgs__rosidl_generator_c.so[0m
[ 18%] Built target carma_debug_ros2_msgs__rosidl_generator_c
[ 20%] [34m[1mGenerating C type support dispatch for ROS interfaces[0m
[ 21%] [34m[1mGenerating C introspection for ROS interfaces[0m
[35m[1mScanning dependencies of target carma_debug_ros2_msgs__rosidl_typesupport_cpp[0m
[ 23%] [32mBuilding CXX object CMakeFiles/carma_debug_ros2_msgs__rosidl_typesupport_cpp.dir/rosidl_typesupport_cpp/carma_debug_ros2_msgs/msg/lanelet_id_regulatory_element_pair__type_support.cpp.o[0m
[ 25%] [32mBuilding CXX object CMakeFiles/carma_debug_ros2_msgs__rosidl_typesupport_cpp.dir/rosidl_typesupport_cpp/carma_debug_ros2_msgs/msg/map_update_readable__type_support.cpp.o[0m
[ 27%] [32mBuilding CXX object CMakeFiles/carma_debug_ros2_msgs__rosidl_typesupport_cpp.dir/rosidl_typesupport_cpp/carma_debug_ros2_msgs/msg/regulatory_element__type_support.cpp.o[0m
[ 29%] [32mBuilding CXX object CMakeFiles/carma_debug_ros2_msgs__rosidl_typesupport_cpp.dir/rosidl_typesupport_cpp/carma_debug_ros2_msgs/msg/trajectory_curvature_speeds__type_support.cpp.o[0m
[35m[1mScanning dependencies of target carma_debug_ros2_msgs__rosidl_typesupport_fastrtps_cpp[0m
[ 30%] [32mBuilding CXX object CMakeFiles/carma_debug_ros2_msgs__rosidl_typesupport_fastrtps_cpp.dir/rosidl_typesupport_fastrtps_cpp/carma_debug_ros2_msgs/msg/detail/dds_fastrtps/lanelet_id_regulatory_element_pair__type_support.cpp.o[0m
[35m[1mScanning dependencies of target carma_debug_ros2_msgs__rosidl_typesupport_introspection_cpp[0m
[35m[1mScanning dependencies of target carma_debug_ros2_msgs__rosidl_typesupport_c[0m
[ 32%] [32mBuilding CXX object CMakeFiles/carma_debug_ros2_msgs__rosidl_typesupport_introspection_cpp.dir/rosidl_typesupport_introspection_cpp/carma_debug_ros2_msgs/msg/detail/lanelet_id_regulatory_element_pair__type_support.cpp.o[0m
[ 34%] [32mBuilding CXX object CMakeFiles/carma_debug_ros2_msgs__rosidl_typesupport_c.dir/rosidl_typesupport_c/carma_debug_ros2_msgs/msg/lanelet_id_regulatory_element_pair__type_support.cpp.o[0m
[ 36%] [32mBuilding CXX object CMakeFiles/carma_debug_ros2_msgs__rosidl_typesupport_introspection_cpp.dir/rosidl_typesupport_introspection_cpp/carma_debug_ros2_msgs/msg/detail/map_update_readable__type_support.cpp.o[0m
[ 38%] [32mBuilding CXX object CMakeFiles/carma_debug_ros2_msgs__rosidl_typesupport_c.dir/rosidl_typesupport_c/carma_debug_ros2_msgs/msg/map_update_readable__type_support.cpp.o[0m
[ 40%] [32mBuilding CXX object CMakeFiles/carma_debug_ros2_msgs__rosidl_typesupport_introspection_cpp.dir/rosidl_typesupport_introspection_cpp/carma_debug_ros2_msgs/msg/detail/regulatory_element__type_support.cpp.o[0m
[ 41%] [32mBuilding CXX object CMakeFiles/carma_debug_ros2_msgs__rosidl_typesupport_c.dir/rosidl_typesupport_c/carma_debug_ros2_msgs/msg/trajectory_curvature_speeds__type_support.cpp.o[0m
[ 43%] [32mBuilding CXX object CMakeFiles/carma_debug_ros2_msgs__rosidl_typesupport_c.dir/rosidl_typesupport_c/carma_debug_ros2_msgs/msg/regulatory_element__type_support.cpp.o[0m
[ 45%] [32m[1mLinking CXX shared library libcarma_debug_ros2_msgs__rosidl_typesupport_c.so[0m
[ 47%] [32m[1mLinking CXX shared library libcarma_debug_ros2_msgs__rosidl_typesupport_cpp.so[0m
[ 49%] [32mBuilding CXX object CMakeFiles/carma_debug_ros2_msgs__rosidl_typesupport_introspection_cpp.dir/rosidl_typesupport_introspection_cpp/carma_debug_ros2_msgs/msg/detail/trajectory_curvature_speeds__type_support.cpp.o[0m
[35m[1mScanning dependencies of target carma_debug_ros2_msgs__rosidl_typesupport_introspection_c[0m
[ 49%] Built target carma_debug_ros2_msgs__rosidl_typesupport_c
[ 49%] Built target carma_debug_ros2_msgs__rosidl_typesupport_cpp
[ 50%] [32mBuilding CXX object CMakeFiles/carma_debug_ros2_msgs__rosidl_typesupport_fastrtps_cpp.dir/rosidl_typesupport_fastrtps_cpp/carma_debug_ros2_msgs/msg/detail/dds_fastrtps/map_update_readable__type_support.cpp.o[0m
[ 52%] [32mBuilding CXX object CMakeFiles/carma_debug_ros2_msgs__rosidl_typesupport_fastrtps_cpp.dir/rosidl_typesupport_fastrtps_cpp/carma_debug_ros2_msgs/msg/detail/dds_fastrtps/regulatory_element__type_support.cpp.o[0m
[ 54%] [32mBuilding C object CMakeFiles/carma_debug_ros2_msgs__rosidl_typesupport_introspection_c.dir/rosidl_typesupport_introspection_c/carma_debug_ros2_msgs/msg/detail/lanelet_id_regulatory_element_pair__type_support.c.o[0m
[ 56%] [32mBuilding C object CMakeFiles/carma_debug_ros2_msgs__rosidl_typesupport_introspection_c.dir/rosidl_typesupport_introspection_c/carma_debug_ros2_msgs/msg/detail/map_update_readable__type_support.c.o[0m
[ 58%] [32mBuilding C object CMakeFiles/carma_debug_ros2_msgs__rosidl_typesupport_introspection_c.dir/rosidl_typesupport_introspection_c/carma_debug_ros2_msgs/msg/detail/regulatory_element__type_support.c.o[0m
[ 60%] [32mBuilding C object CMakeFiles/carma_debug_ros2_msgs__rosidl_typesupport_introspection_c.dir/rosidl_typesupport_introspection_c/carma_debug_ros2_msgs/msg/detail/trajectory_curvature_speeds__type_support.c.o[0m
[ 61%] [32mBuilding CXX object CMakeFiles/carma_debug_ros2_msgs__rosidl_typesupport_fastrtps_cpp.dir/rosidl_typesupport_fastrtps_cpp/carma_debug_ros2_msgs/msg/detail/dds_fastrtps/trajectory_curvature_speeds__type_support.cpp.o[0m
[ 63%] [32m[1mLinking C shared library libcarma_debug_ros2_msgs__rosidl_typesupport_introspection_c.so[0m
[ 63%] Built target carma_debug_ros2_msgs__rosidl_typesupport_introspection_c
[ 65%] [32m[1mLinking CXX shared library libcarma_debug_ros2_msgs__rosidl_typesupport_introspection_cpp.so[0m
[ 65%] Built target carma_debug_ros2_msgs__rosidl_typesupport_introspection_cpp
[ 67%] [32m[1mLinking CXX shared library libcarma_debug_ros2_msgs__rosidl_typesupport_fastrtps_cpp.so[0m
[ 67%] Built target carma_debug_ros2_msgs__rosidl_typesupport_fastrtps_cpp
[ 69%] [34m[1mGenerating C type support for eProsima Fast-RTPS[0m
[35m[1mScanning dependencies of target carma_debug_ros2_msgs__rosidl_typesupport_fastrtps_c[0m
[ 72%] [32mBuilding CXX object CMakeFiles/carma_debug_ros2_msgs__rosidl_typesupport_fastrtps_c.dir/rosidl_typesupport_fastrtps_c/carma_debug_ros2_msgs/msg/detail/lanelet_id_regulatory_element_pair__type_support_c.cpp.o[0m
[ 72%] [32mBuilding CXX object CMakeFiles/carma_debug_ros2_msgs__rosidl_typesupport_fastrtps_c.dir/rosidl_typesupport_fastrtps_c/carma_debug_ros2_msgs/msg/detail/map_update_readable__type_support_c.cpp.o[0m
[ 74%] [32mBuilding CXX object CMakeFiles/carma_debug_ros2_msgs__rosidl_typesupport_fastrtps_c.dir/rosidl_typesupport_fastrtps_c/carma_debug_ros2_msgs/msg/detail/trajectory_curvature_speeds__type_support_c.cpp.o[0m
[ 76%] [32mBuilding CXX object CMakeFiles/carma_debug_ros2_msgs__rosidl_typesupport_fastrtps_c.dir/rosidl_typesupport_fastrtps_c/carma_debug_ros2_msgs/msg/detail/regulatory_element__type_support_c.cpp.o[0m
[ 78%] [32m[1mLinking CXX shared library libcarma_debug_ros2_msgs__rosidl_typesupport_fastrtps_c.so[0m
[ 78%] Built target carma_debug_ros2_msgs__rosidl_typesupport_fastrtps_c
[ 78%] Built target carma_debug_ros2_msgs
[ 80%] [34m[1mGenerating Python code for ROS interfaces[0m
[ 80%] Built target carma_debug_ros2_msgs__py
[35m[1mScanning dependencies of target carma_debug_ros2_msgs__python[0m
[ 85%] [32mBuilding C object CMakeFiles/carma_debug_ros2_msgs__python.dir/rosidl_generator_py/carma_debug_ros2_msgs/msg/_lanelet_id_regulatory_element_pair_s.c.o[0m
[ 85%] [32mBuilding C object CMakeFiles/carma_debug_ros2_msgs__python.dir/rosidl_generator_py/carma_debug_ros2_msgs/msg/_map_update_readable_s.c.o[0m
[ 85%] [32mBuilding C object CMakeFiles/carma_debug_ros2_msgs__python.dir/rosidl_generator_py/carma_debug_ros2_msgs/msg/_regulatory_element_s.c.o[0m
[ 87%] [32mBuilding C object CMakeFiles/carma_debug_ros2_msgs__python.dir/rosidl_generator_py/carma_debug_ros2_msgs/msg/_trajectory_curvature_speeds_s.c.o[0m
[ 89%] [32m[1mLinking C shared library rosidl_generator_py/carma_debug_ros2_msgs/libcarma_debug_ros2_msgs__python.so[0m
[ 89%] Built target carma_debug_ros2_msgs__python
[35m[1mScanning dependencies of target carma_debug_ros2_msgs__rosidl_typesupport_introspection_c__pyext[0m
[35m[1mScanning dependencies of target carma_debug_ros2_msgs__rosidl_typesupport_fastrtps_c__pyext[0m
[35m[1mScanning dependencies of target carma_debug_ros2_msgs__rosidl_typesupport_c__pyext[0m
[ 90%] [32mBuilding C object CMakeFiles/carma_debug_ros2_msgs__rosidl_typesupport_introspection_c__pyext.dir/rosidl_generator_py/carma_debug_ros2_msgs/_carma_debug_ros2_msgs_s.ep.rosidl_typesupport_introspection_c.c.o[0m
[ 92%] [32mBuilding C object CMakeFiles/carma_debug_ros2_msgs__rosidl_typesupport_c__pyext.dir/rosidl_generator_py/carma_debug_ros2_msgs/_carma_debug_ros2_msgs_s.ep.rosidl_typesupport_c.c.o[0m
[ 94%] [32mBuilding C object CMakeFiles/carma_debug_ros2_msgs__rosidl_typesupport_fastrtps_c__pyext.dir/rosidl_generator_py/carma_debug_ros2_msgs/_carma_debug_ros2_msgs_s.ep.rosidl_typesupport_fastrtps_c.c.o[0m
[ 96%] [32m[1mLinking C shared library rosidl_generator_py/carma_debug_ros2_msgs/carma_debug_ros2_msgs_s__rosidl_typesupport_introspection_c.cpython-38-x86_64-linux-gnu.so[0m
[ 98%] [32m[1mLinking CXX shared library rosidl_generator_py/carma_debug_ros2_msgs/carma_debug_ros2_msgs_s__rosidl_typesupport_fastrtps_c.cpython-38-x86_64-linux-gnu.so[0m
[100%] [32m[1mLinking C shared library rosidl_generator_py/carma_debug_ros2_msgs/carma_debug_ros2_msgs_s__rosidl_typesupport_c.cpython-38-x86_64-linux-gnu.so[0m
[100%] Built target carma_debug_ros2_msgs__rosidl_typesupport_introspection_c__pyext
[100%] Built target carma_debug_ros2_msgs__rosidl_typesupport_fastrtps_c__pyext
[100%] Built target carma_debug_ros2_msgs__rosidl_typesupport_c__pyext
-- Install configuration: "Release"
-- Up-to-date: /home/mmitss/Documents/cda-mmitss/other/install/carma_debug_ros2_msgs/share/ament_index/resource_index/rosidl_interfaces/carma_debug_ros2_msgs
-- Up-to-date: /home/mmitss/Documents/cda-mmitss/other/install/carma_debug_ros2_msgs/include/carma_debug_ros2_msgs
-- Up-to-date: /home/mmitss/Documents/cda-mmitss/other/install/carma_debug_ros2_msgs/include/carma_debug_ros2_msgs/msg
-- Up-to-date: /home/mmitss/Documents/cda-mmitss/other/install/carma_debug_ros2_msgs/include/carma_debug_ros2_msgs/msg/rosidl_generator_c__visibility_control.h
-- Installing: /home/mmitss/Documents/cda-mmitss/other/install/carma_debug_ros2_msgs/include/carma_debug_ros2_msgs/msg/regulatory_element.h
-- Installing: /home/mmitss/Documents/cda-mmitss/other/install/carma_debug_ros2_msgs/include/carma_debug_ros2_msgs/msg/trajectory_curvature_speeds.h
-- Installing: /home/mmitss/Documents/cda-mmitss/other/install/carma_debug_ros2_msgs/include/carma_debug_ros2_msgs/msg/lanelet_id_regulatory_element_pair.h
-- Installing: /home/mmitss/Documents/cda-mmitss/other/install/carma_debug_ros2_msgs/include/carma_debug_ros2_msgs/msg/map_update_readable.h
-- Up-to-date: /home/mmitss/Documents/cda-mmitss/other/install/carma_debug_ros2_msgs/include/carma_debug_ros2_msgs/msg/detail
-- Installing: /home/mmitss/Documents/cda-mmitss/other/install/carma_debug_ros2_msgs/include/carma_debug_ros2_msgs/msg/detail/regulatory_element__functions.h
-- Installing: /home/mmitss/Documents/cda-mmitss/other/install/carma_debug_ros2_msgs/include/carma_debug_ros2_msgs/msg/detail/regulatory_element__struct.h
-- Installing: /home/mmitss/Documents/cda-mmitss/other/install/carma_debug_ros2_msgs/include/carma_debug_ros2_msgs/msg/detail/lanelet_id_regulatory_element_pair__type_support.h
-- Installing: /home/mmitss/Documents/cda-mmitss/other/install/carma_debug_ros2_msgs/include/carma_debug_ros2_msgs/msg/detail/lanelet_id_regulatory_element_pair__struct.h
-- Installing: /home/mmitss/Documents/cda-mmitss/other/install/carma_debug_ros2_msgs/include/carma_debug_ros2_msgs/msg/detail/map_update_readable__functions.h
-- Installing: /home/mmitss/Documents/cda-mmitss/other/install/carma_debug_ros2_msgs/include/carma_debug_ros2_msgs/msg/detail/lanelet_id_regulatory_element_pair__functions.c
-- Installing: /home/mmitss/Documents/cda-mmitss/other/install/carma_debug_ros2_msgs/include/carma_debug_ros2_msgs/msg/detail/map_update_readable__functions.c
-- Installing: /home/mmitss/Documents/cda-mmitss/other/install/carma_debug_ros2_msgs/include/carma_debug_ros2_msgs/msg/detail/regulatory_element__functions.c
-- Installing: /home/mmitss/Documents/cda-mmitss/other/install/carma_debug_ros2_msgs/include/carma_debug_ros2_msgs/msg/detail/trajectory_curvature_speeds__struct.h
-- Installing: /home/mmitss/Documents/cda-mmitss/other/install/carma_debug_ros2_msgs/include/carma_debug_ros2_msgs/msg/detail/lanelet_id_regulatory_element_pair__functions.h
-- Installing: /home/mmitss/Documents/cda-mmitss/other/install/carma_debug_ros2_msgs/include/carma_debug_ros2_msgs/msg/detail/map_update_readable__type_support.h
-- Installing: /home/mmitss/Documents/cda-mmitss/other/install/carma_debug_ros2_msgs/include/carma_debug_ros2_msgs/msg/detail/regulatory_element__type_support.h
-- Installing: /home/mmitss/Documents/cda-mmitss/other/install/carma_debug_ros2_msgs/include/carma_debug_ros2_msgs/msg/detail/map_update_readable__struct.h
-- Installing: /home/mmitss/Documents/cda-mmitss/other/install/carma_debug_ros2_msgs/include/carma_debug_ros2_msgs/msg/detail/trajectory_curvature_speeds__functions.c
-- Installing: /home/mmitss/Documents/cda-mmitss/other/install/carma_debug_ros2_msgs/include/carma_debug_ros2_msgs/msg/detail/trajectory_curvature_speeds__type_support.h
-- Installing: /home/mmitss/Documents/cda-mmitss/other/install/carma_debug_ros2_msgs/include/carma_debug_ros2_msgs/msg/detail/trajectory_curvature_speeds__functions.h
-- Installing: /home/mmitss/Documents/cda-mmitss/other/install/carma_debug_ros2_msgs/share/carma_debug_ros2_msgs/environment/library_path.sh
-- Installing: /home/mmitss/Documents/cda-mmitss/other/install/carma_debug_ros2_msgs/share/carma_debug_ros2_msgs/environment/library_path.dsv
-- Installing: /home/mmitss/Documents/cda-mmitss/other/install/carma_debug_ros2_msgs/lib/libcarma_debug_ros2_msgs__rosidl_generator_c.so
-- Set runtime path of "/home/mmitss/Documents/cda-mmitss/other/install/carma_debug_ros2_msgs/lib/libcarma_debug_ros2_msgs__rosidl_generator_c.so" to ""
-- Up-to-date: /home/mmitss/Documents/cda-mmitss/other/install/carma_debug_ros2_msgs/include/carma_debug_ros2_msgs
-- Up-to-date: /home/mmitss/Documents/cda-mmitss/other/install/carma_debug_ros2_msgs/include/carma_debug_ros2_msgs/msg
-- Up-to-date: /home/mmitss/Documents/cda-mmitss/other/install/carma_debug_ros2_msgs/include/carma_debug_ros2_msgs/msg/rosidl_typesupport_fastrtps_c__visibility_control.h
-- Up-to-date: /home/mmitss/Documents/cda-mmitss/other/install/carma_debug_ros2_msgs/include/carma_debug_ros2_msgs/msg/detail
-- Installing: /home/mmitss/Documents/cda-mmitss/other/install/carma_debug_ros2_msgs/include/carma_debug_ros2_msgs/msg/detail/regulatory_element__rosidl_typesupport_fastrtps_c.h
-- Installing: /home/mmitss/Documents/cda-mmitss/other/install/carma_debug_ros2_msgs/include/carma_debug_ros2_msgs/msg/detail/trajectory_curvature_speeds__rosidl_typesupport_fastrtps_c.h
-- Installing: /home/mmitss/Documents/cda-mmitss/other/install/carma_debug_ros2_msgs/include/carma_debug_ros2_msgs/msg/detail/map_update_readable__rosidl_typesupport_fastrtps_c.h
-- Installing: /home/mmitss/Documents/cda-mmitss/other/install/carma_debug_ros2_msgs/include/carma_debug_ros2_msgs/msg/detail/lanelet_id_regulatory_element_pair__rosidl_typesupport_fastrtps_c.h
-- Installing: /home/mmitss/Documents/cda-mmitss/other/install/carma_debug_ros2_msgs/lib/libcarma_debug_ros2_msgs__rosidl_typesupport_fastrtps_c.so
-- Set runtime path of "/home/mmitss/Documents/cda-mmitss/other/install/carma_debug_ros2_msgs/lib/libcarma_debug_ros2_msgs__rosidl_typesupport_fastrtps_c.so" to ""
-- Up-to-date: /home/mmitss/Documents/cda-mmitss/other/install/carma_debug_ros2_msgs/include/carma_debug_ros2_msgs
-- Up-to-date: /home/mmitss/Documents/cda-mmitss/other/install/carma_debug_ros2_msgs/include/carma_debug_ros2_msgs/msg
-- Up-to-date: /home/mmitss/Documents/cda-mmitss/other/install/carma_debug_ros2_msgs/include/carma_debug_ros2_msgs/msg/rosidl_typesupport_fastrtps_cpp__visibility_control.h
-- Up-to-date: /home/mmitss/Documents/cda-mmitss/other/install/carma_debug_ros2_msgs/include/carma_debug_ros2_msgs/msg/detail
-- Installing: /home/mmitss/Documents/cda-mmitss/other/install/carma_debug_ros2_msgs/include/carma_debug_ros2_msgs/msg/detail/trajectory_curvature_speeds__rosidl_typesupport_fastrtps_cpp.hpp
-- Installing: /home/mmitss/Documents/cda-mmitss/other/install/carma_debug_ros2_msgs/include/carma_debug_ros2_msgs/msg/detail/lanelet_id_regulatory_element_pair__rosidl_typesupport_fastrtps_cpp.hpp
-- Installing: /home/mmitss/Documents/cda-mmitss/other/install/carma_debug_ros2_msgs/include/carma_debug_ros2_msgs/msg/detail/map_update_readable__rosidl_typesupport_fastrtps_cpp.hpp
-- Installing: /home/mmitss/Documents/cda-mmitss/other/install/carma_debug_ros2_msgs/include/carma_debug_ros2_msgs/msg/detail/regulatory_element__rosidl_typesupport_fastrtps_cpp.hpp
-- Up-to-date: /home/mmitss/Documents/cda-mmitss/other/install/carma_debug_ros2_msgs/include/carma_debug_ros2_msgs/msg/detail/dds_fastrtps
-- Installing: /home/mmitss/Documents/cda-mmitss/other/install/carma_debug_ros2_msgs/lib/libcarma_debug_ros2_msgs__rosidl_typesupport_fastrtps_cpp.so
-- Set runtime path of "/home/mmitss/Documents/cda-mmitss/other/install/carma_debug_ros2_msgs/lib/libcarma_debug_ros2_msgs__rosidl_typesupport_fastrtps_cpp.so" to ""
-- Up-to-date: /home/mmitss/Documents/cda-mmitss/other/install/carma_debug_ros2_msgs/include/carma_debug_ros2_msgs
-- Up-to-date: /home/mmitss/Documents/cda-mmitss/other/install/carma_debug_ros2_msgs/include/carma_debug_ros2_msgs/msg
-- Up-to-date: /home/mmitss/Documents/cda-mmitss/other/install/carma_debug_ros2_msgs/include/carma_debug_ros2_msgs/msg/rosidl_typesupport_introspection_c__visibility_control.h
-- Up-to-date: /home/mmitss/Documents/cda-mmitss/other/install/carma_debug_ros2_msgs/include/carma_debug_ros2_msgs/msg/detail
-- Installing: /home/mmitss/Documents/cda-mmitss/other/install/carma_debug_ros2_msgs/include/carma_debug_ros2_msgs/msg/detail/map_update_readable__type_support.c
-- Installing: /home/mmitss/Documents/cda-mmitss/other/install/carma_debug_ros2_msgs/include/carma_debug_ros2_msgs/msg/detail/regulatory_element__type_support.c
-- Installing: /home/mmitss/Documents/cda-mmitss/other/install/carma_debug_ros2_msgs/include/carma_debug_ros2_msgs/msg/detail/regulatory_element__rosidl_typesupport_introspection_c.h
-- Installing: /home/mmitss/Documents/cda-mmitss/other/install/carma_debug_ros2_msgs/include/carma_debug_ros2_msgs/msg/detail/trajectory_curvature_speeds__rosidl_typesupport_introspection_c.h
-- Installing: /home/mmitss/Documents/cda-mmitss/other/install/carma_debug_ros2_msgs/include/carma_debug_ros2_msgs/msg/detail/map_update_readable__rosidl_typesupport_introspection_c.h
-- Installing: /home/mmitss/Documents/cda-mmitss/other/install/carma_debug_ros2_msgs/include/carma_debug_ros2_msgs/msg/detail/lanelet_id_regulatory_element_pair__type_support.c
-- Installing: /home/mmitss/Documents/cda-mmitss/other/install/carma_debug_ros2_msgs/include/carma_debug_ros2_msgs/msg/detail/trajectory_curvature_speeds__type_support.c
-- Installing: /home/mmitss/Documents/cda-mmitss/other/install/carma_debug_ros2_msgs/include/carma_debug_ros2_msgs/msg/detail/lanelet_id_regulatory_element_pair__rosidl_typesupport_introspection_c.h
-- Installing: /home/mmitss/Documents/cda-mmitss/other/install/carma_debug_ros2_msgs/lib/libcarma_debug_ros2_msgs__rosidl_typesupport_introspection_c.so
-- Set runtime path of "/home/mmitss/Documents/cda-mmitss/other/install/carma_debug_ros2_msgs/lib/libcarma_debug_ros2_msgs__rosidl_typesupport_introspection_c.so" to ""
-- Installing: /home/mmitss/Documents/cda-mmitss/other/install/carma_debug_ros2_msgs/lib/libcarma_debug_ros2_msgs__rosidl_typesupport_c.so
-- Set runtime path of "/home/mmitss/Documents/cda-mmitss/other/install/carma_debug_ros2_msgs/lib/libcarma_debug_ros2_msgs__rosidl_typesupport_c.so" to ""
-- Up-to-date: /home/mmitss/Documents/cda-mmitss/other/install/carma_debug_ros2_msgs/include/carma_debug_ros2_msgs
-- Up-to-date: /home/mmitss/Documents/cda-mmitss/other/install/carma_debug_ros2_msgs/include/carma_debug_ros2_msgs/msg
-- Installing: /home/mmitss/Documents/cda-mmitss/other/install/carma_debug_ros2_msgs/include/carma_debug_ros2_msgs/msg/map_update_readable.hpp
-- Up-to-date: /home/mmitss/Documents/cda-mmitss/other/install/carma_debug_ros2_msgs/include/carma_debug_ros2_msgs/msg/rosidl_generator_cpp__visibility_control.hpp
-- Installing: /home/mmitss/Documents/cda-mmitss/other/install/carma_debug_ros2_msgs/include/carma_debug_ros2_msgs/msg/trajectory_curvature_speeds.hpp
-- Installing: /home/mmitss/Documents/cda-mmitss/other/install/carma_debug_ros2_msgs/include/carma_debug_ros2_msgs/msg/regulatory_element.hpp
-- Installing: /home/mmitss/Documents/cda-mmitss/other/install/carma_debug_ros2_msgs/include/carma_debug_ros2_msgs/msg/lanelet_id_regulatory_element_pair.hpp
-- Up-to-date: /home/mmitss/Documents/cda-mmitss/other/install/carma_debug_ros2_msgs/include/carma_debug_ros2_msgs/msg/detail
-- Installing: /home/mmitss/Documents/cda-mmitss/other/install/carma_debug_ros2_msgs/include/carma_debug_ros2_msgs/msg/detail/lanelet_id_regulatory_element_pair__type_support.hpp
-- Installing: /home/mmitss/Documents/cda-mmitss/other/install/carma_debug_ros2_msgs/include/carma_debug_ros2_msgs/msg/detail/trajectory_curvature_speeds__struct.hpp
-- Installing: /home/mmitss/Documents/cda-mmitss/other/install/carma_debug_ros2_msgs/include/carma_debug_ros2_msgs/msg/detail/map_update_readable__struct.hpp
-- Installing: /home/mmitss/Documents/cda-mmitss/other/install/carma_debug_ros2_msgs/include/carma_debug_ros2_msgs/msg/detail/lanelet_id_regulatory_element_pair__builder.hpp
-- Installing: /home/mmitss/Documents/cda-mmitss/other/install/carma_debug_ros2_msgs/include/carma_debug_ros2_msgs/msg/detail/trajectory_curvature_speeds__traits.hpp
-- Installing: /home/mmitss/Documents/cda-mmitss/other/install/carma_debug_ros2_msgs/include/carma_debug_ros2_msgs/msg/detail/regulatory_element__traits.hpp
-- Installing: /home/mmitss/Documents/cda-mmitss/other/install/carma_debug_ros2_msgs/include/carma_debug_ros2_msgs/msg/detail/map_update_readable__builder.hpp
-- Installing: /home/mmitss/Documents/cda-mmitss/other/install/carma_debug_ros2_msgs/include/carma_debug_ros2_msgs/msg/detail/regulatory_element__builder.hpp
-- Installing: /home/mmitss/Documents/cda-mmitss/other/install/carma_debug_ros2_msgs/include/carma_debug_ros2_msgs/msg/detail/map_update_readable__traits.hpp
-- Installing: /home/mmitss/Documents/cda-mmitss/other/install/carma_debug_ros2_msgs/include/carma_debug_ros2_msgs/msg/detail/regulatory_element__type_support.hpp
-- Installing: /home/mmitss/Documents/cda-mmitss/other/install/carma_debug_ros2_msgs/include/carma_debug_ros2_msgs/msg/detail/lanelet_id_regulatory_element_pair__traits.hpp
-- Installing: /home/mmitss/Documents/cda-mmitss/other/install/carma_debug_ros2_msgs/include/carma_debug_ros2_msgs/msg/detail/lanelet_id_regulatory_element_pair__struct.hpp
-- Installing: /home/mmitss/Documents/cda-mmitss/other/install/carma_debug_ros2_msgs/include/carma_debug_ros2_msgs/msg/detail/regulatory_element__struct.hpp
-- Installing: /home/mmitss/Documents/cda-mmitss/other/install/carma_debug_ros2_msgs/include/carma_debug_ros2_msgs/msg/detail/map_update_readable__type_support.hpp
-- Installing: /home/mmitss/Documents/cda-mmitss/other/install/carma_debug_ros2_msgs/include/carma_debug_ros2_msgs/msg/detail/trajectory_curvature_speeds__builder.hpp
-- Installing: /home/mmitss/Documents/cda-mmitss/other/install/carma_debug_ros2_msgs/include/carma_debug_ros2_msgs/msg/detail/trajectory_curvature_speeds__type_support.hpp
-- Up-to-date: /home/mmitss/Documents/cda-mmitss/other/install/carma_debug_ros2_msgs/include/carma_debug_ros2_msgs
-- Up-to-date: /home/mmitss/Documents/cda-mmitss/other/install/carma_debug_ros2_msgs/include/carma_debug_ros2_msgs/msg
-- Up-to-date: /home/mmitss/Documents/cda-mmitss/other/install/carma_debug_ros2_msgs/include/carma_debug_ros2_msgs/msg/detail
-- Installing: /home/mmitss/Documents/cda-mmitss/other/install/carma_debug_ros2_msgs/include/carma_debug_ros2_msgs/msg/detail/lanelet_id_regulatory_element_pair__type_support.cpp
-- Installing: /home/mmitss/Documents/cda-mmitss/other/install/carma_debug_ros2_msgs/include/carma_debug_ros2_msgs/msg/detail/trajectory_curvature_speeds__rosidl_typesupport_introspection_cpp.hpp
-- Installing: /home/mmitss/Documents/cda-mmitss/other/install/carma_debug_ros2_msgs/include/carma_debug_ros2_msgs/msg/detail/regulatory_element__rosidl_typesupport_introspection_cpp.hpp
-- Installing: /home/mmitss/Documents/cda-mmitss/other/install/carma_debug_ros2_msgs/include/carma_debug_ros2_msgs/msg/detail/map_update_readable__rosidl_typesupport_introspection_cpp.hpp
-- Installing: /home/mmitss/Documents/cda-mmitss/other/install/carma_debug_ros2_msgs/include/carma_debug_ros2_msgs/msg/detail/lanelet_id_regulatory_element_pair__rosidl_typesupport_introspection_cpp.hpp
-- Installing: /home/mmitss/Documents/cda-mmitss/other/install/carma_debug_ros2_msgs/include/carma_debug_ros2_msgs/msg/detail/regulatory_element__type_support.cpp
-- Installing: /home/mmitss/Documents/cda-mmitss/other/install/carma_debug_ros2_msgs/include/carma_debug_ros2_msgs/msg/detail/trajectory_curvature_speeds__type_support.cpp
-- Installing: /home/mmitss/Documents/cda-mmitss/other/install/carma_debug_ros2_msgs/include/carma_debug_ros2_msgs/msg/detail/map_update_readable__type_support.cpp
-- Installing: /home/mmitss/Documents/cda-mmitss/other/install/carma_debug_ros2_msgs/lib/libcarma_debug_ros2_msgs__rosidl_typesupport_introspection_cpp.so
-- Set runtime path of "/home/mmitss/Documents/cda-mmitss/other/install/carma_debug_ros2_msgs/lib/libcarma_debug_ros2_msgs__rosidl_typesupport_introspection_cpp.so" to ""
-- Installing: /home/mmitss/Documents/cda-mmitss/other/install/carma_debug_ros2_msgs/lib/libcarma_debug_ros2_msgs__rosidl_typesupport_cpp.so
-- Set runtime path of "/home/mmitss/Documents/cda-mmitss/other/install/carma_debug_ros2_msgs/lib/libcarma_debug_ros2_msgs__rosidl_typesupport_cpp.so" to ""
-- Up-to-date: /home/mmitss/Documents/cda-mmitss/other/install/carma_debug_ros2_msgs/share/carma_debug_ros2_msgs/environment/pythonpath.sh
-- Installing: /home/mmitss/Documents/cda-mmitss/other/install/carma_debug_ros2_msgs/share/carma_debug_ros2_msgs/environment/pythonpath.dsv
-- Installing: /home/mmitss/Documents/cda-mmitss/other/install/carma_debug_ros2_msgs/lib/python3.8/site-packages/carma_debug_ros2_msgs/__init__.py
Compiling '/home/mmitss/Documents/cda-mmitss/other/install/carma_debug_ros2_msgs/lib/python3.8/site-packages/carma_debug_ros2_msgs/__init__.py'...
-- Up-to-date: /home/mmitss/Documents/cda-mmitss/other/install/carma_debug_ros2_msgs/lib/python3.8/site-packages/carma_debug_ros2_msgs/msg
-- Installing: /home/mmitss/Documents/cda-mmitss/other/install/carma_debug_ros2_msgs/lib/python3.8/site-packages/carma_debug_ros2_msgs/msg/_lanelet_id_regulatory_element_pair.py
-- Installing: /home/mmitss/Documents/cda-mmitss/other/install/carma_debug_ros2_msgs/lib/python3.8/site-packages/carma_debug_ros2_msgs/msg/_map_update_readable.py
-- Installing: /home/mmitss/Documents/cda-mmitss/other/install/carma_debug_ros2_msgs/lib/python3.8/site-packages/carma_debug_ros2_msgs/msg/_trajectory_curvature_speeds.py
-- Installing: /home/mmitss/Documents/cda-mmitss/other/install/carma_debug_ros2_msgs/lib/python3.8/site-packages/carma_debug_ros2_msgs/msg/_lanelet_id_regulatory_element_pair_s.c
-- Installing: /home/mmitss/Documents/cda-mmitss/other/install/carma_debug_ros2_msgs/lib/python3.8/site-packages/carma_debug_ros2_msgs/msg/_map_update_readable_s.c
-- Installing: /home/mmitss/Documents/cda-mmitss/other/install/carma_debug_ros2_msgs/lib/python3.8/site-packages/carma_debug_ros2_msgs/msg/_trajectory_curvature_speeds_s.c
-- Installing: /home/mmitss/Documents/cda-mmitss/other/install/carma_debug_ros2_msgs/lib/python3.8/site-packages/carma_debug_ros2_msgs/msg/_regulatory_element.py
-- Installing: /home/mmitss/Documents/cda-mmitss/other/install/carma_debug_ros2_msgs/lib/python3.8/site-packages/carma_debug_ros2_msgs/msg/_regulatory_element_s.c
-- Installing: /home/mmitss/Documents/cda-mmitss/other/install/carma_debug_ros2_msgs/lib/python3.8/site-packages/carma_debug_ros2_msgs/msg/__init__.py
-- Installing: /home/mmitss/Documents/cda-mmitss/other/install/carma_debug_ros2_msgs/lib/python3.8/site-packages/carma_debug_ros2_msgs/carma_debug_ros2_msgs_s__rosidl_typesupport_fastrtps_c.cpython-38-x86_64-linux-gnu.so
-- Set runtime path of "/home/mmitss/Documents/cda-mmitss/other/install/carma_debug_ros2_msgs/lib/python3.8/site-packages/carma_debug_ros2_msgs/carma_debug_ros2_msgs_s__rosidl_typesupport_fastrtps_c.cpython-38-x86_64-linux-gnu.so" to ""
-- Installing: /home/mmitss/Documents/cda-mmitss/other/install/carma_debug_ros2_msgs/lib/python3.8/site-packages/carma_debug_ros2_msgs/carma_debug_ros2_msgs_s__rosidl_typesupport_introspection_c.cpython-38-x86_64-linux-gnu.so
-- Set runtime path of "/home/mmitss/Documents/cda-mmitss/other/install/carma_debug_ros2_msgs/lib/python3.8/site-packages/carma_debug_ros2_msgs/carma_debug_ros2_msgs_s__rosidl_typesupport_introspection_c.cpython-38-x86_64-linux-gnu.so" to ""
-- Installing: /home/mmitss/Documents/cda-mmitss/other/install/carma_debug_ros2_msgs/lib/python3.8/site-packages/carma_debug_ros2_msgs/carma_debug_ros2_msgs_s__rosidl_typesupport_c.cpython-38-x86_64-linux-gnu.so
-- Set runtime path of "/home/mmitss/Documents/cda-mmitss/other/install/carma_debug_ros2_msgs/lib/python3.8/site-packages/carma_debug_ros2_msgs/carma_debug_ros2_msgs_s__rosidl_typesupport_c.cpython-38-x86_64-linux-gnu.so" to ""
-- Installing: /home/mmitss/Documents/cda-mmitss/other/install/carma_debug_ros2_msgs/lib/libcarma_debug_ros2_msgs__python.so
-- Set runtime path of "/home/mmitss/Documents/cda-mmitss/other/install/carma_debug_ros2_msgs/lib/libcarma_debug_ros2_msgs__python.so" to ""
-- Up-to-date: /home/mmitss/Documents/cda-mmitss/other/install/carma_debug_ros2_msgs/share/carma_debug_ros2_msgs/msg/LaneletIdRegulatoryElementPair.idl
-- Up-to-date: /home/mmitss/Documents/cda-mmitss/other/install/carma_debug_ros2_msgs/share/carma_debug_ros2_msgs/msg/MapUpdateReadable.idl
-- Up-to-date: /home/mmitss/Documents/cda-mmitss/other/install/carma_debug_ros2_msgs/share/carma_debug_ros2_msgs/msg/RegulatoryElement.idl
-- Up-to-date: /home/mmitss/Documents/cda-mmitss/other/install/carma_debug_ros2_msgs/share/carma_debug_ros2_msgs/msg/TrajectoryCurvatureSpeeds.idl
-- Installing: /home/mmitss/Documents/cda-mmitss/other/install/carma_debug_ros2_msgs/share/carma_debug_ros2_msgs/msg/LaneletIdRegulatoryElementPair.msg
-- Installing: /home/mmitss/Documents/cda-mmitss/other/install/carma_debug_ros2_msgs/share/carma_debug_ros2_msgs/msg/MapUpdateReadable.msg
-- Installing: /home/mmitss/Documents/cda-mmitss/other/install/carma_debug_ros2_msgs/share/carma_debug_ros2_msgs/msg/RegulatoryElement.msg
-- Installing: /home/mmitss/Documents/cda-mmitss/other/install/carma_debug_ros2_msgs/share/carma_debug_ros2_msgs/msg/TrajectoryCurvatureSpeeds.msg
-- Up-to-date: /home/mmitss/Documents/cda-mmitss/other/install/carma_debug_ros2_msgs/share/ament_index/resource_index/package_run_dependencies/carma_debug_ros2_msgs
-- Installing: /home/mmitss/Documents/cda-mmitss/other/install/carma_debug_ros2_msgs/share/ament_index/resource_index/parent_prefix_path/carma_debug_ros2_msgs
-- Installing: /home/mmitss/Documents/cda-mmitss/other/install/carma_debug_ros2_msgs/share/carma_debug_ros2_msgs/environment/ament_prefix_path.sh
-- Installing: /home/mmitss/Documents/cda-mmitss/other/install/carma_debug_ros2_msgs/share/carma_debug_ros2_msgs/environment/ament_prefix_path.dsv
-- Installing: /home/mmitss/Documents/cda-mmitss/other/install/carma_debug_ros2_msgs/share/carma_debug_ros2_msgs/environment/path.sh
-- Installing: /home/mmitss/Documents/cda-mmitss/other/install/carma_debug_ros2_msgs/share/carma_debug_ros2_msgs/environment/path.dsv
-- Up-to-date: /home/mmitss/Documents/cda-mmitss/other/install/carma_debug_ros2_msgs/share/carma_debug_ros2_msgs/local_setup.bash
-- Up-to-date: /home/mmitss/Documents/cda-mmitss/other/install/carma_debug_ros2_msgs/share/carma_debug_ros2_msgs/local_setup.sh
-- Up-to-date: /home/mmitss/Documents/cda-mmitss/other/install/carma_debug_ros2_msgs/share/carma_debug_ros2_msgs/local_setup.zsh
-- Installing: /home/mmitss/Documents/cda-mmitss/other/install/carma_debug_ros2_msgs/share/carma_debug_ros2_msgs/local_setup.dsv
-- Installing: /home/mmitss/Documents/cda-mmitss/other/install/carma_debug_ros2_msgs/share/carma_debug_ros2_msgs/package.dsv
-- Up-to-date: /home/mmitss/Documents/cda-mmitss/other/install/carma_debug_ros2_msgs/share/ament_index/resource_index/packages/carma_debug_ros2_msgs
-- Up-to-date: /home/mmitss/Documents/cda-mmitss/other/install/carma_debug_ros2_msgs/share/carma_debug_ros2_msgs/cmake/carma_debug_ros2_msgs__rosidl_generator_cExport.cmake
-- Installing: /home/mmitss/Documents/cda-mmitss/other/install/carma_debug_ros2_msgs/share/carma_debug_ros2_msgs/cmake/carma_debug_ros2_msgs__rosidl_generator_cExport-release.cmake
-- Up-to-date: /home/mmitss/Documents/cda-mmitss/other/install/carma_debug_ros2_msgs/share/carma_debug_ros2_msgs/cmake/carma_debug_ros2_msgs__rosidl_typesupport_introspection_cExport.cmake
-- Installing: /home/mmitss/Documents/cda-mmitss/other/install/carma_debug_ros2_msgs/share/carma_debug_ros2_msgs/cmake/carma_debug_ros2_msgs__rosidl_typesupport_introspection_cExport-release.cmake
-- Up-to-date: /home/mmitss/Documents/cda-mmitss/other/install/carma_debug_ros2_msgs/share/carma_debug_ros2_msgs/cmake/carma_debug_ros2_msgs__rosidl_typesupport_cExport.cmake
-- Installing: /home/mmitss/Documents/cda-mmitss/other/install/carma_debug_ros2_msgs/share/carma_debug_ros2_msgs/cmake/carma_debug_ros2_msgs__rosidl_typesupport_cExport-release.cmake
-- Up-to-date: /home/mmitss/Documents/cda-mmitss/other/install/carma_debug_ros2_msgs/share/carma_debug_ros2_msgs/cmake/carma_debug_ros2_msgs__rosidl_generator_cppExport.cmake
-- Up-to-date: /home/mmitss/Documents/cda-mmitss/other/install/carma_debug_ros2_msgs/share/carma_debug_ros2_msgs/cmake/carma_debug_ros2_msgs__rosidl_typesupport_introspection_cppExport.cmake
-- Installing: /home/mmitss/Documents/cda-mmitss/other/install/carma_debug_ros2_msgs/share/carma_debug_ros2_msgs/cmake/carma_debug_ros2_msgs__rosidl_typesupport_introspection_cppExport-release.cmake
-- Up-to-date: /home/mmitss/Documents/cda-mmitss/other/install/carma_debug_ros2_msgs/share/carma_debug_ros2_msgs/cmake/carma_debug_ros2_msgs__rosidl_typesupport_cppExport.cmake
-- Installing: /home/mmitss/Documents/cda-mmitss/other/install/carma_debug_ros2_msgs/share/carma_debug_ros2_msgs/cmake/carma_debug_ros2_msgs__rosidl_typesupport_cppExport-release.cmake
-- Up-to-date: /home/mmitss/Documents/cda-mmitss/other/install/carma_debug_ros2_msgs/share/carma_debug_ros2_msgs/cmake/rosidl_cmake-extras.cmake
-- Up-to-date: /home/mmitss/Documents/cda-mmitss/other/install/carma_debug_ros2_msgs/share/carma_debug_ros2_msgs/cmake/ament_cmake_export_dependencies-extras.cmake
-- Up-to-date: /home/mmitss/Documents/cda-mmitss/other/install/carma_debug_ros2_msgs/share/carma_debug_ros2_msgs/cmake/ament_cmake_export_libraries-extras.cmake
-- Up-to-date: /home/mmitss/Documents/cda-mmitss/other/install/carma_debug_ros2_msgs/share/carma_debug_ros2_msgs/cmake/ament_cmake_export_targets-extras.cmake
-- Up-to-date: /home/mmitss/Documents/cda-mmitss/other/install/carma_debug_ros2_msgs/share/carma_debug_ros2_msgs/cmake/ament_cmake_export_include_directories-extras.cmake
-- Up-to-date: /home/mmitss/Documents/cda-mmitss/other/install/carma_debug_ros2_msgs/share/carma_debug_ros2_msgs/cmake/rosidl_cmake_export_typesupport_libraries-extras.cmake
-- Up-to-date: /home/mmitss/Documents/cda-mmitss/other/install/carma_debug_ros2_msgs/share/carma_debug_ros2_msgs/cmake/rosidl_cmake_export_typesupport_targets-extras.cmake
-- Up-to-date: /home/mmitss/Documents/cda-mmitss/other/install/carma_debug_ros2_msgs/share/carma_debug_ros2_msgs/cmake/carma_debug_ros2_msgsConfig.cmake
-- Up-to-date: /home/mmitss/Documents/cda-mmitss/other/install/carma_debug_ros2_msgs/share/carma_debug_ros2_msgs/cmake/carma_debug_ros2_msgsConfig-version.cmake
-- Installing: /home/mmitss/Documents/cda-mmitss/other/install/carma_debug_ros2_msgs/share/carma_debug_ros2_msgs/package.xml
-- Installing: /home/mmitss/Documents/cda-mmitss/other/install/carma_debug_ros2_msgs/share/carma_debug_ros2_msgs/rule.yml
