[0.024s] Invoking command in '/home/mmitss/Documents/cda-mmitss/other/build/carma_debug_ros2_msgs': CMAKE_PREFIX_PATH=/home/mmitss/Documents/cda-mmitss/other/install/carma_planning_msgs:/home/mmitss/Documents/cda-mmitss/other/install/carma_v2x_msgs:/home/mmitss/Documents/cda-mmitss/other/install/j3224_v2x_msgs:/home/mmitss/Documents/cda-mmitss/other/install/j2735_v2x_msgs:/home/mmitss/Documents/cda-mmitss/other/install/carma_cmake_common:/home/mmitss/Documents/cda-mmitss/other/install/carma_debug_ros2_msgs:/home/mmitss/Documents/cda-mmitss/other/install/carma_perception_msgs:/home/mmitss/Documents/cda-mmitss/other/install/carma_driver_msgs:/home/mmitss/Documents/cda-mmitss/other/install/carma_msgs:/home/mmitss/Documents/cda-mmitss/other/install/carma_localization_msgs:/home/mmitss/Documents/cda-mmitss/other/install/can_msgs:/opt/ros/foxy CONDA_PROMPT_MODIFIER=(base) LD_LIBRARY_PATH=/home/mmitss/Documents/cda-mmitss/other/install/carma_planning_msgs/lib:/home/mmitss/Documents/cda-mmitss/other/install/carma_v2x_msgs/lib:/home/mmitss/Documents/cda-mmitss/other/install/j3224_v2x_msgs/lib:/home/mmitss/Documents/cda-mmitss/other/install/j2735_v2x_msgs/lib:/home/mmitss/Documents/cda-mmitss/other/install/carma_debug_ros2_msgs/lib:/home/mmitss/Documents/cda-mmitss/other/install/carma_perception_msgs/lib:/home/mmitss/Documents/cda-mmitss/other/install/carma_driver_msgs/lib:/home/mmitss/Documents/cda-mmitss/other/install/carma_msgs/lib:/home/mmitss/Documents/cda-mmitss/other/install/carma_localization_msgs/lib:/home/mmitss/Documents/cda-mmitss/other/install/can_msgs/lib:/opt/ros/foxy/opt/yaml_cpp_vendor/lib:/opt/ros/foxy/opt/rviz_ogre_vendor/lib:/opt/ros/foxy/lib/x86_64-linux-gnu:/opt/ros/foxy/lib:/opt/ibm/ILOG/CPLEX_Studio221/cplex/lib/x86-64_linux:/opt/ibm/ILOG/CPLEX_Studio221/concert/lib/x86-64_linux PYTHONPATH=/home/mmitss/Documents/cda-mmitss/other/install/carma_planning_msgs/lib/python3.8/site-packages:/home/mmitss/Documents/cda-mmitss/other/install/carma_v2x_msgs/lib/python3.8/site-packages:/home/mmitss/Documents/cda-mmitss/other/install/j3224_v2x_msgs/lib/python3.8/site-packages:/home/mmitss/Documents/cda-mmitss/other/install/j2735_v2x_msgs/lib/python3.8/site-packages:/home/mmitss/Documents/cda-mmitss/other/install/carma_debug_ros2_msgs/lib/python3.8/site-packages:/home/mmitss/Documents/cda-mmitss/other/install/carma_perception_msgs/lib/python3.8/site-packages:/home/mmitss/Documents/cda-mmitss/other/install/carma_driver_msgs/lib/python3.8/site-packages:/home/mmitss/Documents/cda-mmitss/other/install/carma_msgs/lib/python3.8/site-packages:/home/mmitss/Documents/cda-mmitss/other/install/carma_localization_msgs/lib/python3.8/site-packages:/home/mmitss/Documents/cda-mmitss/other/install/can_msgs/lib/python3.8/site-packages:/opt/ros/foxy/lib/python3.8/site-packages /usr/bin/cmake --build /home/mmitss/Documents/cda-mmitss/other/build/carma_debug_ros2_msgs -- -j8 -l8
[0.057s] -- Found carma_cmake_common: 0.1.0 (/home/mmitss/Documents/cda-mmitss/other/install/carma_cmake_common/share/carma_cmake_common/cmake)
[0.058s] -- Found ros_environment: 2.5.1 (/opt/ros/foxy/share/ros_environment/cmake)
[0.058s] -- Found rosidl_default_generators: 1.0.1 (/opt/ros/foxy/share/rosidl_default_generators/cmake)
[0.058s] -- Found ament_cmake_core: 0.9.12 (/opt/ros/foxy/share/ament_cmake_core/cmake)
[0.084s] -- Found PythonInterp: /home/mmitss/anaconda3/bin/python3 (found suitable version "3.8.8", minimum required is "3") 
[0.084s] -- Using PYTHON_EXECUTABLE: /home/mmitss/anaconda3/bin/python3
[0.312s] -- Using all available rosidl_typesupport_c: rosidl_typesupport_fastrtps_c;rosidl_typesupport_introspection_c
[0.315s] -- Found rosidl_adapter: 1.3.1 (/opt/ros/foxy/share/rosidl_adapter/cmake)
[0.432s] -- Using all available rosidl_typesupport_cpp: rosidl_typesupport_fastrtps_cpp;rosidl_typesupport_introspection_cpp
[0.455s] -- Found std_msgs: 2.0.5 (/opt/ros/foxy/share/std_msgs/cmake)
[0.496s] -- Found carma_planning_msgs: 1.0.0 (/home/mmitss/Documents/cda-mmitss/other/install/carma_planning_msgs/share/carma_planning_msgs/cmake)
[1.088s] -- Found PythonInterp: /home/mmitss/anaconda3/bin/python3 (found version "3.8.8") 
[1.619s] -- Found ament_cmake_ros: 0.9.2 (/opt/ros/foxy/share/ament_cmake_ros/cmake)
[3.123s] -- Using all available rosidl_typesupport_c: rosidl_typesupport_fastrtps_c;rosidl_typesupport_introspection_c
[4.167s] -- Using all available rosidl_typesupport_cpp: rosidl_typesupport_fastrtps_cpp;rosidl_typesupport_introspection_cpp
[4.202s] -- Found PythonInterp: /home/mmitss/anaconda3/bin/python3 (found suitable version "3.8.8", minimum required is "3.5") 
[4.202s] -- Found python_cmake_module: 0.8.1 (/opt/ros/foxy/share/python_cmake_module/cmake)
[4.229s] -- Using PYTHON_EXECUTABLE: /home/mmitss/anaconda3/bin/python3
[4.230s] -- Using PYTHON_INCLUDE_DIRS: /home/mmitss/anaconda3/include/python3.8
[4.230s] -- Using PYTHON_LIBRARIES: /home/mmitss/anaconda3/lib/libpython3.8.so
[4.758s] -- Using numpy include directory: /home/mmitss/anaconda3/lib/python3.8/site-packages/numpy/core/include
[4.799s] -- Configuring done
[4.881s] CMake Warning at /opt/ros/foxy/share/rosidl_generator_py/cmake/rosidl_generator_py_generate_interfaces.cmake:235 (add_library):
[4.881s]   Cannot generate a safe runtime search path for target
[4.882s]   carma_debug_ros2_msgs__rosidl_typesupport_fastrtps_c__pyext because files
[4.882s]   in some directories may conflict with libraries in implicit directories:
[4.882s] 
[4.882s]     runtime library [libssl.so.1.1] in /usr/lib/x86_64-linux-gnu may be hidden by files in:
[4.882s]       /home/mmitss/anaconda3/lib
[4.882s]     runtime library [libcrypto.so.1.1] in /usr/lib/x86_64-linux-gnu may be hidden by files in:
[4.882s]       /home/mmitss/anaconda3/lib
[4.882s] 
[4.882s]   Some of these libraries may not be found correctly.
[4.882s] Call Stack (most recent call first):
[4.882s]   /opt/ros/foxy/share/ament_cmake_core/cmake/core/ament_execute_extensions.cmake:48 (include)
[4.882s]   /opt/ros/foxy/share/rosidl_cmake/cmake/rosidl_generate_interfaces.cmake:286 (ament_execute_extensions)
[4.882s]   CMakeLists.txt:39 (rosidl_generate_interfaces)
[4.882s] 
[4.883s] 
[4.976s] -- Generating done
[4.979s] -- Build files have been written to: /home/mmitss/Documents/cda-mmitss/other/build/carma_debug_ros2_msgs
[5.013s] [  1%] [34m[1mGenerating C code for ROS interfaces[0m
[5.025s] [  3%] [34m[1mGenerating C++ code for ROS interfaces[0m
[6.066s] [  3%] Built target carma_debug_ros2_msgs__cpp
[6.105s] [  5%] [34m[1mGenerating C++ type support for eProsima Fast-RTPS[0m
[6.110s] [  7%] [34m[1mGenerating C++ type support dispatch for ROS interfaces[0m
[6.111s] [  9%] [34m[1mGenerating C++ introspection for ROS interfaces[0m
[6.194s] [35m[1mScanning dependencies of target carma_debug_ros2_msgs__rosidl_generator_c[0m
[6.236s] [ 10%] [32mBuilding C object CMakeFiles/carma_debug_ros2_msgs__rosidl_generator_c.dir/rosidl_generator_c/carma_debug_ros2_msgs/msg/detail/trajectory_curvature_speeds__functions.c.o[0m
[6.236s] [ 12%] [32mBuilding C object CMakeFiles/carma_debug_ros2_msgs__rosidl_generator_c.dir/rosidl_generator_c/carma_debug_ros2_msgs/msg/detail/lanelet_id_regulatory_element_pair__functions.c.o[0m
[6.238s] [ 14%] [32mBuilding C object CMakeFiles/carma_debug_ros2_msgs__rosidl_generator_c.dir/rosidl_generator_c/carma_debug_ros2_msgs/msg/detail/regulatory_element__functions.c.o[0m
[6.240s] [ 16%] [32mBuilding C object CMakeFiles/carma_debug_ros2_msgs__rosidl_generator_c.dir/rosidl_generator_c/carma_debug_ros2_msgs/msg/detail/map_update_readable__functions.c.o[0m
[6.502s] [ 18%] [32m[1mLinking C shared library libcarma_debug_ros2_msgs__rosidl_generator_c.so[0m
[6.610s] [ 18%] Built target carma_debug_ros2_msgs__rosidl_generator_c
[6.658s] [ 20%] [34m[1mGenerating C type support dispatch for ROS interfaces[0m
[6.659s] [ 21%] [34m[1mGenerating C introspection for ROS interfaces[0m
[8.142s] [35m[1mScanning dependencies of target carma_debug_ros2_msgs__rosidl_typesupport_cpp[0m
[8.207s] [ 23%] [32mBuilding CXX object CMakeFiles/carma_debug_ros2_msgs__rosidl_typesupport_cpp.dir/rosidl_typesupport_cpp/carma_debug_ros2_msgs/msg/lanelet_id_regulatory_element_pair__type_support.cpp.o[0m
[8.244s] [ 25%] [32mBuilding CXX object CMakeFiles/carma_debug_ros2_msgs__rosidl_typesupport_cpp.dir/rosidl_typesupport_cpp/carma_debug_ros2_msgs/msg/map_update_readable__type_support.cpp.o[0m
[8.244s] [ 27%] [32mBuilding CXX object CMakeFiles/carma_debug_ros2_msgs__rosidl_typesupport_cpp.dir/rosidl_typesupport_cpp/carma_debug_ros2_msgs/msg/regulatory_element__type_support.cpp.o[0m
[8.272s] [ 29%] [32mBuilding CXX object CMakeFiles/carma_debug_ros2_msgs__rosidl_typesupport_cpp.dir/rosidl_typesupport_cpp/carma_debug_ros2_msgs/msg/trajectory_curvature_speeds__type_support.cpp.o[0m
[8.639s] [35m[1mScanning dependencies of target carma_debug_ros2_msgs__rosidl_typesupport_fastrtps_cpp[0m
[8.698s] [ 30%] [32mBuilding CXX object CMakeFiles/carma_debug_ros2_msgs__rosidl_typesupport_fastrtps_cpp.dir/rosidl_typesupport_fastrtps_cpp/carma_debug_ros2_msgs/msg/detail/dds_fastrtps/lanelet_id_regulatory_element_pair__type_support.cpp.o[0m
[8.718s] [35m[1mScanning dependencies of target carma_debug_ros2_msgs__rosidl_typesupport_introspection_cpp[0m
[8.761s] [35m[1mScanning dependencies of target carma_debug_ros2_msgs__rosidl_typesupport_c[0m
[8.804s] [ 32%] [32mBuilding CXX object CMakeFiles/carma_debug_ros2_msgs__rosidl_typesupport_introspection_cpp.dir/rosidl_typesupport_introspection_cpp/carma_debug_ros2_msgs/msg/detail/lanelet_id_regulatory_element_pair__type_support.cpp.o[0m
[8.824s] [ 34%] [32mBuilding CXX object CMakeFiles/carma_debug_ros2_msgs__rosidl_typesupport_c.dir/rosidl_typesupport_c/carma_debug_ros2_msgs/msg/lanelet_id_regulatory_element_pair__type_support.cpp.o[0m
[8.879s] [ 36%] [32mBuilding CXX object CMakeFiles/carma_debug_ros2_msgs__rosidl_typesupport_introspection_cpp.dir/rosidl_typesupport_introspection_cpp/carma_debug_ros2_msgs/msg/detail/map_update_readable__type_support.cpp.o[0m
[8.925s] [ 38%] [32mBuilding CXX object CMakeFiles/carma_debug_ros2_msgs__rosidl_typesupport_c.dir/rosidl_typesupport_c/carma_debug_ros2_msgs/msg/map_update_readable__type_support.cpp.o[0m
[8.963s] [ 40%] [32mBuilding CXX object CMakeFiles/carma_debug_ros2_msgs__rosidl_typesupport_introspection_cpp.dir/rosidl_typesupport_introspection_cpp/carma_debug_ros2_msgs/msg/detail/regulatory_element__type_support.cpp.o[0m
[9.052s] [ 41%] [32mBuilding CXX object CMakeFiles/carma_debug_ros2_msgs__rosidl_typesupport_c.dir/rosidl_typesupport_c/carma_debug_ros2_msgs/msg/trajectory_curvature_speeds__type_support.cpp.o[0m
[9.061s] [ 43%] [32mBuilding CXX object CMakeFiles/carma_debug_ros2_msgs__rosidl_typesupport_c.dir/rosidl_typesupport_c/carma_debug_ros2_msgs/msg/regulatory_element__type_support.cpp.o[0m
[9.197s] [ 45%] [32m[1mLinking CXX shared library libcarma_debug_ros2_msgs__rosidl_typesupport_c.so[0m
[9.199s] [ 47%] [32m[1mLinking CXX shared library libcarma_debug_ros2_msgs__rosidl_typesupport_cpp.so[0m
[9.207s] [ 49%] [32mBuilding CXX object CMakeFiles/carma_debug_ros2_msgs__rosidl_typesupport_introspection_cpp.dir/rosidl_typesupport_introspection_cpp/carma_debug_ros2_msgs/msg/detail/trajectory_curvature_speeds__type_support.cpp.o[0m
[9.324s] [35m[1mScanning dependencies of target carma_debug_ros2_msgs__rosidl_typesupport_introspection_c[0m
[9.340s] [ 49%] Built target carma_debug_ros2_msgs__rosidl_typesupport_c
[9.350s] [ 49%] Built target carma_debug_ros2_msgs__rosidl_typesupport_cpp
[9.370s] [ 50%] [32mBuilding CXX object CMakeFiles/carma_debug_ros2_msgs__rosidl_typesupport_fastrtps_cpp.dir/rosidl_typesupport_fastrtps_cpp/carma_debug_ros2_msgs/msg/detail/dds_fastrtps/map_update_readable__type_support.cpp.o[0m
[9.381s] [ 52%] [32mBuilding CXX object CMakeFiles/carma_debug_ros2_msgs__rosidl_typesupport_fastrtps_cpp.dir/rosidl_typesupport_fastrtps_cpp/carma_debug_ros2_msgs/msg/detail/dds_fastrtps/regulatory_element__type_support.cpp.o[0m
[9.398s] [ 54%] [32mBuilding C object CMakeFiles/carma_debug_ros2_msgs__rosidl_typesupport_introspection_c.dir/rosidl_typesupport_introspection_c/carma_debug_ros2_msgs/msg/detail/lanelet_id_regulatory_element_pair__type_support.c.o[0m
[9.509s] [ 56%] [32mBuilding C object CMakeFiles/carma_debug_ros2_msgs__rosidl_typesupport_introspection_c.dir/rosidl_typesupport_introspection_c/carma_debug_ros2_msgs/msg/detail/map_update_readable__type_support.c.o[0m
[9.613s] [ 58%] [32mBuilding C object CMakeFiles/carma_debug_ros2_msgs__rosidl_typesupport_introspection_c.dir/rosidl_typesupport_introspection_c/carma_debug_ros2_msgs/msg/detail/regulatory_element__type_support.c.o[0m
[9.631s] [ 60%] [32mBuilding C object CMakeFiles/carma_debug_ros2_msgs__rosidl_typesupport_introspection_c.dir/rosidl_typesupport_introspection_c/carma_debug_ros2_msgs/msg/detail/trajectory_curvature_speeds__type_support.c.o[0m
[9.742s] [ 61%] [32mBuilding CXX object CMakeFiles/carma_debug_ros2_msgs__rosidl_typesupport_fastrtps_cpp.dir/rosidl_typesupport_fastrtps_cpp/carma_debug_ros2_msgs/msg/detail/dds_fastrtps/trajectory_curvature_speeds__type_support.cpp.o[0m
[9.758s] [ 63%] [32m[1mLinking C shared library libcarma_debug_ros2_msgs__rosidl_typesupport_introspection_c.so[0m
[9.856s] [ 63%] Built target carma_debug_ros2_msgs__rosidl_typesupport_introspection_c
[10.048s] [ 65%] [32m[1mLinking CXX shared library libcarma_debug_ros2_msgs__rosidl_typesupport_introspection_cpp.so[0m
[10.218s] [ 65%] Built target carma_debug_ros2_msgs__rosidl_typesupport_introspection_cpp
[10.516s] [ 67%] [32m[1mLinking CXX shared library libcarma_debug_ros2_msgs__rosidl_typesupport_fastrtps_cpp.so[0m
[10.664s] [ 67%] Built target carma_debug_ros2_msgs__rosidl_typesupport_fastrtps_cpp
[10.687s] [ 69%] [34m[1mGenerating C type support for eProsima Fast-RTPS[0m
[11.892s] [35m[1mScanning dependencies of target carma_debug_ros2_msgs__rosidl_typesupport_fastrtps_c[0m
[11.926s] [ 72%] [32mBuilding CXX object CMakeFiles/carma_debug_ros2_msgs__rosidl_typesupport_fastrtps_c.dir/rosidl_typesupport_fastrtps_c/carma_debug_ros2_msgs/msg/detail/lanelet_id_regulatory_element_pair__type_support_c.cpp.o[0m
[11.926s] [ 72%] [32mBuilding CXX object CMakeFiles/carma_debug_ros2_msgs__rosidl_typesupport_fastrtps_c.dir/rosidl_typesupport_fastrtps_c/carma_debug_ros2_msgs/msg/detail/map_update_readable__type_support_c.cpp.o[0m
[11.930s] [ 74%] [32mBuilding CXX object CMakeFiles/carma_debug_ros2_msgs__rosidl_typesupport_fastrtps_c.dir/rosidl_typesupport_fastrtps_c/carma_debug_ros2_msgs/msg/detail/trajectory_curvature_speeds__type_support_c.cpp.o[0m
[11.931s] [ 76%] [32mBuilding CXX object CMakeFiles/carma_debug_ros2_msgs__rosidl_typesupport_fastrtps_c.dir/rosidl_typesupport_fastrtps_c/carma_debug_ros2_msgs/msg/detail/regulatory_element__type_support_c.cpp.o[0m
[12.811s] [ 78%] [32m[1mLinking CXX shared library libcarma_debug_ros2_msgs__rosidl_typesupport_fastrtps_c.so[0m
[12.976s] [ 78%] Built target carma_debug_ros2_msgs__rosidl_typesupport_fastrtps_c
[13.026s] [ 78%] Built target carma_debug_ros2_msgs
[13.092s] [ 80%] [34m[1mGenerating Python code for ROS interfaces[0m
[15.612s] [ 80%] Built target carma_debug_ros2_msgs__py
[15.626s] [35m[1mScanning dependencies of target carma_debug_ros2_msgs__python[0m
[15.652s] [ 85%] [32mBuilding C object CMakeFiles/carma_debug_ros2_msgs__python.dir/rosidl_generator_py/carma_debug_ros2_msgs/msg/_lanelet_id_regulatory_element_pair_s.c.o[0m
[15.652s] [ 85%] [32mBuilding C object CMakeFiles/carma_debug_ros2_msgs__python.dir/rosidl_generator_py/carma_debug_ros2_msgs/msg/_map_update_readable_s.c.o[0m
[15.652s] [ 85%] [32mBuilding C object CMakeFiles/carma_debug_ros2_msgs__python.dir/rosidl_generator_py/carma_debug_ros2_msgs/msg/_regulatory_element_s.c.o[0m
[15.653s] [ 87%] [32mBuilding C object CMakeFiles/carma_debug_ros2_msgs__python.dir/rosidl_generator_py/carma_debug_ros2_msgs/msg/_trajectory_curvature_speeds_s.c.o[0m
[15.960s] [ 89%] [32m[1mLinking C shared library rosidl_generator_py/carma_debug_ros2_msgs/libcarma_debug_ros2_msgs__python.so[0m
[16.030s] [ 89%] Built target carma_debug_ros2_msgs__python
[16.047s] [35m[1mScanning dependencies of target carma_debug_ros2_msgs__rosidl_typesupport_introspection_c__pyext[0m
[16.047s] [35m[1mScanning dependencies of target carma_debug_ros2_msgs__rosidl_typesupport_fastrtps_c__pyext[0m
[16.049s] [35m[1mScanning dependencies of target carma_debug_ros2_msgs__rosidl_typesupport_c__pyext[0m
[16.075s] [ 90%] [32mBuilding C object CMakeFiles/carma_debug_ros2_msgs__rosidl_typesupport_introspection_c__pyext.dir/rosidl_generator_py/carma_debug_ros2_msgs/_carma_debug_ros2_msgs_s.ep.rosidl_typesupport_introspection_c.c.o[0m
[16.083s] [ 92%] [32mBuilding C object CMakeFiles/carma_debug_ros2_msgs__rosidl_typesupport_c__pyext.dir/rosidl_generator_py/carma_debug_ros2_msgs/_carma_debug_ros2_msgs_s.ep.rosidl_typesupport_c.c.o[0m
[16.090s] [ 94%] [32mBuilding C object CMakeFiles/carma_debug_ros2_msgs__rosidl_typesupport_fastrtps_c__pyext.dir/rosidl_generator_py/carma_debug_ros2_msgs/_carma_debug_ros2_msgs_s.ep.rosidl_typesupport_fastrtps_c.c.o[0m
[16.291s] [ 96%] [32m[1mLinking C shared library rosidl_generator_py/carma_debug_ros2_msgs/carma_debug_ros2_msgs_s__rosidl_typesupport_introspection_c.cpython-38-x86_64-linux-gnu.so[0m
[16.301s] [ 98%] [32m[1mLinking CXX shared library rosidl_generator_py/carma_debug_ros2_msgs/carma_debug_ros2_msgs_s__rosidl_typesupport_fastrtps_c.cpython-38-x86_64-linux-gnu.so[0m
[16.350s] [100%] [32m[1mLinking C shared library rosidl_generator_py/carma_debug_ros2_msgs/carma_debug_ros2_msgs_s__rosidl_typesupport_c.cpython-38-x86_64-linux-gnu.so[0m
[16.366s] [100%] Built target carma_debug_ros2_msgs__rosidl_typesupport_introspection_c__pyext
[16.420s] [100%] Built target carma_debug_ros2_msgs__rosidl_typesupport_fastrtps_c__pyext
[16.422s] [100%] Built target carma_debug_ros2_msgs__rosidl_typesupport_c__pyext
[16.437s] Invoked command in '/home/mmitss/Documents/cda-mmitss/other/build/carma_debug_ros2_msgs' returned '0': CMAKE_PREFIX_PATH=/home/mmitss/Documents/cda-mmitss/other/install/carma_planning_msgs:/home/mmitss/Documents/cda-mmitss/other/install/carma_v2x_msgs:/home/mmitss/Documents/cda-mmitss/other/install/j3224_v2x_msgs:/home/mmitss/Documents/cda-mmitss/other/install/j2735_v2x_msgs:/home/mmitss/Documents/cda-mmitss/other/install/carma_cmake_common:/home/mmitss/Documents/cda-mmitss/other/install/carma_debug_ros2_msgs:/home/mmitss/Documents/cda-mmitss/other/install/carma_perception_msgs:/home/mmitss/Documents/cda-mmitss/other/install/carma_driver_msgs:/home/mmitss/Documents/cda-mmitss/other/install/carma_msgs:/home/mmitss/Documents/cda-mmitss/other/install/carma_localization_msgs:/home/mmitss/Documents/cda-mmitss/other/install/can_msgs:/opt/ros/foxy CONDA_PROMPT_MODIFIER=(base) LD_LIBRARY_PATH=/home/mmitss/Documents/cda-mmitss/other/install/carma_planning_msgs/lib:/home/mmitss/Documents/cda-mmitss/other/install/carma_v2x_msgs/lib:/home/mmitss/Documents/cda-mmitss/other/install/j3224_v2x_msgs/lib:/home/mmitss/Documents/cda-mmitss/other/install/j2735_v2x_msgs/lib:/home/mmitss/Documents/cda-mmitss/other/install/carma_debug_ros2_msgs/lib:/home/mmitss/Documents/cda-mmitss/other/install/carma_perception_msgs/lib:/home/mmitss/Documents/cda-mmitss/other/install/carma_driver_msgs/lib:/home/mmitss/Documents/cda-mmitss/other/install/carma_msgs/lib:/home/mmitss/Documents/cda-mmitss/other/install/carma_localization_msgs/lib:/home/mmitss/Documents/cda-mmitss/other/install/can_msgs/lib:/opt/ros/foxy/opt/yaml_cpp_vendor/lib:/opt/ros/foxy/opt/rviz_ogre_vendor/lib:/opt/ros/foxy/lib/x86_64-linux-gnu:/opt/ros/foxy/lib:/opt/ibm/ILOG/CPLEX_Studio221/cplex/lib/x86-64_linux:/opt/ibm/ILOG/CPLEX_Studio221/concert/lib/x86-64_linux PYTHONPATH=/home/mmitss/Documents/cda-mmitss/other/install/carma_planning_msgs/lib/python3.8/site-packages:/home/mmitss/Documents/cda-mmitss/other/install/carma_v2x_msgs/lib/python3.8/site-packages:/home/mmitss/Documents/cda-mmitss/other/install/j3224_v2x_msgs/lib/python3.8/site-packages:/home/mmitss/Documents/cda-mmitss/other/install/j2735_v2x_msgs/lib/python3.8/site-packages:/home/mmitss/Documents/cda-mmitss/other/install/carma_debug_ros2_msgs/lib/python3.8/site-packages:/home/mmitss/Documents/cda-mmitss/other/install/carma_perception_msgs/lib/python3.8/site-packages:/home/mmitss/Documents/cda-mmitss/other/install/carma_driver_msgs/lib/python3.8/site-packages:/home/mmitss/Documents/cda-mmitss/other/install/carma_msgs/lib/python3.8/site-packages:/home/mmitss/Documents/cda-mmitss/other/install/carma_localization_msgs/lib/python3.8/site-packages:/home/mmitss/Documents/cda-mmitss/other/install/can_msgs/lib/python3.8/site-packages:/opt/ros/foxy/lib/python3.8/site-packages /usr/bin/cmake --build /home/mmitss/Documents/cda-mmitss/other/build/carma_debug_ros2_msgs -- -j8 -l8
[16.580s] Invoking command in '/home/mmitss/Documents/cda-mmitss/other/build/carma_debug_ros2_msgs': CMAKE_PREFIX_PATH=/home/mmitss/Documents/cda-mmitss/other/install/carma_planning_msgs:/home/mmitss/Documents/cda-mmitss/other/install/carma_v2x_msgs:/home/mmitss/Documents/cda-mmitss/other/install/j3224_v2x_msgs:/home/mmitss/Documents/cda-mmitss/other/install/j2735_v2x_msgs:/home/mmitss/Documents/cda-mmitss/other/install/carma_cmake_common:/home/mmitss/Documents/cda-mmitss/other/install/carma_debug_ros2_msgs:/home/mmitss/Documents/cda-mmitss/other/install/carma_perception_msgs:/home/mmitss/Documents/cda-mmitss/other/install/carma_driver_msgs:/home/mmitss/Documents/cda-mmitss/other/install/carma_msgs:/home/mmitss/Documents/cda-mmitss/other/install/carma_localization_msgs:/home/mmitss/Documents/cda-mmitss/other/install/can_msgs:/opt/ros/foxy CONDA_PROMPT_MODIFIER=(base) LD_LIBRARY_PATH=/home/mmitss/Documents/cda-mmitss/other/install/carma_planning_msgs/lib:/home/mmitss/Documents/cda-mmitss/other/install/carma_v2x_msgs/lib:/home/mmitss/Documents/cda-mmitss/other/install/j3224_v2x_msgs/lib:/home/mmitss/Documents/cda-mmitss/other/install/j2735_v2x_msgs/lib:/home/mmitss/Documents/cda-mmitss/other/install/carma_debug_ros2_msgs/lib:/home/mmitss/Documents/cda-mmitss/other/install/carma_perception_msgs/lib:/home/mmitss/Documents/cda-mmitss/other/install/carma_driver_msgs/lib:/home/mmitss/Documents/cda-mmitss/other/install/carma_msgs/lib:/home/mmitss/Documents/cda-mmitss/other/install/carma_localization_msgs/lib:/home/mmitss/Documents/cda-mmitss/other/install/can_msgs/lib:/opt/ros/foxy/opt/yaml_cpp_vendor/lib:/opt/ros/foxy/opt/rviz_ogre_vendor/lib:/opt/ros/foxy/lib/x86_64-linux-gnu:/opt/ros/foxy/lib:/opt/ibm/ILOG/CPLEX_Studio221/cplex/lib/x86-64_linux:/opt/ibm/ILOG/CPLEX_Studio221/concert/lib/x86-64_linux PYTHONPATH=/home/mmitss/Documents/cda-mmitss/other/install/carma_planning_msgs/lib/python3.8/site-packages:/home/mmitss/Documents/cda-mmitss/other/install/carma_v2x_msgs/lib/python3.8/site-packages:/home/mmitss/Documents/cda-mmitss/other/install/j3224_v2x_msgs/lib/python3.8/site-packages:/home/mmitss/Documents/cda-mmitss/other/install/j2735_v2x_msgs/lib/python3.8/site-packages:/home/mmitss/Documents/cda-mmitss/other/install/carma_debug_ros2_msgs/lib/python3.8/site-packages:/home/mmitss/Documents/cda-mmitss/other/install/carma_perception_msgs/lib/python3.8/site-packages:/home/mmitss/Documents/cda-mmitss/other/install/carma_driver_msgs/lib/python3.8/site-packages:/home/mmitss/Documents/cda-mmitss/other/install/carma_msgs/lib/python3.8/site-packages:/home/mmitss/Documents/cda-mmitss/other/install/carma_localization_msgs/lib/python3.8/site-packages:/home/mmitss/Documents/cda-mmitss/other/install/can_msgs/lib/python3.8/site-packages:/opt/ros/foxy/lib/python3.8/site-packages /usr/bin/cmake --install /home/mmitss/Documents/cda-mmitss/other/build/carma_debug_ros2_msgs
[16.591s] -- Install configuration: "Release"
[16.594s] -- Up-to-date: /home/mmitss/Documents/cda-mmitss/other/install/carma_debug_ros2_msgs/share/ament_index/resource_index/rosidl_interfaces/carma_debug_ros2_msgs
[16.594s] -- Up-to-date: /home/mmitss/Documents/cda-mmitss/other/install/carma_debug_ros2_msgs/include/carma_debug_ros2_msgs
[16.594s] -- Up-to-date: /home/mmitss/Documents/cda-mmitss/other/install/carma_debug_ros2_msgs/include/carma_debug_ros2_msgs/msg
[16.595s] -- Up-to-date: /home/mmitss/Documents/cda-mmitss/other/install/carma_debug_ros2_msgs/include/carma_debug_ros2_msgs/msg/rosidl_generator_c__visibility_control.h
[16.595s] -- Installing: /home/mmitss/Documents/cda-mmitss/other/install/carma_debug_ros2_msgs/include/carma_debug_ros2_msgs/msg/regulatory_element.h
[16.595s] -- Installing: /home/mmitss/Documents/cda-mmitss/other/install/carma_debug_ros2_msgs/include/carma_debug_ros2_msgs/msg/trajectory_curvature_speeds.h
[16.595s] -- Installing: /home/mmitss/Documents/cda-mmitss/other/install/carma_debug_ros2_msgs/include/carma_debug_ros2_msgs/msg/lanelet_id_regulatory_element_pair.h
[16.595s] -- Installing: /home/mmitss/Documents/cda-mmitss/other/install/carma_debug_ros2_msgs/include/carma_debug_ros2_msgs/msg/map_update_readable.h
[16.595s] -- Up-to-date: /home/mmitss/Documents/cda-mmitss/other/install/carma_debug_ros2_msgs/include/carma_debug_ros2_msgs/msg/detail
[16.595s] -- Installing: /home/mmitss/Documents/cda-mmitss/other/install/carma_debug_ros2_msgs/include/carma_debug_ros2_msgs/msg/detail/regulatory_element__functions.h
[16.595s] -- Installing: /home/mmitss/Documents/cda-mmitss/other/install/carma_debug_ros2_msgs/include/carma_debug_ros2_msgs/msg/detail/regulatory_element__struct.h
[16.595s] -- Installing: /home/mmitss/Documents/cda-mmitss/other/install/carma_debug_ros2_msgs/include/carma_debug_ros2_msgs/msg/detail/lanelet_id_regulatory_element_pair__type_support.h
[16.596s] -- Installing: /home/mmitss/Documents/cda-mmitss/other/install/carma_debug_ros2_msgs/include/carma_debug_ros2_msgs/msg/detail/lanelet_id_regulatory_element_pair__struct.h
[16.596s] -- Installing: /home/mmitss/Documents/cda-mmitss/other/install/carma_debug_ros2_msgs/include/carma_debug_ros2_msgs/msg/detail/map_update_readable__functions.h
[16.596s] -- Installing: /home/mmitss/Documents/cda-mmitss/other/install/carma_debug_ros2_msgs/include/carma_debug_ros2_msgs/msg/detail/lanelet_id_regulatory_element_pair__functions.c
[16.596s] -- Installing: /home/mmitss/Documents/cda-mmitss/other/install/carma_debug_ros2_msgs/include/carma_debug_ros2_msgs/msg/detail/map_update_readable__functions.c
[16.596s] -- Installing: /home/mmitss/Documents/cda-mmitss/other/install/carma_debug_ros2_msgs/include/carma_debug_ros2_msgs/msg/detail/regulatory_element__functions.c
[16.596s] -- Installing: /home/mmitss/Documents/cda-mmitss/other/install/carma_debug_ros2_msgs/include/carma_debug_ros2_msgs/msg/detail/trajectory_curvature_speeds__struct.h
[16.597s] -- Installing: /home/mmitss/Documents/cda-mmitss/other/install/carma_debug_ros2_msgs/include/carma_debug_ros2_msgs/msg/detail/lanelet_id_regulatory_element_pair__functions.h
[16.597s] -- Installing: /home/mmitss/Documents/cda-mmitss/other/install/carma_debug_ros2_msgs/include/carma_debug_ros2_msgs/msg/detail/map_update_readable__type_support.h
[16.597s] -- Installing: /home/mmitss/Documents/cda-mmitss/other/install/carma_debug_ros2_msgs/include/carma_debug_ros2_msgs/msg/detail/regulatory_element__type_support.h
[16.597s] -- Installing: /home/mmitss/Documents/cda-mmitss/other/install/carma_debug_ros2_msgs/include/carma_debug_ros2_msgs/msg/detail/map_update_readable__struct.h
[16.597s] -- Installing: /home/mmitss/Documents/cda-mmitss/other/install/carma_debug_ros2_msgs/include/carma_debug_ros2_msgs/msg/detail/trajectory_curvature_speeds__functions.c
[16.597s] -- Installing: /home/mmitss/Documents/cda-mmitss/other/install/carma_debug_ros2_msgs/include/carma_debug_ros2_msgs/msg/detail/trajectory_curvature_speeds__type_support.h
[16.597s] -- Installing: /home/mmitss/Documents/cda-mmitss/other/install/carma_debug_ros2_msgs/include/carma_debug_ros2_msgs/msg/detail/trajectory_curvature_speeds__functions.h
[16.598s] -- Installing: /home/mmitss/Documents/cda-mmitss/other/install/carma_debug_ros2_msgs/share/carma_debug_ros2_msgs/environment/library_path.sh
[16.598s] -- Installing: /home/mmitss/Documents/cda-mmitss/other/install/carma_debug_ros2_msgs/share/carma_debug_ros2_msgs/environment/library_path.dsv
[16.598s] -- Installing: /home/mmitss/Documents/cda-mmitss/other/install/carma_debug_ros2_msgs/lib/libcarma_debug_ros2_msgs__rosidl_generator_c.so
[16.599s] -- Set runtime path of "/home/mmitss/Documents/cda-mmitss/other/install/carma_debug_ros2_msgs/lib/libcarma_debug_ros2_msgs__rosidl_generator_c.so" to ""
[16.599s] -- Up-to-date: /home/mmitss/Documents/cda-mmitss/other/install/carma_debug_ros2_msgs/include/carma_debug_ros2_msgs
[16.599s] -- Up-to-date: /home/mmitss/Documents/cda-mmitss/other/install/carma_debug_ros2_msgs/include/carma_debug_ros2_msgs/msg
[16.599s] -- Up-to-date: /home/mmitss/Documents/cda-mmitss/other/install/carma_debug_ros2_msgs/include/carma_debug_ros2_msgs/msg/rosidl_typesupport_fastrtps_c__visibility_control.h
[16.599s] -- Up-to-date: /home/mmitss/Documents/cda-mmitss/other/install/carma_debug_ros2_msgs/include/carma_debug_ros2_msgs/msg/detail
[16.599s] -- Installing: /home/mmitss/Documents/cda-mmitss/other/install/carma_debug_ros2_msgs/include/carma_debug_ros2_msgs/msg/detail/regulatory_element__rosidl_typesupport_fastrtps_c.h
[16.600s] -- Installing: /home/mmitss/Documents/cda-mmitss/other/install/carma_debug_ros2_msgs/include/carma_debug_ros2_msgs/msg/detail/trajectory_curvature_speeds__rosidl_typesupport_fastrtps_c.h
[16.600s] -- Installing: /home/mmitss/Documents/cda-mmitss/other/install/carma_debug_ros2_msgs/include/carma_debug_ros2_msgs/msg/detail/map_update_readable__rosidl_typesupport_fastrtps_c.h
[16.600s] -- Installing: /home/mmitss/Documents/cda-mmitss/other/install/carma_debug_ros2_msgs/include/carma_debug_ros2_msgs/msg/detail/lanelet_id_regulatory_element_pair__rosidl_typesupport_fastrtps_c.h
[16.600s] -- Installing: /home/mmitss/Documents/cda-mmitss/other/install/carma_debug_ros2_msgs/lib/libcarma_debug_ros2_msgs__rosidl_typesupport_fastrtps_c.so
[16.601s] -- Set runtime path of "/home/mmitss/Documents/cda-mmitss/other/install/carma_debug_ros2_msgs/lib/libcarma_debug_ros2_msgs__rosidl_typesupport_fastrtps_c.so" to ""
[16.601s] -- Up-to-date: /home/mmitss/Documents/cda-mmitss/other/install/carma_debug_ros2_msgs/include/carma_debug_ros2_msgs
[16.601s] -- Up-to-date: /home/mmitss/Documents/cda-mmitss/other/install/carma_debug_ros2_msgs/include/carma_debug_ros2_msgs/msg
[16.601s] -- Up-to-date: /home/mmitss/Documents/cda-mmitss/other/install/carma_debug_ros2_msgs/include/carma_debug_ros2_msgs/msg/rosidl_typesupport_fastrtps_cpp__visibility_control.h
[16.602s] -- Up-to-date: /home/mmitss/Documents/cda-mmitss/other/install/carma_debug_ros2_msgs/include/carma_debug_ros2_msgs/msg/detail
[16.602s] -- Installing: /home/mmitss/Documents/cda-mmitss/other/install/carma_debug_ros2_msgs/include/carma_debug_ros2_msgs/msg/detail/trajectory_curvature_speeds__rosidl_typesupport_fastrtps_cpp.hpp
[16.602s] -- Installing: /home/mmitss/Documents/cda-mmitss/other/install/carma_debug_ros2_msgs/include/carma_debug_ros2_msgs/msg/detail/lanelet_id_regulatory_element_pair__rosidl_typesupport_fastrtps_cpp.hpp
[16.602s] -- Installing: /home/mmitss/Documents/cda-mmitss/other/install/carma_debug_ros2_msgs/include/carma_debug_ros2_msgs/msg/detail/map_update_readable__rosidl_typesupport_fastrtps_cpp.hpp
[16.602s] -- Installing: /home/mmitss/Documents/cda-mmitss/other/install/carma_debug_ros2_msgs/include/carma_debug_ros2_msgs/msg/detail/regulatory_element__rosidl_typesupport_fastrtps_cpp.hpp
[16.602s] -- Up-to-date: /home/mmitss/Documents/cda-mmitss/other/install/carma_debug_ros2_msgs/include/carma_debug_ros2_msgs/msg/detail/dds_fastrtps
[16.602s] -- Installing: /home/mmitss/Documents/cda-mmitss/other/install/carma_debug_ros2_msgs/lib/libcarma_debug_ros2_msgs__rosidl_typesupport_fastrtps_cpp.so
[16.603s] -- Set runtime path of "/home/mmitss/Documents/cda-mmitss/other/install/carma_debug_ros2_msgs/lib/libcarma_debug_ros2_msgs__rosidl_typesupport_fastrtps_cpp.so" to ""
[16.603s] -- Up-to-date: /home/mmitss/Documents/cda-mmitss/other/install/carma_debug_ros2_msgs/include/carma_debug_ros2_msgs
[16.604s] -- Up-to-date: /home/mmitss/Documents/cda-mmitss/other/install/carma_debug_ros2_msgs/include/carma_debug_ros2_msgs/msg
[16.604s] -- Up-to-date: /home/mmitss/Documents/cda-mmitss/other/install/carma_debug_ros2_msgs/include/carma_debug_ros2_msgs/msg/rosidl_typesupport_introspection_c__visibility_control.h
[16.604s] -- Up-to-date: /home/mmitss/Documents/cda-mmitss/other/install/carma_debug_ros2_msgs/include/carma_debug_ros2_msgs/msg/detail
[16.604s] -- Installing: /home/mmitss/Documents/cda-mmitss/other/install/carma_debug_ros2_msgs/include/carma_debug_ros2_msgs/msg/detail/map_update_readable__type_support.c
[16.604s] -- Installing: /home/mmitss/Documents/cda-mmitss/other/install/carma_debug_ros2_msgs/include/carma_debug_ros2_msgs/msg/detail/regulatory_element__type_support.c
[16.604s] -- Installing: /home/mmitss/Documents/cda-mmitss/other/install/carma_debug_ros2_msgs/include/carma_debug_ros2_msgs/msg/detail/regulatory_element__rosidl_typesupport_introspection_c.h
[16.604s] -- Installing: /home/mmitss/Documents/cda-mmitss/other/install/carma_debug_ros2_msgs/include/carma_debug_ros2_msgs/msg/detail/trajectory_curvature_speeds__rosidl_typesupport_introspection_c.h
[16.604s] -- Installing: /home/mmitss/Documents/cda-mmitss/other/install/carma_debug_ros2_msgs/include/carma_debug_ros2_msgs/msg/detail/map_update_readable__rosidl_typesupport_introspection_c.h
[16.605s] -- Installing: /home/mmitss/Documents/cda-mmitss/other/install/carma_debug_ros2_msgs/include/carma_debug_ros2_msgs/msg/detail/lanelet_id_regulatory_element_pair__type_support.c
[16.605s] -- Installing: /home/mmitss/Documents/cda-mmitss/other/install/carma_debug_ros2_msgs/include/carma_debug_ros2_msgs/msg/detail/trajectory_curvature_speeds__type_support.c
[16.605s] -- Installing: /home/mmitss/Documents/cda-mmitss/other/install/carma_debug_ros2_msgs/include/carma_debug_ros2_msgs/msg/detail/lanelet_id_regulatory_element_pair__rosidl_typesupport_introspection_c.h
[16.605s] -- Installing: /home/mmitss/Documents/cda-mmitss/other/install/carma_debug_ros2_msgs/lib/libcarma_debug_ros2_msgs__rosidl_typesupport_introspection_c.so
[16.606s] -- Set runtime path of "/home/mmitss/Documents/cda-mmitss/other/install/carma_debug_ros2_msgs/lib/libcarma_debug_ros2_msgs__rosidl_typesupport_introspection_c.so" to ""
[16.606s] -- Installing: /home/mmitss/Documents/cda-mmitss/other/install/carma_debug_ros2_msgs/lib/libcarma_debug_ros2_msgs__rosidl_typesupport_c.so
[16.607s] -- Set runtime path of "/home/mmitss/Documents/cda-mmitss/other/install/carma_debug_ros2_msgs/lib/libcarma_debug_ros2_msgs__rosidl_typesupport_c.so" to ""
[16.607s] -- Up-to-date: /home/mmitss/Documents/cda-mmitss/other/install/carma_debug_ros2_msgs/include/carma_debug_ros2_msgs
[16.607s] -- Up-to-date: /home/mmitss/Documents/cda-mmitss/other/install/carma_debug_ros2_msgs/include/carma_debug_ros2_msgs/msg
[16.607s] -- Installing: /home/mmitss/Documents/cda-mmitss/other/install/carma_debug_ros2_msgs/include/carma_debug_ros2_msgs/msg/map_update_readable.hpp
[16.608s] -- Up-to-date: /home/mmitss/Documents/cda-mmitss/other/install/carma_debug_ros2_msgs/include/carma_debug_ros2_msgs/msg/rosidl_generator_cpp__visibility_control.hpp
[16.608s] -- Installing: /home/mmitss/Documents/cda-mmitss/other/install/carma_debug_ros2_msgs/include/carma_debug_ros2_msgs/msg/trajectory_curvature_speeds.hpp
[16.608s] -- Installing: /home/mmitss/Documents/cda-mmitss/other/install/carma_debug_ros2_msgs/include/carma_debug_ros2_msgs/msg/regulatory_element.hpp
[16.608s] -- Installing: /home/mmitss/Documents/cda-mmitss/other/install/carma_debug_ros2_msgs/include/carma_debug_ros2_msgs/msg/lanelet_id_regulatory_element_pair.hpp
[16.608s] -- Up-to-date: /home/mmitss/Documents/cda-mmitss/other/install/carma_debug_ros2_msgs/include/carma_debug_ros2_msgs/msg/detail
[16.608s] -- Installing: /home/mmitss/Documents/cda-mmitss/other/install/carma_debug_ros2_msgs/include/carma_debug_ros2_msgs/msg/detail/lanelet_id_regulatory_element_pair__type_support.hpp
[16.609s] -- Installing: /home/mmitss/Documents/cda-mmitss/other/install/carma_debug_ros2_msgs/include/carma_debug_ros2_msgs/msg/detail/trajectory_curvature_speeds__struct.hpp
[16.610s] -- Installing: /home/mmitss/Documents/cda-mmitss/other/install/carma_debug_ros2_msgs/include/carma_debug_ros2_msgs/msg/detail/map_update_readable__struct.hpp
[16.610s] -- Installing: /home/mmitss/Documents/cda-mmitss/other/install/carma_debug_ros2_msgs/include/carma_debug_ros2_msgs/msg/detail/lanelet_id_regulatory_element_pair__builder.hpp
[16.610s] -- Installing: /home/mmitss/Documents/cda-mmitss/other/install/carma_debug_ros2_msgs/include/carma_debug_ros2_msgs/msg/detail/trajectory_curvature_speeds__traits.hpp
[16.610s] -- Installing: /home/mmitss/Documents/cda-mmitss/other/install/carma_debug_ros2_msgs/include/carma_debug_ros2_msgs/msg/detail/regulatory_element__traits.hpp
[16.610s] -- Installing: /home/mmitss/Documents/cda-mmitss/other/install/carma_debug_ros2_msgs/include/carma_debug_ros2_msgs/msg/detail/map_update_readable__builder.hpp
[16.611s] -- Installing: /home/mmitss/Documents/cda-mmitss/other/install/carma_debug_ros2_msgs/include/carma_debug_ros2_msgs/msg/detail/regulatory_element__builder.hpp
[16.611s] -- Installing: /home/mmitss/Documents/cda-mmitss/other/install/carma_debug_ros2_msgs/include/carma_debug_ros2_msgs/msg/detail/map_update_readable__traits.hpp
[16.611s] -- Installing: /home/mmitss/Documents/cda-mmitss/other/install/carma_debug_ros2_msgs/include/carma_debug_ros2_msgs/msg/detail/regulatory_element__type_support.hpp
[16.611s] -- Installing: /home/mmitss/Documents/cda-mmitss/other/install/carma_debug_ros2_msgs/include/carma_debug_ros2_msgs/msg/detail/lanelet_id_regulatory_element_pair__traits.hpp
[16.611s] -- Installing: /home/mmitss/Documents/cda-mmitss/other/install/carma_debug_ros2_msgs/include/carma_debug_ros2_msgs/msg/detail/lanelet_id_regulatory_element_pair__struct.hpp
[16.611s] -- Installing: /home/mmitss/Documents/cda-mmitss/other/install/carma_debug_ros2_msgs/include/carma_debug_ros2_msgs/msg/detail/regulatory_element__struct.hpp
[16.612s] -- Installing: /home/mmitss/Documents/cda-mmitss/other/install/carma_debug_ros2_msgs/include/carma_debug_ros2_msgs/msg/detail/map_update_readable__type_support.hpp
[16.612s] -- Installing: /home/mmitss/Documents/cda-mmitss/other/install/carma_debug_ros2_msgs/include/carma_debug_ros2_msgs/msg/detail/trajectory_curvature_speeds__builder.hpp
[16.612s] -- Installing: /home/mmitss/Documents/cda-mmitss/other/install/carma_debug_ros2_msgs/include/carma_debug_ros2_msgs/msg/detail/trajectory_curvature_speeds__type_support.hpp
[16.612s] -- Up-to-date: /home/mmitss/Documents/cda-mmitss/other/install/carma_debug_ros2_msgs/include/carma_debug_ros2_msgs
[16.612s] -- Up-to-date: /home/mmitss/Documents/cda-mmitss/other/install/carma_debug_ros2_msgs/include/carma_debug_ros2_msgs/msg
[16.612s] -- Up-to-date: /home/mmitss/Documents/cda-mmitss/other/install/carma_debug_ros2_msgs/include/carma_debug_ros2_msgs/msg/detail
[16.613s] -- Installing: /home/mmitss/Documents/cda-mmitss/other/install/carma_debug_ros2_msgs/include/carma_debug_ros2_msgs/msg/detail/lanelet_id_regulatory_element_pair__type_support.cpp
[16.613s] -- Installing: /home/mmitss/Documents/cda-mmitss/other/install/carma_debug_ros2_msgs/include/carma_debug_ros2_msgs/msg/detail/trajectory_curvature_speeds__rosidl_typesupport_introspection_cpp.hpp
[16.613s] -- Installing: /home/mmitss/Documents/cda-mmitss/other/install/carma_debug_ros2_msgs/include/carma_debug_ros2_msgs/msg/detail/regulatory_element__rosidl_typesupport_introspection_cpp.hpp
[16.613s] -- Installing: /home/mmitss/Documents/cda-mmitss/other/install/carma_debug_ros2_msgs/include/carma_debug_ros2_msgs/msg/detail/map_update_readable__rosidl_typesupport_introspection_cpp.hpp
[16.613s] -- Installing: /home/mmitss/Documents/cda-mmitss/other/install/carma_debug_ros2_msgs/include/carma_debug_ros2_msgs/msg/detail/lanelet_id_regulatory_element_pair__rosidl_typesupport_introspection_cpp.hpp
[16.613s] -- Installing: /home/mmitss/Documents/cda-mmitss/other/install/carma_debug_ros2_msgs/include/carma_debug_ros2_msgs/msg/detail/regulatory_element__type_support.cpp
[16.613s] -- Installing: /home/mmitss/Documents/cda-mmitss/other/install/carma_debug_ros2_msgs/include/carma_debug_ros2_msgs/msg/detail/trajectory_curvature_speeds__type_support.cpp
[16.614s] -- Installing: /home/mmitss/Documents/cda-mmitss/other/install/carma_debug_ros2_msgs/include/carma_debug_ros2_msgs/msg/detail/map_update_readable__type_support.cpp
[16.614s] -- Installing: /home/mmitss/Documents/cda-mmitss/other/install/carma_debug_ros2_msgs/lib/libcarma_debug_ros2_msgs__rosidl_typesupport_introspection_cpp.so
[16.614s] -- Set runtime path of "/home/mmitss/Documents/cda-mmitss/other/install/carma_debug_ros2_msgs/lib/libcarma_debug_ros2_msgs__rosidl_typesupport_introspection_cpp.so" to ""
[16.615s] -- Installing: /home/mmitss/Documents/cda-mmitss/other/install/carma_debug_ros2_msgs/lib/libcarma_debug_ros2_msgs__rosidl_typesupport_cpp.so
[16.615s] -- Set runtime path of "/home/mmitss/Documents/cda-mmitss/other/install/carma_debug_ros2_msgs/lib/libcarma_debug_ros2_msgs__rosidl_typesupport_cpp.so" to ""
[16.615s] -- Up-to-date: /home/mmitss/Documents/cda-mmitss/other/install/carma_debug_ros2_msgs/share/carma_debug_ros2_msgs/environment/pythonpath.sh
[16.615s] -- Installing: /home/mmitss/Documents/cda-mmitss/other/install/carma_debug_ros2_msgs/share/carma_debug_ros2_msgs/environment/pythonpath.dsv
[16.616s] -- Installing: /home/mmitss/Documents/cda-mmitss/other/install/carma_debug_ros2_msgs/lib/python3.8/site-packages/carma_debug_ros2_msgs/__init__.py
[16.662s] Compiling '/home/mmitss/Documents/cda-mmitss/other/install/carma_debug_ros2_msgs/lib/python3.8/site-packages/carma_debug_ros2_msgs/__init__.py'...
[16.669s] -- Up-to-date: /home/mmitss/Documents/cda-mmitss/other/install/carma_debug_ros2_msgs/lib/python3.8/site-packages/carma_debug_ros2_msgs/msg
[16.669s] -- Installing: /home/mmitss/Documents/cda-mmitss/other/install/carma_debug_ros2_msgs/lib/python3.8/site-packages/carma_debug_ros2_msgs/msg/_lanelet_id_regulatory_element_pair.py
[16.669s] -- Installing: /home/mmitss/Documents/cda-mmitss/other/install/carma_debug_ros2_msgs/lib/python3.8/site-packages/carma_debug_ros2_msgs/msg/_map_update_readable.py
[16.670s] -- Installing: /home/mmitss/Documents/cda-mmitss/other/install/carma_debug_ros2_msgs/lib/python3.8/site-packages/carma_debug_ros2_msgs/msg/_trajectory_curvature_speeds.py
[16.670s] -- Installing: /home/mmitss/Documents/cda-mmitss/other/install/carma_debug_ros2_msgs/lib/python3.8/site-packages/carma_debug_ros2_msgs/msg/_lanelet_id_regulatory_element_pair_s.c
[16.670s] -- Installing: /home/mmitss/Documents/cda-mmitss/other/install/carma_debug_ros2_msgs/lib/python3.8/site-packages/carma_debug_ros2_msgs/msg/_map_update_readable_s.c
[16.670s] -- Installing: /home/mmitss/Documents/cda-mmitss/other/install/carma_debug_ros2_msgs/lib/python3.8/site-packages/carma_debug_ros2_msgs/msg/_trajectory_curvature_speeds_s.c
[16.670s] -- Installing: /home/mmitss/Documents/cda-mmitss/other/install/carma_debug_ros2_msgs/lib/python3.8/site-packages/carma_debug_ros2_msgs/msg/_regulatory_element.py
[16.670s] -- Installing: /home/mmitss/Documents/cda-mmitss/other/install/carma_debug_ros2_msgs/lib/python3.8/site-packages/carma_debug_ros2_msgs/msg/_regulatory_element_s.c
[16.670s] -- Installing: /home/mmitss/Documents/cda-mmitss/other/install/carma_debug_ros2_msgs/lib/python3.8/site-packages/carma_debug_ros2_msgs/msg/__init__.py
[16.671s] -- Installing: /home/mmitss/Documents/cda-mmitss/other/install/carma_debug_ros2_msgs/lib/python3.8/site-packages/carma_debug_ros2_msgs/carma_debug_ros2_msgs_s__rosidl_typesupport_fastrtps_c.cpython-38-x86_64-linux-gnu.so
[16.672s] -- Set runtime path of "/home/mmitss/Documents/cda-mmitss/other/install/carma_debug_ros2_msgs/lib/python3.8/site-packages/carma_debug_ros2_msgs/carma_debug_ros2_msgs_s__rosidl_typesupport_fastrtps_c.cpython-38-x86_64-linux-gnu.so" to ""
[16.673s] -- Installing: /home/mmitss/Documents/cda-mmitss/other/install/carma_debug_ros2_msgs/lib/python3.8/site-packages/carma_debug_ros2_msgs/carma_debug_ros2_msgs_s__rosidl_typesupport_introspection_c.cpython-38-x86_64-linux-gnu.so
[16.673s] -- Set runtime path of "/home/mmitss/Documents/cda-mmitss/other/install/carma_debug_ros2_msgs/lib/python3.8/site-packages/carma_debug_ros2_msgs/carma_debug_ros2_msgs_s__rosidl_typesupport_introspection_c.cpython-38-x86_64-linux-gnu.so" to ""
[16.674s] -- Installing: /home/mmitss/Documents/cda-mmitss/other/install/carma_debug_ros2_msgs/lib/python3.8/site-packages/carma_debug_ros2_msgs/carma_debug_ros2_msgs_s__rosidl_typesupport_c.cpython-38-x86_64-linux-gnu.so
[16.674s] -- Set runtime path of "/home/mmitss/Documents/cda-mmitss/other/install/carma_debug_ros2_msgs/lib/python3.8/site-packages/carma_debug_ros2_msgs/carma_debug_ros2_msgs_s__rosidl_typesupport_c.cpython-38-x86_64-linux-gnu.so" to ""
[16.675s] -- Installing: /home/mmitss/Documents/cda-mmitss/other/install/carma_debug_ros2_msgs/lib/libcarma_debug_ros2_msgs__python.so
[16.675s] -- Set runtime path of "/home/mmitss/Documents/cda-mmitss/other/install/carma_debug_ros2_msgs/lib/libcarma_debug_ros2_msgs__python.so" to ""
[16.676s] -- Up-to-date: /home/mmitss/Documents/cda-mmitss/other/install/carma_debug_ros2_msgs/share/carma_debug_ros2_msgs/msg/LaneletIdRegulatoryElementPair.idl
[16.676s] -- Up-to-date: /home/mmitss/Documents/cda-mmitss/other/install/carma_debug_ros2_msgs/share/carma_debug_ros2_msgs/msg/MapUpdateReadable.idl
[16.676s] -- Up-to-date: /home/mmitss/Documents/cda-mmitss/other/install/carma_debug_ros2_msgs/share/carma_debug_ros2_msgs/msg/RegulatoryElement.idl
[16.676s] -- Up-to-date: /home/mmitss/Documents/cda-mmitss/other/install/carma_debug_ros2_msgs/share/carma_debug_ros2_msgs/msg/TrajectoryCurvatureSpeeds.idl
[16.676s] -- Installing: /home/mmitss/Documents/cda-mmitss/other/install/carma_debug_ros2_msgs/share/carma_debug_ros2_msgs/msg/LaneletIdRegulatoryElementPair.msg
[16.676s] -- Installing: /home/mmitss/Documents/cda-mmitss/other/install/carma_debug_ros2_msgs/share/carma_debug_ros2_msgs/msg/MapUpdateReadable.msg
[16.676s] -- Installing: /home/mmitss/Documents/cda-mmitss/other/install/carma_debug_ros2_msgs/share/carma_debug_ros2_msgs/msg/RegulatoryElement.msg
[16.677s] -- Installing: /home/mmitss/Documents/cda-mmitss/other/install/carma_debug_ros2_msgs/share/carma_debug_ros2_msgs/msg/TrajectoryCurvatureSpeeds.msg
[16.677s] -- Up-to-date: /home/mmitss/Documents/cda-mmitss/other/install/carma_debug_ros2_msgs/share/ament_index/resource_index/package_run_dependencies/carma_debug_ros2_msgs
[16.677s] -- Installing: /home/mmitss/Documents/cda-mmitss/other/install/carma_debug_ros2_msgs/share/ament_index/resource_index/parent_prefix_path/carma_debug_ros2_msgs
[16.678s] -- Installing: /home/mmitss/Documents/cda-mmitss/other/install/carma_debug_ros2_msgs/share/carma_debug_ros2_msgs/environment/ament_prefix_path.sh
[16.678s] -- Installing: /home/mmitss/Documents/cda-mmitss/other/install/carma_debug_ros2_msgs/share/carma_debug_ros2_msgs/environment/ament_prefix_path.dsv
[16.678s] -- Installing: /home/mmitss/Documents/cda-mmitss/other/install/carma_debug_ros2_msgs/share/carma_debug_ros2_msgs/environment/path.sh
[16.679s] -- Installing: /home/mmitss/Documents/cda-mmitss/other/install/carma_debug_ros2_msgs/share/carma_debug_ros2_msgs/environment/path.dsv
[16.679s] -- Up-to-date: /home/mmitss/Documents/cda-mmitss/other/install/carma_debug_ros2_msgs/share/carma_debug_ros2_msgs/local_setup.bash
[16.679s] -- Up-to-date: /home/mmitss/Documents/cda-mmitss/other/install/carma_debug_ros2_msgs/share/carma_debug_ros2_msgs/local_setup.sh
[16.679s] -- Up-to-date: /home/mmitss/Documents/cda-mmitss/other/install/carma_debug_ros2_msgs/share/carma_debug_ros2_msgs/local_setup.zsh
[16.679s] -- Installing: /home/mmitss/Documents/cda-mmitss/other/install/carma_debug_ros2_msgs/share/carma_debug_ros2_msgs/local_setup.dsv
[16.679s] -- Installing: /home/mmitss/Documents/cda-mmitss/other/install/carma_debug_ros2_msgs/share/carma_debug_ros2_msgs/package.dsv
[16.680s] -- Up-to-date: /home/mmitss/Documents/cda-mmitss/other/install/carma_debug_ros2_msgs/share/ament_index/resource_index/packages/carma_debug_ros2_msgs
[16.680s] -- Up-to-date: /home/mmitss/Documents/cda-mmitss/other/install/carma_debug_ros2_msgs/share/carma_debug_ros2_msgs/cmake/carma_debug_ros2_msgs__rosidl_generator_cExport.cmake
[16.680s] -- Installing: /home/mmitss/Documents/cda-mmitss/other/install/carma_debug_ros2_msgs/share/carma_debug_ros2_msgs/cmake/carma_debug_ros2_msgs__rosidl_generator_cExport-release.cmake
[16.680s] -- Up-to-date: /home/mmitss/Documents/cda-mmitss/other/install/carma_debug_ros2_msgs/share/carma_debug_ros2_msgs/cmake/carma_debug_ros2_msgs__rosidl_typesupport_introspection_cExport.cmake
[16.681s] -- Installing: /home/mmitss/Documents/cda-mmitss/other/install/carma_debug_ros2_msgs/share/carma_debug_ros2_msgs/cmake/carma_debug_ros2_msgs__rosidl_typesupport_introspection_cExport-release.cmake
[16.681s] -- Up-to-date: /home/mmitss/Documents/cda-mmitss/other/install/carma_debug_ros2_msgs/share/carma_debug_ros2_msgs/cmake/carma_debug_ros2_msgs__rosidl_typesupport_cExport.cmake
[16.681s] -- Installing: /home/mmitss/Documents/cda-mmitss/other/install/carma_debug_ros2_msgs/share/carma_debug_ros2_msgs/cmake/carma_debug_ros2_msgs__rosidl_typesupport_cExport-release.cmake
[16.682s] -- Up-to-date: /home/mmitss/Documents/cda-mmitss/other/install/carma_debug_ros2_msgs/share/carma_debug_ros2_msgs/cmake/carma_debug_ros2_msgs__rosidl_generator_cppExport.cmake
[16.682s] -- Up-to-date: /home/mmitss/Documents/cda-mmitss/other/install/carma_debug_ros2_msgs/share/carma_debug_ros2_msgs/cmake/carma_debug_ros2_msgs__rosidl_typesupport_introspection_cppExport.cmake
[16.682s] -- Installing: /home/mmitss/Documents/cda-mmitss/other/install/carma_debug_ros2_msgs/share/carma_debug_ros2_msgs/cmake/carma_debug_ros2_msgs__rosidl_typesupport_introspection_cppExport-release.cmake
[16.682s] -- Up-to-date: /home/mmitss/Documents/cda-mmitss/other/install/carma_debug_ros2_msgs/share/carma_debug_ros2_msgs/cmake/carma_debug_ros2_msgs__rosidl_typesupport_cppExport.cmake
[16.682s] -- Installing: /home/mmitss/Documents/cda-mmitss/other/install/carma_debug_ros2_msgs/share/carma_debug_ros2_msgs/cmake/carma_debug_ros2_msgs__rosidl_typesupport_cppExport-release.cmake
[16.683s] -- Up-to-date: /home/mmitss/Documents/cda-mmitss/other/install/carma_debug_ros2_msgs/share/carma_debug_ros2_msgs/cmake/rosidl_cmake-extras.cmake
[16.683s] -- Up-to-date: /home/mmitss/Documents/cda-mmitss/other/install/carma_debug_ros2_msgs/share/carma_debug_ros2_msgs/cmake/ament_cmake_export_dependencies-extras.cmake
[16.683s] -- Up-to-date: /home/mmitss/Documents/cda-mmitss/other/install/carma_debug_ros2_msgs/share/carma_debug_ros2_msgs/cmake/ament_cmake_export_libraries-extras.cmake
[16.683s] -- Up-to-date: /home/mmitss/Documents/cda-mmitss/other/install/carma_debug_ros2_msgs/share/carma_debug_ros2_msgs/cmake/ament_cmake_export_targets-extras.cmake
[16.683s] -- Up-to-date: /home/mmitss/Documents/cda-mmitss/other/install/carma_debug_ros2_msgs/share/carma_debug_ros2_msgs/cmake/ament_cmake_export_include_directories-extras.cmake
[16.683s] -- Up-to-date: /home/mmitss/Documents/cda-mmitss/other/install/carma_debug_ros2_msgs/share/carma_debug_ros2_msgs/cmake/rosidl_cmake_export_typesupport_libraries-extras.cmake
[16.683s] -- Up-to-date: /home/mmitss/Documents/cda-mmitss/other/install/carma_debug_ros2_msgs/share/carma_debug_ros2_msgs/cmake/rosidl_cmake_export_typesupport_targets-extras.cmake
[16.684s] -- Up-to-date: /home/mmitss/Documents/cda-mmitss/other/install/carma_debug_ros2_msgs/share/carma_debug_ros2_msgs/cmake/carma_debug_ros2_msgsConfig.cmake
[16.684s] -- Up-to-date: /home/mmitss/Documents/cda-mmitss/other/install/carma_debug_ros2_msgs/share/carma_debug_ros2_msgs/cmake/carma_debug_ros2_msgsConfig-version.cmake
[16.684s] -- Installing: /home/mmitss/Documents/cda-mmitss/other/install/carma_debug_ros2_msgs/share/carma_debug_ros2_msgs/package.xml
[16.684s] -- Installing: /home/mmitss/Documents/cda-mmitss/other/install/carma_debug_ros2_msgs/share/carma_debug_ros2_msgs/rule.yml
[16.688s] Invoked command in '/home/mmitss/Documents/cda-mmitss/other/build/carma_debug_ros2_msgs' returned '0': CMAKE_PREFIX_PATH=/home/mmitss/Documents/cda-mmitss/other/install/carma_planning_msgs:/home/mmitss/Documents/cda-mmitss/other/install/carma_v2x_msgs:/home/mmitss/Documents/cda-mmitss/other/install/j3224_v2x_msgs:/home/mmitss/Documents/cda-mmitss/other/install/j2735_v2x_msgs:/home/mmitss/Documents/cda-mmitss/other/install/carma_cmake_common:/home/mmitss/Documents/cda-mmitss/other/install/carma_debug_ros2_msgs:/home/mmitss/Documents/cda-mmitss/other/install/carma_perception_msgs:/home/mmitss/Documents/cda-mmitss/other/install/carma_driver_msgs:/home/mmitss/Documents/cda-mmitss/other/install/carma_msgs:/home/mmitss/Documents/cda-mmitss/other/install/carma_localization_msgs:/home/mmitss/Documents/cda-mmitss/other/install/can_msgs:/opt/ros/foxy CONDA_PROMPT_MODIFIER=(base) LD_LIBRARY_PATH=/home/mmitss/Documents/cda-mmitss/other/install/carma_planning_msgs/lib:/home/mmitss/Documents/cda-mmitss/other/install/carma_v2x_msgs/lib:/home/mmitss/Documents/cda-mmitss/other/install/j3224_v2x_msgs/lib:/home/mmitss/Documents/cda-mmitss/other/install/j2735_v2x_msgs/lib:/home/mmitss/Documents/cda-mmitss/other/install/carma_debug_ros2_msgs/lib:/home/mmitss/Documents/cda-mmitss/other/install/carma_perception_msgs/lib:/home/mmitss/Documents/cda-mmitss/other/install/carma_driver_msgs/lib:/home/mmitss/Documents/cda-mmitss/other/install/carma_msgs/lib:/home/mmitss/Documents/cda-mmitss/other/install/carma_localization_msgs/lib:/home/mmitss/Documents/cda-mmitss/other/install/can_msgs/lib:/opt/ros/foxy/opt/yaml_cpp_vendor/lib:/opt/ros/foxy/opt/rviz_ogre_vendor/lib:/opt/ros/foxy/lib/x86_64-linux-gnu:/opt/ros/foxy/lib:/opt/ibm/ILOG/CPLEX_Studio221/cplex/lib/x86-64_linux:/opt/ibm/ILOG/CPLEX_Studio221/concert/lib/x86-64_linux PYTHONPATH=/home/mmitss/Documents/cda-mmitss/other/install/carma_planning_msgs/lib/python3.8/site-packages:/home/mmitss/Documents/cda-mmitss/other/install/carma_v2x_msgs/lib/python3.8/site-packages:/home/mmitss/Documents/cda-mmitss/other/install/j3224_v2x_msgs/lib/python3.8/site-packages:/home/mmitss/Documents/cda-mmitss/other/install/j2735_v2x_msgs/lib/python3.8/site-packages:/home/mmitss/Documents/cda-mmitss/other/install/carma_debug_ros2_msgs/lib/python3.8/site-packages:/home/mmitss/Documents/cda-mmitss/other/install/carma_perception_msgs/lib/python3.8/site-packages:/home/mmitss/Documents/cda-mmitss/other/install/carma_driver_msgs/lib/python3.8/site-packages:/home/mmitss/Documents/cda-mmitss/other/install/carma_msgs/lib/python3.8/site-packages:/home/mmitss/Documents/cda-mmitss/other/install/carma_localization_msgs/lib/python3.8/site-packages:/home/mmitss/Documents/cda-mmitss/other/install/can_msgs/lib/python3.8/site-packages:/opt/ros/foxy/lib/python3.8/site-packages /usr/bin/cmake --install /home/mmitss/Documents/cda-mmitss/other/build/carma_debug_ros2_msgs
