[0.294s] DEBUG:colcon:Command line arguments: ['/usr/bin/colcon', 'build', '--packages-select', 'carma-ros2-decoder']
[0.295s] DEBUG:colcon:Parsed command line arguments: Namespace(allow_overriding=[], ament_cmake_args=None, base_paths=['.'], build_base='build', catkin_cmake_args=None, catkin_skip_building_tests=False, cmake_args=None, cmake_clean_cache=False, cmake_clean_first=False, cmake_force_configure=False, cmake_target=None, cmake_target_skip_unavailable=False, continue_on_error=False, event_handlers=None, executor='parallel', ignore_user_meta=False, install_base='install', log_base=None, log_level=None, main=<bound method BuildVerb.main of <colcon_core.verb.build.BuildVerb object at 0x7fbf76e2a7f0>>, merge_install=False, metas=['./colcon.meta'], packages_above=None, packages_above_and_dependencies=None, packages_above_depth=None, packages_end=None, packages_ignore=None, packages_ignore_regex=None, packages_select=['carma-ros2-decoder'], packages_select_build_failed=False, packages_select_by_dep=None, packages_select_regex=None, packages_select_test_failures=False, packages_skip=None, packages_skip_build_finished=False, packages_skip_by_dep=None, packages_skip_regex=None, packages_skip_test_passed=False, packages_skip_up_to=None, packages_start=None, packages_up_to=None, packages_up_to_regex=None, parallel_workers=8, paths=None, symlink_install=False, test_result_base=None, verb_extension=<colcon_core.verb.build.BuildVerb object at 0x7fbf76e2a7f0>, verb_name='build', verb_parser=<colcon_defaults.argument_parser.defaults.DefaultArgumentsDecorator object at 0x7fbf76e2ad60>)
[0.351s] Level 1:colcon.colcon_core.package_discovery:discover_packages(colcon_meta) check parameters
[0.351s] Level 1:colcon.colcon_core.package_discovery:discover_packages(recursive) check parameters
[0.351s] Level 1:colcon.colcon_core.package_discovery:discover_packages(ignore) check parameters
[0.351s] Level 1:colcon.colcon_core.package_discovery:discover_packages(path) check parameters
[0.351s] Level 1:colcon.colcon_core.package_discovery:discover_packages(colcon_meta) discover
[0.351s] Level 1:colcon.colcon_core.package_discovery:discover_packages(recursive) discover
[0.351s] INFO:colcon.colcon_core.package_discovery:Crawling recursively for packages in '/home/mmitss/Documents/cda-mmitss/mmitss/src/common/MsgTransceiver'
[0.351s] Level 1:colcon.colcon_core.package_identification:_identify(.) by extensions ['ignore', 'ignore_ament_install']
[0.351s] Level 1:colcon.colcon_core.package_identification:_identify(.) by extension 'ignore'
[0.351s] Level 1:colcon.colcon_core.package_identification:_identify(.) by extension 'ignore_ament_install'
[0.351s] Level 1:colcon.colcon_core.package_identification:_identify(.) by extensions ['colcon_pkg']
[0.351s] Level 1:colcon.colcon_core.package_identification:_identify(.) by extension 'colcon_pkg'
[0.351s] Level 1:colcon.colcon_core.package_identification:_identify(.) by extensions ['colcon_meta']
[0.351s] Level 1:colcon.colcon_core.package_identification:_identify(.) by extension 'colcon_meta'
[0.351s] Level 1:colcon.colcon_core.package_identification:_identify(.) by extensions ['ros']
[0.351s] Level 1:colcon.colcon_core.package_identification:_identify(.) by extension 'ros'
[0.362s] Level 1:colcon.colcon_core.package_identification:_identify(.) by extensions ['cmake', 'python']
[0.362s] Level 1:colcon.colcon_core.package_identification:_identify(.) by extension 'cmake'
[0.362s] Level 1:colcon.colcon_core.package_identification:_identify(.) by extension 'python'
[0.362s] Level 1:colcon.colcon_core.package_identification:_identify(.) by extensions ['python_setup_py']
[0.362s] Level 1:colcon.colcon_core.package_identification:_identify(.) by extension 'python_setup_py'
[0.362s] Level 1:colcon.colcon_core.package_identification:_identify(CarmaDecoder) by extensions ['ignore', 'ignore_ament_install']
[0.362s] Level 1:colcon.colcon_core.package_identification:_identify(CarmaDecoder) by extension 'ignore'
[0.362s] Level 1:colcon.colcon_core.package_identification:_identify(CarmaDecoder) by extension 'ignore_ament_install'
[0.362s] Level 1:colcon.colcon_core.package_identification:_identify(CarmaDecoder) by extensions ['colcon_pkg']
[0.362s] Level 1:colcon.colcon_core.package_identification:_identify(CarmaDecoder) by extension 'colcon_pkg'
[0.363s] Level 1:colcon.colcon_core.package_identification:_identify(CarmaDecoder) by extensions ['colcon_meta']
[0.363s] Level 1:colcon.colcon_core.package_identification:_identify(CarmaDecoder) by extension 'colcon_meta'
[0.363s] Level 1:colcon.colcon_core.package_identification:_identify(CarmaDecoder) by extensions ['ros']
[0.363s] Level 1:colcon.colcon_core.package_identification:_identify(CarmaDecoder) by extension 'ros'
[0.363s] Level 1:colcon.colcon_core.package_identification:_identify(CarmaDecoder) by extensions ['cmake', 'python']
[0.363s] Level 1:colcon.colcon_core.package_identification:_identify(CarmaDecoder) by extension 'cmake'
[0.363s] Level 1:colcon.colcon_core.package_identification:_identify(CarmaDecoder) by extension 'python'
[0.363s] Level 1:colcon.colcon_core.package_identification:_identify(CarmaDecoder) by extensions ['python_setup_py']
[0.363s] Level 1:colcon.colcon_core.package_identification:_identify(CarmaDecoder) by extension 'python_setup_py'
[0.363s] Level 1:colcon.colcon_core.package_identification:_identify(CarmaDecoderRos2) by extensions ['ignore', 'ignore_ament_install']
[0.363s] Level 1:colcon.colcon_core.package_identification:_identify(CarmaDecoderRos2) by extension 'ignore'
[0.363s] Level 1:colcon.colcon_core.package_identification:_identify(CarmaDecoderRos2) by extension 'ignore_ament_install'
[0.363s] Level 1:colcon.colcon_core.package_identification:_identify(CarmaDecoderRos2) by extensions ['colcon_pkg']
[0.363s] Level 1:colcon.colcon_core.package_identification:_identify(CarmaDecoderRos2) by extension 'colcon_pkg'
[0.363s] Level 1:colcon.colcon_core.package_identification:_identify(CarmaDecoderRos2) by extensions ['colcon_meta']
[0.363s] Level 1:colcon.colcon_core.package_identification:_identify(CarmaDecoderRos2) by extension 'colcon_meta'
[0.363s] Level 1:colcon.colcon_core.package_identification:_identify(CarmaDecoderRos2) by extensions ['ros']
[0.363s] Level 1:colcon.colcon_core.package_identification:_identify(CarmaDecoderRos2) by extension 'ros'
[0.366s] DEBUG:colcon.colcon_core.package_identification:Package 'CarmaDecoderRos2' with type 'ros.ament_cmake' and name 'carma-ros2-decoder'
[0.366s] Level 1:colcon.colcon_core.package_identification:_identify(CarmaEncoder) by extensions ['ignore', 'ignore_ament_install']
[0.366s] Level 1:colcon.colcon_core.package_identification:_identify(CarmaEncoder) by extension 'ignore'
[0.366s] Level 1:colcon.colcon_core.package_identification:_identify(CarmaEncoder) by extension 'ignore_ament_install'
[0.366s] Level 1:colcon.colcon_core.package_identification:_identify(CarmaEncoder) by extensions ['colcon_pkg']
[0.366s] Level 1:colcon.colcon_core.package_identification:_identify(CarmaEncoder) by extension 'colcon_pkg'
[0.366s] Level 1:colcon.colcon_core.package_identification:_identify(CarmaEncoder) by extensions ['colcon_meta']
[0.366s] Level 1:colcon.colcon_core.package_identification:_identify(CarmaEncoder) by extension 'colcon_meta'
[0.366s] Level 1:colcon.colcon_core.package_identification:_identify(CarmaEncoder) by extensions ['ros']
[0.366s] Level 1:colcon.colcon_core.package_identification:_identify(CarmaEncoder) by extension 'ros'
[0.366s] Level 1:colcon.colcon_core.package_identification:_identify(CarmaEncoder) by extensions ['cmake', 'python']
[0.366s] Level 1:colcon.colcon_core.package_identification:_identify(CarmaEncoder) by extension 'cmake'
[0.366s] Level 1:colcon.colcon_core.package_identification:_identify(CarmaEncoder) by extension 'python'
[0.367s] Level 1:colcon.colcon_core.package_identification:_identify(CarmaEncoder) by extensions ['python_setup_py']
[0.367s] Level 1:colcon.colcon_core.package_identification:_identify(CarmaEncoder) by extension 'python_setup_py'
[0.367s] Level 1:colcon.colcon_core.package_identification:_identify(CarmaEncoderRos2) by extensions ['ignore', 'ignore_ament_install']
[0.367s] Level 1:colcon.colcon_core.package_identification:_identify(CarmaEncoderRos2) by extension 'ignore'
[0.367s] Level 1:colcon.colcon_core.package_identification:_identify(CarmaEncoderRos2) by extension 'ignore_ament_install'
[0.367s] Level 1:colcon.colcon_core.package_identification:_identify(CarmaEncoderRos2) by extensions ['colcon_pkg']
[0.367s] Level 1:colcon.colcon_core.package_identification:_identify(CarmaEncoderRos2) by extension 'colcon_pkg'
[0.367s] Level 1:colcon.colcon_core.package_identification:_identify(CarmaEncoderRos2) by extensions ['colcon_meta']
[0.367s] Level 1:colcon.colcon_core.package_identification:_identify(CarmaEncoderRos2) by extension 'colcon_meta'
[0.367s] Level 1:colcon.colcon_core.package_identification:_identify(CarmaEncoderRos2) by extensions ['ros']
[0.367s] Level 1:colcon.colcon_core.package_identification:_identify(CarmaEncoderRos2) by extension 'ros'
[0.368s] DEBUG:colcon.colcon_core.package_identification:Package 'CarmaEncoderRos2' with type 'ros.ament_cmake' and name 'carma-ros2-encoder'
[0.368s] Level 1:colcon.colcon_core.package_identification:_identify(MsgDecoder) by extensions ['ignore', 'ignore_ament_install']
[0.368s] Level 1:colcon.colcon_core.package_identification:_identify(MsgDecoder) by extension 'ignore'
[0.368s] Level 1:colcon.colcon_core.package_identification:_identify(MsgDecoder) by extension 'ignore_ament_install'
[0.368s] Level 1:colcon.colcon_core.package_identification:_identify(MsgDecoder) by extensions ['colcon_pkg']
[0.368s] Level 1:colcon.colcon_core.package_identification:_identify(MsgDecoder) by extension 'colcon_pkg'
[0.368s] Level 1:colcon.colcon_core.package_identification:_identify(MsgDecoder) by extensions ['colcon_meta']
[0.368s] Level 1:colcon.colcon_core.package_identification:_identify(MsgDecoder) by extension 'colcon_meta'
[0.368s] Level 1:colcon.colcon_core.package_identification:_identify(MsgDecoder) by extensions ['ros']
[0.368s] Level 1:colcon.colcon_core.package_identification:_identify(MsgDecoder) by extension 'ros'
[0.368s] Level 1:colcon.colcon_core.package_identification:_identify(MsgDecoder) by extensions ['cmake', 'python']
[0.368s] Level 1:colcon.colcon_core.package_identification:_identify(MsgDecoder) by extension 'cmake'
[0.368s] Level 1:colcon.colcon_core.package_identification:_identify(MsgDecoder) by extension 'python'
[0.368s] Level 1:colcon.colcon_core.package_identification:_identify(MsgDecoder) by extensions ['python_setup_py']
[0.368s] Level 1:colcon.colcon_core.package_identification:_identify(MsgDecoder) by extension 'python_setup_py'
[0.368s] Level 1:colcon.colcon_core.package_identification:_identify(MsgDecoder/HostBsmDecoder) by extensions ['ignore', 'ignore_ament_install']
[0.369s] Level 1:colcon.colcon_core.package_identification:_identify(MsgDecoder/HostBsmDecoder) by extension 'ignore'
[0.369s] Level 1:colcon.colcon_core.package_identification:_identify(MsgDecoder/HostBsmDecoder) by extension 'ignore_ament_install'
[0.369s] Level 1:colcon.colcon_core.package_identification:_identify(MsgDecoder/HostBsmDecoder) by extensions ['colcon_pkg']
[0.369s] Level 1:colcon.colcon_core.package_identification:_identify(MsgDecoder/HostBsmDecoder) by extension 'colcon_pkg'
[0.369s] Level 1:colcon.colcon_core.package_identification:_identify(MsgDecoder/HostBsmDecoder) by extensions ['colcon_meta']
[0.369s] Level 1:colcon.colcon_core.package_identification:_identify(MsgDecoder/HostBsmDecoder) by extension 'colcon_meta'
[0.369s] Level 1:colcon.colcon_core.package_identification:_identify(MsgDecoder/HostBsmDecoder) by extensions ['ros']
[0.369s] Level 1:colcon.colcon_core.package_identification:_identify(MsgDecoder/HostBsmDecoder) by extension 'ros'
[0.369s] Level 1:colcon.colcon_core.package_identification:_identify(MsgDecoder/HostBsmDecoder) by extensions ['cmake', 'python']
[0.369s] Level 1:colcon.colcon_core.package_identification:_identify(MsgDecoder/HostBsmDecoder) by extension 'cmake'
[0.369s] Level 1:colcon.colcon_core.package_identification:_identify(MsgDecoder/HostBsmDecoder) by extension 'python'
[0.369s] Level 1:colcon.colcon_core.package_identification:_identify(MsgDecoder/HostBsmDecoder) by extensions ['python_setup_py']
[0.369s] Level 1:colcon.colcon_core.package_identification:_identify(MsgDecoder/HostBsmDecoder) by extension 'python_setup_py'
[0.369s] Level 1:colcon.colcon_core.package_identification:_identify(MsgDecoder/WirelessMsgDecoder) by extensions ['ignore', 'ignore_ament_install']
[0.369s] Level 1:colcon.colcon_core.package_identification:_identify(MsgDecoder/WirelessMsgDecoder) by extension 'ignore'
[0.369s] Level 1:colcon.colcon_core.package_identification:_identify(MsgDecoder/WirelessMsgDecoder) by extension 'ignore_ament_install'
[0.369s] Level 1:colcon.colcon_core.package_identification:_identify(MsgDecoder/WirelessMsgDecoder) by extensions ['colcon_pkg']
[0.369s] Level 1:colcon.colcon_core.package_identification:_identify(MsgDecoder/WirelessMsgDecoder) by extension 'colcon_pkg'
[0.369s] Level 1:colcon.colcon_core.package_identification:_identify(MsgDecoder/WirelessMsgDecoder) by extensions ['colcon_meta']
[0.369s] Level 1:colcon.colcon_core.package_identification:_identify(MsgDecoder/WirelessMsgDecoder) by extension 'colcon_meta'
[0.369s] Level 1:colcon.colcon_core.package_identification:_identify(MsgDecoder/WirelessMsgDecoder) by extensions ['ros']
[0.369s] Level 1:colcon.colcon_core.package_identification:_identify(MsgDecoder/WirelessMsgDecoder) by extension 'ros'
[0.369s] Level 1:colcon.colcon_core.package_identification:_identify(MsgDecoder/WirelessMsgDecoder) by extensions ['cmake', 'python']
[0.369s] Level 1:colcon.colcon_core.package_identification:_identify(MsgDecoder/WirelessMsgDecoder) by extension 'cmake'
[0.370s] Level 1:colcon.colcon_core.package_identification:_identify(MsgDecoder/WirelessMsgDecoder) by extension 'python'
[0.370s] Level 1:colcon.colcon_core.package_identification:_identify(MsgDecoder/WirelessMsgDecoder) by extensions ['python_setup_py']
[0.370s] Level 1:colcon.colcon_core.package_identification:_identify(MsgDecoder/WirelessMsgDecoder) by extension 'python_setup_py'
[0.370s] Level 1:colcon.colcon_core.package_identification:_identify(MsgEncoder) by extensions ['ignore', 'ignore_ament_install']
[0.370s] Level 1:colcon.colcon_core.package_identification:_identify(MsgEncoder) by extension 'ignore'
[0.370s] Level 1:colcon.colcon_core.package_identification:_identify(MsgEncoder) by extension 'ignore_ament_install'
[0.370s] Level 1:colcon.colcon_core.package_identification:_identify(MsgEncoder) by extensions ['colcon_pkg']
[0.370s] Level 1:colcon.colcon_core.package_identification:_identify(MsgEncoder) by extension 'colcon_pkg'
[0.370s] Level 1:colcon.colcon_core.package_identification:_identify(MsgEncoder) by extensions ['colcon_meta']
[0.370s] Level 1:colcon.colcon_core.package_identification:_identify(MsgEncoder) by extension 'colcon_meta'
[0.370s] Level 1:colcon.colcon_core.package_identification:_identify(MsgEncoder) by extensions ['ros']
[0.370s] Level 1:colcon.colcon_core.package_identification:_identify(MsgEncoder) by extension 'ros'
[0.370s] Level 1:colcon.colcon_core.package_identification:_identify(MsgEncoder) by extensions ['cmake', 'python']
[0.370s] Level 1:colcon.colcon_core.package_identification:_identify(MsgEncoder) by extension 'cmake'
[0.370s] Level 1:colcon.colcon_core.package_identification:_identify(MsgEncoder) by extension 'python'
[0.370s] Level 1:colcon.colcon_core.package_identification:_identify(MsgEncoder) by extensions ['python_setup_py']
[0.370s] Level 1:colcon.colcon_core.package_identification:_identify(MsgEncoder) by extension 'python_setup_py'
[0.370s] Level 1:colcon.colcon_core.package_identification:_identify(build) by extensions ['ignore', 'ignore_ament_install']
[0.370s] Level 1:colcon.colcon_core.package_identification:_identify(build) by extension 'ignore'
[0.370s] Level 1:colcon.colcon_core.package_identification:_identify(build) ignored
[0.371s] Level 1:colcon.colcon_core.package_identification:_identify(install) by extensions ['ignore', 'ignore_ament_install']
[0.371s] Level 1:colcon.colcon_core.package_identification:_identify(install) by extension 'ignore'
[0.371s] Level 1:colcon.colcon_core.package_identification:_identify(install) ignored
[0.371s] Level 1:colcon.colcon_core.package_identification:_identify(log) by extensions ['ignore', 'ignore_ament_install']
[0.371s] Level 1:colcon.colcon_core.package_identification:_identify(log) by extension 'ignore'
[0.371s] Level 1:colcon.colcon_core.package_identification:_identify(log) ignored
[0.371s] Level 1:colcon.colcon_core.package_discovery:discover_packages(recursive) using defaults
[0.371s] Level 1:colcon.colcon_core.package_discovery:discover_packages(ignore) discover
[0.371s] Level 1:colcon.colcon_core.package_discovery:discover_packages(ignore) using defaults
[0.371s] Level 1:colcon.colcon_core.package_discovery:discover_packages(path) discover
[0.371s] Level 1:colcon.colcon_core.package_discovery:discover_packages(path) using defaults
[0.388s] INFO:colcon.colcon_core.package_selection:Skipping not selected package 'carma-ros2-encoder' in 'CarmaEncoderRos2'
[0.389s] Level 1:colcon.colcon_core.package_discovery:discover_packages(prefix_path) check parameters
[0.389s] Level 1:colcon.colcon_core.package_discovery:discover_packages(prefix_path) discover
[0.392s] DEBUG:colcon.colcon_installed_package_information.package_discovery:Found 16 installed packages in /home/mmitss/Documents/cda-mmitss/other/install
[0.394s] DEBUG:colcon.colcon_installed_package_information.package_discovery:Found 256 installed packages in /opt/ros/foxy
[0.395s] Level 1:colcon.colcon_core.package_discovery:discover_packages(prefix_path) using defaults
[0.454s] Level 5:colcon.colcon_core.verb:set package 'carma-ros2-decoder' build argument 'cmake_args' from command line to 'None'
[0.454s] Level 5:colcon.colcon_core.verb:set package 'carma-ros2-decoder' build argument 'cmake_target' from command line to 'None'
[0.454s] Level 5:colcon.colcon_core.verb:set package 'carma-ros2-decoder' build argument 'cmake_target_skip_unavailable' from command line to 'False'
[0.454s] Level 5:colcon.colcon_core.verb:set package 'carma-ros2-decoder' build argument 'cmake_clean_cache' from command line to 'False'
[0.454s] Level 5:colcon.colcon_core.verb:set package 'carma-ros2-decoder' build argument 'cmake_clean_first' from command line to 'False'
[0.454s] Level 5:colcon.colcon_core.verb:set package 'carma-ros2-decoder' build argument 'cmake_force_configure' from command line to 'False'
[0.454s] Level 5:colcon.colcon_core.verb:set package 'carma-ros2-decoder' build argument 'ament_cmake_args' from command line to 'None'
[0.454s] Level 5:colcon.colcon_core.verb:set package 'carma-ros2-decoder' build argument 'catkin_cmake_args' from command line to 'None'
[0.454s] Level 5:colcon.colcon_core.verb:set package 'carma-ros2-decoder' build argument 'catkin_skip_building_tests' from command line to 'False'
[0.454s] DEBUG:colcon.colcon_core.verb:Building package 'carma-ros2-decoder' with the following arguments: {'ament_cmake_args': None, 'build_base': '/home/mmitss/Documents/cda-mmitss/mmitss/src/common/MsgTransceiver/build/carma-ros2-decoder', 'catkin_cmake_args': None, 'catkin_skip_building_tests': False, 'cmake_args': None, 'cmake_clean_cache': False, 'cmake_clean_first': False, 'cmake_force_configure': False, 'cmake_target': None, 'cmake_target_skip_unavailable': False, 'install_base': '/home/mmitss/Documents/cda-mmitss/mmitss/src/common/MsgTransceiver/install/carma-ros2-decoder', 'merge_install': False, 'path': '/home/mmitss/Documents/cda-mmitss/mmitss/src/common/MsgTransceiver/CarmaDecoderRos2', 'symlink_install': False, 'test_result_base': None}
[0.455s] INFO:colcon.colcon_core.executor:Executing jobs using 'parallel' executor
[0.457s] DEBUG:colcon.colcon_parallel_executor.executor.parallel:run_until_complete
[0.458s] INFO:colcon.colcon_ros.task.ament_cmake.build:Building ROS package in '/home/mmitss/Documents/cda-mmitss/mmitss/src/common/MsgTransceiver/CarmaDecoderRos2' with build type 'ament_cmake'
[0.458s] INFO:colcon.colcon_cmake.task.cmake.build:Building CMake package in '/home/mmitss/Documents/cda-mmitss/mmitss/src/common/MsgTransceiver/CarmaDecoderRos2'
[0.462s] INFO:colcon.colcon_core.plugin_system:Skipping extension 'colcon_core.shell.bat': Not used on non-Windows systems
[0.462s] INFO:colcon.colcon_core.shell:Skip shell extension 'powershell' for command environment: Not usable outside of PowerShell
[0.462s] DEBUG:colcon.colcon_core.shell:Skip shell extension 'dsv' for command environment
[0.473s] DEBUG:colcon.colcon_core.event_handler.log_command:Invoking command in '/home/mmitss/Documents/cda-mmitss/mmitss/src/common/MsgTransceiver/build/carma-ros2-decoder': CMAKE_PREFIX_PATH=${CMAKE_PREFIX_PATH}:/opt/ros/foxy CONDA_PROMPT_MODIFIER=(base) /usr/bin/cmake --build /home/mmitss/Documents/cda-mmitss/mmitss/src/common/MsgTransceiver/build/carma-ros2-decoder -- -j8 -l8
[5.517s] DEBUG:colcon.colcon_core.event_handler.log_command:Invoked command in '/home/mmitss/Documents/cda-mmitss/mmitss/src/common/MsgTransceiver/build/carma-ros2-decoder' returned '2': CMAKE_PREFIX_PATH=${CMAKE_PREFIX_PATH}:/opt/ros/foxy CONDA_PROMPT_MODIFIER=(base) /usr/bin/cmake --build /home/mmitss/Documents/cda-mmitss/mmitss/src/common/MsgTransceiver/build/carma-ros2-decoder -- -j8 -l8
[5.552s] Level 1:colcon.colcon_core.environment:create_environment_scripts_only(carma-ros2-decoder)
[5.560s] Level 1:colcon.colcon_core.environment:checking '/home/mmitss/Documents/cda-mmitss/mmitss/src/common/MsgTransceiver/install/carma-ros2-decoder' for CMake module files
[5.560s] Level 1:colcon.colcon_core.environment:checking '/home/mmitss/Documents/cda-mmitss/mmitss/src/common/MsgTransceiver/install/carma-ros2-decoder' for CMake config files
[5.561s] Level 1:colcon.colcon_core.environment:checking '/home/mmitss/Documents/cda-mmitss/mmitss/src/common/MsgTransceiver/install/carma-ros2-decoder/bin'
[5.561s] Level 1:colcon.colcon_core.environment:checking '/home/mmitss/Documents/cda-mmitss/mmitss/src/common/MsgTransceiver/install/carma-ros2-decoder/lib/pkgconfig/carma-ros2-decoder.pc'
[5.561s] Level 1:colcon.colcon_core.environment:checking '/home/mmitss/Documents/cda-mmitss/mmitss/src/common/MsgTransceiver/install/carma-ros2-decoder/lib/python3.8/site-packages'
[5.561s] Level 1:colcon.colcon_core.environment:checking '/home/mmitss/Documents/cda-mmitss/mmitss/src/common/MsgTransceiver/install/carma-ros2-decoder/bin'
[5.563s] INFO:colcon.colcon_core.shell:Creating package script '/home/mmitss/Documents/cda-mmitss/mmitss/src/common/MsgTransceiver/install/carma-ros2-decoder/share/carma-ros2-decoder/package.ps1'
[5.565s] INFO:colcon.colcon_core.shell:Creating package descriptor '/home/mmitss/Documents/cda-mmitss/mmitss/src/common/MsgTransceiver/install/carma-ros2-decoder/share/carma-ros2-decoder/package.dsv'
[5.566s] INFO:colcon.colcon_core.shell:Creating package script '/home/mmitss/Documents/cda-mmitss/mmitss/src/common/MsgTransceiver/install/carma-ros2-decoder/share/carma-ros2-decoder/package.sh'
[5.567s] INFO:colcon.colcon_core.shell:Creating package script '/home/mmitss/Documents/cda-mmitss/mmitss/src/common/MsgTransceiver/install/carma-ros2-decoder/share/carma-ros2-decoder/package.bash'
[5.568s] INFO:colcon.colcon_core.shell:Creating package script '/home/mmitss/Documents/cda-mmitss/mmitss/src/common/MsgTransceiver/install/carma-ros2-decoder/share/carma-ros2-decoder/package.zsh'
[5.569s] Level 1:colcon.colcon_core.environment:create_file_with_runtime_dependencies(/home/mmitss/Documents/cda-mmitss/mmitss/src/common/MsgTransceiver/install/carma-ros2-decoder/share/colcon-core/packages/carma-ros2-decoder)
[5.579s] DEBUG:colcon.colcon_parallel_executor.executor.parallel:closing loop
[5.580s] DEBUG:colcon.colcon_parallel_executor.executor.parallel:loop closed
[5.580s] DEBUG:colcon.colcon_parallel_executor.executor.parallel:run_until_complete finished with '2'
[5.580s] DEBUG:colcon.colcon_core.event_reactor:joining thread
[5.598s] INFO:colcon.colcon_core.plugin_system:Skipping extension 'colcon_notification.desktop_notification.terminal_notifier': Not used on non-Darwin systems
[5.598s] INFO:colcon.colcon_core.plugin_system:Skipping extension 'colcon_notification.desktop_notification.win32': Not used on non-Windows systems
[5.599s] INFO:colcon.colcon_notification.desktop_notification:Sending desktop notification using 'notify2'
[5.727s] DEBUG:colcon.colcon_core.event_reactor:joined thread
[5.729s] INFO:colcon.colcon_core.shell:Creating prefix script '/home/mmitss/Documents/cda-mmitss/mmitss/src/common/MsgTransceiver/install/local_setup.ps1'
[5.729s] INFO:colcon.colcon_core.shell:Creating prefix util module '/home/mmitss/Documents/cda-mmitss/mmitss/src/common/MsgTransceiver/install/_local_setup_util_ps1.py'
[5.731s] INFO:colcon.colcon_core.shell:Creating prefix chain script '/home/mmitss/Documents/cda-mmitss/mmitss/src/common/MsgTransceiver/install/setup.ps1'
[5.733s] INFO:colcon.colcon_core.shell:Creating prefix script '/home/mmitss/Documents/cda-mmitss/mmitss/src/common/MsgTransceiver/install/local_setup.sh'
[5.733s] INFO:colcon.colcon_core.shell:Creating prefix util module '/home/mmitss/Documents/cda-mmitss/mmitss/src/common/MsgTransceiver/install/_local_setup_util_sh.py'
[5.734s] INFO:colcon.colcon_core.shell:Creating prefix chain script '/home/mmitss/Documents/cda-mmitss/mmitss/src/common/MsgTransceiver/install/setup.sh'
[5.736s] INFO:colcon.colcon_core.shell:Creating prefix script '/home/mmitss/Documents/cda-mmitss/mmitss/src/common/MsgTransceiver/install/local_setup.bash'
[5.736s] INFO:colcon.colcon_core.shell:Creating prefix chain script '/home/mmitss/Documents/cda-mmitss/mmitss/src/common/MsgTransceiver/install/setup.bash'
[5.739s] INFO:colcon.colcon_core.shell:Creating prefix script '/home/mmitss/Documents/cda-mmitss/mmitss/src/common/MsgTransceiver/install/local_setup.zsh'
[5.739s] INFO:colcon.colcon_core.shell:Creating prefix chain script '/home/mmitss/Documents/cda-mmitss/mmitss/src/common/MsgTransceiver/install/setup.zsh'
