[0.023s] Invoking command in '/home/mmitss/Documents/cda-mmitss/other/build/carma_cmake_common': CMAKE_PREFIX_PATH=${CMAKE_PREFIX_PATH}:/opt/ros/foxy CONDA_PROMPT_MODIFIER=(base) /usr/bin/cmake --build /home/mmitss/Documents/cda-mmitss/other/build/carma_cmake_common -- -j8 -l8
[0.103s] -- Found ros_environment: 2.5.1 (/opt/ros/foxy/share/ros_environment/cmake)
[0.103s] -- Found ament_cmake_core: 0.9.12 (/opt/ros/foxy/share/ament_cmake_core/cmake)
[0.152s] -- Using PYTHON_EXECUTABLE: /home/mmitss/anaconda3/bin/python3
[0.394s] -- Found ament_cmake_python: 0.9.12 (/opt/ros/foxy/share/ament_cmake_python/cmake)
[0.476s] -- Configuring done
[0.480s] -- Generating done
[0.481s] -- Build files have been written to: /home/mmitss/Documents/cda-mmitss/other/build/carma_cmake_common
[0.502s] Invoked command in '/home/mmitss/Documents/cda-mmitss/other/build/carma_cmake_common' returned '0': CMAKE_PREFIX_PATH=${CMAKE_PREFIX_PATH}:/opt/ros/foxy CONDA_PROMPT_MODIFIER=(base) /usr/bin/cmake --build /home/mmitss/Documents/cda-mmitss/other/build/carma_cmake_common -- -j8 -l8
[0.534s] Invoking command in '/home/mmitss/Documents/cda-mmitss/other/build/carma_cmake_common': CMAKE_PREFIX_PATH=${CMAKE_PREFIX_PATH}:/opt/ros/foxy CONDA_PROMPT_MODIFIER=(base) /usr/bin/cmake --install /home/mmitss/Documents/cda-mmitss/other/build/carma_cmake_common
[0.561s] -- Install configuration: ""
[0.562s] -- Up-to-date: /home/mmitss/Documents/cda-mmitss/other/install/carma_cmake_common/share/ament_index/resource_index/package_run_dependencies/carma_cmake_common
[0.564s] -- Installing: /home/mmitss/Documents/cda-mmitss/other/install/carma_cmake_common/share/ament_index/resource_index/parent_prefix_path/carma_cmake_common
[0.565s] -- Installing: /home/mmitss/Documents/cda-mmitss/other/install/carma_cmake_common/share/carma_cmake_common/environment/ament_prefix_path.sh
[0.565s] -- Installing: /home/mmitss/Documents/cda-mmitss/other/install/carma_cmake_common/share/carma_cmake_common/environment/ament_prefix_path.dsv
[0.565s] -- Installing: /home/mmitss/Documents/cda-mmitss/other/install/carma_cmake_common/share/carma_cmake_common/environment/path.sh
[0.566s] -- Installing: /home/mmitss/Documents/cda-mmitss/other/install/carma_cmake_common/share/carma_cmake_common/environment/path.dsv
[0.566s] -- Up-to-date: /home/mmitss/Documents/cda-mmitss/other/install/carma_cmake_common/share/carma_cmake_common/local_setup.bash
[0.566s] -- Up-to-date: /home/mmitss/Documents/cda-mmitss/other/install/carma_cmake_common/share/carma_cmake_common/local_setup.sh
[0.566s] -- Up-to-date: /home/mmitss/Documents/cda-mmitss/other/install/carma_cmake_common/share/carma_cmake_common/local_setup.zsh
[0.566s] -- Installing: /home/mmitss/Documents/cda-mmitss/other/install/carma_cmake_common/share/carma_cmake_common/local_setup.dsv
[0.566s] -- Installing: /home/mmitss/Documents/cda-mmitss/other/install/carma_cmake_common/share/carma_cmake_common/package.dsv
[0.566s] -- Up-to-date: /home/mmitss/Documents/cda-mmitss/other/install/carma_cmake_common/share/ament_index/resource_index/packages/carma_cmake_common
[0.567s] -- Installing: /home/mmitss/Documents/cda-mmitss/other/install/carma_cmake_common/share/carma_cmake_common/cmake/carma_check_ros_version.cmake
[0.567s] -- Installing: /home/mmitss/Documents/cda-mmitss/other/install/carma_cmake_common/share/carma_cmake_common/cmake/carma_package.cmake
[0.567s] -- Installing: /home/mmitss/Documents/cda-mmitss/other/install/carma_cmake_common/share/carma_cmake_common/cmake/carma_define_ament_library.cmake
[0.567s] -- Installing: /home/mmitss/Documents/cda-mmitss/other/install/carma_cmake_common/share/carma_cmake_common/cmake/carma_define_ament_executable.cmake
[0.568s] -- Up-to-date: /home/mmitss/Documents/cda-mmitss/other/install/carma_cmake_common/share/carma_cmake_common/cmake/carma_cmake_commonConfig.cmake
[0.568s] -- Up-to-date: /home/mmitss/Documents/cda-mmitss/other/install/carma_cmake_common/share/carma_cmake_common/cmake/carma_cmake_commonConfig-version.cmake
[0.568s] -- Installing: /home/mmitss/Documents/cda-mmitss/other/install/carma_cmake_common/share/carma_cmake_common/package.xml
[0.568s] -- Up-to-date: /home/mmitss/Documents/cda-mmitss/other/install/carma_cmake_common/share/carma_cmake_common/cmake
[0.568s] -- Up-to-date: /home/mmitss/Documents/cda-mmitss/other/install/carma_cmake_common/share/carma_cmake_common/cmake/carma_package.cmake
[0.568s] -- Up-to-date: /home/mmitss/Documents/cda-mmitss/other/install/carma_cmake_common/share/carma_cmake_common/cmake/carma_define_ament_library.cmake
[0.568s] -- Up-to-date: /home/mmitss/Documents/cda-mmitss/other/install/carma_cmake_common/share/carma_cmake_common/cmake/carma_check_ros_version.cmake
[0.568s] -- Up-to-date: /home/mmitss/Documents/cda-mmitss/other/install/carma_cmake_common/share/carma_cmake_common/cmake/carma_define_ament_executable.cmake
[0.571s] Invoked command in '/home/mmitss/Documents/cda-mmitss/other/build/carma_cmake_common' returned '0': CMAKE_PREFIX_PATH=${CMAKE_PREFIX_PATH}:/opt/ros/foxy CONDA_PROMPT_MODIFIER=(base) /usr/bin/cmake --install /home/mmitss/Documents/cda-mmitss/other/build/carma_cmake_common
