[0.038s] Invoking command in '/home/mmitss/Documents/cda-mmitss/other/build/carma_msgs': AMENT_PREFIX_PATH=/home/mmitss/Documents/cda-mmitss/other/install/carma_cmake_common:${AMENT_PREFIX_PATH} CMAKE_PREFIX_PATH=/home/mmitss/Documents/cda-mmitss/other/install/carma_cmake_common:/opt/ros/foxy CONDA_PROMPT_MODIFIER=(base) /usr/bin/cmake /home/mmitss/Documents/cda-mmitss/other/carma-msgs/carma_msgs -DCMAKE_INSTALL_PREFIX=/home/mmitss/Documents/cda-mmitss/other/install/carma_msgs
[0.131s] -- The C compiler identification is GNU 9.4.0
[0.214s] -- The CXX compiler identification is GNU 9.4.0
[0.221s] -- Check for working C compiler: /usr/bin/cc
[0.319s] -- Check for working C compiler: /usr/bin/cc -- works
[0.320s] -- Detecting C compiler ABI info
[0.426s] -- Detecting C compiler ABI info - done
[0.444s] -- Detecting C compile features
[0.445s] -- Detecting C compile features - done
[0.448s] -- Check for working CXX compiler: /usr/bin/c++
[0.560s] -- Check for working CXX compiler: /usr/bin/c++ -- works
[0.562s] -- Detecting CXX compiler ABI info
[0.677s] -- Detecting CXX compiler ABI info - done
[0.694s] -- Detecting CXX compile features
[0.695s] -- Detecting CXX compile features - done
[0.696s] -- Found carma_cmake_common: 0.1.0 (/home/mmitss/Documents/cda-mmitss/other/install/carma_cmake_common/share/carma_cmake_common/cmake)
[0.698s] -- Found ros_environment: 2.5.1 (/opt/ros/foxy/share/ros_environment/cmake)
[0.698s] -- Setting build type to Release as none was specified.
[0.700s] -- Found rosidl_default_generators: 1.0.1 (/opt/ros/foxy/share/rosidl_default_generators/cmake)
[0.701s] -- Found ament_cmake_core: 0.9.12 (/opt/ros/foxy/share/ament_cmake_core/cmake)
[0.737s] -- Found PythonInterp: /home/mmitss/anaconda3/bin/python3 (found suitable version "3.8.8", minimum required is "3") 
[0.737s] -- Using PYTHON_EXECUTABLE: /home/mmitss/anaconda3/bin/python3
[1.031s] -- Using all available rosidl_typesupport_c: rosidl_typesupport_fastrtps_c;rosidl_typesupport_introspection_c
[1.041s] -- Found rosidl_adapter: 1.3.1 (/opt/ros/foxy/share/rosidl_adapter/cmake)
[1.213s] -- Found OpenSSL: /usr/lib/x86_64-linux-gnu/libcrypto.so (found version "1.1.1f")  
[1.242s] -- Found FastRTPS: /opt/ros/foxy/include  
[1.355s] -- Using all available rosidl_typesupport_cpp: rosidl_typesupport_fastrtps_cpp;rosidl_typesupport_introspection_cpp
[1.395s] -- Found std_msgs: 2.0.5 (/opt/ros/foxy/share/std_msgs/cmake)
[1.494s] -- Found PythonInterp: /home/mmitss/anaconda3/bin/python3 (found version "3.8.8") 
[1.808s] -- Found ament_cmake_ros: 0.9.2 (/opt/ros/foxy/share/ament_cmake_ros/cmake)
[2.086s] -- Using all available rosidl_typesupport_c: rosidl_typesupport_fastrtps_c;rosidl_typesupport_introspection_c
[2.179s] -- Using all available rosidl_typesupport_cpp: rosidl_typesupport_fastrtps_cpp;rosidl_typesupport_introspection_cpp
[2.217s] -- Found PythonInterp: /home/mmitss/anaconda3/bin/python3 (found suitable version "3.8.8", minimum required is "3.5") 
[2.219s] -- Found python_cmake_module: 0.8.1 (/opt/ros/foxy/share/python_cmake_module/cmake)
[2.259s] -- Found PythonLibs: /home/mmitss/anaconda3/lib/libpython3.8.so (found suitable version "3.8.8", minimum required is "3.5") 
[2.260s] -- Using PYTHON_EXECUTABLE: /home/mmitss/anaconda3/bin/python3
[2.260s] -- Using PYTHON_INCLUDE_DIRS: /home/mmitss/anaconda3/include/python3.8
[2.260s] -- Using PYTHON_LIBRARIES: /home/mmitss/anaconda3/lib/libpython3.8.so
[2.293s] -- Found PythonExtra: .so  
[3.051s] -- Using numpy include directory: /home/mmitss/anaconda3/lib/python3.8/site-packages/numpy/core/include
[3.092s] -- Configuring done
[3.143s] CMake Warning at /opt/ros/foxy/share/rosidl_generator_py/cmake/rosidl_generator_py_generate_interfaces.cmake:235 (add_library):
[3.147s]   Cannot generate a safe runtime search path for target
[3.147s]   carma_msgs__rosidl_typesupport_fastrtps_c__pyext because files in some
[3.147s]   directories may conflict with libraries in implicit directories:
[3.148s] 
[3.148s]     runtime library [libssl.so.1.1] in /usr/lib/x86_64-linux-gnu may be hidden by files in:
[3.148s]       /home/mmitss/anaconda3/lib
[3.148s]     runtime library [libcrypto.so.1.1] in /usr/lib/x86_64-linux-gnu may be hidden by files in:
[3.148s]       /home/mmitss/anaconda3/lib
[3.148s] 
[3.148s]   Some of these libraries may not be found correctly.
[3.148s] Call Stack (most recent call first):
[3.149s]   /opt/ros/foxy/share/ament_cmake_core/cmake/core/ament_execute_extensions.cmake:48 (include)
[3.149s]   /opt/ros/foxy/share/rosidl_cmake/cmake/rosidl_generate_interfaces.cmake:286 (ament_execute_extensions)
[3.149s]   CMakeLists.txt:46 (rosidl_generate_interfaces)
[3.149s] 
[3.149s] 
[3.208s] -- Generating done
[3.211s] -- Build files have been written to: /home/mmitss/Documents/cda-mmitss/other/build/carma_msgs
[3.232s] Invoked command in '/home/mmitss/Documents/cda-mmitss/other/build/carma_msgs' returned '0': AMENT_PREFIX_PATH=/home/mmitss/Documents/cda-mmitss/other/install/carma_cmake_common:${AMENT_PREFIX_PATH} CMAKE_PREFIX_PATH=/home/mmitss/Documents/cda-mmitss/other/install/carma_cmake_common:/opt/ros/foxy CONDA_PROMPT_MODIFIER=(base) /usr/bin/cmake /home/mmitss/Documents/cda-mmitss/other/carma-msgs/carma_msgs -DCMAKE_INSTALL_PREFIX=/home/mmitss/Documents/cda-mmitss/other/install/carma_msgs
[3.233s] Invoking command in '/home/mmitss/Documents/cda-mmitss/other/build/carma_msgs': AMENT_PREFIX_PATH=/home/mmitss/Documents/cda-mmitss/other/install/carma_cmake_common:${AMENT_PREFIX_PATH} CMAKE_PREFIX_PATH=/home/mmitss/Documents/cda-mmitss/other/install/carma_cmake_common:/opt/ros/foxy CONDA_PROMPT_MODIFIER=(base) /usr/bin/cmake --build /home/mmitss/Documents/cda-mmitss/other/build/carma_msgs -- -j8 -l8
[3.357s] [35m[1mScanning dependencies of target carma_msgs__cpp[0m
[3.368s] [  1%] [34m[1mGenerating C code for ROS interfaces[0m
[3.403s] [  2%] [34m[1mGenerating C++ code for ROS interfaces[0m
[7.146s] [  2%] Built target carma_msgs__cpp
[7.172s] [  3%] [34m[1mGenerating C++ type support for eProsima Fast-RTPS[0m
[7.181s] [  4%] [34m[1mGenerating C++ introspection for ROS interfaces[0m
[7.186s] [  5%] [34m[1mGenerating C++ type support dispatch for ROS interfaces[0m
[7.476s] [35m[1mScanning dependencies of target carma_msgs__rosidl_generator_c[0m
[7.574s] [  6%] [32mBuilding C object CMakeFiles/carma_msgs__rosidl_generator_c.dir/rosidl_generator_c/carma_msgs/msg/detail/carla_enabled__functions.c.o[0m
[7.596s] [  7%] [32mBuilding C object CMakeFiles/carma_msgs__rosidl_generator_c.dir/rosidl_generator_c/carma_msgs/msg/detail/light_bar_cda_type__functions.c.o[0m
[7.628s] [  8%] [32mBuilding C object CMakeFiles/carma_msgs__rosidl_generator_c.dir/rosidl_generator_c/carma_msgs/msg/detail/light_bar_indicator__functions.c.o[0m
[7.634s] [  9%] [32mBuilding C object CMakeFiles/carma_msgs__rosidl_generator_c.dir/rosidl_generator_c/carma_msgs/msg/detail/light_bar_indicator_controllers__functions.c.o[0m
[7.653s] [ 10%] [32mBuilding C object CMakeFiles/carma_msgs__rosidl_generator_c.dir/rosidl_generator_c/carma_msgs/msg/detail/system_alert__functions.c.o[0m
[7.836s] [ 11%] [32mBuilding C object CMakeFiles/carma_msgs__rosidl_generator_c.dir/rosidl_generator_c/carma_msgs/msg/detail/ui_instructions__functions.c.o[0m
[8.093s] [ 12%] [32mBuilding C object CMakeFiles/carma_msgs__rosidl_generator_c.dir/rosidl_generator_c/carma_msgs/srv/detail/release_indicator_control__functions.c.o[0m
[8.114s] [ 13%] [32mBuilding C object CMakeFiles/carma_msgs__rosidl_generator_c.dir/rosidl_generator_c/carma_msgs/srv/detail/request_indicator_control__functions.c.o[0m
[8.123s] [ 14%] [32mBuilding C object CMakeFiles/carma_msgs__rosidl_generator_c.dir/rosidl_generator_c/carma_msgs/srv/detail/set_traffic_event__functions.c.o[0m
[8.593s] [ 15%] [32m[1mLinking C shared library libcarma_msgs__rosidl_generator_c.so[0m
[8.869s] [ 15%] Built target carma_msgs__rosidl_generator_c
[8.935s] [ 16%] [34m[1mGenerating C introspection for ROS interfaces[0m
[9.000s] [ 17%] [34m[1mGenerating C type support dispatch for ROS interfaces[0m
[10.141s] [35m[1mScanning dependencies of target carma_msgs__rosidl_typesupport_cpp[0m
[10.253s] [ 18%] [32mBuilding CXX object CMakeFiles/carma_msgs__rosidl_typesupport_cpp.dir/rosidl_typesupport_cpp/carma_msgs/msg/carla_enabled__type_support.cpp.o[0m
[10.259s] [ 20%] [32mBuilding CXX object CMakeFiles/carma_msgs__rosidl_typesupport_cpp.dir/rosidl_typesupport_cpp/carma_msgs/msg/light_bar_cda_type__type_support.cpp.o[0m
[10.463s] [35m[1mScanning dependencies of target carma_msgs__rosidl_typesupport_introspection_cpp[0m
[10.466s] [ 21%] [32mBuilding CXX object CMakeFiles/carma_msgs__rosidl_typesupport_cpp.dir/rosidl_typesupport_cpp/carma_msgs/msg/light_bar_indicator__type_support.cpp.o[0m
[10.476s] [ 22%] [32mBuilding CXX object CMakeFiles/carma_msgs__rosidl_typesupport_cpp.dir/rosidl_typesupport_cpp/carma_msgs/msg/light_bar_indicator_controllers__type_support.cpp.o[0m
[10.589s] [ 23%] [32mBuilding CXX object CMakeFiles/carma_msgs__rosidl_typesupport_introspection_cpp.dir/rosidl_typesupport_introspection_cpp/carma_msgs/msg/detail/carla_enabled__type_support.cpp.o[0m
[11.354s] [35m[1mScanning dependencies of target carma_msgs__rosidl_typesupport_fastrtps_cpp[0m
[11.425s] [ 24%] [32mBuilding CXX object CMakeFiles/carma_msgs__rosidl_typesupport_cpp.dir/rosidl_typesupport_cpp/carma_msgs/msg/system_alert__type_support.cpp.o[0m
[11.506s] [ 25%] [32mBuilding CXX object CMakeFiles/carma_msgs__rosidl_typesupport_fastrtps_cpp.dir/rosidl_typesupport_fastrtps_cpp/carma_msgs/msg/detail/dds_fastrtps/carla_enabled__type_support.cpp.o[0m
[11.641s] [ 26%] [32mBuilding CXX object CMakeFiles/carma_msgs__rosidl_typesupport_introspection_cpp.dir/rosidl_typesupport_introspection_cpp/carma_msgs/msg/detail/light_bar_cda_type__type_support.cpp.o[0m
[11.669s] [ 27%] [32mBuilding CXX object CMakeFiles/carma_msgs__rosidl_typesupport_introspection_cpp.dir/rosidl_typesupport_introspection_cpp/carma_msgs/msg/detail/light_bar_indicator__type_support.cpp.o[0m
[11.761s] [ 28%] [32mBuilding CXX object CMakeFiles/carma_msgs__rosidl_typesupport_cpp.dir/rosidl_typesupport_cpp/carma_msgs/msg/ui_instructions__type_support.cpp.o[0m
[11.778s] [ 29%] [32mBuilding CXX object CMakeFiles/carma_msgs__rosidl_typesupport_fastrtps_cpp.dir/rosidl_typesupport_fastrtps_cpp/carma_msgs/msg/detail/dds_fastrtps/light_bar_cda_type__type_support.cpp.o[0m
[12.696s] [ 30%] [32mBuilding CXX object CMakeFiles/carma_msgs__rosidl_typesupport_introspection_cpp.dir/rosidl_typesupport_introspection_cpp/carma_msgs/msg/detail/light_bar_indicator_controllers__type_support.cpp.o[0m
[12.737s] [35m[1mScanning dependencies of target carma_msgs__rosidl_typesupport_c[0m
[12.797s] [ 31%] [32mBuilding CXX object CMakeFiles/carma_msgs__rosidl_typesupport_introspection_cpp.dir/rosidl_typesupport_introspection_cpp/carma_msgs/msg/detail/system_alert__type_support.cpp.o[0m
[12.809s] [ 32%] [32mBuilding CXX object CMakeFiles/carma_msgs__rosidl_typesupport_c.dir/rosidl_typesupport_c/carma_msgs/msg/carla_enabled__type_support.cpp.o[0m
[12.928s] [ 33%] [32mBuilding CXX object CMakeFiles/carma_msgs__rosidl_typesupport_c.dir/rosidl_typesupport_c/carma_msgs/msg/light_bar_cda_type__type_support.cpp.o[0m
[12.965s] [ 34%] [32mBuilding CXX object CMakeFiles/carma_msgs__rosidl_typesupport_introspection_cpp.dir/rosidl_typesupport_introspection_cpp/carma_msgs/msg/detail/ui_instructions__type_support.cpp.o[0m
[13.037s] [ 35%] [32mBuilding CXX object CMakeFiles/carma_msgs__rosidl_typesupport_cpp.dir/rosidl_typesupport_cpp/carma_msgs/srv/release_indicator_control__type_support.cpp.o[0m
[13.112s] [ 36%] [32mBuilding CXX object CMakeFiles/carma_msgs__rosidl_typesupport_fastrtps_cpp.dir/rosidl_typesupport_fastrtps_cpp/carma_msgs/msg/detail/dds_fastrtps/light_bar_indicator__type_support.cpp.o[0m
[13.161s] [ 37%] [32mBuilding CXX object CMakeFiles/carma_msgs__rosidl_typesupport_c.dir/rosidl_typesupport_c/carma_msgs/msg/light_bar_indicator__type_support.cpp.o[0m
[13.423s] [ 38%] [32mBuilding CXX object CMakeFiles/carma_msgs__rosidl_typesupport_c.dir/rosidl_typesupport_c/carma_msgs/msg/light_bar_indicator_controllers__type_support.cpp.o[0m
[13.514s] [ 40%] [32mBuilding CXX object CMakeFiles/carma_msgs__rosidl_typesupport_c.dir/rosidl_typesupport_c/carma_msgs/msg/system_alert__type_support.cpp.o[0m
[13.713s] [ 41%] [32mBuilding CXX object CMakeFiles/carma_msgs__rosidl_typesupport_fastrtps_cpp.dir/rosidl_typesupport_fastrtps_cpp/carma_msgs/msg/detail/dds_fastrtps/light_bar_indicator_controllers__type_support.cpp.o[0m
[13.801s] [ 42%] [32mBuilding CXX object CMakeFiles/carma_msgs__rosidl_typesupport_c.dir/rosidl_typesupport_c/carma_msgs/msg/ui_instructions__type_support.cpp.o[0m
[13.959s] [35m[1mScanning dependencies of target carma_msgs__rosidl_typesupport_introspection_c[0m
[14.098s] [ 43%] [32mBuilding CXX object CMakeFiles/carma_msgs__rosidl_typesupport_c.dir/rosidl_typesupport_c/carma_msgs/srv/release_indicator_control__type_support.cpp.o[0m
[14.128s] [ 44%] [32mBuilding C object CMakeFiles/carma_msgs__rosidl_typesupport_introspection_c.dir/rosidl_typesupport_introspection_c/carma_msgs/msg/detail/carla_enabled__type_support.c.o[0m
[14.210s] [ 45%] [32mBuilding C object CMakeFiles/carma_msgs__rosidl_typesupport_introspection_c.dir/rosidl_typesupport_introspection_c/carma_msgs/msg/detail/light_bar_cda_type__type_support.c.o[0m
[14.314s] [ 46%] [32mBuilding CXX object CMakeFiles/carma_msgs__rosidl_typesupport_introspection_cpp.dir/rosidl_typesupport_introspection_cpp/carma_msgs/srv/detail/release_indicator_control__type_support.cpp.o[0m
[14.317s] [ 47%] [32mBuilding CXX object CMakeFiles/carma_msgs__rosidl_typesupport_c.dir/rosidl_typesupport_c/carma_msgs/srv/request_indicator_control__type_support.cpp.o[0m
[14.433s] [ 48%] [32mBuilding CXX object CMakeFiles/carma_msgs__rosidl_typesupport_cpp.dir/rosidl_typesupport_cpp/carma_msgs/srv/request_indicator_control__type_support.cpp.o[0m
[14.439s] [ 49%] [32mBuilding C object CMakeFiles/carma_msgs__rosidl_typesupport_introspection_c.dir/rosidl_typesupport_introspection_c/carma_msgs/msg/detail/light_bar_indicator__type_support.c.o[0m
[14.445s] [ 50%] [32mBuilding CXX object CMakeFiles/carma_msgs__rosidl_typesupport_cpp.dir/rosidl_typesupport_cpp/carma_msgs/srv/set_traffic_event__type_support.cpp.o[0m
[14.461s] [ 51%] [32mBuilding C object CMakeFiles/carma_msgs__rosidl_typesupport_introspection_c.dir/rosidl_typesupport_introspection_c/carma_msgs/msg/detail/light_bar_indicator_controllers__type_support.c.o[0m
[14.622s] [ 52%] [32mBuilding CXX object CMakeFiles/carma_msgs__rosidl_typesupport_c.dir/rosidl_typesupport_c/carma_msgs/srv/set_traffic_event__type_support.cpp.o[0m
[14.679s] [ 53%] [32mBuilding C object CMakeFiles/carma_msgs__rosidl_typesupport_introspection_c.dir/rosidl_typesupport_introspection_c/carma_msgs/msg/detail/system_alert__type_support.c.o[0m
[14.721s] [ 54%] [32mBuilding CXX object CMakeFiles/carma_msgs__rosidl_typesupport_introspection_cpp.dir/rosidl_typesupport_introspection_cpp/carma_msgs/srv/detail/request_indicator_control__type_support.cpp.o[0m
[14.893s] [ 55%] [32m[1mLinking CXX shared library libcarma_msgs__rosidl_typesupport_c.so[0m
[14.944s] [ 56%] [32mBuilding CXX object CMakeFiles/carma_msgs__rosidl_typesupport_fastrtps_cpp.dir/rosidl_typesupport_fastrtps_cpp/carma_msgs/msg/detail/dds_fastrtps/system_alert__type_support.cpp.o[0m
[14.960s] [ 57%] [32mBuilding C object CMakeFiles/carma_msgs__rosidl_typesupport_introspection_c.dir/rosidl_typesupport_introspection_c/carma_msgs/msg/detail/ui_instructions__type_support.c.o[0m
[15.203s] [ 58%] [32mBuilding C object CMakeFiles/carma_msgs__rosidl_typesupport_introspection_c.dir/rosidl_typesupport_introspection_c/carma_msgs/srv/detail/release_indicator_control__type_support.c.o[0m
[15.327s] [ 58%] Built target carma_msgs__rosidl_typesupport_c
[15.379s] [ 60%] [32mBuilding CXX object CMakeFiles/carma_msgs__rosidl_typesupport_fastrtps_cpp.dir/rosidl_typesupport_fastrtps_cpp/carma_msgs/msg/detail/dds_fastrtps/ui_instructions__type_support.cpp.o[0m
[15.413s] [ 61%] [32mBuilding C object CMakeFiles/carma_msgs__rosidl_typesupport_introspection_c.dir/rosidl_typesupport_introspection_c/carma_msgs/srv/detail/request_indicator_control__type_support.c.o[0m
[15.546s] [ 62%] [32mBuilding CXX object CMakeFiles/carma_msgs__rosidl_typesupport_introspection_cpp.dir/rosidl_typesupport_introspection_cpp/carma_msgs/srv/detail/set_traffic_event__type_support.cpp.o[0m
[15.561s] [ 63%] [32m[1mLinking CXX shared library libcarma_msgs__rosidl_typesupport_cpp.so[0m
[15.714s] [ 64%] [32mBuilding CXX object CMakeFiles/carma_msgs__rosidl_typesupport_fastrtps_cpp.dir/rosidl_typesupport_fastrtps_cpp/carma_msgs/srv/detail/dds_fastrtps/release_indicator_control__type_support.cpp.o[0m
[15.766s] [ 64%] Built target carma_msgs__rosidl_typesupport_cpp
[15.857s] [ 65%] [32mBuilding CXX object CMakeFiles/carma_msgs__rosidl_typesupport_fastrtps_cpp.dir/rosidl_typesupport_fastrtps_cpp/carma_msgs/srv/detail/dds_fastrtps/request_indicator_control__type_support.cpp.o[0m
[15.877s] [ 66%] [32mBuilding C object CMakeFiles/carma_msgs__rosidl_typesupport_introspection_c.dir/rosidl_typesupport_introspection_c/carma_msgs/srv/detail/set_traffic_event__type_support.c.o[0m
[16.077s] [ 67%] [32m[1mLinking C shared library libcarma_msgs__rosidl_typesupport_introspection_c.so[0m
[16.218s] [ 68%] [32mBuilding CXX object CMakeFiles/carma_msgs__rosidl_typesupport_fastrtps_cpp.dir/rosidl_typesupport_fastrtps_cpp/carma_msgs/srv/detail/dds_fastrtps/set_traffic_event__type_support.cpp.o[0m
[16.314s] [ 68%] Built target carma_msgs__rosidl_typesupport_introspection_c
[17.036s] [ 69%] [32m[1mLinking CXX shared library libcarma_msgs__rosidl_typesupport_introspection_cpp.so[0m
[17.464s] [ 69%] Built target carma_msgs__rosidl_typesupport_introspection_cpp
[17.829s] [ 70%] [32m[1mLinking CXX shared library libcarma_msgs__rosidl_typesupport_fastrtps_cpp.so[0m
[18.294s] [ 70%] Built target carma_msgs__rosidl_typesupport_fastrtps_cpp
[18.366s] [ 71%] [34m[1mGenerating C type support for eProsima Fast-RTPS[0m
[20.862s] [35m[1mScanning dependencies of target carma_msgs__rosidl_typesupport_fastrtps_c[0m
[20.897s] [ 72%] [32mBuilding CXX object CMakeFiles/carma_msgs__rosidl_typesupport_fastrtps_c.dir/rosidl_typesupport_fastrtps_c/carma_msgs/msg/detail/light_bar_cda_type__type_support_c.cpp.o[0m
[20.897s] [ 73%] [32mBuilding CXX object CMakeFiles/carma_msgs__rosidl_typesupport_fastrtps_c.dir/rosidl_typesupport_fastrtps_c/carma_msgs/msg/detail/system_alert__type_support_c.cpp.o[0m
[20.898s] [ 74%] [32mBuilding CXX object CMakeFiles/carma_msgs__rosidl_typesupport_fastrtps_c.dir/rosidl_typesupport_fastrtps_c/carma_msgs/msg/detail/light_bar_indicator_controllers__type_support_c.cpp.o[0m
[20.898s] [ 75%] [32mBuilding CXX object CMakeFiles/carma_msgs__rosidl_typesupport_fastrtps_c.dir/rosidl_typesupport_fastrtps_c/carma_msgs/msg/detail/light_bar_indicator__type_support_c.cpp.o[0m
[20.903s] [ 76%] [32mBuilding CXX object CMakeFiles/carma_msgs__rosidl_typesupport_fastrtps_c.dir/rosidl_typesupport_fastrtps_c/carma_msgs/msg/detail/carla_enabled__type_support_c.cpp.o[0m
[20.907s] [ 77%] [32mBuilding CXX object CMakeFiles/carma_msgs__rosidl_typesupport_fastrtps_c.dir/rosidl_typesupport_fastrtps_c/carma_msgs/msg/detail/ui_instructions__type_support_c.cpp.o[0m
[20.913s] [ 78%] [32mBuilding CXX object CMakeFiles/carma_msgs__rosidl_typesupport_fastrtps_c.dir/rosidl_typesupport_fastrtps_c/carma_msgs/srv/detail/release_indicator_control__type_support_c.cpp.o[0m
[20.977s] [ 80%] [32mBuilding CXX object CMakeFiles/carma_msgs__rosidl_typesupport_fastrtps_c.dir/rosidl_typesupport_fastrtps_c/carma_msgs/srv/detail/request_indicator_control__type_support_c.cpp.o[0m
[21.824s] [ 81%] [32mBuilding CXX object CMakeFiles/carma_msgs__rosidl_typesupport_fastrtps_c.dir/rosidl_typesupport_fastrtps_c/carma_msgs/srv/detail/set_traffic_event__type_support_c.cpp.o[0m
[22.458s] [ 82%] [32m[1mLinking CXX shared library libcarma_msgs__rosidl_typesupport_fastrtps_c.so[0m
[22.635s] [ 82%] Built target carma_msgs__rosidl_typesupport_fastrtps_c
[22.650s] [35m[1mScanning dependencies of target carma_msgs[0m
[22.666s] [ 82%] Built target carma_msgs
[22.686s] [35m[1mScanning dependencies of target carma_msgs__py[0m
[22.706s] [ 83%] [34m[1mGenerating Python code for ROS interfaces[0m
[27.408s] [ 83%] Built target carma_msgs__py
[27.426s] [35m[1mScanning dependencies of target carma_msgs__python[0m
[27.481s] [ 84%] [32mBuilding C object CMakeFiles/carma_msgs__python.dir/rosidl_generator_py/carma_msgs/msg/_carla_enabled_s.c.o[0m
[27.482s] [ 85%] [32mBuilding C object CMakeFiles/carma_msgs__python.dir/rosidl_generator_py/carma_msgs/msg/_light_bar_cda_type_s.c.o[0m
[27.488s] [ 86%] [32mBuilding C object CMakeFiles/carma_msgs__python.dir/rosidl_generator_py/carma_msgs/msg/_light_bar_indicator_s.c.o[0m
[27.492s] [ 87%] [32mBuilding C object CMakeFiles/carma_msgs__python.dir/rosidl_generator_py/carma_msgs/msg/_system_alert_s.c.o[0m
[27.497s] [ 88%] [32mBuilding C object CMakeFiles/carma_msgs__python.dir/rosidl_generator_py/carma_msgs/msg/_light_bar_indicator_controllers_s.c.o[0m
[27.751s] [ 89%] [32mBuilding C object CMakeFiles/carma_msgs__python.dir/rosidl_generator_py/carma_msgs/srv/_set_traffic_event_s.c.o[0m
[27.762s] [ 90%] [32mBuilding C object CMakeFiles/carma_msgs__python.dir/rosidl_generator_py/carma_msgs/srv/_request_indicator_control_s.c.o[0m
[27.802s] [ 91%] [32mBuilding C object CMakeFiles/carma_msgs__python.dir/rosidl_generator_py/carma_msgs/msg/_ui_instructions_s.c.o[0m
[27.803s] [ 92%] [32mBuilding C object CMakeFiles/carma_msgs__python.dir/rosidl_generator_py/carma_msgs/srv/_release_indicator_control_s.c.o[0m
[28.256s] [ 93%] [32m[1mLinking C shared library rosidl_generator_py/carma_msgs/libcarma_msgs__python.so[0m
[28.348s] [ 93%] Built target carma_msgs__python
[28.376s] [35m[1mScanning dependencies of target carma_msgs__rosidl_typesupport_c__pyext[0m
[28.380s] [35m[1mScanning dependencies of target carma_msgs__rosidl_typesupport_introspection_c__pyext[0m
[28.389s] [35m[1mScanning dependencies of target carma_msgs__rosidl_typesupport_fastrtps_c__pyext[0m
[28.435s] [ 94%] [32mBuilding C object CMakeFiles/carma_msgs__rosidl_typesupport_c__pyext.dir/rosidl_generator_py/carma_msgs/_carma_msgs_s.ep.rosidl_typesupport_c.c.o[0m
[28.459s] [ 96%] [32mBuilding C object CMakeFiles/carma_msgs__rosidl_typesupport_fastrtps_c__pyext.dir/rosidl_generator_py/carma_msgs/_carma_msgs_s.ep.rosidl_typesupport_fastrtps_c.c.o[0m
[28.459s] [ 96%] [32mBuilding C object CMakeFiles/carma_msgs__rosidl_typesupport_introspection_c__pyext.dir/rosidl_generator_py/carma_msgs/_carma_msgs_s.ep.rosidl_typesupport_introspection_c.c.o[0m
[29.131s] [ 97%] [32m[1mLinking C shared library rosidl_generator_py/carma_msgs/carma_msgs_s__rosidl_typesupport_c.cpython-38-x86_64-linux-gnu.so[0m
[29.138s] [ 98%] [32m[1mLinking C shared library rosidl_generator_py/carma_msgs/carma_msgs_s__rosidl_typesupport_introspection_c.cpython-38-x86_64-linux-gnu.so[0m
[29.153s] [100%] [32m[1mLinking CXX shared library rosidl_generator_py/carma_msgs/carma_msgs_s__rosidl_typesupport_fastrtps_c.cpython-38-x86_64-linux-gnu.so[0m
[29.211s] [100%] Built target carma_msgs__rosidl_typesupport_c__pyext
[29.212s] [100%] Built target carma_msgs__rosidl_typesupport_introspection_c__pyext
[29.264s] [100%] Built target carma_msgs__rosidl_typesupport_fastrtps_c__pyext
[29.280s] Invoked command in '/home/mmitss/Documents/cda-mmitss/other/build/carma_msgs' returned '0': AMENT_PREFIX_PATH=/home/mmitss/Documents/cda-mmitss/other/install/carma_cmake_common:${AMENT_PREFIX_PATH} CMAKE_PREFIX_PATH=/home/mmitss/Documents/cda-mmitss/other/install/carma_cmake_common:/opt/ros/foxy CONDA_PROMPT_MODIFIER=(base) /usr/bin/cmake --build /home/mmitss/Documents/cda-mmitss/other/build/carma_msgs -- -j8 -l8
[29.509s] Invoking command in '/home/mmitss/Documents/cda-mmitss/other/build/carma_msgs': AMENT_PREFIX_PATH=/home/mmitss/Documents/cda-mmitss/other/install/carma_cmake_common:${AMENT_PREFIX_PATH} CMAKE_PREFIX_PATH=/home/mmitss/Documents/cda-mmitss/other/install/carma_cmake_common:/opt/ros/foxy CONDA_PROMPT_MODIFIER=(base) /usr/bin/cmake --install /home/mmitss/Documents/cda-mmitss/other/build/carma_msgs
[29.520s] -- Install configuration: "Release"
[29.521s] -- Installing: /home/mmitss/Documents/cda-mmitss/other/install/carma_msgs/share/ament_index/resource_index/rosidl_interfaces/carma_msgs
[29.521s] -- Installing: /home/mmitss/Documents/cda-mmitss/other/install/carma_msgs/include/carma_msgs
[29.521s] -- Installing: /home/mmitss/Documents/cda-mmitss/other/install/carma_msgs/include/carma_msgs/srv
[29.521s] -- Installing: /home/mmitss/Documents/cda-mmitss/other/install/carma_msgs/include/carma_msgs/srv/release_indicator_control.h
[29.521s] -- Installing: /home/mmitss/Documents/cda-mmitss/other/install/carma_msgs/include/carma_msgs/srv/set_traffic_event.h
[29.522s] -- Installing: /home/mmitss/Documents/cda-mmitss/other/install/carma_msgs/include/carma_msgs/srv/detail
[29.522s] -- Installing: /home/mmitss/Documents/cda-mmitss/other/install/carma_msgs/include/carma_msgs/srv/detail/request_indicator_control__type_support.h
[29.522s] -- Installing: /home/mmitss/Documents/cda-mmitss/other/install/carma_msgs/include/carma_msgs/srv/detail/set_traffic_event__functions.h
[29.522s] -- Installing: /home/mmitss/Documents/cda-mmitss/other/install/carma_msgs/include/carma_msgs/srv/detail/release_indicator_control__type_support.h
[29.522s] -- Installing: /home/mmitss/Documents/cda-mmitss/other/install/carma_msgs/include/carma_msgs/srv/detail/request_indicator_control__functions.c
[29.522s] -- Installing: /home/mmitss/Documents/cda-mmitss/other/install/carma_msgs/include/carma_msgs/srv/detail/set_traffic_event__functions.c
[29.522s] -- Installing: /home/mmitss/Documents/cda-mmitss/other/install/carma_msgs/include/carma_msgs/srv/detail/request_indicator_control__functions.h
[29.523s] -- Installing: /home/mmitss/Documents/cda-mmitss/other/install/carma_msgs/include/carma_msgs/srv/detail/set_traffic_event__struct.h
[29.523s] -- Installing: /home/mmitss/Documents/cda-mmitss/other/install/carma_msgs/include/carma_msgs/srv/detail/release_indicator_control__functions.c
[29.523s] -- Installing: /home/mmitss/Documents/cda-mmitss/other/install/carma_msgs/include/carma_msgs/srv/detail/release_indicator_control__functions.h
[29.523s] -- Installing: /home/mmitss/Documents/cda-mmitss/other/install/carma_msgs/include/carma_msgs/srv/detail/request_indicator_control__struct.h
[29.523s] -- Installing: /home/mmitss/Documents/cda-mmitss/other/install/carma_msgs/include/carma_msgs/srv/detail/set_traffic_event__type_support.h
[29.523s] -- Installing: /home/mmitss/Documents/cda-mmitss/other/install/carma_msgs/include/carma_msgs/srv/detail/release_indicator_control__struct.h
[29.523s] -- Installing: /home/mmitss/Documents/cda-mmitss/other/install/carma_msgs/include/carma_msgs/srv/request_indicator_control.h
[29.524s] -- Installing: /home/mmitss/Documents/cda-mmitss/other/install/carma_msgs/include/carma_msgs/msg
[29.524s] -- Installing: /home/mmitss/Documents/cda-mmitss/other/install/carma_msgs/include/carma_msgs/msg/rosidl_generator_c__visibility_control.h
[29.524s] -- Installing: /home/mmitss/Documents/cda-mmitss/other/install/carma_msgs/include/carma_msgs/msg/system_alert.h
[29.524s] -- Installing: /home/mmitss/Documents/cda-mmitss/other/install/carma_msgs/include/carma_msgs/msg/ui_instructions.h
[29.524s] -- Installing: /home/mmitss/Documents/cda-mmitss/other/install/carma_msgs/include/carma_msgs/msg/light_bar_cda_type.h
[29.524s] -- Installing: /home/mmitss/Documents/cda-mmitss/other/install/carma_msgs/include/carma_msgs/msg/carla_enabled.h
[29.525s] -- Installing: /home/mmitss/Documents/cda-mmitss/other/install/carma_msgs/include/carma_msgs/msg/light_bar_indicator_controllers.h
[29.525s] -- Installing: /home/mmitss/Documents/cda-mmitss/other/install/carma_msgs/include/carma_msgs/msg/light_bar_indicator.h
[29.525s] -- Installing: /home/mmitss/Documents/cda-mmitss/other/install/carma_msgs/include/carma_msgs/msg/detail
[29.525s] -- Installing: /home/mmitss/Documents/cda-mmitss/other/install/carma_msgs/include/carma_msgs/msg/detail/carla_enabled__functions.c
[29.525s] -- Installing: /home/mmitss/Documents/cda-mmitss/other/install/carma_msgs/include/carma_msgs/msg/detail/light_bar_indicator__struct.h
[29.525s] -- Installing: /home/mmitss/Documents/cda-mmitss/other/install/carma_msgs/include/carma_msgs/msg/detail/light_bar_indicator_controllers__functions.h
[29.525s] -- Installing: /home/mmitss/Documents/cda-mmitss/other/install/carma_msgs/include/carma_msgs/msg/detail/carla_enabled__type_support.h
[29.526s] -- Installing: /home/mmitss/Documents/cda-mmitss/other/install/carma_msgs/include/carma_msgs/msg/detail/light_bar_cda_type__type_support.h
[29.526s] -- Installing: /home/mmitss/Documents/cda-mmitss/other/install/carma_msgs/include/carma_msgs/msg/detail/light_bar_indicator_controllers__type_support.h
[29.526s] -- Installing: /home/mmitss/Documents/cda-mmitss/other/install/carma_msgs/include/carma_msgs/msg/detail/ui_instructions__type_support.h
[29.526s] -- Installing: /home/mmitss/Documents/cda-mmitss/other/install/carma_msgs/include/carma_msgs/msg/detail/light_bar_indicator_controllers__struct.h
[29.526s] -- Installing: /home/mmitss/Documents/cda-mmitss/other/install/carma_msgs/include/carma_msgs/msg/detail/ui_instructions__struct.h
[29.526s] -- Installing: /home/mmitss/Documents/cda-mmitss/other/install/carma_msgs/include/carma_msgs/msg/detail/ui_instructions__functions.h
[29.527s] -- Installing: /home/mmitss/Documents/cda-mmitss/other/install/carma_msgs/include/carma_msgs/msg/detail/ui_instructions__functions.c
[29.527s] -- Installing: /home/mmitss/Documents/cda-mmitss/other/install/carma_msgs/include/carma_msgs/msg/detail/light_bar_cda_type__functions.h
[29.527s] -- Installing: /home/mmitss/Documents/cda-mmitss/other/install/carma_msgs/include/carma_msgs/msg/detail/system_alert__struct.h
[29.527s] -- Installing: /home/mmitss/Documents/cda-mmitss/other/install/carma_msgs/include/carma_msgs/msg/detail/light_bar_cda_type__functions.c
[29.527s] -- Installing: /home/mmitss/Documents/cda-mmitss/other/install/carma_msgs/include/carma_msgs/msg/detail/carla_enabled__struct.h
[29.527s] -- Installing: /home/mmitss/Documents/cda-mmitss/other/install/carma_msgs/include/carma_msgs/msg/detail/light_bar_cda_type__struct.h
[29.527s] -- Installing: /home/mmitss/Documents/cda-mmitss/other/install/carma_msgs/include/carma_msgs/msg/detail/system_alert__type_support.h
[29.528s] -- Installing: /home/mmitss/Documents/cda-mmitss/other/install/carma_msgs/include/carma_msgs/msg/detail/light_bar_indicator__type_support.h
[29.528s] -- Installing: /home/mmitss/Documents/cda-mmitss/other/install/carma_msgs/include/carma_msgs/msg/detail/system_alert__functions.h
[29.528s] -- Installing: /home/mmitss/Documents/cda-mmitss/other/install/carma_msgs/include/carma_msgs/msg/detail/light_bar_indicator__functions.c
[29.528s] -- Installing: /home/mmitss/Documents/cda-mmitss/other/install/carma_msgs/include/carma_msgs/msg/detail/carla_enabled__functions.h
[29.528s] -- Installing: /home/mmitss/Documents/cda-mmitss/other/install/carma_msgs/include/carma_msgs/msg/detail/system_alert__functions.c
[29.528s] -- Installing: /home/mmitss/Documents/cda-mmitss/other/install/carma_msgs/include/carma_msgs/msg/detail/light_bar_indicator_controllers__functions.c
[29.529s] -- Installing: /home/mmitss/Documents/cda-mmitss/other/install/carma_msgs/include/carma_msgs/msg/detail/light_bar_indicator__functions.h
[29.529s] -- Installing: /home/mmitss/Documents/cda-mmitss/other/install/carma_msgs/share/carma_msgs/environment/library_path.sh
[29.529s] -- Installing: /home/mmitss/Documents/cda-mmitss/other/install/carma_msgs/share/carma_msgs/environment/library_path.dsv
[29.529s] -- Installing: /home/mmitss/Documents/cda-mmitss/other/install/carma_msgs/lib/libcarma_msgs__rosidl_generator_c.so
[29.529s] -- Set runtime path of "/home/mmitss/Documents/cda-mmitss/other/install/carma_msgs/lib/libcarma_msgs__rosidl_generator_c.so" to ""
[29.529s] -- Up-to-date: /home/mmitss/Documents/cda-mmitss/other/install/carma_msgs/include/carma_msgs
[29.529s] -- Up-to-date: /home/mmitss/Documents/cda-mmitss/other/install/carma_msgs/include/carma_msgs/srv
[29.530s] -- Up-to-date: /home/mmitss/Documents/cda-mmitss/other/install/carma_msgs/include/carma_msgs/srv/detail
[29.530s] -- Installing: /home/mmitss/Documents/cda-mmitss/other/install/carma_msgs/include/carma_msgs/srv/detail/release_indicator_control__rosidl_typesupport_fastrtps_c.h
[29.530s] -- Installing: /home/mmitss/Documents/cda-mmitss/other/install/carma_msgs/include/carma_msgs/srv/detail/set_traffic_event__rosidl_typesupport_fastrtps_c.h
[29.530s] -- Installing: /home/mmitss/Documents/cda-mmitss/other/install/carma_msgs/include/carma_msgs/srv/detail/request_indicator_control__rosidl_typesupport_fastrtps_c.h
[29.530s] -- Up-to-date: /home/mmitss/Documents/cda-mmitss/other/install/carma_msgs/include/carma_msgs/msg
[29.530s] -- Installing: /home/mmitss/Documents/cda-mmitss/other/install/carma_msgs/include/carma_msgs/msg/rosidl_typesupport_fastrtps_c__visibility_control.h
[29.530s] -- Up-to-date: /home/mmitss/Documents/cda-mmitss/other/install/carma_msgs/include/carma_msgs/msg/detail
[29.530s] -- Installing: /home/mmitss/Documents/cda-mmitss/other/install/carma_msgs/include/carma_msgs/msg/detail/carla_enabled__rosidl_typesupport_fastrtps_c.h
[29.531s] -- Installing: /home/mmitss/Documents/cda-mmitss/other/install/carma_msgs/include/carma_msgs/msg/detail/system_alert__rosidl_typesupport_fastrtps_c.h
[29.531s] -- Installing: /home/mmitss/Documents/cda-mmitss/other/install/carma_msgs/include/carma_msgs/msg/detail/light_bar_indicator_controllers__rosidl_typesupport_fastrtps_c.h
[29.531s] -- Installing: /home/mmitss/Documents/cda-mmitss/other/install/carma_msgs/include/carma_msgs/msg/detail/light_bar_cda_type__rosidl_typesupport_fastrtps_c.h
[29.531s] -- Installing: /home/mmitss/Documents/cda-mmitss/other/install/carma_msgs/include/carma_msgs/msg/detail/ui_instructions__rosidl_typesupport_fastrtps_c.h
[29.531s] -- Installing: /home/mmitss/Documents/cda-mmitss/other/install/carma_msgs/include/carma_msgs/msg/detail/light_bar_indicator__rosidl_typesupport_fastrtps_c.h
[29.531s] -- Installing: /home/mmitss/Documents/cda-mmitss/other/install/carma_msgs/lib/libcarma_msgs__rosidl_typesupport_fastrtps_c.so
[29.532s] -- Set runtime path of "/home/mmitss/Documents/cda-mmitss/other/install/carma_msgs/lib/libcarma_msgs__rosidl_typesupport_fastrtps_c.so" to ""
[29.532s] -- Up-to-date: /home/mmitss/Documents/cda-mmitss/other/install/carma_msgs/include/carma_msgs
[29.532s] -- Up-to-date: /home/mmitss/Documents/cda-mmitss/other/install/carma_msgs/include/carma_msgs/srv
[29.532s] -- Up-to-date: /home/mmitss/Documents/cda-mmitss/other/install/carma_msgs/include/carma_msgs/srv/detail
[29.532s] -- Installing: /home/mmitss/Documents/cda-mmitss/other/install/carma_msgs/include/carma_msgs/srv/detail/release_indicator_control__rosidl_typesupport_fastrtps_cpp.hpp
[29.532s] -- Installing: /home/mmitss/Documents/cda-mmitss/other/install/carma_msgs/include/carma_msgs/srv/detail/request_indicator_control__rosidl_typesupport_fastrtps_cpp.hpp
[29.532s] -- Installing: /home/mmitss/Documents/cda-mmitss/other/install/carma_msgs/include/carma_msgs/srv/detail/set_traffic_event__rosidl_typesupport_fastrtps_cpp.hpp
[29.533s] -- Installing: /home/mmitss/Documents/cda-mmitss/other/install/carma_msgs/include/carma_msgs/srv/detail/dds_fastrtps
[29.533s] -- Up-to-date: /home/mmitss/Documents/cda-mmitss/other/install/carma_msgs/include/carma_msgs/msg
[29.533s] -- Installing: /home/mmitss/Documents/cda-mmitss/other/install/carma_msgs/include/carma_msgs/msg/rosidl_typesupport_fastrtps_cpp__visibility_control.h
[29.533s] -- Up-to-date: /home/mmitss/Documents/cda-mmitss/other/install/carma_msgs/include/carma_msgs/msg/detail
[29.533s] -- Installing: /home/mmitss/Documents/cda-mmitss/other/install/carma_msgs/include/carma_msgs/msg/detail/light_bar_indicator__rosidl_typesupport_fastrtps_cpp.hpp
[29.533s] -- Installing: /home/mmitss/Documents/cda-mmitss/other/install/carma_msgs/include/carma_msgs/msg/detail/light_bar_indicator_controllers__rosidl_typesupport_fastrtps_cpp.hpp
[29.534s] -- Installing: /home/mmitss/Documents/cda-mmitss/other/install/carma_msgs/include/carma_msgs/msg/detail/light_bar_cda_type__rosidl_typesupport_fastrtps_cpp.hpp
[29.534s] -- Installing: /home/mmitss/Documents/cda-mmitss/other/install/carma_msgs/include/carma_msgs/msg/detail/ui_instructions__rosidl_typesupport_fastrtps_cpp.hpp
[29.534s] -- Installing: /home/mmitss/Documents/cda-mmitss/other/install/carma_msgs/include/carma_msgs/msg/detail/system_alert__rosidl_typesupport_fastrtps_cpp.hpp
[29.534s] -- Installing: /home/mmitss/Documents/cda-mmitss/other/install/carma_msgs/include/carma_msgs/msg/detail/carla_enabled__rosidl_typesupport_fastrtps_cpp.hpp
[29.534s] -- Installing: /home/mmitss/Documents/cda-mmitss/other/install/carma_msgs/include/carma_msgs/msg/detail/dds_fastrtps
[29.534s] -- Installing: /home/mmitss/Documents/cda-mmitss/other/install/carma_msgs/lib/libcarma_msgs__rosidl_typesupport_fastrtps_cpp.so
[29.534s] -- Set runtime path of "/home/mmitss/Documents/cda-mmitss/other/install/carma_msgs/lib/libcarma_msgs__rosidl_typesupport_fastrtps_cpp.so" to ""
[29.535s] -- Up-to-date: /home/mmitss/Documents/cda-mmitss/other/install/carma_msgs/include/carma_msgs
[29.535s] -- Up-to-date: /home/mmitss/Documents/cda-mmitss/other/install/carma_msgs/include/carma_msgs/srv
[29.535s] -- Up-to-date: /home/mmitss/Documents/cda-mmitss/other/install/carma_msgs/include/carma_msgs/srv/detail
[29.535s] -- Installing: /home/mmitss/Documents/cda-mmitss/other/install/carma_msgs/include/carma_msgs/srv/detail/set_traffic_event__rosidl_typesupport_introspection_c.h
[29.535s] -- Installing: /home/mmitss/Documents/cda-mmitss/other/install/carma_msgs/include/carma_msgs/srv/detail/set_traffic_event__type_support.c
[29.535s] -- Installing: /home/mmitss/Documents/cda-mmitss/other/install/carma_msgs/include/carma_msgs/srv/detail/request_indicator_control__type_support.c
[29.536s] -- Installing: /home/mmitss/Documents/cda-mmitss/other/install/carma_msgs/include/carma_msgs/srv/detail/request_indicator_control__rosidl_typesupport_introspection_c.h
[29.536s] -- Installing: /home/mmitss/Documents/cda-mmitss/other/install/carma_msgs/include/carma_msgs/srv/detail/release_indicator_control__type_support.c
[29.536s] -- Installing: /home/mmitss/Documents/cda-mmitss/other/install/carma_msgs/include/carma_msgs/srv/detail/release_indicator_control__rosidl_typesupport_introspection_c.h
[29.536s] -- Up-to-date: /home/mmitss/Documents/cda-mmitss/other/install/carma_msgs/include/carma_msgs/msg
[29.536s] -- Installing: /home/mmitss/Documents/cda-mmitss/other/install/carma_msgs/include/carma_msgs/msg/rosidl_typesupport_introspection_c__visibility_control.h
[29.536s] -- Up-to-date: /home/mmitss/Documents/cda-mmitss/other/install/carma_msgs/include/carma_msgs/msg/detail
[29.536s] -- Installing: /home/mmitss/Documents/cda-mmitss/other/install/carma_msgs/include/carma_msgs/msg/detail/carla_enabled__type_support.c
[29.537s] -- Installing: /home/mmitss/Documents/cda-mmitss/other/install/carma_msgs/include/carma_msgs/msg/detail/ui_instructions__type_support.c
[29.537s] -- Installing: /home/mmitss/Documents/cda-mmitss/other/install/carma_msgs/include/carma_msgs/msg/detail/light_bar_indicator_controllers__type_support.c
[29.537s] -- Installing: /home/mmitss/Documents/cda-mmitss/other/install/carma_msgs/include/carma_msgs/msg/detail/ui_instructions__rosidl_typesupport_introspection_c.h
[29.537s] -- Installing: /home/mmitss/Documents/cda-mmitss/other/install/carma_msgs/include/carma_msgs/msg/detail/system_alert__type_support.c
[29.537s] -- Installing: /home/mmitss/Documents/cda-mmitss/other/install/carma_msgs/include/carma_msgs/msg/detail/light_bar_cda_type__rosidl_typesupport_introspection_c.h
[29.537s] -- Installing: /home/mmitss/Documents/cda-mmitss/other/install/carma_msgs/include/carma_msgs/msg/detail/light_bar_indicator_controllers__rosidl_typesupport_introspection_c.h
[29.538s] -- Installing: /home/mmitss/Documents/cda-mmitss/other/install/carma_msgs/include/carma_msgs/msg/detail/carla_enabled__rosidl_typesupport_introspection_c.h
[29.538s] -- Installing: /home/mmitss/Documents/cda-mmitss/other/install/carma_msgs/include/carma_msgs/msg/detail/light_bar_cda_type__type_support.c
[29.538s] -- Installing: /home/mmitss/Documents/cda-mmitss/other/install/carma_msgs/include/carma_msgs/msg/detail/system_alert__rosidl_typesupport_introspection_c.h
[29.538s] -- Installing: /home/mmitss/Documents/cda-mmitss/other/install/carma_msgs/include/carma_msgs/msg/detail/light_bar_indicator__rosidl_typesupport_introspection_c.h
[29.538s] -- Installing: /home/mmitss/Documents/cda-mmitss/other/install/carma_msgs/include/carma_msgs/msg/detail/light_bar_indicator__type_support.c
[29.538s] -- Installing: /home/mmitss/Documents/cda-mmitss/other/install/carma_msgs/lib/libcarma_msgs__rosidl_typesupport_introspection_c.so
[29.539s] -- Set runtime path of "/home/mmitss/Documents/cda-mmitss/other/install/carma_msgs/lib/libcarma_msgs__rosidl_typesupport_introspection_c.so" to ""
[29.539s] -- Installing: /home/mmitss/Documents/cda-mmitss/other/install/carma_msgs/lib/libcarma_msgs__rosidl_typesupport_c.so
[29.539s] -- Set runtime path of "/home/mmitss/Documents/cda-mmitss/other/install/carma_msgs/lib/libcarma_msgs__rosidl_typesupport_c.so" to ""
[29.539s] -- Up-to-date: /home/mmitss/Documents/cda-mmitss/other/install/carma_msgs/include/carma_msgs
[29.539s] -- Up-to-date: /home/mmitss/Documents/cda-mmitss/other/install/carma_msgs/include/carma_msgs/srv
[29.539s] -- Installing: /home/mmitss/Documents/cda-mmitss/other/install/carma_msgs/include/carma_msgs/srv/release_indicator_control.hpp
[29.539s] -- Installing: /home/mmitss/Documents/cda-mmitss/other/install/carma_msgs/include/carma_msgs/srv/set_traffic_event.hpp
[29.540s] -- Installing: /home/mmitss/Documents/cda-mmitss/other/install/carma_msgs/include/carma_msgs/srv/request_indicator_control.hpp
[29.540s] -- Up-to-date: /home/mmitss/Documents/cda-mmitss/other/install/carma_msgs/include/carma_msgs/srv/detail
[29.540s] -- Installing: /home/mmitss/Documents/cda-mmitss/other/install/carma_msgs/include/carma_msgs/srv/detail/set_traffic_event__struct.hpp
[29.540s] -- Installing: /home/mmitss/Documents/cda-mmitss/other/install/carma_msgs/include/carma_msgs/srv/detail/request_indicator_control__type_support.hpp
[29.540s] -- Installing: /home/mmitss/Documents/cda-mmitss/other/install/carma_msgs/include/carma_msgs/srv/detail/set_traffic_event__type_support.hpp
[29.540s] -- Installing: /home/mmitss/Documents/cda-mmitss/other/install/carma_msgs/include/carma_msgs/srv/detail/request_indicator_control__struct.hpp
[29.541s] -- Installing: /home/mmitss/Documents/cda-mmitss/other/install/carma_msgs/include/carma_msgs/srv/detail/set_traffic_event__traits.hpp
[29.541s] -- Installing: /home/mmitss/Documents/cda-mmitss/other/install/carma_msgs/include/carma_msgs/srv/detail/set_traffic_event__builder.hpp
[29.541s] -- Installing: /home/mmitss/Documents/cda-mmitss/other/install/carma_msgs/include/carma_msgs/srv/detail/request_indicator_control__builder.hpp
[29.541s] -- Installing: /home/mmitss/Documents/cda-mmitss/other/install/carma_msgs/include/carma_msgs/srv/detail/release_indicator_control__traits.hpp
[29.541s] -- Installing: /home/mmitss/Documents/cda-mmitss/other/install/carma_msgs/include/carma_msgs/srv/detail/request_indicator_control__traits.hpp
[29.541s] -- Installing: /home/mmitss/Documents/cda-mmitss/other/install/carma_msgs/include/carma_msgs/srv/detail/release_indicator_control__builder.hpp
[29.541s] -- Installing: /home/mmitss/Documents/cda-mmitss/other/install/carma_msgs/include/carma_msgs/srv/detail/release_indicator_control__struct.hpp
[29.542s] -- Installing: /home/mmitss/Documents/cda-mmitss/other/install/carma_msgs/include/carma_msgs/srv/detail/release_indicator_control__type_support.hpp
[29.542s] -- Up-to-date: /home/mmitss/Documents/cda-mmitss/other/install/carma_msgs/include/carma_msgs/msg
[29.542s] -- Installing: /home/mmitss/Documents/cda-mmitss/other/install/carma_msgs/include/carma_msgs/msg/system_alert.hpp
[29.542s] -- Installing: /home/mmitss/Documents/cda-mmitss/other/install/carma_msgs/include/carma_msgs/msg/carla_enabled.hpp
[29.542s] -- Installing: /home/mmitss/Documents/cda-mmitss/other/install/carma_msgs/include/carma_msgs/msg/rosidl_generator_cpp__visibility_control.hpp
[29.542s] -- Installing: /home/mmitss/Documents/cda-mmitss/other/install/carma_msgs/include/carma_msgs/msg/light_bar_indicator.hpp
[29.542s] -- Installing: /home/mmitss/Documents/cda-mmitss/other/install/carma_msgs/include/carma_msgs/msg/light_bar_indicator_controllers.hpp
[29.543s] -- Installing: /home/mmitss/Documents/cda-mmitss/other/install/carma_msgs/include/carma_msgs/msg/ui_instructions.hpp
[29.543s] -- Installing: /home/mmitss/Documents/cda-mmitss/other/install/carma_msgs/include/carma_msgs/msg/light_bar_cda_type.hpp
[29.543s] -- Up-to-date: /home/mmitss/Documents/cda-mmitss/other/install/carma_msgs/include/carma_msgs/msg/detail
[29.543s] -- Installing: /home/mmitss/Documents/cda-mmitss/other/install/carma_msgs/include/carma_msgs/msg/detail/light_bar_cda_type__builder.hpp
[29.543s] -- Installing: /home/mmitss/Documents/cda-mmitss/other/install/carma_msgs/include/carma_msgs/msg/detail/light_bar_cda_type__traits.hpp
[29.543s] -- Installing: /home/mmitss/Documents/cda-mmitss/other/install/carma_msgs/include/carma_msgs/msg/detail/carla_enabled__traits.hpp
[29.544s] -- Installing: /home/mmitss/Documents/cda-mmitss/other/install/carma_msgs/include/carma_msgs/msg/detail/system_alert__struct.hpp
[29.544s] -- Installing: /home/mmitss/Documents/cda-mmitss/other/install/carma_msgs/include/carma_msgs/msg/detail/light_bar_indicator_controllers__type_support.hpp
[29.544s] -- Installing: /home/mmitss/Documents/cda-mmitss/other/install/carma_msgs/include/carma_msgs/msg/detail/light_bar_indicator_controllers__struct.hpp
[29.544s] -- Installing: /home/mmitss/Documents/cda-mmitss/other/install/carma_msgs/include/carma_msgs/msg/detail/carla_enabled__type_support.hpp
[29.544s] -- Installing: /home/mmitss/Documents/cda-mmitss/other/install/carma_msgs/include/carma_msgs/msg/detail/system_alert__type_support.hpp
[29.544s] -- Installing: /home/mmitss/Documents/cda-mmitss/other/install/carma_msgs/include/carma_msgs/msg/detail/light_bar_indicator__struct.hpp
[29.544s] -- Installing: /home/mmitss/Documents/cda-mmitss/other/install/carma_msgs/include/carma_msgs/msg/detail/ui_instructions__type_support.hpp
[29.544s] -- Installing: /home/mmitss/Documents/cda-mmitss/other/install/carma_msgs/include/carma_msgs/msg/detail/ui_instructions__builder.hpp
[29.545s] -- Installing: /home/mmitss/Documents/cda-mmitss/other/install/carma_msgs/include/carma_msgs/msg/detail/ui_instructions__struct.hpp
[29.545s] -- Installing: /home/mmitss/Documents/cda-mmitss/other/install/carma_msgs/include/carma_msgs/msg/detail/carla_enabled__struct.hpp
[29.545s] -- Installing: /home/mmitss/Documents/cda-mmitss/other/install/carma_msgs/include/carma_msgs/msg/detail/light_bar_indicator_controllers__traits.hpp
[29.545s] -- Installing: /home/mmitss/Documents/cda-mmitss/other/install/carma_msgs/include/carma_msgs/msg/detail/light_bar_indicator__builder.hpp
[29.545s] -- Installing: /home/mmitss/Documents/cda-mmitss/other/install/carma_msgs/include/carma_msgs/msg/detail/ui_instructions__traits.hpp
[29.545s] -- Installing: /home/mmitss/Documents/cda-mmitss/other/install/carma_msgs/include/carma_msgs/msg/detail/light_bar_indicator__type_support.hpp
[29.545s] -- Installing: /home/mmitss/Documents/cda-mmitss/other/install/carma_msgs/include/carma_msgs/msg/detail/light_bar_indicator_controllers__builder.hpp
[29.546s] -- Installing: /home/mmitss/Documents/cda-mmitss/other/install/carma_msgs/include/carma_msgs/msg/detail/system_alert__builder.hpp
[29.546s] -- Installing: /home/mmitss/Documents/cda-mmitss/other/install/carma_msgs/include/carma_msgs/msg/detail/carla_enabled__builder.hpp
[29.546s] -- Installing: /home/mmitss/Documents/cda-mmitss/other/install/carma_msgs/include/carma_msgs/msg/detail/system_alert__traits.hpp
[29.546s] -- Installing: /home/mmitss/Documents/cda-mmitss/other/install/carma_msgs/include/carma_msgs/msg/detail/light_bar_cda_type__type_support.hpp
[29.546s] -- Installing: /home/mmitss/Documents/cda-mmitss/other/install/carma_msgs/include/carma_msgs/msg/detail/light_bar_indicator__traits.hpp
[29.546s] -- Installing: /home/mmitss/Documents/cda-mmitss/other/install/carma_msgs/include/carma_msgs/msg/detail/light_bar_cda_type__struct.hpp
[29.546s] -- Up-to-date: /home/mmitss/Documents/cda-mmitss/other/install/carma_msgs/include/carma_msgs
[29.547s] -- Up-to-date: /home/mmitss/Documents/cda-mmitss/other/install/carma_msgs/include/carma_msgs/srv
[29.547s] -- Up-to-date: /home/mmitss/Documents/cda-mmitss/other/install/carma_msgs/include/carma_msgs/srv/detail
[29.547s] -- Installing: /home/mmitss/Documents/cda-mmitss/other/install/carma_msgs/include/carma_msgs/srv/detail/release_indicator_control__type_support.cpp
[29.547s] -- Installing: /home/mmitss/Documents/cda-mmitss/other/install/carma_msgs/include/carma_msgs/srv/detail/set_traffic_event__type_support.cpp
[29.547s] -- Installing: /home/mmitss/Documents/cda-mmitss/other/install/carma_msgs/include/carma_msgs/srv/detail/release_indicator_control__rosidl_typesupport_introspection_cpp.hpp
[29.547s] -- Installing: /home/mmitss/Documents/cda-mmitss/other/install/carma_msgs/include/carma_msgs/srv/detail/request_indicator_control__type_support.cpp
[29.547s] -- Installing: /home/mmitss/Documents/cda-mmitss/other/install/carma_msgs/include/carma_msgs/srv/detail/set_traffic_event__rosidl_typesupport_introspection_cpp.hpp
[29.547s] -- Installing: /home/mmitss/Documents/cda-mmitss/other/install/carma_msgs/include/carma_msgs/srv/detail/request_indicator_control__rosidl_typesupport_introspection_cpp.hpp
[29.547s] -- Up-to-date: /home/mmitss/Documents/cda-mmitss/other/install/carma_msgs/include/carma_msgs/msg
[29.548s] -- Up-to-date: /home/mmitss/Documents/cda-mmitss/other/install/carma_msgs/include/carma_msgs/msg/detail
[29.548s] -- Installing: /home/mmitss/Documents/cda-mmitss/other/install/carma_msgs/include/carma_msgs/msg/detail/light_bar_indicator__type_support.cpp
[29.548s] -- Installing: /home/mmitss/Documents/cda-mmitss/other/install/carma_msgs/include/carma_msgs/msg/detail/system_alert__type_support.cpp
[29.548s] -- Installing: /home/mmitss/Documents/cda-mmitss/other/install/carma_msgs/include/carma_msgs/msg/detail/ui_instructions__rosidl_typesupport_introspection_cpp.hpp
[29.548s] -- Installing: /home/mmitss/Documents/cda-mmitss/other/install/carma_msgs/include/carma_msgs/msg/detail/light_bar_indicator__rosidl_typesupport_introspection_cpp.hpp
[29.548s] -- Installing: /home/mmitss/Documents/cda-mmitss/other/install/carma_msgs/include/carma_msgs/msg/detail/light_bar_cda_type__type_support.cpp
[29.548s] -- Installing: /home/mmitss/Documents/cda-mmitss/other/install/carma_msgs/include/carma_msgs/msg/detail/ui_instructions__type_support.cpp
[29.549s] -- Installing: /home/mmitss/Documents/cda-mmitss/other/install/carma_msgs/include/carma_msgs/msg/detail/carla_enabled__rosidl_typesupport_introspection_cpp.hpp
[29.549s] -- Installing: /home/mmitss/Documents/cda-mmitss/other/install/carma_msgs/include/carma_msgs/msg/detail/light_bar_cda_type__rosidl_typesupport_introspection_cpp.hpp
[29.549s] -- Installing: /home/mmitss/Documents/cda-mmitss/other/install/carma_msgs/include/carma_msgs/msg/detail/light_bar_indicator_controllers__rosidl_typesupport_introspection_cpp.hpp
[29.549s] -- Installing: /home/mmitss/Documents/cda-mmitss/other/install/carma_msgs/include/carma_msgs/msg/detail/light_bar_indicator_controllers__type_support.cpp
[29.549s] -- Installing: /home/mmitss/Documents/cda-mmitss/other/install/carma_msgs/include/carma_msgs/msg/detail/carla_enabled__type_support.cpp
[29.549s] -- Installing: /home/mmitss/Documents/cda-mmitss/other/install/carma_msgs/include/carma_msgs/msg/detail/system_alert__rosidl_typesupport_introspection_cpp.hpp
[29.549s] -- Installing: /home/mmitss/Documents/cda-mmitss/other/install/carma_msgs/lib/libcarma_msgs__rosidl_typesupport_introspection_cpp.so
[29.550s] -- Set runtime path of "/home/mmitss/Documents/cda-mmitss/other/install/carma_msgs/lib/libcarma_msgs__rosidl_typesupport_introspection_cpp.so" to ""
[29.550s] -- Installing: /home/mmitss/Documents/cda-mmitss/other/install/carma_msgs/lib/libcarma_msgs__rosidl_typesupport_cpp.so
[29.550s] -- Set runtime path of "/home/mmitss/Documents/cda-mmitss/other/install/carma_msgs/lib/libcarma_msgs__rosidl_typesupport_cpp.so" to ""
[29.550s] -- Installing: /home/mmitss/Documents/cda-mmitss/other/install/carma_msgs/share/carma_msgs/environment/pythonpath.sh
[29.550s] -- Installing: /home/mmitss/Documents/cda-mmitss/other/install/carma_msgs/share/carma_msgs/environment/pythonpath.dsv
[29.550s] -- Installing: /home/mmitss/Documents/cda-mmitss/other/install/carma_msgs/lib/python3.8/site-packages/carma_msgs/__init__.py
[29.604s] Compiling '/home/mmitss/Documents/cda-mmitss/other/install/carma_msgs/lib/python3.8/site-packages/carma_msgs/__init__.py'...
[29.610s] -- Installing: /home/mmitss/Documents/cda-mmitss/other/install/carma_msgs/lib/python3.8/site-packages/carma_msgs/msg
[29.611s] -- Installing: /home/mmitss/Documents/cda-mmitss/other/install/carma_msgs/lib/python3.8/site-packages/carma_msgs/msg/_carla_enabled_s.c
[29.611s] -- Installing: /home/mmitss/Documents/cda-mmitss/other/install/carma_msgs/lib/python3.8/site-packages/carma_msgs/msg/_light_bar_indicator_controllers.py
[29.611s] -- Installing: /home/mmitss/Documents/cda-mmitss/other/install/carma_msgs/lib/python3.8/site-packages/carma_msgs/msg/_carla_enabled.py
[29.611s] -- Installing: /home/mmitss/Documents/cda-mmitss/other/install/carma_msgs/lib/python3.8/site-packages/carma_msgs/msg/_light_bar_indicator.py
[29.611s] -- Installing: /home/mmitss/Documents/cda-mmitss/other/install/carma_msgs/lib/python3.8/site-packages/carma_msgs/msg/_light_bar_indicator_controllers_s.c
[29.612s] -- Installing: /home/mmitss/Documents/cda-mmitss/other/install/carma_msgs/lib/python3.8/site-packages/carma_msgs/msg/_light_bar_cda_type.py
[29.612s] -- Installing: /home/mmitss/Documents/cda-mmitss/other/install/carma_msgs/lib/python3.8/site-packages/carma_msgs/msg/_ui_instructions.py
[29.612s] -- Installing: /home/mmitss/Documents/cda-mmitss/other/install/carma_msgs/lib/python3.8/site-packages/carma_msgs/msg/_system_alert_s.c
[29.612s] -- Installing: /home/mmitss/Documents/cda-mmitss/other/install/carma_msgs/lib/python3.8/site-packages/carma_msgs/msg/_ui_instructions_s.c
[29.613s] -- Installing: /home/mmitss/Documents/cda-mmitss/other/install/carma_msgs/lib/python3.8/site-packages/carma_msgs/msg/_system_alert.py
[29.613s] -- Installing: /home/mmitss/Documents/cda-mmitss/other/install/carma_msgs/lib/python3.8/site-packages/carma_msgs/msg/_light_bar_cda_type_s.c
[29.613s] -- Installing: /home/mmitss/Documents/cda-mmitss/other/install/carma_msgs/lib/python3.8/site-packages/carma_msgs/msg/_light_bar_indicator_s.c
[29.613s] -- Installing: /home/mmitss/Documents/cda-mmitss/other/install/carma_msgs/lib/python3.8/site-packages/carma_msgs/msg/__init__.py
[29.614s] -- Installing: /home/mmitss/Documents/cda-mmitss/other/install/carma_msgs/lib/python3.8/site-packages/carma_msgs/srv
[29.614s] -- Installing: /home/mmitss/Documents/cda-mmitss/other/install/carma_msgs/lib/python3.8/site-packages/carma_msgs/srv/_set_traffic_event.py
[29.614s] -- Installing: /home/mmitss/Documents/cda-mmitss/other/install/carma_msgs/lib/python3.8/site-packages/carma_msgs/srv/_release_indicator_control.py
[29.614s] -- Installing: /home/mmitss/Documents/cda-mmitss/other/install/carma_msgs/lib/python3.8/site-packages/carma_msgs/srv/_request_indicator_control_s.c
[29.614s] -- Installing: /home/mmitss/Documents/cda-mmitss/other/install/carma_msgs/lib/python3.8/site-packages/carma_msgs/srv/_release_indicator_control_s.c
[29.614s] -- Installing: /home/mmitss/Documents/cda-mmitss/other/install/carma_msgs/lib/python3.8/site-packages/carma_msgs/srv/_set_traffic_event_s.c
[29.614s] -- Installing: /home/mmitss/Documents/cda-mmitss/other/install/carma_msgs/lib/python3.8/site-packages/carma_msgs/srv/_request_indicator_control.py
[29.615s] -- Installing: /home/mmitss/Documents/cda-mmitss/other/install/carma_msgs/lib/python3.8/site-packages/carma_msgs/srv/__init__.py
[29.615s] -- Installing: /home/mmitss/Documents/cda-mmitss/other/install/carma_msgs/lib/python3.8/site-packages/carma_msgs/carma_msgs_s__rosidl_typesupport_fastrtps_c.cpython-38-x86_64-linux-gnu.so
[29.615s] -- Set runtime path of "/home/mmitss/Documents/cda-mmitss/other/install/carma_msgs/lib/python3.8/site-packages/carma_msgs/carma_msgs_s__rosidl_typesupport_fastrtps_c.cpython-38-x86_64-linux-gnu.so" to ""
[29.615s] -- Installing: /home/mmitss/Documents/cda-mmitss/other/install/carma_msgs/lib/python3.8/site-packages/carma_msgs/carma_msgs_s__rosidl_typesupport_introspection_c.cpython-38-x86_64-linux-gnu.so
[29.616s] -- Set runtime path of "/home/mmitss/Documents/cda-mmitss/other/install/carma_msgs/lib/python3.8/site-packages/carma_msgs/carma_msgs_s__rosidl_typesupport_introspection_c.cpython-38-x86_64-linux-gnu.so" to ""
[29.617s] -- Installing: /home/mmitss/Documents/cda-mmitss/other/install/carma_msgs/lib/python3.8/site-packages/carma_msgs/carma_msgs_s__rosidl_typesupport_c.cpython-38-x86_64-linux-gnu.so
[29.617s] -- Set runtime path of "/home/mmitss/Documents/cda-mmitss/other/install/carma_msgs/lib/python3.8/site-packages/carma_msgs/carma_msgs_s__rosidl_typesupport_c.cpython-38-x86_64-linux-gnu.so" to ""
[29.617s] -- Installing: /home/mmitss/Documents/cda-mmitss/other/install/carma_msgs/lib/libcarma_msgs__python.so
[29.618s] -- Set runtime path of "/home/mmitss/Documents/cda-mmitss/other/install/carma_msgs/lib/libcarma_msgs__python.so" to ""
[29.618s] -- Installing: /home/mmitss/Documents/cda-mmitss/other/install/carma_msgs/share/carma_msgs/msg/CarlaEnabled.idl
[29.618s] -- Installing: /home/mmitss/Documents/cda-mmitss/other/install/carma_msgs/share/carma_msgs/msg/LightBarCDAType.idl
[29.618s] -- Installing: /home/mmitss/Documents/cda-mmitss/other/install/carma_msgs/share/carma_msgs/msg/LightBarIndicator.idl
[29.619s] -- Installing: /home/mmitss/Documents/cda-mmitss/other/install/carma_msgs/share/carma_msgs/msg/LightBarIndicatorControllers.idl
[29.619s] -- Installing: /home/mmitss/Documents/cda-mmitss/other/install/carma_msgs/share/carma_msgs/msg/SystemAlert.idl
[29.619s] -- Installing: /home/mmitss/Documents/cda-mmitss/other/install/carma_msgs/share/carma_msgs/msg/UIInstructions.idl
[29.619s] -- Installing: /home/mmitss/Documents/cda-mmitss/other/install/carma_msgs/share/carma_msgs/srv/ReleaseIndicatorControl.idl
[29.619s] -- Installing: /home/mmitss/Documents/cda-mmitss/other/install/carma_msgs/share/carma_msgs/srv/RequestIndicatorControl.idl
[29.619s] -- Installing: /home/mmitss/Documents/cda-mmitss/other/install/carma_msgs/share/carma_msgs/srv/SetTrafficEvent.idl
[29.620s] -- Installing: /home/mmitss/Documents/cda-mmitss/other/install/carma_msgs/share/carma_msgs/msg/CarlaEnabled.msg
[29.620s] -- Installing: /home/mmitss/Documents/cda-mmitss/other/install/carma_msgs/share/carma_msgs/msg/LightBarCDAType.msg
[29.620s] -- Installing: /home/mmitss/Documents/cda-mmitss/other/install/carma_msgs/share/carma_msgs/msg/LightBarIndicator.msg
[29.620s] -- Installing: /home/mmitss/Documents/cda-mmitss/other/install/carma_msgs/share/carma_msgs/msg/LightBarIndicatorControllers.msg
[29.620s] -- Installing: /home/mmitss/Documents/cda-mmitss/other/install/carma_msgs/share/carma_msgs/msg/SystemAlert.msg
[29.620s] -- Installing: /home/mmitss/Documents/cda-mmitss/other/install/carma_msgs/share/carma_msgs/msg/UIInstructions.msg
[29.621s] -- Installing: /home/mmitss/Documents/cda-mmitss/other/install/carma_msgs/share/carma_msgs/srv/ReleaseIndicatorControl.srv
[29.621s] -- Installing: /home/mmitss/Documents/cda-mmitss/other/install/carma_msgs/share/carma_msgs/srv/ReleaseIndicatorControl_Request.msg
[29.621s] -- Installing: /home/mmitss/Documents/cda-mmitss/other/install/carma_msgs/share/carma_msgs/srv/ReleaseIndicatorControl_Response.msg
[29.621s] -- Installing: /home/mmitss/Documents/cda-mmitss/other/install/carma_msgs/share/carma_msgs/srv/RequestIndicatorControl.srv
[29.621s] -- Installing: /home/mmitss/Documents/cda-mmitss/other/install/carma_msgs/share/carma_msgs/srv/RequestIndicatorControl_Request.msg
[29.621s] -- Installing: /home/mmitss/Documents/cda-mmitss/other/install/carma_msgs/share/carma_msgs/srv/RequestIndicatorControl_Response.msg
[29.622s] -- Installing: /home/mmitss/Documents/cda-mmitss/other/install/carma_msgs/share/carma_msgs/srv/SetTrafficEvent.srv
[29.622s] -- Installing: /home/mmitss/Documents/cda-mmitss/other/install/carma_msgs/share/carma_msgs/srv/SetTrafficEvent_Request.msg
[29.622s] -- Installing: /home/mmitss/Documents/cda-mmitss/other/install/carma_msgs/share/carma_msgs/srv/SetTrafficEvent_Response.msg
[29.622s] -- Installing: /home/mmitss/Documents/cda-mmitss/other/install/carma_msgs/share/ament_index/resource_index/package_run_dependencies/carma_msgs
[29.623s] -- Installing: /home/mmitss/Documents/cda-mmitss/other/install/carma_msgs/share/ament_index/resource_index/parent_prefix_path/carma_msgs
[29.623s] -- Installing: /home/mmitss/Documents/cda-mmitss/other/install/carma_msgs/share/carma_msgs/environment/ament_prefix_path.sh
[29.623s] -- Installing: /home/mmitss/Documents/cda-mmitss/other/install/carma_msgs/share/carma_msgs/environment/ament_prefix_path.dsv
[29.623s] -- Installing: /home/mmitss/Documents/cda-mmitss/other/install/carma_msgs/share/carma_msgs/environment/path.sh
[29.623s] -- Installing: /home/mmitss/Documents/cda-mmitss/other/install/carma_msgs/share/carma_msgs/environment/path.dsv
[29.623s] -- Installing: /home/mmitss/Documents/cda-mmitss/other/install/carma_msgs/share/carma_msgs/local_setup.bash
[29.624s] -- Installing: /home/mmitss/Documents/cda-mmitss/other/install/carma_msgs/share/carma_msgs/local_setup.sh
[29.624s] -- Installing: /home/mmitss/Documents/cda-mmitss/other/install/carma_msgs/share/carma_msgs/local_setup.zsh
[29.624s] -- Installing: /home/mmitss/Documents/cda-mmitss/other/install/carma_msgs/share/carma_msgs/local_setup.dsv
[29.624s] -- Installing: /home/mmitss/Documents/cda-mmitss/other/install/carma_msgs/share/carma_msgs/package.dsv
[29.624s] -- Installing: /home/mmitss/Documents/cda-mmitss/other/install/carma_msgs/share/ament_index/resource_index/packages/carma_msgs
[29.625s] -- Installing: /home/mmitss/Documents/cda-mmitss/other/install/carma_msgs/share/carma_msgs/cmake/carma_msgs__rosidl_generator_cExport.cmake
[29.625s] -- Installing: /home/mmitss/Documents/cda-mmitss/other/install/carma_msgs/share/carma_msgs/cmake/carma_msgs__rosidl_generator_cExport-release.cmake
[29.625s] -- Installing: /home/mmitss/Documents/cda-mmitss/other/install/carma_msgs/share/carma_msgs/cmake/carma_msgs__rosidl_typesupport_introspection_cExport.cmake
[29.625s] -- Installing: /home/mmitss/Documents/cda-mmitss/other/install/carma_msgs/share/carma_msgs/cmake/carma_msgs__rosidl_typesupport_introspection_cExport-release.cmake
[29.625s] -- Installing: /home/mmitss/Documents/cda-mmitss/other/install/carma_msgs/share/carma_msgs/cmake/carma_msgs__rosidl_typesupport_cExport.cmake
[29.626s] -- Installing: /home/mmitss/Documents/cda-mmitss/other/install/carma_msgs/share/carma_msgs/cmake/carma_msgs__rosidl_typesupport_cExport-release.cmake
[29.626s] -- Installing: /home/mmitss/Documents/cda-mmitss/other/install/carma_msgs/share/carma_msgs/cmake/carma_msgs__rosidl_generator_cppExport.cmake
[29.626s] -- Installing: /home/mmitss/Documents/cda-mmitss/other/install/carma_msgs/share/carma_msgs/cmake/carma_msgs__rosidl_typesupport_introspection_cppExport.cmake
[29.626s] -- Installing: /home/mmitss/Documents/cda-mmitss/other/install/carma_msgs/share/carma_msgs/cmake/carma_msgs__rosidl_typesupport_introspection_cppExport-release.cmake
[29.627s] -- Installing: /home/mmitss/Documents/cda-mmitss/other/install/carma_msgs/share/carma_msgs/cmake/carma_msgs__rosidl_typesupport_cppExport.cmake
[29.627s] -- Installing: /home/mmitss/Documents/cda-mmitss/other/install/carma_msgs/share/carma_msgs/cmake/carma_msgs__rosidl_typesupport_cppExport-release.cmake
[29.627s] -- Installing: /home/mmitss/Documents/cda-mmitss/other/install/carma_msgs/share/carma_msgs/cmake/rosidl_cmake-extras.cmake
[29.627s] -- Installing: /home/mmitss/Documents/cda-mmitss/other/install/carma_msgs/share/carma_msgs/cmake/ament_cmake_export_dependencies-extras.cmake
[29.627s] -- Installing: /home/mmitss/Documents/cda-mmitss/other/install/carma_msgs/share/carma_msgs/cmake/ament_cmake_export_libraries-extras.cmake
[29.628s] -- Installing: /home/mmitss/Documents/cda-mmitss/other/install/carma_msgs/share/carma_msgs/cmake/ament_cmake_export_targets-extras.cmake
[29.628s] -- Installing: /home/mmitss/Documents/cda-mmitss/other/install/carma_msgs/share/carma_msgs/cmake/ament_cmake_export_include_directories-extras.cmake
[29.628s] -- Installing: /home/mmitss/Documents/cda-mmitss/other/install/carma_msgs/share/carma_msgs/cmake/rosidl_cmake_export_typesupport_libraries-extras.cmake
[29.628s] -- Installing: /home/mmitss/Documents/cda-mmitss/other/install/carma_msgs/share/carma_msgs/cmake/rosidl_cmake_export_typesupport_targets-extras.cmake
[29.629s] -- Installing: /home/mmitss/Documents/cda-mmitss/other/install/carma_msgs/share/carma_msgs/cmake/carma_msgsConfig.cmake
[29.629s] -- Installing: /home/mmitss/Documents/cda-mmitss/other/install/carma_msgs/share/carma_msgs/cmake/carma_msgsConfig-version.cmake
[29.629s] -- Installing: /home/mmitss/Documents/cda-mmitss/other/install/carma_msgs/share/carma_msgs/package.xml
[29.629s] -- Installing: /home/mmitss/Documents/cda-mmitss/other/install/carma_msgs/share/carma_msgs/rule.yml
[29.637s] Invoked command in '/home/mmitss/Documents/cda-mmitss/other/build/carma_msgs' returned '0': AMENT_PREFIX_PATH=/home/mmitss/Documents/cda-mmitss/other/install/carma_cmake_common:${AMENT_PREFIX_PATH} CMAKE_PREFIX_PATH=/home/mmitss/Documents/cda-mmitss/other/install/carma_cmake_common:/opt/ros/foxy CONDA_PROMPT_MODIFIER=(base) /usr/bin/cmake --install /home/mmitss/Documents/cda-mmitss/other/build/carma_msgs
