[0.016s] Invoking command in '/home/mmitss/Documents/cda-mmitss/mmitss/src/common/MsgTransceiver/CarmaDecoderRos2/build/carma-ros2-decoder': CMAKE_PREFIX_PATH=/opt/ros/foxy:${CMAKE_PREFIX_PATH} CONDA_PROMPT_MODIFIER=(base) /usr/bin/cmake --build /home/mmitss/Documents/cda-mmitss/mmitss/src/common/MsgTransceiver/CarmaDecoderRos2/build/carma-ros2-decoder -- -j8 -l8
[0.045s] -- Found ament_cmake: 0.9.12 (/opt/ros/foxy/share/ament_cmake/cmake)
[0.069s] -- Using PYTHON_EXECUTABLE: /home/mmitss/anaconda3/bin/python3
[0.278s] -- Found ament_cmake_auto: 0.9.12 (/opt/ros/foxy/share/ament_cmake_auto/cmake)
[0.375s] -- Using all available rosidl_typesupport_c: rosidl_typesupport_fastrtps_c;rosidl_typesupport_introspection_c
[0.378s] -- Found rosidl_adapter: 1.3.1 (/opt/ros/foxy/share/rosidl_adapter/cmake)
[0.473s] -- Using all available rosidl_typesupport_cpp: rosidl_typesupport_fastrtps_cpp;rosidl_typesupport_introspection_cpp
[0.516s] -- Found rmw_implementation_cmake: 1.0.4 (/opt/ros/foxy/share/rmw_implementation_cmake/cmake)
[0.518s] -- Using RMW implementation 'rmw_fastrtps_cpp' as default
[0.736s] -- Found ament_lint_auto: 0.9.8 (/opt/ros/foxy/share/ament_lint_auto/cmake)
[0.747s] -- Added test 'copyright' to check source files copyright and LICENSE
[0.758s] -- Added test 'cppcheck' to perform static code analysis on C / C++ code
[0.760s] -- Configured cppcheck include dirs: /home/mmitss/Documents/cda-mmitss/mmitss/src/common/MsgTransceiver/CarmaDecoderRos2/../../../../include;/home/mmitss/Documents/cda-mmitss/mmitss/src/common/MsgTransceiver/CarmaDecoderRos2/../../../../include/common;/home/mmitss/Documents/cda-mmitss/mmitss/src/common/MsgTransceiver/CarmaDecoderRos2/../../../../include/common/json;/home/mmitss/Documents/cda-mmitss/mmitss/src/common/MsgTransceiver/CarmaDecoderRos2/../../../../include/libj2735;/home/mmitss/Documents/cda-mmitss/mmitss/src/common/MsgTransceiver/CarmaDecoderRos2/../../../../3rdparty/asn1j2735/include;/home/mmitss/Documents/cda-mmitss/mmitss/src/common/MsgTransceiver/CarmaDecoderRos2/../../../../3rdparty/glpk/include;/home/mmitss/Documents/cda-mmitss/mmitss/src/common/MsgTransceiver/CarmaDecoderRos2/../../../../3rdparty/mapengine/include;/home/mmitss/Documents/cda-mmitss/mmitss/src/common/MsgTransceiver/CarmaDecoderRos2/../../../../3rdparty/net-snmp;/home/mmitss/Documents/cda-mmitss/mmitss/src/common/MsgTransceiver/CarmaDecoderRos2/../../../../3rdparty/jsoncpp
[0.760s] -- Configured cppcheck exclude dirs and/or files: 
[0.771s] -- Added test 'cpplint' to check C / C++ code against the Google style
[0.771s] -- Configured cpplint exclude dirs and/or files: 
[0.773s] -- Added test 'flake8' to check Python code syntax and style conventions
[0.776s] -- Added test 'lint_cmake' to check CMake code style
[0.778s] -- Added test 'pep257' to check Python code against some of the style conventions in PEP 257
[0.789s] -- Added test 'uncrustify' to check C / C++ code style
[0.789s] -- Configured uncrustify additional arguments: 
[0.791s] -- Added test 'xmllint' to check XML markup files
[0.794s] -- Configuring done
[0.931s] -- Generating done
[0.933s] -- Build files have been written to: /home/mmitss/Documents/cda-mmitss/mmitss/src/common/MsgTransceiver/CarmaDecoderRos2/build/carma-ros2-decoder
[0.983s] [ 20%] [32m[1mLinking CXX executable M_CarmaMsgDecoder[0m
[1.579s] /usr/bin/ld: CMakeFiles/M_CarmaMsgDecoder.dir/src/carma-inbound-listener.cpp.o: in function `InboundMsgListener::InboundMsgListener()':
[1.579s] carma-inbound-listener.cpp:(.text+0x3a): undefined reference to `Json::Value::Value(Json::ValueType)'
[1.579s] /usr/bin/ld: carma-inbound-listener.cpp:(.text+0x50): undefined reference to `Json::Value::operator[](char const*)'
[1.580s] /usr/bin/ld: carma-inbound-listener.cpp:(.text+0x69): undefined reference to `Json::Value::asString[abi:cxx11]() const'
[1.580s] /usr/bin/ld: carma-inbound-listener.cpp:(.text+0x7f): undefined reference to `Json::Value::operator[](char const*)'
[1.580s] /usr/bin/ld: carma-inbound-listener.cpp:(.text+0x98): undefined reference to `Json::Value::asString[abi:cxx11]() const'
[1.580s] /usr/bin/ld: carma-inbound-listener.cpp:(.text+0xae): undefined reference to `Json::Value::operator[](char const*)'
[1.580s] /usr/bin/ld: carma-inbound-listener.cpp:(.text+0xc7): undefined reference to `Json::Value::asString[abi:cxx11]() const'
[1.580s] /usr/bin/ld: carma-inbound-listener.cpp:(.text+0xdd): undefined reference to `Json::Value::operator[](char const*)'
[1.581s] /usr/bin/ld: carma-inbound-listener.cpp:(.text+0xe5): undefined reference to `Json::Value::asBool() const'
[1.581s] /usr/bin/ld: carma-inbound-listener.cpp:(.text+0x108): undefined reference to `Json::Value::operator[](char const*)'
[1.581s] /usr/bin/ld: carma-inbound-listener.cpp:(.text+0x117): undefined reference to `Json::Value::operator[](char const*)'
[1.581s] /usr/bin/ld: carma-inbound-listener.cpp:(.text+0x11f): undefined reference to `Json::Value::asInt() const'
[1.581s] /usr/bin/ld: carma-inbound-listener.cpp:(.text+0x142): undefined reference to `Json::Value::operator[](char const*)'
[1.582s] /usr/bin/ld: carma-inbound-listener.cpp:(.text+0x151): undefined reference to `Json::Value::operator[](char const*)'
[1.582s] /usr/bin/ld: carma-inbound-listener.cpp:(.text+0x159): undefined reference to `Json::Value::asInt() const'
[1.582s] /usr/bin/ld: carma-inbound-listener.cpp:(.text+0x17c): undefined reference to `Json::Value::operator[](char const*)'
[1.582s] /usr/bin/ld: carma-inbound-listener.cpp:(.text+0x18b): undefined reference to `Json::Value::operator[](char const*)'
[1.582s] /usr/bin/ld: carma-inbound-listener.cpp:(.text+0x193): undefined reference to `Json::Value::asInt() const'
[1.582s] /usr/bin/ld: carma-inbound-listener.cpp:(.text+0x1b6): undefined reference to `Json::Value::operator[](char const*)'
[1.583s] /usr/bin/ld: carma-inbound-listener.cpp:(.text+0x1c5): undefined reference to `Json::Value::operator[](char const*)'
[1.583s] /usr/bin/ld: carma-inbound-listener.cpp:(.text+0x1cd): undefined reference to `Json::Value::asInt() const'
[1.583s] /usr/bin/ld: carma-inbound-listener.cpp:(.text+0x295): undefined reference to `Json::CharReaderBuilder::CharReaderBuilder()'
[1.583s] /usr/bin/ld: carma-inbound-listener.cpp:(.text+0x2a4): undefined reference to `Json::CharReaderBuilder::newCharReader() const'
[1.583s] /usr/bin/ld: carma-inbound-listener.cpp:(.text+0x35e): undefined reference to `Json::CharReaderBuilder::~CharReaderBuilder()'
[1.583s] /usr/bin/ld: carma-inbound-listener.cpp:(.text+0x3db): undefined reference to `Json::CharReaderBuilder::~CharReaderBuilder()'
[1.584s] /usr/bin/ld: carma-inbound-listener.cpp:(.text+0x46e): undefined reference to `Json::Value::~Value()'
[1.584s] /usr/bin/ld: CMakeFiles/M_CarmaMsgDecoder.dir/src/carma-inbound-listener.cpp.o: in function `InboundMsgListener::~InboundMsgListener()':
[1.584s] carma-inbound-listener.cpp:(.text+0x4d8): undefined reference to `Json::Value::~Value()'
[1.584s] /usr/bin/ld: CMakeFiles/M_CarmaMsgDecoder.dir/src/carma-inbound-listener.cpp.o: in function `InboundMsgListener::inboundMsgCallback(std::shared_ptr<carma_driver_msgs::msg::ByteArray_<std::allocator<void> > >)':
[1.584s] carma-inbound-listener.cpp:(.text+0x52e): undefined reference to `Json::Value::operator[](char const*)'
[1.585s] /usr/bin/ld: carma-inbound-listener.cpp:(.text+0x53d): undefined reference to `Json::Value::operator[](char const*)'
[1.585s] /usr/bin/ld: carma-inbound-listener.cpp:(.text+0x54c): undefined reference to `Json::Value::operator[](char const*)'
[1.585s] /usr/bin/ld: carma-inbound-listener.cpp:(.text+0x554): undefined reference to `Json::Value::asInt() const'
[1.585s] /usr/bin/ld: carma-inbound-listener.cpp:(.text+0x568): undefined reference to `UdpSocket::UdpSocket(unsigned short)'
[1.585s] /usr/bin/ld: carma-inbound-listener.cpp:(.text+0x6d3): undefined reference to `UdpSocket::sendData(std::__cxx11::basic_string<char, std::char_traits<char>, std::allocator<char> >, unsigned short, std::__cxx11::basic_string<char, std::char_traits<char>, std::allocator<char> >)'
[1.585s] /usr/bin/ld: carma-inbound-listener.cpp:(.text+0x7ee): undefined reference to `UdpSocket::sendData(std::__cxx11::basic_string<char, std::char_traits<char>, std::allocator<char> >, unsigned short, std::__cxx11::basic_string<char, std::char_traits<char>, std::allocator<char> >)'
[1.586s] /usr/bin/ld: carma-inbound-listener.cpp:(.text+0x8b1): undefined reference to `UdpSocket::sendData(std::__cxx11::basic_string<char, std::char_traits<char>, std::allocator<char> >, unsigned short, std::__cxx11::basic_string<char, std::char_traits<char>, std::allocator<char> >)'
[1.586s] /usr/bin/ld: carma-inbound-listener.cpp:(.text+0x937): undefined reference to `UdpSocket::sendData(std::__cxx11::basic_string<char, std::char_traits<char>, std::allocator<char> >, unsigned short, std::__cxx11::basic_string<char, std::char_traits<char>, std::allocator<char> >)'
[1.586s] /usr/bin/ld: carma-inbound-listener.cpp:(.text+0xa59): undefined reference to `UdpSocket::sendData(std::__cxx11::basic_string<char, std::char_traits<char>, std::allocator<char> >, unsigned short, std::__cxx11::basic_string<char, std::char_traits<char>, std::allocator<char> >)'
[1.586s] /usr/bin/ld: CMakeFiles/M_CarmaMsgDecoder.dir/src/carma-inbound-listener.cpp.o:carma-inbound-listener.cpp:(.text+0xb83): more undefined references to `UdpSocket::sendData(std::__cxx11::basic_string<char, std::char_traits<char>, std::allocator<char> >, unsigned short, std::__cxx11::basic_string<char, std::char_traits<char>, std::allocator<char> >)' follow
[1.586s] /usr/bin/ld: CMakeFiles/M_CarmaMsgDecoder.dir/src/carma-inbound-listener.cpp.o: in function `InboundMsgListener::inboundMsgCallback(std::shared_ptr<carma_driver_msgs::msg::ByteArray_<std::allocator<void> > >)':
[1.586s] carma-inbound-listener.cpp:(.text+0xfb8): undefined reference to `UdpSocket::closeSocket()'
[1.587s] /usr/bin/ld: CMakeFiles/M_CarmaMsgDecoder.dir/src/carma-msg-decoder.cpp.o: in function `InboundMsgListener::InboundMsgListener(InboundMsgListener const&)':
[1.587s] carma-msg-decoder.cpp:(.text._ZN18InboundMsgListenerC2ERKS_[_ZN18InboundMsgListenerC5ERKS_]+0x24): undefined reference to `Json::Value::Value(Json::Value const&)'
[1.587s] /usr/bin/ld: carma-msg-decoder.cpp:(.text._ZN18InboundMsgListenerC2ERKS_[_ZN18InboundMsgListenerC5ERKS_]+0x121): undefined reference to `Json::Value::~Value()'
[1.587s] /usr/bin/ld: CMakeFiles/M_CarmaMsgDecoder.dir/src/carma-msg-decoder.cpp.o: in function `OutboundMsgListener::OutboundMsgListener(OutboundMsgListener const&)':
[1.587s] carma-msg-decoder.cpp:(.text._ZN19OutboundMsgListenerC2ERKS_[_ZN19OutboundMsgListenerC5ERKS_]+0x5b): undefined reference to `Json::Value::Value(Json::Value const&)'
[1.587s] /usr/bin/ld: CMakeFiles/M_CarmaMsgDecoder.dir/src/carma-outbound-listener.cpp.o: in function `OutboundMsgListener::OutboundMsgListener()':
[1.588s] carma-outbound-listener.cpp:(.text+0x40): undefined reference to `Json::Value::operator[](char const*)'
[1.588s] /usr/bin/ld: carma-outbound-listener.cpp:(.text+0x55): undefined reference to `Json::Value::asString[abi:cxx11]() const'
[1.588s] /usr/bin/ld: carma-outbound-listener.cpp:(.text+0x6f): undefined reference to `Json::Value::operator[](char const*)'
[1.588s] /usr/bin/ld: carma-outbound-listener.cpp:(.text+0x7e): undefined reference to `Json::Value::operator[](char const*)'
[1.588s] /usr/bin/ld: carma-outbound-listener.cpp:(.text+0x86): undefined reference to `Json::Value::asInt() const'
[1.588s] /usr/bin/ld: carma-outbound-listener.cpp:(.text+0xaa): undefined reference to `Json::Value::operator[](char const*)'
[1.589s] /usr/bin/ld: carma-outbound-listener.cpp:(.text+0xb9): undefined reference to `Json::Value::operator[](char const*)'
[1.589s] /usr/bin/ld: carma-outbound-listener.cpp:(.text+0xc1): undefined reference to `Json::Value::asInt() const'
[1.589s] /usr/bin/ld: carma-outbound-listener.cpp:(.text+0xe3): undefined reference to `Json::Value::Value(Json::ValueType)'
[1.589s] /usr/bin/ld: carma-outbound-listener.cpp:(.text+0x19e): undefined reference to `Json::CharReaderBuilder::CharReaderBuilder()'
[1.589s] /usr/bin/ld: carma-outbound-listener.cpp:(.text+0x1ad): undefined reference to `Json::CharReaderBuilder::newCharReader() const'
[1.589s] /usr/bin/ld: carma-outbound-listener.cpp:(.text+0x27d): undefined reference to `Json::CharReaderBuilder::~CharReaderBuilder()'
[1.590s] /usr/bin/ld: carma-outbound-listener.cpp:(.text+0x2fa): undefined reference to `Json::CharReaderBuilder::~CharReaderBuilder()'
[1.590s] /usr/bin/ld: carma-outbound-listener.cpp:(.text+0x33d): undefined reference to `Json::Value::~Value()'
[1.590s] /usr/bin/ld: CMakeFiles/M_CarmaMsgDecoder.dir/src/carma-outbound-listener.cpp.o: in function `OutboundMsgListener::~OutboundMsgListener()':
[1.590s] carma-outbound-listener.cpp:(.text+0x394): undefined reference to `Json::Value::~Value()'
[1.590s] /usr/bin/ld: CMakeFiles/M_CarmaMsgDecoder.dir/src/carma-outbound-listener.cpp.o: in function `OutboundMsgListener::outboundMsgCallback(std::shared_ptr<carma_driver_msgs::msg::ByteArray_<std::allocator<void> > >)':
[1.591s] carma-outbound-listener.cpp:(.text+0x3fa): undefined reference to `Json::Value::operator[](char const*)'
[1.591s] /usr/bin/ld: carma-outbound-listener.cpp:(.text+0x409): undefined reference to `Json::Value::operator[](char const*)'
[1.591s] /usr/bin/ld: carma-outbound-listener.cpp:(.text+0x411): undefined reference to `Json::Value::asInt() const'
[1.591s] /usr/bin/ld: carma-outbound-listener.cpp:(.text+0x425): undefined reference to `UdpSocket::UdpSocket(unsigned short)'
[1.591s] /usr/bin/ld: carma-outbound-listener.cpp:(.text+0x55a): undefined reference to `UdpSocket::sendData(std::__cxx11::basic_string<char, std::char_traits<char>, std::allocator<char> >, unsigned short, std::__cxx11::basic_string<char, std::char_traits<char>, std::allocator<char> >)'
[1.591s] /usr/bin/ld: carma-outbound-listener.cpp:(.text+0x5d9): undefined reference to `UdpSocket::sendData(std::__cxx11::basic_string<char, std::char_traits<char>, std::allocator<char> >, unsigned short, std::__cxx11::basic_string<char, std::char_traits<char>, std::allocator<char> >)'
[1.591s] /usr/bin/ld: carma-outbound-listener.cpp:(.text+0x6a2): undefined reference to `UdpSocket::sendData(std::__cxx11::basic_string<char, std::char_traits<char>, std::allocator<char> >, unsigned short, std::__cxx11::basic_string<char, std::char_traits<char>, std::allocator<char> >)'
[1.592s] /usr/bin/ld: carma-outbound-listener.cpp:(.text+0x6fc): undefined reference to `UdpSocket::closeSocket()'
[1.592s] /usr/bin/ld: CMakeFiles/M_CarmaMsgDecoder.dir/src/carma-transceiver-decoder.cpp.o: in function `TransceiverDecoder::TransceiverDecoder()':
[1.592s] carma-transceiver-decoder.cpp:(.text+0x2d7): undefined reference to `Json::Value::Value(Json::ValueType)'
[1.592s] /usr/bin/ld: carma-transceiver-decoder.cpp:(.text+0x37f): undefined reference to `Json::CharReaderBuilder::CharReaderBuilder()'
[1.592s] /usr/bin/ld: carma-transceiver-decoder.cpp:(.text+0x38e): undefined reference to `Json::CharReaderBuilder::newCharReader() const'
[1.592s] /usr/bin/ld: carma-transceiver-decoder.cpp:(.text+0x43f): undefined reference to `Json::Value::operator[](char const*)'
[1.592s] /usr/bin/ld: carma-transceiver-decoder.cpp:(.text+0x454): undefined reference to `Json::Value::asString[abi:cxx11]() const'
[1.593s] /usr/bin/ld: carma-transceiver-decoder.cpp:(.text+0x499): undefined reference to `Json::Value::operator[](char const*)'
[1.593s] /usr/bin/ld: carma-transceiver-decoder.cpp:(.text+0x4ae): undefined reference to `Json::Value::asString[abi:cxx11]() const'
[1.593s] /usr/bin/ld: carma-transceiver-decoder.cpp:(.text+0x4f3): undefined reference to `Json::Value::operator[](char const*)'
[1.593s] /usr/bin/ld: carma-transceiver-decoder.cpp:(.text+0x4fb): undefined reference to `Json::Value::asDouble() const'
[1.593s] /usr/bin/ld: carma-transceiver-decoder.cpp:(.text+0x564): undefined reference to `Json::CharReaderBuilder::~CharReaderBuilder()'
[1.593s] /usr/bin/ld: carma-transceiver-decoder.cpp:(.text+0x591): undefined reference to `Json::Value::~Value()'
[1.593s] /usr/bin/ld: carma-transceiver-decoder.cpp:(.text+0x6bc): undefined reference to `Json::CharReaderBuilder::~CharReaderBuilder()'
[1.594s] /usr/bin/ld: carma-transceiver-decoder.cpp:(.text+0x6fb): undefined reference to `Json::Value::~Value()'
[1.594s] /usr/bin/ld: CMakeFiles/M_CarmaMsgDecoder.dir/src/carma-transceiver-decoder.cpp.o: in function `TransceiverDecoder::createJsonStringOfMapPayload(std::__cxx11::basic_string<char, std::char_traits<char>, std::allocator<char> >)':
[1.594s] carma-transceiver-decoder.cpp:(.text+0xaa5): undefined reference to `Json::Value::Value(Json::ValueType)'
[1.594s] /usr/bin/ld: carma-transceiver-decoder.cpp:(.text+0xb4d): undefined reference to `Json::CharReaderBuilder::CharReaderBuilder()'
[1.594s] /usr/bin/ld: carma-transceiver-decoder.cpp:(.text+0xb5c): undefined reference to `Json::CharReaderBuilder::newCharReader() const'
[1.594s] /usr/bin/ld: carma-transceiver-decoder.cpp:(.text+0xc0b): undefined reference to `Json::Value::Value(Json::ValueType)'
[1.595s] /usr/bin/ld: carma-transceiver-decoder.cpp:(.text+0xc1a): undefined reference to `Json::StreamWriterBuilder::StreamWriterBuilder()'
[1.595s] /usr/bin/ld: carma-transceiver-decoder.cpp:(.text+0xc30): undefined reference to `Json::Value::Value(char const*)'
[1.595s] /usr/bin/ld: carma-transceiver-decoder.cpp:(.text+0xc75): undefined reference to `Json::StreamWriterBuilder::operator[](std::__cxx11::basic_string<char, std::char_traits<char>, std::allocator<char> > const&)'
[1.595s] /usr/bin/ld: carma-transceiver-decoder.cpp:(.text+0xc8a): undefined reference to `Json::Value::operator=(Json::Value&&)'
[1.595s] /usr/bin/ld: carma-transceiver-decoder.cpp:(.text+0xcb7): undefined reference to `Json::Value::~Value()'
[1.595s] /usr/bin/ld: carma-transceiver-decoder.cpp:(.text+0xccd): undefined reference to `Json::Value::Value(char const*)'
[1.595s] /usr/bin/ld: carma-transceiver-decoder.cpp:(.text+0xd12): undefined reference to `Json::StreamWriterBuilder::operator[](std::__cxx11::basic_string<char, std::char_traits<char>, std::allocator<char> > const&)'
[1.596s] /usr/bin/ld: carma-transceiver-decoder.cpp:(.text+0xd27): undefined reference to `Json::Value::operator=(Json::Value&&)'
[1.596s] /usr/bin/ld: carma-transceiver-decoder.cpp:(.text+0xd54): undefined reference to `Json::Value::~Value()'
[1.596s] /usr/bin/ld: carma-transceiver-decoder.cpp:(.text+0xe3d): undefined reference to `LocAware::LocAware(std::__cxx11::basic_string<char, std::char_traits<char>, std::allocator<char> > const&, bool)'
[1.596s] /usr/bin/ld: carma-transceiver-decoder.cpp:(.text+0xe5d): undefined reference to `LocAware::getIntersectionIdByName(std::__cxx11::basic_string<char, std::char_traits<char>, std::allocator<char> > const&) const'
[1.596s] /usr/bin/ld: carma-transceiver-decoder.cpp:(.text+0xee4): undefined reference to `Json::Value::Value(char const*)'
[1.596s] /usr/bin/ld: carma-transceiver-decoder.cpp:(.text+0xefa): undefined reference to `Json::Value::operator[](char const*)'
[1.596s] /usr/bin/ld: carma-transceiver-decoder.cpp:(.text+0xf0f): undefined reference to `Json::Value::operator=(Json::Value&&)'
[1.597s] /usr/bin/ld: carma-transceiver-decoder.cpp:(.text+0xf1e): undefined reference to `Json::Value::~Value()'
[1.597s] /usr/bin/ld: carma-transceiver-decoder.cpp:(.text+0xf37): undefined reference to `Json::Value::Value(std::__cxx11::basic_string<char, std::char_traits<char>, std::allocator<char> > const&)'
[1.597s] /usr/bin/ld: carma-transceiver-decoder.cpp:(.text+0xf4d): undefined reference to `Json::Value::operator[](char const*)'
[1.597s] /usr/bin/ld: carma-transceiver-decoder.cpp:(.text+0xf62): undefined reference to `Json::Value::operator=(Json::Value&&)'
[1.597s] /usr/bin/ld: carma-transceiver-decoder.cpp:(.text+0xf71): undefined reference to `Json::Value::~Value()'
[1.597s] /usr/bin/ld: carma-transceiver-decoder.cpp:(.text+0xf8a): undefined reference to `Json::Value::Value(std::__cxx11::basic_string<char, std::char_traits<char>, std::allocator<char> > const&)'
[1.597s] /usr/bin/ld: carma-transceiver-decoder.cpp:(.text+0xfa0): undefined reference to `Json::Value::operator[](char const*)'
[1.598s] /usr/bin/ld: carma-transceiver-decoder.cpp:(.text+0xfb5): undefined reference to `Json::Value::operator=(Json::Value&&)'
[1.598s] /usr/bin/ld: carma-transceiver-decoder.cpp:(.text+0xfc4): undefined reference to `Json::Value::~Value()'
[1.598s] /usr/bin/ld: carma-transceiver-decoder.cpp:(.text+0xfdb): undefined reference to `Json::Value::Value(int)'
[1.598s] /usr/bin/ld: carma-transceiver-decoder.cpp:(.text+0xff1): undefined reference to `Json::Value::operator[](char const*)'
[1.598s] /usr/bin/ld: carma-transceiver-decoder.cpp:(.text+0x1006): undefined reference to `Json::Value::operator=(Json::Value&&)'
[1.598s] /usr/bin/ld: carma-transceiver-decoder.cpp:(.text+0x1015): undefined reference to `Json::Value::~Value()'
[1.598s] /usr/bin/ld: carma-transceiver-decoder.cpp:(.text+0x1035): undefined reference to `Json::writeString[abi:cxx11](Json::StreamWriter::Factory const&, Json::Value const&)'
[1.599s] /usr/bin/ld: carma-transceiver-decoder.cpp:(.text+0x1088): undefined reference to `LocAware::~LocAware()'
[1.599s] /usr/bin/ld: carma-transceiver-decoder.cpp:(.text+0x10c2): undefined reference to `Json::StreamWriterBuilder::~StreamWriterBuilder()'
[1.599s] /usr/bin/ld: carma-transceiver-decoder.cpp:(.text+0x10d1): undefined reference to `Json::Value::~Value()'
[1.599s] /usr/bin/ld: carma-transceiver-decoder.cpp:(.text+0x10ef): undefined reference to `Json::CharReaderBuilder::~CharReaderBuilder()'
[1.599s] /usr/bin/ld: carma-transceiver-decoder.cpp:(.text+0x111c): undefined reference to `Json::Value::~Value()'
[1.599s] /usr/bin/ld: carma-transceiver-decoder.cpp:(.text+0x11f3): undefined reference to `Json::Value::~Value()'
[1.599s] /usr/bin/ld: carma-transceiver-decoder.cpp:(.text+0x1235): undefined reference to `Json::Value::~Value()'
[1.600s] /usr/bin/ld: carma-transceiver-decoder.cpp:(.text+0x1281): undefined reference to `Json::Value::~Value()'
[1.600s] /usr/bin/ld: carma-transceiver-decoder.cpp:(.text+0x1299): undefined reference to `Json::Value::~Value()'
[1.600s] /usr/bin/ld: CMakeFiles/M_CarmaMsgDecoder.dir/src/carma-transceiver-decoder.cpp.o:carma-transceiver-decoder.cpp:(.text+0x12b1): more undefined references to `Json::Value::~Value()' follow
[1.600s] /usr/bin/ld: CMakeFiles/M_CarmaMsgDecoder.dir/src/carma-transceiver-decoder.cpp.o: in function `TransceiverDecoder::createJsonStringOfMapPayload(std::__cxx11::basic_string<char, std::char_traits<char>, std::allocator<char> >)':
[1.600s] carma-transceiver-decoder.cpp:(.text+0x12e1): undefined reference to `Json::StreamWriterBuilder::~StreamWriterBuilder()'
[1.600s] /usr/bin/ld: carma-transceiver-decoder.cpp:(.text+0x12f9): undefined reference to `Json::Value::~Value()'
[1.600s] /usr/bin/ld: carma-transceiver-decoder.cpp:(.text+0x1329): undefined reference to `Json::CharReaderBuilder::~CharReaderBuilder()'
[1.600s] /usr/bin/ld: carma-transceiver-decoder.cpp:(.text+0x1368): undefined reference to `Json::Value::~Value()'
[1.601s] /usr/bin/ld: CMakeFiles/M_CarmaMsgDecoder.dir/src/carma-transceiver-decoder.cpp.o: in function `TransceiverDecoder::bsmDecoder[abi:cxx11](std::vector<unsigned char, std::allocator<unsigned char> >)':
[1.601s] carma-transceiver-decoder.cpp:(.text+0x1431): undefined reference to `BasicVehicle::BasicVehicle()'
[1.601s] /usr/bin/ld: carma-transceiver-decoder.cpp:(.text+0x149a): undefined reference to `AsnJ2735Lib::decode_msgFrame(unsigned char const*, unsigned long, Frame_element_t&)'
[1.601s] /usr/bin/ld: carma-transceiver-decoder.cpp:(.text+0x14f1): undefined reference to `BasicVehicle::setTemporaryID(int)'
[1.601s] /usr/bin/ld: carma-transceiver-decoder.cpp:(.text+0x151e): undefined reference to `BasicVehicle::setSecMark_Second(double)'
[1.601s] /usr/bin/ld: carma-transceiver-decoder.cpp:(.text+0x1586): undefined reference to `BasicVehicle::setPosition(double, double, double)'
[1.602s] /usr/bin/ld: carma-transceiver-decoder.cpp:(.text+0x15b9): undefined reference to `BasicVehicle::setSpeed_MeterPerSecond(double)'
[1.602s] /usr/bin/ld: carma-transceiver-decoder.cpp:(.text+0x15e0): undefined reference to `BasicVehicle::setHeading_Degree(double)'
[1.602s] /usr/bin/ld: carma-transceiver-decoder.cpp:(.text+0x1625): undefined reference to `BasicVehicle::setType(std::__cxx11::basic_string<char, std::char_traits<char>, std::allocator<char> >)'
[1.602s] /usr/bin/ld: carma-transceiver-decoder.cpp:(.text+0x1662): undefined reference to `BasicVehicle::setLength_cm(int)'
[1.602s] /usr/bin/ld: carma-transceiver-decoder.cpp:(.text+0x1681): undefined reference to `BasicVehicle::setWidth_cm(int)'
[1.602s] /usr/bin/ld: carma-transceiver-decoder.cpp:(.text+0x169a): undefined reference to `BasicVehicle::basicVehicle2Json[abi:cxx11]()'
[1.602s] /usr/bin/ld: carma-transceiver-decoder.cpp:(.text+0x16fe): undefined reference to `BasicVehicle::~BasicVehicle()'
[1.603s] /usr/bin/ld: carma-transceiver-decoder.cpp:(.text+0x1774): undefined reference to `BasicVehicle::~BasicVehicle()'
[1.603s] /usr/bin/ld: CMakeFiles/M_CarmaMsgDecoder.dir/src/carma-transceiver-decoder.cpp.o: in function `TransceiverDecoder::srmDecoder[abi:cxx11](std::vector<unsigned char, std::allocator<unsigned char> >)':
[1.603s] carma-transceiver-decoder.cpp:(.text+0x17d9): undefined reference to `SignalRequest::SignalRequest()'
[1.603s] /usr/bin/ld: carma-transceiver-decoder.cpp:(.text+0x1842): undefined reference to `AsnJ2735Lib::decode_msgFrame(unsigned char const*, unsigned long, Frame_element_t&)'
[1.603s] /usr/bin/ld: carma-transceiver-decoder.cpp:(.text+0x189b): undefined reference to `SignalRequest::setMsgCount(int)'
[1.603s] /usr/bin/ld: carma-transceiver-decoder.cpp:(.text+0x18b7): undefined reference to `SignalRequest::setMinuteOfYear(int)'
[1.603s] /usr/bin/ld: carma-transceiver-decoder.cpp:(.text+0x18d6): undefined reference to `SignalRequest::setMsOfMinute(int)'
[1.604s] /usr/bin/ld: carma-transceiver-decoder.cpp:(.text+0x18f5): undefined reference to `SignalRequest::setRegionalID(int)'
[1.604s] /usr/bin/ld: carma-transceiver-decoder.cpp:(.text+0x1914): undefined reference to `SignalRequest::setIntersectionID(int)'
[1.604s] /usr/bin/ld: carma-transceiver-decoder.cpp:(.text+0x1933): undefined reference to `SignalRequest::setRequestID(int)'
[1.604s] /usr/bin/ld: carma-transceiver-decoder.cpp:(.text+0x1952): undefined reference to `SignalRequest::setPriorityRequestType(int)'
[1.604s] /usr/bin/ld: carma-transceiver-decoder.cpp:(.text+0x197f): undefined reference to `SignalRequest::setInBoundLaneIntersectionAccessPoint(int, int)'
[1.604s] /usr/bin/ld: carma-transceiver-decoder.cpp:(.text+0x19b6): undefined reference to `SignalRequest::setETA(int, int, int)'
[1.604s] /usr/bin/ld: carma-transceiver-decoder.cpp:(.text+0x19d3): undefined reference to `SignalRequest::setTemporaryVechileID(int)'
[1.604s] /usr/bin/ld: carma-transceiver-decoder.cpp:(.text+0x19f2): undefined reference to `SignalRequest::setBasicVehicleRole(int)'
[1.605s] /usr/bin/ld: carma-transceiver-decoder.cpp:(.text+0x1a5a): undefined reference to `SignalRequest::setPosition(double, double, double)'
[1.605s] /usr/bin/ld: carma-transceiver-decoder.cpp:(.text+0x1a81): undefined reference to `SignalRequest::setHeading_Degree(double)'
[1.605s] /usr/bin/ld: carma-transceiver-decoder.cpp:(.text+0x1ab4): undefined reference to `SignalRequest::setSpeed_MeterPerSecond(double)'
[1.605s] /usr/bin/ld: carma-transceiver-decoder.cpp:(.text+0x1acd): undefined reference to `SignalRequest::signalRequest2Json[abi:cxx11]()'
[1.605s] /usr/bin/ld: carma-transceiver-decoder.cpp:(.text+0x1b14): undefined reference to `SignalRequest::~SignalRequest()'
[1.605s] /usr/bin/ld: carma-transceiver-decoder.cpp:(.text+0x1b5a): undefined reference to `SignalRequest::~SignalRequest()'
[1.605s] /usr/bin/ld: CMakeFiles/M_CarmaMsgDecoder.dir/src/carma-transceiver-decoder.cpp.o: in function `TransceiverDecoder::ssmDecoder[abi:cxx11](std::vector<unsigned char, std::allocator<unsigned char> >)':
[1.605s] carma-transceiver-decoder.cpp:(.text+0x1bbf): undefined reference to `SignalStatus::SignalStatus()'
[1.606s] /usr/bin/ld: carma-transceiver-decoder.cpp:(.text+0x1c37): undefined reference to `AsnJ2735Lib::decode_msgFrame(unsigned char const*, unsigned long, Frame_element_t&)'
[1.606s] /usr/bin/ld: carma-transceiver-decoder.cpp:(.text+0x1c8d): undefined reference to `SignalStatus::setMinuteOfYear(int)'
[1.606s] /usr/bin/ld: carma-transceiver-decoder.cpp:(.text+0x1cac): undefined reference to `SignalStatus::setMsOfMinute(int)'
[1.606s] /usr/bin/ld: carma-transceiver-decoder.cpp:(.text+0x1ccb): undefined reference to `SignalStatus::setSequenceNumber(int)'
[1.606s] /usr/bin/ld: carma-transceiver-decoder.cpp:(.text+0x1cea): undefined reference to `SignalStatus::setUpdateCount(int)'
[1.606s] /usr/bin/ld: carma-transceiver-decoder.cpp:(.text+0x1d09): undefined reference to `SignalStatus::setRegionalID(int)'
[1.606s] /usr/bin/ld: carma-transceiver-decoder.cpp:(.text+0x1d28): undefined reference to `SignalStatus::setIntersectionID(int)'
[1.607s] /usr/bin/ld: carma-transceiver-decoder.cpp:(.text+0x1d4e): undefined reference to `SignalStatus::setNoOfRequest(int)'
[1.607s] /usr/bin/ld: carma-transceiver-decoder.cpp:(.text+0x1f86): undefined reference to `SignalStatus::setTemporaryVechileID(std::vector<ActiveRequest, std::allocator<ActiveRequest> >)'
[1.607s] /usr/bin/ld: carma-transceiver-decoder.cpp:(.text+0x1fc7): undefined reference to `SignalStatus::setRequestID(std::vector<ActiveRequest, std::allocator<ActiveRequest> >)'
[1.607s] /usr/bin/ld: carma-transceiver-decoder.cpp:(.text+0x2008): undefined reference to `SignalStatus::setMsgCount(std::vector<ActiveRequest, std::allocator<ActiveRequest> >)'
[1.607s] /usr/bin/ld: carma-transceiver-decoder.cpp:(.text+0x2049): undefined reference to `SignalStatus::setBasicVehicleRole(std::vector<ActiveRequest, std::allocator<ActiveRequest> >)'
[1.607s] /usr/bin/ld: carma-transceiver-decoder.cpp:(.text+0x208a): undefined reference to `SignalStatus::setInBoundLaneIntersectionAccessPoint(std::vector<ActiveRequest, std::allocator<ActiveRequest> >)'
[1.607s] /usr/bin/ld: carma-transceiver-decoder.cpp:(.text+0x20cb): undefined reference to `SignalStatus::setETA(std::vector<ActiveRequest, std::allocator<ActiveRequest> >)'
[1.607s] /usr/bin/ld: carma-transceiver-decoder.cpp:(.text+0x210c): undefined reference to `SignalStatus::setPriorityRequestStatus(std::vector<ActiveRequest, std::allocator<ActiveRequest> >)'
[1.608s] /usr/bin/ld: carma-transceiver-decoder.cpp:(.text+0x2154): undefined reference to `SignalStatus::signalStatus2Json[abi:cxx11](std::vector<ActiveRequest, std::allocator<ActiveRequest> >)'
[1.608s] /usr/bin/ld: carma-transceiver-decoder.cpp:(.text+0x21d6): undefined reference to `SignalStatus::~SignalStatus()'
[1.608s] /usr/bin/ld: carma-transceiver-decoder.cpp:(.text+0x22f8): undefined reference to `SignalStatus::~SignalStatus()'
[1.608s] /usr/bin/ld: CMakeFiles/M_CarmaMsgDecoder.dir/src/carma-transceiver-decoder.cpp.o: in function `TransceiverDecoder::spatDecoder[abi:cxx11](std::vector<unsigned char, std::allocator<unsigned char> >)':
[1.608s] carma-transceiver-decoder.cpp:(.text+0x23b7): undefined reference to `AsnJ2735Lib::decode_msgFrame(unsigned char const*, unsigned long, Frame_element_t&)'
[1.608s] /usr/bin/ld: carma-transceiver-decoder.cpp:(.text+0x2403): undefined reference to `Json::Value::Value(Json::ValueType)'
[1.609s] /usr/bin/ld: carma-transceiver-decoder.cpp:(.text+0x2412): undefined reference to `Json::StreamWriterBuilder::StreamWriterBuilder()'
[1.609s] /usr/bin/ld: carma-transceiver-decoder.cpp:(.text+0x2428): undefined reference to `Json::Value::Value(char const*)'
[1.609s] /usr/bin/ld: carma-transceiver-decoder.cpp:(.text+0x246d): undefined reference to `Json::StreamWriterBuilder::operator[](std::__cxx11::basic_string<char, std::char_traits<char>, std::allocator<char> > const&)'
[1.609s] /usr/bin/ld: carma-transceiver-decoder.cpp:(.text+0x2482): undefined reference to `Json::Value::operator=(Json::Value&&)'
[1.609s] /usr/bin/ld: carma-transceiver-decoder.cpp:(.text+0x24af): undefined reference to `Json::Value::~Value()'
[1.609s] /usr/bin/ld: carma-transceiver-decoder.cpp:(.text+0x24c5): undefined reference to `Json::Value::Value(char const*)'
[1.610s] /usr/bin/ld: carma-transceiver-decoder.cpp:(.text+0x250a): undefined reference to `Json::StreamWriterBuilder::operator[](std::__cxx11::basic_string<char, std::char_traits<char>, std::allocator<char> > const&)'
[1.610s] /usr/bin/ld: carma-transceiver-decoder.cpp:(.text+0x251f): undefined reference to `Json::Value::operator=(Json::Value&&)'
[1.610s] /usr/bin/ld: carma-transceiver-decoder.cpp:(.text+0x254c): undefined reference to `Json::Value::~Value()'
[1.610s] /usr/bin/ld: carma-transceiver-decoder.cpp:(.text+0x2576): undefined reference to `Json::Value::Value(char const*)'
[1.610s] /usr/bin/ld: carma-transceiver-decoder.cpp:(.text+0x258c): undefined reference to `Json::Value::operator[](char const*)'
[1.610s] /usr/bin/ld: carma-transceiver-decoder.cpp:(.text+0x25a1): undefined reference to `Json::Value::operator=(Json::Value&&)'
[1.610s] /usr/bin/ld: carma-transceiver-decoder.cpp:(.text+0x25b0): undefined reference to `Json::Value::~Value()'
[1.611s] /usr/bin/ld: carma-transceiver-decoder.cpp:(.text+0x25bf): undefined reference to `getVerboseTimestamp[abi:cxx11]()'
[1.611s] /usr/bin/ld: carma-transceiver-decoder.cpp:(.text+0x25d8): undefined reference to `Json::Value::Value(std::__cxx11::basic_string<char, std::char_traits<char>, std::allocator<char> > const&)'
[1.611s] /usr/bin/ld: carma-transceiver-decoder.cpp:(.text+0x25ee): undefined reference to `Json::Value::operator[](char const*)'
[1.611s] /usr/bin/ld: carma-transceiver-decoder.cpp:(.text+0x2603): undefined reference to `Json::Value::operator=(Json::Value&&)'
[1.611s] /usr/bin/ld: carma-transceiver-decoder.cpp:(.text+0x2612): undefined reference to `Json::Value::~Value()'
[1.611s] /usr/bin/ld: carma-transceiver-decoder.cpp:(.text+0x2630): undefined reference to `getVerboseTimestamp[abi:cxx11]()'
[1.612s] /usr/bin/ld: carma-transceiver-decoder.cpp:(.text+0x2649): undefined reference to `Json::Value::Value(std::__cxx11::basic_string<char, std::char_traits<char>, std::allocator<char> > const&)'
[1.612s] /usr/bin/ld: carma-transceiver-decoder.cpp:(.text+0x265f): undefined reference to `Json::Value::operator[](char const*)'
[1.612s] /usr/bin/ld: carma-transceiver-decoder.cpp:(.text+0x2674): undefined reference to `Json::Value::operator=(Json::Value&&)'
[1.612s] /usr/bin/ld: carma-transceiver-decoder.cpp:(.text+0x2683): undefined reference to `Json::Value::~Value()'
[1.612s] /usr/bin/ld: carma-transceiver-decoder.cpp:(.text+0x26b0): undefined reference to `Json::Value::Value(int)'
[1.612s] /usr/bin/ld: carma-transceiver-decoder.cpp:(.text+0x26c6): undefined reference to `Json::Value::operator[](char const*)'
[1.612s] /usr/bin/ld: carma-transceiver-decoder.cpp:(.text+0x26d5): undefined reference to `Json::Value::operator[](char const*)'
[1.613s] /usr/bin/ld: carma-transceiver-decoder.cpp:(.text+0x26e4): undefined reference to `Json::Value::operator[](char const*)'
[1.613s] /usr/bin/ld: carma-transceiver-decoder.cpp:(.text+0x26f9): undefined reference to `Json::Value::operator=(Json::Value&&)'
[1.613s] /usr/bin/ld: carma-transceiver-decoder.cpp:(.text+0x2708): undefined reference to `Json::Value::~Value()'
[1.613s] /usr/bin/ld: carma-transceiver-decoder.cpp:(.text+0x2727): undefined reference to `Json::Value::Value(int)'
[1.613s] /usr/bin/ld: carma-transceiver-decoder.cpp:(.text+0x273d): undefined reference to `Json::Value::operator[](char const*)'
[1.613s] /usr/bin/ld: carma-transceiver-decoder.cpp:(.text+0x274c): undefined reference to `Json::Value::operator[](char const*)'
[1.613s] /usr/bin/ld: carma-transceiver-decoder.cpp:(.text+0x275b): undefined reference to `Json::Value::operator[](char const*)'
[1.614s] /usr/bin/ld: carma-transceiver-decoder.cpp:(.text+0x2770): undefined reference to `Json::Value::operator=(Json::Value&&)'
[1.614s] /usr/bin/ld: carma-transceiver-decoder.cpp:(.text+0x277f): undefined reference to `Json::Value::~Value()'
[1.614s] /usr/bin/ld: carma-transceiver-decoder.cpp:(.text+0x279e): undefined reference to `Json::Value::Value(unsigned int)'
[1.614s] /usr/bin/ld: carma-transceiver-decoder.cpp:(.text+0x27b4): undefined reference to `Json::Value::operator[](char const*)'
[1.614s] /usr/bin/ld: carma-transceiver-decoder.cpp:(.text+0x27c3): undefined reference to `Json::Value::operator[](char const*)'
[1.614s] /usr/bin/ld: carma-transceiver-decoder.cpp:(.text+0x27d8): undefined reference to `Json::Value::operator=(Json::Value&&)'
[1.614s] /usr/bin/ld: carma-transceiver-decoder.cpp:(.text+0x27e7): undefined reference to `Json::Value::~Value()'
[1.615s] /usr/bin/ld: carma-transceiver-decoder.cpp:(.text+0x2802): undefined reference to `Json::Value::Value(unsigned int)'
[1.615s] /usr/bin/ld: carma-transceiver-decoder.cpp:(.text+0x2818): undefined reference to `Json::Value::operator[](char const*)'
[1.615s] /usr/bin/ld: carma-transceiver-decoder.cpp:(.text+0x2827): undefined reference to `Json::Value::operator[](char const*)'
[1.615s] /usr/bin/ld: carma-transceiver-decoder.cpp:(.text+0x283c): undefined reference to `Json::Value::operator=(Json::Value&&)'
[1.615s] /usr/bin/ld: carma-transceiver-decoder.cpp:(.text+0x284b): undefined reference to `Json::Value::~Value()'
[1.615s] /usr/bin/ld: carma-transceiver-decoder.cpp:(.text+0x286a): undefined reference to `Json::Value::Value(int)'
[1.615s] /usr/bin/ld: carma-transceiver-decoder.cpp:(.text+0x2880): undefined reference to `Json::Value::operator[](char const*)'
[1.616s] /usr/bin/ld: carma-transceiver-decoder.cpp:(.text+0x288f): undefined reference to `Json::Value::operator[](char const*)'
[1.616s] /usr/bin/ld: carma-transceiver-decoder.cpp:(.text+0x28a4): undefined reference to `Json::Value::operator=(Json::Value&&)'
[1.616s] /usr/bin/ld: carma-transceiver-decoder.cpp:(.text+0x28b3): undefined reference to `Json::Value::~Value()'
[1.616s] /usr/bin/ld: carma-transceiver-decoder.cpp:(.text+0x28e9): undefined reference to `Json::Value::Value(std::__cxx11::basic_string<char, std::char_traits<char>, std::allocator<char> > const&)'
[1.616s] /usr/bin/ld: carma-transceiver-decoder.cpp:(.text+0x28ff): undefined reference to `Json::Value::operator[](char const*)'
[1.616s] /usr/bin/ld: carma-transceiver-decoder.cpp:(.text+0x290e): undefined reference to `Json::Value::operator[](char const*)'
[1.616s] /usr/bin/ld: carma-transceiver-decoder.cpp:(.text+0x2923): undefined reference to `Json::Value::operator=(Json::Value&&)'
[1.617s] /usr/bin/ld: carma-transceiver-decoder.cpp:(.text+0x2932): undefined reference to `Json::Value::~Value()'
[1.617s] /usr/bin/ld: carma-transceiver-decoder.cpp:(.text+0x29cb): undefined reference to `Json::Value::Value(int)'
[1.617s] /usr/bin/ld: carma-transceiver-decoder.cpp:(.text+0x29e1): undefined reference to `Json::Value::operator[](char const*)'
[1.617s] /usr/bin/ld: carma-transceiver-decoder.cpp:(.text+0x29f0): undefined reference to `Json::Value::operator[](char const*)'
[1.617s] /usr/bin/ld: carma-transceiver-decoder.cpp:(.text+0x2a03): undefined reference to `Json::Value::operator[](int)'
[1.617s] /usr/bin/ld: carma-transceiver-decoder.cpp:(.text+0x2a12): undefined reference to `Json::Value::operator[](char const*)'
[1.617s] /usr/bin/ld: carma-transceiver-decoder.cpp:(.text+0x2a27): undefined reference to `Json::Value::operator=(Json::Value&&)'
[1.618s] /usr/bin/ld: carma-transceiver-decoder.cpp:(.text+0x2a36): undefined reference to `Json::Value::~Value()'
[1.618s] /usr/bin/ld: carma-transceiver-decoder.cpp:(.text+0x2a55): undefined reference to `Json::Value::Value(int)'
[1.618s] /usr/bin/ld: carma-transceiver-decoder.cpp:(.text+0x2a6b): undefined reference to `Json::Value::operator[](char const*)'
[1.618s] /usr/bin/ld: carma-transceiver-decoder.cpp:(.text+0x2a7a): undefined reference to `Json::Value::operator[](char const*)'
[1.618s] /usr/bin/ld: carma-transceiver-decoder.cpp:(.text+0x2a8d): undefined reference to `Json::Value::operator[](int)'
[1.618s] /usr/bin/ld: carma-transceiver-decoder.cpp:(.text+0x2a9c): undefined reference to `Json::Value::operator[](char const*)'
[1.618s] /usr/bin/ld: carma-transceiver-decoder.cpp:(.text+0x2ab1): undefined reference to `Json::Value::operator=(Json::Value&&)'
[1.618s] /usr/bin/ld: carma-transceiver-decoder.cpp:(.text+0x2ac0): undefined reference to `Json::Value::~Value()'
[1.619s] /usr/bin/ld: carma-transceiver-decoder.cpp:(.text+0x2adf): undefined reference to `Json::Value::Value(int)'
[1.619s] /usr/bin/ld: carma-transceiver-decoder.cpp:(.text+0x2af5): undefined reference to `Json::Value::operator[](char const*)'
[1.619s] /usr/bin/ld: carma-transceiver-decoder.cpp:(.text+0x2b04): undefined reference to `Json::Value::operator[](char const*)'
[1.619s] /usr/bin/ld: carma-transceiver-decoder.cpp:(.text+0x2b17): undefined reference to `Json::Value::operator[](int)'
[1.619s] /usr/bin/ld: carma-transceiver-decoder.cpp:(.text+0x2b26): undefined reference to `Json::Value::operator[](char const*)'
[1.619s] /usr/bin/ld: carma-transceiver-decoder.cpp:(.text+0x2b3b): undefined reference to `Json::Value::operator=(Json::Value&&)'
[1.619s] /usr/bin/ld: carma-transceiver-decoder.cpp:(.text+0x2b4a): undefined reference to `Json::Value::~Value()'
[1.619s] /usr/bin/ld: carma-transceiver-decoder.cpp:(.text+0x2b69): undefined reference to `Json::Value::Value(int)'
[1.619s] /usr/bin/ld: carma-transceiver-decoder.cpp:(.text+0x2b7f): undefined reference to `Json::Value::operator[](char const*)'
[1.619s] /usr/bin/ld: carma-transceiver-decoder.cpp:(.text+0x2b8e): undefined reference to `Json::Value::operator[](char const*)'
[1.620s] /usr/bin/ld: carma-transceiver-decoder.cpp:(.text+0x2ba1): undefined reference to `Json::Value::operator[](int)'
[1.620s] /usr/bin/ld: carma-transceiver-decoder.cpp:(.text+0x2bb0): undefined reference to `Json::Value::operator[](char const*)'
[1.620s] /usr/bin/ld: carma-transceiver-decoder.cpp:(.text+0x2bc5): undefined reference to `Json::Value::operator=(Json::Value&&)'
[1.620s] /usr/bin/ld: carma-transceiver-decoder.cpp:(.text+0x2bd4): undefined reference to `Json::Value::~Value()'
[1.620s] /usr/bin/ld: carma-transceiver-decoder.cpp:(.text+0x2be8): undefined reference to `Json::Value::Value(int)'
[1.620s] /usr/bin/ld: carma-transceiver-decoder.cpp:(.text+0x2bfe): undefined reference to `Json::Value::operator[](char const*)'
[1.620s] /usr/bin/ld: carma-transceiver-decoder.cpp:(.text+0x2c0d): undefined reference to `Json::Value::operator[](char const*)'
[1.620s] /usr/bin/ld: carma-transceiver-decoder.cpp:(.text+0x2c20): undefined reference to `Json::Value::operator[](int)'
[1.620s] /usr/bin/ld: carma-transceiver-decoder.cpp:(.text+0x2c2f): undefined reference to `Json::Value::operator[](char const*)'
[1.621s] /usr/bin/ld: carma-transceiver-decoder.cpp:(.text+0x2c44): undefined reference to `Json::Value::operator=(Json::Value&&)'
[1.621s] /usr/bin/ld: carma-transceiver-decoder.cpp:(.text+0x2c53): undefined reference to `Json::Value::~Value()'
[1.621s] /usr/bin/ld: carma-transceiver-decoder.cpp:(.text+0x2c89): undefined reference to `Json::Value::Value(char const*)'
[1.621s] /usr/bin/ld: carma-transceiver-decoder.cpp:(.text+0x2c9f): undefined reference to `Json::Value::operator[](char const*)'
[1.621s] /usr/bin/ld: carma-transceiver-decoder.cpp:(.text+0x2cae): undefined reference to `Json::Value::operator[](char const*)'
[1.622s] /usr/bin/ld: carma-transceiver-decoder.cpp:(.text+0x2cc1): undefined reference to `Json::Value::operator[](int)'
[1.622s] /usr/bin/ld: carma-transceiver-decoder.cpp:(.text+0x2cd0): undefined reference to `Json::Value::operator[](char const*)'
[1.623s] /usr/bin/ld: carma-transceiver-decoder.cpp:(.text+0x2ce5): undefined reference to `Json::Value::operator=(Json::Value&&)'
[1.624s] /usr/bin/ld: carma-transceiver-decoder.cpp:(.text+0x2cf4): undefined reference to `Json::Value::~Value()'
[1.624s] /usr/bin/ld: carma-transceiver-decoder.cpp:(.text+0x2d1c): undefined reference to `Json::Value::Value(char const*)'
[1.625s] /usr/bin/ld: carma-transceiver-decoder.cpp:(.text+0x2d32): undefined reference to `Json::Value::operator[](char const*)'
[1.626s] /usr/bin/ld: carma-transceiver-decoder.cpp:(.text+0x2d41): undefined reference to `Json::Value::operator[](char const*)'
[1.626s] /usr/bin/ld: carma-transceiver-decoder.cpp:(.text+0x2d54): undefined reference to `Json::Value::operator[](int)'
[1.626s] /usr/bin/ld: carma-transceiver-decoder.cpp:(.text+0x2d63): undefined reference to `Json::Value::operator[](char const*)'
[1.626s] /usr/bin/ld: carma-transceiver-decoder.cpp:(.text+0x2d78): undefined reference to `Json::Value::operator=(Json::Value&&)'
[1.626s] /usr/bin/ld: carma-transceiver-decoder.cpp:(.text+0x2d87): undefined reference to `Json::Value::~Value()'
[1.626s] /usr/bin/ld: carma-transceiver-decoder.cpp:(.text+0x2daf): undefined reference to `Json::Value::Value(char const*)'
[1.626s] /usr/bin/ld: carma-transceiver-decoder.cpp:(.text+0x2dc5): undefined reference to `Json::Value::operator[](char const*)'
[1.626s] /usr/bin/ld: carma-transceiver-decoder.cpp:(.text+0x2dd4): undefined reference to `Json::Value::operator[](char const*)'
[1.626s] /usr/bin/ld: carma-transceiver-decoder.cpp:(.text+0x2de7): undefined reference to `Json::Value::operator[](int)'
[1.626s] /usr/bin/ld: carma-transceiver-decoder.cpp:(.text+0x2df6): undefined reference to `Json::Value::operator[](char const*)'
[1.626s] /usr/bin/ld: carma-transceiver-decoder.cpp:(.text+0x2e0b): undefined reference to `Json::Value::operator=(Json::Value&&)'
[1.627s] /usr/bin/ld: carma-transceiver-decoder.cpp:(.text+0x2e1a): undefined reference to `Json::Value::~Value()'
[1.627s] /usr/bin/ld: carma-transceiver-decoder.cpp:(.text+0x2e42): undefined reference to `Json::Value::Value(char const*)'
[1.627s] /usr/bin/ld: carma-transceiver-decoder.cpp:(.text+0x2e58): undefined reference to `Json::Value::operator[](char const*)'
[1.627s] /usr/bin/ld: carma-transceiver-decoder.cpp:(.text+0x2e67): undefined reference to `Json::Value::operator[](char const*)'
[1.627s] /usr/bin/ld: carma-transceiver-decoder.cpp:(.text+0x2e7a): undefined reference to `Json::Value::operator[](int)'
[1.627s] /usr/bin/ld: carma-transceiver-decoder.cpp:(.text+0x2e89): undefined reference to `Json::Value::operator[](char const*)'
[1.627s] /usr/bin/ld: carma-transceiver-decoder.cpp:(.text+0x2e9e): undefined reference to `Json::Value::operator=(Json::Value&&)'
[1.627s] /usr/bin/ld: carma-transceiver-decoder.cpp:(.text+0x2ead): undefined reference to `Json::Value::~Value()'
[1.627s] /usr/bin/ld: carma-transceiver-decoder.cpp:(.text+0x2fdc): undefined reference to `Json::Value::Value(int)'
[1.627s] /usr/bin/ld: carma-transceiver-decoder.cpp:(.text+0x2ff2): undefined reference to `Json::Value::operator[](char const*)'
[1.628s] /usr/bin/ld: carma-transceiver-decoder.cpp:(.text+0x3001): undefined reference to `Json::Value::operator[](char const*)'
[1.628s] /usr/bin/ld: carma-transceiver-decoder.cpp:(.text+0x3014): undefined reference to `Json::Value::operator[](int)'
[1.628s] /usr/bin/ld: carma-transceiver-decoder.cpp:(.text+0x3023): undefined reference to `Json::Value::operator[](char const*)'
[1.628s] /usr/bin/ld: carma-transceiver-decoder.cpp:(.text+0x3038): undefined reference to `Json::Value::operator=(Json::Value&&)'
[1.628s] /usr/bin/ld: carma-transceiver-decoder.cpp:(.text+0x3047): undefined reference to `Json::Value::~Value()'
[1.628s] /usr/bin/ld: carma-transceiver-decoder.cpp:(.text+0x3066): undefined reference to `Json::Value::Value(int)'
[1.628s] /usr/bin/ld: carma-transceiver-decoder.cpp:(.text+0x307c): undefined reference to `Json::Value::operator[](char const*)'
[1.628s] /usr/bin/ld: carma-transceiver-decoder.cpp:(.text+0x308b): undefined reference to `Json::Value::operator[](char const*)'
[1.628s] /usr/bin/ld: carma-transceiver-decoder.cpp:(.text+0x309e): undefined reference to `Json::Value::operator[](int)'
[1.628s] /usr/bin/ld: carma-transceiver-decoder.cpp:(.text+0x30ad): undefined reference to `Json::Value::operator[](char const*)'
[1.628s] /usr/bin/ld: carma-transceiver-decoder.cpp:(.text+0x30c2): undefined reference to `Json::Value::operator=(Json::Value&&)'
[1.629s] /usr/bin/ld: carma-transceiver-decoder.cpp:(.text+0x30d1): undefined reference to `Json::Value::~Value()'
[1.629s] /usr/bin/ld: carma-transceiver-decoder.cpp:(.text+0x30f0): undefined reference to `Json::Value::Value(int)'
[1.629s] /usr/bin/ld: carma-transceiver-decoder.cpp:(.text+0x3106): undefined reference to `Json::Value::operator[](char const*)'
[1.629s] /usr/bin/ld: carma-transceiver-decoder.cpp:(.text+0x3115): undefined reference to `Json::Value::operator[](char const*)'
[1.629s] /usr/bin/ld: carma-transceiver-decoder.cpp:(.text+0x3128): undefined reference to `Json::Value::operator[](int)'
[1.629s] /usr/bin/ld: carma-transceiver-decoder.cpp:(.text+0x3137): undefined reference to `Json::Value::operator[](char const*)'
[1.629s] /usr/bin/ld: carma-transceiver-decoder.cpp:(.text+0x314c): undefined reference to `Json::Value::operator=(Json::Value&&)'
[1.629s] /usr/bin/ld: carma-transceiver-decoder.cpp:(.text+0x315b): undefined reference to `Json::Value::~Value()'
[1.629s] /usr/bin/ld: carma-transceiver-decoder.cpp:(.text+0x317a): undefined reference to `Json::Value::Value(int)'
[1.629s] /usr/bin/ld: carma-transceiver-decoder.cpp:(.text+0x3190): undefined reference to `Json::Value::operator[](char const*)'
[1.629s] /usr/bin/ld: carma-transceiver-decoder.cpp:(.text+0x319f): undefined reference to `Json::Value::operator[](char const*)'
[1.629s] /usr/bin/ld: carma-transceiver-decoder.cpp:(.text+0x31b2): undefined reference to `Json::Value::operator[](int)'
[1.630s] /usr/bin/ld: carma-transceiver-decoder.cpp:(.text+0x31c1): undefined reference to `Json::Value::operator[](char const*)'
[1.630s] /usr/bin/ld: carma-transceiver-decoder.cpp:(.text+0x31d6): undefined reference to `Json::Value::operator=(Json::Value&&)'
[1.630s] /usr/bin/ld: carma-transceiver-decoder.cpp:(.text+0x31e5): undefined reference to `Json::Value::~Value()'
[1.630s] /usr/bin/ld: carma-transceiver-decoder.cpp:(.text+0x31f9): undefined reference to `Json::Value::Value(int)'
[1.630s] /usr/bin/ld: carma-transceiver-decoder.cpp:(.text+0x320f): undefined reference to `Json::Value::operator[](char const*)'
[1.630s] /usr/bin/ld: carma-transceiver-decoder.cpp:(.text+0x321e): undefined reference to `Json::Value::operator[](char const*)'
[1.630s] /usr/bin/ld: carma-transceiver-decoder.cpp:(.text+0x3231): undefined reference to `Json::Value::operator[](int)'
[1.630s] /usr/bin/ld: carma-transceiver-decoder.cpp:(.text+0x3240): undefined reference to `Json::Value::operator[](char const*)'
[1.630s] /usr/bin/ld: carma-transceiver-decoder.cpp:(.text+0x3255): undefined reference to `Json::Value::operator=(Json::Value&&)'
[1.630s] /usr/bin/ld: carma-transceiver-decoder.cpp:(.text+0x3264): undefined reference to `Json::Value::~Value()'
[1.630s] /usr/bin/ld: carma-transceiver-decoder.cpp:(.text+0x329a): undefined reference to `Json::Value::Value(char const*)'
[1.631s] /usr/bin/ld: carma-transceiver-decoder.cpp:(.text+0x32b0): undefined reference to `Json::Value::operator[](char const*)'
[1.631s] /usr/bin/ld: carma-transceiver-decoder.cpp:(.text+0x32bf): undefined reference to `Json::Value::operator[](char const*)'
[1.631s] /usr/bin/ld: carma-transceiver-decoder.cpp:(.text+0x32d2): undefined reference to `Json::Value::operator[](int)'
[1.631s] /usr/bin/ld: carma-transceiver-decoder.cpp:(.text+0x32e1): undefined reference to `Json::Value::operator[](char const*)'
[1.631s] /usr/bin/ld: carma-transceiver-decoder.cpp:(.text+0x32f6): undefined reference to `Json::Value::operator=(Json::Value&&)'
[1.631s] /usr/bin/ld: carma-transceiver-decoder.cpp:(.text+0x3305): undefined reference to `Json::Value::~Value()'
[1.631s] /usr/bin/ld: carma-transceiver-decoder.cpp:(.text+0x332d): undefined reference to `Json::Value::Value(char const*)'
[1.631s] /usr/bin/ld: carma-transceiver-decoder.cpp:(.text+0x3343): undefined reference to `Json::Value::operator[](char const*)'
[1.631s] /usr/bin/ld: carma-transceiver-decoder.cpp:(.text+0x3352): undefined reference to `Json::Value::operator[](char const*)'
[1.631s] /usr/bin/ld: carma-transceiver-decoder.cpp:(.text+0x3365): undefined reference to `Json::Value::operator[](int)'
[1.632s] /usr/bin/ld: carma-transceiver-decoder.cpp:(.text+0x3374): undefined reference to `Json::Value::operator[](char const*)'
[1.632s] /usr/bin/ld: carma-transceiver-decoder.cpp:(.text+0x3389): undefined reference to `Json::Value::operator=(Json::Value&&)'
[1.632s] /usr/bin/ld: carma-transceiver-decoder.cpp:(.text+0x3398): undefined reference to `Json::Value::~Value()'
[1.632s] /usr/bin/ld: carma-transceiver-decoder.cpp:(.text+0x33c0): undefined reference to `Json::Value::Value(char const*)'
[1.632s] /usr/bin/ld: carma-transceiver-decoder.cpp:(.text+0x33d6): undefined reference to `Json::Value::operator[](char const*)'
[1.632s] /usr/bin/ld: carma-transceiver-decoder.cpp:(.text+0x33e5): undefined reference to `Json::Value::operator[](char const*)'
[1.632s] /usr/bin/ld: carma-transceiver-decoder.cpp:(.text+0x33f8): undefined reference to `Json::Value::operator[](int)'
[1.632s] /usr/bin/ld: carma-transceiver-decoder.cpp:(.text+0x3407): undefined reference to `Json::Value::operator[](char const*)'
[1.632s] /usr/bin/ld: carma-transceiver-decoder.cpp:(.text+0x341c): undefined reference to `Json::Value::operator=(Json::Value&&)'
[1.632s] /usr/bin/ld: carma-transceiver-decoder.cpp:(.text+0x342b): undefined reference to `Json::Value::~Value()'
[1.632s] /usr/bin/ld: carma-transceiver-decoder.cpp:(.text+0x345e): undefined reference to `Json::writeString[abi:cxx11](Json::StreamWriter::Factory const&, Json::Value const&)'
[1.633s] /usr/bin/ld: carma-transceiver-decoder.cpp:(.text+0x34b2): undefined reference to `Json::StreamWriterBuilder::~StreamWriterBuilder()'
[1.633s] /usr/bin/ld: carma-transceiver-decoder.cpp:(.text+0x34c1): undefined reference to `Json::Value::~Value()'
[1.633s] /usr/bin/ld: carma-transceiver-decoder.cpp:(.text+0x3527): undefined reference to `Json::Value::~Value()'
[1.633s] /usr/bin/ld: carma-transceiver-decoder.cpp:(.text+0x3569): undefined reference to `Json::Value::~Value()'
[1.633s] /usr/bin/ld: carma-transceiver-decoder.cpp:(.text+0x3584): undefined reference to `Json::Value::~Value()'
[1.633s] /usr/bin/ld: carma-transceiver-decoder.cpp:(.text+0x359f): undefined reference to `Json::Value::~Value()'
[1.633s] /usr/bin/ld: CMakeFiles/M_CarmaMsgDecoder.dir/src/carma-transceiver-decoder.cpp.o:carma-transceiver-decoder.cpp:(.text+0x35d2): more undefined references to `Json::Value::~Value()' follow
[1.633s] /usr/bin/ld: CMakeFiles/M_CarmaMsgDecoder.dir/src/carma-transceiver-decoder.cpp.o: in function `TransceiverDecoder::spatDecoder[abi:cxx11](std::vector<unsigned char, std::allocator<unsigned char> >)':
[1.633s] carma-transceiver-decoder.cpp:(.text+0x3878): undefined reference to `Json::StreamWriterBuilder::~StreamWriterBuilder()'
[1.633s] /usr/bin/ld: carma-transceiver-decoder.cpp:(.text+0x3890): undefined reference to `Json::Value::~Value()'
[1.633s] /usr/bin/ld: CMakeFiles/M_CarmaMsgDecoder.dir/src/carma-transceiver-decoder.cpp.o: in function `TransceiverDecoder::createJsonStringForSystemPerformanceDataLog(std::__cxx11::basic_string<char, std::char_traits<char>, std::allocator<char> >)':
[1.634s] carma-transceiver-decoder.cpp:(.text+0x39c1): undefined reference to `Json::Value::Value(Json::ValueType)'
[1.634s] /usr/bin/ld: carma-transceiver-decoder.cpp:(.text+0x39cd): undefined reference to `Json::StreamWriterBuilder::StreamWriterBuilder()'
[1.634s] /usr/bin/ld: carma-transceiver-decoder.cpp:(.text+0x39e3): undefined reference to `Json::Value::Value(char const*)'
[1.634s] /usr/bin/ld: carma-transceiver-decoder.cpp:(.text+0x3a1f): undefined reference to `Json::StreamWriterBuilder::operator[](std::__cxx11::basic_string<char, std::char_traits<char>, std::allocator<char> > const&)'
[1.634s] /usr/bin/ld: carma-transceiver-decoder.cpp:(.text+0x3a34): undefined reference to `Json::Value::operator=(Json::Value&&)'
[1.634s] /usr/bin/ld: carma-transceiver-decoder.cpp:(.text+0x3a5e): undefined reference to `Json::Value::~Value()'
[1.634s] /usr/bin/ld: carma-transceiver-decoder.cpp:(.text+0x3a74): undefined reference to `Json::Value::Value(char const*)'
[1.634s] /usr/bin/ld: carma-transceiver-decoder.cpp:(.text+0x3ab0): undefined reference to `Json::StreamWriterBuilder::operator[](std::__cxx11::basic_string<char, std::char_traits<char>, std::allocator<char> > const&)'
[1.634s] /usr/bin/ld: carma-transceiver-decoder.cpp:(.text+0x3ac5): undefined reference to `Json::Value::operator=(Json::Value&&)'
[1.634s] /usr/bin/ld: carma-transceiver-decoder.cpp:(.text+0x3aef): undefined reference to `Json::Value::~Value()'
[1.634s] /usr/bin/ld: carma-transceiver-decoder.cpp:(.text+0x3b27): undefined reference to `Json::Value::Value(char const*)'
[1.635s] /usr/bin/ld: carma-transceiver-decoder.cpp:(.text+0x3b3d): undefined reference to `Json::Value::operator[](char const*)'
[1.635s] /usr/bin/ld: carma-transceiver-decoder.cpp:(.text+0x3b52): undefined reference to `Json::Value::operator=(Json::Value&&)'
[1.635s] /usr/bin/ld: carma-transceiver-decoder.cpp:(.text+0x3b61): undefined reference to `Json::Value::~Value()'
[1.635s] /usr/bin/ld: carma-transceiver-decoder.cpp:(.text+0x3b83): undefined reference to `Json::Value::Value(double)'
[1.635s] /usr/bin/ld: carma-transceiver-decoder.cpp:(.text+0x3b99): undefined reference to `Json::Value::operator[](char const*)'
[1.635s] /usr/bin/ld: carma-transceiver-decoder.cpp:(.text+0x3ba8): undefined reference to `Json::Value::operator[](char const*)'
[1.635s] /usr/bin/ld: carma-transceiver-decoder.cpp:(.text+0x3bbd): undefined reference to `Json::Value::operator=(Json::Value&&)'
[1.635s] /usr/bin/ld: carma-transceiver-decoder.cpp:(.text+0x3bcc): undefined reference to `Json::Value::~Value()'
[1.635s] /usr/bin/ld: carma-transceiver-decoder.cpp:(.text+0x3bd1): undefined reference to `getPosixTimestamp()'
[1.635s] /usr/bin/ld: carma-transceiver-decoder.cpp:(.text+0x3be0): undefined reference to `Json::Value::Value(double)'
[1.636s] /usr/bin/ld: carma-transceiver-decoder.cpp:(.text+0x3bf6): undefined reference to `Json::Value::operator[](char const*)'
[1.636s] /usr/bin/ld: carma-transceiver-decoder.cpp:(.text+0x3c05): undefined reference to `Json::Value::operator[](char const*)'
[1.636s] /usr/bin/ld: carma-transceiver-decoder.cpp:(.text+0x3c1a): undefined reference to `Json::Value::operator=(Json::Value&&)'
[1.636s] /usr/bin/ld: carma-transceiver-decoder.cpp:(.text+0x3c29): undefined reference to `Json::Value::~Value()'
[1.636s] /usr/bin/ld: carma-transceiver-decoder.cpp:(.text+0x3c35): undefined reference to `getVerboseTimestamp[abi:cxx11]()'
[1.636s] /usr/bin/ld: carma-transceiver-decoder.cpp:(.text+0x3c4b): undefined reference to `Json::Value::Value(std::__cxx11::basic_string<char, std::char_traits<char>, std::allocator<char> > const&)'
[1.636s] /usr/bin/ld: carma-transceiver-decoder.cpp:(.text+0x3c61): undefined reference to `Json::Value::operator[](char const*)'
[1.637s] /usr/bin/ld: carma-transceiver-decoder.cpp:(.text+0x3c70): undefined reference to `Json::Value::operator[](char const*)'
[1.637s] /usr/bin/ld: carma-transceiver-decoder.cpp:(.text+0x3c85): undefined reference to `Json::Value::operator=(Json::Value&&)'
[1.637s] /usr/bin/ld: carma-transceiver-decoder.cpp:(.text+0x3c94): undefined reference to `Json::Value::~Value()'
[1.637s] /usr/bin/ld: carma-transceiver-decoder.cpp:(.text+0x3cb9): undefined reference to `Json::Value::Value(std::__cxx11::basic_string<char, std::char_traits<char>, std::allocator<char> > const&)'
[1.637s] /usr/bin/ld: carma-transceiver-decoder.cpp:(.text+0x3ccf): undefined reference to `Json::Value::operator[](char const*)'
[1.637s] /usr/bin/ld: carma-transceiver-decoder.cpp:(.text+0x3cde): undefined reference to `Json::Value::operator[](char const*)'
[1.637s] /usr/bin/ld: carma-transceiver-decoder.cpp:(.text+0x3cf3): undefined reference to `Json::Value::operator=(Json::Value&&)'
[1.637s] /usr/bin/ld: carma-transceiver-decoder.cpp:(.text+0x3d02): undefined reference to `Json::Value::~Value()'
[1.638s] /usr/bin/ld: carma-transceiver-decoder.cpp:(.text+0x3d46): undefined reference to `Json::Value::Value(std::__cxx11::basic_string<char, std::char_traits<char>, std::allocator<char> > const&)'
[1.638s] /usr/bin/ld: carma-transceiver-decoder.cpp:(.text+0x3d5c): undefined reference to `Json::Value::operator[](char const*)'
[1.638s] /usr/bin/ld: carma-transceiver-decoder.cpp:(.text+0x3d6b): undefined reference to `Json::Value::operator[](char const*)'
[1.638s] /usr/bin/ld: carma-transceiver-decoder.cpp:(.text+0x3d80): undefined reference to `Json::Value::operator=(Json::Value&&)'
[1.638s] /usr/bin/ld: carma-transceiver-decoder.cpp:(.text+0x3d8f): undefined reference to `Json::Value::~Value()'
[1.638s] /usr/bin/ld: carma-transceiver-decoder.cpp:(.text+0x3da5): undefined reference to `Json::Value::Value(char const*)'
[1.638s] /usr/bin/ld: carma-transceiver-decoder.cpp:(.text+0x3dbb): undefined reference to `Json::Value::operator[](char const*)'
[1.638s] /usr/bin/ld: carma-transceiver-decoder.cpp:(.text+0x3dca): undefined reference to `Json::Value::operator[](char const*)'
[1.639s] /usr/bin/ld: carma-transceiver-decoder.cpp:(.text+0x3ddf): undefined reference to `Json::Value::operator=(Json::Value&&)'
[1.639s] /usr/bin/ld: carma-transceiver-decoder.cpp:(.text+0x3dee): undefined reference to `Json::Value::~Value()'
[1.639s] /usr/bin/ld: carma-transceiver-decoder.cpp:(.text+0x3e04): undefined reference to `Json::Value::Value(char const*)'
[1.639s] /usr/bin/ld: carma-transceiver-decoder.cpp:(.text+0x3e1a): undefined reference to `Json::Value::operator[](char const*)'
[1.639s] /usr/bin/ld: carma-transceiver-decoder.cpp:(.text+0x3e29): undefined reference to `Json::Value::operator[](char const*)'
[1.639s] /usr/bin/ld: carma-transceiver-decoder.cpp:(.text+0x3e3e): undefined reference to `Json::Value::operator=(Json::Value&&)'
[1.639s] /usr/bin/ld: carma-transceiver-decoder.cpp:(.text+0x3e4d): undefined reference to `Json::Value::~Value()'
[1.639s] /usr/bin/ld: carma-transceiver-decoder.cpp:(.text+0x3e85): undefined reference to `Json::Value::Value(char const*)'
[1.639s] /usr/bin/ld: carma-transceiver-decoder.cpp:(.text+0x3e9b): undefined reference to `Json::Value::operator[](char const*)'
[1.639s] /usr/bin/ld: carma-transceiver-decoder.cpp:(.text+0x3eaa): undefined reference to `Json::Value::operator[](char const*)'
[1.639s] /usr/bin/ld: carma-transceiver-decoder.cpp:(.text+0x3ebf): undefined reference to `Json::Value::operator=(Json::Value&&)'
[1.639s] /usr/bin/ld: carma-transceiver-decoder.cpp:(.text+0x3ece): undefined reference to `Json::Value::~Value()'
[1.639s] /usr/bin/ld: carma-transceiver-decoder.cpp:(.text+0x3f06): undefined reference to `Json::Value::Value(int)'
[1.639s] /usr/bin/ld: carma-transceiver-decoder.cpp:(.text+0x3f1c): undefined reference to `Json::Value::operator[](char const*)'
[1.639s] /usr/bin/ld: carma-transceiver-decoder.cpp:(.text+0x3f2b): undefined reference to `Json::Value::operator[](char const*)'
[1.639s] /usr/bin/ld: carma-transceiver-decoder.cpp:(.text+0x3f40): undefined reference to `Json::Value::operator=(Json::Value&&)'
[1.640s] /usr/bin/ld: carma-transceiver-decoder.cpp:(.text+0x3f4f): undefined reference to `Json::Value::~Value()'
[1.640s] /usr/bin/ld: carma-transceiver-decoder.cpp:(.text+0x3f9d): undefined reference to `Json::Value::Value(int)'
[1.640s] /usr/bin/ld: carma-transceiver-decoder.cpp:(.text+0x3fb3): undefined reference to `Json::Value::operator[](char const*)'
[1.640s] /usr/bin/ld: carma-transceiver-decoder.cpp:(.text+0x3fc2): undefined reference to `Json::Value::operator[](char const*)'
[1.640s] /usr/bin/ld: carma-transceiver-decoder.cpp:(.text+0x3fd7): undefined reference to `Json::Value::operator=(Json::Value&&)'
[1.640s] /usr/bin/ld: carma-transceiver-decoder.cpp:(.text+0x3fe6): undefined reference to `Json::Value::~Value()'
[1.640s] /usr/bin/ld: carma-transceiver-decoder.cpp:(.text+0x4034): undefined reference to `Json::Value::Value(int)'
[1.640s] /usr/bin/ld: carma-transceiver-decoder.cpp:(.text+0x404a): undefined reference to `Json::Value::operator[](char const*)'
[1.640s] /usr/bin/ld: carma-transceiver-decoder.cpp:(.text+0x4059): undefined reference to `Json::Value::operator[](char const*)'
[1.640s] /usr/bin/ld: carma-transceiver-decoder.cpp:(.text+0x406e): undefined reference to `Json::Value::operator=(Json::Value&&)'
[1.640s] /usr/bin/ld: carma-transceiver-decoder.cpp:(.text+0x407d): undefined reference to `Json::Value::~Value()'
[1.640s] /usr/bin/ld: carma-transceiver-decoder.cpp:(.text+0x40cb): undefined reference to `Json::Value::Value(int)'
[1.640s] /usr/bin/ld: carma-transceiver-decoder.cpp:(.text+0x40e1): undefined reference to `Json::Value::operator[](char const*)'
[1.640s] /usr/bin/ld: carma-transceiver-decoder.cpp:(.text+0x40f0): undefined reference to `Json::Value::operator[](char const*)'
[1.640s] /usr/bin/ld: carma-transceiver-decoder.cpp:(.text+0x4105): undefined reference to `Json::Value::operator=(Json::Value&&)'
[1.641s] /usr/bin/ld: carma-transceiver-decoder.cpp:(.text+0x4114): undefined reference to `Json::Value::~Value()'
[1.641s] /usr/bin/ld: carma-transceiver-decoder.cpp:(.text+0x4162): undefined reference to `Json::Value::Value(int)'
[1.641s] /usr/bin/ld: carma-transceiver-decoder.cpp:(.text+0x4178): undefined reference to `Json::Value::operator[](char const*)'
[1.641s] /usr/bin/ld: carma-transceiver-decoder.cpp:(.text+0x4187): undefined reference to `Json::Value::operator[](char const*)'
[1.641s] /usr/bin/ld: carma-transceiver-decoder.cpp:(.text+0x419c): undefined reference to `Json::Value::operator=(Json::Value&&)'
[1.641s] /usr/bin/ld: carma-transceiver-decoder.cpp:(.text+0x41ab): undefined reference to `Json::Value::~Value()'
[1.641s] /usr/bin/ld: carma-transceiver-decoder.cpp:(.text+0x41f9): undefined reference to `Json::Value::Value(int)'
[1.641s] /usr/bin/ld: carma-transceiver-decoder.cpp:(.text+0x420f): undefined reference to `Json::Value::operator[](char const*)'
[1.641s] /usr/bin/ld: carma-transceiver-decoder.cpp:(.text+0x421e): undefined reference to `Json::Value::operator[](char const*)'
[1.641s] /usr/bin/ld: carma-transceiver-decoder.cpp:(.text+0x4233): undefined reference to `Json::Value::operator=(Json::Value&&)'
[1.641s] /usr/bin/ld: carma-transceiver-decoder.cpp:(.text+0x4242): undefined reference to `Json::Value::~Value()'
[1.641s] /usr/bin/ld: carma-transceiver-decoder.cpp:(.text+0x426d): undefined reference to `Json::writeString[abi:cxx11](Json::StreamWriter::Factory const&, Json::Value const&)'
[1.641s] /usr/bin/ld: carma-transceiver-decoder.cpp:(.text+0x42b2): undefined reference to `Json::StreamWriterBuilder::~StreamWriterBuilder()'
[1.641s] /usr/bin/ld: carma-transceiver-decoder.cpp:(.text+0x42c1): undefined reference to `Json::Value::~Value()'
[1.642s] /usr/bin/ld: carma-transceiver-decoder.cpp:(.text+0x4314): undefined reference to `Json::Value::~Value()'
[1.642s] /usr/bin/ld: carma-transceiver-decoder.cpp:(.text+0x4353): undefined reference to `Json::Value::~Value()'
[1.642s] /usr/bin/ld: carma-transceiver-decoder.cpp:(.text+0x436e): undefined reference to `Json::Value::~Value()'
[1.642s] /usr/bin/ld: carma-transceiver-decoder.cpp:(.text+0x4389): undefined reference to `Json::Value::~Value()'
[1.642s] /usr/bin/ld: CMakeFiles/M_CarmaMsgDecoder.dir/src/carma-transceiver-decoder.cpp.o:carma-transceiver-decoder.cpp:(.text+0x43a4): more undefined references to `Json::Value::~Value()' follow
[1.642s] /usr/bin/ld: CMakeFiles/M_CarmaMsgDecoder.dir/src/carma-transceiver-decoder.cpp.o: in function `TransceiverDecoder::createJsonStringForSystemPerformanceDataLog(std::__cxx11::basic_string<char, std::char_traits<char>, std::allocator<char> >)':
[1.642s] carma-transceiver-decoder.cpp:(.text+0x4503): undefined reference to `Json::StreamWriterBuilder::~StreamWriterBuilder()'
[1.642s] /usr/bin/ld: carma-transceiver-decoder.cpp:(.text+0x451b): undefined reference to `Json::Value::~Value()'
[1.642s] collect2: error: ld returned 1 exit status
[1.642s] make[2]: *** [CMakeFiles/M_CarmaMsgDecoder.dir/build.make:755: M_CarmaMsgDecoder] Error 1
[1.643s] make[1]: *** [CMakeFiles/Makefile2:78: CMakeFiles/M_CarmaMsgDecoder.dir/all] Error 2
[1.643s] make: *** [Makefile:141: all] Error 2
[1.643s] Invoked command in '/home/mmitss/Documents/cda-mmitss/mmitss/src/common/MsgTransceiver/CarmaDecoderRos2/build/carma-ros2-decoder' returned '2': CMAKE_PREFIX_PATH=/opt/ros/foxy:${CMAKE_PREFIX_PATH} CONDA_PROMPT_MODIFIER=(base) /usr/bin/cmake --build /home/mmitss/Documents/cda-mmitss/mmitss/src/common/MsgTransceiver/CarmaDecoderRos2/build/carma-ros2-decoder -- -j8 -l8
