[0.088s] Invoking command in '/home/mmitss/Documents/cda-mmitss/other/build/can_msgs': CMAKE_PREFIX_PATH=/home/mmitss/Documents/cda-mmitss/other/install/carma_cmake_common:/home/mmitss/Documents/cda-mmitss/other/install/carma_debug_ros2_msgs:/home/mmitss/Documents/cda-mmitss/other/install/carma_planning_msgs:/home/mmitss/Documents/cda-mmitss/other/install/carma_v2x_msgs:/home/mmitss/Documents/cda-mmitss/other/install/j3224_v2x_msgs:/home/mmitss/Documents/cda-mmitss/other/install/j2735_v2x_msgs:/home/mmitss/Documents/cda-mmitss/other/install/carma_perception_msgs:/home/mmitss/Documents/cda-mmitss/other/install/carma_driver_msgs:/home/mmitss/Documents/cda-mmitss/other/install/carma_msgs:/home/mmitss/Documents/cda-mmitss/other/install/carma_localization_msgs:/home/mmitss/Documents/cda-mmitss/other/install/can_msgs:/opt/ros/foxy CONDA_PROMPT_MODIFIER=(base) /usr/bin/cmake --build /home/mmitss/Documents/cda-mmitss/other/build/can_msgs -- -j8 -l8
[0.191s] -- Found carma_cmake_common: 0.1.0 (/home/mmitss/Documents/cda-mmitss/other/install/carma_cmake_common/share/carma_cmake_common/cmake)
[0.192s] -- Found ros_environment: 2.5.1 (/opt/ros/foxy/share/ros_environment/cmake)
[0.192s] -- Found rosidl_default_generators: 1.0.1 (/opt/ros/foxy/share/rosidl_default_generators/cmake)
[0.192s] -- Found ament_cmake_core: 0.9.12 (/opt/ros/foxy/share/ament_cmake_core/cmake)
[0.267s] -- Found PythonInterp: /home/mmitss/anaconda3/bin/python3 (found suitable version "3.8.8", minimum required is "3") 
[0.267s] -- Using PYTHON_EXECUTABLE: /home/mmitss/anaconda3/bin/python3
[0.866s] -- Using all available rosidl_typesupport_c: rosidl_typesupport_fastrtps_c;rosidl_typesupport_introspection_c
[0.877s] -- Found rosidl_adapter: 1.3.1 (/opt/ros/foxy/share/rosidl_adapter/cmake)
[1.246s] -- Using all available rosidl_typesupport_cpp: rosidl_typesupport_fastrtps_cpp;rosidl_typesupport_introspection_cpp
[1.341s] -- Found std_msgs: 2.0.5 (/opt/ros/foxy/share/std_msgs/cmake)
[1.542s] -- Found PythonInterp: /home/mmitss/anaconda3/bin/python3 (found version "3.8.8") 
[2.008s] -- Found ament_cmake_ros: 0.9.2 (/opt/ros/foxy/share/ament_cmake_ros/cmake)
[2.406s] -- Using all available rosidl_typesupport_c: rosidl_typesupport_fastrtps_c;rosidl_typesupport_introspection_c
[2.630s] -- Using all available rosidl_typesupport_cpp: rosidl_typesupport_fastrtps_cpp;rosidl_typesupport_introspection_cpp
[2.713s] -- Found PythonInterp: /home/mmitss/anaconda3/bin/python3 (found suitable version "3.8.8", minimum required is "3.5") 
[2.714s] -- Found python_cmake_module: 0.8.1 (/opt/ros/foxy/share/python_cmake_module/cmake)
[2.787s] -- Using PYTHON_EXECUTABLE: /home/mmitss/anaconda3/bin/python3
[2.787s] -- Using PYTHON_INCLUDE_DIRS: /home/mmitss/anaconda3/include/python3.8
[2.788s] -- Using PYTHON_LIBRARIES: /home/mmitss/anaconda3/lib/libpython3.8.so
[3.307s] -- Using numpy include directory: /home/mmitss/anaconda3/lib/python3.8/site-packages/numpy/core/include
[3.362s] -- Configuring done
[3.394s] CMake Warning at /opt/ros/foxy/share/rosidl_generator_py/cmake/rosidl_generator_py_generate_interfaces.cmake:235 (add_library):
[3.394s]   Cannot generate a safe runtime search path for target
[3.395s]   can_msgs__rosidl_typesupport_fastrtps_c__pyext because files in some
[3.395s]   directories may conflict with libraries in implicit directories:
[3.395s] 
[3.396s]     runtime library [libssl.so.1.1] in /usr/lib/x86_64-linux-gnu may be hidden by files in:
[3.396s]       /home/mmitss/anaconda3/lib
[3.397s]     runtime library [libcrypto.so.1.1] in /usr/lib/x86_64-linux-gnu may be hidden by files in:
[3.397s]       /home/mmitss/anaconda3/lib
[3.397s] 
[3.398s]   Some of these libraries may not be found correctly.
[3.398s] Call Stack (most recent call first):
[3.398s]   /opt/ros/foxy/share/ament_cmake_core/cmake/core/ament_execute_extensions.cmake:48 (include)
[3.399s]   /opt/ros/foxy/share/rosidl_cmake/cmake/rosidl_generate_interfaces.cmake:286 (ament_execute_extensions)
[3.399s]   CMakeLists.txt:40 (rosidl_generate_interfaces)
[3.399s] 
[3.399s] 
[3.505s] -- Generating done
[3.512s] -- Build files have been written to: /home/mmitss/Documents/cda-mmitss/other/build/can_msgs
[3.579s] [35m[1mScanning dependencies of target can_msgs__rosidl_generator_c[0m
[3.616s] [  2%] Built target can_msgs__cpp
[3.620s] [  5%] [32mBuilding C object CMakeFiles/can_msgs__rosidl_generator_c.dir/rosidl_generator_c/can_msgs/msg/detail/can_state__functions.c.o[0m
[3.626s] [  7%] [32mBuilding C object CMakeFiles/can_msgs__rosidl_generator_c.dir/rosidl_generator_c/can_msgs/msg/detail/frame__functions.c.o[0m
[3.654s] [35m[1mScanning dependencies of target can_msgs__rosidl_typesupport_introspection_cpp[0m
[3.674s] [35m[1mScanning dependencies of target can_msgs__rosidl_typesupport_cpp[0m
[3.696s] [35m[1mScanning dependencies of target can_msgs__rosidl_typesupport_fastrtps_cpp[0m
[3.738s] [ 10%] [32mBuilding CXX object CMakeFiles/can_msgs__rosidl_typesupport_introspection_cpp.dir/rosidl_typesupport_introspection_cpp/can_msgs/msg/detail/frame__type_support.cpp.o[0m
[3.747s] [ 12%] [32mBuilding CXX object CMakeFiles/can_msgs__rosidl_typesupport_introspection_cpp.dir/rosidl_typesupport_introspection_cpp/can_msgs/msg/detail/can_state__type_support.cpp.o[0m
[3.790s] [ 15%] [32mBuilding CXX object CMakeFiles/can_msgs__rosidl_typesupport_cpp.dir/rosidl_typesupport_cpp/can_msgs/msg/can_state__type_support.cpp.o[0m
[3.844s] [ 17%] [32mBuilding CXX object CMakeFiles/can_msgs__rosidl_typesupport_cpp.dir/rosidl_typesupport_cpp/can_msgs/msg/frame__type_support.cpp.o[0m
[3.846s] [ 20%] [32mBuilding CXX object CMakeFiles/can_msgs__rosidl_typesupport_fastrtps_cpp.dir/rosidl_typesupport_fastrtps_cpp/can_msgs/msg/detail/dds_fastrtps/can_state__type_support.cpp.o[0m
[3.861s] [ 23%] [32mBuilding CXX object CMakeFiles/can_msgs__rosidl_typesupport_fastrtps_cpp.dir/rosidl_typesupport_fastrtps_cpp/can_msgs/msg/detail/dds_fastrtps/frame__type_support.cpp.o[0m
[4.135s] [ 25%] [32m[1mLinking C shared library libcan_msgs__rosidl_generator_c.so[0m
[4.565s] [ 28%] Built target can_msgs__rosidl_generator_c
[4.720s] [35m[1mScanning dependencies of target can_msgs__rosidl_typesupport_introspection_c[0m
[4.795s] [35m[1mScanning dependencies of target can_msgs__rosidl_typesupport_c[0m
[4.870s] [ 30%] [32mBuilding C object CMakeFiles/can_msgs__rosidl_typesupport_introspection_c.dir/rosidl_typesupport_introspection_c/can_msgs/msg/detail/can_state__type_support.c.o[0m
[4.965s] [ 33%] [32mBuilding CXX object CMakeFiles/can_msgs__rosidl_typesupport_c.dir/rosidl_typesupport_c/can_msgs/msg/can_state__type_support.cpp.o[0m
[5.279s] [ 35%] [32mBuilding C object CMakeFiles/can_msgs__rosidl_typesupport_introspection_c.dir/rosidl_typesupport_introspection_c/can_msgs/msg/detail/frame__type_support.c.o[0m
[5.309s] [ 38%] [32mBuilding CXX object CMakeFiles/can_msgs__rosidl_typesupport_c.dir/rosidl_typesupport_c/can_msgs/msg/frame__type_support.cpp.o[0m
[5.733s] [ 41%] [32m[1mLinking C shared library libcan_msgs__rosidl_typesupport_introspection_c.so[0m
[5.740s] [ 43%] [32m[1mLinking CXX shared library libcan_msgs__rosidl_typesupport_c.so[0m
[6.167s] [ 46%] Built target can_msgs__rosidl_typesupport_introspection_c
[6.294s] [ 48%] Built target can_msgs__rosidl_typesupport_c
[6.485s] [ 51%] [32m[1mLinking CXX shared library libcan_msgs__rosidl_typesupport_cpp.so[0m
[6.724s] [ 53%] [32m[1mLinking CXX shared library libcan_msgs__rosidl_typesupport_introspection_cpp.so[0m
[6.969s] [ 56%] Built target can_msgs__rosidl_typesupport_cpp
[7.205s] [ 58%] [32m[1mLinking CXX shared library libcan_msgs__rosidl_typesupport_fastrtps_cpp.so[0m
[7.404s] [ 61%] Built target can_msgs__rosidl_typesupport_introspection_cpp
[7.658s] [ 64%] Built target can_msgs__rosidl_typesupport_fastrtps_cpp
[7.830s] [35m[1mScanning dependencies of target can_msgs__rosidl_typesupport_fastrtps_c[0m
[8.002s] [ 66%] [32mBuilding CXX object CMakeFiles/can_msgs__rosidl_typesupport_fastrtps_c.dir/rosidl_typesupport_fastrtps_c/can_msgs/msg/detail/can_state__type_support_c.cpp.o[0m
[8.007s] [ 69%] [32mBuilding CXX object CMakeFiles/can_msgs__rosidl_typesupport_fastrtps_c.dir/rosidl_typesupport_fastrtps_c/can_msgs/msg/detail/frame__type_support_c.cpp.o[0m
[10.611s] [ 71%] [32m[1mLinking CXX shared library libcan_msgs__rosidl_typesupport_fastrtps_c.so[0m
[11.410s] [ 74%] Built target can_msgs__rosidl_typesupport_fastrtps_c
[11.663s] [ 74%] Built target can_msgs
[11.983s] [ 76%] Built target can_msgs__py
[12.167s] [35m[1mScanning dependencies of target can_msgs__python[0m
[12.289s] [ 79%] [32mBuilding C object CMakeFiles/can_msgs__python.dir/rosidl_generator_py/can_msgs/msg/_can_state_s.c.o[0m
[12.386s] [ 82%] [32mBuilding C object CMakeFiles/can_msgs__python.dir/rosidl_generator_py/can_msgs/msg/_frame_s.c.o[0m
[13.532s] [ 84%] [32m[1mLinking C shared library rosidl_generator_py/can_msgs/libcan_msgs__python.so[0m
[13.903s] [ 84%] Built target can_msgs__python
[14.097s] [35m[1mScanning dependencies of target can_msgs__rosidl_typesupport_introspection_c__pyext[0m
[14.098s] [35m[1mScanning dependencies of target can_msgs__rosidl_typesupport_fastrtps_c__pyext[0m
[14.104s] [35m[1mScanning dependencies of target can_msgs__rosidl_typesupport_c__pyext[0m
[14.233s] [ 87%] [32mBuilding C object CMakeFiles/can_msgs__rosidl_typesupport_fastrtps_c__pyext.dir/rosidl_generator_py/can_msgs/_can_msgs_s.ep.rosidl_typesupport_fastrtps_c.c.o[0m
[14.246s] [ 89%] [32mBuilding C object CMakeFiles/can_msgs__rosidl_typesupport_c__pyext.dir/rosidl_generator_py/can_msgs/_can_msgs_s.ep.rosidl_typesupport_c.c.o[0m
[14.341s] [ 92%] [32mBuilding C object CMakeFiles/can_msgs__rosidl_typesupport_introspection_c__pyext.dir/rosidl_generator_py/can_msgs/_can_msgs_s.ep.rosidl_typesupport_introspection_c.c.o[0m
[15.135s] [ 94%] [32m[1mLinking C shared library rosidl_generator_py/can_msgs/can_msgs_s__rosidl_typesupport_c.cpython-38-x86_64-linux-gnu.so[0m
[15.272s] [ 97%] [32m[1mLinking CXX shared library rosidl_generator_py/can_msgs/can_msgs_s__rosidl_typesupport_fastrtps_c.cpython-38-x86_64-linux-gnu.so[0m
[15.520s] [100%] [32m[1mLinking C shared library rosidl_generator_py/can_msgs/can_msgs_s__rosidl_typesupport_introspection_c.cpython-38-x86_64-linux-gnu.so[0m
[15.568s] [100%] Built target can_msgs__rosidl_typesupport_c__pyext
[15.935s] [100%] Built target can_msgs__rosidl_typesupport_fastrtps_c__pyext
[15.961s] [100%] Built target can_msgs__rosidl_typesupport_introspection_c__pyext
[16.058s] Invoked command in '/home/mmitss/Documents/cda-mmitss/other/build/can_msgs' returned '0': CMAKE_PREFIX_PATH=/home/mmitss/Documents/cda-mmitss/other/install/carma_cmake_common:/home/mmitss/Documents/cda-mmitss/other/install/carma_debug_ros2_msgs:/home/mmitss/Documents/cda-mmitss/other/install/carma_planning_msgs:/home/mmitss/Documents/cda-mmitss/other/install/carma_v2x_msgs:/home/mmitss/Documents/cda-mmitss/other/install/j3224_v2x_msgs:/home/mmitss/Documents/cda-mmitss/other/install/j2735_v2x_msgs:/home/mmitss/Documents/cda-mmitss/other/install/carma_perception_msgs:/home/mmitss/Documents/cda-mmitss/other/install/carma_driver_msgs:/home/mmitss/Documents/cda-mmitss/other/install/carma_msgs:/home/mmitss/Documents/cda-mmitss/other/install/carma_localization_msgs:/home/mmitss/Documents/cda-mmitss/other/install/can_msgs:/opt/ros/foxy CONDA_PROMPT_MODIFIER=(base) /usr/bin/cmake --build /home/mmitss/Documents/cda-mmitss/other/build/can_msgs -- -j8 -l8
[17.652s] Invoking command in '/home/mmitss/Documents/cda-mmitss/other/build/can_msgs': CMAKE_PREFIX_PATH=/home/mmitss/Documents/cda-mmitss/other/install/carma_cmake_common:/home/mmitss/Documents/cda-mmitss/other/install/carma_debug_ros2_msgs:/home/mmitss/Documents/cda-mmitss/other/install/carma_planning_msgs:/home/mmitss/Documents/cda-mmitss/other/install/carma_v2x_msgs:/home/mmitss/Documents/cda-mmitss/other/install/j3224_v2x_msgs:/home/mmitss/Documents/cda-mmitss/other/install/j2735_v2x_msgs:/home/mmitss/Documents/cda-mmitss/other/install/carma_perception_msgs:/home/mmitss/Documents/cda-mmitss/other/install/carma_driver_msgs:/home/mmitss/Documents/cda-mmitss/other/install/carma_msgs:/home/mmitss/Documents/cda-mmitss/other/install/carma_localization_msgs:/home/mmitss/Documents/cda-mmitss/other/install/can_msgs:/opt/ros/foxy CONDA_PROMPT_MODIFIER=(base) /usr/bin/cmake --install /home/mmitss/Documents/cda-mmitss/other/build/can_msgs
[17.722s] -- Install configuration: "Release"
[17.723s] -- Up-to-date: /home/mmitss/Documents/cda-mmitss/other/install/can_msgs/share/ament_index/resource_index/rosidl_interfaces/can_msgs
[17.724s] -- Up-to-date: /home/mmitss/Documents/cda-mmitss/other/install/can_msgs/include/can_msgs
[17.725s] -- Up-to-date: /home/mmitss/Documents/cda-mmitss/other/install/can_msgs/include/can_msgs/msg
[17.727s] -- Up-to-date: /home/mmitss/Documents/cda-mmitss/other/install/can_msgs/include/can_msgs/msg/can_state.h
[17.727s] -- Up-to-date: /home/mmitss/Documents/cda-mmitss/other/install/can_msgs/include/can_msgs/msg/rosidl_generator_c__visibility_control.h
[17.728s] -- Up-to-date: /home/mmitss/Documents/cda-mmitss/other/install/can_msgs/include/can_msgs/msg/frame.h
[17.728s] -- Up-to-date: /home/mmitss/Documents/cda-mmitss/other/install/can_msgs/include/can_msgs/msg/detail
[17.728s] -- Up-to-date: /home/mmitss/Documents/cda-mmitss/other/install/can_msgs/include/can_msgs/msg/detail/can_state__type_support.h
[17.729s] -- Up-to-date: /home/mmitss/Documents/cda-mmitss/other/install/can_msgs/include/can_msgs/msg/detail/frame__struct.h
[17.729s] -- Up-to-date: /home/mmitss/Documents/cda-mmitss/other/install/can_msgs/include/can_msgs/msg/detail/can_state__struct.h
[17.730s] -- Up-to-date: /home/mmitss/Documents/cda-mmitss/other/install/can_msgs/include/can_msgs/msg/detail/frame__type_support.h
[17.730s] -- Up-to-date: /home/mmitss/Documents/cda-mmitss/other/install/can_msgs/include/can_msgs/msg/detail/can_state__functions.c
[17.730s] -- Up-to-date: /home/mmitss/Documents/cda-mmitss/other/install/can_msgs/include/can_msgs/msg/detail/frame__functions.h
[17.731s] -- Up-to-date: /home/mmitss/Documents/cda-mmitss/other/install/can_msgs/include/can_msgs/msg/detail/can_state__functions.h
[17.731s] -- Up-to-date: /home/mmitss/Documents/cda-mmitss/other/install/can_msgs/include/can_msgs/msg/detail/frame__functions.c
[17.731s] -- Installing: /home/mmitss/Documents/cda-mmitss/other/install/can_msgs/share/can_msgs/environment/library_path.sh
[17.731s] -- Installing: /home/mmitss/Documents/cda-mmitss/other/install/can_msgs/share/can_msgs/environment/library_path.dsv
[17.734s] -- Installing: /home/mmitss/Documents/cda-mmitss/other/install/can_msgs/lib/libcan_msgs__rosidl_generator_c.so
[17.736s] -- Set runtime path of "/home/mmitss/Documents/cda-mmitss/other/install/can_msgs/lib/libcan_msgs__rosidl_generator_c.so" to ""
[17.736s] -- Up-to-date: /home/mmitss/Documents/cda-mmitss/other/install/can_msgs/include/can_msgs
[17.736s] -- Up-to-date: /home/mmitss/Documents/cda-mmitss/other/install/can_msgs/include/can_msgs/msg
[17.737s] -- Up-to-date: /home/mmitss/Documents/cda-mmitss/other/install/can_msgs/include/can_msgs/msg/rosidl_typesupport_fastrtps_c__visibility_control.h
[17.737s] -- Up-to-date: /home/mmitss/Documents/cda-mmitss/other/install/can_msgs/include/can_msgs/msg/detail
[17.737s] -- Up-to-date: /home/mmitss/Documents/cda-mmitss/other/install/can_msgs/include/can_msgs/msg/detail/frame__rosidl_typesupport_fastrtps_c.h
[17.737s] -- Up-to-date: /home/mmitss/Documents/cda-mmitss/other/install/can_msgs/include/can_msgs/msg/detail/can_state__rosidl_typesupport_fastrtps_c.h
[17.739s] -- Installing: /home/mmitss/Documents/cda-mmitss/other/install/can_msgs/lib/libcan_msgs__rosidl_typesupport_fastrtps_c.so
[17.740s] -- Set runtime path of "/home/mmitss/Documents/cda-mmitss/other/install/can_msgs/lib/libcan_msgs__rosidl_typesupport_fastrtps_c.so" to ""
[17.741s] -- Up-to-date: /home/mmitss/Documents/cda-mmitss/other/install/can_msgs/include/can_msgs
[17.741s] -- Up-to-date: /home/mmitss/Documents/cda-mmitss/other/install/can_msgs/include/can_msgs/msg
[17.741s] -- Up-to-date: /home/mmitss/Documents/cda-mmitss/other/install/can_msgs/include/can_msgs/msg/rosidl_typesupport_fastrtps_cpp__visibility_control.h
[17.742s] -- Up-to-date: /home/mmitss/Documents/cda-mmitss/other/install/can_msgs/include/can_msgs/msg/detail
[17.742s] -- Up-to-date: /home/mmitss/Documents/cda-mmitss/other/install/can_msgs/include/can_msgs/msg/detail/frame__rosidl_typesupport_fastrtps_cpp.hpp
[17.742s] -- Up-to-date: /home/mmitss/Documents/cda-mmitss/other/install/can_msgs/include/can_msgs/msg/detail/dds_fastrtps
[17.742s] -- Up-to-date: /home/mmitss/Documents/cda-mmitss/other/install/can_msgs/include/can_msgs/msg/detail/can_state__rosidl_typesupport_fastrtps_cpp.hpp
[17.744s] -- Installing: /home/mmitss/Documents/cda-mmitss/other/install/can_msgs/lib/libcan_msgs__rosidl_typesupport_fastrtps_cpp.so
[17.745s] -- Set runtime path of "/home/mmitss/Documents/cda-mmitss/other/install/can_msgs/lib/libcan_msgs__rosidl_typesupport_fastrtps_cpp.so" to ""
[17.746s] -- Up-to-date: /home/mmitss/Documents/cda-mmitss/other/install/can_msgs/include/can_msgs
[17.746s] -- Up-to-date: /home/mmitss/Documents/cda-mmitss/other/install/can_msgs/include/can_msgs/msg
[17.746s] -- Up-to-date: /home/mmitss/Documents/cda-mmitss/other/install/can_msgs/include/can_msgs/msg/rosidl_typesupport_introspection_c__visibility_control.h
[17.747s] -- Up-to-date: /home/mmitss/Documents/cda-mmitss/other/install/can_msgs/include/can_msgs/msg/detail
[17.747s] -- Up-to-date: /home/mmitss/Documents/cda-mmitss/other/install/can_msgs/include/can_msgs/msg/detail/frame__type_support.c
[17.747s] -- Up-to-date: /home/mmitss/Documents/cda-mmitss/other/install/can_msgs/include/can_msgs/msg/detail/can_state__type_support.c
[17.747s] -- Up-to-date: /home/mmitss/Documents/cda-mmitss/other/install/can_msgs/include/can_msgs/msg/detail/frame__rosidl_typesupport_introspection_c.h
[17.747s] -- Up-to-date: /home/mmitss/Documents/cda-mmitss/other/install/can_msgs/include/can_msgs/msg/detail/can_state__rosidl_typesupport_introspection_c.h
[17.754s] -- Installing: /home/mmitss/Documents/cda-mmitss/other/install/can_msgs/lib/libcan_msgs__rosidl_typesupport_introspection_c.so
[17.757s] -- Set runtime path of "/home/mmitss/Documents/cda-mmitss/other/install/can_msgs/lib/libcan_msgs__rosidl_typesupport_introspection_c.so" to ""
[17.762s] -- Installing: /home/mmitss/Documents/cda-mmitss/other/install/can_msgs/lib/libcan_msgs__rosidl_typesupport_c.so
[17.764s] -- Set runtime path of "/home/mmitss/Documents/cda-mmitss/other/install/can_msgs/lib/libcan_msgs__rosidl_typesupport_c.so" to ""
[17.764s] -- Up-to-date: /home/mmitss/Documents/cda-mmitss/other/install/can_msgs/include/can_msgs
[17.765s] -- Up-to-date: /home/mmitss/Documents/cda-mmitss/other/install/can_msgs/include/can_msgs/msg
[17.781s] -- Up-to-date: /home/mmitss/Documents/cda-mmitss/other/install/can_msgs/include/can_msgs/msg/rosidl_generator_cpp__visibility_control.hpp
[17.782s] -- Up-to-date: /home/mmitss/Documents/cda-mmitss/other/install/can_msgs/include/can_msgs/msg/frame.hpp
[17.782s] -- Up-to-date: /home/mmitss/Documents/cda-mmitss/other/install/can_msgs/include/can_msgs/msg/can_state.hpp
[17.782s] -- Up-to-date: /home/mmitss/Documents/cda-mmitss/other/install/can_msgs/include/can_msgs/msg/detail
[17.783s] -- Up-to-date: /home/mmitss/Documents/cda-mmitss/other/install/can_msgs/include/can_msgs/msg/detail/frame__type_support.hpp
[17.783s] -- Up-to-date: /home/mmitss/Documents/cda-mmitss/other/install/can_msgs/include/can_msgs/msg/detail/can_state__struct.hpp
[17.783s] -- Up-to-date: /home/mmitss/Documents/cda-mmitss/other/install/can_msgs/include/can_msgs/msg/detail/frame__traits.hpp
[17.783s] -- Up-to-date: /home/mmitss/Documents/cda-mmitss/other/install/can_msgs/include/can_msgs/msg/detail/can_state__traits.hpp
[17.784s] -- Up-to-date: /home/mmitss/Documents/cda-mmitss/other/install/can_msgs/include/can_msgs/msg/detail/can_state__type_support.hpp
[17.784s] -- Up-to-date: /home/mmitss/Documents/cda-mmitss/other/install/can_msgs/include/can_msgs/msg/detail/frame__struct.hpp
[17.784s] -- Up-to-date: /home/mmitss/Documents/cda-mmitss/other/install/can_msgs/include/can_msgs/msg/detail/frame__builder.hpp
[17.784s] -- Up-to-date: /home/mmitss/Documents/cda-mmitss/other/install/can_msgs/include/can_msgs/msg/detail/can_state__builder.hpp
[17.785s] -- Up-to-date: /home/mmitss/Documents/cda-mmitss/other/install/can_msgs/include/can_msgs
[17.785s] -- Up-to-date: /home/mmitss/Documents/cda-mmitss/other/install/can_msgs/include/can_msgs/msg
[17.785s] -- Up-to-date: /home/mmitss/Documents/cda-mmitss/other/install/can_msgs/include/can_msgs/msg/detail
[17.785s] -- Up-to-date: /home/mmitss/Documents/cda-mmitss/other/install/can_msgs/include/can_msgs/msg/detail/frame__type_support.cpp
[17.785s] -- Up-to-date: /home/mmitss/Documents/cda-mmitss/other/install/can_msgs/include/can_msgs/msg/detail/can_state__rosidl_typesupport_introspection_cpp.hpp
[17.786s] -- Up-to-date: /home/mmitss/Documents/cda-mmitss/other/install/can_msgs/include/can_msgs/msg/detail/frame__rosidl_typesupport_introspection_cpp.hpp
[17.786s] -- Up-to-date: /home/mmitss/Documents/cda-mmitss/other/install/can_msgs/include/can_msgs/msg/detail/can_state__type_support.cpp
[17.802s] -- Installing: /home/mmitss/Documents/cda-mmitss/other/install/can_msgs/lib/libcan_msgs__rosidl_typesupport_introspection_cpp.so
[17.803s] -- Set runtime path of "/home/mmitss/Documents/cda-mmitss/other/install/can_msgs/lib/libcan_msgs__rosidl_typesupport_introspection_cpp.so" to ""
[17.803s] -- Installing: /home/mmitss/Documents/cda-mmitss/other/install/can_msgs/lib/libcan_msgs__rosidl_typesupport_cpp.so
[17.804s] -- Set runtime path of "/home/mmitss/Documents/cda-mmitss/other/install/can_msgs/lib/libcan_msgs__rosidl_typesupport_cpp.so" to ""
[17.804s] -- Up-to-date: /home/mmitss/Documents/cda-mmitss/other/install/can_msgs/share/can_msgs/environment/pythonpath.sh
[17.805s] -- Installing: /home/mmitss/Documents/cda-mmitss/other/install/can_msgs/share/can_msgs/environment/pythonpath.dsv
[17.807s] -- Installing: /home/mmitss/Documents/cda-mmitss/other/install/can_msgs/lib/python3.8/site-packages/can_msgs/__init__.py
[18.074s] Compiling '/home/mmitss/Documents/cda-mmitss/other/install/can_msgs/lib/python3.8/site-packages/can_msgs/__init__.py'...
[18.094s] -- Up-to-date: /home/mmitss/Documents/cda-mmitss/other/install/can_msgs/lib/python3.8/site-packages/can_msgs/msg
[18.095s] -- Up-to-date: /home/mmitss/Documents/cda-mmitss/other/install/can_msgs/lib/python3.8/site-packages/can_msgs/msg/_can_state_s.c
[18.096s] -- Up-to-date: /home/mmitss/Documents/cda-mmitss/other/install/can_msgs/lib/python3.8/site-packages/can_msgs/msg/_frame_s.c
[18.096s] -- Up-to-date: /home/mmitss/Documents/cda-mmitss/other/install/can_msgs/lib/python3.8/site-packages/can_msgs/msg/_frame.py
[18.097s] -- Up-to-date: /home/mmitss/Documents/cda-mmitss/other/install/can_msgs/lib/python3.8/site-packages/can_msgs/msg/_can_state.py
[18.098s] -- Up-to-date: /home/mmitss/Documents/cda-mmitss/other/install/can_msgs/lib/python3.8/site-packages/can_msgs/msg/__init__.py
[18.100s] -- Installing: /home/mmitss/Documents/cda-mmitss/other/install/can_msgs/lib/python3.8/site-packages/can_msgs/can_msgs_s__rosidl_typesupport_fastrtps_c.cpython-38-x86_64-linux-gnu.so
[18.102s] -- Set runtime path of "/home/mmitss/Documents/cda-mmitss/other/install/can_msgs/lib/python3.8/site-packages/can_msgs/can_msgs_s__rosidl_typesupport_fastrtps_c.cpython-38-x86_64-linux-gnu.so" to ""
[18.103s] -- Installing: /home/mmitss/Documents/cda-mmitss/other/install/can_msgs/lib/python3.8/site-packages/can_msgs/can_msgs_s__rosidl_typesupport_introspection_c.cpython-38-x86_64-linux-gnu.so
[18.104s] -- Set runtime path of "/home/mmitss/Documents/cda-mmitss/other/install/can_msgs/lib/python3.8/site-packages/can_msgs/can_msgs_s__rosidl_typesupport_introspection_c.cpython-38-x86_64-linux-gnu.so" to ""
[18.105s] -- Installing: /home/mmitss/Documents/cda-mmitss/other/install/can_msgs/lib/python3.8/site-packages/can_msgs/can_msgs_s__rosidl_typesupport_c.cpython-38-x86_64-linux-gnu.so
[18.107s] -- Set runtime path of "/home/mmitss/Documents/cda-mmitss/other/install/can_msgs/lib/python3.8/site-packages/can_msgs/can_msgs_s__rosidl_typesupport_c.cpython-38-x86_64-linux-gnu.so" to ""
[18.110s] -- Installing: /home/mmitss/Documents/cda-mmitss/other/install/can_msgs/lib/libcan_msgs__python.so
[18.112s] -- Set runtime path of "/home/mmitss/Documents/cda-mmitss/other/install/can_msgs/lib/libcan_msgs__python.so" to ""
[18.113s] -- Up-to-date: /home/mmitss/Documents/cda-mmitss/other/install/can_msgs/share/can_msgs/msg/CanState.idl
[18.114s] -- Up-to-date: /home/mmitss/Documents/cda-mmitss/other/install/can_msgs/share/can_msgs/msg/Frame.idl
[18.114s] -- Installing: /home/mmitss/Documents/cda-mmitss/other/install/can_msgs/share/can_msgs/msg/CanState.msg
[18.115s] -- Installing: /home/mmitss/Documents/cda-mmitss/other/install/can_msgs/share/can_msgs/msg/Frame.msg
[18.116s] -- Up-to-date: /home/mmitss/Documents/cda-mmitss/other/install/can_msgs/share/ament_index/resource_index/package_run_dependencies/can_msgs
[18.116s] -- Installing: /home/mmitss/Documents/cda-mmitss/other/install/can_msgs/share/ament_index/resource_index/parent_prefix_path/can_msgs
[18.117s] -- Installing: /home/mmitss/Documents/cda-mmitss/other/install/can_msgs/share/can_msgs/environment/ament_prefix_path.sh
[18.118s] -- Installing: /home/mmitss/Documents/cda-mmitss/other/install/can_msgs/share/can_msgs/environment/ament_prefix_path.dsv
[18.120s] -- Installing: /home/mmitss/Documents/cda-mmitss/other/install/can_msgs/share/can_msgs/environment/path.sh
[18.121s] -- Installing: /home/mmitss/Documents/cda-mmitss/other/install/can_msgs/share/can_msgs/environment/path.dsv
[18.121s] -- Up-to-date: /home/mmitss/Documents/cda-mmitss/other/install/can_msgs/share/can_msgs/local_setup.bash
[18.121s] -- Up-to-date: /home/mmitss/Documents/cda-mmitss/other/install/can_msgs/share/can_msgs/local_setup.sh
[18.122s] -- Up-to-date: /home/mmitss/Documents/cda-mmitss/other/install/can_msgs/share/can_msgs/local_setup.zsh
[18.122s] -- Installing: /home/mmitss/Documents/cda-mmitss/other/install/can_msgs/share/can_msgs/local_setup.dsv
[18.122s] -- Installing: /home/mmitss/Documents/cda-mmitss/other/install/can_msgs/share/can_msgs/package.dsv
[18.122s] -- Up-to-date: /home/mmitss/Documents/cda-mmitss/other/install/can_msgs/share/ament_index/resource_index/packages/can_msgs
[18.123s] -- Up-to-date: /home/mmitss/Documents/cda-mmitss/other/install/can_msgs/share/can_msgs/cmake/can_msgs__rosidl_generator_cExport.cmake
[18.123s] -- Installing: /home/mmitss/Documents/cda-mmitss/other/install/can_msgs/share/can_msgs/cmake/can_msgs__rosidl_generator_cExport-release.cmake
[18.124s] -- Up-to-date: /home/mmitss/Documents/cda-mmitss/other/install/can_msgs/share/can_msgs/cmake/can_msgs__rosidl_typesupport_introspection_cExport.cmake
[18.125s] -- Installing: /home/mmitss/Documents/cda-mmitss/other/install/can_msgs/share/can_msgs/cmake/can_msgs__rosidl_typesupport_introspection_cExport-release.cmake
[18.127s] -- Up-to-date: /home/mmitss/Documents/cda-mmitss/other/install/can_msgs/share/can_msgs/cmake/can_msgs__rosidl_typesupport_cExport.cmake
[18.127s] -- Installing: /home/mmitss/Documents/cda-mmitss/other/install/can_msgs/share/can_msgs/cmake/can_msgs__rosidl_typesupport_cExport-release.cmake
[18.142s] -- Up-to-date: /home/mmitss/Documents/cda-mmitss/other/install/can_msgs/share/can_msgs/cmake/can_msgs__rosidl_generator_cppExport.cmake
[18.145s] -- Up-to-date: /home/mmitss/Documents/cda-mmitss/other/install/can_msgs/share/can_msgs/cmake/can_msgs__rosidl_typesupport_introspection_cppExport.cmake
[18.146s] -- Installing: /home/mmitss/Documents/cda-mmitss/other/install/can_msgs/share/can_msgs/cmake/can_msgs__rosidl_typesupport_introspection_cppExport-release.cmake
[18.147s] -- Up-to-date: /home/mmitss/Documents/cda-mmitss/other/install/can_msgs/share/can_msgs/cmake/can_msgs__rosidl_typesupport_cppExport.cmake
[18.148s] -- Installing: /home/mmitss/Documents/cda-mmitss/other/install/can_msgs/share/can_msgs/cmake/can_msgs__rosidl_typesupport_cppExport-release.cmake
[18.148s] -- Up-to-date: /home/mmitss/Documents/cda-mmitss/other/install/can_msgs/share/can_msgs/cmake/rosidl_cmake-extras.cmake
[18.149s] -- Up-to-date: /home/mmitss/Documents/cda-mmitss/other/install/can_msgs/share/can_msgs/cmake/ament_cmake_export_dependencies-extras.cmake
[18.149s] -- Up-to-date: /home/mmitss/Documents/cda-mmitss/other/install/can_msgs/share/can_msgs/cmake/ament_cmake_export_libraries-extras.cmake
[18.150s] -- Up-to-date: /home/mmitss/Documents/cda-mmitss/other/install/can_msgs/share/can_msgs/cmake/ament_cmake_export_targets-extras.cmake
[18.150s] -- Up-to-date: /home/mmitss/Documents/cda-mmitss/other/install/can_msgs/share/can_msgs/cmake/ament_cmake_export_include_directories-extras.cmake
[18.150s] -- Up-to-date: /home/mmitss/Documents/cda-mmitss/other/install/can_msgs/share/can_msgs/cmake/rosidl_cmake_export_typesupport_libraries-extras.cmake
[18.150s] -- Up-to-date: /home/mmitss/Documents/cda-mmitss/other/install/can_msgs/share/can_msgs/cmake/rosidl_cmake_export_typesupport_targets-extras.cmake
[18.151s] -- Up-to-date: /home/mmitss/Documents/cda-mmitss/other/install/can_msgs/share/can_msgs/cmake/can_msgsConfig.cmake
[18.162s] -- Up-to-date: /home/mmitss/Documents/cda-mmitss/other/install/can_msgs/share/can_msgs/cmake/can_msgsConfig-version.cmake
[18.162s] -- Installing: /home/mmitss/Documents/cda-mmitss/other/install/can_msgs/share/can_msgs/package.xml
[18.167s] Invoked command in '/home/mmitss/Documents/cda-mmitss/other/build/can_msgs' returned '0': CMAKE_PREFIX_PATH=/home/mmitss/Documents/cda-mmitss/other/install/carma_cmake_common:/home/mmitss/Documents/cda-mmitss/other/install/carma_debug_ros2_msgs:/home/mmitss/Documents/cda-mmitss/other/install/carma_planning_msgs:/home/mmitss/Documents/cda-mmitss/other/install/carma_v2x_msgs:/home/mmitss/Documents/cda-mmitss/other/install/j3224_v2x_msgs:/home/mmitss/Documents/cda-mmitss/other/install/j2735_v2x_msgs:/home/mmitss/Documents/cda-mmitss/other/install/carma_perception_msgs:/home/mmitss/Documents/cda-mmitss/other/install/carma_driver_msgs:/home/mmitss/Documents/cda-mmitss/other/install/carma_msgs:/home/mmitss/Documents/cda-mmitss/other/install/carma_localization_msgs:/home/mmitss/Documents/cda-mmitss/other/install/can_msgs:/opt/ros/foxy CONDA_PROMPT_MODIFIER=(base) /usr/bin/cmake --install /home/mmitss/Documents/cda-mmitss/other/build/can_msgs
