[  1%] Built target carma_debug_ros2_msgs__cpp
[ 12%] Built target carma_debug_ros2_msgs__rosidl_generator_c
[ 23%] Built target carma_debug_ros2_msgs__rosidl_typesupport_cpp
[ 34%] Built target carma_debug_ros2_msgs__rosidl_typesupport_introspection_cpp
[ 56%] Built target carma_debug_ros2_msgs__rosidl_typesupport_c
[ 56%] Built target carma_debug_ros2_msgs__rosidl_typesupport_fastrtps_cpp
[ 67%] Built target carma_debug_ros2_msgs__rosidl_typesupport_introspection_c
[ 78%] Built target carma_debug_ros2_msgs__rosidl_typesupport_fastrtps_c
[ 78%] Built target carma_debug_ros2_msgs
[ 80%] Built target carma_debug_ros2_msgs__py
[ 89%] Built target carma_debug_ros2_msgs__python
[ 92%] Built target carma_debug_ros2_msgs__rosidl_typesupport_introspection_c__pyext
[ 96%] Built target carma_debug_ros2_msgs__rosidl_typesupport_c__pyext
[100%] Built target carma_debug_ros2_msgs__rosidl_typesupport_fastrtps_c__pyext
-- Install configuration: "Release"
-- Up-to-date: /home/mmitss/Documents/cda-mmitss/other/install/carma_debug_ros2_msgs/share/ament_index/resource_index/rosidl_interfaces/carma_debug_ros2_msgs
-- Up-to-date: /home/mmitss/Documents/cda-mmitss/other/install/carma_debug_ros2_msgs/include/carma_debug_ros2_msgs
-- Up-to-date: /home/mmitss/Documents/cda-mmitss/other/install/carma_debug_ros2_msgs/include/carma_debug_ros2_msgs/msg
-- Up-to-date: /home/mmitss/Documents/cda-mmitss/other/install/carma_debug_ros2_msgs/include/carma_debug_ros2_msgs/msg/rosidl_generator_c__visibility_control.h
-- Up-to-date: /home/mmitss/Documents/cda-mmitss/other/install/carma_debug_ros2_msgs/include/carma_debug_ros2_msgs/msg/regulatory_element.h
-- Up-to-date: /home/mmitss/Documents/cda-mmitss/other/install/carma_debug_ros2_msgs/include/carma_debug_ros2_msgs/msg/trajectory_curvature_speeds.h
-- Up-to-date: /home/mmitss/Documents/cda-mmitss/other/install/carma_debug_ros2_msgs/include/carma_debug_ros2_msgs/msg/lanelet_id_regulatory_element_pair.h
-- Up-to-date: /home/mmitss/Documents/cda-mmitss/other/install/carma_debug_ros2_msgs/include/carma_debug_ros2_msgs/msg/map_update_readable.h
-- Up-to-date: /home/mmitss/Documents/cda-mmitss/other/install/carma_debug_ros2_msgs/include/carma_debug_ros2_msgs/msg/detail
-- Up-to-date: /home/mmitss/Documents/cda-mmitss/other/install/carma_debug_ros2_msgs/include/carma_debug_ros2_msgs/msg/detail/regulatory_element__functions.h
-- Up-to-date: /home/mmitss/Documents/cda-mmitss/other/install/carma_debug_ros2_msgs/include/carma_debug_ros2_msgs/msg/detail/regulatory_element__struct.h
-- Up-to-date: /home/mmitss/Documents/cda-mmitss/other/install/carma_debug_ros2_msgs/include/carma_debug_ros2_msgs/msg/detail/lanelet_id_regulatory_element_pair__type_support.h
-- Up-to-date: /home/mmitss/Documents/cda-mmitss/other/install/carma_debug_ros2_msgs/include/carma_debug_ros2_msgs/msg/detail/lanelet_id_regulatory_element_pair__struct.h
-- Up-to-date: /home/mmitss/Documents/cda-mmitss/other/install/carma_debug_ros2_msgs/include/carma_debug_ros2_msgs/msg/detail/map_update_readable__functions.h
-- Up-to-date: /home/mmitss/Documents/cda-mmitss/other/install/carma_debug_ros2_msgs/include/carma_debug_ros2_msgs/msg/detail/lanelet_id_regulatory_element_pair__functions.c
-- Up-to-date: /home/mmitss/Documents/cda-mmitss/other/install/carma_debug_ros2_msgs/include/carma_debug_ros2_msgs/msg/detail/map_update_readable__functions.c
-- Up-to-date: /home/mmitss/Documents/cda-mmitss/other/install/carma_debug_ros2_msgs/include/carma_debug_ros2_msgs/msg/detail/regulatory_element__functions.c
-- Up-to-date: /home/mmitss/Documents/cda-mmitss/other/install/carma_debug_ros2_msgs/include/carma_debug_ros2_msgs/msg/detail/trajectory_curvature_speeds__struct.h
-- Up-to-date: /home/mmitss/Documents/cda-mmitss/other/install/carma_debug_ros2_msgs/include/carma_debug_ros2_msgs/msg/detail/lanelet_id_regulatory_element_pair__functions.h
-- Up-to-date: /home/mmitss/Documents/cda-mmitss/other/install/carma_debug_ros2_msgs/include/carma_debug_ros2_msgs/msg/detail/map_update_readable__type_support.h
-- Up-to-date: /home/mmitss/Documents/cda-mmitss/other/install/carma_debug_ros2_msgs/include/carma_debug_ros2_msgs/msg/detail/regulatory_element__type_support.h
-- Up-to-date: /home/mmitss/Documents/cda-mmitss/other/install/carma_debug_ros2_msgs/include/carma_debug_ros2_msgs/msg/detail/map_update_readable__struct.h
-- Up-to-date: /home/mmitss/Documents/cda-mmitss/other/install/carma_debug_ros2_msgs/include/carma_debug_ros2_msgs/msg/detail/trajectory_curvature_speeds__functions.c
-- Up-to-date: /home/mmitss/Documents/cda-mmitss/other/install/carma_debug_ros2_msgs/include/carma_debug_ros2_msgs/msg/detail/trajectory_curvature_speeds__type_support.h
-- Up-to-date: /home/mmitss/Documents/cda-mmitss/other/install/carma_debug_ros2_msgs/include/carma_debug_ros2_msgs/msg/detail/trajectory_curvature_speeds__functions.h
-- Up-to-date: /home/mmitss/Documents/cda-mmitss/other/install/carma_debug_ros2_msgs/share/carma_debug_ros2_msgs/environment/library_path.sh
-- Up-to-date: /home/mmitss/Documents/cda-mmitss/other/install/carma_debug_ros2_msgs/share/carma_debug_ros2_msgs/environment/library_path.dsv
-- Up-to-date: /home/mmitss/Documents/cda-mmitss/other/install/carma_debug_ros2_msgs/lib/libcarma_debug_ros2_msgs__rosidl_generator_c.so
-- Up-to-date: /home/mmitss/Documents/cda-mmitss/other/install/carma_debug_ros2_msgs/include/carma_debug_ros2_msgs
-- Up-to-date: /home/mmitss/Documents/cda-mmitss/other/install/carma_debug_ros2_msgs/include/carma_debug_ros2_msgs/msg
-- Up-to-date: /home/mmitss/Documents/cda-mmitss/other/install/carma_debug_ros2_msgs/include/carma_debug_ros2_msgs/msg/rosidl_typesupport_fastrtps_c__visibility_control.h
-- Up-to-date: /home/mmitss/Documents/cda-mmitss/other/install/carma_debug_ros2_msgs/include/carma_debug_ros2_msgs/msg/detail
-- Up-to-date: /home/mmitss/Documents/cda-mmitss/other/install/carma_debug_ros2_msgs/include/carma_debug_ros2_msgs/msg/detail/regulatory_element__rosidl_typesupport_fastrtps_c.h
-- Up-to-date: /home/mmitss/Documents/cda-mmitss/other/install/carma_debug_ros2_msgs/include/carma_debug_ros2_msgs/msg/detail/trajectory_curvature_speeds__rosidl_typesupport_fastrtps_c.h
-- Up-to-date: /home/mmitss/Documents/cda-mmitss/other/install/carma_debug_ros2_msgs/include/carma_debug_ros2_msgs/msg/detail/map_update_readable__rosidl_typesupport_fastrtps_c.h
-- Up-to-date: /home/mmitss/Documents/cda-mmitss/other/install/carma_debug_ros2_msgs/include/carma_debug_ros2_msgs/msg/detail/lanelet_id_regulatory_element_pair__rosidl_typesupport_fastrtps_c.h
-- Up-to-date: /home/mmitss/Documents/cda-mmitss/other/install/carma_debug_ros2_msgs/lib/libcarma_debug_ros2_msgs__rosidl_typesupport_fastrtps_c.so
-- Up-to-date: /home/mmitss/Documents/cda-mmitss/other/install/carma_debug_ros2_msgs/include/carma_debug_ros2_msgs
-- Up-to-date: /home/mmitss/Documents/cda-mmitss/other/install/carma_debug_ros2_msgs/include/carma_debug_ros2_msgs/msg
-- Up-to-date: /home/mmitss/Documents/cda-mmitss/other/install/carma_debug_ros2_msgs/include/carma_debug_ros2_msgs/msg/rosidl_typesupport_fastrtps_cpp__visibility_control.h
-- Up-to-date: /home/mmitss/Documents/cda-mmitss/other/install/carma_debug_ros2_msgs/include/carma_debug_ros2_msgs/msg/detail
-- Up-to-date: /home/mmitss/Documents/cda-mmitss/other/install/carma_debug_ros2_msgs/include/carma_debug_ros2_msgs/msg/detail/trajectory_curvature_speeds__rosidl_typesupport_fastrtps_cpp.hpp
-- Up-to-date: /home/mmitss/Documents/cda-mmitss/other/install/carma_debug_ros2_msgs/include/carma_debug_ros2_msgs/msg/detail/lanelet_id_regulatory_element_pair__rosidl_typesupport_fastrtps_cpp.hpp
-- Up-to-date: /home/mmitss/Documents/cda-mmitss/other/install/carma_debug_ros2_msgs/include/carma_debug_ros2_msgs/msg/detail/map_update_readable__rosidl_typesupport_fastrtps_cpp.hpp
-- Up-to-date: /home/mmitss/Documents/cda-mmitss/other/install/carma_debug_ros2_msgs/include/carma_debug_ros2_msgs/msg/detail/regulatory_element__rosidl_typesupport_fastrtps_cpp.hpp
-- Up-to-date: /home/mmitss/Documents/cda-mmitss/other/install/carma_debug_ros2_msgs/include/carma_debug_ros2_msgs/msg/detail/dds_fastrtps
-- Up-to-date: /home/mmitss/Documents/cda-mmitss/other/install/carma_debug_ros2_msgs/lib/libcarma_debug_ros2_msgs__rosidl_typesupport_fastrtps_cpp.so
-- Up-to-date: /home/mmitss/Documents/cda-mmitss/other/install/carma_debug_ros2_msgs/include/carma_debug_ros2_msgs
-- Up-to-date: /home/mmitss/Documents/cda-mmitss/other/install/carma_debug_ros2_msgs/include/carma_debug_ros2_msgs/msg
-- Up-to-date: /home/mmitss/Documents/cda-mmitss/other/install/carma_debug_ros2_msgs/include/carma_debug_ros2_msgs/msg/rosidl_typesupport_introspection_c__visibility_control.h
-- Up-to-date: /home/mmitss/Documents/cda-mmitss/other/install/carma_debug_ros2_msgs/include/carma_debug_ros2_msgs/msg/detail
-- Up-to-date: /home/mmitss/Documents/cda-mmitss/other/install/carma_debug_ros2_msgs/include/carma_debug_ros2_msgs/msg/detail/map_update_readable__type_support.c
-- Up-to-date: /home/mmitss/Documents/cda-mmitss/other/install/carma_debug_ros2_msgs/include/carma_debug_ros2_msgs/msg/detail/regulatory_element__type_support.c
-- Up-to-date: /home/mmitss/Documents/cda-mmitss/other/install/carma_debug_ros2_msgs/include/carma_debug_ros2_msgs/msg/detail/regulatory_element__rosidl_typesupport_introspection_c.h
-- Up-to-date: /home/mmitss/Documents/cda-mmitss/other/install/carma_debug_ros2_msgs/include/carma_debug_ros2_msgs/msg/detail/trajectory_curvature_speeds__rosidl_typesupport_introspection_c.h
-- Up-to-date: /home/mmitss/Documents/cda-mmitss/other/install/carma_debug_ros2_msgs/include/carma_debug_ros2_msgs/msg/detail/map_update_readable__rosidl_typesupport_introspection_c.h
-- Up-to-date: /home/mmitss/Documents/cda-mmitss/other/install/carma_debug_ros2_msgs/include/carma_debug_ros2_msgs/msg/detail/lanelet_id_regulatory_element_pair__type_support.c
-- Up-to-date: /home/mmitss/Documents/cda-mmitss/other/install/carma_debug_ros2_msgs/include/carma_debug_ros2_msgs/msg/detail/trajectory_curvature_speeds__type_support.c
-- Up-to-date: /home/mmitss/Documents/cda-mmitss/other/install/carma_debug_ros2_msgs/include/carma_debug_ros2_msgs/msg/detail/lanelet_id_regulatory_element_pair__rosidl_typesupport_introspection_c.h
-- Up-to-date: /home/mmitss/Documents/cda-mmitss/other/install/carma_debug_ros2_msgs/lib/libcarma_debug_ros2_msgs__rosidl_typesupport_introspection_c.so
-- Up-to-date: /home/mmitss/Documents/cda-mmitss/other/install/carma_debug_ros2_msgs/lib/libcarma_debug_ros2_msgs__rosidl_typesupport_c.so
-- Up-to-date: /home/mmitss/Documents/cda-mmitss/other/install/carma_debug_ros2_msgs/include/carma_debug_ros2_msgs
-- Up-to-date: /home/mmitss/Documents/cda-mmitss/other/install/carma_debug_ros2_msgs/include/carma_debug_ros2_msgs/msg
-- Up-to-date: /home/mmitss/Documents/cda-mmitss/other/install/carma_debug_ros2_msgs/include/carma_debug_ros2_msgs/msg/map_update_readable.hpp
-- Up-to-date: /home/mmitss/Documents/cda-mmitss/other/install/carma_debug_ros2_msgs/include/carma_debug_ros2_msgs/msg/rosidl_generator_cpp__visibility_control.hpp
-- Up-to-date: /home/mmitss/Documents/cda-mmitss/other/install/carma_debug_ros2_msgs/include/carma_debug_ros2_msgs/msg/trajectory_curvature_speeds.hpp
-- Up-to-date: /home/mmitss/Documents/cda-mmitss/other/install/carma_debug_ros2_msgs/include/carma_debug_ros2_msgs/msg/regulatory_element.hpp
-- Up-to-date: /home/mmitss/Documents/cda-mmitss/other/install/carma_debug_ros2_msgs/include/carma_debug_ros2_msgs/msg/lanelet_id_regulatory_element_pair.hpp
-- Up-to-date: /home/mmitss/Documents/cda-mmitss/other/install/carma_debug_ros2_msgs/include/carma_debug_ros2_msgs/msg/detail
-- Up-to-date: /home/mmitss/Documents/cda-mmitss/other/install/carma_debug_ros2_msgs/include/carma_debug_ros2_msgs/msg/detail/lanelet_id_regulatory_element_pair__type_support.hpp
-- Up-to-date: /home/mmitss/Documents/cda-mmitss/other/install/carma_debug_ros2_msgs/include/carma_debug_ros2_msgs/msg/detail/trajectory_curvature_speeds__struct.hpp
-- Up-to-date: /home/mmitss/Documents/cda-mmitss/other/install/carma_debug_ros2_msgs/include/carma_debug_ros2_msgs/msg/detail/map_update_readable__struct.hpp
-- Up-to-date: /home/mmitss/Documents/cda-mmitss/other/install/carma_debug_ros2_msgs/include/carma_debug_ros2_msgs/msg/detail/lanelet_id_regulatory_element_pair__builder.hpp
-- Up-to-date: /home/mmitss/Documents/cda-mmitss/other/install/carma_debug_ros2_msgs/include/carma_debug_ros2_msgs/msg/detail/trajectory_curvature_speeds__traits.hpp
-- Up-to-date: /home/mmitss/Documents/cda-mmitss/other/install/carma_debug_ros2_msgs/include/carma_debug_ros2_msgs/msg/detail/regulatory_element__traits.hpp
-- Up-to-date: /home/mmitss/Documents/cda-mmitss/other/install/carma_debug_ros2_msgs/include/carma_debug_ros2_msgs/msg/detail/map_update_readable__builder.hpp
-- Up-to-date: /home/mmitss/Documents/cda-mmitss/other/install/carma_debug_ros2_msgs/include/carma_debug_ros2_msgs/msg/detail/regulatory_element__builder.hpp
-- Up-to-date: /home/mmitss/Documents/cda-mmitss/other/install/carma_debug_ros2_msgs/include/carma_debug_ros2_msgs/msg/detail/map_update_readable__traits.hpp
-- Up-to-date: /home/mmitss/Documents/cda-mmitss/other/install/carma_debug_ros2_msgs/include/carma_debug_ros2_msgs/msg/detail/regulatory_element__type_support.hpp
-- Up-to-date: /home/mmitss/Documents/cda-mmitss/other/install/carma_debug_ros2_msgs/include/carma_debug_ros2_msgs/msg/detail/lanelet_id_regulatory_element_pair__traits.hpp
-- Up-to-date: /home/mmitss/Documents/cda-mmitss/other/install/carma_debug_ros2_msgs/include/carma_debug_ros2_msgs/msg/detail/lanelet_id_regulatory_element_pair__struct.hpp
-- Up-to-date: /home/mmitss/Documents/cda-mmitss/other/install/carma_debug_ros2_msgs/include/carma_debug_ros2_msgs/msg/detail/regulatory_element__struct.hpp
-- Up-to-date: /home/mmitss/Documents/cda-mmitss/other/install/carma_debug_ros2_msgs/include/carma_debug_ros2_msgs/msg/detail/map_update_readable__type_support.hpp
-- Up-to-date: /home/mmitss/Documents/cda-mmitss/other/install/carma_debug_ros2_msgs/include/carma_debug_ros2_msgs/msg/detail/trajectory_curvature_speeds__builder.hpp
-- Up-to-date: /home/mmitss/Documents/cda-mmitss/other/install/carma_debug_ros2_msgs/include/carma_debug_ros2_msgs/msg/detail/trajectory_curvature_speeds__type_support.hpp
-- Up-to-date: /home/mmitss/Documents/cda-mmitss/other/install/carma_debug_ros2_msgs/include/carma_debug_ros2_msgs
-- Up-to-date: /home/mmitss/Documents/cda-mmitss/other/install/carma_debug_ros2_msgs/include/carma_debug_ros2_msgs/msg
-- Up-to-date: /home/mmitss/Documents/cda-mmitss/other/install/carma_debug_ros2_msgs/include/carma_debug_ros2_msgs/msg/detail
-- Up-to-date: /home/mmitss/Documents/cda-mmitss/other/install/carma_debug_ros2_msgs/include/carma_debug_ros2_msgs/msg/detail/lanelet_id_regulatory_element_pair__type_support.cpp
-- Up-to-date: /home/mmitss/Documents/cda-mmitss/other/install/carma_debug_ros2_msgs/include/carma_debug_ros2_msgs/msg/detail/trajectory_curvature_speeds__rosidl_typesupport_introspection_cpp.hpp
-- Up-to-date: /home/mmitss/Documents/cda-mmitss/other/install/carma_debug_ros2_msgs/include/carma_debug_ros2_msgs/msg/detail/regulatory_element__rosidl_typesupport_introspection_cpp.hpp
-- Up-to-date: /home/mmitss/Documents/cda-mmitss/other/install/carma_debug_ros2_msgs/include/carma_debug_ros2_msgs/msg/detail/map_update_readable__rosidl_typesupport_introspection_cpp.hpp
-- Up-to-date: /home/mmitss/Documents/cda-mmitss/other/install/carma_debug_ros2_msgs/include/carma_debug_ros2_msgs/msg/detail/lanelet_id_regulatory_element_pair__rosidl_typesupport_introspection_cpp.hpp
-- Up-to-date: /home/mmitss/Documents/cda-mmitss/other/install/carma_debug_ros2_msgs/include/carma_debug_ros2_msgs/msg/detail/regulatory_element__type_support.cpp
-- Up-to-date: /home/mmitss/Documents/cda-mmitss/other/install/carma_debug_ros2_msgs/include/carma_debug_ros2_msgs/msg/detail/trajectory_curvature_speeds__type_support.cpp
-- Up-to-date: /home/mmitss/Documents/cda-mmitss/other/install/carma_debug_ros2_msgs/include/carma_debug_ros2_msgs/msg/detail/map_update_readable__type_support.cpp
-- Up-to-date: /home/mmitss/Documents/cda-mmitss/other/install/carma_debug_ros2_msgs/lib/libcarma_debug_ros2_msgs__rosidl_typesupport_introspection_cpp.so
-- Up-to-date: /home/mmitss/Documents/cda-mmitss/other/install/carma_debug_ros2_msgs/lib/libcarma_debug_ros2_msgs__rosidl_typesupport_cpp.so
-- Up-to-date: /home/mmitss/Documents/cda-mmitss/other/install/carma_debug_ros2_msgs/share/carma_debug_ros2_msgs/environment/pythonpath.sh
-- Up-to-date: /home/mmitss/Documents/cda-mmitss/other/install/carma_debug_ros2_msgs/share/carma_debug_ros2_msgs/environment/pythonpath.dsv
-- Up-to-date: /home/mmitss/Documents/cda-mmitss/other/install/carma_debug_ros2_msgs/lib/python3.8/site-packages/carma_debug_ros2_msgs/__init__.py
-- Up-to-date: /home/mmitss/Documents/cda-mmitss/other/install/carma_debug_ros2_msgs/lib/python3.8/site-packages/carma_debug_ros2_msgs/msg
-- Up-to-date: /home/mmitss/Documents/cda-mmitss/other/install/carma_debug_ros2_msgs/lib/python3.8/site-packages/carma_debug_ros2_msgs/msg/_lanelet_id_regulatory_element_pair.py
-- Up-to-date: /home/mmitss/Documents/cda-mmitss/other/install/carma_debug_ros2_msgs/lib/python3.8/site-packages/carma_debug_ros2_msgs/msg/_map_update_readable.py
-- Up-to-date: /home/mmitss/Documents/cda-mmitss/other/install/carma_debug_ros2_msgs/lib/python3.8/site-packages/carma_debug_ros2_msgs/msg/_trajectory_curvature_speeds.py
-- Up-to-date: /home/mmitss/Documents/cda-mmitss/other/install/carma_debug_ros2_msgs/lib/python3.8/site-packages/carma_debug_ros2_msgs/msg/_lanelet_id_regulatory_element_pair_s.c
-- Up-to-date: /home/mmitss/Documents/cda-mmitss/other/install/carma_debug_ros2_msgs/lib/python3.8/site-packages/carma_debug_ros2_msgs/msg/_map_update_readable_s.c
-- Up-to-date: /home/mmitss/Documents/cda-mmitss/other/install/carma_debug_ros2_msgs/lib/python3.8/site-packages/carma_debug_ros2_msgs/msg/_trajectory_curvature_speeds_s.c
-- Up-to-date: /home/mmitss/Documents/cda-mmitss/other/install/carma_debug_ros2_msgs/lib/python3.8/site-packages/carma_debug_ros2_msgs/msg/_regulatory_element.py
-- Up-to-date: /home/mmitss/Documents/cda-mmitss/other/install/carma_debug_ros2_msgs/lib/python3.8/site-packages/carma_debug_ros2_msgs/msg/_regulatory_element_s.c
-- Up-to-date: /home/mmitss/Documents/cda-mmitss/other/install/carma_debug_ros2_msgs/lib/python3.8/site-packages/carma_debug_ros2_msgs/msg/__init__.py
-- Up-to-date: /home/mmitss/Documents/cda-mmitss/other/install/carma_debug_ros2_msgs/lib/python3.8/site-packages/carma_debug_ros2_msgs/carma_debug_ros2_msgs_s__rosidl_typesupport_fastrtps_c.cpython-38-x86_64-linux-gnu.so
-- Up-to-date: /home/mmitss/Documents/cda-mmitss/other/install/carma_debug_ros2_msgs/lib/python3.8/site-packages/carma_debug_ros2_msgs/carma_debug_ros2_msgs_s__rosidl_typesupport_introspection_c.cpython-38-x86_64-linux-gnu.so
-- Up-to-date: /home/mmitss/Documents/cda-mmitss/other/install/carma_debug_ros2_msgs/lib/python3.8/site-packages/carma_debug_ros2_msgs/carma_debug_ros2_msgs_s__rosidl_typesupport_c.cpython-38-x86_64-linux-gnu.so
-- Up-to-date: /home/mmitss/Documents/cda-mmitss/other/install/carma_debug_ros2_msgs/lib/libcarma_debug_ros2_msgs__python.so
-- Up-to-date: /home/mmitss/Documents/cda-mmitss/other/install/carma_debug_ros2_msgs/share/carma_debug_ros2_msgs/msg/LaneletIdRegulatoryElementPair.idl
-- Up-to-date: /home/mmitss/Documents/cda-mmitss/other/install/carma_debug_ros2_msgs/share/carma_debug_ros2_msgs/msg/MapUpdateReadable.idl
-- Up-to-date: /home/mmitss/Documents/cda-mmitss/other/install/carma_debug_ros2_msgs/share/carma_debug_ros2_msgs/msg/RegulatoryElement.idl
-- Up-to-date: /home/mmitss/Documents/cda-mmitss/other/install/carma_debug_ros2_msgs/share/carma_debug_ros2_msgs/msg/TrajectoryCurvatureSpeeds.idl
-- Up-to-date: /home/mmitss/Documents/cda-mmitss/other/install/carma_debug_ros2_msgs/share/carma_debug_ros2_msgs/msg/LaneletIdRegulatoryElementPair.msg
-- Up-to-date: /home/mmitss/Documents/cda-mmitss/other/install/carma_debug_ros2_msgs/share/carma_debug_ros2_msgs/msg/MapUpdateReadable.msg
-- Up-to-date: /home/mmitss/Documents/cda-mmitss/other/install/carma_debug_ros2_msgs/share/carma_debug_ros2_msgs/msg/RegulatoryElement.msg
-- Up-to-date: /home/mmitss/Documents/cda-mmitss/other/install/carma_debug_ros2_msgs/share/carma_debug_ros2_msgs/msg/TrajectoryCurvatureSpeeds.msg
-- Up-to-date: /home/mmitss/Documents/cda-mmitss/other/install/carma_debug_ros2_msgs/share/ament_index/resource_index/package_run_dependencies/carma_debug_ros2_msgs
-- Up-to-date: /home/mmitss/Documents/cda-mmitss/other/install/carma_debug_ros2_msgs/share/ament_index/resource_index/parent_prefix_path/carma_debug_ros2_msgs
-- Up-to-date: /home/mmitss/Documents/cda-mmitss/other/install/carma_debug_ros2_msgs/share/carma_debug_ros2_msgs/environment/ament_prefix_path.sh
-- Up-to-date: /home/mmitss/Documents/cda-mmitss/other/install/carma_debug_ros2_msgs/share/carma_debug_ros2_msgs/environment/ament_prefix_path.dsv
-- Up-to-date: /home/mmitss/Documents/cda-mmitss/other/install/carma_debug_ros2_msgs/share/carma_debug_ros2_msgs/environment/path.sh
-- Up-to-date: /home/mmitss/Documents/cda-mmitss/other/install/carma_debug_ros2_msgs/share/carma_debug_ros2_msgs/environment/path.dsv
-- Up-to-date: /home/mmitss/Documents/cda-mmitss/other/install/carma_debug_ros2_msgs/share/carma_debug_ros2_msgs/local_setup.bash
-- Up-to-date: /home/mmitss/Documents/cda-mmitss/other/install/carma_debug_ros2_msgs/share/carma_debug_ros2_msgs/local_setup.sh
-- Up-to-date: /home/mmitss/Documents/cda-mmitss/other/install/carma_debug_ros2_msgs/share/carma_debug_ros2_msgs/local_setup.zsh
-- Up-to-date: /home/mmitss/Documents/cda-mmitss/other/install/carma_debug_ros2_msgs/share/carma_debug_ros2_msgs/local_setup.dsv
-- Installing: /home/mmitss/Documents/cda-mmitss/other/install/carma_debug_ros2_msgs/share/carma_debug_ros2_msgs/package.dsv
-- Up-to-date: /home/mmitss/Documents/cda-mmitss/other/install/carma_debug_ros2_msgs/share/ament_index/resource_index/packages/carma_debug_ros2_msgs
-- Up-to-date: /home/mmitss/Documents/cda-mmitss/other/install/carma_debug_ros2_msgs/share/carma_debug_ros2_msgs/cmake/carma_debug_ros2_msgs__rosidl_generator_cExport.cmake
-- Up-to-date: /home/mmitss/Documents/cda-mmitss/other/install/carma_debug_ros2_msgs/share/carma_debug_ros2_msgs/cmake/carma_debug_ros2_msgs__rosidl_generator_cExport-release.cmake
-- Up-to-date: /home/mmitss/Documents/cda-mmitss/other/install/carma_debug_ros2_msgs/share/carma_debug_ros2_msgs/cmake/carma_debug_ros2_msgs__rosidl_typesupport_introspection_cExport.cmake
-- Up-to-date: /home/mmitss/Documents/cda-mmitss/other/install/carma_debug_ros2_msgs/share/carma_debug_ros2_msgs/cmake/carma_debug_ros2_msgs__rosidl_typesupport_introspection_cExport-release.cmake
-- Up-to-date: /home/mmitss/Documents/cda-mmitss/other/install/carma_debug_ros2_msgs/share/carma_debug_ros2_msgs/cmake/carma_debug_ros2_msgs__rosidl_typesupport_cExport.cmake
-- Up-to-date: /home/mmitss/Documents/cda-mmitss/other/install/carma_debug_ros2_msgs/share/carma_debug_ros2_msgs/cmake/carma_debug_ros2_msgs__rosidl_typesupport_cExport-release.cmake
-- Up-to-date: /home/mmitss/Documents/cda-mmitss/other/install/carma_debug_ros2_msgs/share/carma_debug_ros2_msgs/cmake/carma_debug_ros2_msgs__rosidl_generator_cppExport.cmake
-- Up-to-date: /home/mmitss/Documents/cda-mmitss/other/install/carma_debug_ros2_msgs/share/carma_debug_ros2_msgs/cmake/carma_debug_ros2_msgs__rosidl_typesupport_introspection_cppExport.cmake
-- Up-to-date: /home/mmitss/Documents/cda-mmitss/other/install/carma_debug_ros2_msgs/share/carma_debug_ros2_msgs/cmake/carma_debug_ros2_msgs__rosidl_typesupport_introspection_cppExport-release.cmake
-- Up-to-date: /home/mmitss/Documents/cda-mmitss/other/install/carma_debug_ros2_msgs/share/carma_debug_ros2_msgs/cmake/carma_debug_ros2_msgs__rosidl_typesupport_cppExport.cmake
-- Up-to-date: /home/mmitss/Documents/cda-mmitss/other/install/carma_debug_ros2_msgs/share/carma_debug_ros2_msgs/cmake/carma_debug_ros2_msgs__rosidl_typesupport_cppExport-release.cmake
-- Up-to-date: /home/mmitss/Documents/cda-mmitss/other/install/carma_debug_ros2_msgs/share/carma_debug_ros2_msgs/cmake/rosidl_cmake-extras.cmake
-- Up-to-date: /home/mmitss/Documents/cda-mmitss/other/install/carma_debug_ros2_msgs/share/carma_debug_ros2_msgs/cmake/ament_cmake_export_dependencies-extras.cmake
-- Up-to-date: /home/mmitss/Documents/cda-mmitss/other/install/carma_debug_ros2_msgs/share/carma_debug_ros2_msgs/cmake/ament_cmake_export_libraries-extras.cmake
-- Up-to-date: /home/mmitss/Documents/cda-mmitss/other/install/carma_debug_ros2_msgs/share/carma_debug_ros2_msgs/cmake/ament_cmake_export_targets-extras.cmake
-- Up-to-date: /home/mmitss/Documents/cda-mmitss/other/install/carma_debug_ros2_msgs/share/carma_debug_ros2_msgs/cmake/ament_cmake_export_include_directories-extras.cmake
-- Up-to-date: /home/mmitss/Documents/cda-mmitss/other/install/carma_debug_ros2_msgs/share/carma_debug_ros2_msgs/cmake/rosidl_cmake_export_typesupport_libraries-extras.cmake
-- Up-to-date: /home/mmitss/Documents/cda-mmitss/other/install/carma_debug_ros2_msgs/share/carma_debug_ros2_msgs/cmake/rosidl_cmake_export_typesupport_targets-extras.cmake
-- Up-to-date: /home/mmitss/Documents/cda-mmitss/other/install/carma_debug_ros2_msgs/share/carma_debug_ros2_msgs/cmake/carma_debug_ros2_msgsConfig.cmake
-- Up-to-date: /home/mmitss/Documents/cda-mmitss/other/install/carma_debug_ros2_msgs/share/carma_debug_ros2_msgs/cmake/carma_debug_ros2_msgsConfig-version.cmake
-- Up-to-date: /home/mmitss/Documents/cda-mmitss/other/install/carma_debug_ros2_msgs/share/carma_debug_ros2_msgs/package.xml
-- Up-to-date: /home/mmitss/Documents/cda-mmitss/other/install/carma_debug_ros2_msgs/share/carma_debug_ros2_msgs/rule.yml
