[0.026s] Invoking command in '/home/mmitss/Documents/cda-mmitss/other/build/carma_debug_ros2_msgs': CMAKE_PREFIX_PATH=/home/mmitss/Documents/cda-mmitss/other/install/carma_planning_msgs:/home/mmitss/Documents/cda-mmitss/other/install/carma_v2x_msgs:/home/mmitss/Documents/cda-mmitss/other/install/j3224_v2x_msgs:/home/mmitss/Documents/cda-mmitss/other/install/j2735_v2x_msgs:/home/mmitss/Documents/cda-mmitss/other/install/carma_cmake_common:/home/mmitss/Documents/cda-mmitss/other/install/carma_debug_ros2_msgs:/home/mmitss/Documents/cda-mmitss/other/install/carma_perception_msgs:/home/mmitss/Documents/cda-mmitss/other/install/carma_driver_msgs:/home/mmitss/Documents/cda-mmitss/other/install/carma_msgs:/home/mmitss/Documents/cda-mmitss/other/install/carma_localization_msgs:/home/mmitss/Documents/cda-mmitss/other/install/can_msgs:/opt/ros/foxy CONDA_PROMPT_MODIFIER=(base) LD_LIBRARY_PATH=/home/mmitss/Documents/cda-mmitss/other/install/carma_planning_msgs/lib:/home/mmitss/Documents/cda-mmitss/other/install/carma_v2x_msgs/lib:/home/mmitss/Documents/cda-mmitss/other/install/j3224_v2x_msgs/lib:/home/mmitss/Documents/cda-mmitss/other/install/j2735_v2x_msgs/lib:/home/mmitss/Documents/cda-mmitss/other/install/carma_debug_ros2_msgs/lib:/home/mmitss/Documents/cda-mmitss/other/install/carma_perception_msgs/lib:/home/mmitss/Documents/cda-mmitss/other/install/carma_driver_msgs/lib:/home/mmitss/Documents/cda-mmitss/other/install/carma_msgs/lib:/home/mmitss/Documents/cda-mmitss/other/install/carma_localization_msgs/lib:/home/mmitss/Documents/cda-mmitss/other/install/can_msgs/lib:/opt/ros/foxy/opt/yaml_cpp_vendor/lib:/opt/ros/foxy/opt/rviz_ogre_vendor/lib:/opt/ros/foxy/lib/x86_64-linux-gnu:/opt/ros/foxy/lib:/opt/ibm/ILOG/CPLEX_Studio221/cplex/lib/x86-64_linux:/opt/ibm/ILOG/CPLEX_Studio221/concert/lib/x86-64_linux PYTHONPATH=/home/mmitss/Documents/cda-mmitss/other/install/carma_planning_msgs/lib/python3.8/site-packages:/home/mmitss/Documents/cda-mmitss/other/install/carma_v2x_msgs/lib/python3.8/site-packages:/home/mmitss/Documents/cda-mmitss/other/install/j3224_v2x_msgs/lib/python3.8/site-packages:/home/mmitss/Documents/cda-mmitss/other/install/j2735_v2x_msgs/lib/python3.8/site-packages:/home/mmitss/Documents/cda-mmitss/other/install/carma_debug_ros2_msgs/lib/python3.8/site-packages:/home/mmitss/Documents/cda-mmitss/other/install/carma_perception_msgs/lib/python3.8/site-packages:/home/mmitss/Documents/cda-mmitss/other/install/carma_driver_msgs/lib/python3.8/site-packages:/home/mmitss/Documents/cda-mmitss/other/install/carma_msgs/lib/python3.8/site-packages:/home/mmitss/Documents/cda-mmitss/other/install/carma_localization_msgs/lib/python3.8/site-packages:/home/mmitss/Documents/cda-mmitss/other/install/can_msgs/lib/python3.8/site-packages:/opt/ros/foxy/lib/python3.8/site-packages /usr/bin/cmake --build /home/mmitss/Documents/cda-mmitss/other/build/carma_debug_ros2_msgs -- -j8 -l8
[0.099s] [  1%] Built target carma_debug_ros2_msgs__cpp
[0.113s] [ 12%] Built target carma_debug_ros2_msgs__rosidl_generator_c
[0.147s] [ 23%] Built target carma_debug_ros2_msgs__rosidl_typesupport_cpp
[0.160s] [ 34%] Built target carma_debug_ros2_msgs__rosidl_typesupport_introspection_cpp
[0.164s] [ 56%] Built target carma_debug_ros2_msgs__rosidl_typesupport_c
[0.165s] [ 56%] Built target carma_debug_ros2_msgs__rosidl_typesupport_fastrtps_cpp
[0.175s] [ 67%] Built target carma_debug_ros2_msgs__rosidl_typesupport_introspection_c
[0.213s] [ 78%] Built target carma_debug_ros2_msgs__rosidl_typesupport_fastrtps_c
[0.239s] [ 78%] Built target carma_debug_ros2_msgs
[0.274s] [ 80%] Built target carma_debug_ros2_msgs__py
[0.303s] [ 89%] Built target carma_debug_ros2_msgs__python
[0.336s] [ 92%] Built target carma_debug_ros2_msgs__rosidl_typesupport_introspection_c__pyext
[0.337s] [ 96%] Built target carma_debug_ros2_msgs__rosidl_typesupport_c__pyext
[0.343s] [100%] Built target carma_debug_ros2_msgs__rosidl_typesupport_fastrtps_c__pyext
[0.356s] Invoked command in '/home/mmitss/Documents/cda-mmitss/other/build/carma_debug_ros2_msgs' returned '0': CMAKE_PREFIX_PATH=/home/mmitss/Documents/cda-mmitss/other/install/carma_planning_msgs:/home/mmitss/Documents/cda-mmitss/other/install/carma_v2x_msgs:/home/mmitss/Documents/cda-mmitss/other/install/j3224_v2x_msgs:/home/mmitss/Documents/cda-mmitss/other/install/j2735_v2x_msgs:/home/mmitss/Documents/cda-mmitss/other/install/carma_cmake_common:/home/mmitss/Documents/cda-mmitss/other/install/carma_debug_ros2_msgs:/home/mmitss/Documents/cda-mmitss/other/install/carma_perception_msgs:/home/mmitss/Documents/cda-mmitss/other/install/carma_driver_msgs:/home/mmitss/Documents/cda-mmitss/other/install/carma_msgs:/home/mmitss/Documents/cda-mmitss/other/install/carma_localization_msgs:/home/mmitss/Documents/cda-mmitss/other/install/can_msgs:/opt/ros/foxy CONDA_PROMPT_MODIFIER=(base) LD_LIBRARY_PATH=/home/mmitss/Documents/cda-mmitss/other/install/carma_planning_msgs/lib:/home/mmitss/Documents/cda-mmitss/other/install/carma_v2x_msgs/lib:/home/mmitss/Documents/cda-mmitss/other/install/j3224_v2x_msgs/lib:/home/mmitss/Documents/cda-mmitss/other/install/j2735_v2x_msgs/lib:/home/mmitss/Documents/cda-mmitss/other/install/carma_debug_ros2_msgs/lib:/home/mmitss/Documents/cda-mmitss/other/install/carma_perception_msgs/lib:/home/mmitss/Documents/cda-mmitss/other/install/carma_driver_msgs/lib:/home/mmitss/Documents/cda-mmitss/other/install/carma_msgs/lib:/home/mmitss/Documents/cda-mmitss/other/install/carma_localization_msgs/lib:/home/mmitss/Documents/cda-mmitss/other/install/can_msgs/lib:/opt/ros/foxy/opt/yaml_cpp_vendor/lib:/opt/ros/foxy/opt/rviz_ogre_vendor/lib:/opt/ros/foxy/lib/x86_64-linux-gnu:/opt/ros/foxy/lib:/opt/ibm/ILOG/CPLEX_Studio221/cplex/lib/x86-64_linux:/opt/ibm/ILOG/CPLEX_Studio221/concert/lib/x86-64_linux PYTHONPATH=/home/mmitss/Documents/cda-mmitss/other/install/carma_planning_msgs/lib/python3.8/site-packages:/home/mmitss/Documents/cda-mmitss/other/install/carma_v2x_msgs/lib/python3.8/site-packages:/home/mmitss/Documents/cda-mmitss/other/install/j3224_v2x_msgs/lib/python3.8/site-packages:/home/mmitss/Documents/cda-mmitss/other/install/j2735_v2x_msgs/lib/python3.8/site-packages:/home/mmitss/Documents/cda-mmitss/other/install/carma_debug_ros2_msgs/lib/python3.8/site-packages:/home/mmitss/Documents/cda-mmitss/other/install/carma_perception_msgs/lib/python3.8/site-packages:/home/mmitss/Documents/cda-mmitss/other/install/carma_driver_msgs/lib/python3.8/site-packages:/home/mmitss/Documents/cda-mmitss/other/install/carma_msgs/lib/python3.8/site-packages:/home/mmitss/Documents/cda-mmitss/other/install/carma_localization_msgs/lib/python3.8/site-packages:/home/mmitss/Documents/cda-mmitss/other/install/can_msgs/lib/python3.8/site-packages:/opt/ros/foxy/lib/python3.8/site-packages /usr/bin/cmake --build /home/mmitss/Documents/cda-mmitss/other/build/carma_debug_ros2_msgs -- -j8 -l8
[0.484s] Invoking command in '/home/mmitss/Documents/cda-mmitss/other/build/carma_debug_ros2_msgs': CMAKE_PREFIX_PATH=/home/mmitss/Documents/cda-mmitss/other/install/carma_planning_msgs:/home/mmitss/Documents/cda-mmitss/other/install/carma_v2x_msgs:/home/mmitss/Documents/cda-mmitss/other/install/j3224_v2x_msgs:/home/mmitss/Documents/cda-mmitss/other/install/j2735_v2x_msgs:/home/mmitss/Documents/cda-mmitss/other/install/carma_cmake_common:/home/mmitss/Documents/cda-mmitss/other/install/carma_debug_ros2_msgs:/home/mmitss/Documents/cda-mmitss/other/install/carma_perception_msgs:/home/mmitss/Documents/cda-mmitss/other/install/carma_driver_msgs:/home/mmitss/Documents/cda-mmitss/other/install/carma_msgs:/home/mmitss/Documents/cda-mmitss/other/install/carma_localization_msgs:/home/mmitss/Documents/cda-mmitss/other/install/can_msgs:/opt/ros/foxy CONDA_PROMPT_MODIFIER=(base) LD_LIBRARY_PATH=/home/mmitss/Documents/cda-mmitss/other/install/carma_planning_msgs/lib:/home/mmitss/Documents/cda-mmitss/other/install/carma_v2x_msgs/lib:/home/mmitss/Documents/cda-mmitss/other/install/j3224_v2x_msgs/lib:/home/mmitss/Documents/cda-mmitss/other/install/j2735_v2x_msgs/lib:/home/mmitss/Documents/cda-mmitss/other/install/carma_debug_ros2_msgs/lib:/home/mmitss/Documents/cda-mmitss/other/install/carma_perception_msgs/lib:/home/mmitss/Documents/cda-mmitss/other/install/carma_driver_msgs/lib:/home/mmitss/Documents/cda-mmitss/other/install/carma_msgs/lib:/home/mmitss/Documents/cda-mmitss/other/install/carma_localization_msgs/lib:/home/mmitss/Documents/cda-mmitss/other/install/can_msgs/lib:/opt/ros/foxy/opt/yaml_cpp_vendor/lib:/opt/ros/foxy/opt/rviz_ogre_vendor/lib:/opt/ros/foxy/lib/x86_64-linux-gnu:/opt/ros/foxy/lib:/opt/ibm/ILOG/CPLEX_Studio221/cplex/lib/x86-64_linux:/opt/ibm/ILOG/CPLEX_Studio221/concert/lib/x86-64_linux PYTHONPATH=/home/mmitss/Documents/cda-mmitss/other/install/carma_planning_msgs/lib/python3.8/site-packages:/home/mmitss/Documents/cda-mmitss/other/install/carma_v2x_msgs/lib/python3.8/site-packages:/home/mmitss/Documents/cda-mmitss/other/install/j3224_v2x_msgs/lib/python3.8/site-packages:/home/mmitss/Documents/cda-mmitss/other/install/j2735_v2x_msgs/lib/python3.8/site-packages:/home/mmitss/Documents/cda-mmitss/other/install/carma_debug_ros2_msgs/lib/python3.8/site-packages:/home/mmitss/Documents/cda-mmitss/other/install/carma_perception_msgs/lib/python3.8/site-packages:/home/mmitss/Documents/cda-mmitss/other/install/carma_driver_msgs/lib/python3.8/site-packages:/home/mmitss/Documents/cda-mmitss/other/install/carma_msgs/lib/python3.8/site-packages:/home/mmitss/Documents/cda-mmitss/other/install/carma_localization_msgs/lib/python3.8/site-packages:/home/mmitss/Documents/cda-mmitss/other/install/can_msgs/lib/python3.8/site-packages:/opt/ros/foxy/lib/python3.8/site-packages /usr/bin/cmake --install /home/mmitss/Documents/cda-mmitss/other/build/carma_debug_ros2_msgs
[0.498s] -- Install configuration: "Release"
[0.498s] -- Up-to-date: /home/mmitss/Documents/cda-mmitss/other/install/carma_debug_ros2_msgs/share/ament_index/resource_index/rosidl_interfaces/carma_debug_ros2_msgs
[0.498s] -- Up-to-date: /home/mmitss/Documents/cda-mmitss/other/install/carma_debug_ros2_msgs/include/carma_debug_ros2_msgs
[0.498s] -- Up-to-date: /home/mmitss/Documents/cda-mmitss/other/install/carma_debug_ros2_msgs/include/carma_debug_ros2_msgs/msg
[0.498s] -- Up-to-date: /home/mmitss/Documents/cda-mmitss/other/install/carma_debug_ros2_msgs/include/carma_debug_ros2_msgs/msg/rosidl_generator_c__visibility_control.h
[0.498s] -- Up-to-date: /home/mmitss/Documents/cda-mmitss/other/install/carma_debug_ros2_msgs/include/carma_debug_ros2_msgs/msg/regulatory_element.h
[0.499s] -- Up-to-date: /home/mmitss/Documents/cda-mmitss/other/install/carma_debug_ros2_msgs/include/carma_debug_ros2_msgs/msg/trajectory_curvature_speeds.h
[0.499s] -- Up-to-date: /home/mmitss/Documents/cda-mmitss/other/install/carma_debug_ros2_msgs/include/carma_debug_ros2_msgs/msg/lanelet_id_regulatory_element_pair.h
[0.499s] -- Up-to-date: /home/mmitss/Documents/cda-mmitss/other/install/carma_debug_ros2_msgs/include/carma_debug_ros2_msgs/msg/map_update_readable.h
[0.499s] -- Up-to-date: /home/mmitss/Documents/cda-mmitss/other/install/carma_debug_ros2_msgs/include/carma_debug_ros2_msgs/msg/detail
[0.499s] -- Up-to-date: /home/mmitss/Documents/cda-mmitss/other/install/carma_debug_ros2_msgs/include/carma_debug_ros2_msgs/msg/detail/regulatory_element__functions.h
[0.499s] -- Up-to-date: /home/mmitss/Documents/cda-mmitss/other/install/carma_debug_ros2_msgs/include/carma_debug_ros2_msgs/msg/detail/regulatory_element__struct.h
[0.499s] -- Up-to-date: /home/mmitss/Documents/cda-mmitss/other/install/carma_debug_ros2_msgs/include/carma_debug_ros2_msgs/msg/detail/lanelet_id_regulatory_element_pair__type_support.h
[0.500s] -- Up-to-date: /home/mmitss/Documents/cda-mmitss/other/install/carma_debug_ros2_msgs/include/carma_debug_ros2_msgs/msg/detail/lanelet_id_regulatory_element_pair__struct.h
[0.500s] -- Up-to-date: /home/mmitss/Documents/cda-mmitss/other/install/carma_debug_ros2_msgs/include/carma_debug_ros2_msgs/msg/detail/map_update_readable__functions.h
[0.500s] -- Up-to-date: /home/mmitss/Documents/cda-mmitss/other/install/carma_debug_ros2_msgs/include/carma_debug_ros2_msgs/msg/detail/lanelet_id_regulatory_element_pair__functions.c
[0.500s] -- Up-to-date: /home/mmitss/Documents/cda-mmitss/other/install/carma_debug_ros2_msgs/include/carma_debug_ros2_msgs/msg/detail/map_update_readable__functions.c
[0.500s] -- Up-to-date: /home/mmitss/Documents/cda-mmitss/other/install/carma_debug_ros2_msgs/include/carma_debug_ros2_msgs/msg/detail/regulatory_element__functions.c
[0.500s] -- Up-to-date: /home/mmitss/Documents/cda-mmitss/other/install/carma_debug_ros2_msgs/include/carma_debug_ros2_msgs/msg/detail/trajectory_curvature_speeds__struct.h
[0.500s] -- Up-to-date: /home/mmitss/Documents/cda-mmitss/other/install/carma_debug_ros2_msgs/include/carma_debug_ros2_msgs/msg/detail/lanelet_id_regulatory_element_pair__functions.h
[0.500s] -- Up-to-date: /home/mmitss/Documents/cda-mmitss/other/install/carma_debug_ros2_msgs/include/carma_debug_ros2_msgs/msg/detail/map_update_readable__type_support.h
[0.501s] -- Up-to-date: /home/mmitss/Documents/cda-mmitss/other/install/carma_debug_ros2_msgs/include/carma_debug_ros2_msgs/msg/detail/regulatory_element__type_support.h
[0.501s] -- Up-to-date: /home/mmitss/Documents/cda-mmitss/other/install/carma_debug_ros2_msgs/include/carma_debug_ros2_msgs/msg/detail/map_update_readable__struct.h
[0.501s] -- Up-to-date: /home/mmitss/Documents/cda-mmitss/other/install/carma_debug_ros2_msgs/include/carma_debug_ros2_msgs/msg/detail/trajectory_curvature_speeds__functions.c
[0.501s] -- Up-to-date: /home/mmitss/Documents/cda-mmitss/other/install/carma_debug_ros2_msgs/include/carma_debug_ros2_msgs/msg/detail/trajectory_curvature_speeds__type_support.h
[0.501s] -- Up-to-date: /home/mmitss/Documents/cda-mmitss/other/install/carma_debug_ros2_msgs/include/carma_debug_ros2_msgs/msg/detail/trajectory_curvature_speeds__functions.h
[0.501s] -- Up-to-date: /home/mmitss/Documents/cda-mmitss/other/install/carma_debug_ros2_msgs/share/carma_debug_ros2_msgs/environment/library_path.sh
[0.501s] -- Up-to-date: /home/mmitss/Documents/cda-mmitss/other/install/carma_debug_ros2_msgs/share/carma_debug_ros2_msgs/environment/library_path.dsv
[0.501s] -- Up-to-date: /home/mmitss/Documents/cda-mmitss/other/install/carma_debug_ros2_msgs/lib/libcarma_debug_ros2_msgs__rosidl_generator_c.so
[0.502s] -- Up-to-date: /home/mmitss/Documents/cda-mmitss/other/install/carma_debug_ros2_msgs/include/carma_debug_ros2_msgs
[0.502s] -- Up-to-date: /home/mmitss/Documents/cda-mmitss/other/install/carma_debug_ros2_msgs/include/carma_debug_ros2_msgs/msg
[0.502s] -- Up-to-date: /home/mmitss/Documents/cda-mmitss/other/install/carma_debug_ros2_msgs/include/carma_debug_ros2_msgs/msg/rosidl_typesupport_fastrtps_c__visibility_control.h
[0.502s] -- Up-to-date: /home/mmitss/Documents/cda-mmitss/other/install/carma_debug_ros2_msgs/include/carma_debug_ros2_msgs/msg/detail
[0.502s] -- Up-to-date: /home/mmitss/Documents/cda-mmitss/other/install/carma_debug_ros2_msgs/include/carma_debug_ros2_msgs/msg/detail/regulatory_element__rosidl_typesupport_fastrtps_c.h
[0.502s] -- Up-to-date: /home/mmitss/Documents/cda-mmitss/other/install/carma_debug_ros2_msgs/include/carma_debug_ros2_msgs/msg/detail/trajectory_curvature_speeds__rosidl_typesupport_fastrtps_c.h
[0.502s] -- Up-to-date: /home/mmitss/Documents/cda-mmitss/other/install/carma_debug_ros2_msgs/include/carma_debug_ros2_msgs/msg/detail/map_update_readable__rosidl_typesupport_fastrtps_c.h
[0.503s] -- Up-to-date: /home/mmitss/Documents/cda-mmitss/other/install/carma_debug_ros2_msgs/include/carma_debug_ros2_msgs/msg/detail/lanelet_id_regulatory_element_pair__rosidl_typesupport_fastrtps_c.h
[0.503s] -- Up-to-date: /home/mmitss/Documents/cda-mmitss/other/install/carma_debug_ros2_msgs/lib/libcarma_debug_ros2_msgs__rosidl_typesupport_fastrtps_c.so
[0.503s] -- Up-to-date: /home/mmitss/Documents/cda-mmitss/other/install/carma_debug_ros2_msgs/include/carma_debug_ros2_msgs
[0.503s] -- Up-to-date: /home/mmitss/Documents/cda-mmitss/other/install/carma_debug_ros2_msgs/include/carma_debug_ros2_msgs/msg
[0.503s] -- Up-to-date: /home/mmitss/Documents/cda-mmitss/other/install/carma_debug_ros2_msgs/include/carma_debug_ros2_msgs/msg/rosidl_typesupport_fastrtps_cpp__visibility_control.h
[0.503s] -- Up-to-date: /home/mmitss/Documents/cda-mmitss/other/install/carma_debug_ros2_msgs/include/carma_debug_ros2_msgs/msg/detail
[0.503s] -- Up-to-date: /home/mmitss/Documents/cda-mmitss/other/install/carma_debug_ros2_msgs/include/carma_debug_ros2_msgs/msg/detail/trajectory_curvature_speeds__rosidl_typesupport_fastrtps_cpp.hpp
[0.503s] -- Up-to-date: /home/mmitss/Documents/cda-mmitss/other/install/carma_debug_ros2_msgs/include/carma_debug_ros2_msgs/msg/detail/lanelet_id_regulatory_element_pair__rosidl_typesupport_fastrtps_cpp.hpp
[0.503s] -- Up-to-date: /home/mmitss/Documents/cda-mmitss/other/install/carma_debug_ros2_msgs/include/carma_debug_ros2_msgs/msg/detail/map_update_readable__rosidl_typesupport_fastrtps_cpp.hpp
[0.504s] -- Up-to-date: /home/mmitss/Documents/cda-mmitss/other/install/carma_debug_ros2_msgs/include/carma_debug_ros2_msgs/msg/detail/regulatory_element__rosidl_typesupport_fastrtps_cpp.hpp
[0.504s] -- Up-to-date: /home/mmitss/Documents/cda-mmitss/other/install/carma_debug_ros2_msgs/include/carma_debug_ros2_msgs/msg/detail/dds_fastrtps
[0.504s] -- Up-to-date: /home/mmitss/Documents/cda-mmitss/other/install/carma_debug_ros2_msgs/lib/libcarma_debug_ros2_msgs__rosidl_typesupport_fastrtps_cpp.so
[0.504s] -- Up-to-date: /home/mmitss/Documents/cda-mmitss/other/install/carma_debug_ros2_msgs/include/carma_debug_ros2_msgs
[0.504s] -- Up-to-date: /home/mmitss/Documents/cda-mmitss/other/install/carma_debug_ros2_msgs/include/carma_debug_ros2_msgs/msg
[0.504s] -- Up-to-date: /home/mmitss/Documents/cda-mmitss/other/install/carma_debug_ros2_msgs/include/carma_debug_ros2_msgs/msg/rosidl_typesupport_introspection_c__visibility_control.h
[0.504s] -- Up-to-date: /home/mmitss/Documents/cda-mmitss/other/install/carma_debug_ros2_msgs/include/carma_debug_ros2_msgs/msg/detail
[0.505s] -- Up-to-date: /home/mmitss/Documents/cda-mmitss/other/install/carma_debug_ros2_msgs/include/carma_debug_ros2_msgs/msg/detail/map_update_readable__type_support.c
[0.505s] -- Up-to-date: /home/mmitss/Documents/cda-mmitss/other/install/carma_debug_ros2_msgs/include/carma_debug_ros2_msgs/msg/detail/regulatory_element__type_support.c
[0.505s] -- Up-to-date: /home/mmitss/Documents/cda-mmitss/other/install/carma_debug_ros2_msgs/include/carma_debug_ros2_msgs/msg/detail/regulatory_element__rosidl_typesupport_introspection_c.h
[0.505s] -- Up-to-date: /home/mmitss/Documents/cda-mmitss/other/install/carma_debug_ros2_msgs/include/carma_debug_ros2_msgs/msg/detail/trajectory_curvature_speeds__rosidl_typesupport_introspection_c.h
[0.505s] -- Up-to-date: /home/mmitss/Documents/cda-mmitss/other/install/carma_debug_ros2_msgs/include/carma_debug_ros2_msgs/msg/detail/map_update_readable__rosidl_typesupport_introspection_c.h
[0.505s] -- Up-to-date: /home/mmitss/Documents/cda-mmitss/other/install/carma_debug_ros2_msgs/include/carma_debug_ros2_msgs/msg/detail/lanelet_id_regulatory_element_pair__type_support.c
[0.505s] -- Up-to-date: /home/mmitss/Documents/cda-mmitss/other/install/carma_debug_ros2_msgs/include/carma_debug_ros2_msgs/msg/detail/trajectory_curvature_speeds__type_support.c
[0.506s] -- Up-to-date: /home/mmitss/Documents/cda-mmitss/other/install/carma_debug_ros2_msgs/include/carma_debug_ros2_msgs/msg/detail/lanelet_id_regulatory_element_pair__rosidl_typesupport_introspection_c.h
[0.506s] -- Up-to-date: /home/mmitss/Documents/cda-mmitss/other/install/carma_debug_ros2_msgs/lib/libcarma_debug_ros2_msgs__rosidl_typesupport_introspection_c.so
[0.506s] -- Up-to-date: /home/mmitss/Documents/cda-mmitss/other/install/carma_debug_ros2_msgs/lib/libcarma_debug_ros2_msgs__rosidl_typesupport_c.so
[0.506s] -- Up-to-date: /home/mmitss/Documents/cda-mmitss/other/install/carma_debug_ros2_msgs/include/carma_debug_ros2_msgs
[0.506s] -- Up-to-date: /home/mmitss/Documents/cda-mmitss/other/install/carma_debug_ros2_msgs/include/carma_debug_ros2_msgs/msg
[0.506s] -- Up-to-date: /home/mmitss/Documents/cda-mmitss/other/install/carma_debug_ros2_msgs/include/carma_debug_ros2_msgs/msg/map_update_readable.hpp
[0.506s] -- Up-to-date: /home/mmitss/Documents/cda-mmitss/other/install/carma_debug_ros2_msgs/include/carma_debug_ros2_msgs/msg/rosidl_generator_cpp__visibility_control.hpp
[0.506s] -- Up-to-date: /home/mmitss/Documents/cda-mmitss/other/install/carma_debug_ros2_msgs/include/carma_debug_ros2_msgs/msg/trajectory_curvature_speeds.hpp
[0.506s] -- Up-to-date: /home/mmitss/Documents/cda-mmitss/other/install/carma_debug_ros2_msgs/include/carma_debug_ros2_msgs/msg/regulatory_element.hpp
[0.506s] -- Up-to-date: /home/mmitss/Documents/cda-mmitss/other/install/carma_debug_ros2_msgs/include/carma_debug_ros2_msgs/msg/lanelet_id_regulatory_element_pair.hpp
[0.506s] -- Up-to-date: /home/mmitss/Documents/cda-mmitss/other/install/carma_debug_ros2_msgs/include/carma_debug_ros2_msgs/msg/detail
[0.506s] -- Up-to-date: /home/mmitss/Documents/cda-mmitss/other/install/carma_debug_ros2_msgs/include/carma_debug_ros2_msgs/msg/detail/lanelet_id_regulatory_element_pair__type_support.hpp
[0.506s] -- Up-to-date: /home/mmitss/Documents/cda-mmitss/other/install/carma_debug_ros2_msgs/include/carma_debug_ros2_msgs/msg/detail/trajectory_curvature_speeds__struct.hpp
[0.506s] -- Up-to-date: /home/mmitss/Documents/cda-mmitss/other/install/carma_debug_ros2_msgs/include/carma_debug_ros2_msgs/msg/detail/map_update_readable__struct.hpp
[0.507s] -- Up-to-date: /home/mmitss/Documents/cda-mmitss/other/install/carma_debug_ros2_msgs/include/carma_debug_ros2_msgs/msg/detail/lanelet_id_regulatory_element_pair__builder.hpp
[0.507s] -- Up-to-date: /home/mmitss/Documents/cda-mmitss/other/install/carma_debug_ros2_msgs/include/carma_debug_ros2_msgs/msg/detail/trajectory_curvature_speeds__traits.hpp
[0.507s] -- Up-to-date: /home/mmitss/Documents/cda-mmitss/other/install/carma_debug_ros2_msgs/include/carma_debug_ros2_msgs/msg/detail/regulatory_element__traits.hpp
[0.507s] -- Up-to-date: /home/mmitss/Documents/cda-mmitss/other/install/carma_debug_ros2_msgs/include/carma_debug_ros2_msgs/msg/detail/map_update_readable__builder.hpp
[0.507s] -- Up-to-date: /home/mmitss/Documents/cda-mmitss/other/install/carma_debug_ros2_msgs/include/carma_debug_ros2_msgs/msg/detail/regulatory_element__builder.hpp
[0.507s] -- Up-to-date: /home/mmitss/Documents/cda-mmitss/other/install/carma_debug_ros2_msgs/include/carma_debug_ros2_msgs/msg/detail/map_update_readable__traits.hpp
[0.507s] -- Up-to-date: /home/mmitss/Documents/cda-mmitss/other/install/carma_debug_ros2_msgs/include/carma_debug_ros2_msgs/msg/detail/regulatory_element__type_support.hpp
[0.507s] -- Up-to-date: /home/mmitss/Documents/cda-mmitss/other/install/carma_debug_ros2_msgs/include/carma_debug_ros2_msgs/msg/detail/lanelet_id_regulatory_element_pair__traits.hpp
[0.507s] -- Up-to-date: /home/mmitss/Documents/cda-mmitss/other/install/carma_debug_ros2_msgs/include/carma_debug_ros2_msgs/msg/detail/lanelet_id_regulatory_element_pair__struct.hpp
[0.507s] -- Up-to-date: /home/mmitss/Documents/cda-mmitss/other/install/carma_debug_ros2_msgs/include/carma_debug_ros2_msgs/msg/detail/regulatory_element__struct.hpp
[0.507s] -- Up-to-date: /home/mmitss/Documents/cda-mmitss/other/install/carma_debug_ros2_msgs/include/carma_debug_ros2_msgs/msg/detail/map_update_readable__type_support.hpp
[0.507s] -- Up-to-date: /home/mmitss/Documents/cda-mmitss/other/install/carma_debug_ros2_msgs/include/carma_debug_ros2_msgs/msg/detail/trajectory_curvature_speeds__builder.hpp
[0.507s] -- Up-to-date: /home/mmitss/Documents/cda-mmitss/other/install/carma_debug_ros2_msgs/include/carma_debug_ros2_msgs/msg/detail/trajectory_curvature_speeds__type_support.hpp
[0.507s] -- Up-to-date: /home/mmitss/Documents/cda-mmitss/other/install/carma_debug_ros2_msgs/include/carma_debug_ros2_msgs
[0.507s] -- Up-to-date: /home/mmitss/Documents/cda-mmitss/other/install/carma_debug_ros2_msgs/include/carma_debug_ros2_msgs/msg
[0.507s] -- Up-to-date: /home/mmitss/Documents/cda-mmitss/other/install/carma_debug_ros2_msgs/include/carma_debug_ros2_msgs/msg/detail
[0.508s] -- Up-to-date: /home/mmitss/Documents/cda-mmitss/other/install/carma_debug_ros2_msgs/include/carma_debug_ros2_msgs/msg/detail/lanelet_id_regulatory_element_pair__type_support.cpp
[0.508s] -- Up-to-date: /home/mmitss/Documents/cda-mmitss/other/install/carma_debug_ros2_msgs/include/carma_debug_ros2_msgs/msg/detail/trajectory_curvature_speeds__rosidl_typesupport_introspection_cpp.hpp
[0.508s] -- Up-to-date: /home/mmitss/Documents/cda-mmitss/other/install/carma_debug_ros2_msgs/include/carma_debug_ros2_msgs/msg/detail/regulatory_element__rosidl_typesupport_introspection_cpp.hpp
[0.508s] -- Up-to-date: /home/mmitss/Documents/cda-mmitss/other/install/carma_debug_ros2_msgs/include/carma_debug_ros2_msgs/msg/detail/map_update_readable__rosidl_typesupport_introspection_cpp.hpp
[0.508s] -- Up-to-date: /home/mmitss/Documents/cda-mmitss/other/install/carma_debug_ros2_msgs/include/carma_debug_ros2_msgs/msg/detail/lanelet_id_regulatory_element_pair__rosidl_typesupport_introspection_cpp.hpp
[0.508s] -- Up-to-date: /home/mmitss/Documents/cda-mmitss/other/install/carma_debug_ros2_msgs/include/carma_debug_ros2_msgs/msg/detail/regulatory_element__type_support.cpp
[0.508s] -- Up-to-date: /home/mmitss/Documents/cda-mmitss/other/install/carma_debug_ros2_msgs/include/carma_debug_ros2_msgs/msg/detail/trajectory_curvature_speeds__type_support.cpp
[0.508s] -- Up-to-date: /home/mmitss/Documents/cda-mmitss/other/install/carma_debug_ros2_msgs/include/carma_debug_ros2_msgs/msg/detail/map_update_readable__type_support.cpp
[0.508s] -- Up-to-date: /home/mmitss/Documents/cda-mmitss/other/install/carma_debug_ros2_msgs/lib/libcarma_debug_ros2_msgs__rosidl_typesupport_introspection_cpp.so
[0.508s] -- Up-to-date: /home/mmitss/Documents/cda-mmitss/other/install/carma_debug_ros2_msgs/lib/libcarma_debug_ros2_msgs__rosidl_typesupport_cpp.so
[0.508s] -- Up-to-date: /home/mmitss/Documents/cda-mmitss/other/install/carma_debug_ros2_msgs/share/carma_debug_ros2_msgs/environment/pythonpath.sh
[0.508s] -- Up-to-date: /home/mmitss/Documents/cda-mmitss/other/install/carma_debug_ros2_msgs/share/carma_debug_ros2_msgs/environment/pythonpath.dsv
[0.508s] -- Up-to-date: /home/mmitss/Documents/cda-mmitss/other/install/carma_debug_ros2_msgs/lib/python3.8/site-packages/carma_debug_ros2_msgs/__init__.py
[0.561s] -- Up-to-date: /home/mmitss/Documents/cda-mmitss/other/install/carma_debug_ros2_msgs/lib/python3.8/site-packages/carma_debug_ros2_msgs/msg
[0.561s] -- Up-to-date: /home/mmitss/Documents/cda-mmitss/other/install/carma_debug_ros2_msgs/lib/python3.8/site-packages/carma_debug_ros2_msgs/msg/_lanelet_id_regulatory_element_pair.py
[0.561s] -- Up-to-date: /home/mmitss/Documents/cda-mmitss/other/install/carma_debug_ros2_msgs/lib/python3.8/site-packages/carma_debug_ros2_msgs/msg/_map_update_readable.py
[0.562s] -- Up-to-date: /home/mmitss/Documents/cda-mmitss/other/install/carma_debug_ros2_msgs/lib/python3.8/site-packages/carma_debug_ros2_msgs/msg/_trajectory_curvature_speeds.py
[0.562s] -- Up-to-date: /home/mmitss/Documents/cda-mmitss/other/install/carma_debug_ros2_msgs/lib/python3.8/site-packages/carma_debug_ros2_msgs/msg/_lanelet_id_regulatory_element_pair_s.c
[0.562s] -- Up-to-date: /home/mmitss/Documents/cda-mmitss/other/install/carma_debug_ros2_msgs/lib/python3.8/site-packages/carma_debug_ros2_msgs/msg/_map_update_readable_s.c
[0.562s] -- Up-to-date: /home/mmitss/Documents/cda-mmitss/other/install/carma_debug_ros2_msgs/lib/python3.8/site-packages/carma_debug_ros2_msgs/msg/_trajectory_curvature_speeds_s.c
[0.562s] -- Up-to-date: /home/mmitss/Documents/cda-mmitss/other/install/carma_debug_ros2_msgs/lib/python3.8/site-packages/carma_debug_ros2_msgs/msg/_regulatory_element.py
[0.562s] -- Up-to-date: /home/mmitss/Documents/cda-mmitss/other/install/carma_debug_ros2_msgs/lib/python3.8/site-packages/carma_debug_ros2_msgs/msg/_regulatory_element_s.c
[0.562s] -- Up-to-date: /home/mmitss/Documents/cda-mmitss/other/install/carma_debug_ros2_msgs/lib/python3.8/site-packages/carma_debug_ros2_msgs/msg/__init__.py
[0.562s] -- Up-to-date: /home/mmitss/Documents/cda-mmitss/other/install/carma_debug_ros2_msgs/lib/python3.8/site-packages/carma_debug_ros2_msgs/carma_debug_ros2_msgs_s__rosidl_typesupport_fastrtps_c.cpython-38-x86_64-linux-gnu.so
[0.563s] -- Up-to-date: /home/mmitss/Documents/cda-mmitss/other/install/carma_debug_ros2_msgs/lib/python3.8/site-packages/carma_debug_ros2_msgs/carma_debug_ros2_msgs_s__rosidl_typesupport_introspection_c.cpython-38-x86_64-linux-gnu.so
[0.564s] -- Up-to-date: /home/mmitss/Documents/cda-mmitss/other/install/carma_debug_ros2_msgs/lib/python3.8/site-packages/carma_debug_ros2_msgs/carma_debug_ros2_msgs_s__rosidl_typesupport_c.cpython-38-x86_64-linux-gnu.so
[0.565s] -- Up-to-date: /home/mmitss/Documents/cda-mmitss/other/install/carma_debug_ros2_msgs/lib/libcarma_debug_ros2_msgs__python.so
[0.566s] -- Up-to-date: /home/mmitss/Documents/cda-mmitss/other/install/carma_debug_ros2_msgs/share/carma_debug_ros2_msgs/msg/LaneletIdRegulatoryElementPair.idl
[0.566s] -- Up-to-date: /home/mmitss/Documents/cda-mmitss/other/install/carma_debug_ros2_msgs/share/carma_debug_ros2_msgs/msg/MapUpdateReadable.idl
[0.566s] -- Up-to-date: /home/mmitss/Documents/cda-mmitss/other/install/carma_debug_ros2_msgs/share/carma_debug_ros2_msgs/msg/RegulatoryElement.idl
[0.566s] -- Up-to-date: /home/mmitss/Documents/cda-mmitss/other/install/carma_debug_ros2_msgs/share/carma_debug_ros2_msgs/msg/TrajectoryCurvatureSpeeds.idl
[0.566s] -- Up-to-date: /home/mmitss/Documents/cda-mmitss/other/install/carma_debug_ros2_msgs/share/carma_debug_ros2_msgs/msg/LaneletIdRegulatoryElementPair.msg
[0.567s] -- Up-to-date: /home/mmitss/Documents/cda-mmitss/other/install/carma_debug_ros2_msgs/share/carma_debug_ros2_msgs/msg/MapUpdateReadable.msg
[0.567s] -- Up-to-date: /home/mmitss/Documents/cda-mmitss/other/install/carma_debug_ros2_msgs/share/carma_debug_ros2_msgs/msg/RegulatoryElement.msg
[0.567s] -- Up-to-date: /home/mmitss/Documents/cda-mmitss/other/install/carma_debug_ros2_msgs/share/carma_debug_ros2_msgs/msg/TrajectoryCurvatureSpeeds.msg
[0.567s] -- Up-to-date: /home/mmitss/Documents/cda-mmitss/other/install/carma_debug_ros2_msgs/share/ament_index/resource_index/package_run_dependencies/carma_debug_ros2_msgs
[0.567s] -- Up-to-date: /home/mmitss/Documents/cda-mmitss/other/install/carma_debug_ros2_msgs/share/ament_index/resource_index/parent_prefix_path/carma_debug_ros2_msgs
[0.567s] -- Up-to-date: /home/mmitss/Documents/cda-mmitss/other/install/carma_debug_ros2_msgs/share/carma_debug_ros2_msgs/environment/ament_prefix_path.sh
[0.567s] -- Up-to-date: /home/mmitss/Documents/cda-mmitss/other/install/carma_debug_ros2_msgs/share/carma_debug_ros2_msgs/environment/ament_prefix_path.dsv
[0.567s] -- Up-to-date: /home/mmitss/Documents/cda-mmitss/other/install/carma_debug_ros2_msgs/share/carma_debug_ros2_msgs/environment/path.sh
[0.568s] -- Up-to-date: /home/mmitss/Documents/cda-mmitss/other/install/carma_debug_ros2_msgs/share/carma_debug_ros2_msgs/environment/path.dsv
[0.568s] -- Up-to-date: /home/mmitss/Documents/cda-mmitss/other/install/carma_debug_ros2_msgs/share/carma_debug_ros2_msgs/local_setup.bash
[0.568s] -- Up-to-date: /home/mmitss/Documents/cda-mmitss/other/install/carma_debug_ros2_msgs/share/carma_debug_ros2_msgs/local_setup.sh
[0.568s] -- Up-to-date: /home/mmitss/Documents/cda-mmitss/other/install/carma_debug_ros2_msgs/share/carma_debug_ros2_msgs/local_setup.zsh
[0.568s] -- Up-to-date: /home/mmitss/Documents/cda-mmitss/other/install/carma_debug_ros2_msgs/share/carma_debug_ros2_msgs/local_setup.dsv
[0.568s] -- Installing: /home/mmitss/Documents/cda-mmitss/other/install/carma_debug_ros2_msgs/share/carma_debug_ros2_msgs/package.dsv
[0.568s] -- Up-to-date: /home/mmitss/Documents/cda-mmitss/other/install/carma_debug_ros2_msgs/share/ament_index/resource_index/packages/carma_debug_ros2_msgs
[0.568s] -- Up-to-date: /home/mmitss/Documents/cda-mmitss/other/install/carma_debug_ros2_msgs/share/carma_debug_ros2_msgs/cmake/carma_debug_ros2_msgs__rosidl_generator_cExport.cmake
[0.568s] -- Up-to-date: /home/mmitss/Documents/cda-mmitss/other/install/carma_debug_ros2_msgs/share/carma_debug_ros2_msgs/cmake/carma_debug_ros2_msgs__rosidl_generator_cExport-release.cmake
[0.569s] -- Up-to-date: /home/mmitss/Documents/cda-mmitss/other/install/carma_debug_ros2_msgs/share/carma_debug_ros2_msgs/cmake/carma_debug_ros2_msgs__rosidl_typesupport_introspection_cExport.cmake
[0.569s] -- Up-to-date: /home/mmitss/Documents/cda-mmitss/other/install/carma_debug_ros2_msgs/share/carma_debug_ros2_msgs/cmake/carma_debug_ros2_msgs__rosidl_typesupport_introspection_cExport-release.cmake
[0.569s] -- Up-to-date: /home/mmitss/Documents/cda-mmitss/other/install/carma_debug_ros2_msgs/share/carma_debug_ros2_msgs/cmake/carma_debug_ros2_msgs__rosidl_typesupport_cExport.cmake
[0.569s] -- Up-to-date: /home/mmitss/Documents/cda-mmitss/other/install/carma_debug_ros2_msgs/share/carma_debug_ros2_msgs/cmake/carma_debug_ros2_msgs__rosidl_typesupport_cExport-release.cmake
[0.570s] -- Up-to-date: /home/mmitss/Documents/cda-mmitss/other/install/carma_debug_ros2_msgs/share/carma_debug_ros2_msgs/cmake/carma_debug_ros2_msgs__rosidl_generator_cppExport.cmake
[0.570s] -- Up-to-date: /home/mmitss/Documents/cda-mmitss/other/install/carma_debug_ros2_msgs/share/carma_debug_ros2_msgs/cmake/carma_debug_ros2_msgs__rosidl_typesupport_introspection_cppExport.cmake
[0.570s] -- Up-to-date: /home/mmitss/Documents/cda-mmitss/other/install/carma_debug_ros2_msgs/share/carma_debug_ros2_msgs/cmake/carma_debug_ros2_msgs__rosidl_typesupport_introspection_cppExport-release.cmake
[0.571s] -- Up-to-date: /home/mmitss/Documents/cda-mmitss/other/install/carma_debug_ros2_msgs/share/carma_debug_ros2_msgs/cmake/carma_debug_ros2_msgs__rosidl_typesupport_cppExport.cmake
[0.571s] -- Up-to-date: /home/mmitss/Documents/cda-mmitss/other/install/carma_debug_ros2_msgs/share/carma_debug_ros2_msgs/cmake/carma_debug_ros2_msgs__rosidl_typesupport_cppExport-release.cmake
[0.571s] -- Up-to-date: /home/mmitss/Documents/cda-mmitss/other/install/carma_debug_ros2_msgs/share/carma_debug_ros2_msgs/cmake/rosidl_cmake-extras.cmake
[0.571s] -- Up-to-date: /home/mmitss/Documents/cda-mmitss/other/install/carma_debug_ros2_msgs/share/carma_debug_ros2_msgs/cmake/ament_cmake_export_dependencies-extras.cmake
[0.571s] -- Up-to-date: /home/mmitss/Documents/cda-mmitss/other/install/carma_debug_ros2_msgs/share/carma_debug_ros2_msgs/cmake/ament_cmake_export_libraries-extras.cmake
[0.571s] -- Up-to-date: /home/mmitss/Documents/cda-mmitss/other/install/carma_debug_ros2_msgs/share/carma_debug_ros2_msgs/cmake/ament_cmake_export_targets-extras.cmake
[0.571s] -- Up-to-date: /home/mmitss/Documents/cda-mmitss/other/install/carma_debug_ros2_msgs/share/carma_debug_ros2_msgs/cmake/ament_cmake_export_include_directories-extras.cmake
[0.571s] -- Up-to-date: /home/mmitss/Documents/cda-mmitss/other/install/carma_debug_ros2_msgs/share/carma_debug_ros2_msgs/cmake/rosidl_cmake_export_typesupport_libraries-extras.cmake
[0.571s] -- Up-to-date: /home/mmitss/Documents/cda-mmitss/other/install/carma_debug_ros2_msgs/share/carma_debug_ros2_msgs/cmake/rosidl_cmake_export_typesupport_targets-extras.cmake
[0.571s] -- Up-to-date: /home/mmitss/Documents/cda-mmitss/other/install/carma_debug_ros2_msgs/share/carma_debug_ros2_msgs/cmake/carma_debug_ros2_msgsConfig.cmake
[0.572s] -- Up-to-date: /home/mmitss/Documents/cda-mmitss/other/install/carma_debug_ros2_msgs/share/carma_debug_ros2_msgs/cmake/carma_debug_ros2_msgsConfig-version.cmake
[0.572s] -- Up-to-date: /home/mmitss/Documents/cda-mmitss/other/install/carma_debug_ros2_msgs/share/carma_debug_ros2_msgs/package.xml
[0.572s] -- Up-to-date: /home/mmitss/Documents/cda-mmitss/other/install/carma_debug_ros2_msgs/share/carma_debug_ros2_msgs/rule.yml
[0.577s] Invoked command in '/home/mmitss/Documents/cda-mmitss/other/build/carma_debug_ros2_msgs' returned '0': CMAKE_PREFIX_PATH=/home/mmitss/Documents/cda-mmitss/other/install/carma_planning_msgs:/home/mmitss/Documents/cda-mmitss/other/install/carma_v2x_msgs:/home/mmitss/Documents/cda-mmitss/other/install/j3224_v2x_msgs:/home/mmitss/Documents/cda-mmitss/other/install/j2735_v2x_msgs:/home/mmitss/Documents/cda-mmitss/other/install/carma_cmake_common:/home/mmitss/Documents/cda-mmitss/other/install/carma_debug_ros2_msgs:/home/mmitss/Documents/cda-mmitss/other/install/carma_perception_msgs:/home/mmitss/Documents/cda-mmitss/other/install/carma_driver_msgs:/home/mmitss/Documents/cda-mmitss/other/install/carma_msgs:/home/mmitss/Documents/cda-mmitss/other/install/carma_localization_msgs:/home/mmitss/Documents/cda-mmitss/other/install/can_msgs:/opt/ros/foxy CONDA_PROMPT_MODIFIER=(base) LD_LIBRARY_PATH=/home/mmitss/Documents/cda-mmitss/other/install/carma_planning_msgs/lib:/home/mmitss/Documents/cda-mmitss/other/install/carma_v2x_msgs/lib:/home/mmitss/Documents/cda-mmitss/other/install/j3224_v2x_msgs/lib:/home/mmitss/Documents/cda-mmitss/other/install/j2735_v2x_msgs/lib:/home/mmitss/Documents/cda-mmitss/other/install/carma_debug_ros2_msgs/lib:/home/mmitss/Documents/cda-mmitss/other/install/carma_perception_msgs/lib:/home/mmitss/Documents/cda-mmitss/other/install/carma_driver_msgs/lib:/home/mmitss/Documents/cda-mmitss/other/install/carma_msgs/lib:/home/mmitss/Documents/cda-mmitss/other/install/carma_localization_msgs/lib:/home/mmitss/Documents/cda-mmitss/other/install/can_msgs/lib:/opt/ros/foxy/opt/yaml_cpp_vendor/lib:/opt/ros/foxy/opt/rviz_ogre_vendor/lib:/opt/ros/foxy/lib/x86_64-linux-gnu:/opt/ros/foxy/lib:/opt/ibm/ILOG/CPLEX_Studio221/cplex/lib/x86-64_linux:/opt/ibm/ILOG/CPLEX_Studio221/concert/lib/x86-64_linux PYTHONPATH=/home/mmitss/Documents/cda-mmitss/other/install/carma_planning_msgs/lib/python3.8/site-packages:/home/mmitss/Documents/cda-mmitss/other/install/carma_v2x_msgs/lib/python3.8/site-packages:/home/mmitss/Documents/cda-mmitss/other/install/j3224_v2x_msgs/lib/python3.8/site-packages:/home/mmitss/Documents/cda-mmitss/other/install/j2735_v2x_msgs/lib/python3.8/site-packages:/home/mmitss/Documents/cda-mmitss/other/install/carma_debug_ros2_msgs/lib/python3.8/site-packages:/home/mmitss/Documents/cda-mmitss/other/install/carma_perception_msgs/lib/python3.8/site-packages:/home/mmitss/Documents/cda-mmitss/other/install/carma_driver_msgs/lib/python3.8/site-packages:/home/mmitss/Documents/cda-mmitss/other/install/carma_msgs/lib/python3.8/site-packages:/home/mmitss/Documents/cda-mmitss/other/install/carma_localization_msgs/lib/python3.8/site-packages:/home/mmitss/Documents/cda-mmitss/other/install/can_msgs/lib/python3.8/site-packages:/opt/ros/foxy/lib/python3.8/site-packages /usr/bin/cmake --install /home/mmitss/Documents/cda-mmitss/other/build/carma_debug_ros2_msgs
