-- Found ament_cmake: 0.9.12 (/opt/ros/foxy/share/ament_cmake/cmake)
-- Using PYTHON_EXECUTABLE: /home/mmitss/anaconda3/bin/python3
-- Found ament_cmake_auto: 0.9.12 (/opt/ros/foxy/share/ament_cmake_auto/cmake)
-- Using all available rosidl_typesupport_c: rosidl_typesupport_fastrtps_c;rosidl_typesupport_introspection_c
-- Found rosidl_adapter: 1.3.1 (/opt/ros/foxy/share/rosidl_adapter/cmake)
-- Using all available rosidl_typesupport_cpp: rosidl_typesupport_fastrtps_cpp;rosidl_typesupport_introspection_cpp
-- Found rmw_implementation_cmake: 1.0.4 (/opt/ros/foxy/share/rmw_implementation_cmake/cmake)
-- Using RMW implementation 'rmw_fastrtps_cpp' as default
-- Found ament_lint_auto: 0.9.8 (/opt/ros/foxy/share/ament_lint_auto/cmake)
-- Added test 'copyright' to check source files copyright and LICENSE
-- Added test 'cppcheck' to perform static code analysis on C / C++ code
-- Configured cppcheck include dirs: /home/mmitss/Documents/cda-mmitss/mmitss/src/common/MsgTransceiver/CarmaDecoderRos2/../../../../include;/home/mmitss/Documents/cda-mmitss/mmitss/src/common/MsgTransceiver/CarmaDecoderRos2/../../../../include/common;/home/mmitss/Documents/cda-mmitss/mmitss/src/common/MsgTransceiver/CarmaDecoderRos2/../../../../include/libj2735;/home/mmitss/Documents/cda-mmitss/mmitss/src/common/MsgTransceiver/CarmaDecoderRos2/../../../../3rdparty/asn1j2735/include;/home/mmitss/Documents/cda-mmitss/mmitss/src/common/MsgTransceiver/CarmaDecoderRos2/../../../../3rdparty/glpk/include;/home/mmitss/Documents/cda-mmitss/mmitss/src/common/MsgTransceiver/CarmaDecoderRos2/../../../../3rdparty/mapengine/include;/home/mmitss/Documents/cda-mmitss/mmitss/src/common/MsgTransceiver/CarmaDecoderRos2/../../../../3rdparty/net-snmp;/home/mmitss/Documents/cda-mmitss/mmitss/src/common/MsgTransceiver/CarmaDecoderRos2/../../../../3rdparty/jsoncpp
-- Configured cppcheck exclude dirs and/or files: 
-- Added test 'cpplint' to check C / C++ code against the Google style
-- Configured cpplint exclude dirs and/or files: 
-- Added test 'flake8' to check Python code syntax and style conventions
-- Added test 'lint_cmake' to check CMake code style
-- Added test 'pep257' to check Python code against some of the style conventions in PEP 257
-- Added test 'uncrustify' to check C / C++ code style
-- Configured uncrustify additional arguments: 
-- Added test 'xmllint' to check XML markup files
-- Configuring done
-- Generating done
-- Build files have been written to: /home/mmitss/Documents/cda-mmitss/mmitss/src/common/MsgTransceiver/CarmaDecoderRos2/build/carma-ros2-decoder
[35m[1mScanning dependencies of target CarmaDecoderRos2[0m
[ 20%] [32mBuilding CXX object CMakeFiles/CarmaDecoderRos2.dir/src/carma-inbound-listener.cpp.o[0m
[ 40%] [32mBuilding CXX object CMakeFiles/CarmaDecoderRos2.dir/src/carma-outbound-listener.cpp.o[0m
[ 60%] [32mBuilding CXX object CMakeFiles/CarmaDecoderRos2.dir/src/carma-msg-decoder.cpp.o[0m
[ 80%] [32mBuilding CXX object CMakeFiles/CarmaDecoderRos2.dir/src/carma-transceiver-decoder.cpp.o[0m
In file included from [01m[K/home/mmitss/Documents/cda-mmitss/mmitss/src/common/MsgTransceiver/CarmaDecoderRos2/../../../../3rdparty/asn1j2735/include/dsrcBSM.h:12[m[K,
                 from [01m[K/home/mmitss/Documents/cda-mmitss/mmitss/src/common/MsgTransceiver/CarmaDecoderRos2/../../../../3rdparty/asn1j2735/include/dsrcFrame.h:12[m[K,
                 from [01m[K/home/mmitss/Documents/cda-mmitss/mmitss/src/common/MsgTransceiver/CarmaDecoderRos2/../../../../3rdparty/asn1j2735/include/AsnJ2735Lib.h:14[m[K,
                 from [01m[K/home/mmitss/Documents/cda-mmitss/mmitss/src/common/MsgTransceiver/CarmaDecoderRos2/src/carma-transceiver-decoder.cpp:10[m[K:
[01m[K/home/mmitss/Documents/cda-mmitss/mmitss/src/common/MsgTransceiver/CarmaDecoderRos2/../../../../3rdparty/asn1j2735/include/msgEnum.h:71:3:[m[K [01;35m[Kwarning: [m[Kextra ‘[01m[K;[m[K’ [[01;35m[K-Wpedantic[m[K]
   71 |  }[01;35m[K;[m[K
      |   [01;35m[K^[m[K
In file included from [01m[K/home/mmitss/Documents/cda-mmitss/mmitss/src/common/MsgTransceiver/CarmaDecoderRos2/src/carma-transceiver-decoder.cpp:10[m[K:
[01m[K/home/mmitss/Documents/cda-mmitss/mmitss/src/common/MsgTransceiver/CarmaDecoderRos2/../../../../3rdparty/asn1j2735/include/AsnJ2735Lib.h:21:2:[m[K [01;35m[Kwarning: [m[Kextra ‘[01m[K;[m[K’ [[01;35m[K-Wpedantic[m[K]
   21 | }[01;35m[K;[m[K
      |  [01;35m[K^[m[K
In file included from [01m[K/home/mmitss/Documents/cda-mmitss/mmitss/src/common/MsgTransceiver/CarmaDecoderRos2/../../../../3rdparty/mapengine/include/geoUtils.h:15[m[K,
                 from [01m[K/home/mmitss/Documents/cda-mmitss/mmitss/src/common/MsgTransceiver/CarmaDecoderRos2/../../../../3rdparty/mapengine/include/mapDataStruct.h:16[m[K,
                 from [01m[K/home/mmitss/Documents/cda-mmitss/mmitss/src/common/MsgTransceiver/CarmaDecoderRos2/src/locAware.h:15[m[K,
                 from [01m[K/home/mmitss/Documents/cda-mmitss/mmitss/src/common/MsgTransceiver/CarmaDecoderRos2/src/carma-transceiver-decoder.cpp:11[m[K:
[01m[K/home/mmitss/Documents/cda-mmitss/mmitss/src/common/MsgTransceiver/CarmaDecoderRos2/../../../../3rdparty/asn1j2735/include/dsrcConsts.h:30:28:[m[K [01;35m[Kwarning: [m[Kextra ‘[01m[K;[m[K’ [[01;35m[K-Wpedantic[m[K]
   30 |   {return(d / rad2degree);}[01;35m[K;[m[K
      |                            [01;35m[K^[m[K
[01m[K/home/mmitss/Documents/cda-mmitss/mmitss/src/common/MsgTransceiver/CarmaDecoderRos2/../../../../3rdparty/asn1j2735/include/dsrcConsts.h:32:28:[m[K [01;35m[Kwarning: [m[Kextra ‘[01m[K;[m[K’ [[01;35m[K-Wpedantic[m[K]
   32 |   {return(d * rad2degree);}[01;35m[K;[m[K
      |                            [01;35m[K^[m[K
[01m[K/home/mmitss/Documents/cda-mmitss/mmitss/src/common/MsgTransceiver/CarmaDecoderRos2/../../../../3rdparty/asn1j2735/include/dsrcConsts.h:35:45:[m[K [01;35m[Kwarning: [m[Kextra ‘[01m[K;[m[K’ [[01;35m[K-Wpedantic[m[K]
   35 |   {return(static_cast<double>(d) / damega);}[01;35m[K;[m[K
      |                                             [01;35m[K^[m[K
[01m[K/home/mmitss/Documents/cda-mmitss/mmitss/src/common/MsgTransceiver/CarmaDecoderRos2/../../../../3rdparty/asn1j2735/include/dsrcConsts.h:38:47:[m[K [01;35m[Kwarning: [m[Kextra ‘[01m[K;[m[K’ [[01;35m[K-Wpedantic[m[K]
   38 |   {return(static_cast<T>(round(d * damega)));}[01;35m[K;[m[K
      |                                               [01;35m[K^[m[K
[01m[K/home/mmitss/Documents/cda-mmitss/mmitss/src/common/MsgTransceiver/CarmaDecoderRos2/../../../../3rdparty/asn1j2735/include/dsrcConsts.h:41:44:[m[K [01;35m[Kwarning: [m[Kextra ‘[01m[K;[m[K’ [[01;35m[K-Wpedantic[m[K]
   41 |   {return(static_cast<double>(d) / hecto);}[01;35m[K;[m[K
      |                                            [01;35m[K^[m[K
[01m[K/home/mmitss/Documents/cda-mmitss/mmitss/src/common/MsgTransceiver/CarmaDecoderRos2/../../../../3rdparty/asn1j2735/include/dsrcConsts.h:44:46:[m[K [01;35m[Kwarning: [m[Kextra ‘[01m[K;[m[K’ [[01;35m[K-Wpedantic[m[K]
   44 |   {return(static_cast<T>(round(d * hecto)));}[01;35m[K;[m[K
      |                                              [01;35m[K^[m[K
[01m[K/home/mmitss/Documents/cda-mmitss/mmitss/src/common/MsgTransceiver/CarmaDecoderRos2/../../../../3rdparty/asn1j2735/include/dsrcConsts.h:78:2:[m[K [01;35m[Kwarning: [m[Kextra ‘[01m[K;[m[K’ [[01;35m[K-Wpedantic[m[K]
   78 | }[01;35m[K;[m[K
      |  [01;35m[K^[m[K
In file included from [01m[K/home/mmitss/Documents/cda-mmitss/mmitss/src/common/MsgTransceiver/CarmaDecoderRos2/../../../../3rdparty/mapengine/include/mapDataStruct.h:16[m[K,
                 from [01m[K/home/mmitss/Documents/cda-mmitss/mmitss/src/common/MsgTransceiver/CarmaDecoderRos2/src/locAware.h:15[m[K,
                 from [01m[K/home/mmitss/Documents/cda-mmitss/mmitss/src/common/MsgTransceiver/CarmaDecoderRos2/src/carma-transceiver-decoder.cpp:11[m[K:
[01m[K/home/mmitss/Documents/cda-mmitss/mmitss/src/common/MsgTransceiver/CarmaDecoderRos2/../../../../3rdparty/mapengine/include/geoUtils.h:285:2:[m[K [01;35m[Kwarning: [m[Kextra ‘[01m[K;[m[K’ [[01;35m[K-Wpedantic[m[K]
  285 | }[01;35m[K;[m[K
      |  [01;35m[K^[m[K
In file included from [01m[K/home/mmitss/Documents/cda-mmitss/mmitss/src/common/MsgTransceiver/CarmaDecoderRos2/src/locAware.h:15[m[K,
                 from [01m[K/home/mmitss/Documents/cda-mmitss/mmitss/src/common/MsgTransceiver/CarmaDecoderRos2/src/carma-transceiver-decoder.cpp:11[m[K:
[01m[K/home/mmitss/Documents/cda-mmitss/mmitss/src/common/MsgTransceiver/CarmaDecoderRos2/../../../../3rdparty/mapengine/include/mapDataStruct.h:127:2:[m[K [01;35m[Kwarning: [m[Kextra ‘[01m[K;[m[K’ [[01;35m[K-Wpedantic[m[K]
  127 | }[01;35m[K;[m[K
      |  [01;35m[K^[m[K
[100%] [32m[1mLinking CXX static library libCarmaDecoderRos2.a[0m
[100%] Built target CarmaDecoderRos2
-- Install configuration: ""
-- Installing: /home/mmitss/Documents/cda-mmitss/mmitss/src/common/MsgTransceiver/CarmaDecoderRos2/install/carma-ros2-decoder/lib/libCarmaDecoderRos2.a
-- Installing: /home/mmitss/Documents/cda-mmitss/mmitss/src/common/MsgTransceiver/CarmaDecoderRos2/install/carma-ros2-decoder/share/ament_index/resource_index/package_run_dependencies/carma-ros2-decoder
-- Installing: /home/mmitss/Documents/cda-mmitss/mmitss/src/common/MsgTransceiver/CarmaDecoderRos2/install/carma-ros2-decoder/share/ament_index/resource_index/parent_prefix_path/carma-ros2-decoder
-- Installing: /home/mmitss/Documents/cda-mmitss/mmitss/src/common/MsgTransceiver/CarmaDecoderRos2/install/carma-ros2-decoder/share/carma-ros2-decoder/environment/ament_prefix_path.sh
-- Installing: /home/mmitss/Documents/cda-mmitss/mmitss/src/common/MsgTransceiver/CarmaDecoderRos2/install/carma-ros2-decoder/share/carma-ros2-decoder/environment/ament_prefix_path.dsv
-- Installing: /home/mmitss/Documents/cda-mmitss/mmitss/src/common/MsgTransceiver/CarmaDecoderRos2/install/carma-ros2-decoder/share/carma-ros2-decoder/environment/path.sh
-- Installing: /home/mmitss/Documents/cda-mmitss/mmitss/src/common/MsgTransceiver/CarmaDecoderRos2/install/carma-ros2-decoder/share/carma-ros2-decoder/environment/path.dsv
-- Installing: /home/mmitss/Documents/cda-mmitss/mmitss/src/common/MsgTransceiver/CarmaDecoderRos2/install/carma-ros2-decoder/share/carma-ros2-decoder/local_setup.bash
-- Installing: /home/mmitss/Documents/cda-mmitss/mmitss/src/common/MsgTransceiver/CarmaDecoderRos2/install/carma-ros2-decoder/share/carma-ros2-decoder/local_setup.sh
-- Installing: /home/mmitss/Documents/cda-mmitss/mmitss/src/common/MsgTransceiver/CarmaDecoderRos2/install/carma-ros2-decoder/share/carma-ros2-decoder/local_setup.zsh
-- Installing: /home/mmitss/Documents/cda-mmitss/mmitss/src/common/MsgTransceiver/CarmaDecoderRos2/install/carma-ros2-decoder/share/carma-ros2-decoder/local_setup.dsv
-- Installing: /home/mmitss/Documents/cda-mmitss/mmitss/src/common/MsgTransceiver/CarmaDecoderRos2/install/carma-ros2-decoder/share/carma-ros2-decoder/package.dsv
-- Installing: /home/mmitss/Documents/cda-mmitss/mmitss/src/common/MsgTransceiver/CarmaDecoderRos2/install/carma-ros2-decoder/share/ament_index/resource_index/packages/carma-ros2-decoder
-- Installing: /home/mmitss/Documents/cda-mmitss/mmitss/src/common/MsgTransceiver/CarmaDecoderRos2/install/carma-ros2-decoder/share/carma-ros2-decoder/cmake/carma-ros2-decoderConfig.cmake
-- Installing: /home/mmitss/Documents/cda-mmitss/mmitss/src/common/MsgTransceiver/CarmaDecoderRos2/install/carma-ros2-decoder/share/carma-ros2-decoder/cmake/carma-ros2-decoderConfig-version.cmake
-- Installing: /home/mmitss/Documents/cda-mmitss/mmitss/src/common/MsgTransceiver/CarmaDecoderRos2/install/carma-ros2-decoder/share/carma-ros2-decoder/package.xml
