[0.088s] Invoking command in '/home/mmitss/Documents/cda-mmitss/other/build/carma_driver_msgs': CMAKE_PREFIX_PATH=/home/mmitss/Documents/cda-mmitss/other/install/carma_msgs:/home/mmitss/Documents/cda-mmitss/other/install/carma_cmake_common:/home/mmitss/Documents/cda-mmitss/other/install/carma_debug_ros2_msgs:/home/mmitss/Documents/cda-mmitss/other/install/carma_planning_msgs:/home/mmitss/Documents/cda-mmitss/other/install/carma_v2x_msgs:/home/mmitss/Documents/cda-mmitss/other/install/j3224_v2x_msgs:/home/mmitss/Documents/cda-mmitss/other/install/j2735_v2x_msgs:/home/mmitss/Documents/cda-mmitss/other/install/carma_perception_msgs:/home/mmitss/Documents/cda-mmitss/other/install/carma_driver_msgs:/home/mmitss/Documents/cda-mmitss/other/install/carma_localization_msgs:/home/mmitss/Documents/cda-mmitss/other/install/can_msgs:/opt/ros/foxy CONDA_PROMPT_MODIFIER=(base) LD_LIBRARY_PATH=/home/mmitss/Documents/cda-mmitss/other/install/carma_msgs/lib:/home/mmitss/Documents/cda-mmitss/other/install/carma_debug_ros2_msgs/lib:/home/mmitss/Documents/cda-mmitss/other/install/carma_planning_msgs/lib:/home/mmitss/Documents/cda-mmitss/other/install/carma_v2x_msgs/lib:/home/mmitss/Documents/cda-mmitss/other/install/j3224_v2x_msgs/lib:/home/mmitss/Documents/cda-mmitss/other/install/j2735_v2x_msgs/lib:/home/mmitss/Documents/cda-mmitss/other/install/carma_perception_msgs/lib:/home/mmitss/Documents/cda-mmitss/other/install/carma_driver_msgs/lib:/home/mmitss/Documents/cda-mmitss/other/install/carma_localization_msgs/lib:/home/mmitss/Documents/cda-mmitss/other/install/can_msgs/lib:/opt/ros/foxy/opt/yaml_cpp_vendor/lib:/opt/ros/foxy/opt/rviz_ogre_vendor/lib:/opt/ros/foxy/lib/x86_64-linux-gnu:/opt/ros/foxy/lib:/opt/ibm/ILOG/CPLEX_Studio221/cplex/lib/x86-64_linux:/opt/ibm/ILOG/CPLEX_Studio221/concert/lib/x86-64_linux PYTHONPATH=/home/mmitss/Documents/cda-mmitss/other/install/carma_msgs/lib/python3.8/site-packages:/home/mmitss/Documents/cda-mmitss/other/install/carma_debug_ros2_msgs/lib/python3.8/site-packages:/home/mmitss/Documents/cda-mmitss/other/install/carma_planning_msgs/lib/python3.8/site-packages:/home/mmitss/Documents/cda-mmitss/other/install/carma_v2x_msgs/lib/python3.8/site-packages:/home/mmitss/Documents/cda-mmitss/other/install/j3224_v2x_msgs/lib/python3.8/site-packages:/home/mmitss/Documents/cda-mmitss/other/install/j2735_v2x_msgs/lib/python3.8/site-packages:/home/mmitss/Documents/cda-mmitss/other/install/carma_perception_msgs/lib/python3.8/site-packages:/home/mmitss/Documents/cda-mmitss/other/install/carma_driver_msgs/lib/python3.8/site-packages:/home/mmitss/Documents/cda-mmitss/other/install/carma_localization_msgs/lib/python3.8/site-packages:/home/mmitss/Documents/cda-mmitss/other/install/can_msgs/lib/python3.8/site-packages:/opt/ros/foxy/lib/python3.8/site-packages /usr/bin/cmake --build /home/mmitss/Documents/cda-mmitss/other/build/carma_driver_msgs -- -j8 -l8
[0.268s] [  0%] Built target carma_driver_msgs__cpp
[0.361s] [ 12%] Built target carma_driver_msgs__rosidl_generator_c
[0.461s] [ 24%] Built target carma_driver_msgs__rosidl_typesupport_fastrtps_cpp
[0.563s] [ 36%] Built target carma_driver_msgs__rosidl_typesupport_introspection_c
[0.681s] [ 48%] Built target carma_driver_msgs__rosidl_typesupport_fastrtps_c
[0.771s] [ 60%] Built target carma_driver_msgs__rosidl_typesupport_c
[0.844s] [ 72%] Built target carma_driver_msgs__rosidl_typesupport_introspection_cpp
[0.934s] [ 84%] Built target carma_driver_msgs__rosidl_typesupport_cpp
[0.997s] [ 84%] Built target carma_driver_msgs
[1.056s] [ 85%] Built target carma_driver_msgs__py
[1.123s] [ 96%] Built target carma_driver_msgs__python
[1.178s] [ 98%] Built target carma_driver_msgs__rosidl_typesupport_introspection_c__pyext
[1.233s] [ 99%] Built target carma_driver_msgs__rosidl_typesupport_c__pyext
[1.297s] [100%] Built target carma_driver_msgs__rosidl_typesupport_fastrtps_c__pyext
[1.325s] Invoked command in '/home/mmitss/Documents/cda-mmitss/other/build/carma_driver_msgs' returned '0': CMAKE_PREFIX_PATH=/home/mmitss/Documents/cda-mmitss/other/install/carma_msgs:/home/mmitss/Documents/cda-mmitss/other/install/carma_cmake_common:/home/mmitss/Documents/cda-mmitss/other/install/carma_debug_ros2_msgs:/home/mmitss/Documents/cda-mmitss/other/install/carma_planning_msgs:/home/mmitss/Documents/cda-mmitss/other/install/carma_v2x_msgs:/home/mmitss/Documents/cda-mmitss/other/install/j3224_v2x_msgs:/home/mmitss/Documents/cda-mmitss/other/install/j2735_v2x_msgs:/home/mmitss/Documents/cda-mmitss/other/install/carma_perception_msgs:/home/mmitss/Documents/cda-mmitss/other/install/carma_driver_msgs:/home/mmitss/Documents/cda-mmitss/other/install/carma_localization_msgs:/home/mmitss/Documents/cda-mmitss/other/install/can_msgs:/opt/ros/foxy CONDA_PROMPT_MODIFIER=(base) LD_LIBRARY_PATH=/home/mmitss/Documents/cda-mmitss/other/install/carma_msgs/lib:/home/mmitss/Documents/cda-mmitss/other/install/carma_debug_ros2_msgs/lib:/home/mmitss/Documents/cda-mmitss/other/install/carma_planning_msgs/lib:/home/mmitss/Documents/cda-mmitss/other/install/carma_v2x_msgs/lib:/home/mmitss/Documents/cda-mmitss/other/install/j3224_v2x_msgs/lib:/home/mmitss/Documents/cda-mmitss/other/install/j2735_v2x_msgs/lib:/home/mmitss/Documents/cda-mmitss/other/install/carma_perception_msgs/lib:/home/mmitss/Documents/cda-mmitss/other/install/carma_driver_msgs/lib:/home/mmitss/Documents/cda-mmitss/other/install/carma_localization_msgs/lib:/home/mmitss/Documents/cda-mmitss/other/install/can_msgs/lib:/opt/ros/foxy/opt/yaml_cpp_vendor/lib:/opt/ros/foxy/opt/rviz_ogre_vendor/lib:/opt/ros/foxy/lib/x86_64-linux-gnu:/opt/ros/foxy/lib:/opt/ibm/ILOG/CPLEX_Studio221/cplex/lib/x86-64_linux:/opt/ibm/ILOG/CPLEX_Studio221/concert/lib/x86-64_linux PYTHONPATH=/home/mmitss/Documents/cda-mmitss/other/install/carma_msgs/lib/python3.8/site-packages:/home/mmitss/Documents/cda-mmitss/other/install/carma_debug_ros2_msgs/lib/python3.8/site-packages:/home/mmitss/Documents/cda-mmitss/other/install/carma_planning_msgs/lib/python3.8/site-packages:/home/mmitss/Documents/cda-mmitss/other/install/carma_v2x_msgs/lib/python3.8/site-packages:/home/mmitss/Documents/cda-mmitss/other/install/j3224_v2x_msgs/lib/python3.8/site-packages:/home/mmitss/Documents/cda-mmitss/other/install/j2735_v2x_msgs/lib/python3.8/site-packages:/home/mmitss/Documents/cda-mmitss/other/install/carma_perception_msgs/lib/python3.8/site-packages:/home/mmitss/Documents/cda-mmitss/other/install/carma_driver_msgs/lib/python3.8/site-packages:/home/mmitss/Documents/cda-mmitss/other/install/carma_localization_msgs/lib/python3.8/site-packages:/home/mmitss/Documents/cda-mmitss/other/install/can_msgs/lib/python3.8/site-packages:/opt/ros/foxy/lib/python3.8/site-packages /usr/bin/cmake --build /home/mmitss/Documents/cda-mmitss/other/build/carma_driver_msgs -- -j8 -l8
[2.073s] Invoking command in '/home/mmitss/Documents/cda-mmitss/other/build/carma_driver_msgs': CMAKE_PREFIX_PATH=/home/mmitss/Documents/cda-mmitss/other/install/carma_msgs:/home/mmitss/Documents/cda-mmitss/other/install/carma_cmake_common:/home/mmitss/Documents/cda-mmitss/other/install/carma_debug_ros2_msgs:/home/mmitss/Documents/cda-mmitss/other/install/carma_planning_msgs:/home/mmitss/Documents/cda-mmitss/other/install/carma_v2x_msgs:/home/mmitss/Documents/cda-mmitss/other/install/j3224_v2x_msgs:/home/mmitss/Documents/cda-mmitss/other/install/j2735_v2x_msgs:/home/mmitss/Documents/cda-mmitss/other/install/carma_perception_msgs:/home/mmitss/Documents/cda-mmitss/other/install/carma_driver_msgs:/home/mmitss/Documents/cda-mmitss/other/install/carma_localization_msgs:/home/mmitss/Documents/cda-mmitss/other/install/can_msgs:/opt/ros/foxy CONDA_PROMPT_MODIFIER=(base) LD_LIBRARY_PATH=/home/mmitss/Documents/cda-mmitss/other/install/carma_msgs/lib:/home/mmitss/Documents/cda-mmitss/other/install/carma_debug_ros2_msgs/lib:/home/mmitss/Documents/cda-mmitss/other/install/carma_planning_msgs/lib:/home/mmitss/Documents/cda-mmitss/other/install/carma_v2x_msgs/lib:/home/mmitss/Documents/cda-mmitss/other/install/j3224_v2x_msgs/lib:/home/mmitss/Documents/cda-mmitss/other/install/j2735_v2x_msgs/lib:/home/mmitss/Documents/cda-mmitss/other/install/carma_perception_msgs/lib:/home/mmitss/Documents/cda-mmitss/other/install/carma_driver_msgs/lib:/home/mmitss/Documents/cda-mmitss/other/install/carma_localization_msgs/lib:/home/mmitss/Documents/cda-mmitss/other/install/can_msgs/lib:/opt/ros/foxy/opt/yaml_cpp_vendor/lib:/opt/ros/foxy/opt/rviz_ogre_vendor/lib:/opt/ros/foxy/lib/x86_64-linux-gnu:/opt/ros/foxy/lib:/opt/ibm/ILOG/CPLEX_Studio221/cplex/lib/x86-64_linux:/opt/ibm/ILOG/CPLEX_Studio221/concert/lib/x86-64_linux PYTHONPATH=/home/mmitss/Documents/cda-mmitss/other/install/carma_msgs/lib/python3.8/site-packages:/home/mmitss/Documents/cda-mmitss/other/install/carma_debug_ros2_msgs/lib/python3.8/site-packages:/home/mmitss/Documents/cda-mmitss/other/install/carma_planning_msgs/lib/python3.8/site-packages:/home/mmitss/Documents/cda-mmitss/other/install/carma_v2x_msgs/lib/python3.8/site-packages:/home/mmitss/Documents/cda-mmitss/other/install/j3224_v2x_msgs/lib/python3.8/site-packages:/home/mmitss/Documents/cda-mmitss/other/install/j2735_v2x_msgs/lib/python3.8/site-packages:/home/mmitss/Documents/cda-mmitss/other/install/carma_perception_msgs/lib/python3.8/site-packages:/home/mmitss/Documents/cda-mmitss/other/install/carma_driver_msgs/lib/python3.8/site-packages:/home/mmitss/Documents/cda-mmitss/other/install/carma_localization_msgs/lib/python3.8/site-packages:/home/mmitss/Documents/cda-mmitss/other/install/can_msgs/lib/python3.8/site-packages:/opt/ros/foxy/lib/python3.8/site-packages /usr/bin/cmake --install /home/mmitss/Documents/cda-mmitss/other/build/carma_driver_msgs
[2.087s] -- Install configuration: "Release"
[2.087s] -- Up-to-date: /home/mmitss/Documents/cda-mmitss/other/install/carma_driver_msgs/share/ament_index/resource_index/rosidl_interfaces/carma_driver_msgs
[2.088s] -- Up-to-date: /home/mmitss/Documents/cda-mmitss/other/install/carma_driver_msgs/include/carma_driver_msgs
[2.089s] -- Up-to-date: /home/mmitss/Documents/cda-mmitss/other/install/carma_driver_msgs/include/carma_driver_msgs/srv
[2.089s] -- Up-to-date: /home/mmitss/Documents/cda-mmitss/other/install/carma_driver_msgs/include/carma_driver_msgs/srv/get_driver_status.h
[2.090s] -- Up-to-date: /home/mmitss/Documents/cda-mmitss/other/install/carma_driver_msgs/include/carma_driver_msgs/srv/send_message.h
[2.090s] -- Up-to-date: /home/mmitss/Documents/cda-mmitss/other/install/carma_driver_msgs/include/carma_driver_msgs/srv/get_drivers_with_capabilities.h
[2.090s] -- Up-to-date: /home/mmitss/Documents/cda-mmitss/other/install/carma_driver_msgs/include/carma_driver_msgs/srv/set_lights.h
[2.090s] -- Up-to-date: /home/mmitss/Documents/cda-mmitss/other/install/carma_driver_msgs/include/carma_driver_msgs/srv/set_enable_robotic.h
[2.090s] -- Up-to-date: /home/mmitss/Documents/cda-mmitss/other/install/carma_driver_msgs/include/carma_driver_msgs/srv/get_driver_api.h
[2.091s] -- Up-to-date: /home/mmitss/Documents/cda-mmitss/other/install/carma_driver_msgs/include/carma_driver_msgs/srv/get_lights.h
[2.091s] -- Up-to-date: /home/mmitss/Documents/cda-mmitss/other/install/carma_driver_msgs/include/carma_driver_msgs/srv/set_light_bar_indicator.h
[2.091s] -- Up-to-date: /home/mmitss/Documents/cda-mmitss/other/install/carma_driver_msgs/include/carma_driver_msgs/srv/detail
[2.091s] -- Up-to-date: /home/mmitss/Documents/cda-mmitss/other/install/carma_driver_msgs/include/carma_driver_msgs/srv/detail/get_driver_status__struct.h
[2.091s] -- Up-to-date: /home/mmitss/Documents/cda-mmitss/other/install/carma_driver_msgs/include/carma_driver_msgs/srv/detail/get_driver_api__struct.h
[2.091s] -- Up-to-date: /home/mmitss/Documents/cda-mmitss/other/install/carma_driver_msgs/include/carma_driver_msgs/srv/detail/set_light_bar_indicator__type_support.h
[2.091s] -- Up-to-date: /home/mmitss/Documents/cda-mmitss/other/install/carma_driver_msgs/include/carma_driver_msgs/srv/detail/send_message__struct.h
[2.091s] -- Up-to-date: /home/mmitss/Documents/cda-mmitss/other/install/carma_driver_msgs/include/carma_driver_msgs/srv/detail/set_light_bar_indicator__struct.h
[2.092s] -- Up-to-date: /home/mmitss/Documents/cda-mmitss/other/install/carma_driver_msgs/include/carma_driver_msgs/srv/detail/set_enable_robotic__functions.c
[2.092s] -- Up-to-date: /home/mmitss/Documents/cda-mmitss/other/install/carma_driver_msgs/include/carma_driver_msgs/srv/detail/get_driver_api__type_support.h
[2.092s] -- Up-to-date: /home/mmitss/Documents/cda-mmitss/other/install/carma_driver_msgs/include/carma_driver_msgs/srv/detail/get_driver_status__type_support.h
[2.092s] -- Up-to-date: /home/mmitss/Documents/cda-mmitss/other/install/carma_driver_msgs/include/carma_driver_msgs/srv/detail/send_message__functions.h
[2.092s] -- Up-to-date: /home/mmitss/Documents/cda-mmitss/other/install/carma_driver_msgs/include/carma_driver_msgs/srv/detail/get_lights__functions.h
[2.092s] -- Up-to-date: /home/mmitss/Documents/cda-mmitss/other/install/carma_driver_msgs/include/carma_driver_msgs/srv/detail/set_enable_robotic__struct.h
[2.093s] -- Up-to-date: /home/mmitss/Documents/cda-mmitss/other/install/carma_driver_msgs/include/carma_driver_msgs/srv/detail/get_driver_status__functions.c
[2.093s] -- Up-to-date: /home/mmitss/Documents/cda-mmitss/other/install/carma_driver_msgs/include/carma_driver_msgs/srv/detail/set_light_bar_indicator__functions.c
[2.093s] -- Up-to-date: /home/mmitss/Documents/cda-mmitss/other/install/carma_driver_msgs/include/carma_driver_msgs/srv/detail/set_lights__type_support.h
[2.093s] -- Up-to-date: /home/mmitss/Documents/cda-mmitss/other/install/carma_driver_msgs/include/carma_driver_msgs/srv/detail/get_drivers_with_capabilities__functions.c
[2.093s] -- Up-to-date: /home/mmitss/Documents/cda-mmitss/other/install/carma_driver_msgs/include/carma_driver_msgs/srv/detail/get_drivers_with_capabilities__type_support.h
[2.094s] -- Up-to-date: /home/mmitss/Documents/cda-mmitss/other/install/carma_driver_msgs/include/carma_driver_msgs/srv/detail/set_light_bar_indicator__functions.h
[2.094s] -- Up-to-date: /home/mmitss/Documents/cda-mmitss/other/install/carma_driver_msgs/include/carma_driver_msgs/srv/detail/get_driver_api__functions.c
[2.094s] -- Up-to-date: /home/mmitss/Documents/cda-mmitss/other/install/carma_driver_msgs/include/carma_driver_msgs/srv/detail/send_message__functions.c
[2.094s] -- Up-to-date: /home/mmitss/Documents/cda-mmitss/other/install/carma_driver_msgs/include/carma_driver_msgs/srv/detail/get_lights__type_support.h
[2.095s] -- Up-to-date: /home/mmitss/Documents/cda-mmitss/other/install/carma_driver_msgs/include/carma_driver_msgs/srv/detail/set_lights__struct.h
[2.095s] -- Up-to-date: /home/mmitss/Documents/cda-mmitss/other/install/carma_driver_msgs/include/carma_driver_msgs/srv/detail/send_message__type_support.h
[2.096s] -- Up-to-date: /home/mmitss/Documents/cda-mmitss/other/install/carma_driver_msgs/include/carma_driver_msgs/srv/detail/set_lights__functions.c
[2.097s] -- Up-to-date: /home/mmitss/Documents/cda-mmitss/other/install/carma_driver_msgs/include/carma_driver_msgs/srv/detail/get_driver_api__functions.h
[2.098s] -- Up-to-date: /home/mmitss/Documents/cda-mmitss/other/install/carma_driver_msgs/include/carma_driver_msgs/srv/detail/set_lights__functions.h
[2.098s] -- Up-to-date: /home/mmitss/Documents/cda-mmitss/other/install/carma_driver_msgs/include/carma_driver_msgs/srv/detail/get_drivers_with_capabilities__functions.h
[2.099s] -- Up-to-date: /home/mmitss/Documents/cda-mmitss/other/install/carma_driver_msgs/include/carma_driver_msgs/srv/detail/get_drivers_with_capabilities__struct.h
[2.099s] -- Up-to-date: /home/mmitss/Documents/cda-mmitss/other/install/carma_driver_msgs/include/carma_driver_msgs/srv/detail/get_lights__struct.h
[2.100s] -- Up-to-date: /home/mmitss/Documents/cda-mmitss/other/install/carma_driver_msgs/include/carma_driver_msgs/srv/detail/get_lights__functions.c
[2.100s] -- Up-to-date: /home/mmitss/Documents/cda-mmitss/other/install/carma_driver_msgs/include/carma_driver_msgs/srv/detail/get_driver_status__functions.h
[2.101s] -- Up-to-date: /home/mmitss/Documents/cda-mmitss/other/install/carma_driver_msgs/include/carma_driver_msgs/srv/detail/set_enable_robotic__functions.h
[2.101s] -- Up-to-date: /home/mmitss/Documents/cda-mmitss/other/install/carma_driver_msgs/include/carma_driver_msgs/srv/detail/set_enable_robotic__type_support.h
[2.102s] -- Up-to-date: /home/mmitss/Documents/cda-mmitss/other/install/carma_driver_msgs/include/carma_driver_msgs/msg
[2.102s] -- Up-to-date: /home/mmitss/Documents/cda-mmitss/other/install/carma_driver_msgs/include/carma_driver_msgs/msg/turn_signal.h
[2.102s] -- Up-to-date: /home/mmitss/Documents/cda-mmitss/other/install/carma_driver_msgs/include/carma_driver_msgs/msg/driver_status.h
[2.103s] -- Up-to-date: /home/mmitss/Documents/cda-mmitss/other/install/carma_driver_msgs/include/carma_driver_msgs/msg/rosidl_generator_c__visibility_control.h
[2.103s] -- Up-to-date: /home/mmitss/Documents/cda-mmitss/other/install/carma_driver_msgs/include/carma_driver_msgs/msg/robot_enabled.h
[2.103s] -- Up-to-date: /home/mmitss/Documents/cda-mmitss/other/install/carma_driver_msgs/include/carma_driver_msgs/msg/light_bar_status.h
[2.103s] -- Up-to-date: /home/mmitss/Documents/cda-mmitss/other/install/carma_driver_msgs/include/carma_driver_msgs/msg/trailer_angle.h
[2.104s] -- Up-to-date: /home/mmitss/Documents/cda-mmitss/other/install/carma_driver_msgs/include/carma_driver_msgs/msg/heading_stamped.h
[2.105s] -- Up-to-date: /home/mmitss/Documents/cda-mmitss/other/install/carma_driver_msgs/include/carma_driver_msgs/msg/detail
[2.106s] -- Up-to-date: /home/mmitss/Documents/cda-mmitss/other/install/carma_driver_msgs/include/carma_driver_msgs/msg/detail/heading_stamped__functions.h
[2.106s] -- Up-to-date: /home/mmitss/Documents/cda-mmitss/other/install/carma_driver_msgs/include/carma_driver_msgs/msg/detail/light_bar_status__functions.c
[2.107s] -- Up-to-date: /home/mmitss/Documents/cda-mmitss/other/install/carma_driver_msgs/include/carma_driver_msgs/msg/detail/driver_status__type_support.h
[2.108s] -- Up-to-date: /home/mmitss/Documents/cda-mmitss/other/install/carma_driver_msgs/include/carma_driver_msgs/msg/detail/robot_enabled__functions.c
[2.108s] -- Up-to-date: /home/mmitss/Documents/cda-mmitss/other/install/carma_driver_msgs/include/carma_driver_msgs/msg/detail/heading_stamped__struct.h
[2.109s] -- Up-to-date: /home/mmitss/Documents/cda-mmitss/other/install/carma_driver_msgs/include/carma_driver_msgs/msg/detail/trailer_angle__functions.c
[2.109s] -- Up-to-date: /home/mmitss/Documents/cda-mmitss/other/install/carma_driver_msgs/include/carma_driver_msgs/msg/detail/robot_enabled__type_support.h
[2.110s] -- Up-to-date: /home/mmitss/Documents/cda-mmitss/other/install/carma_driver_msgs/include/carma_driver_msgs/msg/detail/byte_array__type_support.h
[2.110s] -- Up-to-date: /home/mmitss/Documents/cda-mmitss/other/install/carma_driver_msgs/include/carma_driver_msgs/msg/detail/turn_signal__type_support.h
[2.111s] -- Up-to-date: /home/mmitss/Documents/cda-mmitss/other/install/carma_driver_msgs/include/carma_driver_msgs/msg/detail/driver_status__struct.h
[2.111s] -- Up-to-date: /home/mmitss/Documents/cda-mmitss/other/install/carma_driver_msgs/include/carma_driver_msgs/msg/detail/light_bar_status__functions.h
[2.111s] -- Up-to-date: /home/mmitss/Documents/cda-mmitss/other/install/carma_driver_msgs/include/carma_driver_msgs/msg/detail/trailer_angle__struct.h
[2.111s] -- Up-to-date: /home/mmitss/Documents/cda-mmitss/other/install/carma_driver_msgs/include/carma_driver_msgs/msg/detail/robot_enabled__functions.h
[2.112s] -- Up-to-date: /home/mmitss/Documents/cda-mmitss/other/install/carma_driver_msgs/include/carma_driver_msgs/msg/detail/heading_stamped__functions.c
[2.112s] -- Up-to-date: /home/mmitss/Documents/cda-mmitss/other/install/carma_driver_msgs/include/carma_driver_msgs/msg/detail/turn_signal__struct.h
[2.113s] -- Up-to-date: /home/mmitss/Documents/cda-mmitss/other/install/carma_driver_msgs/include/carma_driver_msgs/msg/detail/trailer_angle__type_support.h
[2.113s] -- Up-to-date: /home/mmitss/Documents/cda-mmitss/other/install/carma_driver_msgs/include/carma_driver_msgs/msg/detail/turn_signal__functions.c
[2.113s] -- Up-to-date: /home/mmitss/Documents/cda-mmitss/other/install/carma_driver_msgs/include/carma_driver_msgs/msg/detail/turn_signal__functions.h
[2.113s] -- Up-to-date: /home/mmitss/Documents/cda-mmitss/other/install/carma_driver_msgs/include/carma_driver_msgs/msg/detail/light_bar_status__struct.h
[2.114s] -- Up-to-date: /home/mmitss/Documents/cda-mmitss/other/install/carma_driver_msgs/include/carma_driver_msgs/msg/detail/byte_array__struct.h
[2.114s] -- Up-to-date: /home/mmitss/Documents/cda-mmitss/other/install/carma_driver_msgs/include/carma_driver_msgs/msg/detail/driver_status__functions.c
[2.114s] -- Up-to-date: /home/mmitss/Documents/cda-mmitss/other/install/carma_driver_msgs/include/carma_driver_msgs/msg/detail/light_bar_status__type_support.h
[2.115s] -- Up-to-date: /home/mmitss/Documents/cda-mmitss/other/install/carma_driver_msgs/include/carma_driver_msgs/msg/detail/heading_stamped__type_support.h
[2.115s] -- Up-to-date: /home/mmitss/Documents/cda-mmitss/other/install/carma_driver_msgs/include/carma_driver_msgs/msg/detail/byte_array__functions.c
[2.115s] -- Up-to-date: /home/mmitss/Documents/cda-mmitss/other/install/carma_driver_msgs/include/carma_driver_msgs/msg/detail/byte_array__functions.h
[2.115s] -- Up-to-date: /home/mmitss/Documents/cda-mmitss/other/install/carma_driver_msgs/include/carma_driver_msgs/msg/detail/trailer_angle__functions.h
[2.116s] -- Up-to-date: /home/mmitss/Documents/cda-mmitss/other/install/carma_driver_msgs/include/carma_driver_msgs/msg/detail/driver_status__functions.h
[2.116s] -- Up-to-date: /home/mmitss/Documents/cda-mmitss/other/install/carma_driver_msgs/include/carma_driver_msgs/msg/detail/robot_enabled__struct.h
[2.116s] -- Up-to-date: /home/mmitss/Documents/cda-mmitss/other/install/carma_driver_msgs/include/carma_driver_msgs/msg/byte_array.h
[2.117s] -- Up-to-date: /home/mmitss/Documents/cda-mmitss/other/install/carma_driver_msgs/share/carma_driver_msgs/environment/library_path.sh
[2.117s] -- Up-to-date: /home/mmitss/Documents/cda-mmitss/other/install/carma_driver_msgs/share/carma_driver_msgs/environment/library_path.dsv
[2.117s] -- Up-to-date: /home/mmitss/Documents/cda-mmitss/other/install/carma_driver_msgs/lib/libcarma_driver_msgs__rosidl_generator_c.so
[2.118s] -- Up-to-date: /home/mmitss/Documents/cda-mmitss/other/install/carma_driver_msgs/include/carma_driver_msgs
[2.118s] -- Up-to-date: /home/mmitss/Documents/cda-mmitss/other/install/carma_driver_msgs/include/carma_driver_msgs/srv
[2.118s] -- Up-to-date: /home/mmitss/Documents/cda-mmitss/other/install/carma_driver_msgs/include/carma_driver_msgs/srv/detail
[2.119s] -- Up-to-date: /home/mmitss/Documents/cda-mmitss/other/install/carma_driver_msgs/include/carma_driver_msgs/srv/detail/get_driver_api__rosidl_typesupport_fastrtps_c.h
[2.119s] -- Up-to-date: /home/mmitss/Documents/cda-mmitss/other/install/carma_driver_msgs/include/carma_driver_msgs/srv/detail/send_message__rosidl_typesupport_fastrtps_c.h
[2.119s] -- Up-to-date: /home/mmitss/Documents/cda-mmitss/other/install/carma_driver_msgs/include/carma_driver_msgs/srv/detail/set_enable_robotic__rosidl_typesupport_fastrtps_c.h
[2.120s] -- Up-to-date: /home/mmitss/Documents/cda-mmitss/other/install/carma_driver_msgs/include/carma_driver_msgs/srv/detail/set_light_bar_indicator__rosidl_typesupport_fastrtps_c.h
[2.120s] -- Up-to-date: /home/mmitss/Documents/cda-mmitss/other/install/carma_driver_msgs/include/carma_driver_msgs/srv/detail/get_drivers_with_capabilities__rosidl_typesupport_fastrtps_c.h
[2.120s] -- Up-to-date: /home/mmitss/Documents/cda-mmitss/other/install/carma_driver_msgs/include/carma_driver_msgs/srv/detail/set_lights__rosidl_typesupport_fastrtps_c.h
[2.120s] -- Up-to-date: /home/mmitss/Documents/cda-mmitss/other/install/carma_driver_msgs/include/carma_driver_msgs/srv/detail/get_driver_status__rosidl_typesupport_fastrtps_c.h
[2.120s] -- Up-to-date: /home/mmitss/Documents/cda-mmitss/other/install/carma_driver_msgs/include/carma_driver_msgs/srv/detail/get_lights__rosidl_typesupport_fastrtps_c.h
[2.121s] -- Up-to-date: /home/mmitss/Documents/cda-mmitss/other/install/carma_driver_msgs/include/carma_driver_msgs/msg
[2.121s] -- Up-to-date: /home/mmitss/Documents/cda-mmitss/other/install/carma_driver_msgs/include/carma_driver_msgs/msg/rosidl_typesupport_fastrtps_c__visibility_control.h
[2.121s] -- Up-to-date: /home/mmitss/Documents/cda-mmitss/other/install/carma_driver_msgs/include/carma_driver_msgs/msg/detail
[2.121s] -- Up-to-date: /home/mmitss/Documents/cda-mmitss/other/install/carma_driver_msgs/include/carma_driver_msgs/msg/detail/heading_stamped__rosidl_typesupport_fastrtps_c.h
[2.122s] -- Up-to-date: /home/mmitss/Documents/cda-mmitss/other/install/carma_driver_msgs/include/carma_driver_msgs/msg/detail/trailer_angle__rosidl_typesupport_fastrtps_c.h
[2.122s] -- Up-to-date: /home/mmitss/Documents/cda-mmitss/other/install/carma_driver_msgs/include/carma_driver_msgs/msg/detail/robot_enabled__rosidl_typesupport_fastrtps_c.h
[2.122s] -- Up-to-date: /home/mmitss/Documents/cda-mmitss/other/install/carma_driver_msgs/include/carma_driver_msgs/msg/detail/light_bar_status__rosidl_typesupport_fastrtps_c.h
[2.122s] -- Up-to-date: /home/mmitss/Documents/cda-mmitss/other/install/carma_driver_msgs/include/carma_driver_msgs/msg/detail/byte_array__rosidl_typesupport_fastrtps_c.h
[2.122s] -- Up-to-date: /home/mmitss/Documents/cda-mmitss/other/install/carma_driver_msgs/include/carma_driver_msgs/msg/detail/driver_status__rosidl_typesupport_fastrtps_c.h
[2.123s] -- Up-to-date: /home/mmitss/Documents/cda-mmitss/other/install/carma_driver_msgs/include/carma_driver_msgs/msg/detail/turn_signal__rosidl_typesupport_fastrtps_c.h
[2.123s] -- Up-to-date: /home/mmitss/Documents/cda-mmitss/other/install/carma_driver_msgs/lib/libcarma_driver_msgs__rosidl_typesupport_fastrtps_c.so
[2.123s] -- Up-to-date: /home/mmitss/Documents/cda-mmitss/other/install/carma_driver_msgs/include/carma_driver_msgs
[2.123s] -- Up-to-date: /home/mmitss/Documents/cda-mmitss/other/install/carma_driver_msgs/include/carma_driver_msgs/srv
[2.123s] -- Up-to-date: /home/mmitss/Documents/cda-mmitss/other/install/carma_driver_msgs/include/carma_driver_msgs/srv/detail
[2.124s] -- Up-to-date: /home/mmitss/Documents/cda-mmitss/other/install/carma_driver_msgs/include/carma_driver_msgs/srv/detail/set_enable_robotic__rosidl_typesupport_fastrtps_cpp.hpp
[2.124s] -- Up-to-date: /home/mmitss/Documents/cda-mmitss/other/install/carma_driver_msgs/include/carma_driver_msgs/srv/detail/get_lights__rosidl_typesupport_fastrtps_cpp.hpp
[2.124s] -- Up-to-date: /home/mmitss/Documents/cda-mmitss/other/install/carma_driver_msgs/include/carma_driver_msgs/srv/detail/send_message__rosidl_typesupport_fastrtps_cpp.hpp
[2.124s] -- Up-to-date: /home/mmitss/Documents/cda-mmitss/other/install/carma_driver_msgs/include/carma_driver_msgs/srv/detail/get_driver_api__rosidl_typesupport_fastrtps_cpp.hpp
[2.125s] -- Up-to-date: /home/mmitss/Documents/cda-mmitss/other/install/carma_driver_msgs/include/carma_driver_msgs/srv/detail/set_light_bar_indicator__rosidl_typesupport_fastrtps_cpp.hpp
[2.125s] -- Up-to-date: /home/mmitss/Documents/cda-mmitss/other/install/carma_driver_msgs/include/carma_driver_msgs/srv/detail/get_driver_status__rosidl_typesupport_fastrtps_cpp.hpp
[2.125s] -- Up-to-date: /home/mmitss/Documents/cda-mmitss/other/install/carma_driver_msgs/include/carma_driver_msgs/srv/detail/get_drivers_with_capabilities__rosidl_typesupport_fastrtps_cpp.hpp
[2.125s] -- Up-to-date: /home/mmitss/Documents/cda-mmitss/other/install/carma_driver_msgs/include/carma_driver_msgs/srv/detail/set_lights__rosidl_typesupport_fastrtps_cpp.hpp
[2.125s] -- Up-to-date: /home/mmitss/Documents/cda-mmitss/other/install/carma_driver_msgs/include/carma_driver_msgs/srv/detail/dds_fastrtps
[2.126s] -- Up-to-date: /home/mmitss/Documents/cda-mmitss/other/install/carma_driver_msgs/include/carma_driver_msgs/msg
[2.126s] -- Up-to-date: /home/mmitss/Documents/cda-mmitss/other/install/carma_driver_msgs/include/carma_driver_msgs/msg/rosidl_typesupport_fastrtps_cpp__visibility_control.h
[2.126s] -- Up-to-date: /home/mmitss/Documents/cda-mmitss/other/install/carma_driver_msgs/include/carma_driver_msgs/msg/detail
[2.126s] -- Up-to-date: /home/mmitss/Documents/cda-mmitss/other/install/carma_driver_msgs/include/carma_driver_msgs/msg/detail/trailer_angle__rosidl_typesupport_fastrtps_cpp.hpp
[2.126s] -- Up-to-date: /home/mmitss/Documents/cda-mmitss/other/install/carma_driver_msgs/include/carma_driver_msgs/msg/detail/byte_array__rosidl_typesupport_fastrtps_cpp.hpp
[2.127s] -- Up-to-date: /home/mmitss/Documents/cda-mmitss/other/install/carma_driver_msgs/include/carma_driver_msgs/msg/detail/heading_stamped__rosidl_typesupport_fastrtps_cpp.hpp
[2.127s] -- Up-to-date: /home/mmitss/Documents/cda-mmitss/other/install/carma_driver_msgs/include/carma_driver_msgs/msg/detail/driver_status__rosidl_typesupport_fastrtps_cpp.hpp
[2.127s] -- Up-to-date: /home/mmitss/Documents/cda-mmitss/other/install/carma_driver_msgs/include/carma_driver_msgs/msg/detail/light_bar_status__rosidl_typesupport_fastrtps_cpp.hpp
[2.127s] -- Up-to-date: /home/mmitss/Documents/cda-mmitss/other/install/carma_driver_msgs/include/carma_driver_msgs/msg/detail/dds_fastrtps
[2.127s] -- Up-to-date: /home/mmitss/Documents/cda-mmitss/other/install/carma_driver_msgs/include/carma_driver_msgs/msg/detail/robot_enabled__rosidl_typesupport_fastrtps_cpp.hpp
[2.128s] -- Up-to-date: /home/mmitss/Documents/cda-mmitss/other/install/carma_driver_msgs/include/carma_driver_msgs/msg/detail/turn_signal__rosidl_typesupport_fastrtps_cpp.hpp
[2.128s] -- Up-to-date: /home/mmitss/Documents/cda-mmitss/other/install/carma_driver_msgs/lib/libcarma_driver_msgs__rosidl_typesupport_fastrtps_cpp.so
[2.128s] -- Up-to-date: /home/mmitss/Documents/cda-mmitss/other/install/carma_driver_msgs/include/carma_driver_msgs
[2.128s] -- Up-to-date: /home/mmitss/Documents/cda-mmitss/other/install/carma_driver_msgs/include/carma_driver_msgs/srv
[2.129s] -- Up-to-date: /home/mmitss/Documents/cda-mmitss/other/install/carma_driver_msgs/include/carma_driver_msgs/srv/detail
[2.129s] -- Up-to-date: /home/mmitss/Documents/cda-mmitss/other/install/carma_driver_msgs/include/carma_driver_msgs/srv/detail/set_lights__type_support.c
[2.129s] -- Up-to-date: /home/mmitss/Documents/cda-mmitss/other/install/carma_driver_msgs/include/carma_driver_msgs/srv/detail/set_enable_robotic__type_support.c
[2.129s] -- Up-to-date: /home/mmitss/Documents/cda-mmitss/other/install/carma_driver_msgs/include/carma_driver_msgs/srv/detail/set_light_bar_indicator__rosidl_typesupport_introspection_c.h
[2.129s] -- Up-to-date: /home/mmitss/Documents/cda-mmitss/other/install/carma_driver_msgs/include/carma_driver_msgs/srv/detail/get_driver_status__rosidl_typesupport_introspection_c.h
[2.130s] -- Up-to-date: /home/mmitss/Documents/cda-mmitss/other/install/carma_driver_msgs/include/carma_driver_msgs/srv/detail/send_message__type_support.c
[2.130s] -- Up-to-date: /home/mmitss/Documents/cda-mmitss/other/install/carma_driver_msgs/include/carma_driver_msgs/srv/detail/send_message__rosidl_typesupport_introspection_c.h
[2.130s] -- Up-to-date: /home/mmitss/Documents/cda-mmitss/other/install/carma_driver_msgs/include/carma_driver_msgs/srv/detail/get_lights__type_support.c
[2.130s] -- Up-to-date: /home/mmitss/Documents/cda-mmitss/other/install/carma_driver_msgs/include/carma_driver_msgs/srv/detail/get_driver_status__type_support.c
[2.130s] -- Up-to-date: /home/mmitss/Documents/cda-mmitss/other/install/carma_driver_msgs/include/carma_driver_msgs/srv/detail/get_drivers_with_capabilities__rosidl_typesupport_introspection_c.h
[2.130s] -- Up-to-date: /home/mmitss/Documents/cda-mmitss/other/install/carma_driver_msgs/include/carma_driver_msgs/srv/detail/set_enable_robotic__rosidl_typesupport_introspection_c.h
[2.130s] -- Up-to-date: /home/mmitss/Documents/cda-mmitss/other/install/carma_driver_msgs/include/carma_driver_msgs/srv/detail/set_lights__rosidl_typesupport_introspection_c.h
[2.131s] -- Up-to-date: /home/mmitss/Documents/cda-mmitss/other/install/carma_driver_msgs/include/carma_driver_msgs/srv/detail/get_lights__rosidl_typesupport_introspection_c.h
[2.131s] -- Up-to-date: /home/mmitss/Documents/cda-mmitss/other/install/carma_driver_msgs/include/carma_driver_msgs/srv/detail/get_driver_api__rosidl_typesupport_introspection_c.h
[2.131s] -- Up-to-date: /home/mmitss/Documents/cda-mmitss/other/install/carma_driver_msgs/include/carma_driver_msgs/srv/detail/set_light_bar_indicator__type_support.c
[2.131s] -- Up-to-date: /home/mmitss/Documents/cda-mmitss/other/install/carma_driver_msgs/include/carma_driver_msgs/srv/detail/get_drivers_with_capabilities__type_support.c
[2.131s] -- Up-to-date: /home/mmitss/Documents/cda-mmitss/other/install/carma_driver_msgs/include/carma_driver_msgs/srv/detail/get_driver_api__type_support.c
[2.132s] -- Up-to-date: /home/mmitss/Documents/cda-mmitss/other/install/carma_driver_msgs/include/carma_driver_msgs/msg
[2.132s] -- Up-to-date: /home/mmitss/Documents/cda-mmitss/other/install/carma_driver_msgs/include/carma_driver_msgs/msg/rosidl_typesupport_introspection_c__visibility_control.h
[2.132s] -- Up-to-date: /home/mmitss/Documents/cda-mmitss/other/install/carma_driver_msgs/include/carma_driver_msgs/msg/detail
[2.132s] -- Up-to-date: /home/mmitss/Documents/cda-mmitss/other/install/carma_driver_msgs/include/carma_driver_msgs/msg/detail/robot_enabled__rosidl_typesupport_introspection_c.h
[2.132s] -- Up-to-date: /home/mmitss/Documents/cda-mmitss/other/install/carma_driver_msgs/include/carma_driver_msgs/msg/detail/driver_status__type_support.c
[2.132s] -- Up-to-date: /home/mmitss/Documents/cda-mmitss/other/install/carma_driver_msgs/include/carma_driver_msgs/msg/detail/byte_array__rosidl_typesupport_introspection_c.h
[2.132s] -- Up-to-date: /home/mmitss/Documents/cda-mmitss/other/install/carma_driver_msgs/include/carma_driver_msgs/msg/detail/light_bar_status__type_support.c
[2.132s] -- Up-to-date: /home/mmitss/Documents/cda-mmitss/other/install/carma_driver_msgs/include/carma_driver_msgs/msg/detail/light_bar_status__rosidl_typesupport_introspection_c.h
[2.132s] -- Up-to-date: /home/mmitss/Documents/cda-mmitss/other/install/carma_driver_msgs/include/carma_driver_msgs/msg/detail/robot_enabled__type_support.c
[2.132s] -- Up-to-date: /home/mmitss/Documents/cda-mmitss/other/install/carma_driver_msgs/include/carma_driver_msgs/msg/detail/turn_signal__type_support.c
[2.133s] -- Up-to-date: /home/mmitss/Documents/cda-mmitss/other/install/carma_driver_msgs/include/carma_driver_msgs/msg/detail/heading_stamped__type_support.c
[2.133s] -- Up-to-date: /home/mmitss/Documents/cda-mmitss/other/install/carma_driver_msgs/include/carma_driver_msgs/msg/detail/trailer_angle__type_support.c
[2.133s] -- Up-to-date: /home/mmitss/Documents/cda-mmitss/other/install/carma_driver_msgs/include/carma_driver_msgs/msg/detail/byte_array__type_support.c
[2.133s] -- Up-to-date: /home/mmitss/Documents/cda-mmitss/other/install/carma_driver_msgs/include/carma_driver_msgs/msg/detail/heading_stamped__rosidl_typesupport_introspection_c.h
[2.133s] -- Up-to-date: /home/mmitss/Documents/cda-mmitss/other/install/carma_driver_msgs/include/carma_driver_msgs/msg/detail/driver_status__rosidl_typesupport_introspection_c.h
[2.133s] -- Up-to-date: /home/mmitss/Documents/cda-mmitss/other/install/carma_driver_msgs/include/carma_driver_msgs/msg/detail/trailer_angle__rosidl_typesupport_introspection_c.h
[2.133s] -- Up-to-date: /home/mmitss/Documents/cda-mmitss/other/install/carma_driver_msgs/include/carma_driver_msgs/msg/detail/turn_signal__rosidl_typesupport_introspection_c.h
[2.133s] -- Up-to-date: /home/mmitss/Documents/cda-mmitss/other/install/carma_driver_msgs/lib/libcarma_driver_msgs__rosidl_typesupport_introspection_c.so
[2.133s] -- Up-to-date: /home/mmitss/Documents/cda-mmitss/other/install/carma_driver_msgs/lib/libcarma_driver_msgs__rosidl_typesupport_c.so
[2.133s] -- Up-to-date: /home/mmitss/Documents/cda-mmitss/other/install/carma_driver_msgs/include/carma_driver_msgs
[2.133s] -- Up-to-date: /home/mmitss/Documents/cda-mmitss/other/install/carma_driver_msgs/include/carma_driver_msgs/srv
[2.134s] -- Up-to-date: /home/mmitss/Documents/cda-mmitss/other/install/carma_driver_msgs/include/carma_driver_msgs/srv/get_drivers_with_capabilities.hpp
[2.134s] -- Up-to-date: /home/mmitss/Documents/cda-mmitss/other/install/carma_driver_msgs/include/carma_driver_msgs/srv/get_driver_api.hpp
[2.134s] -- Up-to-date: /home/mmitss/Documents/cda-mmitss/other/install/carma_driver_msgs/include/carma_driver_msgs/srv/set_enable_robotic.hpp
[2.134s] -- Up-to-date: /home/mmitss/Documents/cda-mmitss/other/install/carma_driver_msgs/include/carma_driver_msgs/srv/get_lights.hpp
[2.134s] -- Up-to-date: /home/mmitss/Documents/cda-mmitss/other/install/carma_driver_msgs/include/carma_driver_msgs/srv/set_lights.hpp
[2.134s] -- Up-to-date: /home/mmitss/Documents/cda-mmitss/other/install/carma_driver_msgs/include/carma_driver_msgs/srv/send_message.hpp
[2.134s] -- Up-to-date: /home/mmitss/Documents/cda-mmitss/other/install/carma_driver_msgs/include/carma_driver_msgs/srv/detail
[2.134s] -- Up-to-date: /home/mmitss/Documents/cda-mmitss/other/install/carma_driver_msgs/include/carma_driver_msgs/srv/detail/get_driver_status__struct.hpp
[2.134s] -- Up-to-date: /home/mmitss/Documents/cda-mmitss/other/install/carma_driver_msgs/include/carma_driver_msgs/srv/detail/send_message__builder.hpp
[2.135s] -- Up-to-date: /home/mmitss/Documents/cda-mmitss/other/install/carma_driver_msgs/include/carma_driver_msgs/srv/detail/set_light_bar_indicator__type_support.hpp
[2.135s] -- Up-to-date: /home/mmitss/Documents/cda-mmitss/other/install/carma_driver_msgs/include/carma_driver_msgs/srv/detail/get_driver_status__traits.hpp
[2.135s] -- Up-to-date: /home/mmitss/Documents/cda-mmitss/other/install/carma_driver_msgs/include/carma_driver_msgs/srv/detail/send_message__type_support.hpp
[2.135s] -- Up-to-date: /home/mmitss/Documents/cda-mmitss/other/install/carma_driver_msgs/include/carma_driver_msgs/srv/detail/send_message__traits.hpp
[2.135s] -- Up-to-date: /home/mmitss/Documents/cda-mmitss/other/install/carma_driver_msgs/include/carma_driver_msgs/srv/detail/get_lights__struct.hpp
[2.135s] -- Up-to-date: /home/mmitss/Documents/cda-mmitss/other/install/carma_driver_msgs/include/carma_driver_msgs/srv/detail/set_lights__traits.hpp
[2.135s] -- Up-to-date: /home/mmitss/Documents/cda-mmitss/other/install/carma_driver_msgs/include/carma_driver_msgs/srv/detail/set_light_bar_indicator__struct.hpp
[2.135s] -- Up-to-date: /home/mmitss/Documents/cda-mmitss/other/install/carma_driver_msgs/include/carma_driver_msgs/srv/detail/get_driver_api__builder.hpp
[2.135s] -- Up-to-date: /home/mmitss/Documents/cda-mmitss/other/install/carma_driver_msgs/include/carma_driver_msgs/srv/detail/set_lights__struct.hpp
[2.135s] -- Up-to-date: /home/mmitss/Documents/cda-mmitss/other/install/carma_driver_msgs/include/carma_driver_msgs/srv/detail/get_lights__traits.hpp
[2.135s] -- Up-to-date: /home/mmitss/Documents/cda-mmitss/other/install/carma_driver_msgs/include/carma_driver_msgs/srv/detail/get_drivers_with_capabilities__type_support.hpp
[2.136s] -- Up-to-date: /home/mmitss/Documents/cda-mmitss/other/install/carma_driver_msgs/include/carma_driver_msgs/srv/detail/get_drivers_with_capabilities__builder.hpp
[2.136s] -- Up-to-date: /home/mmitss/Documents/cda-mmitss/other/install/carma_driver_msgs/include/carma_driver_msgs/srv/detail/get_drivers_with_capabilities__struct.hpp
[2.136s] -- Up-to-date: /home/mmitss/Documents/cda-mmitss/other/install/carma_driver_msgs/include/carma_driver_msgs/srv/detail/get_lights__builder.hpp
[2.136s] -- Up-to-date: /home/mmitss/Documents/cda-mmitss/other/install/carma_driver_msgs/include/carma_driver_msgs/srv/detail/set_enable_robotic__builder.hpp
[2.136s] -- Up-to-date: /home/mmitss/Documents/cda-mmitss/other/install/carma_driver_msgs/include/carma_driver_msgs/srv/detail/set_enable_robotic__traits.hpp
[2.136s] -- Up-to-date: /home/mmitss/Documents/cda-mmitss/other/install/carma_driver_msgs/include/carma_driver_msgs/srv/detail/get_driver_api__traits.hpp
[2.136s] -- Up-to-date: /home/mmitss/Documents/cda-mmitss/other/install/carma_driver_msgs/include/carma_driver_msgs/srv/detail/get_driver_api__type_support.hpp
[2.136s] -- Up-to-date: /home/mmitss/Documents/cda-mmitss/other/install/carma_driver_msgs/include/carma_driver_msgs/srv/detail/set_enable_robotic__struct.hpp
[2.136s] -- Up-to-date: /home/mmitss/Documents/cda-mmitss/other/install/carma_driver_msgs/include/carma_driver_msgs/srv/detail/set_lights__builder.hpp
[2.136s] -- Up-to-date: /home/mmitss/Documents/cda-mmitss/other/install/carma_driver_msgs/include/carma_driver_msgs/srv/detail/get_driver_status__type_support.hpp
[2.136s] -- Up-to-date: /home/mmitss/Documents/cda-mmitss/other/install/carma_driver_msgs/include/carma_driver_msgs/srv/detail/set_light_bar_indicator__builder.hpp
[2.137s] -- Up-to-date: /home/mmitss/Documents/cda-mmitss/other/install/carma_driver_msgs/include/carma_driver_msgs/srv/detail/send_message__struct.hpp
[2.137s] -- Up-to-date: /home/mmitss/Documents/cda-mmitss/other/install/carma_driver_msgs/include/carma_driver_msgs/srv/detail/get_driver_status__builder.hpp
[2.137s] -- Up-to-date: /home/mmitss/Documents/cda-mmitss/other/install/carma_driver_msgs/include/carma_driver_msgs/srv/detail/get_lights__type_support.hpp
[2.137s] -- Up-to-date: /home/mmitss/Documents/cda-mmitss/other/install/carma_driver_msgs/include/carma_driver_msgs/srv/detail/get_driver_api__struct.hpp
[2.137s] -- Up-to-date: /home/mmitss/Documents/cda-mmitss/other/install/carma_driver_msgs/include/carma_driver_msgs/srv/detail/set_light_bar_indicator__traits.hpp
[2.137s] -- Up-to-date: /home/mmitss/Documents/cda-mmitss/other/install/carma_driver_msgs/include/carma_driver_msgs/srv/detail/get_drivers_with_capabilities__traits.hpp
[2.137s] -- Up-to-date: /home/mmitss/Documents/cda-mmitss/other/install/carma_driver_msgs/include/carma_driver_msgs/srv/detail/set_enable_robotic__type_support.hpp
[2.137s] -- Up-to-date: /home/mmitss/Documents/cda-mmitss/other/install/carma_driver_msgs/include/carma_driver_msgs/srv/detail/set_lights__type_support.hpp
[2.138s] -- Up-to-date: /home/mmitss/Documents/cda-mmitss/other/install/carma_driver_msgs/include/carma_driver_msgs/srv/set_light_bar_indicator.hpp
[2.138s] -- Up-to-date: /home/mmitss/Documents/cda-mmitss/other/install/carma_driver_msgs/include/carma_driver_msgs/srv/get_driver_status.hpp
[2.138s] -- Up-to-date: /home/mmitss/Documents/cda-mmitss/other/install/carma_driver_msgs/include/carma_driver_msgs/msg
[2.138s] -- Up-to-date: /home/mmitss/Documents/cda-mmitss/other/install/carma_driver_msgs/include/carma_driver_msgs/msg/robot_enabled.hpp
[2.138s] -- Up-to-date: /home/mmitss/Documents/cda-mmitss/other/install/carma_driver_msgs/include/carma_driver_msgs/msg/light_bar_status.hpp
[2.138s] -- Up-to-date: /home/mmitss/Documents/cda-mmitss/other/install/carma_driver_msgs/include/carma_driver_msgs/msg/byte_array.hpp
[2.138s] -- Up-to-date: /home/mmitss/Documents/cda-mmitss/other/install/carma_driver_msgs/include/carma_driver_msgs/msg/rosidl_generator_cpp__visibility_control.hpp
[2.138s] -- Up-to-date: /home/mmitss/Documents/cda-mmitss/other/install/carma_driver_msgs/include/carma_driver_msgs/msg/heading_stamped.hpp
[2.138s] -- Up-to-date: /home/mmitss/Documents/cda-mmitss/other/install/carma_driver_msgs/include/carma_driver_msgs/msg/trailer_angle.hpp
[2.138s] -- Up-to-date: /home/mmitss/Documents/cda-mmitss/other/install/carma_driver_msgs/include/carma_driver_msgs/msg/driver_status.hpp
[2.138s] -- Up-to-date: /home/mmitss/Documents/cda-mmitss/other/install/carma_driver_msgs/include/carma_driver_msgs/msg/turn_signal.hpp
[2.138s] -- Up-to-date: /home/mmitss/Documents/cda-mmitss/other/install/carma_driver_msgs/include/carma_driver_msgs/msg/detail
[2.138s] -- Up-to-date: /home/mmitss/Documents/cda-mmitss/other/install/carma_driver_msgs/include/carma_driver_msgs/msg/detail/robot_enabled__traits.hpp
[2.139s] -- Up-to-date: /home/mmitss/Documents/cda-mmitss/other/install/carma_driver_msgs/include/carma_driver_msgs/msg/detail/byte_array__builder.hpp
[2.139s] -- Up-to-date: /home/mmitss/Documents/cda-mmitss/other/install/carma_driver_msgs/include/carma_driver_msgs/msg/detail/trailer_angle__type_support.hpp
[2.139s] -- Up-to-date: /home/mmitss/Documents/cda-mmitss/other/install/carma_driver_msgs/include/carma_driver_msgs/msg/detail/driver_status__type_support.hpp
[2.139s] -- Up-to-date: /home/mmitss/Documents/cda-mmitss/other/install/carma_driver_msgs/include/carma_driver_msgs/msg/detail/heading_stamped__builder.hpp
[2.139s] -- Up-to-date: /home/mmitss/Documents/cda-mmitss/other/install/carma_driver_msgs/include/carma_driver_msgs/msg/detail/light_bar_status__type_support.hpp
[2.139s] -- Up-to-date: /home/mmitss/Documents/cda-mmitss/other/install/carma_driver_msgs/include/carma_driver_msgs/msg/detail/light_bar_status__traits.hpp
[2.139s] -- Up-to-date: /home/mmitss/Documents/cda-mmitss/other/install/carma_driver_msgs/include/carma_driver_msgs/msg/detail/robot_enabled__struct.hpp
[2.139s] -- Up-to-date: /home/mmitss/Documents/cda-mmitss/other/install/carma_driver_msgs/include/carma_driver_msgs/msg/detail/light_bar_status__struct.hpp
[2.139s] -- Up-to-date: /home/mmitss/Documents/cda-mmitss/other/install/carma_driver_msgs/include/carma_driver_msgs/msg/detail/heading_stamped__struct.hpp
[2.139s] -- Up-to-date: /home/mmitss/Documents/cda-mmitss/other/install/carma_driver_msgs/include/carma_driver_msgs/msg/detail/byte_array__traits.hpp
[2.139s] -- Up-to-date: /home/mmitss/Documents/cda-mmitss/other/install/carma_driver_msgs/include/carma_driver_msgs/msg/detail/driver_status__traits.hpp
[2.139s] -- Up-to-date: /home/mmitss/Documents/cda-mmitss/other/install/carma_driver_msgs/include/carma_driver_msgs/msg/detail/trailer_angle__traits.hpp
[2.139s] -- Up-to-date: /home/mmitss/Documents/cda-mmitss/other/install/carma_driver_msgs/include/carma_driver_msgs/msg/detail/heading_stamped__traits.hpp
[2.140s] -- Up-to-date: /home/mmitss/Documents/cda-mmitss/other/install/carma_driver_msgs/include/carma_driver_msgs/msg/detail/turn_signal__traits.hpp
[2.140s] -- Up-to-date: /home/mmitss/Documents/cda-mmitss/other/install/carma_driver_msgs/include/carma_driver_msgs/msg/detail/turn_signal__type_support.hpp
[2.140s] -- Up-to-date: /home/mmitss/Documents/cda-mmitss/other/install/carma_driver_msgs/include/carma_driver_msgs/msg/detail/trailer_angle__struct.hpp
[2.140s] -- Up-to-date: /home/mmitss/Documents/cda-mmitss/other/install/carma_driver_msgs/include/carma_driver_msgs/msg/detail/heading_stamped__type_support.hpp
[2.140s] -- Up-to-date: /home/mmitss/Documents/cda-mmitss/other/install/carma_driver_msgs/include/carma_driver_msgs/msg/detail/robot_enabled__builder.hpp
[2.140s] -- Up-to-date: /home/mmitss/Documents/cda-mmitss/other/install/carma_driver_msgs/include/carma_driver_msgs/msg/detail/light_bar_status__builder.hpp
[2.140s] -- Up-to-date: /home/mmitss/Documents/cda-mmitss/other/install/carma_driver_msgs/include/carma_driver_msgs/msg/detail/turn_signal__struct.hpp
[2.140s] -- Up-to-date: /home/mmitss/Documents/cda-mmitss/other/install/carma_driver_msgs/include/carma_driver_msgs/msg/detail/robot_enabled__type_support.hpp
[2.140s] -- Up-to-date: /home/mmitss/Documents/cda-mmitss/other/install/carma_driver_msgs/include/carma_driver_msgs/msg/detail/driver_status__builder.hpp
[2.140s] -- Up-to-date: /home/mmitss/Documents/cda-mmitss/other/install/carma_driver_msgs/include/carma_driver_msgs/msg/detail/driver_status__struct.hpp
[2.140s] -- Up-to-date: /home/mmitss/Documents/cda-mmitss/other/install/carma_driver_msgs/include/carma_driver_msgs/msg/detail/byte_array__struct.hpp
[2.140s] -- Up-to-date: /home/mmitss/Documents/cda-mmitss/other/install/carma_driver_msgs/include/carma_driver_msgs/msg/detail/turn_signal__builder.hpp
[2.140s] -- Up-to-date: /home/mmitss/Documents/cda-mmitss/other/install/carma_driver_msgs/include/carma_driver_msgs/msg/detail/byte_array__type_support.hpp
[2.141s] -- Up-to-date: /home/mmitss/Documents/cda-mmitss/other/install/carma_driver_msgs/include/carma_driver_msgs/msg/detail/trailer_angle__builder.hpp
[2.141s] -- Up-to-date: /home/mmitss/Documents/cda-mmitss/other/install/carma_driver_msgs/include/carma_driver_msgs
[2.141s] -- Up-to-date: /home/mmitss/Documents/cda-mmitss/other/install/carma_driver_msgs/include/carma_driver_msgs/srv
[2.141s] -- Up-to-date: /home/mmitss/Documents/cda-mmitss/other/install/carma_driver_msgs/include/carma_driver_msgs/srv/detail
[2.141s] -- Up-to-date: /home/mmitss/Documents/cda-mmitss/other/install/carma_driver_msgs/include/carma_driver_msgs/srv/detail/set_lights__type_support.cpp
[2.141s] -- Up-to-date: /home/mmitss/Documents/cda-mmitss/other/install/carma_driver_msgs/include/carma_driver_msgs/srv/detail/set_light_bar_indicator__type_support.cpp
[2.141s] -- Up-to-date: /home/mmitss/Documents/cda-mmitss/other/install/carma_driver_msgs/include/carma_driver_msgs/srv/detail/get_drivers_with_capabilities__rosidl_typesupport_introspection_cpp.hpp
[2.141s] -- Up-to-date: /home/mmitss/Documents/cda-mmitss/other/install/carma_driver_msgs/include/carma_driver_msgs/srv/detail/set_light_bar_indicator__rosidl_typesupport_introspection_cpp.hpp
[2.141s] -- Up-to-date: /home/mmitss/Documents/cda-mmitss/other/install/carma_driver_msgs/include/carma_driver_msgs/srv/detail/send_message__rosidl_typesupport_introspection_cpp.hpp
[2.141s] -- Up-to-date: /home/mmitss/Documents/cda-mmitss/other/install/carma_driver_msgs/include/carma_driver_msgs/srv/detail/get_drivers_with_capabilities__type_support.cpp
[2.141s] -- Up-to-date: /home/mmitss/Documents/cda-mmitss/other/install/carma_driver_msgs/include/carma_driver_msgs/srv/detail/set_enable_robotic__rosidl_typesupport_introspection_cpp.hpp
[2.141s] -- Up-to-date: /home/mmitss/Documents/cda-mmitss/other/install/carma_driver_msgs/include/carma_driver_msgs/srv/detail/send_message__type_support.cpp
[2.141s] -- Up-to-date: /home/mmitss/Documents/cda-mmitss/other/install/carma_driver_msgs/include/carma_driver_msgs/srv/detail/get_driver_api__rosidl_typesupport_introspection_cpp.hpp
[2.142s] -- Up-to-date: /home/mmitss/Documents/cda-mmitss/other/install/carma_driver_msgs/include/carma_driver_msgs/srv/detail/set_lights__rosidl_typesupport_introspection_cpp.hpp
[2.142s] -- Up-to-date: /home/mmitss/Documents/cda-mmitss/other/install/carma_driver_msgs/include/carma_driver_msgs/srv/detail/get_driver_status__rosidl_typesupport_introspection_cpp.hpp
[2.142s] -- Up-to-date: /home/mmitss/Documents/cda-mmitss/other/install/carma_driver_msgs/include/carma_driver_msgs/srv/detail/get_lights__type_support.cpp
[2.142s] -- Up-to-date: /home/mmitss/Documents/cda-mmitss/other/install/carma_driver_msgs/include/carma_driver_msgs/srv/detail/get_lights__rosidl_typesupport_introspection_cpp.hpp
[2.142s] -- Up-to-date: /home/mmitss/Documents/cda-mmitss/other/install/carma_driver_msgs/include/carma_driver_msgs/srv/detail/set_enable_robotic__type_support.cpp
[2.142s] -- Up-to-date: /home/mmitss/Documents/cda-mmitss/other/install/carma_driver_msgs/include/carma_driver_msgs/srv/detail/get_driver_status__type_support.cpp
[2.142s] -- Up-to-date: /home/mmitss/Documents/cda-mmitss/other/install/carma_driver_msgs/include/carma_driver_msgs/srv/detail/get_driver_api__type_support.cpp
[2.142s] -- Up-to-date: /home/mmitss/Documents/cda-mmitss/other/install/carma_driver_msgs/include/carma_driver_msgs/msg
[2.142s] -- Up-to-date: /home/mmitss/Documents/cda-mmitss/other/install/carma_driver_msgs/include/carma_driver_msgs/msg/detail
[2.142s] -- Up-to-date: /home/mmitss/Documents/cda-mmitss/other/install/carma_driver_msgs/include/carma_driver_msgs/msg/detail/byte_array__type_support.cpp
[2.142s] -- Up-to-date: /home/mmitss/Documents/cda-mmitss/other/install/carma_driver_msgs/include/carma_driver_msgs/msg/detail/driver_status__type_support.cpp
[2.142s] -- Up-to-date: /home/mmitss/Documents/cda-mmitss/other/install/carma_driver_msgs/include/carma_driver_msgs/msg/detail/heading_stamped__type_support.cpp
[2.142s] -- Up-to-date: /home/mmitss/Documents/cda-mmitss/other/install/carma_driver_msgs/include/carma_driver_msgs/msg/detail/byte_array__rosidl_typesupport_introspection_cpp.hpp
[2.142s] -- Up-to-date: /home/mmitss/Documents/cda-mmitss/other/install/carma_driver_msgs/include/carma_driver_msgs/msg/detail/heading_stamped__rosidl_typesupport_introspection_cpp.hpp
[2.143s] -- Up-to-date: /home/mmitss/Documents/cda-mmitss/other/install/carma_driver_msgs/include/carma_driver_msgs/msg/detail/light_bar_status__rosidl_typesupport_introspection_cpp.hpp
[2.143s] -- Up-to-date: /home/mmitss/Documents/cda-mmitss/other/install/carma_driver_msgs/include/carma_driver_msgs/msg/detail/turn_signal__rosidl_typesupport_introspection_cpp.hpp
[2.143s] -- Up-to-date: /home/mmitss/Documents/cda-mmitss/other/install/carma_driver_msgs/include/carma_driver_msgs/msg/detail/light_bar_status__type_support.cpp
[2.143s] -- Up-to-date: /home/mmitss/Documents/cda-mmitss/other/install/carma_driver_msgs/include/carma_driver_msgs/msg/detail/trailer_angle__rosidl_typesupport_introspection_cpp.hpp
[2.143s] -- Up-to-date: /home/mmitss/Documents/cda-mmitss/other/install/carma_driver_msgs/include/carma_driver_msgs/msg/detail/turn_signal__type_support.cpp
[2.143s] -- Up-to-date: /home/mmitss/Documents/cda-mmitss/other/install/carma_driver_msgs/include/carma_driver_msgs/msg/detail/robot_enabled__type_support.cpp
[2.143s] -- Up-to-date: /home/mmitss/Documents/cda-mmitss/other/install/carma_driver_msgs/include/carma_driver_msgs/msg/detail/driver_status__rosidl_typesupport_introspection_cpp.hpp
[2.143s] -- Up-to-date: /home/mmitss/Documents/cda-mmitss/other/install/carma_driver_msgs/include/carma_driver_msgs/msg/detail/robot_enabled__rosidl_typesupport_introspection_cpp.hpp
[2.143s] -- Up-to-date: /home/mmitss/Documents/cda-mmitss/other/install/carma_driver_msgs/include/carma_driver_msgs/msg/detail/trailer_angle__type_support.cpp
[2.143s] -- Up-to-date: /home/mmitss/Documents/cda-mmitss/other/install/carma_driver_msgs/lib/libcarma_driver_msgs__rosidl_typesupport_introspection_cpp.so
[2.143s] -- Up-to-date: /home/mmitss/Documents/cda-mmitss/other/install/carma_driver_msgs/lib/libcarma_driver_msgs__rosidl_typesupport_cpp.so
[2.143s] -- Up-to-date: /home/mmitss/Documents/cda-mmitss/other/install/carma_driver_msgs/share/carma_driver_msgs/environment/pythonpath.sh
[2.143s] -- Up-to-date: /home/mmitss/Documents/cda-mmitss/other/install/carma_driver_msgs/share/carma_driver_msgs/environment/pythonpath.dsv
[2.144s] -- Up-to-date: /home/mmitss/Documents/cda-mmitss/other/install/carma_driver_msgs/lib/python3.8/site-packages/carma_driver_msgs/__init__.py
[2.195s] -- Up-to-date: /home/mmitss/Documents/cda-mmitss/other/install/carma_driver_msgs/lib/python3.8/site-packages/carma_driver_msgs/msg
[2.195s] -- Up-to-date: /home/mmitss/Documents/cda-mmitss/other/install/carma_driver_msgs/lib/python3.8/site-packages/carma_driver_msgs/msg/_byte_array.py
[2.195s] -- Up-to-date: /home/mmitss/Documents/cda-mmitss/other/install/carma_driver_msgs/lib/python3.8/site-packages/carma_driver_msgs/msg/_trailer_angle.py
[2.195s] -- Up-to-date: /home/mmitss/Documents/cda-mmitss/other/install/carma_driver_msgs/lib/python3.8/site-packages/carma_driver_msgs/msg/_heading_stamped.py
[2.195s] -- Up-to-date: /home/mmitss/Documents/cda-mmitss/other/install/carma_driver_msgs/lib/python3.8/site-packages/carma_driver_msgs/msg/_light_bar_status.py
[2.196s] -- Up-to-date: /home/mmitss/Documents/cda-mmitss/other/install/carma_driver_msgs/lib/python3.8/site-packages/carma_driver_msgs/msg/_heading_stamped_s.c
[2.196s] -- Up-to-date: /home/mmitss/Documents/cda-mmitss/other/install/carma_driver_msgs/lib/python3.8/site-packages/carma_driver_msgs/msg/_robot_enabled_s.c
[2.196s] -- Up-to-date: /home/mmitss/Documents/cda-mmitss/other/install/carma_driver_msgs/lib/python3.8/site-packages/carma_driver_msgs/msg/_driver_status_s.c
[2.196s] -- Up-to-date: /home/mmitss/Documents/cda-mmitss/other/install/carma_driver_msgs/lib/python3.8/site-packages/carma_driver_msgs/msg/_trailer_angle_s.c
[2.196s] -- Up-to-date: /home/mmitss/Documents/cda-mmitss/other/install/carma_driver_msgs/lib/python3.8/site-packages/carma_driver_msgs/msg/_turn_signal_s.c
[2.196s] -- Up-to-date: /home/mmitss/Documents/cda-mmitss/other/install/carma_driver_msgs/lib/python3.8/site-packages/carma_driver_msgs/msg/_turn_signal.py
[2.196s] -- Up-to-date: /home/mmitss/Documents/cda-mmitss/other/install/carma_driver_msgs/lib/python3.8/site-packages/carma_driver_msgs/msg/_byte_array_s.c
[2.196s] -- Up-to-date: /home/mmitss/Documents/cda-mmitss/other/install/carma_driver_msgs/lib/python3.8/site-packages/carma_driver_msgs/msg/_robot_enabled.py
[2.196s] -- Up-to-date: /home/mmitss/Documents/cda-mmitss/other/install/carma_driver_msgs/lib/python3.8/site-packages/carma_driver_msgs/msg/_light_bar_status_s.c
[2.196s] -- Up-to-date: /home/mmitss/Documents/cda-mmitss/other/install/carma_driver_msgs/lib/python3.8/site-packages/carma_driver_msgs/msg/__init__.py
[2.196s] -- Up-to-date: /home/mmitss/Documents/cda-mmitss/other/install/carma_driver_msgs/lib/python3.8/site-packages/carma_driver_msgs/msg/_driver_status.py
[2.197s] -- Up-to-date: /home/mmitss/Documents/cda-mmitss/other/install/carma_driver_msgs/lib/python3.8/site-packages/carma_driver_msgs/srv
[2.197s] -- Up-to-date: /home/mmitss/Documents/cda-mmitss/other/install/carma_driver_msgs/lib/python3.8/site-packages/carma_driver_msgs/srv/_set_enable_robotic_s.c
[2.197s] -- Up-to-date: /home/mmitss/Documents/cda-mmitss/other/install/carma_driver_msgs/lib/python3.8/site-packages/carma_driver_msgs/srv/_get_drivers_with_capabilities.py
[2.197s] -- Up-to-date: /home/mmitss/Documents/cda-mmitss/other/install/carma_driver_msgs/lib/python3.8/site-packages/carma_driver_msgs/srv/_get_driver_api.py
[2.197s] -- Up-to-date: /home/mmitss/Documents/cda-mmitss/other/install/carma_driver_msgs/lib/python3.8/site-packages/carma_driver_msgs/srv/_set_light_bar_indicator.py
[2.197s] -- Up-to-date: /home/mmitss/Documents/cda-mmitss/other/install/carma_driver_msgs/lib/python3.8/site-packages/carma_driver_msgs/srv/_get_driver_status_s.c
[2.197s] -- Up-to-date: /home/mmitss/Documents/cda-mmitss/other/install/carma_driver_msgs/lib/python3.8/site-packages/carma_driver_msgs/srv/_set_lights_s.c
[2.197s] -- Up-to-date: /home/mmitss/Documents/cda-mmitss/other/install/carma_driver_msgs/lib/python3.8/site-packages/carma_driver_msgs/srv/_set_enable_robotic.py
[2.197s] -- Up-to-date: /home/mmitss/Documents/cda-mmitss/other/install/carma_driver_msgs/lib/python3.8/site-packages/carma_driver_msgs/srv/_send_message_s.c
[2.197s] -- Up-to-date: /home/mmitss/Documents/cda-mmitss/other/install/carma_driver_msgs/lib/python3.8/site-packages/carma_driver_msgs/srv/_get_lights_s.c
[2.198s] -- Up-to-date: /home/mmitss/Documents/cda-mmitss/other/install/carma_driver_msgs/lib/python3.8/site-packages/carma_driver_msgs/srv/_get_lights.py
[2.198s] -- Up-to-date: /home/mmitss/Documents/cda-mmitss/other/install/carma_driver_msgs/lib/python3.8/site-packages/carma_driver_msgs/srv/_get_drivers_with_capabilities_s.c
[2.198s] -- Up-to-date: /home/mmitss/Documents/cda-mmitss/other/install/carma_driver_msgs/lib/python3.8/site-packages/carma_driver_msgs/srv/_get_driver_status.py
[2.198s] -- Up-to-date: /home/mmitss/Documents/cda-mmitss/other/install/carma_driver_msgs/lib/python3.8/site-packages/carma_driver_msgs/srv/_get_driver_api_s.c
[2.198s] -- Up-to-date: /home/mmitss/Documents/cda-mmitss/other/install/carma_driver_msgs/lib/python3.8/site-packages/carma_driver_msgs/srv/_send_message.py
[2.198s] -- Up-to-date: /home/mmitss/Documents/cda-mmitss/other/install/carma_driver_msgs/lib/python3.8/site-packages/carma_driver_msgs/srv/_set_lights.py
[2.198s] -- Up-to-date: /home/mmitss/Documents/cda-mmitss/other/install/carma_driver_msgs/lib/python3.8/site-packages/carma_driver_msgs/srv/__init__.py
[2.198s] -- Up-to-date: /home/mmitss/Documents/cda-mmitss/other/install/carma_driver_msgs/lib/python3.8/site-packages/carma_driver_msgs/srv/_set_light_bar_indicator_s.c
[2.198s] -- Up-to-date: /home/mmitss/Documents/cda-mmitss/other/install/carma_driver_msgs/lib/python3.8/site-packages/carma_driver_msgs/carma_driver_msgs_s__rosidl_typesupport_fastrtps_c.cpython-38-x86_64-linux-gnu.so
[2.199s] -- Up-to-date: /home/mmitss/Documents/cda-mmitss/other/install/carma_driver_msgs/lib/python3.8/site-packages/carma_driver_msgs/carma_driver_msgs_s__rosidl_typesupport_introspection_c.cpython-38-x86_64-linux-gnu.so
[2.199s] -- Up-to-date: /home/mmitss/Documents/cda-mmitss/other/install/carma_driver_msgs/lib/python3.8/site-packages/carma_driver_msgs/carma_driver_msgs_s__rosidl_typesupport_c.cpython-38-x86_64-linux-gnu.so
[2.199s] -- Up-to-date: /home/mmitss/Documents/cda-mmitss/other/install/carma_driver_msgs/lib/libcarma_driver_msgs__python.so
[2.199s] -- Up-to-date: /home/mmitss/Documents/cda-mmitss/other/install/carma_driver_msgs/share/carma_driver_msgs/msg/ByteArray.idl
[2.200s] -- Up-to-date: /home/mmitss/Documents/cda-mmitss/other/install/carma_driver_msgs/share/carma_driver_msgs/msg/DriverStatus.idl
[2.200s] -- Up-to-date: /home/mmitss/Documents/cda-mmitss/other/install/carma_driver_msgs/share/carma_driver_msgs/msg/HeadingStamped.idl
[2.200s] -- Up-to-date: /home/mmitss/Documents/cda-mmitss/other/install/carma_driver_msgs/share/carma_driver_msgs/msg/LightBarStatus.idl
[2.200s] -- Up-to-date: /home/mmitss/Documents/cda-mmitss/other/install/carma_driver_msgs/share/carma_driver_msgs/msg/RobotEnabled.idl
[2.200s] -- Up-to-date: /home/mmitss/Documents/cda-mmitss/other/install/carma_driver_msgs/share/carma_driver_msgs/msg/TrailerAngle.idl
[2.200s] -- Up-to-date: /home/mmitss/Documents/cda-mmitss/other/install/carma_driver_msgs/share/carma_driver_msgs/msg/TurnSignal.idl
[2.200s] -- Up-to-date: /home/mmitss/Documents/cda-mmitss/other/install/carma_driver_msgs/share/carma_driver_msgs/srv/GetDriverApi.idl
[2.200s] -- Up-to-date: /home/mmitss/Documents/cda-mmitss/other/install/carma_driver_msgs/share/carma_driver_msgs/srv/GetDriverStatus.idl
[2.201s] -- Up-to-date: /home/mmitss/Documents/cda-mmitss/other/install/carma_driver_msgs/share/carma_driver_msgs/srv/GetDriversWithCapabilities.idl
[2.201s] -- Up-to-date: /home/mmitss/Documents/cda-mmitss/other/install/carma_driver_msgs/share/carma_driver_msgs/srv/GetLights.idl
[2.201s] -- Up-to-date: /home/mmitss/Documents/cda-mmitss/other/install/carma_driver_msgs/share/carma_driver_msgs/srv/SendMessage.idl
[2.201s] -- Up-to-date: /home/mmitss/Documents/cda-mmitss/other/install/carma_driver_msgs/share/carma_driver_msgs/srv/SetEnableRobotic.idl
[2.201s] -- Up-to-date: /home/mmitss/Documents/cda-mmitss/other/install/carma_driver_msgs/share/carma_driver_msgs/srv/SetLightBarIndicator.idl
[2.201s] -- Up-to-date: /home/mmitss/Documents/cda-mmitss/other/install/carma_driver_msgs/share/carma_driver_msgs/srv/SetLights.idl
[2.201s] -- Up-to-date: /home/mmitss/Documents/cda-mmitss/other/install/carma_driver_msgs/share/carma_driver_msgs/msg/ByteArray.msg
[2.201s] -- Up-to-date: /home/mmitss/Documents/cda-mmitss/other/install/carma_driver_msgs/share/carma_driver_msgs/msg/DriverStatus.msg
[2.201s] -- Up-to-date: /home/mmitss/Documents/cda-mmitss/other/install/carma_driver_msgs/share/carma_driver_msgs/msg/HeadingStamped.msg
[2.202s] -- Up-to-date: /home/mmitss/Documents/cda-mmitss/other/install/carma_driver_msgs/share/carma_driver_msgs/msg/LightBarStatus.msg
[2.202s] -- Up-to-date: /home/mmitss/Documents/cda-mmitss/other/install/carma_driver_msgs/share/carma_driver_msgs/msg/RobotEnabled.msg
[2.202s] -- Up-to-date: /home/mmitss/Documents/cda-mmitss/other/install/carma_driver_msgs/share/carma_driver_msgs/msg/TrailerAngle.msg
[2.202s] -- Up-to-date: /home/mmitss/Documents/cda-mmitss/other/install/carma_driver_msgs/share/carma_driver_msgs/msg/TurnSignal.msg
[2.202s] -- Up-to-date: /home/mmitss/Documents/cda-mmitss/other/install/carma_driver_msgs/share/carma_driver_msgs/srv/GetDriverApi.srv
[2.202s] -- Up-to-date: /home/mmitss/Documents/cda-mmitss/other/install/carma_driver_msgs/share/carma_driver_msgs/srv/GetDriverApi_Request.msg
[2.202s] -- Up-to-date: /home/mmitss/Documents/cda-mmitss/other/install/carma_driver_msgs/share/carma_driver_msgs/srv/GetDriverApi_Response.msg
[2.202s] -- Up-to-date: /home/mmitss/Documents/cda-mmitss/other/install/carma_driver_msgs/share/carma_driver_msgs/srv/GetDriverStatus.srv
[2.202s] -- Up-to-date: /home/mmitss/Documents/cda-mmitss/other/install/carma_driver_msgs/share/carma_driver_msgs/srv/GetDriverStatus_Request.msg
[2.202s] -- Up-to-date: /home/mmitss/Documents/cda-mmitss/other/install/carma_driver_msgs/share/carma_driver_msgs/srv/GetDriverStatus_Response.msg
[2.203s] -- Up-to-date: /home/mmitss/Documents/cda-mmitss/other/install/carma_driver_msgs/share/carma_driver_msgs/srv/GetDriversWithCapabilities.srv
[2.203s] -- Up-to-date: /home/mmitss/Documents/cda-mmitss/other/install/carma_driver_msgs/share/carma_driver_msgs/srv/GetDriversWithCapabilities_Request.msg
[2.203s] -- Up-to-date: /home/mmitss/Documents/cda-mmitss/other/install/carma_driver_msgs/share/carma_driver_msgs/srv/GetDriversWithCapabilities_Response.msg
[2.203s] -- Up-to-date: /home/mmitss/Documents/cda-mmitss/other/install/carma_driver_msgs/share/carma_driver_msgs/srv/GetLights.srv
[2.203s] -- Up-to-date: /home/mmitss/Documents/cda-mmitss/other/install/carma_driver_msgs/share/carma_driver_msgs/srv/GetLights_Request.msg
[2.203s] -- Up-to-date: /home/mmitss/Documents/cda-mmitss/other/install/carma_driver_msgs/share/carma_driver_msgs/srv/GetLights_Response.msg
[2.203s] -- Up-to-date: /home/mmitss/Documents/cda-mmitss/other/install/carma_driver_msgs/share/carma_driver_msgs/srv/SendMessage.srv
[2.203s] -- Up-to-date: /home/mmitss/Documents/cda-mmitss/other/install/carma_driver_msgs/share/carma_driver_msgs/srv/SendMessage_Request.msg
[2.204s] -- Up-to-date: /home/mmitss/Documents/cda-mmitss/other/install/carma_driver_msgs/share/carma_driver_msgs/srv/SendMessage_Response.msg
[2.204s] -- Up-to-date: /home/mmitss/Documents/cda-mmitss/other/install/carma_driver_msgs/share/carma_driver_msgs/srv/SetEnableRobotic.srv
[2.204s] -- Up-to-date: /home/mmitss/Documents/cda-mmitss/other/install/carma_driver_msgs/share/carma_driver_msgs/srv/SetEnableRobotic_Request.msg
[2.204s] -- Up-to-date: /home/mmitss/Documents/cda-mmitss/other/install/carma_driver_msgs/share/carma_driver_msgs/srv/SetEnableRobotic_Response.msg
[2.204s] -- Up-to-date: /home/mmitss/Documents/cda-mmitss/other/install/carma_driver_msgs/share/carma_driver_msgs/srv/SetLightBarIndicator.srv
[2.204s] -- Up-to-date: /home/mmitss/Documents/cda-mmitss/other/install/carma_driver_msgs/share/carma_driver_msgs/srv/SetLightBarIndicator_Request.msg
[2.204s] -- Up-to-date: /home/mmitss/Documents/cda-mmitss/other/install/carma_driver_msgs/share/carma_driver_msgs/srv/SetLightBarIndicator_Response.msg
[2.204s] -- Up-to-date: /home/mmitss/Documents/cda-mmitss/other/install/carma_driver_msgs/share/carma_driver_msgs/srv/SetLights.srv
[2.205s] -- Up-to-date: /home/mmitss/Documents/cda-mmitss/other/install/carma_driver_msgs/share/carma_driver_msgs/srv/SetLights_Request.msg
[2.205s] -- Up-to-date: /home/mmitss/Documents/cda-mmitss/other/install/carma_driver_msgs/share/carma_driver_msgs/srv/SetLights_Response.msg
[2.205s] -- Up-to-date: /home/mmitss/Documents/cda-mmitss/other/install/carma_driver_msgs/share/ament_index/resource_index/package_run_dependencies/carma_driver_msgs
[2.205s] -- Up-to-date: /home/mmitss/Documents/cda-mmitss/other/install/carma_driver_msgs/share/ament_index/resource_index/parent_prefix_path/carma_driver_msgs
[2.205s] -- Up-to-date: /home/mmitss/Documents/cda-mmitss/other/install/carma_driver_msgs/share/carma_driver_msgs/environment/ament_prefix_path.sh
[2.205s] -- Up-to-date: /home/mmitss/Documents/cda-mmitss/other/install/carma_driver_msgs/share/carma_driver_msgs/environment/ament_prefix_path.dsv
[2.205s] -- Up-to-date: /home/mmitss/Documents/cda-mmitss/other/install/carma_driver_msgs/share/carma_driver_msgs/environment/path.sh
[2.205s] -- Up-to-date: /home/mmitss/Documents/cda-mmitss/other/install/carma_driver_msgs/share/carma_driver_msgs/environment/path.dsv
[2.206s] -- Up-to-date: /home/mmitss/Documents/cda-mmitss/other/install/carma_driver_msgs/share/carma_driver_msgs/local_setup.bash
[2.206s] -- Up-to-date: /home/mmitss/Documents/cda-mmitss/other/install/carma_driver_msgs/share/carma_driver_msgs/local_setup.sh
[2.206s] -- Up-to-date: /home/mmitss/Documents/cda-mmitss/other/install/carma_driver_msgs/share/carma_driver_msgs/local_setup.zsh
[2.206s] -- Up-to-date: /home/mmitss/Documents/cda-mmitss/other/install/carma_driver_msgs/share/carma_driver_msgs/local_setup.dsv
[2.206s] -- Installing: /home/mmitss/Documents/cda-mmitss/other/install/carma_driver_msgs/share/carma_driver_msgs/package.dsv
[2.206s] -- Up-to-date: /home/mmitss/Documents/cda-mmitss/other/install/carma_driver_msgs/share/ament_index/resource_index/packages/carma_driver_msgs
[2.207s] -- Up-to-date: /home/mmitss/Documents/cda-mmitss/other/install/carma_driver_msgs/share/carma_driver_msgs/cmake/carma_driver_msgs__rosidl_generator_cExport.cmake
[2.207s] -- Up-to-date: /home/mmitss/Documents/cda-mmitss/other/install/carma_driver_msgs/share/carma_driver_msgs/cmake/carma_driver_msgs__rosidl_generator_cExport-release.cmake
[2.207s] -- Up-to-date: /home/mmitss/Documents/cda-mmitss/other/install/carma_driver_msgs/share/carma_driver_msgs/cmake/carma_driver_msgs__rosidl_typesupport_introspection_cExport.cmake
[2.207s] -- Up-to-date: /home/mmitss/Documents/cda-mmitss/other/install/carma_driver_msgs/share/carma_driver_msgs/cmake/carma_driver_msgs__rosidl_typesupport_introspection_cExport-release.cmake
[2.208s] -- Up-to-date: /home/mmitss/Documents/cda-mmitss/other/install/carma_driver_msgs/share/carma_driver_msgs/cmake/carma_driver_msgs__rosidl_typesupport_cExport.cmake
[2.208s] -- Up-to-date: /home/mmitss/Documents/cda-mmitss/other/install/carma_driver_msgs/share/carma_driver_msgs/cmake/carma_driver_msgs__rosidl_typesupport_cExport-release.cmake
[2.208s] -- Up-to-date: /home/mmitss/Documents/cda-mmitss/other/install/carma_driver_msgs/share/carma_driver_msgs/cmake/carma_driver_msgs__rosidl_generator_cppExport.cmake
[2.208s] -- Up-to-date: /home/mmitss/Documents/cda-mmitss/other/install/carma_driver_msgs/share/carma_driver_msgs/cmake/carma_driver_msgs__rosidl_typesupport_introspection_cppExport.cmake
[2.209s] -- Up-to-date: /home/mmitss/Documents/cda-mmitss/other/install/carma_driver_msgs/share/carma_driver_msgs/cmake/carma_driver_msgs__rosidl_typesupport_introspection_cppExport-release.cmake
[2.209s] -- Up-to-date: /home/mmitss/Documents/cda-mmitss/other/install/carma_driver_msgs/share/carma_driver_msgs/cmake/carma_driver_msgs__rosidl_typesupport_cppExport.cmake
[2.209s] -- Up-to-date: /home/mmitss/Documents/cda-mmitss/other/install/carma_driver_msgs/share/carma_driver_msgs/cmake/carma_driver_msgs__rosidl_typesupport_cppExport-release.cmake
[2.209s] -- Up-to-date: /home/mmitss/Documents/cda-mmitss/other/install/carma_driver_msgs/share/carma_driver_msgs/cmake/rosidl_cmake-extras.cmake
[2.209s] -- Up-to-date: /home/mmitss/Documents/cda-mmitss/other/install/carma_driver_msgs/share/carma_driver_msgs/cmake/ament_cmake_export_dependencies-extras.cmake
[2.209s] -- Up-to-date: /home/mmitss/Documents/cda-mmitss/other/install/carma_driver_msgs/share/carma_driver_msgs/cmake/ament_cmake_export_libraries-extras.cmake
[2.210s] -- Up-to-date: /home/mmitss/Documents/cda-mmitss/other/install/carma_driver_msgs/share/carma_driver_msgs/cmake/ament_cmake_export_targets-extras.cmake
[2.210s] -- Up-to-date: /home/mmitss/Documents/cda-mmitss/other/install/carma_driver_msgs/share/carma_driver_msgs/cmake/ament_cmake_export_include_directories-extras.cmake
[2.210s] -- Up-to-date: /home/mmitss/Documents/cda-mmitss/other/install/carma_driver_msgs/share/carma_driver_msgs/cmake/rosidl_cmake_export_typesupport_libraries-extras.cmake
[2.210s] -- Up-to-date: /home/mmitss/Documents/cda-mmitss/other/install/carma_driver_msgs/share/carma_driver_msgs/cmake/rosidl_cmake_export_typesupport_targets-extras.cmake
[2.210s] -- Up-to-date: /home/mmitss/Documents/cda-mmitss/other/install/carma_driver_msgs/share/carma_driver_msgs/cmake/carma_driver_msgsConfig.cmake
[2.210s] -- Up-to-date: /home/mmitss/Documents/cda-mmitss/other/install/carma_driver_msgs/share/carma_driver_msgs/cmake/carma_driver_msgsConfig-version.cmake
[2.210s] -- Up-to-date: /home/mmitss/Documents/cda-mmitss/other/install/carma_driver_msgs/share/carma_driver_msgs/package.xml
[2.211s] -- Up-to-date: /home/mmitss/Documents/cda-mmitss/other/install/carma_driver_msgs/share/carma_driver_msgs/rule.yml
[2.218s] Invoked command in '/home/mmitss/Documents/cda-mmitss/other/build/carma_driver_msgs' returned '0': CMAKE_PREFIX_PATH=/home/mmitss/Documents/cda-mmitss/other/install/carma_msgs:/home/mmitss/Documents/cda-mmitss/other/install/carma_cmake_common:/home/mmitss/Documents/cda-mmitss/other/install/carma_debug_ros2_msgs:/home/mmitss/Documents/cda-mmitss/other/install/carma_planning_msgs:/home/mmitss/Documents/cda-mmitss/other/install/carma_v2x_msgs:/home/mmitss/Documents/cda-mmitss/other/install/j3224_v2x_msgs:/home/mmitss/Documents/cda-mmitss/other/install/j2735_v2x_msgs:/home/mmitss/Documents/cda-mmitss/other/install/carma_perception_msgs:/home/mmitss/Documents/cda-mmitss/other/install/carma_driver_msgs:/home/mmitss/Documents/cda-mmitss/other/install/carma_localization_msgs:/home/mmitss/Documents/cda-mmitss/other/install/can_msgs:/opt/ros/foxy CONDA_PROMPT_MODIFIER=(base) LD_LIBRARY_PATH=/home/mmitss/Documents/cda-mmitss/other/install/carma_msgs/lib:/home/mmitss/Documents/cda-mmitss/other/install/carma_debug_ros2_msgs/lib:/home/mmitss/Documents/cda-mmitss/other/install/carma_planning_msgs/lib:/home/mmitss/Documents/cda-mmitss/other/install/carma_v2x_msgs/lib:/home/mmitss/Documents/cda-mmitss/other/install/j3224_v2x_msgs/lib:/home/mmitss/Documents/cda-mmitss/other/install/j2735_v2x_msgs/lib:/home/mmitss/Documents/cda-mmitss/other/install/carma_perception_msgs/lib:/home/mmitss/Documents/cda-mmitss/other/install/carma_driver_msgs/lib:/home/mmitss/Documents/cda-mmitss/other/install/carma_localization_msgs/lib:/home/mmitss/Documents/cda-mmitss/other/install/can_msgs/lib:/opt/ros/foxy/opt/yaml_cpp_vendor/lib:/opt/ros/foxy/opt/rviz_ogre_vendor/lib:/opt/ros/foxy/lib/x86_64-linux-gnu:/opt/ros/foxy/lib:/opt/ibm/ILOG/CPLEX_Studio221/cplex/lib/x86-64_linux:/opt/ibm/ILOG/CPLEX_Studio221/concert/lib/x86-64_linux PYTHONPATH=/home/mmitss/Documents/cda-mmitss/other/install/carma_msgs/lib/python3.8/site-packages:/home/mmitss/Documents/cda-mmitss/other/install/carma_debug_ros2_msgs/lib/python3.8/site-packages:/home/mmitss/Documents/cda-mmitss/other/install/carma_planning_msgs/lib/python3.8/site-packages:/home/mmitss/Documents/cda-mmitss/other/install/carma_v2x_msgs/lib/python3.8/site-packages:/home/mmitss/Documents/cda-mmitss/other/install/j3224_v2x_msgs/lib/python3.8/site-packages:/home/mmitss/Documents/cda-mmitss/other/install/j2735_v2x_msgs/lib/python3.8/site-packages:/home/mmitss/Documents/cda-mmitss/other/install/carma_perception_msgs/lib/python3.8/site-packages:/home/mmitss/Documents/cda-mmitss/other/install/carma_driver_msgs/lib/python3.8/site-packages:/home/mmitss/Documents/cda-mmitss/other/install/carma_localization_msgs/lib/python3.8/site-packages:/home/mmitss/Documents/cda-mmitss/other/install/can_msgs/lib/python3.8/site-packages:/opt/ros/foxy/lib/python3.8/site-packages /usr/bin/cmake --install /home/mmitss/Documents/cda-mmitss/other/build/carma_driver_msgs
