In file included from [01m[K/home/mmitss/Documents/cda-mmitss/mmitss/src/common/MsgTransceiver/CarmaDecoderRos2/../../../../3rdparty/asn1j2735/include/dsrcBSM.h:12[m[K,
                 from [01m[K/home/mmitss/Documents/cda-mmitss/mmitss/src/common/MsgTransceiver/CarmaDecoderRos2/../../../../3rdparty/asn1j2735/include/dsrcFrame.h:12[m[K,
                 from [01m[K/home/mmitss/Documents/cda-mmitss/mmitss/src/common/MsgTransceiver/CarmaDecoderRos2/../../../../3rdparty/asn1j2735/include/AsnJ2735Lib.h:14[m[K,
                 from [01m[K/home/mmitss/Documents/cda-mmitss/mmitss/src/common/MsgTransceiver/CarmaDecoderRos2/src/carma-transceiver-decoder.cpp:10[m[K:
[01m[K/home/mmitss/Documents/cda-mmitss/mmitss/src/common/MsgTransceiver/CarmaDecoderRos2/../../../../3rdparty/asn1j2735/include/msgEnum.h:71:3:[m[K [01;35m[Kwarning: [m[Kextra ‘[01m[K;[m[K’ [[01;35m[K-Wpedantic[m[K]
   71 |  }[01;35m[K;[m[K
      |   [01;35m[K^[m[K
In file included from [01m[K/home/mmitss/Documents/cda-mmitss/mmitss/src/common/MsgTransceiver/CarmaDecoderRos2/src/carma-transceiver-decoder.cpp:10[m[K:
[01m[K/home/mmitss/Documents/cda-mmitss/mmitss/src/common/MsgTransceiver/CarmaDecoderRos2/../../../../3rdparty/asn1j2735/include/AsnJ2735Lib.h:21:2:[m[K [01;35m[Kwarning: [m[Kextra ‘[01m[K;[m[K’ [[01;35m[K-Wpedantic[m[K]
   21 | }[01;35m[K;[m[K
      |  [01;35m[K^[m[K
In file included from [01m[K/home/mmitss/Documents/cda-mmitss/mmitss/src/common/MsgTransceiver/CarmaDecoderRos2/../../../../3rdparty/mapengine/include/geoUtils.h:15[m[K,
                 from [01m[K/home/mmitss/Documents/cda-mmitss/mmitss/src/common/MsgTransceiver/CarmaDecoderRos2/../../../../3rdparty/mapengine/include/mapDataStruct.h:16[m[K,
                 from [01m[K/home/mmitss/Documents/cda-mmitss/mmitss/src/common/MsgTransceiver/CarmaDecoderRos2/src/locAware.h:15[m[K,
                 from [01m[K/home/mmitss/Documents/cda-mmitss/mmitss/src/common/MsgTransceiver/CarmaDecoderRos2/src/carma-transceiver-decoder.cpp:11[m[K:
[01m[K/home/mmitss/Documents/cda-mmitss/mmitss/src/common/MsgTransceiver/CarmaDecoderRos2/../../../../3rdparty/asn1j2735/include/dsrcConsts.h:30:28:[m[K [01;35m[Kwarning: [m[Kextra ‘[01m[K;[m[K’ [[01;35m[K-Wpedantic[m[K]
   30 |   {return(d / rad2degree);}[01;35m[K;[m[K
      |                            [01;35m[K^[m[K
[01m[K/home/mmitss/Documents/cda-mmitss/mmitss/src/common/MsgTransceiver/CarmaDecoderRos2/../../../../3rdparty/asn1j2735/include/dsrcConsts.h:32:28:[m[K [01;35m[Kwarning: [m[Kextra ‘[01m[K;[m[K’ [[01;35m[K-Wpedantic[m[K]
   32 |   {return(d * rad2degree);}[01;35m[K;[m[K
      |                            [01;35m[K^[m[K
[01m[K/home/mmitss/Documents/cda-mmitss/mmitss/src/common/MsgTransceiver/CarmaDecoderRos2/../../../../3rdparty/asn1j2735/include/dsrcConsts.h:35:45:[m[K [01;35m[Kwarning: [m[Kextra ‘[01m[K;[m[K’ [[01;35m[K-Wpedantic[m[K]
   35 |   {return(static_cast<double>(d) / damega);}[01;35m[K;[m[K
      |                                             [01;35m[K^[m[K
[01m[K/home/mmitss/Documents/cda-mmitss/mmitss/src/common/MsgTransceiver/CarmaDecoderRos2/../../../../3rdparty/asn1j2735/include/dsrcConsts.h:38:47:[m[K [01;35m[Kwarning: [m[Kextra ‘[01m[K;[m[K’ [[01;35m[K-Wpedantic[m[K]
   38 |   {return(static_cast<T>(round(d * damega)));}[01;35m[K;[m[K
      |                                               [01;35m[K^[m[K
[01m[K/home/mmitss/Documents/cda-mmitss/mmitss/src/common/MsgTransceiver/CarmaDecoderRos2/../../../../3rdparty/asn1j2735/include/dsrcConsts.h:41:44:[m[K [01;35m[Kwarning: [m[Kextra ‘[01m[K;[m[K’ [[01;35m[K-Wpedantic[m[K]
   41 |   {return(static_cast<double>(d) / hecto);}[01;35m[K;[m[K
      |                                            [01;35m[K^[m[K
[01m[K/home/mmitss/Documents/cda-mmitss/mmitss/src/common/MsgTransceiver/CarmaDecoderRos2/../../../../3rdparty/asn1j2735/include/dsrcConsts.h:44:46:[m[K [01;35m[Kwarning: [m[Kextra ‘[01m[K;[m[K’ [[01;35m[K-Wpedantic[m[K]
   44 |   {return(static_cast<T>(round(d * hecto)));}[01;35m[K;[m[K
      |                                              [01;35m[K^[m[K
[01m[K/home/mmitss/Documents/cda-mmitss/mmitss/src/common/MsgTransceiver/CarmaDecoderRos2/../../../../3rdparty/asn1j2735/include/dsrcConsts.h:78:2:[m[K [01;35m[Kwarning: [m[Kextra ‘[01m[K;[m[K’ [[01;35m[K-Wpedantic[m[K]
   78 | }[01;35m[K;[m[K
      |  [01;35m[K^[m[K
In file included from [01m[K/home/mmitss/Documents/cda-mmitss/mmitss/src/common/MsgTransceiver/CarmaDecoderRos2/../../../../3rdparty/mapengine/include/mapDataStruct.h:16[m[K,
                 from [01m[K/home/mmitss/Documents/cda-mmitss/mmitss/src/common/MsgTransceiver/CarmaDecoderRos2/src/locAware.h:15[m[K,
                 from [01m[K/home/mmitss/Documents/cda-mmitss/mmitss/src/common/MsgTransceiver/CarmaDecoderRos2/src/carma-transceiver-decoder.cpp:11[m[K:
[01m[K/home/mmitss/Documents/cda-mmitss/mmitss/src/common/MsgTransceiver/CarmaDecoderRos2/../../../../3rdparty/mapengine/include/geoUtils.h:285:2:[m[K [01;35m[Kwarning: [m[Kextra ‘[01m[K;[m[K’ [[01;35m[K-Wpedantic[m[K]
  285 | }[01;35m[K;[m[K
      |  [01;35m[K^[m[K
In file included from [01m[K/home/mmitss/Documents/cda-mmitss/mmitss/src/common/MsgTransceiver/CarmaDecoderRos2/src/locAware.h:15[m[K,
                 from [01m[K/home/mmitss/Documents/cda-mmitss/mmitss/src/common/MsgTransceiver/CarmaDecoderRos2/src/carma-transceiver-decoder.cpp:11[m[K:
[01m[K/home/mmitss/Documents/cda-mmitss/mmitss/src/common/MsgTransceiver/CarmaDecoderRos2/../../../../3rdparty/mapengine/include/mapDataStruct.h:127:2:[m[K [01;35m[Kwarning: [m[Kextra ‘[01m[K;[m[K’ [[01;35m[K-Wpedantic[m[K]
  127 | }[01;35m[K;[m[K
      |  [01;35m[K^[m[K
/usr/bin/ld: CMakeFiles/M_CarmaMsgDecoder.dir/src/carma-inbound-listener.cpp.o: in function `InboundMsgListener::InboundMsgListener()':
carma-inbound-listener.cpp:(.text+0x3a): undefined reference to `Json::Value::Value(Json::ValueType)'
/usr/bin/ld: carma-inbound-listener.cpp:(.text+0x50): undefined reference to `Json::Value::operator[](char const*)'
/usr/bin/ld: carma-inbound-listener.cpp:(.text+0x69): undefined reference to `Json::Value::asString[abi:cxx11]() const'
/usr/bin/ld: carma-inbound-listener.cpp:(.text+0x7f): undefined reference to `Json::Value::operator[](char const*)'
/usr/bin/ld: carma-inbound-listener.cpp:(.text+0x98): undefined reference to `Json::Value::asString[abi:cxx11]() const'
/usr/bin/ld: carma-inbound-listener.cpp:(.text+0xae): undefined reference to `Json::Value::operator[](char const*)'
/usr/bin/ld: carma-inbound-listener.cpp:(.text+0xc7): undefined reference to `Json::Value::asString[abi:cxx11]() const'
/usr/bin/ld: carma-inbound-listener.cpp:(.text+0xdd): undefined reference to `Json::Value::operator[](char const*)'
/usr/bin/ld: carma-inbound-listener.cpp:(.text+0xe5): undefined reference to `Json::Value::asBool() const'
/usr/bin/ld: carma-inbound-listener.cpp:(.text+0x108): undefined reference to `Json::Value::operator[](char const*)'
/usr/bin/ld: carma-inbound-listener.cpp:(.text+0x117): undefined reference to `Json::Value::operator[](char const*)'
/usr/bin/ld: carma-inbound-listener.cpp:(.text+0x11f): undefined reference to `Json::Value::asInt() const'
/usr/bin/ld: carma-inbound-listener.cpp:(.text+0x142): undefined reference to `Json::Value::operator[](char const*)'
/usr/bin/ld: carma-inbound-listener.cpp:(.text+0x151): undefined reference to `Json::Value::operator[](char const*)'
/usr/bin/ld: carma-inbound-listener.cpp:(.text+0x159): undefined reference to `Json::Value::asInt() const'
/usr/bin/ld: carma-inbound-listener.cpp:(.text+0x17c): undefined reference to `Json::Value::operator[](char const*)'
/usr/bin/ld: carma-inbound-listener.cpp:(.text+0x18b): undefined reference to `Json::Value::operator[](char const*)'
/usr/bin/ld: carma-inbound-listener.cpp:(.text+0x193): undefined reference to `Json::Value::asInt() const'
/usr/bin/ld: carma-inbound-listener.cpp:(.text+0x1b6): undefined reference to `Json::Value::operator[](char const*)'
/usr/bin/ld: carma-inbound-listener.cpp:(.text+0x1c5): undefined reference to `Json::Value::operator[](char const*)'
/usr/bin/ld: carma-inbound-listener.cpp:(.text+0x1cd): undefined reference to `Json::Value::asInt() const'
/usr/bin/ld: carma-inbound-listener.cpp:(.text+0x295): undefined reference to `Json::CharReaderBuilder::CharReaderBuilder()'
/usr/bin/ld: carma-inbound-listener.cpp:(.text+0x2a4): undefined reference to `Json::CharReaderBuilder::newCharReader() const'
/usr/bin/ld: carma-inbound-listener.cpp:(.text+0x35e): undefined reference to `Json::CharReaderBuilder::~CharReaderBuilder()'
/usr/bin/ld: carma-inbound-listener.cpp:(.text+0x3db): undefined reference to `Json::CharReaderBuilder::~CharReaderBuilder()'
/usr/bin/ld: carma-inbound-listener.cpp:(.text+0x46e): undefined reference to `Json::Value::~Value()'
/usr/bin/ld: CMakeFiles/M_CarmaMsgDecoder.dir/src/carma-inbound-listener.cpp.o: in function `InboundMsgListener::~InboundMsgListener()':
carma-inbound-listener.cpp:(.text+0x4d8): undefined reference to `Json::Value::~Value()'
/usr/bin/ld: CMakeFiles/M_CarmaMsgDecoder.dir/src/carma-inbound-listener.cpp.o: in function `InboundMsgListener::inboundMsgCallback(std::shared_ptr<carma_driver_msgs::msg::ByteArray_<std::allocator<void> > >)':
carma-inbound-listener.cpp:(.text+0x52e): undefined reference to `Json::Value::operator[](char const*)'
/usr/bin/ld: carma-inbound-listener.cpp:(.text+0x53d): undefined reference to `Json::Value::operator[](char const*)'
/usr/bin/ld: carma-inbound-listener.cpp:(.text+0x54c): undefined reference to `Json::Value::operator[](char const*)'
/usr/bin/ld: carma-inbound-listener.cpp:(.text+0x554): undefined reference to `Json::Value::asInt() const'
/usr/bin/ld: carma-inbound-listener.cpp:(.text+0x568): undefined reference to `UdpSocket::UdpSocket(unsigned short)'
/usr/bin/ld: carma-inbound-listener.cpp:(.text+0x6d3): undefined reference to `UdpSocket::sendData(std::__cxx11::basic_string<char, std::char_traits<char>, std::allocator<char> >, unsigned short, std::__cxx11::basic_string<char, std::char_traits<char>, std::allocator<char> >)'
/usr/bin/ld: carma-inbound-listener.cpp:(.text+0x7ee): undefined reference to `UdpSocket::sendData(std::__cxx11::basic_string<char, std::char_traits<char>, std::allocator<char> >, unsigned short, std::__cxx11::basic_string<char, std::char_traits<char>, std::allocator<char> >)'
/usr/bin/ld: carma-inbound-listener.cpp:(.text+0x8b1): undefined reference to `UdpSocket::sendData(std::__cxx11::basic_string<char, std::char_traits<char>, std::allocator<char> >, unsigned short, std::__cxx11::basic_string<char, std::char_traits<char>, std::allocator<char> >)'
/usr/bin/ld: carma-inbound-listener.cpp:(.text+0x937): undefined reference to `UdpSocket::sendData(std::__cxx11::basic_string<char, std::char_traits<char>, std::allocator<char> >, unsigned short, std::__cxx11::basic_string<char, std::char_traits<char>, std::allocator<char> >)'
/usr/bin/ld: carma-inbound-listener.cpp:(.text+0xa59): undefined reference to `UdpSocket::sendData(std::__cxx11::basic_string<char, std::char_traits<char>, std::allocator<char> >, unsigned short, std::__cxx11::basic_string<char, std::char_traits<char>, std::allocator<char> >)'
/usr/bin/ld: CMakeFiles/M_CarmaMsgDecoder.dir/src/carma-inbound-listener.cpp.o:carma-inbound-listener.cpp:(.text+0xb83): more undefined references to `UdpSocket::sendData(std::__cxx11::basic_string<char, std::char_traits<char>, std::allocator<char> >, unsigned short, std::__cxx11::basic_string<char, std::char_traits<char>, std::allocator<char> >)' follow
/usr/bin/ld: CMakeFiles/M_CarmaMsgDecoder.dir/src/carma-inbound-listener.cpp.o: in function `InboundMsgListener::inboundMsgCallback(std::shared_ptr<carma_driver_msgs::msg::ByteArray_<std::allocator<void> > >)':
carma-inbound-listener.cpp:(.text+0xfb8): undefined reference to `UdpSocket::closeSocket()'
/usr/bin/ld: CMakeFiles/M_CarmaMsgDecoder.dir/src/carma-msg-decoder.cpp.o: in function `InboundMsgListener::InboundMsgListener(InboundMsgListener const&)':
carma-msg-decoder.cpp:(.text._ZN18InboundMsgListenerC2ERKS_[_ZN18InboundMsgListenerC5ERKS_]+0x24): undefined reference to `Json::Value::Value(Json::Value const&)'
/usr/bin/ld: carma-msg-decoder.cpp:(.text._ZN18InboundMsgListenerC2ERKS_[_ZN18InboundMsgListenerC5ERKS_]+0x121): undefined reference to `Json::Value::~Value()'
/usr/bin/ld: CMakeFiles/M_CarmaMsgDecoder.dir/src/carma-msg-decoder.cpp.o: in function `OutboundMsgListener::OutboundMsgListener(OutboundMsgListener const&)':
carma-msg-decoder.cpp:(.text._ZN19OutboundMsgListenerC2ERKS_[_ZN19OutboundMsgListenerC5ERKS_]+0x5b): undefined reference to `Json::Value::Value(Json::Value const&)'
/usr/bin/ld: CMakeFiles/M_CarmaMsgDecoder.dir/src/carma-outbound-listener.cpp.o: in function `OutboundMsgListener::OutboundMsgListener()':
carma-outbound-listener.cpp:(.text+0x40): undefined reference to `Json::Value::operator[](char const*)'
/usr/bin/ld: carma-outbound-listener.cpp:(.text+0x55): undefined reference to `Json::Value::asString[abi:cxx11]() const'
/usr/bin/ld: carma-outbound-listener.cpp:(.text+0x6f): undefined reference to `Json::Value::operator[](char const*)'
/usr/bin/ld: carma-outbound-listener.cpp:(.text+0x7e): undefined reference to `Json::Value::operator[](char const*)'
/usr/bin/ld: carma-outbound-listener.cpp:(.text+0x86): undefined reference to `Json::Value::asInt() const'
/usr/bin/ld: carma-outbound-listener.cpp:(.text+0xaa): undefined reference to `Json::Value::operator[](char const*)'
/usr/bin/ld: carma-outbound-listener.cpp:(.text+0xb9): undefined reference to `Json::Value::operator[](char const*)'
/usr/bin/ld: carma-outbound-listener.cpp:(.text+0xc1): undefined reference to `Json::Value::asInt() const'
/usr/bin/ld: carma-outbound-listener.cpp:(.text+0xe3): undefined reference to `Json::Value::Value(Json::ValueType)'
/usr/bin/ld: carma-outbound-listener.cpp:(.text+0x19e): undefined reference to `Json::CharReaderBuilder::CharReaderBuilder()'
/usr/bin/ld: carma-outbound-listener.cpp:(.text+0x1ad): undefined reference to `Json::CharReaderBuilder::newCharReader() const'
/usr/bin/ld: carma-outbound-listener.cpp:(.text+0x27d): undefined reference to `Json::CharReaderBuilder::~CharReaderBuilder()'
/usr/bin/ld: carma-outbound-listener.cpp:(.text+0x2fa): undefined reference to `Json::CharReaderBuilder::~CharReaderBuilder()'
/usr/bin/ld: carma-outbound-listener.cpp:(.text+0x33d): undefined reference to `Json::Value::~Value()'
/usr/bin/ld: CMakeFiles/M_CarmaMsgDecoder.dir/src/carma-outbound-listener.cpp.o: in function `OutboundMsgListener::~OutboundMsgListener()':
carma-outbound-listener.cpp:(.text+0x394): undefined reference to `Json::Value::~Value()'
/usr/bin/ld: CMakeFiles/M_CarmaMsgDecoder.dir/src/carma-outbound-listener.cpp.o: in function `OutboundMsgListener::outboundMsgCallback(std::shared_ptr<carma_driver_msgs::msg::ByteArray_<std::allocator<void> > >)':
carma-outbound-listener.cpp:(.text+0x3fa): undefined reference to `Json::Value::operator[](char const*)'
/usr/bin/ld: carma-outbound-listener.cpp:(.text+0x409): undefined reference to `Json::Value::operator[](char const*)'
/usr/bin/ld: carma-outbound-listener.cpp:(.text+0x411): undefined reference to `Json::Value::asInt() const'
/usr/bin/ld: carma-outbound-listener.cpp:(.text+0x425): undefined reference to `UdpSocket::UdpSocket(unsigned short)'
/usr/bin/ld: carma-outbound-listener.cpp:(.text+0x55a): undefined reference to `UdpSocket::sendData(std::__cxx11::basic_string<char, std::char_traits<char>, std::allocator<char> >, unsigned short, std::__cxx11::basic_string<char, std::char_traits<char>, std::allocator<char> >)'
/usr/bin/ld: carma-outbound-listener.cpp:(.text+0x5d9): undefined reference to `UdpSocket::sendData(std::__cxx11::basic_string<char, std::char_traits<char>, std::allocator<char> >, unsigned short, std::__cxx11::basic_string<char, std::char_traits<char>, std::allocator<char> >)'
/usr/bin/ld: carma-outbound-listener.cpp:(.text+0x6a2): undefined reference to `UdpSocket::sendData(std::__cxx11::basic_string<char, std::char_traits<char>, std::allocator<char> >, unsigned short, std::__cxx11::basic_string<char, std::char_traits<char>, std::allocator<char> >)'
/usr/bin/ld: carma-outbound-listener.cpp:(.text+0x6fc): undefined reference to `UdpSocket::closeSocket()'
/usr/bin/ld: CMakeFiles/M_CarmaMsgDecoder.dir/src/carma-transceiver-decoder.cpp.o: in function `TransceiverDecoder::TransceiverDecoder()':
carma-transceiver-decoder.cpp:(.text+0x2ea): undefined reference to `Json::Value::Value(Json::ValueType)'
/usr/bin/ld: carma-transceiver-decoder.cpp:(.text+0x392): undefined reference to `Json::CharReaderBuilder::CharReaderBuilder()'
/usr/bin/ld: carma-transceiver-decoder.cpp:(.text+0x3a1): undefined reference to `Json::CharReaderBuilder::newCharReader() const'
/usr/bin/ld: carma-transceiver-decoder.cpp:(.text+0x452): undefined reference to `Json::Value::operator[](char const*)'
/usr/bin/ld: carma-transceiver-decoder.cpp:(.text+0x467): undefined reference to `Json::Value::asString[abi:cxx11]() const'
/usr/bin/ld: carma-transceiver-decoder.cpp:(.text+0x4ac): undefined reference to `Json::Value::operator[](char const*)'
/usr/bin/ld: carma-transceiver-decoder.cpp:(.text+0x4c1): undefined reference to `Json::Value::asString[abi:cxx11]() const'
/usr/bin/ld: carma-transceiver-decoder.cpp:(.text+0x506): undefined reference to `Json::Value::operator[](char const*)'
/usr/bin/ld: carma-transceiver-decoder.cpp:(.text+0x50e): undefined reference to `Json::Value::asDouble() const'
/usr/bin/ld: carma-transceiver-decoder.cpp:(.text+0x577): undefined reference to `Json::CharReaderBuilder::~CharReaderBuilder()'
/usr/bin/ld: carma-transceiver-decoder.cpp:(.text+0x5a4): undefined reference to `Json::Value::~Value()'
/usr/bin/ld: carma-transceiver-decoder.cpp:(.text+0x6cf): undefined reference to `Json::CharReaderBuilder::~CharReaderBuilder()'
/usr/bin/ld: carma-transceiver-decoder.cpp:(.text+0x70e): undefined reference to `Json::Value::~Value()'
/usr/bin/ld: CMakeFiles/M_CarmaMsgDecoder.dir/src/carma-transceiver-decoder.cpp.o: in function `TransceiverDecoder::createJsonStringOfMapPayload(std::__cxx11::basic_string<char, std::char_traits<char>, std::allocator<char> >)':
carma-transceiver-decoder.cpp:(.text+0xab9): undefined reference to `Json::Value::Value(Json::ValueType)'
/usr/bin/ld: carma-transceiver-decoder.cpp:(.text+0xb61): undefined reference to `Json::CharReaderBuilder::CharReaderBuilder()'
/usr/bin/ld: carma-transceiver-decoder.cpp:(.text+0xb70): undefined reference to `Json::CharReaderBuilder::newCharReader() const'
/usr/bin/ld: carma-transceiver-decoder.cpp:(.text+0xc1f): undefined reference to `Json::Value::Value(Json::ValueType)'
/usr/bin/ld: carma-transceiver-decoder.cpp:(.text+0xc2e): undefined reference to `Json::StreamWriterBuilder::StreamWriterBuilder()'
/usr/bin/ld: carma-transceiver-decoder.cpp:(.text+0xc44): undefined reference to `Json::Value::Value(char const*)'
/usr/bin/ld: carma-transceiver-decoder.cpp:(.text+0xc89): undefined reference to `Json::StreamWriterBuilder::operator[](std::__cxx11::basic_string<char, std::char_traits<char>, std::allocator<char> > const&)'
/usr/bin/ld: carma-transceiver-decoder.cpp:(.text+0xc9e): undefined reference to `Json::Value::operator=(Json::Value&&)'
/usr/bin/ld: carma-transceiver-decoder.cpp:(.text+0xccb): undefined reference to `Json::Value::~Value()'
/usr/bin/ld: carma-transceiver-decoder.cpp:(.text+0xce1): undefined reference to `Json::Value::Value(char const*)'
/usr/bin/ld: carma-transceiver-decoder.cpp:(.text+0xd26): undefined reference to `Json::StreamWriterBuilder::operator[](std::__cxx11::basic_string<char, std::char_traits<char>, std::allocator<char> > const&)'
/usr/bin/ld: carma-transceiver-decoder.cpp:(.text+0xd3b): undefined reference to `Json::Value::operator=(Json::Value&&)'
/usr/bin/ld: carma-transceiver-decoder.cpp:(.text+0xd68): undefined reference to `Json::Value::~Value()'
/usr/bin/ld: carma-transceiver-decoder.cpp:(.text+0xe51): undefined reference to `LocAware::LocAware(std::__cxx11::basic_string<char, std::char_traits<char>, std::allocator<char> > const&, bool)'
/usr/bin/ld: carma-transceiver-decoder.cpp:(.text+0xe71): undefined reference to `LocAware::getIntersectionIdByName(std::__cxx11::basic_string<char, std::char_traits<char>, std::allocator<char> > const&) const'
/usr/bin/ld: carma-transceiver-decoder.cpp:(.text+0xef8): undefined reference to `Json::Value::Value(char const*)'
/usr/bin/ld: carma-transceiver-decoder.cpp:(.text+0xf0e): undefined reference to `Json::Value::operator[](char const*)'
/usr/bin/ld: carma-transceiver-decoder.cpp:(.text+0xf23): undefined reference to `Json::Value::operator=(Json::Value&&)'
/usr/bin/ld: carma-transceiver-decoder.cpp:(.text+0xf32): undefined reference to `Json::Value::~Value()'
/usr/bin/ld: carma-transceiver-decoder.cpp:(.text+0xf4b): undefined reference to `Json::Value::Value(std::__cxx11::basic_string<char, std::char_traits<char>, std::allocator<char> > const&)'
/usr/bin/ld: carma-transceiver-decoder.cpp:(.text+0xf61): undefined reference to `Json::Value::operator[](char const*)'
/usr/bin/ld: carma-transceiver-decoder.cpp:(.text+0xf76): undefined reference to `Json::Value::operator=(Json::Value&&)'
/usr/bin/ld: carma-transceiver-decoder.cpp:(.text+0xf85): undefined reference to `Json::Value::~Value()'
/usr/bin/ld: carma-transceiver-decoder.cpp:(.text+0xf9e): undefined reference to `Json::Value::Value(std::__cxx11::basic_string<char, std::char_traits<char>, std::allocator<char> > const&)'
/usr/bin/ld: carma-transceiver-decoder.cpp:(.text+0xfb4): undefined reference to `Json::Value::operator[](char const*)'
/usr/bin/ld: carma-transceiver-decoder.cpp:(.text+0xfc9): undefined reference to `Json::Value::operator=(Json::Value&&)'
/usr/bin/ld: carma-transceiver-decoder.cpp:(.text+0xfd8): undefined reference to `Json::Value::~Value()'
/usr/bin/ld: carma-transceiver-decoder.cpp:(.text+0xfef): undefined reference to `Json::Value::Value(int)'
/usr/bin/ld: carma-transceiver-decoder.cpp:(.text+0x1005): undefined reference to `Json::Value::operator[](char const*)'
/usr/bin/ld: carma-transceiver-decoder.cpp:(.text+0x101a): undefined reference to `Json::Value::operator=(Json::Value&&)'
/usr/bin/ld: carma-transceiver-decoder.cpp:(.text+0x1029): undefined reference to `Json::Value::~Value()'
/usr/bin/ld: carma-transceiver-decoder.cpp:(.text+0x1049): undefined reference to `Json::writeString[abi:cxx11](Json::StreamWriter::Factory const&, Json::Value const&)'
/usr/bin/ld: carma-transceiver-decoder.cpp:(.text+0x109c): undefined reference to `LocAware::~LocAware()'
/usr/bin/ld: carma-transceiver-decoder.cpp:(.text+0x10d6): undefined reference to `Json::StreamWriterBuilder::~StreamWriterBuilder()'
/usr/bin/ld: carma-transceiver-decoder.cpp:(.text+0x10e5): undefined reference to `Json::Value::~Value()'
/usr/bin/ld: carma-transceiver-decoder.cpp:(.text+0x1103): undefined reference to `Json::CharReaderBuilder::~CharReaderBuilder()'
/usr/bin/ld: carma-transceiver-decoder.cpp:(.text+0x1130): undefined reference to `Json::Value::~Value()'
/usr/bin/ld: carma-transceiver-decoder.cpp:(.text+0x1207): undefined reference to `Json::Value::~Value()'
/usr/bin/ld: carma-transceiver-decoder.cpp:(.text+0x1249): undefined reference to `Json::Value::~Value()'
/usr/bin/ld: carma-transceiver-decoder.cpp:(.text+0x1295): undefined reference to `Json::Value::~Value()'
/usr/bin/ld: carma-transceiver-decoder.cpp:(.text+0x12ad): undefined reference to `Json::Value::~Value()'
/usr/bin/ld: CMakeFiles/M_CarmaMsgDecoder.dir/src/carma-transceiver-decoder.cpp.o:carma-transceiver-decoder.cpp:(.text+0x12c5): more undefined references to `Json::Value::~Value()' follow
/usr/bin/ld: CMakeFiles/M_CarmaMsgDecoder.dir/src/carma-transceiver-decoder.cpp.o: in function `TransceiverDecoder::createJsonStringOfMapPayload(std::__cxx11::basic_string<char, std::char_traits<char>, std::allocator<char> >)':
carma-transceiver-decoder.cpp:(.text+0x12f5): undefined reference to `Json::StreamWriterBuilder::~StreamWriterBuilder()'
/usr/bin/ld: carma-transceiver-decoder.cpp:(.text+0x130d): undefined reference to `Json::Value::~Value()'
/usr/bin/ld: carma-transceiver-decoder.cpp:(.text+0x133d): undefined reference to `Json::CharReaderBuilder::~CharReaderBuilder()'
/usr/bin/ld: carma-transceiver-decoder.cpp:(.text+0x137c): undefined reference to `Json::Value::~Value()'
/usr/bin/ld: CMakeFiles/M_CarmaMsgDecoder.dir/src/carma-transceiver-decoder.cpp.o: in function `TransceiverDecoder::bsmDecoder[abi:cxx11](std::vector<unsigned char, std::allocator<unsigned char> >)':
carma-transceiver-decoder.cpp:(.text+0x1445): undefined reference to `BasicVehicle::BasicVehicle()'
/usr/bin/ld: carma-transceiver-decoder.cpp:(.text+0x14ae): undefined reference to `AsnJ2735Lib::decode_msgFrame(unsigned char const*, unsigned long, Frame_element_t&)'
/usr/bin/ld: carma-transceiver-decoder.cpp:(.text+0x1505): undefined reference to `BasicVehicle::setTemporaryID(int)'
/usr/bin/ld: carma-transceiver-decoder.cpp:(.text+0x1532): undefined reference to `BasicVehicle::setSecMark_Second(double)'
/usr/bin/ld: carma-transceiver-decoder.cpp:(.text+0x159a): undefined reference to `BasicVehicle::setPosition(double, double, double)'
/usr/bin/ld: carma-transceiver-decoder.cpp:(.text+0x15cd): undefined reference to `BasicVehicle::setSpeed_MeterPerSecond(double)'
/usr/bin/ld: carma-transceiver-decoder.cpp:(.text+0x15f4): undefined reference to `BasicVehicle::setHeading_Degree(double)'
/usr/bin/ld: carma-transceiver-decoder.cpp:(.text+0x1639): undefined reference to `BasicVehicle::setType(std::__cxx11::basic_string<char, std::char_traits<char>, std::allocator<char> >)'
/usr/bin/ld: carma-transceiver-decoder.cpp:(.text+0x1676): undefined reference to `BasicVehicle::setLength_cm(int)'
/usr/bin/ld: carma-transceiver-decoder.cpp:(.text+0x1695): undefined reference to `BasicVehicle::setWidth_cm(int)'
/usr/bin/ld: carma-transceiver-decoder.cpp:(.text+0x16ae): undefined reference to `BasicVehicle::basicVehicle2Json[abi:cxx11]()'
/usr/bin/ld: carma-transceiver-decoder.cpp:(.text+0x1712): undefined reference to `BasicVehicle::~BasicVehicle()'
/usr/bin/ld: carma-transceiver-decoder.cpp:(.text+0x1788): undefined reference to `BasicVehicle::~BasicVehicle()'
/usr/bin/ld: CMakeFiles/M_CarmaMsgDecoder.dir/src/carma-transceiver-decoder.cpp.o: in function `TransceiverDecoder::srmDecoder[abi:cxx11](std::vector<unsigned char, std::allocator<unsigned char> >)':
carma-transceiver-decoder.cpp:(.text+0x17ed): undefined reference to `SignalRequest::SignalRequest()'
/usr/bin/ld: carma-transceiver-decoder.cpp:(.text+0x1856): undefined reference to `AsnJ2735Lib::decode_msgFrame(unsigned char const*, unsigned long, Frame_element_t&)'
/usr/bin/ld: carma-transceiver-decoder.cpp:(.text+0x18af): undefined reference to `SignalRequest::setMsgCount(int)'
/usr/bin/ld: carma-transceiver-decoder.cpp:(.text+0x18cb): undefined reference to `SignalRequest::setMinuteOfYear(int)'
/usr/bin/ld: carma-transceiver-decoder.cpp:(.text+0x18ea): undefined reference to `SignalRequest::setMsOfMinute(int)'
/usr/bin/ld: carma-transceiver-decoder.cpp:(.text+0x1909): undefined reference to `SignalRequest::setRegionalID(int)'
/usr/bin/ld: carma-transceiver-decoder.cpp:(.text+0x1928): undefined reference to `SignalRequest::setIntersectionID(int)'
/usr/bin/ld: carma-transceiver-decoder.cpp:(.text+0x1947): undefined reference to `SignalRequest::setRequestID(int)'
/usr/bin/ld: carma-transceiver-decoder.cpp:(.text+0x1966): undefined reference to `SignalRequest::setPriorityRequestType(int)'
/usr/bin/ld: carma-transceiver-decoder.cpp:(.text+0x1993): undefined reference to `SignalRequest::setInBoundLaneIntersectionAccessPoint(int, int)'
/usr/bin/ld: carma-transceiver-decoder.cpp:(.text+0x19ca): undefined reference to `SignalRequest::setETA(int, int, int)'
/usr/bin/ld: carma-transceiver-decoder.cpp:(.text+0x19e7): undefined reference to `SignalRequest::setTemporaryVechileID(int)'
/usr/bin/ld: carma-transceiver-decoder.cpp:(.text+0x1a06): undefined reference to `SignalRequest::setBasicVehicleRole(int)'
/usr/bin/ld: carma-transceiver-decoder.cpp:(.text+0x1a6e): undefined reference to `SignalRequest::setPosition(double, double, double)'
/usr/bin/ld: carma-transceiver-decoder.cpp:(.text+0x1a95): undefined reference to `SignalRequest::setHeading_Degree(double)'
/usr/bin/ld: carma-transceiver-decoder.cpp:(.text+0x1ac8): undefined reference to `SignalRequest::setSpeed_MeterPerSecond(double)'
/usr/bin/ld: carma-transceiver-decoder.cpp:(.text+0x1ae1): undefined reference to `SignalRequest::signalRequest2Json[abi:cxx11]()'
/usr/bin/ld: carma-transceiver-decoder.cpp:(.text+0x1b28): undefined reference to `SignalRequest::~SignalRequest()'
/usr/bin/ld: carma-transceiver-decoder.cpp:(.text+0x1b6e): undefined reference to `SignalRequest::~SignalRequest()'
/usr/bin/ld: CMakeFiles/M_CarmaMsgDecoder.dir/src/carma-transceiver-decoder.cpp.o: in function `TransceiverDecoder::ssmDecoder[abi:cxx11](std::vector<unsigned char, std::allocator<unsigned char> >)':
carma-transceiver-decoder.cpp:(.text+0x1bd3): undefined reference to `SignalStatus::SignalStatus()'
/usr/bin/ld: carma-transceiver-decoder.cpp:(.text+0x1c4b): undefined reference to `AsnJ2735Lib::decode_msgFrame(unsigned char const*, unsigned long, Frame_element_t&)'
/usr/bin/ld: carma-transceiver-decoder.cpp:(.text+0x1ca1): undefined reference to `SignalStatus::setMinuteOfYear(int)'
/usr/bin/ld: carma-transceiver-decoder.cpp:(.text+0x1cc0): undefined reference to `SignalStatus::setMsOfMinute(int)'
/usr/bin/ld: carma-transceiver-decoder.cpp:(.text+0x1cdf): undefined reference to `SignalStatus::setSequenceNumber(int)'
/usr/bin/ld: carma-transceiver-decoder.cpp:(.text+0x1cfe): undefined reference to `SignalStatus::setUpdateCount(int)'
/usr/bin/ld: carma-transceiver-decoder.cpp:(.text+0x1d1d): undefined reference to `SignalStatus::setRegionalID(int)'
/usr/bin/ld: carma-transceiver-decoder.cpp:(.text+0x1d3c): undefined reference to `SignalStatus::setIntersectionID(int)'
/usr/bin/ld: carma-transceiver-decoder.cpp:(.text+0x1d62): undefined reference to `SignalStatus::setNoOfRequest(int)'
/usr/bin/ld: carma-transceiver-decoder.cpp:(.text+0x1f9a): undefined reference to `SignalStatus::setTemporaryVechileID(std::vector<ActiveRequest, std::allocator<ActiveRequest> >)'
/usr/bin/ld: carma-transceiver-decoder.cpp:(.text+0x1fdb): undefined reference to `SignalStatus::setRequestID(std::vector<ActiveRequest, std::allocator<ActiveRequest> >)'
/usr/bin/ld: carma-transceiver-decoder.cpp:(.text+0x201c): undefined reference to `SignalStatus::setMsgCount(std::vector<ActiveRequest, std::allocator<ActiveRequest> >)'
/usr/bin/ld: carma-transceiver-decoder.cpp:(.text+0x205d): undefined reference to `SignalStatus::setBasicVehicleRole(std::vector<ActiveRequest, std::allocator<ActiveRequest> >)'
/usr/bin/ld: carma-transceiver-decoder.cpp:(.text+0x209e): undefined reference to `SignalStatus::setInBoundLaneIntersectionAccessPoint(std::vector<ActiveRequest, std::allocator<ActiveRequest> >)'
/usr/bin/ld: carma-transceiver-decoder.cpp:(.text+0x20df): undefined reference to `SignalStatus::setETA(std::vector<ActiveRequest, std::allocator<ActiveRequest> >)'
/usr/bin/ld: carma-transceiver-decoder.cpp:(.text+0x2120): undefined reference to `SignalStatus::setPriorityRequestStatus(std::vector<ActiveRequest, std::allocator<ActiveRequest> >)'
/usr/bin/ld: carma-transceiver-decoder.cpp:(.text+0x2168): undefined reference to `SignalStatus::signalStatus2Json[abi:cxx11](std::vector<ActiveRequest, std::allocator<ActiveRequest> >)'
/usr/bin/ld: carma-transceiver-decoder.cpp:(.text+0x21ea): undefined reference to `SignalStatus::~SignalStatus()'
/usr/bin/ld: carma-transceiver-decoder.cpp:(.text+0x230c): undefined reference to `SignalStatus::~SignalStatus()'
/usr/bin/ld: CMakeFiles/M_CarmaMsgDecoder.dir/src/carma-transceiver-decoder.cpp.o: in function `TransceiverDecoder::spatDecoder[abi:cxx11](std::vector<unsigned char, std::allocator<unsigned char> >)':
carma-transceiver-decoder.cpp:(.text+0x23cb): undefined reference to `AsnJ2735Lib::decode_msgFrame(unsigned char const*, unsigned long, Frame_element_t&)'
/usr/bin/ld: carma-transceiver-decoder.cpp:(.text+0x2417): undefined reference to `Json::Value::Value(Json::ValueType)'
/usr/bin/ld: carma-transceiver-decoder.cpp:(.text+0x2426): undefined reference to `Json::StreamWriterBuilder::StreamWriterBuilder()'
/usr/bin/ld: carma-transceiver-decoder.cpp:(.text+0x243c): undefined reference to `Json::Value::Value(char const*)'
/usr/bin/ld: carma-transceiver-decoder.cpp:(.text+0x2481): undefined reference to `Json::StreamWriterBuilder::operator[](std::__cxx11::basic_string<char, std::char_traits<char>, std::allocator<char> > const&)'
/usr/bin/ld: carma-transceiver-decoder.cpp:(.text+0x2496): undefined reference to `Json::Value::operator=(Json::Value&&)'
/usr/bin/ld: carma-transceiver-decoder.cpp:(.text+0x24c3): undefined reference to `Json::Value::~Value()'
/usr/bin/ld: carma-transceiver-decoder.cpp:(.text+0x24d9): undefined reference to `Json::Value::Value(char const*)'
/usr/bin/ld: carma-transceiver-decoder.cpp:(.text+0x251e): undefined reference to `Json::StreamWriterBuilder::operator[](std::__cxx11::basic_string<char, std::char_traits<char>, std::allocator<char> > const&)'
/usr/bin/ld: carma-transceiver-decoder.cpp:(.text+0x2533): undefined reference to `Json::Value::operator=(Json::Value&&)'
/usr/bin/ld: carma-transceiver-decoder.cpp:(.text+0x2560): undefined reference to `Json::Value::~Value()'
/usr/bin/ld: carma-transceiver-decoder.cpp:(.text+0x258a): undefined reference to `Json::Value::Value(char const*)'
/usr/bin/ld: carma-transceiver-decoder.cpp:(.text+0x25a0): undefined reference to `Json::Value::operator[](char const*)'
/usr/bin/ld: carma-transceiver-decoder.cpp:(.text+0x25b5): undefined reference to `Json::Value::operator=(Json::Value&&)'
/usr/bin/ld: carma-transceiver-decoder.cpp:(.text+0x25c4): undefined reference to `Json::Value::~Value()'
/usr/bin/ld: carma-transceiver-decoder.cpp:(.text+0x25d3): undefined reference to `getVerboseTimestamp[abi:cxx11]()'
/usr/bin/ld: carma-transceiver-decoder.cpp:(.text+0x25ec): undefined reference to `Json::Value::Value(std::__cxx11::basic_string<char, std::char_traits<char>, std::allocator<char> > const&)'
/usr/bin/ld: carma-transceiver-decoder.cpp:(.text+0x2602): undefined reference to `Json::Value::operator[](char const*)'
/usr/bin/ld: carma-transceiver-decoder.cpp:(.text+0x2617): undefined reference to `Json::Value::operator=(Json::Value&&)'
/usr/bin/ld: carma-transceiver-decoder.cpp:(.text+0x2626): undefined reference to `Json::Value::~Value()'
/usr/bin/ld: carma-transceiver-decoder.cpp:(.text+0x2644): undefined reference to `getVerboseTimestamp[abi:cxx11]()'
/usr/bin/ld: carma-transceiver-decoder.cpp:(.text+0x265d): undefined reference to `Json::Value::Value(std::__cxx11::basic_string<char, std::char_traits<char>, std::allocator<char> > const&)'
/usr/bin/ld: carma-transceiver-decoder.cpp:(.text+0x2673): undefined reference to `Json::Value::operator[](char const*)'
/usr/bin/ld: carma-transceiver-decoder.cpp:(.text+0x2688): undefined reference to `Json::Value::operator=(Json::Value&&)'
/usr/bin/ld: carma-transceiver-decoder.cpp:(.text+0x2697): undefined reference to `Json::Value::~Value()'
/usr/bin/ld: carma-transceiver-decoder.cpp:(.text+0x26c4): undefined reference to `Json::Value::Value(int)'
/usr/bin/ld: carma-transceiver-decoder.cpp:(.text+0x26da): undefined reference to `Json::Value::operator[](char const*)'
/usr/bin/ld: carma-transceiver-decoder.cpp:(.text+0x26e9): undefined reference to `Json::Value::operator[](char const*)'
/usr/bin/ld: carma-transceiver-decoder.cpp:(.text+0x26f8): undefined reference to `Json::Value::operator[](char const*)'
/usr/bin/ld: carma-transceiver-decoder.cpp:(.text+0x270d): undefined reference to `Json::Value::operator=(Json::Value&&)'
/usr/bin/ld: carma-transceiver-decoder.cpp:(.text+0x271c): undefined reference to `Json::Value::~Value()'
/usr/bin/ld: carma-transceiver-decoder.cpp:(.text+0x273b): undefined reference to `Json::Value::Value(int)'
/usr/bin/ld: carma-transceiver-decoder.cpp:(.text+0x2751): undefined reference to `Json::Value::operator[](char const*)'
/usr/bin/ld: carma-transceiver-decoder.cpp:(.text+0x2760): undefined reference to `Json::Value::operator[](char const*)'
/usr/bin/ld: carma-transceiver-decoder.cpp:(.text+0x276f): undefined reference to `Json::Value::operator[](char const*)'
/usr/bin/ld: carma-transceiver-decoder.cpp:(.text+0x2784): undefined reference to `Json::Value::operator=(Json::Value&&)'
/usr/bin/ld: carma-transceiver-decoder.cpp:(.text+0x2793): undefined reference to `Json::Value::~Value()'
/usr/bin/ld: carma-transceiver-decoder.cpp:(.text+0x27b2): undefined reference to `Json::Value::Value(unsigned int)'
/usr/bin/ld: carma-transceiver-decoder.cpp:(.text+0x27c8): undefined reference to `Json::Value::operator[](char const*)'
/usr/bin/ld: carma-transceiver-decoder.cpp:(.text+0x27d7): undefined reference to `Json::Value::operator[](char const*)'
/usr/bin/ld: carma-transceiver-decoder.cpp:(.text+0x27ec): undefined reference to `Json::Value::operator=(Json::Value&&)'
/usr/bin/ld: carma-transceiver-decoder.cpp:(.text+0x27fb): undefined reference to `Json::Value::~Value()'
/usr/bin/ld: carma-transceiver-decoder.cpp:(.text+0x2816): undefined reference to `Json::Value::Value(unsigned int)'
/usr/bin/ld: carma-transceiver-decoder.cpp:(.text+0x282c): undefined reference to `Json::Value::operator[](char const*)'
/usr/bin/ld: carma-transceiver-decoder.cpp:(.text+0x283b): undefined reference to `Json::Value::operator[](char const*)'
/usr/bin/ld: carma-transceiver-decoder.cpp:(.text+0x2850): undefined reference to `Json::Value::operator=(Json::Value&&)'
/usr/bin/ld: carma-transceiver-decoder.cpp:(.text+0x285f): undefined reference to `Json::Value::~Value()'
/usr/bin/ld: carma-transceiver-decoder.cpp:(.text+0x287e): undefined reference to `Json::Value::Value(int)'
/usr/bin/ld: carma-transceiver-decoder.cpp:(.text+0x2894): undefined reference to `Json::Value::operator[](char const*)'
/usr/bin/ld: carma-transceiver-decoder.cpp:(.text+0x28a3): undefined reference to `Json::Value::operator[](char const*)'
/usr/bin/ld: carma-transceiver-decoder.cpp:(.text+0x28b8): undefined reference to `Json::Value::operator=(Json::Value&&)'
/usr/bin/ld: carma-transceiver-decoder.cpp:(.text+0x28c7): undefined reference to `Json::Value::~Value()'
/usr/bin/ld: carma-transceiver-decoder.cpp:(.text+0x28fd): undefined reference to `Json::Value::Value(std::__cxx11::basic_string<char, std::char_traits<char>, std::allocator<char> > const&)'
/usr/bin/ld: carma-transceiver-decoder.cpp:(.text+0x2913): undefined reference to `Json::Value::operator[](char const*)'
/usr/bin/ld: carma-transceiver-decoder.cpp:(.text+0x2922): undefined reference to `Json::Value::operator[](char const*)'
/usr/bin/ld: carma-transceiver-decoder.cpp:(.text+0x2937): undefined reference to `Json::Value::operator=(Json::Value&&)'
/usr/bin/ld: carma-transceiver-decoder.cpp:(.text+0x2946): undefined reference to `Json::Value::~Value()'
/usr/bin/ld: carma-transceiver-decoder.cpp:(.text+0x29df): undefined reference to `Json::Value::Value(int)'
/usr/bin/ld: carma-transceiver-decoder.cpp:(.text+0x29f5): undefined reference to `Json::Value::operator[](char const*)'
/usr/bin/ld: carma-transceiver-decoder.cpp:(.text+0x2a04): undefined reference to `Json::Value::operator[](char const*)'
/usr/bin/ld: carma-transceiver-decoder.cpp:(.text+0x2a17): undefined reference to `Json::Value::operator[](int)'
/usr/bin/ld: carma-transceiver-decoder.cpp:(.text+0x2a26): undefined reference to `Json::Value::operator[](char const*)'
/usr/bin/ld: carma-transceiver-decoder.cpp:(.text+0x2a3b): undefined reference to `Json::Value::operator=(Json::Value&&)'
/usr/bin/ld: carma-transceiver-decoder.cpp:(.text+0x2a4a): undefined reference to `Json::Value::~Value()'
/usr/bin/ld: carma-transceiver-decoder.cpp:(.text+0x2a69): undefined reference to `Json::Value::Value(int)'
/usr/bin/ld: carma-transceiver-decoder.cpp:(.text+0x2a7f): undefined reference to `Json::Value::operator[](char const*)'
/usr/bin/ld: carma-transceiver-decoder.cpp:(.text+0x2a8e): undefined reference to `Json::Value::operator[](char const*)'
/usr/bin/ld: carma-transceiver-decoder.cpp:(.text+0x2aa1): undefined reference to `Json::Value::operator[](int)'
/usr/bin/ld: carma-transceiver-decoder.cpp:(.text+0x2ab0): undefined reference to `Json::Value::operator[](char const*)'
/usr/bin/ld: carma-transceiver-decoder.cpp:(.text+0x2ac5): undefined reference to `Json::Value::operator=(Json::Value&&)'
/usr/bin/ld: carma-transceiver-decoder.cpp:(.text+0x2ad4): undefined reference to `Json::Value::~Value()'
/usr/bin/ld: carma-transceiver-decoder.cpp:(.text+0x2af3): undefined reference to `Json::Value::Value(int)'
/usr/bin/ld: carma-transceiver-decoder.cpp:(.text+0x2b09): undefined reference to `Json::Value::operator[](char const*)'
/usr/bin/ld: carma-transceiver-decoder.cpp:(.text+0x2b18): undefined reference to `Json::Value::operator[](char const*)'
/usr/bin/ld: carma-transceiver-decoder.cpp:(.text+0x2b2b): undefined reference to `Json::Value::operator[](int)'
/usr/bin/ld: carma-transceiver-decoder.cpp:(.text+0x2b3a): undefined reference to `Json::Value::operator[](char const*)'
/usr/bin/ld: carma-transceiver-decoder.cpp:(.text+0x2b4f): undefined reference to `Json::Value::operator=(Json::Value&&)'
/usr/bin/ld: carma-transceiver-decoder.cpp:(.text+0x2b5e): undefined reference to `Json::Value::~Value()'
/usr/bin/ld: carma-transceiver-decoder.cpp:(.text+0x2b7d): undefined reference to `Json::Value::Value(int)'
/usr/bin/ld: carma-transceiver-decoder.cpp:(.text+0x2b93): undefined reference to `Json::Value::operator[](char const*)'
/usr/bin/ld: carma-transceiver-decoder.cpp:(.text+0x2ba2): undefined reference to `Json::Value::operator[](char const*)'
/usr/bin/ld: carma-transceiver-decoder.cpp:(.text+0x2bb5): undefined reference to `Json::Value::operator[](int)'
/usr/bin/ld: carma-transceiver-decoder.cpp:(.text+0x2bc4): undefined reference to `Json::Value::operator[](char const*)'
/usr/bin/ld: carma-transceiver-decoder.cpp:(.text+0x2bd9): undefined reference to `Json::Value::operator=(Json::Value&&)'
/usr/bin/ld: carma-transceiver-decoder.cpp:(.text+0x2be8): undefined reference to `Json::Value::~Value()'
/usr/bin/ld: carma-transceiver-decoder.cpp:(.text+0x2bfc): undefined reference to `Json::Value::Value(int)'
/usr/bin/ld: carma-transceiver-decoder.cpp:(.text+0x2c12): undefined reference to `Json::Value::operator[](char const*)'
/usr/bin/ld: carma-transceiver-decoder.cpp:(.text+0x2c21): undefined reference to `Json::Value::operator[](char const*)'
/usr/bin/ld: carma-transceiver-decoder.cpp:(.text+0x2c34): undefined reference to `Json::Value::operator[](int)'
/usr/bin/ld: carma-transceiver-decoder.cpp:(.text+0x2c43): undefined reference to `Json::Value::operator[](char const*)'
/usr/bin/ld: carma-transceiver-decoder.cpp:(.text+0x2c58): undefined reference to `Json::Value::operator=(Json::Value&&)'
/usr/bin/ld: carma-transceiver-decoder.cpp:(.text+0x2c67): undefined reference to `Json::Value::~Value()'
/usr/bin/ld: carma-transceiver-decoder.cpp:(.text+0x2c9d): undefined reference to `Json::Value::Value(char const*)'
/usr/bin/ld: carma-transceiver-decoder.cpp:(.text+0x2cb3): undefined reference to `Json::Value::operator[](char const*)'
/usr/bin/ld: carma-transceiver-decoder.cpp:(.text+0x2cc2): undefined reference to `Json::Value::operator[](char const*)'
/usr/bin/ld: carma-transceiver-decoder.cpp:(.text+0x2cd5): undefined reference to `Json::Value::operator[](int)'
/usr/bin/ld: carma-transceiver-decoder.cpp:(.text+0x2ce4): undefined reference to `Json::Value::operator[](char const*)'
/usr/bin/ld: carma-transceiver-decoder.cpp:(.text+0x2cf9): undefined reference to `Json::Value::operator=(Json::Value&&)'
/usr/bin/ld: carma-transceiver-decoder.cpp:(.text+0x2d08): undefined reference to `Json::Value::~Value()'
/usr/bin/ld: carma-transceiver-decoder.cpp:(.text+0x2d30): undefined reference to `Json::Value::Value(char const*)'
/usr/bin/ld: carma-transceiver-decoder.cpp:(.text+0x2d46): undefined reference to `Json::Value::operator[](char const*)'
/usr/bin/ld: carma-transceiver-decoder.cpp:(.text+0x2d55): undefined reference to `Json::Value::operator[](char const*)'
/usr/bin/ld: carma-transceiver-decoder.cpp:(.text+0x2d68): undefined reference to `Json::Value::operator[](int)'
/usr/bin/ld: carma-transceiver-decoder.cpp:(.text+0x2d77): undefined reference to `Json::Value::operator[](char const*)'
/usr/bin/ld: carma-transceiver-decoder.cpp:(.text+0x2d8c): undefined reference to `Json::Value::operator=(Json::Value&&)'
/usr/bin/ld: carma-transceiver-decoder.cpp:(.text+0x2d9b): undefined reference to `Json::Value::~Value()'
/usr/bin/ld: carma-transceiver-decoder.cpp:(.text+0x2dc3): undefined reference to `Json::Value::Value(char const*)'
/usr/bin/ld: carma-transceiver-decoder.cpp:(.text+0x2dd9): undefined reference to `Json::Value::operator[](char const*)'
/usr/bin/ld: carma-transceiver-decoder.cpp:(.text+0x2de8): undefined reference to `Json::Value::operator[](char const*)'
/usr/bin/ld: carma-transceiver-decoder.cpp:(.text+0x2dfb): undefined reference to `Json::Value::operator[](int)'
/usr/bin/ld: carma-transceiver-decoder.cpp:(.text+0x2e0a): undefined reference to `Json::Value::operator[](char const*)'
/usr/bin/ld: carma-transceiver-decoder.cpp:(.text+0x2e1f): undefined reference to `Json::Value::operator=(Json::Value&&)'
/usr/bin/ld: carma-transceiver-decoder.cpp:(.text+0x2e2e): undefined reference to `Json::Value::~Value()'
/usr/bin/ld: carma-transceiver-decoder.cpp:(.text+0x2e56): undefined reference to `Json::Value::Value(char const*)'
/usr/bin/ld: carma-transceiver-decoder.cpp:(.text+0x2e6c): undefined reference to `Json::Value::operator[](char const*)'
/usr/bin/ld: carma-transceiver-decoder.cpp:(.text+0x2e7b): undefined reference to `Json::Value::operator[](char const*)'
/usr/bin/ld: carma-transceiver-decoder.cpp:(.text+0x2e8e): undefined reference to `Json::Value::operator[](int)'
/usr/bin/ld: carma-transceiver-decoder.cpp:(.text+0x2e9d): undefined reference to `Json::Value::operator[](char const*)'
/usr/bin/ld: carma-transceiver-decoder.cpp:(.text+0x2eb2): undefined reference to `Json::Value::operator=(Json::Value&&)'
/usr/bin/ld: carma-transceiver-decoder.cpp:(.text+0x2ec1): undefined reference to `Json::Value::~Value()'
/usr/bin/ld: carma-transceiver-decoder.cpp:(.text+0x2ff0): undefined reference to `Json::Value::Value(int)'
/usr/bin/ld: carma-transceiver-decoder.cpp:(.text+0x3006): undefined reference to `Json::Value::operator[](char const*)'
/usr/bin/ld: carma-transceiver-decoder.cpp:(.text+0x3015): undefined reference to `Json::Value::operator[](char const*)'
/usr/bin/ld: carma-transceiver-decoder.cpp:(.text+0x3028): undefined reference to `Json::Value::operator[](int)'
/usr/bin/ld: carma-transceiver-decoder.cpp:(.text+0x3037): undefined reference to `Json::Value::operator[](char const*)'
/usr/bin/ld: carma-transceiver-decoder.cpp:(.text+0x304c): undefined reference to `Json::Value::operator=(Json::Value&&)'
/usr/bin/ld: carma-transceiver-decoder.cpp:(.text+0x305b): undefined reference to `Json::Value::~Value()'
/usr/bin/ld: carma-transceiver-decoder.cpp:(.text+0x307a): undefined reference to `Json::Value::Value(int)'
/usr/bin/ld: carma-transceiver-decoder.cpp:(.text+0x3090): undefined reference to `Json::Value::operator[](char const*)'
/usr/bin/ld: carma-transceiver-decoder.cpp:(.text+0x309f): undefined reference to `Json::Value::operator[](char const*)'
/usr/bin/ld: carma-transceiver-decoder.cpp:(.text+0x30b2): undefined reference to `Json::Value::operator[](int)'
/usr/bin/ld: carma-transceiver-decoder.cpp:(.text+0x30c1): undefined reference to `Json::Value::operator[](char const*)'
/usr/bin/ld: carma-transceiver-decoder.cpp:(.text+0x30d6): undefined reference to `Json::Value::operator=(Json::Value&&)'
/usr/bin/ld: carma-transceiver-decoder.cpp:(.text+0x30e5): undefined reference to `Json::Value::~Value()'
/usr/bin/ld: carma-transceiver-decoder.cpp:(.text+0x3104): undefined reference to `Json::Value::Value(int)'
/usr/bin/ld: carma-transceiver-decoder.cpp:(.text+0x311a): undefined reference to `Json::Value::operator[](char const*)'
/usr/bin/ld: carma-transceiver-decoder.cpp:(.text+0x3129): undefined reference to `Json::Value::operator[](char const*)'
/usr/bin/ld: carma-transceiver-decoder.cpp:(.text+0x313c): undefined reference to `Json::Value::operator[](int)'
/usr/bin/ld: carma-transceiver-decoder.cpp:(.text+0x314b): undefined reference to `Json::Value::operator[](char const*)'
/usr/bin/ld: carma-transceiver-decoder.cpp:(.text+0x3160): undefined reference to `Json::Value::operator=(Json::Value&&)'
/usr/bin/ld: carma-transceiver-decoder.cpp:(.text+0x316f): undefined reference to `Json::Value::~Value()'
/usr/bin/ld: carma-transceiver-decoder.cpp:(.text+0x318e): undefined reference to `Json::Value::Value(int)'
/usr/bin/ld: carma-transceiver-decoder.cpp:(.text+0x31a4): undefined reference to `Json::Value::operator[](char const*)'
/usr/bin/ld: carma-transceiver-decoder.cpp:(.text+0x31b3): undefined reference to `Json::Value::operator[](char const*)'
/usr/bin/ld: carma-transceiver-decoder.cpp:(.text+0x31c6): undefined reference to `Json::Value::operator[](int)'
/usr/bin/ld: carma-transceiver-decoder.cpp:(.text+0x31d5): undefined reference to `Json::Value::operator[](char const*)'
/usr/bin/ld: carma-transceiver-decoder.cpp:(.text+0x31ea): undefined reference to `Json::Value::operator=(Json::Value&&)'
/usr/bin/ld: carma-transceiver-decoder.cpp:(.text+0x31f9): undefined reference to `Json::Value::~Value()'
/usr/bin/ld: carma-transceiver-decoder.cpp:(.text+0x320d): undefined reference to `Json::Value::Value(int)'
/usr/bin/ld: carma-transceiver-decoder.cpp:(.text+0x3223): undefined reference to `Json::Value::operator[](char const*)'
/usr/bin/ld: carma-transceiver-decoder.cpp:(.text+0x3232): undefined reference to `Json::Value::operator[](char const*)'
/usr/bin/ld: carma-transceiver-decoder.cpp:(.text+0x3245): undefined reference to `Json::Value::operator[](int)'
/usr/bin/ld: carma-transceiver-decoder.cpp:(.text+0x3254): undefined reference to `Json::Value::operator[](char const*)'
/usr/bin/ld: carma-transceiver-decoder.cpp:(.text+0x3269): undefined reference to `Json::Value::operator=(Json::Value&&)'
/usr/bin/ld: carma-transceiver-decoder.cpp:(.text+0x3278): undefined reference to `Json::Value::~Value()'
/usr/bin/ld: carma-transceiver-decoder.cpp:(.text+0x32ae): undefined reference to `Json::Value::Value(char const*)'
/usr/bin/ld: carma-transceiver-decoder.cpp:(.text+0x32c4): undefined reference to `Json::Value::operator[](char const*)'
/usr/bin/ld: carma-transceiver-decoder.cpp:(.text+0x32d3): undefined reference to `Json::Value::operator[](char const*)'
/usr/bin/ld: carma-transceiver-decoder.cpp:(.text+0x32e6): undefined reference to `Json::Value::operator[](int)'
/usr/bin/ld: carma-transceiver-decoder.cpp:(.text+0x32f5): undefined reference to `Json::Value::operator[](char const*)'
/usr/bin/ld: carma-transceiver-decoder.cpp:(.text+0x330a): undefined reference to `Json::Value::operator=(Json::Value&&)'
/usr/bin/ld: carma-transceiver-decoder.cpp:(.text+0x3319): undefined reference to `Json::Value::~Value()'
/usr/bin/ld: carma-transceiver-decoder.cpp:(.text+0x3341): undefined reference to `Json::Value::Value(char const*)'
/usr/bin/ld: carma-transceiver-decoder.cpp:(.text+0x3357): undefined reference to `Json::Value::operator[](char const*)'
/usr/bin/ld: carma-transceiver-decoder.cpp:(.text+0x3366): undefined reference to `Json::Value::operator[](char const*)'
/usr/bin/ld: carma-transceiver-decoder.cpp:(.text+0x3379): undefined reference to `Json::Value::operator[](int)'
/usr/bin/ld: carma-transceiver-decoder.cpp:(.text+0x3388): undefined reference to `Json::Value::operator[](char const*)'
/usr/bin/ld: carma-transceiver-decoder.cpp:(.text+0x339d): undefined reference to `Json::Value::operator=(Json::Value&&)'
/usr/bin/ld: carma-transceiver-decoder.cpp:(.text+0x33ac): undefined reference to `Json::Value::~Value()'
/usr/bin/ld: carma-transceiver-decoder.cpp:(.text+0x33d4): undefined reference to `Json::Value::Value(char const*)'
/usr/bin/ld: carma-transceiver-decoder.cpp:(.text+0x33ea): undefined reference to `Json::Value::operator[](char const*)'
/usr/bin/ld: carma-transceiver-decoder.cpp:(.text+0x33f9): undefined reference to `Json::Value::operator[](char const*)'
/usr/bin/ld: carma-transceiver-decoder.cpp:(.text+0x340c): undefined reference to `Json::Value::operator[](int)'
/usr/bin/ld: carma-transceiver-decoder.cpp:(.text+0x341b): undefined reference to `Json::Value::operator[](char const*)'
/usr/bin/ld: carma-transceiver-decoder.cpp:(.text+0x3430): undefined reference to `Json::Value::operator=(Json::Value&&)'
/usr/bin/ld: carma-transceiver-decoder.cpp:(.text+0x343f): undefined reference to `Json::Value::~Value()'
/usr/bin/ld: carma-transceiver-decoder.cpp:(.text+0x3472): undefined reference to `Json::writeString[abi:cxx11](Json::StreamWriter::Factory const&, Json::Value const&)'
/usr/bin/ld: carma-transceiver-decoder.cpp:(.text+0x34c6): undefined reference to `Json::StreamWriterBuilder::~StreamWriterBuilder()'
/usr/bin/ld: carma-transceiver-decoder.cpp:(.text+0x34d5): undefined reference to `Json::Value::~Value()'
/usr/bin/ld: carma-transceiver-decoder.cpp:(.text+0x353b): undefined reference to `Json::Value::~Value()'
/usr/bin/ld: carma-transceiver-decoder.cpp:(.text+0x357d): undefined reference to `Json::Value::~Value()'
/usr/bin/ld: carma-transceiver-decoder.cpp:(.text+0x3598): undefined reference to `Json::Value::~Value()'
/usr/bin/ld: carma-transceiver-decoder.cpp:(.text+0x35b3): undefined reference to `Json::Value::~Value()'
/usr/bin/ld: CMakeFiles/M_CarmaMsgDecoder.dir/src/carma-transceiver-decoder.cpp.o:carma-transceiver-decoder.cpp:(.text+0x35e6): more undefined references to `Json::Value::~Value()' follow
/usr/bin/ld: CMakeFiles/M_CarmaMsgDecoder.dir/src/carma-transceiver-decoder.cpp.o: in function `TransceiverDecoder::spatDecoder[abi:cxx11](std::vector<unsigned char, std::allocator<unsigned char> >)':
carma-transceiver-decoder.cpp:(.text+0x388c): undefined reference to `Json::StreamWriterBuilder::~StreamWriterBuilder()'
/usr/bin/ld: carma-transceiver-decoder.cpp:(.text+0x38a4): undefined reference to `Json::Value::~Value()'
/usr/bin/ld: CMakeFiles/M_CarmaMsgDecoder.dir/src/carma-transceiver-decoder.cpp.o: in function `TransceiverDecoder::createJsonStringForSystemPerformanceDataLog(std::__cxx11::basic_string<char, std::char_traits<char>, std::allocator<char> >)':
carma-transceiver-decoder.cpp:(.text+0x39d5): undefined reference to `Json::Value::Value(Json::ValueType)'
/usr/bin/ld: carma-transceiver-decoder.cpp:(.text+0x39e1): undefined reference to `Json::StreamWriterBuilder::StreamWriterBuilder()'
/usr/bin/ld: carma-transceiver-decoder.cpp:(.text+0x39f7): undefined reference to `Json::Value::Value(char const*)'
/usr/bin/ld: carma-transceiver-decoder.cpp:(.text+0x3a33): undefined reference to `Json::StreamWriterBuilder::operator[](std::__cxx11::basic_string<char, std::char_traits<char>, std::allocator<char> > const&)'
/usr/bin/ld: carma-transceiver-decoder.cpp:(.text+0x3a48): undefined reference to `Json::Value::operator=(Json::Value&&)'
/usr/bin/ld: carma-transceiver-decoder.cpp:(.text+0x3a72): undefined reference to `Json::Value::~Value()'
/usr/bin/ld: carma-transceiver-decoder.cpp:(.text+0x3a88): undefined reference to `Json::Value::Value(char const*)'
/usr/bin/ld: carma-transceiver-decoder.cpp:(.text+0x3ac4): undefined reference to `Json::StreamWriterBuilder::operator[](std::__cxx11::basic_string<char, std::char_traits<char>, std::allocator<char> > const&)'
/usr/bin/ld: carma-transceiver-decoder.cpp:(.text+0x3ad9): undefined reference to `Json::Value::operator=(Json::Value&&)'
/usr/bin/ld: carma-transceiver-decoder.cpp:(.text+0x3b03): undefined reference to `Json::Value::~Value()'
/usr/bin/ld: carma-transceiver-decoder.cpp:(.text+0x3b3b): undefined reference to `Json::Value::Value(char const*)'
/usr/bin/ld: carma-transceiver-decoder.cpp:(.text+0x3b51): undefined reference to `Json::Value::operator[](char const*)'
/usr/bin/ld: carma-transceiver-decoder.cpp:(.text+0x3b66): undefined reference to `Json::Value::operator=(Json::Value&&)'
/usr/bin/ld: carma-transceiver-decoder.cpp:(.text+0x3b75): undefined reference to `Json::Value::~Value()'
/usr/bin/ld: carma-transceiver-decoder.cpp:(.text+0x3b97): undefined reference to `Json::Value::Value(double)'
/usr/bin/ld: carma-transceiver-decoder.cpp:(.text+0x3bad): undefined reference to `Json::Value::operator[](char const*)'
/usr/bin/ld: carma-transceiver-decoder.cpp:(.text+0x3bbc): undefined reference to `Json::Value::operator[](char const*)'
/usr/bin/ld: carma-transceiver-decoder.cpp:(.text+0x3bd1): undefined reference to `Json::Value::operator=(Json::Value&&)'
/usr/bin/ld: carma-transceiver-decoder.cpp:(.text+0x3be0): undefined reference to `Json::Value::~Value()'
/usr/bin/ld: carma-transceiver-decoder.cpp:(.text+0x3be5): undefined reference to `getPosixTimestamp()'
/usr/bin/ld: carma-transceiver-decoder.cpp:(.text+0x3bf4): undefined reference to `Json::Value::Value(double)'
/usr/bin/ld: carma-transceiver-decoder.cpp:(.text+0x3c0a): undefined reference to `Json::Value::operator[](char const*)'
/usr/bin/ld: carma-transceiver-decoder.cpp:(.text+0x3c19): undefined reference to `Json::Value::operator[](char const*)'
/usr/bin/ld: carma-transceiver-decoder.cpp:(.text+0x3c2e): undefined reference to `Json::Value::operator=(Json::Value&&)'
/usr/bin/ld: carma-transceiver-decoder.cpp:(.text+0x3c3d): undefined reference to `Json::Value::~Value()'
/usr/bin/ld: carma-transceiver-decoder.cpp:(.text+0x3c49): undefined reference to `getVerboseTimestamp[abi:cxx11]()'
/usr/bin/ld: carma-transceiver-decoder.cpp:(.text+0x3c5f): undefined reference to `Json::Value::Value(std::__cxx11::basic_string<char, std::char_traits<char>, std::allocator<char> > const&)'
/usr/bin/ld: carma-transceiver-decoder.cpp:(.text+0x3c75): undefined reference to `Json::Value::operator[](char const*)'
/usr/bin/ld: carma-transceiver-decoder.cpp:(.text+0x3c84): undefined reference to `Json::Value::operator[](char const*)'
/usr/bin/ld: carma-transceiver-decoder.cpp:(.text+0x3c99): undefined reference to `Json::Value::operator=(Json::Value&&)'
/usr/bin/ld: carma-transceiver-decoder.cpp:(.text+0x3ca8): undefined reference to `Json::Value::~Value()'
/usr/bin/ld: carma-transceiver-decoder.cpp:(.text+0x3ccd): undefined reference to `Json::Value::Value(std::__cxx11::basic_string<char, std::char_traits<char>, std::allocator<char> > const&)'
/usr/bin/ld: carma-transceiver-decoder.cpp:(.text+0x3ce3): undefined reference to `Json::Value::operator[](char const*)'
/usr/bin/ld: carma-transceiver-decoder.cpp:(.text+0x3cf2): undefined reference to `Json::Value::operator[](char const*)'
/usr/bin/ld: carma-transceiver-decoder.cpp:(.text+0x3d07): undefined reference to `Json::Value::operator=(Json::Value&&)'
/usr/bin/ld: carma-transceiver-decoder.cpp:(.text+0x3d16): undefined reference to `Json::Value::~Value()'
/usr/bin/ld: carma-transceiver-decoder.cpp:(.text+0x3d5a): undefined reference to `Json::Value::Value(std::__cxx11::basic_string<char, std::char_traits<char>, std::allocator<char> > const&)'
/usr/bin/ld: carma-transceiver-decoder.cpp:(.text+0x3d70): undefined reference to `Json::Value::operator[](char const*)'
/usr/bin/ld: carma-transceiver-decoder.cpp:(.text+0x3d7f): undefined reference to `Json::Value::operator[](char const*)'
/usr/bin/ld: carma-transceiver-decoder.cpp:(.text+0x3d94): undefined reference to `Json::Value::operator=(Json::Value&&)'
/usr/bin/ld: carma-transceiver-decoder.cpp:(.text+0x3da3): undefined reference to `Json::Value::~Value()'
/usr/bin/ld: carma-transceiver-decoder.cpp:(.text+0x3db9): undefined reference to `Json::Value::Value(char const*)'
/usr/bin/ld: carma-transceiver-decoder.cpp:(.text+0x3dcf): undefined reference to `Json::Value::operator[](char const*)'
/usr/bin/ld: carma-transceiver-decoder.cpp:(.text+0x3dde): undefined reference to `Json::Value::operator[](char const*)'
/usr/bin/ld: carma-transceiver-decoder.cpp:(.text+0x3df3): undefined reference to `Json::Value::operator=(Json::Value&&)'
/usr/bin/ld: carma-transceiver-decoder.cpp:(.text+0x3e02): undefined reference to `Json::Value::~Value()'
/usr/bin/ld: carma-transceiver-decoder.cpp:(.text+0x3e18): undefined reference to `Json::Value::Value(char const*)'
/usr/bin/ld: carma-transceiver-decoder.cpp:(.text+0x3e2e): undefined reference to `Json::Value::operator[](char const*)'
/usr/bin/ld: carma-transceiver-decoder.cpp:(.text+0x3e3d): undefined reference to `Json::Value::operator[](char const*)'
/usr/bin/ld: carma-transceiver-decoder.cpp:(.text+0x3e52): undefined reference to `Json::Value::operator=(Json::Value&&)'
/usr/bin/ld: carma-transceiver-decoder.cpp:(.text+0x3e61): undefined reference to `Json::Value::~Value()'
/usr/bin/ld: carma-transceiver-decoder.cpp:(.text+0x3e99): undefined reference to `Json::Value::Value(char const*)'
/usr/bin/ld: carma-transceiver-decoder.cpp:(.text+0x3eaf): undefined reference to `Json::Value::operator[](char const*)'
/usr/bin/ld: carma-transceiver-decoder.cpp:(.text+0x3ebe): undefined reference to `Json::Value::operator[](char const*)'
/usr/bin/ld: carma-transceiver-decoder.cpp:(.text+0x3ed3): undefined reference to `Json::Value::operator=(Json::Value&&)'
/usr/bin/ld: carma-transceiver-decoder.cpp:(.text+0x3ee2): undefined reference to `Json::Value::~Value()'
/usr/bin/ld: carma-transceiver-decoder.cpp:(.text+0x3f1a): undefined reference to `Json::Value::Value(int)'
/usr/bin/ld: carma-transceiver-decoder.cpp:(.text+0x3f30): undefined reference to `Json::Value::operator[](char const*)'
/usr/bin/ld: carma-transceiver-decoder.cpp:(.text+0x3f3f): undefined reference to `Json::Value::operator[](char const*)'
/usr/bin/ld: carma-transceiver-decoder.cpp:(.text+0x3f54): undefined reference to `Json::Value::operator=(Json::Value&&)'
/usr/bin/ld: carma-transceiver-decoder.cpp:(.text+0x3f63): undefined reference to `Json::Value::~Value()'
/usr/bin/ld: carma-transceiver-decoder.cpp:(.text+0x3fb1): undefined reference to `Json::Value::Value(int)'
/usr/bin/ld: carma-transceiver-decoder.cpp:(.text+0x3fc7): undefined reference to `Json::Value::operator[](char const*)'
/usr/bin/ld: carma-transceiver-decoder.cpp:(.text+0x3fd6): undefined reference to `Json::Value::operator[](char const*)'
/usr/bin/ld: carma-transceiver-decoder.cpp:(.text+0x3feb): undefined reference to `Json::Value::operator=(Json::Value&&)'
/usr/bin/ld: carma-transceiver-decoder.cpp:(.text+0x3ffa): undefined reference to `Json::Value::~Value()'
/usr/bin/ld: carma-transceiver-decoder.cpp:(.text+0x4048): undefined reference to `Json::Value::Value(int)'
/usr/bin/ld: carma-transceiver-decoder.cpp:(.text+0x405e): undefined reference to `Json::Value::operator[](char const*)'
/usr/bin/ld: carma-transceiver-decoder.cpp:(.text+0x406d): undefined reference to `Json::Value::operator[](char const*)'
/usr/bin/ld: carma-transceiver-decoder.cpp:(.text+0x4082): undefined reference to `Json::Value::operator=(Json::Value&&)'
/usr/bin/ld: carma-transceiver-decoder.cpp:(.text+0x4091): undefined reference to `Json::Value::~Value()'
/usr/bin/ld: carma-transceiver-decoder.cpp:(.text+0x40df): undefined reference to `Json::Value::Value(int)'
/usr/bin/ld: carma-transceiver-decoder.cpp:(.text+0x40f5): undefined reference to `Json::Value::operator[](char const*)'
/usr/bin/ld: carma-transceiver-decoder.cpp:(.text+0x4104): undefined reference to `Json::Value::operator[](char const*)'
/usr/bin/ld: carma-transceiver-decoder.cpp:(.text+0x4119): undefined reference to `Json::Value::operator=(Json::Value&&)'
/usr/bin/ld: carma-transceiver-decoder.cpp:(.text+0x4128): undefined reference to `Json::Value::~Value()'
/usr/bin/ld: carma-transceiver-decoder.cpp:(.text+0x4176): undefined reference to `Json::Value::Value(int)'
/usr/bin/ld: carma-transceiver-decoder.cpp:(.text+0x418c): undefined reference to `Json::Value::operator[](char const*)'
/usr/bin/ld: carma-transceiver-decoder.cpp:(.text+0x419b): undefined reference to `Json::Value::operator[](char const*)'
/usr/bin/ld: carma-transceiver-decoder.cpp:(.text+0x41b0): undefined reference to `Json::Value::operator=(Json::Value&&)'
/usr/bin/ld: carma-transceiver-decoder.cpp:(.text+0x41bf): undefined reference to `Json::Value::~Value()'
/usr/bin/ld: carma-transceiver-decoder.cpp:(.text+0x420d): undefined reference to `Json::Value::Value(int)'
/usr/bin/ld: carma-transceiver-decoder.cpp:(.text+0x4223): undefined reference to `Json::Value::operator[](char const*)'
/usr/bin/ld: carma-transceiver-decoder.cpp:(.text+0x4232): undefined reference to `Json::Value::operator[](char const*)'
/usr/bin/ld: carma-transceiver-decoder.cpp:(.text+0x4247): undefined reference to `Json::Value::operator=(Json::Value&&)'
/usr/bin/ld: carma-transceiver-decoder.cpp:(.text+0x4256): undefined reference to `Json::Value::~Value()'
/usr/bin/ld: carma-transceiver-decoder.cpp:(.text+0x4281): undefined reference to `Json::writeString[abi:cxx11](Json::StreamWriter::Factory const&, Json::Value const&)'
/usr/bin/ld: carma-transceiver-decoder.cpp:(.text+0x42c6): undefined reference to `Json::StreamWriterBuilder::~StreamWriterBuilder()'
/usr/bin/ld: carma-transceiver-decoder.cpp:(.text+0x42d5): undefined reference to `Json::Value::~Value()'
/usr/bin/ld: carma-transceiver-decoder.cpp:(.text+0x4328): undefined reference to `Json::Value::~Value()'
/usr/bin/ld: carma-transceiver-decoder.cpp:(.text+0x4367): undefined reference to `Json::Value::~Value()'
/usr/bin/ld: carma-transceiver-decoder.cpp:(.text+0x4382): undefined reference to `Json::Value::~Value()'
/usr/bin/ld: carma-transceiver-decoder.cpp:(.text+0x439d): undefined reference to `Json::Value::~Value()'
/usr/bin/ld: CMakeFiles/M_CarmaMsgDecoder.dir/src/carma-transceiver-decoder.cpp.o:carma-transceiver-decoder.cpp:(.text+0x43b8): more undefined references to `Json::Value::~Value()' follow
/usr/bin/ld: CMakeFiles/M_CarmaMsgDecoder.dir/src/carma-transceiver-decoder.cpp.o: in function `TransceiverDecoder::createJsonStringForSystemPerformanceDataLog(std::__cxx11::basic_string<char, std::char_traits<char>, std::allocator<char> >)':
carma-transceiver-decoder.cpp:(.text+0x4517): undefined reference to `Json::StreamWriterBuilder::~StreamWriterBuilder()'
/usr/bin/ld: carma-transceiver-decoder.cpp:(.text+0x452f): undefined reference to `Json::Value::~Value()'
collect2: error: ld returned 1 exit status
make[2]: *** [CMakeFiles/M_CarmaMsgDecoder.dir/build.make:186: M_CarmaMsgDecoder] Error 1
make[1]: *** [CMakeFiles/Makefile2:78: CMakeFiles/M_CarmaMsgDecoder.dir/all] Error 2
make: *** [Makefile:141: all] Error 2
