[0.013s] Invoking command in '/home/mmitss/Documents/cda-mmitss/src/mmitss-ros2-transceiver/src/MsgTransceiver/CarmaDecoderRos2/build/carma-ros2-decoder': CMAKE_PREFIX_PATH=/opt/ros/foxy CONDA_PROMPT_MODIFIER=(base) /usr/bin/cmake /home/mmitss/Documents/cda-mmitss/src/mmitss-ros2-transceiver/src/MsgTransceiver/CarmaDecoderRos2 -DCMAKE_INSTALL_PREFIX=/home/mmitss/Documents/cda-mmitss/src/mmitss-ros2-transceiver/src/MsgTransceiver/CarmaDecoderRos2/install/carma-ros2-decoder
[0.028s] -- Found ament_cmake: 0.9.12 (/opt/ros/foxy/share/ament_cmake/cmake)
[0.050s] -- Using PYTHON_EXECUTABLE: /home/mmitss/anaconda3/bin/python3
[0.236s] -- Found ament_lint_auto: 0.9.8 (/opt/ros/foxy/share/ament_lint_auto/cmake)
[0.237s] -- Found rclcpp: 2.4.3 (/opt/ros/foxy/share/rclcpp/cmake)
[0.272s] -- Using all available rosidl_typesupport_c: rosidl_typesupport_fastrtps_c;rosidl_typesupport_introspection_c
[0.278s] -- Found rosidl_adapter: 1.3.1 (/opt/ros/foxy/share/rosidl_adapter/cmake)
[0.341s] -- Found OpenSSL: /usr/lib/x86_64-linux-gnu/libcrypto.so (found version "1.1.1f")  
[0.359s] -- Found FastRTPS: /opt/ros/foxy/include  
[0.422s] -- Using all available rosidl_typesupport_cpp: rosidl_typesupport_fastrtps_cpp;rosidl_typesupport_introspection_cpp
[0.470s] -- Found rmw_implementation_cmake: 1.0.4 (/opt/ros/foxy/share/rmw_implementation_cmake/cmake)
[0.471s] -- Using RMW implementation 'rmw_fastrtps_cpp' as default
[0.472s] -- Looking for pthread.h
[0.538s] -- Looking for pthread.h - found
[0.538s] -- Performing Test CMAKE_HAVE_LIBC_PTHREAD
[0.605s] -- Performing Test CMAKE_HAVE_LIBC_PTHREAD - Failed
[0.605s] -- Looking for pthread_create in pthreads
[0.661s] -- Looking for pthread_create in pthreads - not found
[0.661s] -- Looking for pthread_create in pthread
[0.726s] -- Looking for pthread_create in pthread - found
[0.727s] -- Found Threads: TRUE  
[0.873s] CMake Error at CMakeLists.txt:27 (find_package):
[0.873s]   By not providing "Findcarma_msgs.cmake" in CMAKE_MODULE_PATH this project
[0.874s]   has asked CMake to find a package configuration file provided by
[0.874s]   "carma_msgs", but CMake did not find one.
[0.874s] 
[0.874s]   Could not find a package configuration file provided by "carma_msgs" with
[0.874s]   any of the following names:
[0.874s] 
[0.874s]     carma_msgsConfig.cmake
[0.874s]     carma_msgs-config.cmake
[0.874s] 
[0.874s]   Add the installation prefix of "carma_msgs" to CMAKE_PREFIX_PATH or set
[0.875s]   "carma_msgs_DIR" to a directory containing one of the above files.  If
[0.875s]   "carma_msgs" provides a separate development package or SDK, be sure it has
[0.875s]   been installed.
[0.875s] 
[0.875s] 
[0.875s] -- Configuring incomplete, errors occurred!
[0.875s] See also "/home/mmitss/Documents/cda-mmitss/src/mmitss-ros2-transceiver/src/MsgTransceiver/CarmaDecoderRos2/build/carma-ros2-decoder/CMakeFiles/CMakeOutput.log".
[0.875s] See also "/home/mmitss/Documents/cda-mmitss/src/mmitss-ros2-transceiver/src/MsgTransceiver/CarmaDecoderRos2/build/carma-ros2-decoder/CMakeFiles/CMakeError.log".
[0.880s] Invoked command in '/home/mmitss/Documents/cda-mmitss/src/mmitss-ros2-transceiver/src/MsgTransceiver/CarmaDecoderRos2/build/carma-ros2-decoder' returned '1': CMAKE_PREFIX_PATH=/opt/ros/foxy CONDA_PROMPT_MODIFIER=(base) /usr/bin/cmake /home/mmitss/Documents/cda-mmitss/src/mmitss-ros2-transceiver/src/MsgTransceiver/CarmaDecoderRos2 -DCMAKE_INSTALL_PREFIX=/home/mmitss/Documents/cda-mmitss/src/mmitss-ros2-transceiver/src/MsgTransceiver/CarmaDecoderRos2/install/carma-ros2-decoder
