-- The C compiler identification is GNU 9.4.0
-- The CXX compiler identification is GNU 9.4.0
-- Check for working C compiler: /usr/bin/cc
-- Check for working C compiler: /usr/bin/cc -- works
-- Detecting C compiler ABI info
-- Detecting C compiler ABI info - done
-- Detecting C compile features
-- Detecting C compile features - done
-- Check for working CXX compiler: /usr/bin/c++
-- Check for working CXX compiler: /usr/bin/c++ -- works
-- Detecting CXX compiler ABI info
-- Detecting CXX compiler ABI info - done
-- Detecting CXX compile features
-- Detecting CXX compile features - done
-- Found ament_cmake: 0.9.12 (/opt/ros/foxy/share/ament_cmake/cmake)
-- Found PythonInterp: /home/mmitss/anaconda3/bin/python3 (found suitable version "3.8.8", minimum required is "3") 
-- Using PYTHON_EXECUTABLE: /home/mmitss/anaconda3/bin/python3
-- Found ament_cmake_auto: 0.9.12 (/opt/ros/foxy/share/ament_cmake_auto/cmake)
-- Using all available rosidl_typesupport_c: rosidl_typesupport_fastrtps_c;rosidl_typesupport_introspection_c
-- Found rosidl_adapter: 1.3.1 (/opt/ros/foxy/share/rosidl_adapter/cmake)
-- Found OpenSSL: /usr/lib/x86_64-linux-gnu/libcrypto.so (found version "1.1.1f")  
-- Found FastRTPS: /opt/ros/foxy/include  
-- Using all available rosidl_typesupport_cpp: rosidl_typesupport_fastrtps_cpp;rosidl_typesupport_introspection_cpp
-- Found rmw_implementation_cmake: 1.0.4 (/opt/ros/foxy/share/rmw_implementation_cmake/cmake)
-- Using RMW implementation 'rmw_fastrtps_cpp' as default
-- Looking for pthread.h
-- Looking for pthread.h - found
-- Performing Test CMAKE_HAVE_LIBC_PTHREAD
-- Performing Test CMAKE_HAVE_LIBC_PTHREAD - Failed
-- Looking for pthread_create in pthreads
-- Looking for pthread_create in pthreads - not found
-- Looking for pthread_create in pthread
-- Looking for pthread_create in pthread - found
-- Found Threads: TRUE  
-- Found ament_lint_auto: 0.9.8 (/opt/ros/foxy/share/ament_lint_auto/cmake)
-- Added test 'copyright' to check source files copyright and LICENSE
-- Added test 'cppcheck' to perform static code analysis on C / C++ code
-- Configured cppcheck include dirs: /home/mmitss/Documents/cda-mmitss/mmitss/src/common/MsgTransceiver/CarmaDecoderRos2/../../../../include;/home/mmitss/Documents/cda-mmitss/mmitss/src/common/MsgTransceiver/CarmaDecoderRos2/../../../../include/common;/home/mmitss/Documents/cda-mmitss/mmitss/src/common/MsgTransceiver/CarmaDecoderRos2/../../../../include/libj2735;/home/mmitss/Documents/cda-mmitss/mmitss/src/common/MsgTransceiver/CarmaDecoderRos2/../../../../3rdparty/asn1j2735/include;/home/mmitss/Documents/cda-mmitss/mmitss/src/common/MsgTransceiver/CarmaDecoderRos2/../../../../3rdparty/glpk/include;/home/mmitss/Documents/cda-mmitss/mmitss/src/common/MsgTransceiver/CarmaDecoderRos2/../../../../3rdparty/mapengine/include;/home/mmitss/Documents/cda-mmitss/mmitss/src/common/MsgTransceiver/CarmaDecoderRos2/../../../../3rdparty/net-snmp;/home/mmitss/Documents/cda-mmitss/mmitss/src/common/MsgTransceiver/CarmaDecoderRos2/../../../../3rdparty/jsoncpp
-- Configured cppcheck exclude dirs and/or files: 
-- Added test 'cpplint' to check C / C++ code against the Google style
-- Configured cpplint exclude dirs and/or files: 
-- Added test 'lint_cmake' to check CMake code style
-- Added test 'uncrustify' to check C / C++ code style
-- Configured uncrustify additional arguments: 
-- Added test 'xmllint' to check XML markup files
-- Configuring done
-- Generating done
-- Build files have been written to: /home/mmitss/Documents/cda-mmitss/mmitss/src/common/MsgTransceiver/CarmaDecoderRos2/build/carma-ros2-decoder
[35m[1mScanning dependencies of target M_CarmaMsgDecoder[0m
[ 20%] [32mBuilding CXX object CMakeFiles/M_CarmaMsgDecoder.dir/src/carma-inbound-listener.cpp.o[0m
[ 40%] [32mBuilding CXX object CMakeFiles/M_CarmaMsgDecoder.dir/src/carma-msg-decoder.cpp.o[0m
[ 60%] [32mBuilding CXX object CMakeFiles/M_CarmaMsgDecoder.dir/src/carma-transceiver-decoder.cpp.o[0m
[ 80%] [32mBuilding CXX object CMakeFiles/M_CarmaMsgDecoder.dir/src/carma-outbound-listener.cpp.o[0m
[100%] [32m[1mLinking CXX executable M_CarmaMsgDecoder[0m
