[0.059s] Invoking command in '/home/mmitss/Documents/cda-mmitss/other/build/can_msgs': CMAKE_PREFIX_PATH=/home/mmitss/Documents/cda-mmitss/other/install/carma_cmake_common:/home/mmitss/Documents/cda-mmitss/other/install/carma_debug_ros2_msgs:/home/mmitss/Documents/cda-mmitss/other/install/carma_planning_msgs:/home/mmitss/Documents/cda-mmitss/other/install/carma_v2x_msgs:/home/mmitss/Documents/cda-mmitss/other/install/j3224_v2x_msgs:/home/mmitss/Documents/cda-mmitss/other/install/j2735_v2x_msgs:/home/mmitss/Documents/cda-mmitss/other/install/carma_perception_msgs:/home/mmitss/Documents/cda-mmitss/other/install/carma_driver_msgs:/home/mmitss/Documents/cda-mmitss/other/install/carma_msgs:/home/mmitss/Documents/cda-mmitss/other/install/carma_localization_msgs:/home/mmitss/Documents/cda-mmitss/other/install/can_msgs:/opt/ros/foxy CONDA_PROMPT_MODIFIER=(base) /usr/bin/cmake --build /home/mmitss/Documents/cda-mmitss/other/build/can_msgs -- -j8 -l8
[0.183s] [  2%] Built target can_msgs__cpp
[0.194s] [ 12%] Built target can_msgs__rosidl_generator_c
[0.302s] [ 23%] Built target can_msgs__rosidl_typesupport_cpp
[0.329s] [ 33%] Built target can_msgs__rosidl_typesupport_introspection_cpp
[0.340s] [ 43%] Built target can_msgs__rosidl_typesupport_fastrtps_cpp
[0.347s] [ 53%] Built target can_msgs__rosidl_typesupport_c
[0.391s] [ 64%] Built target can_msgs__rosidl_typesupport_introspection_c
[0.414s] [ 74%] Built target can_msgs__rosidl_typesupport_fastrtps_c
[0.454s] [ 74%] Built target can_msgs
[0.484s] [ 76%] Built target can_msgs__py
[0.539s] [ 84%] Built target can_msgs__python
[0.615s] [ 89%] Built target can_msgs__rosidl_typesupport_introspection_c__pyext
[0.620s] [ 94%] Built target can_msgs__rosidl_typesupport_fastrtps_c__pyext
[0.637s] [100%] Built target can_msgs__rosidl_typesupport_c__pyext
[0.687s] Invoked command in '/home/mmitss/Documents/cda-mmitss/other/build/can_msgs' returned '0': CMAKE_PREFIX_PATH=/home/mmitss/Documents/cda-mmitss/other/install/carma_cmake_common:/home/mmitss/Documents/cda-mmitss/other/install/carma_debug_ros2_msgs:/home/mmitss/Documents/cda-mmitss/other/install/carma_planning_msgs:/home/mmitss/Documents/cda-mmitss/other/install/carma_v2x_msgs:/home/mmitss/Documents/cda-mmitss/other/install/j3224_v2x_msgs:/home/mmitss/Documents/cda-mmitss/other/install/j2735_v2x_msgs:/home/mmitss/Documents/cda-mmitss/other/install/carma_perception_msgs:/home/mmitss/Documents/cda-mmitss/other/install/carma_driver_msgs:/home/mmitss/Documents/cda-mmitss/other/install/carma_msgs:/home/mmitss/Documents/cda-mmitss/other/install/carma_localization_msgs:/home/mmitss/Documents/cda-mmitss/other/install/can_msgs:/opt/ros/foxy CONDA_PROMPT_MODIFIER=(base) /usr/bin/cmake --build /home/mmitss/Documents/cda-mmitss/other/build/can_msgs -- -j8 -l8
[0.882s] Invoking command in '/home/mmitss/Documents/cda-mmitss/other/build/can_msgs': CMAKE_PREFIX_PATH=/home/mmitss/Documents/cda-mmitss/other/install/carma_cmake_common:/home/mmitss/Documents/cda-mmitss/other/install/carma_debug_ros2_msgs:/home/mmitss/Documents/cda-mmitss/other/install/carma_planning_msgs:/home/mmitss/Documents/cda-mmitss/other/install/carma_v2x_msgs:/home/mmitss/Documents/cda-mmitss/other/install/j3224_v2x_msgs:/home/mmitss/Documents/cda-mmitss/other/install/j2735_v2x_msgs:/home/mmitss/Documents/cda-mmitss/other/install/carma_perception_msgs:/home/mmitss/Documents/cda-mmitss/other/install/carma_driver_msgs:/home/mmitss/Documents/cda-mmitss/other/install/carma_msgs:/home/mmitss/Documents/cda-mmitss/other/install/carma_localization_msgs:/home/mmitss/Documents/cda-mmitss/other/install/can_msgs:/opt/ros/foxy CONDA_PROMPT_MODIFIER=(base) /usr/bin/cmake --install /home/mmitss/Documents/cda-mmitss/other/build/can_msgs
[0.895s] -- Install configuration: "Release"
[0.896s] -- Up-to-date: /home/mmitss/Documents/cda-mmitss/other/install/can_msgs/share/ament_index/resource_index/rosidl_interfaces/can_msgs
[0.896s] -- Up-to-date: /home/mmitss/Documents/cda-mmitss/other/install/can_msgs/include/can_msgs
[0.900s] -- Up-to-date: /home/mmitss/Documents/cda-mmitss/other/install/can_msgs/include/can_msgs/msg
[0.905s] -- Up-to-date: /home/mmitss/Documents/cda-mmitss/other/install/can_msgs/include/can_msgs/msg/can_state.h
[0.906s] -- Up-to-date: /home/mmitss/Documents/cda-mmitss/other/install/can_msgs/include/can_msgs/msg/rosidl_generator_c__visibility_control.h
[0.907s] -- Up-to-date: /home/mmitss/Documents/cda-mmitss/other/install/can_msgs/include/can_msgs/msg/frame.h
[0.907s] -- Up-to-date: /home/mmitss/Documents/cda-mmitss/other/install/can_msgs/include/can_msgs/msg/detail
[0.907s] -- Up-to-date: /home/mmitss/Documents/cda-mmitss/other/install/can_msgs/include/can_msgs/msg/detail/can_state__type_support.h
[0.907s] -- Up-to-date: /home/mmitss/Documents/cda-mmitss/other/install/can_msgs/include/can_msgs/msg/detail/frame__struct.h
[0.907s] -- Up-to-date: /home/mmitss/Documents/cda-mmitss/other/install/can_msgs/include/can_msgs/msg/detail/can_state__struct.h
[0.907s] -- Up-to-date: /home/mmitss/Documents/cda-mmitss/other/install/can_msgs/include/can_msgs/msg/detail/frame__type_support.h
[0.907s] -- Up-to-date: /home/mmitss/Documents/cda-mmitss/other/install/can_msgs/include/can_msgs/msg/detail/can_state__functions.c
[0.908s] -- Up-to-date: /home/mmitss/Documents/cda-mmitss/other/install/can_msgs/include/can_msgs/msg/detail/frame__functions.h
[0.908s] -- Up-to-date: /home/mmitss/Documents/cda-mmitss/other/install/can_msgs/include/can_msgs/msg/detail/can_state__functions.h
[0.908s] -- Up-to-date: /home/mmitss/Documents/cda-mmitss/other/install/can_msgs/include/can_msgs/msg/detail/frame__functions.c
[0.909s] -- Up-to-date: /home/mmitss/Documents/cda-mmitss/other/install/can_msgs/share/can_msgs/environment/library_path.sh
[0.909s] -- Up-to-date: /home/mmitss/Documents/cda-mmitss/other/install/can_msgs/share/can_msgs/environment/library_path.dsv
[0.909s] -- Up-to-date: /home/mmitss/Documents/cda-mmitss/other/install/can_msgs/lib/libcan_msgs__rosidl_generator_c.so
[0.909s] -- Up-to-date: /home/mmitss/Documents/cda-mmitss/other/install/can_msgs/include/can_msgs
[0.909s] -- Up-to-date: /home/mmitss/Documents/cda-mmitss/other/install/can_msgs/include/can_msgs/msg
[0.909s] -- Up-to-date: /home/mmitss/Documents/cda-mmitss/other/install/can_msgs/include/can_msgs/msg/rosidl_typesupport_fastrtps_c__visibility_control.h
[0.909s] -- Up-to-date: /home/mmitss/Documents/cda-mmitss/other/install/can_msgs/include/can_msgs/msg/detail
[0.909s] -- Up-to-date: /home/mmitss/Documents/cda-mmitss/other/install/can_msgs/include/can_msgs/msg/detail/frame__rosidl_typesupport_fastrtps_c.h
[0.910s] -- Up-to-date: /home/mmitss/Documents/cda-mmitss/other/install/can_msgs/include/can_msgs/msg/detail/can_state__rosidl_typesupport_fastrtps_c.h
[0.910s] -- Up-to-date: /home/mmitss/Documents/cda-mmitss/other/install/can_msgs/lib/libcan_msgs__rosidl_typesupport_fastrtps_c.so
[0.910s] -- Up-to-date: /home/mmitss/Documents/cda-mmitss/other/install/can_msgs/include/can_msgs
[0.910s] -- Up-to-date: /home/mmitss/Documents/cda-mmitss/other/install/can_msgs/include/can_msgs/msg
[0.910s] -- Up-to-date: /home/mmitss/Documents/cda-mmitss/other/install/can_msgs/include/can_msgs/msg/rosidl_typesupport_fastrtps_cpp__visibility_control.h
[0.910s] -- Up-to-date: /home/mmitss/Documents/cda-mmitss/other/install/can_msgs/include/can_msgs/msg/detail
[0.910s] -- Up-to-date: /home/mmitss/Documents/cda-mmitss/other/install/can_msgs/include/can_msgs/msg/detail/frame__rosidl_typesupport_fastrtps_cpp.hpp
[0.910s] -- Up-to-date: /home/mmitss/Documents/cda-mmitss/other/install/can_msgs/include/can_msgs/msg/detail/dds_fastrtps
[0.910s] -- Up-to-date: /home/mmitss/Documents/cda-mmitss/other/install/can_msgs/include/can_msgs/msg/detail/can_state__rosidl_typesupport_fastrtps_cpp.hpp
[0.910s] -- Up-to-date: /home/mmitss/Documents/cda-mmitss/other/install/can_msgs/lib/libcan_msgs__rosidl_typesupport_fastrtps_cpp.so
[0.911s] -- Up-to-date: /home/mmitss/Documents/cda-mmitss/other/install/can_msgs/include/can_msgs
[0.911s] -- Up-to-date: /home/mmitss/Documents/cda-mmitss/other/install/can_msgs/include/can_msgs/msg
[0.911s] -- Up-to-date: /home/mmitss/Documents/cda-mmitss/other/install/can_msgs/include/can_msgs/msg/rosidl_typesupport_introspection_c__visibility_control.h
[0.911s] -- Up-to-date: /home/mmitss/Documents/cda-mmitss/other/install/can_msgs/include/can_msgs/msg/detail
[0.911s] -- Up-to-date: /home/mmitss/Documents/cda-mmitss/other/install/can_msgs/include/can_msgs/msg/detail/frame__type_support.c
[0.911s] -- Up-to-date: /home/mmitss/Documents/cda-mmitss/other/install/can_msgs/include/can_msgs/msg/detail/can_state__type_support.c
[0.911s] -- Up-to-date: /home/mmitss/Documents/cda-mmitss/other/install/can_msgs/include/can_msgs/msg/detail/frame__rosidl_typesupport_introspection_c.h
[0.911s] -- Up-to-date: /home/mmitss/Documents/cda-mmitss/other/install/can_msgs/include/can_msgs/msg/detail/can_state__rosidl_typesupport_introspection_c.h
[0.911s] -- Up-to-date: /home/mmitss/Documents/cda-mmitss/other/install/can_msgs/lib/libcan_msgs__rosidl_typesupport_introspection_c.so
[0.911s] -- Up-to-date: /home/mmitss/Documents/cda-mmitss/other/install/can_msgs/lib/libcan_msgs__rosidl_typesupport_c.so
[0.911s] -- Up-to-date: /home/mmitss/Documents/cda-mmitss/other/install/can_msgs/include/can_msgs
[0.912s] -- Up-to-date: /home/mmitss/Documents/cda-mmitss/other/install/can_msgs/include/can_msgs/msg
[0.912s] -- Up-to-date: /home/mmitss/Documents/cda-mmitss/other/install/can_msgs/include/can_msgs/msg/rosidl_generator_cpp__visibility_control.hpp
[0.912s] -- Up-to-date: /home/mmitss/Documents/cda-mmitss/other/install/can_msgs/include/can_msgs/msg/frame.hpp
[0.912s] -- Up-to-date: /home/mmitss/Documents/cda-mmitss/other/install/can_msgs/include/can_msgs/msg/can_state.hpp
[0.912s] -- Up-to-date: /home/mmitss/Documents/cda-mmitss/other/install/can_msgs/include/can_msgs/msg/detail
[0.912s] -- Up-to-date: /home/mmitss/Documents/cda-mmitss/other/install/can_msgs/include/can_msgs/msg/detail/frame__type_support.hpp
[0.912s] -- Up-to-date: /home/mmitss/Documents/cda-mmitss/other/install/can_msgs/include/can_msgs/msg/detail/can_state__struct.hpp
[0.912s] -- Up-to-date: /home/mmitss/Documents/cda-mmitss/other/install/can_msgs/include/can_msgs/msg/detail/frame__traits.hpp
[0.912s] -- Up-to-date: /home/mmitss/Documents/cda-mmitss/other/install/can_msgs/include/can_msgs/msg/detail/can_state__traits.hpp
[0.912s] -- Up-to-date: /home/mmitss/Documents/cda-mmitss/other/install/can_msgs/include/can_msgs/msg/detail/can_state__type_support.hpp
[0.913s] -- Up-to-date: /home/mmitss/Documents/cda-mmitss/other/install/can_msgs/include/can_msgs/msg/detail/frame__struct.hpp
[0.913s] -- Up-to-date: /home/mmitss/Documents/cda-mmitss/other/install/can_msgs/include/can_msgs/msg/detail/frame__builder.hpp
[0.913s] -- Up-to-date: /home/mmitss/Documents/cda-mmitss/other/install/can_msgs/include/can_msgs/msg/detail/can_state__builder.hpp
[0.913s] -- Up-to-date: /home/mmitss/Documents/cda-mmitss/other/install/can_msgs/include/can_msgs
[0.913s] -- Up-to-date: /home/mmitss/Documents/cda-mmitss/other/install/can_msgs/include/can_msgs/msg
[0.913s] -- Up-to-date: /home/mmitss/Documents/cda-mmitss/other/install/can_msgs/include/can_msgs/msg/detail
[0.913s] -- Up-to-date: /home/mmitss/Documents/cda-mmitss/other/install/can_msgs/include/can_msgs/msg/detail/frame__type_support.cpp
[0.913s] -- Up-to-date: /home/mmitss/Documents/cda-mmitss/other/install/can_msgs/include/can_msgs/msg/detail/can_state__rosidl_typesupport_introspection_cpp.hpp
[0.913s] -- Up-to-date: /home/mmitss/Documents/cda-mmitss/other/install/can_msgs/include/can_msgs/msg/detail/frame__rosidl_typesupport_introspection_cpp.hpp
[0.913s] -- Up-to-date: /home/mmitss/Documents/cda-mmitss/other/install/can_msgs/include/can_msgs/msg/detail/can_state__type_support.cpp
[0.914s] -- Up-to-date: /home/mmitss/Documents/cda-mmitss/other/install/can_msgs/lib/libcan_msgs__rosidl_typesupport_introspection_cpp.so
[0.914s] -- Up-to-date: /home/mmitss/Documents/cda-mmitss/other/install/can_msgs/lib/libcan_msgs__rosidl_typesupport_cpp.so
[0.914s] -- Up-to-date: /home/mmitss/Documents/cda-mmitss/other/install/can_msgs/share/can_msgs/environment/pythonpath.sh
[0.914s] -- Up-to-date: /home/mmitss/Documents/cda-mmitss/other/install/can_msgs/share/can_msgs/environment/pythonpath.dsv
[0.914s] -- Up-to-date: /home/mmitss/Documents/cda-mmitss/other/install/can_msgs/lib/python3.8/site-packages/can_msgs/__init__.py
[0.978s] -- Up-to-date: /home/mmitss/Documents/cda-mmitss/other/install/can_msgs/lib/python3.8/site-packages/can_msgs/msg
[0.979s] -- Up-to-date: /home/mmitss/Documents/cda-mmitss/other/install/can_msgs/lib/python3.8/site-packages/can_msgs/msg/_can_state_s.c
[0.979s] -- Up-to-date: /home/mmitss/Documents/cda-mmitss/other/install/can_msgs/lib/python3.8/site-packages/can_msgs/msg/_frame_s.c
[0.979s] -- Up-to-date: /home/mmitss/Documents/cda-mmitss/other/install/can_msgs/lib/python3.8/site-packages/can_msgs/msg/_frame.py
[0.979s] -- Up-to-date: /home/mmitss/Documents/cda-mmitss/other/install/can_msgs/lib/python3.8/site-packages/can_msgs/msg/_can_state.py
[0.980s] -- Up-to-date: /home/mmitss/Documents/cda-mmitss/other/install/can_msgs/lib/python3.8/site-packages/can_msgs/msg/__init__.py
[0.980s] -- Up-to-date: /home/mmitss/Documents/cda-mmitss/other/install/can_msgs/lib/python3.8/site-packages/can_msgs/can_msgs_s__rosidl_typesupport_fastrtps_c.cpython-38-x86_64-linux-gnu.so
[0.981s] -- Up-to-date: /home/mmitss/Documents/cda-mmitss/other/install/can_msgs/lib/python3.8/site-packages/can_msgs/can_msgs_s__rosidl_typesupport_introspection_c.cpython-38-x86_64-linux-gnu.so
[0.981s] -- Up-to-date: /home/mmitss/Documents/cda-mmitss/other/install/can_msgs/lib/python3.8/site-packages/can_msgs/can_msgs_s__rosidl_typesupport_c.cpython-38-x86_64-linux-gnu.so
[0.981s] -- Up-to-date: /home/mmitss/Documents/cda-mmitss/other/install/can_msgs/lib/libcan_msgs__python.so
[0.981s] -- Up-to-date: /home/mmitss/Documents/cda-mmitss/other/install/can_msgs/share/can_msgs/msg/CanState.idl
[0.985s] -- Up-to-date: /home/mmitss/Documents/cda-mmitss/other/install/can_msgs/share/can_msgs/msg/Frame.idl
[0.986s] -- Up-to-date: /home/mmitss/Documents/cda-mmitss/other/install/can_msgs/share/can_msgs/msg/CanState.msg
[0.986s] -- Up-to-date: /home/mmitss/Documents/cda-mmitss/other/install/can_msgs/share/can_msgs/msg/Frame.msg
[0.987s] -- Up-to-date: /home/mmitss/Documents/cda-mmitss/other/install/can_msgs/share/ament_index/resource_index/package_run_dependencies/can_msgs
[0.987s] -- Up-to-date: /home/mmitss/Documents/cda-mmitss/other/install/can_msgs/share/ament_index/resource_index/parent_prefix_path/can_msgs
[0.987s] -- Up-to-date: /home/mmitss/Documents/cda-mmitss/other/install/can_msgs/share/can_msgs/environment/ament_prefix_path.sh
[0.988s] -- Up-to-date: /home/mmitss/Documents/cda-mmitss/other/install/can_msgs/share/can_msgs/environment/ament_prefix_path.dsv
[0.988s] -- Up-to-date: /home/mmitss/Documents/cda-mmitss/other/install/can_msgs/share/can_msgs/environment/path.sh
[0.988s] -- Up-to-date: /home/mmitss/Documents/cda-mmitss/other/install/can_msgs/share/can_msgs/environment/path.dsv
[0.988s] -- Up-to-date: /home/mmitss/Documents/cda-mmitss/other/install/can_msgs/share/can_msgs/local_setup.bash
[0.989s] -- Up-to-date: /home/mmitss/Documents/cda-mmitss/other/install/can_msgs/share/can_msgs/local_setup.sh
[0.989s] -- Up-to-date: /home/mmitss/Documents/cda-mmitss/other/install/can_msgs/share/can_msgs/local_setup.zsh
[0.989s] -- Up-to-date: /home/mmitss/Documents/cda-mmitss/other/install/can_msgs/share/can_msgs/local_setup.dsv
[0.990s] -- Installing: /home/mmitss/Documents/cda-mmitss/other/install/can_msgs/share/can_msgs/package.dsv
[0.990s] -- Up-to-date: /home/mmitss/Documents/cda-mmitss/other/install/can_msgs/share/ament_index/resource_index/packages/can_msgs
[0.990s] -- Up-to-date: /home/mmitss/Documents/cda-mmitss/other/install/can_msgs/share/can_msgs/cmake/can_msgs__rosidl_generator_cExport.cmake
[0.990s] -- Up-to-date: /home/mmitss/Documents/cda-mmitss/other/install/can_msgs/share/can_msgs/cmake/can_msgs__rosidl_generator_cExport-release.cmake
[0.991s] -- Up-to-date: /home/mmitss/Documents/cda-mmitss/other/install/can_msgs/share/can_msgs/cmake/can_msgs__rosidl_typesupport_introspection_cExport.cmake
[0.991s] -- Up-to-date: /home/mmitss/Documents/cda-mmitss/other/install/can_msgs/share/can_msgs/cmake/can_msgs__rosidl_typesupport_introspection_cExport-release.cmake
[0.991s] -- Up-to-date: /home/mmitss/Documents/cda-mmitss/other/install/can_msgs/share/can_msgs/cmake/can_msgs__rosidl_typesupport_cExport.cmake
[0.991s] -- Up-to-date: /home/mmitss/Documents/cda-mmitss/other/install/can_msgs/share/can_msgs/cmake/can_msgs__rosidl_typesupport_cExport-release.cmake
[0.992s] -- Up-to-date: /home/mmitss/Documents/cda-mmitss/other/install/can_msgs/share/can_msgs/cmake/can_msgs__rosidl_generator_cppExport.cmake
[0.992s] -- Up-to-date: /home/mmitss/Documents/cda-mmitss/other/install/can_msgs/share/can_msgs/cmake/can_msgs__rosidl_typesupport_introspection_cppExport.cmake
[0.992s] -- Up-to-date: /home/mmitss/Documents/cda-mmitss/other/install/can_msgs/share/can_msgs/cmake/can_msgs__rosidl_typesupport_introspection_cppExport-release.cmake
[0.995s] -- Up-to-date: /home/mmitss/Documents/cda-mmitss/other/install/can_msgs/share/can_msgs/cmake/can_msgs__rosidl_typesupport_cppExport.cmake
[0.996s] -- Up-to-date: /home/mmitss/Documents/cda-mmitss/other/install/can_msgs/share/can_msgs/cmake/can_msgs__rosidl_typesupport_cppExport-release.cmake
[0.996s] -- Up-to-date: /home/mmitss/Documents/cda-mmitss/other/install/can_msgs/share/can_msgs/cmake/rosidl_cmake-extras.cmake
[0.996s] -- Up-to-date: /home/mmitss/Documents/cda-mmitss/other/install/can_msgs/share/can_msgs/cmake/ament_cmake_export_dependencies-extras.cmake
[0.996s] -- Up-to-date: /home/mmitss/Documents/cda-mmitss/other/install/can_msgs/share/can_msgs/cmake/ament_cmake_export_libraries-extras.cmake
[0.997s] -- Up-to-date: /home/mmitss/Documents/cda-mmitss/other/install/can_msgs/share/can_msgs/cmake/ament_cmake_export_targets-extras.cmake
[0.997s] -- Up-to-date: /home/mmitss/Documents/cda-mmitss/other/install/can_msgs/share/can_msgs/cmake/ament_cmake_export_include_directories-extras.cmake
[0.997s] -- Up-to-date: /home/mmitss/Documents/cda-mmitss/other/install/can_msgs/share/can_msgs/cmake/rosidl_cmake_export_typesupport_libraries-extras.cmake
[0.997s] -- Up-to-date: /home/mmitss/Documents/cda-mmitss/other/install/can_msgs/share/can_msgs/cmake/rosidl_cmake_export_typesupport_targets-extras.cmake
[0.997s] -- Up-to-date: /home/mmitss/Documents/cda-mmitss/other/install/can_msgs/share/can_msgs/cmake/can_msgsConfig.cmake
[0.997s] -- Up-to-date: /home/mmitss/Documents/cda-mmitss/other/install/can_msgs/share/can_msgs/cmake/can_msgsConfig-version.cmake
[0.997s] -- Up-to-date: /home/mmitss/Documents/cda-mmitss/other/install/can_msgs/share/can_msgs/package.xml
[1.016s] Invoked command in '/home/mmitss/Documents/cda-mmitss/other/build/can_msgs' returned '0': CMAKE_PREFIX_PATH=/home/mmitss/Documents/cda-mmitss/other/install/carma_cmake_common:/home/mmitss/Documents/cda-mmitss/other/install/carma_debug_ros2_msgs:/home/mmitss/Documents/cda-mmitss/other/install/carma_planning_msgs:/home/mmitss/Documents/cda-mmitss/other/install/carma_v2x_msgs:/home/mmitss/Documents/cda-mmitss/other/install/j3224_v2x_msgs:/home/mmitss/Documents/cda-mmitss/other/install/j2735_v2x_msgs:/home/mmitss/Documents/cda-mmitss/other/install/carma_perception_msgs:/home/mmitss/Documents/cda-mmitss/other/install/carma_driver_msgs:/home/mmitss/Documents/cda-mmitss/other/install/carma_msgs:/home/mmitss/Documents/cda-mmitss/other/install/carma_localization_msgs:/home/mmitss/Documents/cda-mmitss/other/install/can_msgs:/opt/ros/foxy CONDA_PROMPT_MODIFIER=(base) /usr/bin/cmake --install /home/mmitss/Documents/cda-mmitss/other/build/can_msgs
