[0.086s] Invoking command in '/home/mmitss/Documents/cda-mmitss/other/build/carma_localization_msgs': CMAKE_PREFIX_PATH=/home/mmitss/Documents/cda-mmitss/other/install/carma_cmake_common:/home/mmitss/Documents/cda-mmitss/other/install/carma_debug_ros2_msgs:/home/mmitss/Documents/cda-mmitss/other/install/carma_planning_msgs:/home/mmitss/Documents/cda-mmitss/other/install/carma_v2x_msgs:/home/mmitss/Documents/cda-mmitss/other/install/j3224_v2x_msgs:/home/mmitss/Documents/cda-mmitss/other/install/j2735_v2x_msgs:/home/mmitss/Documents/cda-mmitss/other/install/carma_perception_msgs:/home/mmitss/Documents/cda-mmitss/other/install/carma_driver_msgs:/home/mmitss/Documents/cda-mmitss/other/install/carma_msgs:/home/mmitss/Documents/cda-mmitss/other/install/carma_localization_msgs:/home/mmitss/Documents/cda-mmitss/other/install/can_msgs:/opt/ros/foxy CONDA_PROMPT_MODIFIER=(base) /usr/bin/cmake --build /home/mmitss/Documents/cda-mmitss/other/build/carma_localization_msgs -- -j8 -l8
[0.274s] [  3%] Built target carma_localization_msgs__cpp
[0.298s] [ 12%] Built target carma_localization_msgs__rosidl_generator_c
[0.454s] [ 22%] Built target carma_localization_msgs__rosidl_typesupport_introspection_cpp
[0.507s] [ 32%] Built target carma_localization_msgs__rosidl_typesupport_cpp
[0.537s] [ 41%] Built target carma_localization_msgs__rosidl_typesupport_fastrtps_cpp
[0.622s] [ 51%] Built target carma_localization_msgs__rosidl_typesupport_introspection_c
[0.663s] [ 61%] Built target carma_localization_msgs__rosidl_typesupport_c
[0.688s] [ 70%] Built target carma_localization_msgs__rosidl_typesupport_fastrtps_c
[0.752s] [ 70%] Built target carma_localization_msgs
[0.813s] [ 74%] Built target carma_localization_msgs__py
[0.892s] [ 80%] Built target carma_localization_msgs__python
[0.996s] [ 87%] Built target carma_localization_msgs__rosidl_typesupport_c__pyext
[1.014s] [ 93%] Built target carma_localization_msgs__rosidl_typesupport_fastrtps_c__pyext
[1.088s] [100%] Built target carma_localization_msgs__rosidl_typesupport_introspection_c__pyext
[1.127s] Invoked command in '/home/mmitss/Documents/cda-mmitss/other/build/carma_localization_msgs' returned '0': CMAKE_PREFIX_PATH=/home/mmitss/Documents/cda-mmitss/other/install/carma_cmake_common:/home/mmitss/Documents/cda-mmitss/other/install/carma_debug_ros2_msgs:/home/mmitss/Documents/cda-mmitss/other/install/carma_planning_msgs:/home/mmitss/Documents/cda-mmitss/other/install/carma_v2x_msgs:/home/mmitss/Documents/cda-mmitss/other/install/j3224_v2x_msgs:/home/mmitss/Documents/cda-mmitss/other/install/j2735_v2x_msgs:/home/mmitss/Documents/cda-mmitss/other/install/carma_perception_msgs:/home/mmitss/Documents/cda-mmitss/other/install/carma_driver_msgs:/home/mmitss/Documents/cda-mmitss/other/install/carma_msgs:/home/mmitss/Documents/cda-mmitss/other/install/carma_localization_msgs:/home/mmitss/Documents/cda-mmitss/other/install/can_msgs:/opt/ros/foxy CONDA_PROMPT_MODIFIER=(base) /usr/bin/cmake --build /home/mmitss/Documents/cda-mmitss/other/build/carma_localization_msgs -- -j8 -l8
[1.393s] Invoking command in '/home/mmitss/Documents/cda-mmitss/other/build/carma_localization_msgs': CMAKE_PREFIX_PATH=/home/mmitss/Documents/cda-mmitss/other/install/carma_cmake_common:/home/mmitss/Documents/cda-mmitss/other/install/carma_debug_ros2_msgs:/home/mmitss/Documents/cda-mmitss/other/install/carma_planning_msgs:/home/mmitss/Documents/cda-mmitss/other/install/carma_v2x_msgs:/home/mmitss/Documents/cda-mmitss/other/install/j3224_v2x_msgs:/home/mmitss/Documents/cda-mmitss/other/install/j2735_v2x_msgs:/home/mmitss/Documents/cda-mmitss/other/install/carma_perception_msgs:/home/mmitss/Documents/cda-mmitss/other/install/carma_driver_msgs:/home/mmitss/Documents/cda-mmitss/other/install/carma_msgs:/home/mmitss/Documents/cda-mmitss/other/install/carma_localization_msgs:/home/mmitss/Documents/cda-mmitss/other/install/can_msgs:/opt/ros/foxy CONDA_PROMPT_MODIFIER=(base) /usr/bin/cmake --install /home/mmitss/Documents/cda-mmitss/other/build/carma_localization_msgs
[1.418s] -- Install configuration: "Release"
[1.419s] -- Up-to-date: /home/mmitss/Documents/cda-mmitss/other/install/carma_localization_msgs/share/ament_index/resource_index/rosidl_interfaces/carma_localization_msgs
[1.419s] -- Up-to-date: /home/mmitss/Documents/cda-mmitss/other/install/carma_localization_msgs/include/carma_localization_msgs
[1.419s] -- Up-to-date: /home/mmitss/Documents/cda-mmitss/other/install/carma_localization_msgs/include/carma_localization_msgs/msg
[1.420s] -- Up-to-date: /home/mmitss/Documents/cda-mmitss/other/install/carma_localization_msgs/include/carma_localization_msgs/msg/localization_status_report.h
[1.420s] -- Up-to-date: /home/mmitss/Documents/cda-mmitss/other/install/carma_localization_msgs/include/carma_localization_msgs/msg/rosidl_generator_c__visibility_control.h
[1.425s] -- Up-to-date: /home/mmitss/Documents/cda-mmitss/other/install/carma_localization_msgs/include/carma_localization_msgs/msg/detail
[1.426s] -- Up-to-date: /home/mmitss/Documents/cda-mmitss/other/install/carma_localization_msgs/include/carma_localization_msgs/msg/detail/localization_status_report__functions.h
[1.427s] -- Up-to-date: /home/mmitss/Documents/cda-mmitss/other/install/carma_localization_msgs/include/carma_localization_msgs/msg/detail/localization_status_report__functions.c
[1.427s] -- Up-to-date: /home/mmitss/Documents/cda-mmitss/other/install/carma_localization_msgs/include/carma_localization_msgs/msg/detail/localization_status_report__struct.h
[1.427s] -- Up-to-date: /home/mmitss/Documents/cda-mmitss/other/install/carma_localization_msgs/include/carma_localization_msgs/msg/detail/localization_status_report__type_support.h
[1.427s] -- Up-to-date: /home/mmitss/Documents/cda-mmitss/other/install/carma_localization_msgs/share/carma_localization_msgs/environment/library_path.sh
[1.427s] -- Up-to-date: /home/mmitss/Documents/cda-mmitss/other/install/carma_localization_msgs/share/carma_localization_msgs/environment/library_path.dsv
[1.428s] -- Up-to-date: /home/mmitss/Documents/cda-mmitss/other/install/carma_localization_msgs/lib/libcarma_localization_msgs__rosidl_generator_c.so
[1.440s] -- Up-to-date: /home/mmitss/Documents/cda-mmitss/other/install/carma_localization_msgs/include/carma_localization_msgs
[1.441s] -- Up-to-date: /home/mmitss/Documents/cda-mmitss/other/install/carma_localization_msgs/include/carma_localization_msgs/msg
[1.441s] -- Up-to-date: /home/mmitss/Documents/cda-mmitss/other/install/carma_localization_msgs/include/carma_localization_msgs/msg/rosidl_typesupport_fastrtps_c__visibility_control.h
[1.441s] -- Up-to-date: /home/mmitss/Documents/cda-mmitss/other/install/carma_localization_msgs/include/carma_localization_msgs/msg/detail
[1.442s] -- Up-to-date: /home/mmitss/Documents/cda-mmitss/other/install/carma_localization_msgs/include/carma_localization_msgs/msg/detail/localization_status_report__rosidl_typesupport_fastrtps_c.h
[1.442s] -- Up-to-date: /home/mmitss/Documents/cda-mmitss/other/install/carma_localization_msgs/lib/libcarma_localization_msgs__rosidl_typesupport_fastrtps_c.so
[1.443s] -- Up-to-date: /home/mmitss/Documents/cda-mmitss/other/install/carma_localization_msgs/include/carma_localization_msgs
[1.443s] -- Up-to-date: /home/mmitss/Documents/cda-mmitss/other/install/carma_localization_msgs/include/carma_localization_msgs/msg
[1.443s] -- Up-to-date: /home/mmitss/Documents/cda-mmitss/other/install/carma_localization_msgs/include/carma_localization_msgs/msg/rosidl_typesupport_fastrtps_cpp__visibility_control.h
[1.444s] -- Up-to-date: /home/mmitss/Documents/cda-mmitss/other/install/carma_localization_msgs/include/carma_localization_msgs/msg/detail
[1.444s] -- Up-to-date: /home/mmitss/Documents/cda-mmitss/other/install/carma_localization_msgs/include/carma_localization_msgs/msg/detail/localization_status_report__rosidl_typesupport_fastrtps_cpp.hpp
[1.444s] -- Up-to-date: /home/mmitss/Documents/cda-mmitss/other/install/carma_localization_msgs/include/carma_localization_msgs/msg/detail/dds_fastrtps
[1.445s] -- Up-to-date: /home/mmitss/Documents/cda-mmitss/other/install/carma_localization_msgs/lib/libcarma_localization_msgs__rosidl_typesupport_fastrtps_cpp.so
[1.445s] -- Up-to-date: /home/mmitss/Documents/cda-mmitss/other/install/carma_localization_msgs/include/carma_localization_msgs
[1.446s] -- Up-to-date: /home/mmitss/Documents/cda-mmitss/other/install/carma_localization_msgs/include/carma_localization_msgs/msg
[1.446s] -- Up-to-date: /home/mmitss/Documents/cda-mmitss/other/install/carma_localization_msgs/include/carma_localization_msgs/msg/rosidl_typesupport_introspection_c__visibility_control.h
[1.447s] -- Up-to-date: /home/mmitss/Documents/cda-mmitss/other/install/carma_localization_msgs/include/carma_localization_msgs/msg/detail
[1.447s] -- Up-to-date: /home/mmitss/Documents/cda-mmitss/other/install/carma_localization_msgs/include/carma_localization_msgs/msg/detail/localization_status_report__rosidl_typesupport_introspection_c.h
[1.447s] -- Up-to-date: /home/mmitss/Documents/cda-mmitss/other/install/carma_localization_msgs/include/carma_localization_msgs/msg/detail/localization_status_report__type_support.c
[1.447s] -- Up-to-date: /home/mmitss/Documents/cda-mmitss/other/install/carma_localization_msgs/lib/libcarma_localization_msgs__rosidl_typesupport_introspection_c.so
[1.448s] -- Up-to-date: /home/mmitss/Documents/cda-mmitss/other/install/carma_localization_msgs/lib/libcarma_localization_msgs__rosidl_typesupport_c.so
[1.448s] -- Up-to-date: /home/mmitss/Documents/cda-mmitss/other/install/carma_localization_msgs/include/carma_localization_msgs
[1.448s] -- Up-to-date: /home/mmitss/Documents/cda-mmitss/other/install/carma_localization_msgs/include/carma_localization_msgs/msg
[1.449s] -- Up-to-date: /home/mmitss/Documents/cda-mmitss/other/install/carma_localization_msgs/include/carma_localization_msgs/msg/rosidl_generator_cpp__visibility_control.hpp
[1.449s] -- Up-to-date: /home/mmitss/Documents/cda-mmitss/other/install/carma_localization_msgs/include/carma_localization_msgs/msg/detail
[1.449s] -- Up-to-date: /home/mmitss/Documents/cda-mmitss/other/install/carma_localization_msgs/include/carma_localization_msgs/msg/detail/localization_status_report__traits.hpp
[1.449s] -- Up-to-date: /home/mmitss/Documents/cda-mmitss/other/install/carma_localization_msgs/include/carma_localization_msgs/msg/detail/localization_status_report__builder.hpp
[1.450s] -- Up-to-date: /home/mmitss/Documents/cda-mmitss/other/install/carma_localization_msgs/include/carma_localization_msgs/msg/detail/localization_status_report__type_support.hpp
[1.450s] -- Up-to-date: /home/mmitss/Documents/cda-mmitss/other/install/carma_localization_msgs/include/carma_localization_msgs/msg/detail/localization_status_report__struct.hpp
[1.450s] -- Up-to-date: /home/mmitss/Documents/cda-mmitss/other/install/carma_localization_msgs/include/carma_localization_msgs/msg/localization_status_report.hpp
[1.450s] -- Up-to-date: /home/mmitss/Documents/cda-mmitss/other/install/carma_localization_msgs/include/carma_localization_msgs
[1.451s] -- Up-to-date: /home/mmitss/Documents/cda-mmitss/other/install/carma_localization_msgs/include/carma_localization_msgs/msg
[1.451s] -- Up-to-date: /home/mmitss/Documents/cda-mmitss/other/install/carma_localization_msgs/include/carma_localization_msgs/msg/detail
[1.452s] -- Up-to-date: /home/mmitss/Documents/cda-mmitss/other/install/carma_localization_msgs/include/carma_localization_msgs/msg/detail/localization_status_report__rosidl_typesupport_introspection_cpp.hpp
[1.452s] -- Up-to-date: /home/mmitss/Documents/cda-mmitss/other/install/carma_localization_msgs/include/carma_localization_msgs/msg/detail/localization_status_report__type_support.cpp
[1.453s] -- Up-to-date: /home/mmitss/Documents/cda-mmitss/other/install/carma_localization_msgs/lib/libcarma_localization_msgs__rosidl_typesupport_introspection_cpp.so
[1.453s] -- Up-to-date: /home/mmitss/Documents/cda-mmitss/other/install/carma_localization_msgs/lib/libcarma_localization_msgs__rosidl_typesupport_cpp.so
[1.453s] -- Up-to-date: /home/mmitss/Documents/cda-mmitss/other/install/carma_localization_msgs/share/carma_localization_msgs/environment/pythonpath.sh
[1.453s] -- Up-to-date: /home/mmitss/Documents/cda-mmitss/other/install/carma_localization_msgs/share/carma_localization_msgs/environment/pythonpath.dsv
[1.454s] -- Up-to-date: /home/mmitss/Documents/cda-mmitss/other/install/carma_localization_msgs/lib/python3.8/site-packages/carma_localization_msgs/__init__.py
[1.575s] -- Up-to-date: /home/mmitss/Documents/cda-mmitss/other/install/carma_localization_msgs/lib/python3.8/site-packages/carma_localization_msgs/msg
[1.575s] -- Up-to-date: /home/mmitss/Documents/cda-mmitss/other/install/carma_localization_msgs/lib/python3.8/site-packages/carma_localization_msgs/msg/_localization_status_report_s.c
[1.575s] -- Up-to-date: /home/mmitss/Documents/cda-mmitss/other/install/carma_localization_msgs/lib/python3.8/site-packages/carma_localization_msgs/msg/_localization_status_report.py
[1.575s] -- Up-to-date: /home/mmitss/Documents/cda-mmitss/other/install/carma_localization_msgs/lib/python3.8/site-packages/carma_localization_msgs/msg/__init__.py
[1.577s] -- Up-to-date: /home/mmitss/Documents/cda-mmitss/other/install/carma_localization_msgs/lib/python3.8/site-packages/carma_localization_msgs/carma_localization_msgs_s__rosidl_typesupport_fastrtps_c.cpython-38-x86_64-linux-gnu.so
[1.577s] -- Up-to-date: /home/mmitss/Documents/cda-mmitss/other/install/carma_localization_msgs/lib/python3.8/site-packages/carma_localization_msgs/carma_localization_msgs_s__rosidl_typesupport_introspection_c.cpython-38-x86_64-linux-gnu.so
[1.578s] -- Up-to-date: /home/mmitss/Documents/cda-mmitss/other/install/carma_localization_msgs/lib/python3.8/site-packages/carma_localization_msgs/carma_localization_msgs_s__rosidl_typesupport_c.cpython-38-x86_64-linux-gnu.so
[1.579s] -- Up-to-date: /home/mmitss/Documents/cda-mmitss/other/install/carma_localization_msgs/lib/libcarma_localization_msgs__python.so
[1.580s] -- Up-to-date: /home/mmitss/Documents/cda-mmitss/other/install/carma_localization_msgs/share/carma_localization_msgs/msg/LocalizationStatusReport.idl
[1.580s] -- Up-to-date: /home/mmitss/Documents/cda-mmitss/other/install/carma_localization_msgs/share/carma_localization_msgs/msg/LocalizationStatusReport.msg
[1.581s] -- Up-to-date: /home/mmitss/Documents/cda-mmitss/other/install/carma_localization_msgs/share/ament_index/resource_index/package_run_dependencies/carma_localization_msgs
[1.581s] -- Up-to-date: /home/mmitss/Documents/cda-mmitss/other/install/carma_localization_msgs/share/ament_index/resource_index/parent_prefix_path/carma_localization_msgs
[1.583s] -- Up-to-date: /home/mmitss/Documents/cda-mmitss/other/install/carma_localization_msgs/share/carma_localization_msgs/environment/ament_prefix_path.sh
[1.585s] -- Up-to-date: /home/mmitss/Documents/cda-mmitss/other/install/carma_localization_msgs/share/carma_localization_msgs/environment/ament_prefix_path.dsv
[1.587s] -- Up-to-date: /home/mmitss/Documents/cda-mmitss/other/install/carma_localization_msgs/share/carma_localization_msgs/environment/path.sh
[1.588s] -- Up-to-date: /home/mmitss/Documents/cda-mmitss/other/install/carma_localization_msgs/share/carma_localization_msgs/environment/path.dsv
[1.590s] -- Up-to-date: /home/mmitss/Documents/cda-mmitss/other/install/carma_localization_msgs/share/carma_localization_msgs/local_setup.bash
[1.590s] -- Up-to-date: /home/mmitss/Documents/cda-mmitss/other/install/carma_localization_msgs/share/carma_localization_msgs/local_setup.sh
[1.591s] -- Up-to-date: /home/mmitss/Documents/cda-mmitss/other/install/carma_localization_msgs/share/carma_localization_msgs/local_setup.zsh
[1.592s] -- Up-to-date: /home/mmitss/Documents/cda-mmitss/other/install/carma_localization_msgs/share/carma_localization_msgs/local_setup.dsv
[1.594s] -- Installing: /home/mmitss/Documents/cda-mmitss/other/install/carma_localization_msgs/share/carma_localization_msgs/package.dsv
[1.595s] -- Up-to-date: /home/mmitss/Documents/cda-mmitss/other/install/carma_localization_msgs/share/ament_index/resource_index/packages/carma_localization_msgs
[1.596s] -- Up-to-date: /home/mmitss/Documents/cda-mmitss/other/install/carma_localization_msgs/share/carma_localization_msgs/cmake/carma_localization_msgs__rosidl_generator_cExport.cmake
[1.596s] -- Up-to-date: /home/mmitss/Documents/cda-mmitss/other/install/carma_localization_msgs/share/carma_localization_msgs/cmake/carma_localization_msgs__rosidl_generator_cExport-release.cmake
[1.597s] -- Up-to-date: /home/mmitss/Documents/cda-mmitss/other/install/carma_localization_msgs/share/carma_localization_msgs/cmake/carma_localization_msgs__rosidl_typesupport_introspection_cExport.cmake
[1.597s] -- Up-to-date: /home/mmitss/Documents/cda-mmitss/other/install/carma_localization_msgs/share/carma_localization_msgs/cmake/carma_localization_msgs__rosidl_typesupport_introspection_cExport-release.cmake
[1.597s] -- Up-to-date: /home/mmitss/Documents/cda-mmitss/other/install/carma_localization_msgs/share/carma_localization_msgs/cmake/carma_localization_msgs__rosidl_typesupport_cExport.cmake
[1.598s] -- Up-to-date: /home/mmitss/Documents/cda-mmitss/other/install/carma_localization_msgs/share/carma_localization_msgs/cmake/carma_localization_msgs__rosidl_typesupport_cExport-release.cmake
[1.598s] -- Up-to-date: /home/mmitss/Documents/cda-mmitss/other/install/carma_localization_msgs/share/carma_localization_msgs/cmake/carma_localization_msgs__rosidl_generator_cppExport.cmake
[1.599s] -- Up-to-date: /home/mmitss/Documents/cda-mmitss/other/install/carma_localization_msgs/share/carma_localization_msgs/cmake/carma_localization_msgs__rosidl_typesupport_introspection_cppExport.cmake
[1.600s] -- Up-to-date: /home/mmitss/Documents/cda-mmitss/other/install/carma_localization_msgs/share/carma_localization_msgs/cmake/carma_localization_msgs__rosidl_typesupport_introspection_cppExport-release.cmake
[1.600s] -- Up-to-date: /home/mmitss/Documents/cda-mmitss/other/install/carma_localization_msgs/share/carma_localization_msgs/cmake/carma_localization_msgs__rosidl_typesupport_cppExport.cmake
[1.601s] -- Up-to-date: /home/mmitss/Documents/cda-mmitss/other/install/carma_localization_msgs/share/carma_localization_msgs/cmake/carma_localization_msgs__rosidl_typesupport_cppExport-release.cmake
[1.602s] -- Up-to-date: /home/mmitss/Documents/cda-mmitss/other/install/carma_localization_msgs/share/carma_localization_msgs/cmake/rosidl_cmake-extras.cmake
[1.604s] -- Up-to-date: /home/mmitss/Documents/cda-mmitss/other/install/carma_localization_msgs/share/carma_localization_msgs/cmake/ament_cmake_export_dependencies-extras.cmake
[1.604s] -- Up-to-date: /home/mmitss/Documents/cda-mmitss/other/install/carma_localization_msgs/share/carma_localization_msgs/cmake/ament_cmake_export_libraries-extras.cmake
[1.609s] -- Up-to-date: /home/mmitss/Documents/cda-mmitss/other/install/carma_localization_msgs/share/carma_localization_msgs/cmake/ament_cmake_export_targets-extras.cmake
[1.610s] -- Up-to-date: /home/mmitss/Documents/cda-mmitss/other/install/carma_localization_msgs/share/carma_localization_msgs/cmake/ament_cmake_export_include_directories-extras.cmake
[1.610s] -- Up-to-date: /home/mmitss/Documents/cda-mmitss/other/install/carma_localization_msgs/share/carma_localization_msgs/cmake/rosidl_cmake_export_typesupport_libraries-extras.cmake
[1.611s] -- Up-to-date: /home/mmitss/Documents/cda-mmitss/other/install/carma_localization_msgs/share/carma_localization_msgs/cmake/rosidl_cmake_export_typesupport_targets-extras.cmake
[1.612s] -- Up-to-date: /home/mmitss/Documents/cda-mmitss/other/install/carma_localization_msgs/share/carma_localization_msgs/cmake/carma_localization_msgsConfig.cmake
[1.613s] -- Up-to-date: /home/mmitss/Documents/cda-mmitss/other/install/carma_localization_msgs/share/carma_localization_msgs/cmake/carma_localization_msgsConfig-version.cmake
[1.619s] -- Up-to-date: /home/mmitss/Documents/cda-mmitss/other/install/carma_localization_msgs/share/carma_localization_msgs/package.xml
[1.619s] -- Up-to-date: /home/mmitss/Documents/cda-mmitss/other/install/carma_localization_msgs/share/carma_localization_msgs/rule.yml
[1.620s] Invoked command in '/home/mmitss/Documents/cda-mmitss/other/build/carma_localization_msgs' returned '0': CMAKE_PREFIX_PATH=/home/mmitss/Documents/cda-mmitss/other/install/carma_cmake_common:/home/mmitss/Documents/cda-mmitss/other/install/carma_debug_ros2_msgs:/home/mmitss/Documents/cda-mmitss/other/install/carma_planning_msgs:/home/mmitss/Documents/cda-mmitss/other/install/carma_v2x_msgs:/home/mmitss/Documents/cda-mmitss/other/install/j3224_v2x_msgs:/home/mmitss/Documents/cda-mmitss/other/install/j2735_v2x_msgs:/home/mmitss/Documents/cda-mmitss/other/install/carma_perception_msgs:/home/mmitss/Documents/cda-mmitss/other/install/carma_driver_msgs:/home/mmitss/Documents/cda-mmitss/other/install/carma_msgs:/home/mmitss/Documents/cda-mmitss/other/install/carma_localization_msgs:/home/mmitss/Documents/cda-mmitss/other/install/can_msgs:/opt/ros/foxy CONDA_PROMPT_MODIFIER=(base) /usr/bin/cmake --install /home/mmitss/Documents/cda-mmitss/other/build/carma_localization_msgs
