[0.013s] Invoking command in '/home/mmitss/Documents/cda-mmitss/src/mmitss-ros2-transceiver/src/MsgTransceiver/CarmaDecoderRos2/build/carma-ros2-decoder': CMAKE_PREFIX_PATH=/opt/ros/foxy CONDA_PROMPT_MODIFIER=(base) /usr/bin/cmake /home/mmitss/Documents/cda-mmitss/src/mmitss-ros2-transceiver/src/MsgTransceiver/CarmaDecoderRos2 -DCMAKE_INSTALL_PREFIX=/home/mmitss/Documents/cda-mmitss/src/mmitss-ros2-transceiver/src/MsgTransceiver/CarmaDecoderRos2/install/carma-ros2-decoder
[0.063s] -- The C compiler identification is GNU 9.4.0
[0.109s] -- The CXX compiler identification is GNU 9.4.0
[0.115s] -- Check for working C compiler: /usr/bin/cc
[0.175s] -- Check for working C compiler: /usr/bin/cc -- works
[0.176s] -- Detecting C compiler ABI info
[0.234s] -- Detecting C compiler ABI info - done
[0.244s] -- Detecting C compile features
[0.244s] -- Detecting C compile features - done
[0.246s] -- Check for working CXX compiler: /usr/bin/c++
[0.314s] -- Check for working CXX compiler: /usr/bin/c++ -- works
[0.315s] -- Detecting CXX compiler ABI info
[0.383s] -- Detecting CXX compiler ABI info - done
[0.394s] -- Detecting CXX compile features
[0.394s] -- Detecting CXX compile features - done
[0.396s] -- Found ament_cmake: 0.9.12 (/opt/ros/foxy/share/ament_cmake/cmake)
[0.419s] -- Found PythonInterp: /home/mmitss/anaconda3/bin/python3 (found suitable version "3.8.8", minimum required is "3") 
[0.419s] -- Using PYTHON_EXECUTABLE: /home/mmitss/anaconda3/bin/python3
[0.636s] -- Found ament_lint_auto: 0.9.8 (/opt/ros/foxy/share/ament_lint_auto/cmake)
[0.643s] CMake Error at CMakeLists.txt:26 (find_package):
[0.643s]   By not providing "Findcarma_msgs.cmake" in CMAKE_MODULE_PATH this project
[0.643s]   has asked CMake to find a package configuration file provided by
[0.643s]   "carma_msgs", but CMake did not find one.
[0.643s] 
[0.643s]   Could not find a package configuration file provided by "carma_msgs" with
[0.643s]   any of the following names:
[0.644s] 
[0.644s]     carma_msgsConfig.cmake
[0.644s]     carma_msgs-config.cmake
[0.644s] 
[0.644s]   Add the installation prefix of "carma_msgs" to CMAKE_PREFIX_PATH or set
[0.644s]   "carma_msgs_DIR" to a directory containing one of the above files.  If
[0.644s]   "carma_msgs" provides a separate development package or SDK, be sure it has
[0.644s]   been installed.
[0.644s] 
[0.644s] 
[0.644s] -- Configuring incomplete, errors occurred!
[0.645s] See also "/home/mmitss/Documents/cda-mmitss/src/mmitss-ros2-transceiver/src/MsgTransceiver/CarmaDecoderRos2/build/carma-ros2-decoder/CMakeFiles/CMakeOutput.log".
[0.647s] Invoked command in '/home/mmitss/Documents/cda-mmitss/src/mmitss-ros2-transceiver/src/MsgTransceiver/CarmaDecoderRos2/build/carma-ros2-decoder' returned '1': CMAKE_PREFIX_PATH=/opt/ros/foxy CONDA_PROMPT_MODIFIER=(base) /usr/bin/cmake /home/mmitss/Documents/cda-mmitss/src/mmitss-ros2-transceiver/src/MsgTransceiver/CarmaDecoderRos2 -DCMAKE_INSTALL_PREFIX=/home/mmitss/Documents/cda-mmitss/src/mmitss-ros2-transceiver/src/MsgTransceiver/CarmaDecoderRos2/install/carma-ros2-decoder
