-- The C compiler identification is GNU 9.4.0
-- The CXX compiler identification is GNU 9.4.0
-- Check for working C compiler: /usr/bin/cc
-- Check for working C compiler: /usr/bin/cc -- works
-- Detecting C compiler ABI info
-- Detecting C compiler ABI info - done
-- Detecting C compile features
-- Detecting C compile features - done
-- Check for working CXX compiler: /usr/bin/c++
-- Check for working CXX compiler: /usr/bin/c++ -- works
-- Detecting CXX compiler ABI info
-- Detecting CXX compiler ABI info - done
-- Detecting CXX compile features
-- Detecting CXX compile features - done
-- Found carma_cmake_common: 0.1.0 (/home/mmitss/Documents/cda-mmitss/other/install/carma_cmake_common/share/carma_cmake_common/cmake)
-- Found ros_environment: 2.5.1 (/opt/ros/foxy/share/ros_environment/cmake)
-- Setting build type to Release as none was specified.
-- Found rosidl_default_generators: 1.0.1 (/opt/ros/foxy/share/rosidl_default_generators/cmake)
-- Found ament_cmake_core: 0.9.12 (/opt/ros/foxy/share/ament_cmake_core/cmake)
-- Found PythonInterp: /home/mmitss/anaconda3/bin/python3 (found suitable version "3.8.8", minimum required is "3") 
-- Using PYTHON_EXECUTABLE: /home/mmitss/anaconda3/bin/python3
-- Using all available rosidl_typesupport_c: rosidl_typesupport_fastrtps_c;rosidl_typesupport_introspection_c
-- Found rosidl_adapter: 1.3.1 (/opt/ros/foxy/share/rosidl_adapter/cmake)
-- Found OpenSSL: /usr/lib/x86_64-linux-gnu/libcrypto.so (found version "1.1.1f")  
-- Found FastRTPS: /opt/ros/foxy/include  
-- Using all available rosidl_typesupport_cpp: rosidl_typesupport_fastrtps_cpp;rosidl_typesupport_introspection_cpp
-- Found std_msgs: 2.0.5 (/opt/ros/foxy/share/std_msgs/cmake)
-- Found geometry_msgs: 2.0.5 (/opt/ros/foxy/share/geometry_msgs/cmake)
-- Found PythonInterp: /home/mmitss/anaconda3/bin/python3 (found version "3.8.8") 
-- Found ament_cmake_ros: 0.9.2 (/opt/ros/foxy/share/ament_cmake_ros/cmake)
-- Using all available rosidl_typesupport_c: rosidl_typesupport_fastrtps_c;rosidl_typesupport_introspection_c
-- Using all available rosidl_typesupport_cpp: rosidl_typesupport_fastrtps_cpp;rosidl_typesupport_introspection_cpp
-- Found PythonInterp: /home/mmitss/anaconda3/bin/python3 (found suitable version "3.8.8", minimum required is "3.5") 
-- Found python_cmake_module: 0.8.1 (/opt/ros/foxy/share/python_cmake_module/cmake)
-- Found PythonLibs: /home/mmitss/anaconda3/lib/libpython3.8.so (found suitable version "3.8.8", minimum required is "3.5") 
-- Using PYTHON_EXECUTABLE: /home/mmitss/anaconda3/bin/python3
-- Using PYTHON_INCLUDE_DIRS: /home/mmitss/anaconda3/include/python3.8
-- Using PYTHON_LIBRARIES: /home/mmitss/anaconda3/lib/libpython3.8.so
-- Found PythonExtra: .so  
-- Using numpy include directory: /home/mmitss/anaconda3/lib/python3.8/site-packages/numpy/core/include
-- Configuring done
CMake Warning at /opt/ros/foxy/share/rosidl_generator_py/cmake/rosidl_generator_py_generate_interfaces.cmake:235 (add_library):
  Cannot generate a safe runtime search path for target
  carma_perception_msgs__rosidl_typesupport_fastrtps_c__pyext because files
  in some directories may conflict with libraries in implicit directories:

    runtime library [libssl.so.1.1] in /usr/lib/x86_64-linux-gnu may be hidden by files in:
      /home/mmitss/anaconda3/lib
    runtime library [libcrypto.so.1.1] in /usr/lib/x86_64-linux-gnu may be hidden by files in:
      /home/mmitss/anaconda3/lib

  Some of these libraries may not be found correctly.
Call Stack (most recent call first):
  /opt/ros/foxy/share/ament_cmake_core/cmake/core/ament_execute_extensions.cmake:48 (include)
  /opt/ros/foxy/share/rosidl_cmake/cmake/rosidl_generate_interfaces.cmake:286 (ament_execute_extensions)
  CMakeLists.txt:46 (rosidl_generate_interfaces)


-- Generating done
-- Build files have been written to: /home/mmitss/Documents/cda-mmitss/other/build/carma_perception_msgs
[35m[1mScanning dependencies of target carma_perception_msgs__cpp[0m
[  1%] [34m[1mGenerating C++ code for ROS interfaces[0m
[  2%] [34m[1mGenerating C code for ROS interfaces[0m
[35m[1mScanning dependencies of target carma_perception_msgs__rosidl_generator_c[0m
[  3%] [32mBuilding C object CMakeFiles/carma_perception_msgs__rosidl_generator_c.dir/rosidl_generator_c/carma_perception_msgs/msg/detail/connected_vehicle_type__functions.c.o[0m
[  4%] [32mBuilding C object CMakeFiles/carma_perception_msgs__rosidl_generator_c.dir/rosidl_generator_c/carma_perception_msgs/msg/detail/external_object__functions.c.o[0m
[  5%] [32mBuilding C object CMakeFiles/carma_perception_msgs__rosidl_generator_c.dir/rosidl_generator_c/carma_perception_msgs/msg/detail/external_object_list__functions.c.o[0m
[  6%] [32mBuilding C object CMakeFiles/carma_perception_msgs__rosidl_generator_c.dir/rosidl_generator_c/carma_perception_msgs/msg/detail/check_active_geofence__functions.c.o[0m
[  7%] [32mBuilding C object CMakeFiles/carma_perception_msgs__rosidl_generator_c.dir/rosidl_generator_c/carma_perception_msgs/msg/detail/predicted_state__functions.c.o[0m
[  8%] [32mBuilding C object CMakeFiles/carma_perception_msgs__rosidl_generator_c.dir/rosidl_generator_c/carma_perception_msgs/msg/detail/roadway_obstacle__functions.c.o[0m
[  9%] [32mBuilding C object CMakeFiles/carma_perception_msgs__rosidl_generator_c.dir/rosidl_generator_c/carma_perception_msgs/msg/detail/roadway_obstacle_list__functions.c.o[0m
[ 10%] [32mBuilding C object CMakeFiles/carma_perception_msgs__rosidl_generator_c.dir/rosidl_generator_c/carma_perception_msgs/msg/detail/traffic_signal_info__functions.c.o[0m
[ 11%] [32mBuilding C object CMakeFiles/carma_perception_msgs__rosidl_generator_c.dir/rosidl_generator_c/carma_perception_msgs/msg/detail/traffic_signal_info_list__functions.c.o[0m
[ 11%] Built target carma_perception_msgs__cpp
[ 12%] [34m[1mGenerating C++ type support dispatch for ROS interfaces[0m
[ 13%] [34m[1mGenerating C++ type support for eProsima Fast-RTPS[0m
[ 14%] [34m[1mGenerating C++ introspection for ROS interfaces[0m
[ 15%] [32m[1mLinking C shared library libcarma_perception_msgs__rosidl_generator_c.so[0m
[ 15%] Built target carma_perception_msgs__rosidl_generator_c
[ 16%] [34m[1mGenerating C type support dispatch for ROS interfaces[0m
[ 17%] [34m[1mGenerating C introspection for ROS interfaces[0m
[35m[1mScanning dependencies of target carma_perception_msgs__rosidl_typesupport_cpp[0m
[ 18%] [32mBuilding CXX object CMakeFiles/carma_perception_msgs__rosidl_typesupport_cpp.dir/rosidl_typesupport_cpp/carma_perception_msgs/msg/connected_vehicle_type__type_support.cpp.o[0m
[ 20%] [32mBuilding CXX object CMakeFiles/carma_perception_msgs__rosidl_typesupport_cpp.dir/rosidl_typesupport_cpp/carma_perception_msgs/msg/external_object__type_support.cpp.o[0m
[ 21%] [32mBuilding CXX object CMakeFiles/carma_perception_msgs__rosidl_typesupport_cpp.dir/rosidl_typesupport_cpp/carma_perception_msgs/msg/check_active_geofence__type_support.cpp.o[0m
[ 22%] [32mBuilding CXX object CMakeFiles/carma_perception_msgs__rosidl_typesupport_cpp.dir/rosidl_typesupport_cpp/carma_perception_msgs/msg/external_object_list__type_support.cpp.o[0m
[ 23%] [32mBuilding CXX object CMakeFiles/carma_perception_msgs__rosidl_typesupport_cpp.dir/rosidl_typesupport_cpp/carma_perception_msgs/msg/predicted_state__type_support.cpp.o[0m
[ 24%] [32mBuilding CXX object CMakeFiles/carma_perception_msgs__rosidl_typesupport_cpp.dir/rosidl_typesupport_cpp/carma_perception_msgs/msg/roadway_obstacle__type_support.cpp.o[0m
[ 25%] [32mBuilding CXX object CMakeFiles/carma_perception_msgs__rosidl_typesupport_cpp.dir/rosidl_typesupport_cpp/carma_perception_msgs/msg/roadway_obstacle_list__type_support.cpp.o[0m
[ 26%] [32mBuilding CXX object CMakeFiles/carma_perception_msgs__rosidl_typesupport_cpp.dir/rosidl_typesupport_cpp/carma_perception_msgs/msg/traffic_signal_info__type_support.cpp.o[0m
[35m[1mScanning dependencies of target carma_perception_msgs__rosidl_typesupport_c[0m
[ 27%] [32mBuilding CXX object CMakeFiles/carma_perception_msgs__rosidl_typesupport_c.dir/rosidl_typesupport_c/carma_perception_msgs/msg/check_active_geofence__type_support.cpp.o[0m
[35m[1mScanning dependencies of target carma_perception_msgs__rosidl_typesupport_introspection_cpp[0m
[ 28%] [32mBuilding CXX object CMakeFiles/carma_perception_msgs__rosidl_typesupport_introspection_cpp.dir/rosidl_typesupport_introspection_cpp/carma_perception_msgs/msg/detail/check_active_geofence__type_support.cpp.o[0m
[ 29%] [32mBuilding CXX object CMakeFiles/carma_perception_msgs__rosidl_typesupport_c.dir/rosidl_typesupport_c/carma_perception_msgs/msg/connected_vehicle_type__type_support.cpp.o[0m
[35m[1mScanning dependencies of target carma_perception_msgs__rosidl_typesupport_introspection_c[0m
[ 30%] [32mBuilding CXX object CMakeFiles/carma_perception_msgs__rosidl_typesupport_c.dir/rosidl_typesupport_c/carma_perception_msgs/msg/external_object__type_support.cpp.o[0m
[ 31%] [32mBuilding C object CMakeFiles/carma_perception_msgs__rosidl_typesupport_introspection_c.dir/rosidl_typesupport_introspection_c/carma_perception_msgs/msg/detail/check_active_geofence__type_support.c.o[0m
[ 32%] [32mBuilding CXX object CMakeFiles/carma_perception_msgs__rosidl_typesupport_cpp.dir/rosidl_typesupport_cpp/carma_perception_msgs/msg/traffic_signal_info_list__type_support.cpp.o[0m
[ 33%] [32mBuilding CXX object CMakeFiles/carma_perception_msgs__rosidl_typesupport_c.dir/rosidl_typesupport_c/carma_perception_msgs/msg/external_object_list__type_support.cpp.o[0m
[35m[1mScanning dependencies of target carma_perception_msgs__rosidl_typesupport_fastrtps_cpp[0m
[ 34%] [32mBuilding CXX object CMakeFiles/carma_perception_msgs__rosidl_typesupport_c.dir/rosidl_typesupport_c/carma_perception_msgs/msg/predicted_state__type_support.cpp.o[0m
[ 35%] [32mBuilding C object CMakeFiles/carma_perception_msgs__rosidl_typesupport_introspection_c.dir/rosidl_typesupport_introspection_c/carma_perception_msgs/msg/detail/connected_vehicle_type__type_support.c.o[0m
[ 36%] [32mBuilding CXX object CMakeFiles/carma_perception_msgs__rosidl_typesupport_fastrtps_cpp.dir/rosidl_typesupport_fastrtps_cpp/carma_perception_msgs/msg/detail/dds_fastrtps/check_active_geofence__type_support.cpp.o[0m
[ 37%] [32mBuilding CXX object CMakeFiles/carma_perception_msgs__rosidl_typesupport_c.dir/rosidl_typesupport_c/carma_perception_msgs/msg/roadway_obstacle__type_support.cpp.o[0m
[ 38%] [32mBuilding CXX object CMakeFiles/carma_perception_msgs__rosidl_typesupport_fastrtps_cpp.dir/rosidl_typesupport_fastrtps_cpp/carma_perception_msgs/msg/detail/dds_fastrtps/external_object__type_support.cpp.o[0m
[ 40%] [32mBuilding CXX object CMakeFiles/carma_perception_msgs__rosidl_typesupport_fastrtps_cpp.dir/rosidl_typesupport_fastrtps_cpp/carma_perception_msgs/msg/detail/dds_fastrtps/connected_vehicle_type__type_support.cpp.o[0m
[ 41%] [32mBuilding C object CMakeFiles/carma_perception_msgs__rosidl_typesupport_introspection_c.dir/rosidl_typesupport_introspection_c/carma_perception_msgs/msg/detail/external_object__type_support.c.o[0m
[ 42%] [32mBuilding CXX object CMakeFiles/carma_perception_msgs__rosidl_typesupport_c.dir/rosidl_typesupport_c/carma_perception_msgs/msg/roadway_obstacle_list__type_support.cpp.o[0m
[ 43%] [32mBuilding C object CMakeFiles/carma_perception_msgs__rosidl_typesupport_introspection_c.dir/rosidl_typesupport_introspection_c/carma_perception_msgs/msg/detail/external_object_list__type_support.c.o[0m
[ 44%] [32mBuilding CXX object CMakeFiles/carma_perception_msgs__rosidl_typesupport_c.dir/rosidl_typesupport_c/carma_perception_msgs/msg/traffic_signal_info__type_support.cpp.o[0m
[ 45%] [32mBuilding C object CMakeFiles/carma_perception_msgs__rosidl_typesupport_introspection_c.dir/rosidl_typesupport_introspection_c/carma_perception_msgs/msg/detail/predicted_state__type_support.c.o[0m
[ 46%] [32mBuilding CXX object CMakeFiles/carma_perception_msgs__rosidl_typesupport_c.dir/rosidl_typesupport_c/carma_perception_msgs/msg/traffic_signal_info_list__type_support.cpp.o[0m
[ 47%] [32mBuilding CXX object CMakeFiles/carma_perception_msgs__rosidl_typesupport_introspection_cpp.dir/rosidl_typesupport_introspection_cpp/carma_perception_msgs/msg/detail/connected_vehicle_type__type_support.cpp.o[0m
[ 48%] [32m[1mLinking CXX shared library libcarma_perception_msgs__rosidl_typesupport_cpp.so[0m
[ 49%] [32mBuilding C object CMakeFiles/carma_perception_msgs__rosidl_typesupport_introspection_c.dir/rosidl_typesupport_introspection_c/carma_perception_msgs/msg/detail/roadway_obstacle__type_support.c.o[0m
[ 50%] [32mBuilding CXX object CMakeFiles/carma_perception_msgs__rosidl_typesupport_introspection_cpp.dir/rosidl_typesupport_introspection_cpp/carma_perception_msgs/msg/detail/external_object__type_support.cpp.o[0m
[ 51%] [32m[1mLinking CXX shared library libcarma_perception_msgs__rosidl_typesupport_c.so[0m
[ 52%] [32mBuilding C object CMakeFiles/carma_perception_msgs__rosidl_typesupport_introspection_c.dir/rosidl_typesupport_introspection_c/carma_perception_msgs/msg/detail/roadway_obstacle_list__type_support.c.o[0m
[ 52%] Built target carma_perception_msgs__rosidl_typesupport_cpp
[ 53%] [32mBuilding CXX object CMakeFiles/carma_perception_msgs__rosidl_typesupport_introspection_cpp.dir/rosidl_typesupport_introspection_cpp/carma_perception_msgs/msg/detail/external_object_list__type_support.cpp.o[0m
[ 54%] [32mBuilding CXX object CMakeFiles/carma_perception_msgs__rosidl_typesupport_fastrtps_cpp.dir/rosidl_typesupport_fastrtps_cpp/carma_perception_msgs/msg/detail/dds_fastrtps/external_object_list__type_support.cpp.o[0m
[ 54%] Built target carma_perception_msgs__rosidl_typesupport_c
[ 55%] [32mBuilding CXX object CMakeFiles/carma_perception_msgs__rosidl_typesupport_introspection_cpp.dir/rosidl_typesupport_introspection_cpp/carma_perception_msgs/msg/detail/predicted_state__type_support.cpp.o[0m
[ 56%] [32mBuilding C object CMakeFiles/carma_perception_msgs__rosidl_typesupport_introspection_c.dir/rosidl_typesupport_introspection_c/carma_perception_msgs/msg/detail/traffic_signal_info__type_support.c.o[0m
[ 57%] [32mBuilding C object CMakeFiles/carma_perception_msgs__rosidl_typesupport_introspection_c.dir/rosidl_typesupport_introspection_c/carma_perception_msgs/msg/detail/traffic_signal_info_list__type_support.c.o[0m
[ 58%] [32mBuilding CXX object CMakeFiles/carma_perception_msgs__rosidl_typesupport_introspection_cpp.dir/rosidl_typesupport_introspection_cpp/carma_perception_msgs/msg/detail/roadway_obstacle__type_support.cpp.o[0m
[ 60%] [32m[1mLinking C shared library libcarma_perception_msgs__rosidl_typesupport_introspection_c.so[0m
[ 60%] Built target carma_perception_msgs__rosidl_typesupport_introspection_c
[ 61%] [32mBuilding CXX object CMakeFiles/carma_perception_msgs__rosidl_typesupport_fastrtps_cpp.dir/rosidl_typesupport_fastrtps_cpp/carma_perception_msgs/msg/detail/dds_fastrtps/roadway_obstacle__type_support.cpp.o[0m
[ 62%] [32mBuilding CXX object CMakeFiles/carma_perception_msgs__rosidl_typesupport_fastrtps_cpp.dir/rosidl_typesupport_fastrtps_cpp/carma_perception_msgs/msg/detail/dds_fastrtps/predicted_state__type_support.cpp.o[0m
[ 63%] [32mBuilding CXX object CMakeFiles/carma_perception_msgs__rosidl_typesupport_introspection_cpp.dir/rosidl_typesupport_introspection_cpp/carma_perception_msgs/msg/detail/roadway_obstacle_list__type_support.cpp.o[0m
[ 64%] [32mBuilding CXX object CMakeFiles/carma_perception_msgs__rosidl_typesupport_fastrtps_cpp.dir/rosidl_typesupport_fastrtps_cpp/carma_perception_msgs/msg/detail/dds_fastrtps/roadway_obstacle_list__type_support.cpp.o[0m
[ 65%] [32mBuilding CXX object CMakeFiles/carma_perception_msgs__rosidl_typesupport_introspection_cpp.dir/rosidl_typesupport_introspection_cpp/carma_perception_msgs/msg/detail/traffic_signal_info__type_support.cpp.o[0m
[ 66%] [32mBuilding CXX object CMakeFiles/carma_perception_msgs__rosidl_typesupport_fastrtps_cpp.dir/rosidl_typesupport_fastrtps_cpp/carma_perception_msgs/msg/detail/dds_fastrtps/traffic_signal_info__type_support.cpp.o[0m
[ 67%] [32mBuilding CXX object CMakeFiles/carma_perception_msgs__rosidl_typesupport_introspection_cpp.dir/rosidl_typesupport_introspection_cpp/carma_perception_msgs/msg/detail/traffic_signal_info_list__type_support.cpp.o[0m
[ 68%] [32mBuilding CXX object CMakeFiles/carma_perception_msgs__rosidl_typesupport_fastrtps_cpp.dir/rosidl_typesupport_fastrtps_cpp/carma_perception_msgs/msg/detail/dds_fastrtps/traffic_signal_info_list__type_support.cpp.o[0m
[ 69%] [32m[1mLinking CXX shared library libcarma_perception_msgs__rosidl_typesupport_introspection_cpp.so[0m
[ 69%] Built target carma_perception_msgs__rosidl_typesupport_introspection_cpp
[ 70%] [32m[1mLinking CXX shared library libcarma_perception_msgs__rosidl_typesupport_fastrtps_cpp.so[0m
[ 70%] Built target carma_perception_msgs__rosidl_typesupport_fastrtps_cpp
[ 71%] [34m[1mGenerating C type support for eProsima Fast-RTPS[0m
[35m[1mScanning dependencies of target carma_perception_msgs__rosidl_typesupport_fastrtps_c[0m
[ 72%] [32mBuilding CXX object CMakeFiles/carma_perception_msgs__rosidl_typesupport_fastrtps_c.dir/rosidl_typesupport_fastrtps_c/carma_perception_msgs/msg/detail/connected_vehicle_type__type_support_c.cpp.o[0m
[ 73%] [32mBuilding CXX object CMakeFiles/carma_perception_msgs__rosidl_typesupport_fastrtps_c.dir/rosidl_typesupport_fastrtps_c/carma_perception_msgs/msg/detail/check_active_geofence__type_support_c.cpp.o[0m
[ 74%] [32mBuilding CXX object CMakeFiles/carma_perception_msgs__rosidl_typesupport_fastrtps_c.dir/rosidl_typesupport_fastrtps_c/carma_perception_msgs/msg/detail/external_object_list__type_support_c.cpp.o[0m
[ 75%] [32mBuilding CXX object CMakeFiles/carma_perception_msgs__rosidl_typesupport_fastrtps_c.dir/rosidl_typesupport_fastrtps_c/carma_perception_msgs/msg/detail/predicted_state__type_support_c.cpp.o[0m
[ 76%] [32mBuilding CXX object CMakeFiles/carma_perception_msgs__rosidl_typesupport_fastrtps_c.dir/rosidl_typesupport_fastrtps_c/carma_perception_msgs/msg/detail/external_object__type_support_c.cpp.o[0m
[ 77%] [32mBuilding CXX object CMakeFiles/carma_perception_msgs__rosidl_typesupport_fastrtps_c.dir/rosidl_typesupport_fastrtps_c/carma_perception_msgs/msg/detail/roadway_obstacle__type_support_c.cpp.o[0m
[ 78%] [32mBuilding CXX object CMakeFiles/carma_perception_msgs__rosidl_typesupport_fastrtps_c.dir/rosidl_typesupport_fastrtps_c/carma_perception_msgs/msg/detail/roadway_obstacle_list__type_support_c.cpp.o[0m
[ 80%] [32mBuilding CXX object CMakeFiles/carma_perception_msgs__rosidl_typesupport_fastrtps_c.dir/rosidl_typesupport_fastrtps_c/carma_perception_msgs/msg/detail/traffic_signal_info__type_support_c.cpp.o[0m
[ 81%] [32mBuilding CXX object CMakeFiles/carma_perception_msgs__rosidl_typesupport_fastrtps_c.dir/rosidl_typesupport_fastrtps_c/carma_perception_msgs/msg/detail/traffic_signal_info_list__type_support_c.cpp.o[0m
[ 82%] [32m[1mLinking CXX shared library libcarma_perception_msgs__rosidl_typesupport_fastrtps_c.so[0m
[ 82%] Built target carma_perception_msgs__rosidl_typesupport_fastrtps_c
[35m[1mScanning dependencies of target carma_perception_msgs[0m
[ 82%] Built target carma_perception_msgs
[35m[1mScanning dependencies of target carma_perception_msgs__py[0m
[ 83%] [34m[1mGenerating Python code for ROS interfaces[0m
[ 83%] Built target carma_perception_msgs__py
[35m[1mScanning dependencies of target carma_perception_msgs__python[0m
[ 84%] [32mBuilding C object CMakeFiles/carma_perception_msgs__python.dir/rosidl_generator_py/carma_perception_msgs/msg/_connected_vehicle_type_s.c.o[0m
[ 85%] [32mBuilding C object CMakeFiles/carma_perception_msgs__python.dir/rosidl_generator_py/carma_perception_msgs/msg/_external_object_s.c.o[0m
[ 86%] [32mBuilding C object CMakeFiles/carma_perception_msgs__python.dir/rosidl_generator_py/carma_perception_msgs/msg/_check_active_geofence_s.c.o[0m
[ 87%] [32mBuilding C object CMakeFiles/carma_perception_msgs__python.dir/rosidl_generator_py/carma_perception_msgs/msg/_predicted_state_s.c.o[0m
[ 88%] [32mBuilding C object CMakeFiles/carma_perception_msgs__python.dir/rosidl_generator_py/carma_perception_msgs/msg/_external_object_list_s.c.o[0m
[ 89%] [32mBuilding C object CMakeFiles/carma_perception_msgs__python.dir/rosidl_generator_py/carma_perception_msgs/msg/_traffic_signal_info_s.c.o[0m
[ 90%] [32mBuilding C object CMakeFiles/carma_perception_msgs__python.dir/rosidl_generator_py/carma_perception_msgs/msg/_traffic_signal_info_list_s.c.o[0m
[ 91%] [32mBuilding C object CMakeFiles/carma_perception_msgs__python.dir/rosidl_generator_py/carma_perception_msgs/msg/_roadway_obstacle_s.c.o[0m
[ 92%] [32mBuilding C object CMakeFiles/carma_perception_msgs__python.dir/rosidl_generator_py/carma_perception_msgs/msg/_roadway_obstacle_list_s.c.o[0m
[ 93%] [32m[1mLinking C shared library rosidl_generator_py/carma_perception_msgs/libcarma_perception_msgs__python.so[0m
[ 93%] Built target carma_perception_msgs__python
[35m[1mScanning dependencies of target carma_perception_msgs__rosidl_typesupport_c__pyext[0m
[35m[1mScanning dependencies of target carma_perception_msgs__rosidl_typesupport_introspection_c__pyext[0m
[35m[1mScanning dependencies of target carma_perception_msgs__rosidl_typesupport_fastrtps_c__pyext[0m
[ 94%] [32mBuilding C object CMakeFiles/carma_perception_msgs__rosidl_typesupport_c__pyext.dir/rosidl_generator_py/carma_perception_msgs/_carma_perception_msgs_s.ep.rosidl_typesupport_c.c.o[0m
[ 95%] [32mBuilding C object CMakeFiles/carma_perception_msgs__rosidl_typesupport_introspection_c__pyext.dir/rosidl_generator_py/carma_perception_msgs/_carma_perception_msgs_s.ep.rosidl_typesupport_introspection_c.c.o[0m
[ 96%] [32mBuilding C object CMakeFiles/carma_perception_msgs__rosidl_typesupport_fastrtps_c__pyext.dir/rosidl_generator_py/carma_perception_msgs/_carma_perception_msgs_s.ep.rosidl_typesupport_fastrtps_c.c.o[0m
[ 97%] [32m[1mLinking C shared library rosidl_generator_py/carma_perception_msgs/carma_perception_msgs_s__rosidl_typesupport_introspection_c.cpython-38-x86_64-linux-gnu.so[0m
[ 98%] [32m[1mLinking CXX shared library rosidl_generator_py/carma_perception_msgs/carma_perception_msgs_s__rosidl_typesupport_fastrtps_c.cpython-38-x86_64-linux-gnu.so[0m
[ 98%] Built target carma_perception_msgs__rosidl_typesupport_introspection_c__pyext
[100%] [32m[1mLinking C shared library rosidl_generator_py/carma_perception_msgs/carma_perception_msgs_s__rosidl_typesupport_c.cpython-38-x86_64-linux-gnu.so[0m
[100%] Built target carma_perception_msgs__rosidl_typesupport_c__pyext
[100%] Built target carma_perception_msgs__rosidl_typesupport_fastrtps_c__pyext
-- Install configuration: "Release"
-- Installing: /home/mmitss/Documents/cda-mmitss/other/install/carma_perception_msgs/share/ament_index/resource_index/rosidl_interfaces/carma_perception_msgs
-- Installing: /home/mmitss/Documents/cda-mmitss/other/install/carma_perception_msgs/include/carma_perception_msgs
-- Installing: /home/mmitss/Documents/cda-mmitss/other/install/carma_perception_msgs/include/carma_perception_msgs/msg
-- Installing: /home/mmitss/Documents/cda-mmitss/other/install/carma_perception_msgs/include/carma_perception_msgs/msg/traffic_signal_info_list.h
-- Installing: /home/mmitss/Documents/cda-mmitss/other/install/carma_perception_msgs/include/carma_perception_msgs/msg/external_object_list.h
-- Installing: /home/mmitss/Documents/cda-mmitss/other/install/carma_perception_msgs/include/carma_perception_msgs/msg/rosidl_generator_c__visibility_control.h
-- Installing: /home/mmitss/Documents/cda-mmitss/other/install/carma_perception_msgs/include/carma_perception_msgs/msg/connected_vehicle_type.h
-- Installing: /home/mmitss/Documents/cda-mmitss/other/install/carma_perception_msgs/include/carma_perception_msgs/msg/traffic_signal_info.h
-- Installing: /home/mmitss/Documents/cda-mmitss/other/install/carma_perception_msgs/include/carma_perception_msgs/msg/roadway_obstacle.h
-- Installing: /home/mmitss/Documents/cda-mmitss/other/install/carma_perception_msgs/include/carma_perception_msgs/msg/external_object.h
-- Installing: /home/mmitss/Documents/cda-mmitss/other/install/carma_perception_msgs/include/carma_perception_msgs/msg/roadway_obstacle_list.h
-- Installing: /home/mmitss/Documents/cda-mmitss/other/install/carma_perception_msgs/include/carma_perception_msgs/msg/predicted_state.h
-- Installing: /home/mmitss/Documents/cda-mmitss/other/install/carma_perception_msgs/include/carma_perception_msgs/msg/check_active_geofence.h
-- Installing: /home/mmitss/Documents/cda-mmitss/other/install/carma_perception_msgs/include/carma_perception_msgs/msg/detail
-- Installing: /home/mmitss/Documents/cda-mmitss/other/install/carma_perception_msgs/include/carma_perception_msgs/msg/detail/predicted_state__struct.h
-- Installing: /home/mmitss/Documents/cda-mmitss/other/install/carma_perception_msgs/include/carma_perception_msgs/msg/detail/check_active_geofence__struct.h
-- Installing: /home/mmitss/Documents/cda-mmitss/other/install/carma_perception_msgs/include/carma_perception_msgs/msg/detail/external_object_list__struct.h
-- Installing: /home/mmitss/Documents/cda-mmitss/other/install/carma_perception_msgs/include/carma_perception_msgs/msg/detail/connected_vehicle_type__struct.h
-- Installing: /home/mmitss/Documents/cda-mmitss/other/install/carma_perception_msgs/include/carma_perception_msgs/msg/detail/roadway_obstacle_list__functions.h
-- Installing: /home/mmitss/Documents/cda-mmitss/other/install/carma_perception_msgs/include/carma_perception_msgs/msg/detail/traffic_signal_info_list__functions.c
-- Installing: /home/mmitss/Documents/cda-mmitss/other/install/carma_perception_msgs/include/carma_perception_msgs/msg/detail/external_object_list__type_support.h
-- Installing: /home/mmitss/Documents/cda-mmitss/other/install/carma_perception_msgs/include/carma_perception_msgs/msg/detail/traffic_signal_info_list__struct.h
-- Installing: /home/mmitss/Documents/cda-mmitss/other/install/carma_perception_msgs/include/carma_perception_msgs/msg/detail/external_object__functions.h
-- Installing: /home/mmitss/Documents/cda-mmitss/other/install/carma_perception_msgs/include/carma_perception_msgs/msg/detail/roadway_obstacle_list__functions.c
-- Installing: /home/mmitss/Documents/cda-mmitss/other/install/carma_perception_msgs/include/carma_perception_msgs/msg/detail/check_active_geofence__functions.c
-- Installing: /home/mmitss/Documents/cda-mmitss/other/install/carma_perception_msgs/include/carma_perception_msgs/msg/detail/traffic_signal_info__type_support.h
-- Installing: /home/mmitss/Documents/cda-mmitss/other/install/carma_perception_msgs/include/carma_perception_msgs/msg/detail/external_object_list__functions.c
-- Installing: /home/mmitss/Documents/cda-mmitss/other/install/carma_perception_msgs/include/carma_perception_msgs/msg/detail/check_active_geofence__type_support.h
-- Installing: /home/mmitss/Documents/cda-mmitss/other/install/carma_perception_msgs/include/carma_perception_msgs/msg/detail/external_object_list__functions.h
-- Installing: /home/mmitss/Documents/cda-mmitss/other/install/carma_perception_msgs/include/carma_perception_msgs/msg/detail/predicted_state__type_support.h
-- Installing: /home/mmitss/Documents/cda-mmitss/other/install/carma_perception_msgs/include/carma_perception_msgs/msg/detail/traffic_signal_info_list__type_support.h
-- Installing: /home/mmitss/Documents/cda-mmitss/other/install/carma_perception_msgs/include/carma_perception_msgs/msg/detail/connected_vehicle_type__functions.c
-- Installing: /home/mmitss/Documents/cda-mmitss/other/install/carma_perception_msgs/include/carma_perception_msgs/msg/detail/roadway_obstacle_list__struct.h
-- Installing: /home/mmitss/Documents/cda-mmitss/other/install/carma_perception_msgs/include/carma_perception_msgs/msg/detail/roadway_obstacle__struct.h
-- Installing: /home/mmitss/Documents/cda-mmitss/other/install/carma_perception_msgs/include/carma_perception_msgs/msg/detail/external_object__struct.h
-- Installing: /home/mmitss/Documents/cda-mmitss/other/install/carma_perception_msgs/include/carma_perception_msgs/msg/detail/roadway_obstacle__type_support.h
-- Installing: /home/mmitss/Documents/cda-mmitss/other/install/carma_perception_msgs/include/carma_perception_msgs/msg/detail/traffic_signal_info_list__functions.h
-- Installing: /home/mmitss/Documents/cda-mmitss/other/install/carma_perception_msgs/include/carma_perception_msgs/msg/detail/traffic_signal_info__struct.h
-- Installing: /home/mmitss/Documents/cda-mmitss/other/install/carma_perception_msgs/include/carma_perception_msgs/msg/detail/roadway_obstacle__functions.c
-- Installing: /home/mmitss/Documents/cda-mmitss/other/install/carma_perception_msgs/include/carma_perception_msgs/msg/detail/roadway_obstacle__functions.h
-- Installing: /home/mmitss/Documents/cda-mmitss/other/install/carma_perception_msgs/include/carma_perception_msgs/msg/detail/traffic_signal_info__functions.c
-- Installing: /home/mmitss/Documents/cda-mmitss/other/install/carma_perception_msgs/include/carma_perception_msgs/msg/detail/external_object__type_support.h
-- Installing: /home/mmitss/Documents/cda-mmitss/other/install/carma_perception_msgs/include/carma_perception_msgs/msg/detail/connected_vehicle_type__functions.h
-- Installing: /home/mmitss/Documents/cda-mmitss/other/install/carma_perception_msgs/include/carma_perception_msgs/msg/detail/check_active_geofence__functions.h
-- Installing: /home/mmitss/Documents/cda-mmitss/other/install/carma_perception_msgs/include/carma_perception_msgs/msg/detail/predicted_state__functions.c
-- Installing: /home/mmitss/Documents/cda-mmitss/other/install/carma_perception_msgs/include/carma_perception_msgs/msg/detail/roadway_obstacle_list__type_support.h
-- Installing: /home/mmitss/Documents/cda-mmitss/other/install/carma_perception_msgs/include/carma_perception_msgs/msg/detail/predicted_state__functions.h
-- Installing: /home/mmitss/Documents/cda-mmitss/other/install/carma_perception_msgs/include/carma_perception_msgs/msg/detail/connected_vehicle_type__type_support.h
-- Installing: /home/mmitss/Documents/cda-mmitss/other/install/carma_perception_msgs/include/carma_perception_msgs/msg/detail/traffic_signal_info__functions.h
-- Installing: /home/mmitss/Documents/cda-mmitss/other/install/carma_perception_msgs/include/carma_perception_msgs/msg/detail/external_object__functions.c
-- Installing: /home/mmitss/Documents/cda-mmitss/other/install/carma_perception_msgs/share/carma_perception_msgs/environment/library_path.sh
-- Installing: /home/mmitss/Documents/cda-mmitss/other/install/carma_perception_msgs/share/carma_perception_msgs/environment/library_path.dsv
-- Installing: /home/mmitss/Documents/cda-mmitss/other/install/carma_perception_msgs/lib/libcarma_perception_msgs__rosidl_generator_c.so
-- Set runtime path of "/home/mmitss/Documents/cda-mmitss/other/install/carma_perception_msgs/lib/libcarma_perception_msgs__rosidl_generator_c.so" to ""
-- Up-to-date: /home/mmitss/Documents/cda-mmitss/other/install/carma_perception_msgs/include/carma_perception_msgs
-- Up-to-date: /home/mmitss/Documents/cda-mmitss/other/install/carma_perception_msgs/include/carma_perception_msgs/msg
-- Installing: /home/mmitss/Documents/cda-mmitss/other/install/carma_perception_msgs/include/carma_perception_msgs/msg/rosidl_typesupport_fastrtps_c__visibility_control.h
-- Up-to-date: /home/mmitss/Documents/cda-mmitss/other/install/carma_perception_msgs/include/carma_perception_msgs/msg/detail
-- Installing: /home/mmitss/Documents/cda-mmitss/other/install/carma_perception_msgs/include/carma_perception_msgs/msg/detail/roadway_obstacle__rosidl_typesupport_fastrtps_c.h
-- Installing: /home/mmitss/Documents/cda-mmitss/other/install/carma_perception_msgs/include/carma_perception_msgs/msg/detail/traffic_signal_info__rosidl_typesupport_fastrtps_c.h
-- Installing: /home/mmitss/Documents/cda-mmitss/other/install/carma_perception_msgs/include/carma_perception_msgs/msg/detail/roadway_obstacle_list__rosidl_typesupport_fastrtps_c.h
-- Installing: /home/mmitss/Documents/cda-mmitss/other/install/carma_perception_msgs/include/carma_perception_msgs/msg/detail/check_active_geofence__rosidl_typesupport_fastrtps_c.h
-- Installing: /home/mmitss/Documents/cda-mmitss/other/install/carma_perception_msgs/include/carma_perception_msgs/msg/detail/predicted_state__rosidl_typesupport_fastrtps_c.h
-- Installing: /home/mmitss/Documents/cda-mmitss/other/install/carma_perception_msgs/include/carma_perception_msgs/msg/detail/external_object__rosidl_typesupport_fastrtps_c.h
-- Installing: /home/mmitss/Documents/cda-mmitss/other/install/carma_perception_msgs/include/carma_perception_msgs/msg/detail/traffic_signal_info_list__rosidl_typesupport_fastrtps_c.h
-- Installing: /home/mmitss/Documents/cda-mmitss/other/install/carma_perception_msgs/include/carma_perception_msgs/msg/detail/external_object_list__rosidl_typesupport_fastrtps_c.h
-- Installing: /home/mmitss/Documents/cda-mmitss/other/install/carma_perception_msgs/include/carma_perception_msgs/msg/detail/connected_vehicle_type__rosidl_typesupport_fastrtps_c.h
-- Installing: /home/mmitss/Documents/cda-mmitss/other/install/carma_perception_msgs/lib/libcarma_perception_msgs__rosidl_typesupport_fastrtps_c.so
-- Set runtime path of "/home/mmitss/Documents/cda-mmitss/other/install/carma_perception_msgs/lib/libcarma_perception_msgs__rosidl_typesupport_fastrtps_c.so" to ""
-- Up-to-date: /home/mmitss/Documents/cda-mmitss/other/install/carma_perception_msgs/include/carma_perception_msgs
-- Up-to-date: /home/mmitss/Documents/cda-mmitss/other/install/carma_perception_msgs/include/carma_perception_msgs/msg
-- Installing: /home/mmitss/Documents/cda-mmitss/other/install/carma_perception_msgs/include/carma_perception_msgs/msg/rosidl_typesupport_fastrtps_cpp__visibility_control.h
-- Up-to-date: /home/mmitss/Documents/cda-mmitss/other/install/carma_perception_msgs/include/carma_perception_msgs/msg/detail
-- Installing: /home/mmitss/Documents/cda-mmitss/other/install/carma_perception_msgs/include/carma_perception_msgs/msg/detail/connected_vehicle_type__rosidl_typesupport_fastrtps_cpp.hpp
-- Installing: /home/mmitss/Documents/cda-mmitss/other/install/carma_perception_msgs/include/carma_perception_msgs/msg/detail/roadway_obstacle__rosidl_typesupport_fastrtps_cpp.hpp
-- Installing: /home/mmitss/Documents/cda-mmitss/other/install/carma_perception_msgs/include/carma_perception_msgs/msg/detail/check_active_geofence__rosidl_typesupport_fastrtps_cpp.hpp
-- Installing: /home/mmitss/Documents/cda-mmitss/other/install/carma_perception_msgs/include/carma_perception_msgs/msg/detail/traffic_signal_info__rosidl_typesupport_fastrtps_cpp.hpp
-- Installing: /home/mmitss/Documents/cda-mmitss/other/install/carma_perception_msgs/include/carma_perception_msgs/msg/detail/external_object_list__rosidl_typesupport_fastrtps_cpp.hpp
-- Installing: /home/mmitss/Documents/cda-mmitss/other/install/carma_perception_msgs/include/carma_perception_msgs/msg/detail/dds_fastrtps
-- Installing: /home/mmitss/Documents/cda-mmitss/other/install/carma_perception_msgs/include/carma_perception_msgs/msg/detail/external_object__rosidl_typesupport_fastrtps_cpp.hpp
-- Installing: /home/mmitss/Documents/cda-mmitss/other/install/carma_perception_msgs/include/carma_perception_msgs/msg/detail/predicted_state__rosidl_typesupport_fastrtps_cpp.hpp
-- Installing: /home/mmitss/Documents/cda-mmitss/other/install/carma_perception_msgs/include/carma_perception_msgs/msg/detail/roadway_obstacle_list__rosidl_typesupport_fastrtps_cpp.hpp
-- Installing: /home/mmitss/Documents/cda-mmitss/other/install/carma_perception_msgs/include/carma_perception_msgs/msg/detail/traffic_signal_info_list__rosidl_typesupport_fastrtps_cpp.hpp
-- Installing: /home/mmitss/Documents/cda-mmitss/other/install/carma_perception_msgs/lib/libcarma_perception_msgs__rosidl_typesupport_fastrtps_cpp.so
-- Set runtime path of "/home/mmitss/Documents/cda-mmitss/other/install/carma_perception_msgs/lib/libcarma_perception_msgs__rosidl_typesupport_fastrtps_cpp.so" to ""
-- Up-to-date: /home/mmitss/Documents/cda-mmitss/other/install/carma_perception_msgs/include/carma_perception_msgs
-- Up-to-date: /home/mmitss/Documents/cda-mmitss/other/install/carma_perception_msgs/include/carma_perception_msgs/msg
-- Installing: /home/mmitss/Documents/cda-mmitss/other/install/carma_perception_msgs/include/carma_perception_msgs/msg/rosidl_typesupport_introspection_c__visibility_control.h
-- Up-to-date: /home/mmitss/Documents/cda-mmitss/other/install/carma_perception_msgs/include/carma_perception_msgs/msg/detail
-- Installing: /home/mmitss/Documents/cda-mmitss/other/install/carma_perception_msgs/include/carma_perception_msgs/msg/detail/external_object_list__type_support.c
-- Installing: /home/mmitss/Documents/cda-mmitss/other/install/carma_perception_msgs/include/carma_perception_msgs/msg/detail/external_object_list__rosidl_typesupport_introspection_c.h
-- Installing: /home/mmitss/Documents/cda-mmitss/other/install/carma_perception_msgs/include/carma_perception_msgs/msg/detail/roadway_obstacle_list__rosidl_typesupport_introspection_c.h
-- Installing: /home/mmitss/Documents/cda-mmitss/other/install/carma_perception_msgs/include/carma_perception_msgs/msg/detail/external_object__rosidl_typesupport_introspection_c.h
-- Installing: /home/mmitss/Documents/cda-mmitss/other/install/carma_perception_msgs/include/carma_perception_msgs/msg/detail/external_object__type_support.c
-- Installing: /home/mmitss/Documents/cda-mmitss/other/install/carma_perception_msgs/include/carma_perception_msgs/msg/detail/connected_vehicle_type__rosidl_typesupport_introspection_c.h
-- Installing: /home/mmitss/Documents/cda-mmitss/other/install/carma_perception_msgs/include/carma_perception_msgs/msg/detail/predicted_state__rosidl_typesupport_introspection_c.h
-- Installing: /home/mmitss/Documents/cda-mmitss/other/install/carma_perception_msgs/include/carma_perception_msgs/msg/detail/traffic_signal_info__type_support.c
-- Installing: /home/mmitss/Documents/cda-mmitss/other/install/carma_perception_msgs/include/carma_perception_msgs/msg/detail/check_active_geofence__rosidl_typesupport_introspection_c.h
-- Installing: /home/mmitss/Documents/cda-mmitss/other/install/carma_perception_msgs/include/carma_perception_msgs/msg/detail/traffic_signal_info_list__type_support.c
-- Installing: /home/mmitss/Documents/cda-mmitss/other/install/carma_perception_msgs/include/carma_perception_msgs/msg/detail/check_active_geofence__type_support.c
-- Installing: /home/mmitss/Documents/cda-mmitss/other/install/carma_perception_msgs/include/carma_perception_msgs/msg/detail/roadway_obstacle_list__type_support.c
-- Installing: /home/mmitss/Documents/cda-mmitss/other/install/carma_perception_msgs/include/carma_perception_msgs/msg/detail/traffic_signal_info_list__rosidl_typesupport_introspection_c.h
-- Installing: /home/mmitss/Documents/cda-mmitss/other/install/carma_perception_msgs/include/carma_perception_msgs/msg/detail/roadway_obstacle__type_support.c
-- Installing: /home/mmitss/Documents/cda-mmitss/other/install/carma_perception_msgs/include/carma_perception_msgs/msg/detail/connected_vehicle_type__type_support.c
-- Installing: /home/mmitss/Documents/cda-mmitss/other/install/carma_perception_msgs/include/carma_perception_msgs/msg/detail/predicted_state__type_support.c
-- Installing: /home/mmitss/Documents/cda-mmitss/other/install/carma_perception_msgs/include/carma_perception_msgs/msg/detail/traffic_signal_info__rosidl_typesupport_introspection_c.h
-- Installing: /home/mmitss/Documents/cda-mmitss/other/install/carma_perception_msgs/include/carma_perception_msgs/msg/detail/roadway_obstacle__rosidl_typesupport_introspection_c.h
-- Installing: /home/mmitss/Documents/cda-mmitss/other/install/carma_perception_msgs/lib/libcarma_perception_msgs__rosidl_typesupport_introspection_c.so
-- Set runtime path of "/home/mmitss/Documents/cda-mmitss/other/install/carma_perception_msgs/lib/libcarma_perception_msgs__rosidl_typesupport_introspection_c.so" to ""
-- Installing: /home/mmitss/Documents/cda-mmitss/other/install/carma_perception_msgs/lib/libcarma_perception_msgs__rosidl_typesupport_c.so
-- Set runtime path of "/home/mmitss/Documents/cda-mmitss/other/install/carma_perception_msgs/lib/libcarma_perception_msgs__rosidl_typesupport_c.so" to ""
-- Up-to-date: /home/mmitss/Documents/cda-mmitss/other/install/carma_perception_msgs/include/carma_perception_msgs
-- Up-to-date: /home/mmitss/Documents/cda-mmitss/other/install/carma_perception_msgs/include/carma_perception_msgs/msg
-- Installing: /home/mmitss/Documents/cda-mmitss/other/install/carma_perception_msgs/include/carma_perception_msgs/msg/check_active_geofence.hpp
-- Installing: /home/mmitss/Documents/cda-mmitss/other/install/carma_perception_msgs/include/carma_perception_msgs/msg/traffic_signal_info_list.hpp
-- Installing: /home/mmitss/Documents/cda-mmitss/other/install/carma_perception_msgs/include/carma_perception_msgs/msg/rosidl_generator_cpp__visibility_control.hpp
-- Installing: /home/mmitss/Documents/cda-mmitss/other/install/carma_perception_msgs/include/carma_perception_msgs/msg/connected_vehicle_type.hpp
-- Installing: /home/mmitss/Documents/cda-mmitss/other/install/carma_perception_msgs/include/carma_perception_msgs/msg/traffic_signal_info.hpp
-- Installing: /home/mmitss/Documents/cda-mmitss/other/install/carma_perception_msgs/include/carma_perception_msgs/msg/roadway_obstacle.hpp
-- Installing: /home/mmitss/Documents/cda-mmitss/other/install/carma_perception_msgs/include/carma_perception_msgs/msg/external_object.hpp
-- Installing: /home/mmitss/Documents/cda-mmitss/other/install/carma_perception_msgs/include/carma_perception_msgs/msg/predicted_state.hpp
-- Installing: /home/mmitss/Documents/cda-mmitss/other/install/carma_perception_msgs/include/carma_perception_msgs/msg/roadway_obstacle_list.hpp
-- Installing: /home/mmitss/Documents/cda-mmitss/other/install/carma_perception_msgs/include/carma_perception_msgs/msg/external_object_list.hpp
-- Up-to-date: /home/mmitss/Documents/cda-mmitss/other/install/carma_perception_msgs/include/carma_perception_msgs/msg/detail
-- Installing: /home/mmitss/Documents/cda-mmitss/other/install/carma_perception_msgs/include/carma_perception_msgs/msg/detail/check_active_geofence__builder.hpp
-- Installing: /home/mmitss/Documents/cda-mmitss/other/install/carma_perception_msgs/include/carma_perception_msgs/msg/detail/predicted_state__type_support.hpp
-- Installing: /home/mmitss/Documents/cda-mmitss/other/install/carma_perception_msgs/include/carma_perception_msgs/msg/detail/connected_vehicle_type__traits.hpp
-- Installing: /home/mmitss/Documents/cda-mmitss/other/install/carma_perception_msgs/include/carma_perception_msgs/msg/detail/external_object_list__struct.hpp
-- Installing: /home/mmitss/Documents/cda-mmitss/other/install/carma_perception_msgs/include/carma_perception_msgs/msg/detail/external_object__builder.hpp
-- Installing: /home/mmitss/Documents/cda-mmitss/other/install/carma_perception_msgs/include/carma_perception_msgs/msg/detail/check_active_geofence__traits.hpp
-- Installing: /home/mmitss/Documents/cda-mmitss/other/install/carma_perception_msgs/include/carma_perception_msgs/msg/detail/connected_vehicle_type__struct.hpp
-- Installing: /home/mmitss/Documents/cda-mmitss/other/install/carma_perception_msgs/include/carma_perception_msgs/msg/detail/traffic_signal_info_list__builder.hpp
-- Installing: /home/mmitss/Documents/cda-mmitss/other/install/carma_perception_msgs/include/carma_perception_msgs/msg/detail/check_active_geofence__type_support.hpp
-- Installing: /home/mmitss/Documents/cda-mmitss/other/install/carma_perception_msgs/include/carma_perception_msgs/msg/detail/traffic_signal_info_list__type_support.hpp
-- Installing: /home/mmitss/Documents/cda-mmitss/other/install/carma_perception_msgs/include/carma_perception_msgs/msg/detail/traffic_signal_info__struct.hpp
-- Installing: /home/mmitss/Documents/cda-mmitss/other/install/carma_perception_msgs/include/carma_perception_msgs/msg/detail/predicted_state__builder.hpp
-- Installing: /home/mmitss/Documents/cda-mmitss/other/install/carma_perception_msgs/include/carma_perception_msgs/msg/detail/roadway_obstacle_list__struct.hpp
-- Installing: /home/mmitss/Documents/cda-mmitss/other/install/carma_perception_msgs/include/carma_perception_msgs/msg/detail/predicted_state__traits.hpp
-- Installing: /home/mmitss/Documents/cda-mmitss/other/install/carma_perception_msgs/include/carma_perception_msgs/msg/detail/check_active_geofence__struct.hpp
-- Installing: /home/mmitss/Documents/cda-mmitss/other/install/carma_perception_msgs/include/carma_perception_msgs/msg/detail/roadway_obstacle_list__type_support.hpp
-- Installing: /home/mmitss/Documents/cda-mmitss/other/install/carma_perception_msgs/include/carma_perception_msgs/msg/detail/traffic_signal_info_list__traits.hpp
-- Installing: /home/mmitss/Documents/cda-mmitss/other/install/carma_perception_msgs/include/carma_perception_msgs/msg/detail/traffic_signal_info__builder.hpp
-- Installing: /home/mmitss/Documents/cda-mmitss/other/install/carma_perception_msgs/include/carma_perception_msgs/msg/detail/traffic_signal_info__traits.hpp
-- Installing: /home/mmitss/Documents/cda-mmitss/other/install/carma_perception_msgs/include/carma_perception_msgs/msg/detail/roadway_obstacle__struct.hpp
-- Installing: /home/mmitss/Documents/cda-mmitss/other/install/carma_perception_msgs/include/carma_perception_msgs/msg/detail/traffic_signal_info_list__struct.hpp
-- Installing: /home/mmitss/Documents/cda-mmitss/other/install/carma_perception_msgs/include/carma_perception_msgs/msg/detail/roadway_obstacle__builder.hpp
-- Installing: /home/mmitss/Documents/cda-mmitss/other/install/carma_perception_msgs/include/carma_perception_msgs/msg/detail/external_object__struct.hpp
-- Installing: /home/mmitss/Documents/cda-mmitss/other/install/carma_perception_msgs/include/carma_perception_msgs/msg/detail/external_object__type_support.hpp
-- Installing: /home/mmitss/Documents/cda-mmitss/other/install/carma_perception_msgs/include/carma_perception_msgs/msg/detail/roadway_obstacle_list__builder.hpp
-- Installing: /home/mmitss/Documents/cda-mmitss/other/install/carma_perception_msgs/include/carma_perception_msgs/msg/detail/connected_vehicle_type__builder.hpp
-- Installing: /home/mmitss/Documents/cda-mmitss/other/install/carma_perception_msgs/include/carma_perception_msgs/msg/detail/external_object__traits.hpp
-- Installing: /home/mmitss/Documents/cda-mmitss/other/install/carma_perception_msgs/include/carma_perception_msgs/msg/detail/external_object_list__type_support.hpp
-- Installing: /home/mmitss/Documents/cda-mmitss/other/install/carma_perception_msgs/include/carma_perception_msgs/msg/detail/roadway_obstacle__traits.hpp
-- Installing: /home/mmitss/Documents/cda-mmitss/other/install/carma_perception_msgs/include/carma_perception_msgs/msg/detail/connected_vehicle_type__type_support.hpp
-- Installing: /home/mmitss/Documents/cda-mmitss/other/install/carma_perception_msgs/include/carma_perception_msgs/msg/detail/roadway_obstacle_list__traits.hpp
-- Installing: /home/mmitss/Documents/cda-mmitss/other/install/carma_perception_msgs/include/carma_perception_msgs/msg/detail/external_object_list__builder.hpp
-- Installing: /home/mmitss/Documents/cda-mmitss/other/install/carma_perception_msgs/include/carma_perception_msgs/msg/detail/roadway_obstacle__type_support.hpp
-- Installing: /home/mmitss/Documents/cda-mmitss/other/install/carma_perception_msgs/include/carma_perception_msgs/msg/detail/predicted_state__struct.hpp
-- Installing: /home/mmitss/Documents/cda-mmitss/other/install/carma_perception_msgs/include/carma_perception_msgs/msg/detail/external_object_list__traits.hpp
-- Installing: /home/mmitss/Documents/cda-mmitss/other/install/carma_perception_msgs/include/carma_perception_msgs/msg/detail/traffic_signal_info__type_support.hpp
-- Up-to-date: /home/mmitss/Documents/cda-mmitss/other/install/carma_perception_msgs/include/carma_perception_msgs
-- Up-to-date: /home/mmitss/Documents/cda-mmitss/other/install/carma_perception_msgs/include/carma_perception_msgs/msg
-- Up-to-date: /home/mmitss/Documents/cda-mmitss/other/install/carma_perception_msgs/include/carma_perception_msgs/msg/detail
-- Installing: /home/mmitss/Documents/cda-mmitss/other/install/carma_perception_msgs/include/carma_perception_msgs/msg/detail/external_object_list__rosidl_typesupport_introspection_cpp.hpp
-- Installing: /home/mmitss/Documents/cda-mmitss/other/install/carma_perception_msgs/include/carma_perception_msgs/msg/detail/external_object_list__type_support.cpp
-- Installing: /home/mmitss/Documents/cda-mmitss/other/install/carma_perception_msgs/include/carma_perception_msgs/msg/detail/connected_vehicle_type__type_support.cpp
-- Installing: /home/mmitss/Documents/cda-mmitss/other/install/carma_perception_msgs/include/carma_perception_msgs/msg/detail/roadway_obstacle_list__rosidl_typesupport_introspection_cpp.hpp
-- Installing: /home/mmitss/Documents/cda-mmitss/other/install/carma_perception_msgs/include/carma_perception_msgs/msg/detail/roadway_obstacle_list__type_support.cpp
-- Installing: /home/mmitss/Documents/cda-mmitss/other/install/carma_perception_msgs/include/carma_perception_msgs/msg/detail/external_object__type_support.cpp
-- Installing: /home/mmitss/Documents/cda-mmitss/other/install/carma_perception_msgs/include/carma_perception_msgs/msg/detail/traffic_signal_info__rosidl_typesupport_introspection_cpp.hpp
-- Installing: /home/mmitss/Documents/cda-mmitss/other/install/carma_perception_msgs/include/carma_perception_msgs/msg/detail/connected_vehicle_type__rosidl_typesupport_introspection_cpp.hpp
-- Installing: /home/mmitss/Documents/cda-mmitss/other/install/carma_perception_msgs/include/carma_perception_msgs/msg/detail/roadway_obstacle__type_support.cpp
-- Installing: /home/mmitss/Documents/cda-mmitss/other/install/carma_perception_msgs/include/carma_perception_msgs/msg/detail/external_object__rosidl_typesupport_introspection_cpp.hpp
-- Installing: /home/mmitss/Documents/cda-mmitss/other/install/carma_perception_msgs/include/carma_perception_msgs/msg/detail/predicted_state__type_support.cpp
-- Installing: /home/mmitss/Documents/cda-mmitss/other/install/carma_perception_msgs/include/carma_perception_msgs/msg/detail/check_active_geofence__type_support.cpp
-- Installing: /home/mmitss/Documents/cda-mmitss/other/install/carma_perception_msgs/include/carma_perception_msgs/msg/detail/predicted_state__rosidl_typesupport_introspection_cpp.hpp
-- Installing: /home/mmitss/Documents/cda-mmitss/other/install/carma_perception_msgs/include/carma_perception_msgs/msg/detail/traffic_signal_info__type_support.cpp
-- Installing: /home/mmitss/Documents/cda-mmitss/other/install/carma_perception_msgs/include/carma_perception_msgs/msg/detail/check_active_geofence__rosidl_typesupport_introspection_cpp.hpp
-- Installing: /home/mmitss/Documents/cda-mmitss/other/install/carma_perception_msgs/include/carma_perception_msgs/msg/detail/roadway_obstacle__rosidl_typesupport_introspection_cpp.hpp
-- Installing: /home/mmitss/Documents/cda-mmitss/other/install/carma_perception_msgs/include/carma_perception_msgs/msg/detail/traffic_signal_info_list__type_support.cpp
-- Installing: /home/mmitss/Documents/cda-mmitss/other/install/carma_perception_msgs/include/carma_perception_msgs/msg/detail/traffic_signal_info_list__rosidl_typesupport_introspection_cpp.hpp
-- Installing: /home/mmitss/Documents/cda-mmitss/other/install/carma_perception_msgs/lib/libcarma_perception_msgs__rosidl_typesupport_introspection_cpp.so
-- Set runtime path of "/home/mmitss/Documents/cda-mmitss/other/install/carma_perception_msgs/lib/libcarma_perception_msgs__rosidl_typesupport_introspection_cpp.so" to ""
-- Installing: /home/mmitss/Documents/cda-mmitss/other/install/carma_perception_msgs/lib/libcarma_perception_msgs__rosidl_typesupport_cpp.so
-- Set runtime path of "/home/mmitss/Documents/cda-mmitss/other/install/carma_perception_msgs/lib/libcarma_perception_msgs__rosidl_typesupport_cpp.so" to ""
-- Installing: /home/mmitss/Documents/cda-mmitss/other/install/carma_perception_msgs/share/carma_perception_msgs/environment/pythonpath.sh
-- Installing: /home/mmitss/Documents/cda-mmitss/other/install/carma_perception_msgs/share/carma_perception_msgs/environment/pythonpath.dsv
-- Installing: /home/mmitss/Documents/cda-mmitss/other/install/carma_perception_msgs/lib/python3.8/site-packages/carma_perception_msgs/__init__.py
Compiling '/home/mmitss/Documents/cda-mmitss/other/install/carma_perception_msgs/lib/python3.8/site-packages/carma_perception_msgs/__init__.py'...
-- Installing: /home/mmitss/Documents/cda-mmitss/other/install/carma_perception_msgs/lib/python3.8/site-packages/carma_perception_msgs/msg
-- Installing: /home/mmitss/Documents/cda-mmitss/other/install/carma_perception_msgs/lib/python3.8/site-packages/carma_perception_msgs/msg/_roadway_obstacle_list.py
-- Installing: /home/mmitss/Documents/cda-mmitss/other/install/carma_perception_msgs/lib/python3.8/site-packages/carma_perception_msgs/msg/_predicted_state_s.c
-- Installing: /home/mmitss/Documents/cda-mmitss/other/install/carma_perception_msgs/lib/python3.8/site-packages/carma_perception_msgs/msg/_roadway_obstacle_s.c
-- Installing: /home/mmitss/Documents/cda-mmitss/other/install/carma_perception_msgs/lib/python3.8/site-packages/carma_perception_msgs/msg/_traffic_signal_info_s.c
-- Installing: /home/mmitss/Documents/cda-mmitss/other/install/carma_perception_msgs/lib/python3.8/site-packages/carma_perception_msgs/msg/_check_active_geofence.py
-- Installing: /home/mmitss/Documents/cda-mmitss/other/install/carma_perception_msgs/lib/python3.8/site-packages/carma_perception_msgs/msg/_traffic_signal_info_list_s.c
-- Installing: /home/mmitss/Documents/cda-mmitss/other/install/carma_perception_msgs/lib/python3.8/site-packages/carma_perception_msgs/msg/_roadway_obstacle.py
-- Installing: /home/mmitss/Documents/cda-mmitss/other/install/carma_perception_msgs/lib/python3.8/site-packages/carma_perception_msgs/msg/_external_object_s.c
-- Installing: /home/mmitss/Documents/cda-mmitss/other/install/carma_perception_msgs/lib/python3.8/site-packages/carma_perception_msgs/msg/_check_active_geofence_s.c
-- Installing: /home/mmitss/Documents/cda-mmitss/other/install/carma_perception_msgs/lib/python3.8/site-packages/carma_perception_msgs/msg/_roadway_obstacle_list_s.c
-- Installing: /home/mmitss/Documents/cda-mmitss/other/install/carma_perception_msgs/lib/python3.8/site-packages/carma_perception_msgs/msg/_traffic_signal_info.py
-- Installing: /home/mmitss/Documents/cda-mmitss/other/install/carma_perception_msgs/lib/python3.8/site-packages/carma_perception_msgs/msg/_traffic_signal_info_list.py
-- Installing: /home/mmitss/Documents/cda-mmitss/other/install/carma_perception_msgs/lib/python3.8/site-packages/carma_perception_msgs/msg/_external_object_list_s.c
-- Installing: /home/mmitss/Documents/cda-mmitss/other/install/carma_perception_msgs/lib/python3.8/site-packages/carma_perception_msgs/msg/_connected_vehicle_type_s.c
-- Installing: /home/mmitss/Documents/cda-mmitss/other/install/carma_perception_msgs/lib/python3.8/site-packages/carma_perception_msgs/msg/_external_object.py
-- Installing: /home/mmitss/Documents/cda-mmitss/other/install/carma_perception_msgs/lib/python3.8/site-packages/carma_perception_msgs/msg/_external_object_list.py
-- Installing: /home/mmitss/Documents/cda-mmitss/other/install/carma_perception_msgs/lib/python3.8/site-packages/carma_perception_msgs/msg/_connected_vehicle_type.py
-- Installing: /home/mmitss/Documents/cda-mmitss/other/install/carma_perception_msgs/lib/python3.8/site-packages/carma_perception_msgs/msg/__init__.py
-- Installing: /home/mmitss/Documents/cda-mmitss/other/install/carma_perception_msgs/lib/python3.8/site-packages/carma_perception_msgs/msg/_predicted_state.py
-- Installing: /home/mmitss/Documents/cda-mmitss/other/install/carma_perception_msgs/lib/python3.8/site-packages/carma_perception_msgs/carma_perception_msgs_s__rosidl_typesupport_fastrtps_c.cpython-38-x86_64-linux-gnu.so
-- Set runtime path of "/home/mmitss/Documents/cda-mmitss/other/install/carma_perception_msgs/lib/python3.8/site-packages/carma_perception_msgs/carma_perception_msgs_s__rosidl_typesupport_fastrtps_c.cpython-38-x86_64-linux-gnu.so" to ""
-- Installing: /home/mmitss/Documents/cda-mmitss/other/install/carma_perception_msgs/lib/python3.8/site-packages/carma_perception_msgs/carma_perception_msgs_s__rosidl_typesupport_introspection_c.cpython-38-x86_64-linux-gnu.so
-- Set runtime path of "/home/mmitss/Documents/cda-mmitss/other/install/carma_perception_msgs/lib/python3.8/site-packages/carma_perception_msgs/carma_perception_msgs_s__rosidl_typesupport_introspection_c.cpython-38-x86_64-linux-gnu.so" to ""
-- Installing: /home/mmitss/Documents/cda-mmitss/other/install/carma_perception_msgs/lib/python3.8/site-packages/carma_perception_msgs/carma_perception_msgs_s__rosidl_typesupport_c.cpython-38-x86_64-linux-gnu.so
-- Set runtime path of "/home/mmitss/Documents/cda-mmitss/other/install/carma_perception_msgs/lib/python3.8/site-packages/carma_perception_msgs/carma_perception_msgs_s__rosidl_typesupport_c.cpython-38-x86_64-linux-gnu.so" to ""
-- Installing: /home/mmitss/Documents/cda-mmitss/other/install/carma_perception_msgs/lib/libcarma_perception_msgs__python.so
-- Set runtime path of "/home/mmitss/Documents/cda-mmitss/other/install/carma_perception_msgs/lib/libcarma_perception_msgs__python.so" to ""
-- Installing: /home/mmitss/Documents/cda-mmitss/other/install/carma_perception_msgs/share/carma_perception_msgs/msg/CheckActiveGeofence.idl
-- Installing: /home/mmitss/Documents/cda-mmitss/other/install/carma_perception_msgs/share/carma_perception_msgs/msg/ConnectedVehicleType.idl
-- Installing: /home/mmitss/Documents/cda-mmitss/other/install/carma_perception_msgs/share/carma_perception_msgs/msg/ExternalObject.idl
-- Installing: /home/mmitss/Documents/cda-mmitss/other/install/carma_perception_msgs/share/carma_perception_msgs/msg/ExternalObjectList.idl
-- Installing: /home/mmitss/Documents/cda-mmitss/other/install/carma_perception_msgs/share/carma_perception_msgs/msg/PredictedState.idl
-- Installing: /home/mmitss/Documents/cda-mmitss/other/install/carma_perception_msgs/share/carma_perception_msgs/msg/RoadwayObstacle.idl
-- Installing: /home/mmitss/Documents/cda-mmitss/other/install/carma_perception_msgs/share/carma_perception_msgs/msg/RoadwayObstacleList.idl
-- Installing: /home/mmitss/Documents/cda-mmitss/other/install/carma_perception_msgs/share/carma_perception_msgs/msg/TrafficSignalInfo.idl
-- Installing: /home/mmitss/Documents/cda-mmitss/other/install/carma_perception_msgs/share/carma_perception_msgs/msg/TrafficSignalInfoList.idl
-- Installing: /home/mmitss/Documents/cda-mmitss/other/install/carma_perception_msgs/share/carma_perception_msgs/msg/CheckActiveGeofence.msg
-- Installing: /home/mmitss/Documents/cda-mmitss/other/install/carma_perception_msgs/share/carma_perception_msgs/msg/ConnectedVehicleType.msg
-- Installing: /home/mmitss/Documents/cda-mmitss/other/install/carma_perception_msgs/share/carma_perception_msgs/msg/ExternalObject.msg
-- Installing: /home/mmitss/Documents/cda-mmitss/other/install/carma_perception_msgs/share/carma_perception_msgs/msg/ExternalObjectList.msg
-- Installing: /home/mmitss/Documents/cda-mmitss/other/install/carma_perception_msgs/share/carma_perception_msgs/msg/PredictedState.msg
-- Installing: /home/mmitss/Documents/cda-mmitss/other/install/carma_perception_msgs/share/carma_perception_msgs/msg/RoadwayObstacle.msg
-- Installing: /home/mmitss/Documents/cda-mmitss/other/install/carma_perception_msgs/share/carma_perception_msgs/msg/RoadwayObstacleList.msg
-- Installing: /home/mmitss/Documents/cda-mmitss/other/install/carma_perception_msgs/share/carma_perception_msgs/msg/TrafficSignalInfo.msg
-- Installing: /home/mmitss/Documents/cda-mmitss/other/install/carma_perception_msgs/share/carma_perception_msgs/msg/TrafficSignalInfoList.msg
-- Installing: /home/mmitss/Documents/cda-mmitss/other/install/carma_perception_msgs/share/ament_index/resource_index/package_run_dependencies/carma_perception_msgs
-- Installing: /home/mmitss/Documents/cda-mmitss/other/install/carma_perception_msgs/share/ament_index/resource_index/parent_prefix_path/carma_perception_msgs
-- Installing: /home/mmitss/Documents/cda-mmitss/other/install/carma_perception_msgs/share/carma_perception_msgs/environment/ament_prefix_path.sh
-- Installing: /home/mmitss/Documents/cda-mmitss/other/install/carma_perception_msgs/share/carma_perception_msgs/environment/ament_prefix_path.dsv
-- Installing: /home/mmitss/Documents/cda-mmitss/other/install/carma_perception_msgs/share/carma_perception_msgs/environment/path.sh
-- Installing: /home/mmitss/Documents/cda-mmitss/other/install/carma_perception_msgs/share/carma_perception_msgs/environment/path.dsv
-- Installing: /home/mmitss/Documents/cda-mmitss/other/install/carma_perception_msgs/share/carma_perception_msgs/local_setup.bash
-- Installing: /home/mmitss/Documents/cda-mmitss/other/install/carma_perception_msgs/share/carma_perception_msgs/local_setup.sh
-- Installing: /home/mmitss/Documents/cda-mmitss/other/install/carma_perception_msgs/share/carma_perception_msgs/local_setup.zsh
-- Installing: /home/mmitss/Documents/cda-mmitss/other/install/carma_perception_msgs/share/carma_perception_msgs/local_setup.dsv
-- Installing: /home/mmitss/Documents/cda-mmitss/other/install/carma_perception_msgs/share/carma_perception_msgs/package.dsv
-- Installing: /home/mmitss/Documents/cda-mmitss/other/install/carma_perception_msgs/share/ament_index/resource_index/packages/carma_perception_msgs
-- Installing: /home/mmitss/Documents/cda-mmitss/other/install/carma_perception_msgs/share/carma_perception_msgs/cmake/carma_perception_msgs__rosidl_generator_cExport.cmake
-- Installing: /home/mmitss/Documents/cda-mmitss/other/install/carma_perception_msgs/share/carma_perception_msgs/cmake/carma_perception_msgs__rosidl_generator_cExport-release.cmake
-- Installing: /home/mmitss/Documents/cda-mmitss/other/install/carma_perception_msgs/share/carma_perception_msgs/cmake/carma_perception_msgs__rosidl_typesupport_introspection_cExport.cmake
-- Installing: /home/mmitss/Documents/cda-mmitss/other/install/carma_perception_msgs/share/carma_perception_msgs/cmake/carma_perception_msgs__rosidl_typesupport_introspection_cExport-release.cmake
-- Installing: /home/mmitss/Documents/cda-mmitss/other/install/carma_perception_msgs/share/carma_perception_msgs/cmake/carma_perception_msgs__rosidl_typesupport_cExport.cmake
-- Installing: /home/mmitss/Documents/cda-mmitss/other/install/carma_perception_msgs/share/carma_perception_msgs/cmake/carma_perception_msgs__rosidl_typesupport_cExport-release.cmake
-- Installing: /home/mmitss/Documents/cda-mmitss/other/install/carma_perception_msgs/share/carma_perception_msgs/cmake/carma_perception_msgs__rosidl_generator_cppExport.cmake
-- Installing: /home/mmitss/Documents/cda-mmitss/other/install/carma_perception_msgs/share/carma_perception_msgs/cmake/carma_perception_msgs__rosidl_typesupport_introspection_cppExport.cmake
-- Installing: /home/mmitss/Documents/cda-mmitss/other/install/carma_perception_msgs/share/carma_perception_msgs/cmake/carma_perception_msgs__rosidl_typesupport_introspection_cppExport-release.cmake
-- Installing: /home/mmitss/Documents/cda-mmitss/other/install/carma_perception_msgs/share/carma_perception_msgs/cmake/carma_perception_msgs__rosidl_typesupport_cppExport.cmake
-- Installing: /home/mmitss/Documents/cda-mmitss/other/install/carma_perception_msgs/share/carma_perception_msgs/cmake/carma_perception_msgs__rosidl_typesupport_cppExport-release.cmake
-- Installing: /home/mmitss/Documents/cda-mmitss/other/install/carma_perception_msgs/share/carma_perception_msgs/cmake/rosidl_cmake-extras.cmake
-- Installing: /home/mmitss/Documents/cda-mmitss/other/install/carma_perception_msgs/share/carma_perception_msgs/cmake/ament_cmake_export_dependencies-extras.cmake
-- Installing: /home/mmitss/Documents/cda-mmitss/other/install/carma_perception_msgs/share/carma_perception_msgs/cmake/ament_cmake_export_libraries-extras.cmake
-- Installing: /home/mmitss/Documents/cda-mmitss/other/install/carma_perception_msgs/share/carma_perception_msgs/cmake/ament_cmake_export_targets-extras.cmake
-- Installing: /home/mmitss/Documents/cda-mmitss/other/install/carma_perception_msgs/share/carma_perception_msgs/cmake/ament_cmake_export_include_directories-extras.cmake
-- Installing: /home/mmitss/Documents/cda-mmitss/other/install/carma_perception_msgs/share/carma_perception_msgs/cmake/rosidl_cmake_export_typesupport_libraries-extras.cmake
-- Installing: /home/mmitss/Documents/cda-mmitss/other/install/carma_perception_msgs/share/carma_perception_msgs/cmake/rosidl_cmake_export_typesupport_targets-extras.cmake
-- Installing: /home/mmitss/Documents/cda-mmitss/other/install/carma_perception_msgs/share/carma_perception_msgs/cmake/carma_perception_msgsConfig.cmake
-- Installing: /home/mmitss/Documents/cda-mmitss/other/install/carma_perception_msgs/share/carma_perception_msgs/cmake/carma_perception_msgsConfig-version.cmake
-- Installing: /home/mmitss/Documents/cda-mmitss/other/install/carma_perception_msgs/share/carma_perception_msgs/package.xml
-- Installing: /home/mmitss/Documents/cda-mmitss/other/install/carma_perception_msgs/share/carma_perception_msgs/rule.yml
