[0.040s] Invoking command in '/home/mmitss/Documents/cda-mmitss/other/build/carma_perception_msgs': AMENT_PREFIX_PATH=/home/mmitss/Documents/cda-mmitss/other/install/carma_cmake_common:${AMENT_PREFIX_PATH} CMAKE_PREFIX_PATH=/home/mmitss/Documents/cda-mmitss/other/install/carma_cmake_common:/opt/ros/foxy CONDA_PROMPT_MODIFIER=(base) /usr/bin/cmake /home/mmitss/Documents/cda-mmitss/other/carma-msgs/carma_perception_msgs -DCMAKE_INSTALL_PREFIX=/home/mmitss/Documents/cda-mmitss/other/install/carma_perception_msgs
[0.124s] -- The C compiler identification is GNU 9.4.0
[0.211s] -- The CXX compiler identification is GNU 9.4.0
[0.216s] -- Check for working C compiler: /usr/bin/cc
[0.310s] -- Check for working C compiler: /usr/bin/cc -- works
[0.311s] -- Detecting C compiler ABI info
[0.400s] -- Detecting C compiler ABI info - done
[0.421s] -- Detecting C compile features
[0.422s] -- Detecting C compile features - done
[0.426s] -- Check for working CXX compiler: /usr/bin/c++
[0.548s] -- Check for working CXX compiler: /usr/bin/c++ -- works
[0.549s] -- Detecting CXX compiler ABI info
[0.664s] -- Detecting CXX compiler ABI info - done
[0.685s] -- Detecting CXX compile features
[0.687s] -- Detecting CXX compile features - done
[0.688s] -- Found carma_cmake_common: 0.1.0 (/home/mmitss/Documents/cda-mmitss/other/install/carma_cmake_common/share/carma_cmake_common/cmake)
[0.690s] -- Found ros_environment: 2.5.1 (/opt/ros/foxy/share/ros_environment/cmake)
[0.691s] -- Setting build type to Release as none was specified.
[0.695s] -- Found rosidl_default_generators: 1.0.1 (/opt/ros/foxy/share/rosidl_default_generators/cmake)
[0.695s] -- Found ament_cmake_core: 0.9.12 (/opt/ros/foxy/share/ament_cmake_core/cmake)
[0.727s] -- Found PythonInterp: /home/mmitss/anaconda3/bin/python3 (found suitable version "3.8.8", minimum required is "3") 
[0.728s] -- Using PYTHON_EXECUTABLE: /home/mmitss/anaconda3/bin/python3
[1.077s] -- Using all available rosidl_typesupport_c: rosidl_typesupport_fastrtps_c;rosidl_typesupport_introspection_c
[1.086s] -- Found rosidl_adapter: 1.3.1 (/opt/ros/foxy/share/rosidl_adapter/cmake)
[1.247s] -- Found OpenSSL: /usr/lib/x86_64-linux-gnu/libcrypto.so (found version "1.1.1f")  
[1.274s] -- Found FastRTPS: /opt/ros/foxy/include  
[1.359s] -- Using all available rosidl_typesupport_cpp: rosidl_typesupport_fastrtps_cpp;rosidl_typesupport_introspection_cpp
[1.398s] -- Found std_msgs: 2.0.5 (/opt/ros/foxy/share/std_msgs/cmake)
[1.452s] -- Found geometry_msgs: 2.0.5 (/opt/ros/foxy/share/geometry_msgs/cmake)
[1.561s] -- Found PythonInterp: /home/mmitss/anaconda3/bin/python3 (found version "3.8.8") 
[1.897s] -- Found ament_cmake_ros: 0.9.2 (/opt/ros/foxy/share/ament_cmake_ros/cmake)
[2.264s] -- Using all available rosidl_typesupport_c: rosidl_typesupport_fastrtps_c;rosidl_typesupport_introspection_c
[2.438s] -- Using all available rosidl_typesupport_cpp: rosidl_typesupport_fastrtps_cpp;rosidl_typesupport_introspection_cpp
[2.477s] -- Found PythonInterp: /home/mmitss/anaconda3/bin/python3 (found suitable version "3.8.8", minimum required is "3.5") 
[2.478s] -- Found python_cmake_module: 0.8.1 (/opt/ros/foxy/share/python_cmake_module/cmake)
[2.522s] -- Found PythonLibs: /home/mmitss/anaconda3/lib/libpython3.8.so (found suitable version "3.8.8", minimum required is "3.5") 
[2.522s] -- Using PYTHON_EXECUTABLE: /home/mmitss/anaconda3/bin/python3
[2.522s] -- Using PYTHON_INCLUDE_DIRS: /home/mmitss/anaconda3/include/python3.8
[2.522s] -- Using PYTHON_LIBRARIES: /home/mmitss/anaconda3/lib/libpython3.8.so
[2.560s] -- Found PythonExtra: .so  
[3.356s] -- Using numpy include directory: /home/mmitss/anaconda3/lib/python3.8/site-packages/numpy/core/include
[3.422s] -- Configuring done
[3.468s] CMake Warning at /opt/ros/foxy/share/rosidl_generator_py/cmake/rosidl_generator_py_generate_interfaces.cmake:235 (add_library):
[3.468s]   Cannot generate a safe runtime search path for target
[3.468s]   carma_perception_msgs__rosidl_typesupport_fastrtps_c__pyext because files
[3.468s]   in some directories may conflict with libraries in implicit directories:
[3.469s] 
[3.469s]     runtime library [libssl.so.1.1] in /usr/lib/x86_64-linux-gnu may be hidden by files in:
[3.469s]       /home/mmitss/anaconda3/lib
[3.469s]     runtime library [libcrypto.so.1.1] in /usr/lib/x86_64-linux-gnu may be hidden by files in:
[3.469s]       /home/mmitss/anaconda3/lib
[3.469s] 
[3.469s]   Some of these libraries may not be found correctly.
[3.469s] Call Stack (most recent call first):
[3.470s]   /opt/ros/foxy/share/ament_cmake_core/cmake/core/ament_execute_extensions.cmake:48 (include)
[3.470s]   /opt/ros/foxy/share/rosidl_cmake/cmake/rosidl_generate_interfaces.cmake:286 (ament_execute_extensions)
[3.470s]   CMakeLists.txt:46 (rosidl_generate_interfaces)
[3.470s] 
[3.470s] 
[3.605s] -- Generating done
[3.610s] -- Build files have been written to: /home/mmitss/Documents/cda-mmitss/other/build/carma_perception_msgs
[3.628s] Invoked command in '/home/mmitss/Documents/cda-mmitss/other/build/carma_perception_msgs' returned '0': AMENT_PREFIX_PATH=/home/mmitss/Documents/cda-mmitss/other/install/carma_cmake_common:${AMENT_PREFIX_PATH} CMAKE_PREFIX_PATH=/home/mmitss/Documents/cda-mmitss/other/install/carma_cmake_common:/opt/ros/foxy CONDA_PROMPT_MODIFIER=(base) /usr/bin/cmake /home/mmitss/Documents/cda-mmitss/other/carma-msgs/carma_perception_msgs -DCMAKE_INSTALL_PREFIX=/home/mmitss/Documents/cda-mmitss/other/install/carma_perception_msgs
[3.630s] Invoking command in '/home/mmitss/Documents/cda-mmitss/other/build/carma_perception_msgs': AMENT_PREFIX_PATH=/home/mmitss/Documents/cda-mmitss/other/install/carma_cmake_common:${AMENT_PREFIX_PATH} CMAKE_PREFIX_PATH=/home/mmitss/Documents/cda-mmitss/other/install/carma_cmake_common:/opt/ros/foxy CONDA_PROMPT_MODIFIER=(base) /usr/bin/cmake --build /home/mmitss/Documents/cda-mmitss/other/build/carma_perception_msgs -- -j8 -l8
[3.774s] [35m[1mScanning dependencies of target carma_perception_msgs__cpp[0m
[3.815s] [  1%] [34m[1mGenerating C++ code for ROS interfaces[0m
[3.815s] [  2%] [34m[1mGenerating C code for ROS interfaces[0m
[8.316s] [35m[1mScanning dependencies of target carma_perception_msgs__rosidl_generator_c[0m
[8.420s] [  3%] [32mBuilding C object CMakeFiles/carma_perception_msgs__rosidl_generator_c.dir/rosidl_generator_c/carma_perception_msgs/msg/detail/connected_vehicle_type__functions.c.o[0m
[8.429s] [  4%] [32mBuilding C object CMakeFiles/carma_perception_msgs__rosidl_generator_c.dir/rosidl_generator_c/carma_perception_msgs/msg/detail/external_object__functions.c.o[0m
[8.444s] [  5%] [32mBuilding C object CMakeFiles/carma_perception_msgs__rosidl_generator_c.dir/rosidl_generator_c/carma_perception_msgs/msg/detail/external_object_list__functions.c.o[0m
[8.449s] [  6%] [32mBuilding C object CMakeFiles/carma_perception_msgs__rosidl_generator_c.dir/rosidl_generator_c/carma_perception_msgs/msg/detail/check_active_geofence__functions.c.o[0m
[8.468s] [  7%] [32mBuilding C object CMakeFiles/carma_perception_msgs__rosidl_generator_c.dir/rosidl_generator_c/carma_perception_msgs/msg/detail/predicted_state__functions.c.o[0m
[8.578s] [  8%] [32mBuilding C object CMakeFiles/carma_perception_msgs__rosidl_generator_c.dir/rosidl_generator_c/carma_perception_msgs/msg/detail/roadway_obstacle__functions.c.o[0m
[8.738s] [  9%] [32mBuilding C object CMakeFiles/carma_perception_msgs__rosidl_generator_c.dir/rosidl_generator_c/carma_perception_msgs/msg/detail/roadway_obstacle_list__functions.c.o[0m
[8.869s] [ 10%] [32mBuilding C object CMakeFiles/carma_perception_msgs__rosidl_generator_c.dir/rosidl_generator_c/carma_perception_msgs/msg/detail/traffic_signal_info__functions.c.o[0m
[8.896s] [ 11%] [32mBuilding C object CMakeFiles/carma_perception_msgs__rosidl_generator_c.dir/rosidl_generator_c/carma_perception_msgs/msg/detail/traffic_signal_info_list__functions.c.o[0m
[8.914s] [ 11%] Built target carma_perception_msgs__cpp
[8.983s] [ 12%] [34m[1mGenerating C++ type support dispatch for ROS interfaces[0m
[9.016s] [ 13%] [34m[1mGenerating C++ type support for eProsima Fast-RTPS[0m
[9.029s] [ 14%] [34m[1mGenerating C++ introspection for ROS interfaces[0m
[9.234s] [ 15%] [32m[1mLinking C shared library libcarma_perception_msgs__rosidl_generator_c.so[0m
[9.436s] [ 15%] Built target carma_perception_msgs__rosidl_generator_c
[9.512s] [ 16%] [34m[1mGenerating C type support dispatch for ROS interfaces[0m
[9.524s] [ 17%] [34m[1mGenerating C introspection for ROS interfaces[0m
[13.092s] [35m[1mScanning dependencies of target carma_perception_msgs__rosidl_typesupport_cpp[0m
[13.268s] [ 18%] [32mBuilding CXX object CMakeFiles/carma_perception_msgs__rosidl_typesupport_cpp.dir/rosidl_typesupport_cpp/carma_perception_msgs/msg/connected_vehicle_type__type_support.cpp.o[0m
[13.268s] [ 20%] [32mBuilding CXX object CMakeFiles/carma_perception_msgs__rosidl_typesupport_cpp.dir/rosidl_typesupport_cpp/carma_perception_msgs/msg/external_object__type_support.cpp.o[0m
[13.268s] [ 21%] [32mBuilding CXX object CMakeFiles/carma_perception_msgs__rosidl_typesupport_cpp.dir/rosidl_typesupport_cpp/carma_perception_msgs/msg/check_active_geofence__type_support.cpp.o[0m
[13.302s] [ 22%] [32mBuilding CXX object CMakeFiles/carma_perception_msgs__rosidl_typesupport_cpp.dir/rosidl_typesupport_cpp/carma_perception_msgs/msg/external_object_list__type_support.cpp.o[0m
[14.595s] [ 23%] [32mBuilding CXX object CMakeFiles/carma_perception_msgs__rosidl_typesupport_cpp.dir/rosidl_typesupport_cpp/carma_perception_msgs/msg/predicted_state__type_support.cpp.o[0m
[14.780s] [ 24%] [32mBuilding CXX object CMakeFiles/carma_perception_msgs__rosidl_typesupport_cpp.dir/rosidl_typesupport_cpp/carma_perception_msgs/msg/roadway_obstacle__type_support.cpp.o[0m
[14.820s] [ 25%] [32mBuilding CXX object CMakeFiles/carma_perception_msgs__rosidl_typesupport_cpp.dir/rosidl_typesupport_cpp/carma_perception_msgs/msg/roadway_obstacle_list__type_support.cpp.o[0m
[14.885s] [ 26%] [32mBuilding CXX object CMakeFiles/carma_perception_msgs__rosidl_typesupport_cpp.dir/rosidl_typesupport_cpp/carma_perception_msgs/msg/traffic_signal_info__type_support.cpp.o[0m
[14.994s] [35m[1mScanning dependencies of target carma_perception_msgs__rosidl_typesupport_c[0m
[15.189s] [ 27%] [32mBuilding CXX object CMakeFiles/carma_perception_msgs__rosidl_typesupport_c.dir/rosidl_typesupport_c/carma_perception_msgs/msg/check_active_geofence__type_support.cpp.o[0m
[15.368s] [35m[1mScanning dependencies of target carma_perception_msgs__rosidl_typesupport_introspection_cpp[0m
[15.478s] [ 28%] [32mBuilding CXX object CMakeFiles/carma_perception_msgs__rosidl_typesupport_introspection_cpp.dir/rosidl_typesupport_introspection_cpp/carma_perception_msgs/msg/detail/check_active_geofence__type_support.cpp.o[0m
[15.496s] [ 29%] [32mBuilding CXX object CMakeFiles/carma_perception_msgs__rosidl_typesupport_c.dir/rosidl_typesupport_c/carma_perception_msgs/msg/connected_vehicle_type__type_support.cpp.o[0m
[15.596s] [35m[1mScanning dependencies of target carma_perception_msgs__rosidl_typesupport_introspection_c[0m
[15.699s] [ 30%] [32mBuilding CXX object CMakeFiles/carma_perception_msgs__rosidl_typesupport_c.dir/rosidl_typesupport_c/carma_perception_msgs/msg/external_object__type_support.cpp.o[0m
[15.744s] [ 31%] [32mBuilding C object CMakeFiles/carma_perception_msgs__rosidl_typesupport_introspection_c.dir/rosidl_typesupport_introspection_c/carma_perception_msgs/msg/detail/check_active_geofence__type_support.c.o[0m
[15.766s] [ 32%] [32mBuilding CXX object CMakeFiles/carma_perception_msgs__rosidl_typesupport_cpp.dir/rosidl_typesupport_cpp/carma_perception_msgs/msg/traffic_signal_info_list__type_support.cpp.o[0m
[15.915s] [ 33%] [32mBuilding CXX object CMakeFiles/carma_perception_msgs__rosidl_typesupport_c.dir/rosidl_typesupport_c/carma_perception_msgs/msg/external_object_list__type_support.cpp.o[0m
[15.969s] [35m[1mScanning dependencies of target carma_perception_msgs__rosidl_typesupport_fastrtps_cpp[0m
[15.989s] [ 34%] [32mBuilding CXX object CMakeFiles/carma_perception_msgs__rosidl_typesupport_c.dir/rosidl_typesupport_c/carma_perception_msgs/msg/predicted_state__type_support.cpp.o[0m
[16.015s] [ 35%] [32mBuilding C object CMakeFiles/carma_perception_msgs__rosidl_typesupport_introspection_c.dir/rosidl_typesupport_introspection_c/carma_perception_msgs/msg/detail/connected_vehicle_type__type_support.c.o[0m
[16.087s] [ 36%] [32mBuilding CXX object CMakeFiles/carma_perception_msgs__rosidl_typesupport_fastrtps_cpp.dir/rosidl_typesupport_fastrtps_cpp/carma_perception_msgs/msg/detail/dds_fastrtps/check_active_geofence__type_support.cpp.o[0m
[16.134s] [ 37%] [32mBuilding CXX object CMakeFiles/carma_perception_msgs__rosidl_typesupport_c.dir/rosidl_typesupport_c/carma_perception_msgs/msg/roadway_obstacle__type_support.cpp.o[0m
[16.242s] [ 38%] [32mBuilding CXX object CMakeFiles/carma_perception_msgs__rosidl_typesupport_fastrtps_cpp.dir/rosidl_typesupport_fastrtps_cpp/carma_perception_msgs/msg/detail/dds_fastrtps/external_object__type_support.cpp.o[0m
[16.243s] [ 40%] [32mBuilding CXX object CMakeFiles/carma_perception_msgs__rosidl_typesupport_fastrtps_cpp.dir/rosidl_typesupport_fastrtps_cpp/carma_perception_msgs/msg/detail/dds_fastrtps/connected_vehicle_type__type_support.cpp.o[0m
[16.303s] [ 41%] [32mBuilding C object CMakeFiles/carma_perception_msgs__rosidl_typesupport_introspection_c.dir/rosidl_typesupport_introspection_c/carma_perception_msgs/msg/detail/external_object__type_support.c.o[0m
[16.347s] [ 42%] [32mBuilding CXX object CMakeFiles/carma_perception_msgs__rosidl_typesupport_c.dir/rosidl_typesupport_c/carma_perception_msgs/msg/roadway_obstacle_list__type_support.cpp.o[0m
[16.358s] [ 43%] [32mBuilding C object CMakeFiles/carma_perception_msgs__rosidl_typesupport_introspection_c.dir/rosidl_typesupport_introspection_c/carma_perception_msgs/msg/detail/external_object_list__type_support.c.o[0m
[16.548s] [ 44%] [32mBuilding CXX object CMakeFiles/carma_perception_msgs__rosidl_typesupport_c.dir/rosidl_typesupport_c/carma_perception_msgs/msg/traffic_signal_info__type_support.cpp.o[0m
[16.601s] [ 45%] [32mBuilding C object CMakeFiles/carma_perception_msgs__rosidl_typesupport_introspection_c.dir/rosidl_typesupport_introspection_c/carma_perception_msgs/msg/detail/predicted_state__type_support.c.o[0m
[16.685s] [ 46%] [32mBuilding CXX object CMakeFiles/carma_perception_msgs__rosidl_typesupport_c.dir/rosidl_typesupport_c/carma_perception_msgs/msg/traffic_signal_info_list__type_support.cpp.o[0m
[16.725s] [ 47%] [32mBuilding CXX object CMakeFiles/carma_perception_msgs__rosidl_typesupport_introspection_cpp.dir/rosidl_typesupport_introspection_cpp/carma_perception_msgs/msg/detail/connected_vehicle_type__type_support.cpp.o[0m
[16.749s] [ 48%] [32m[1mLinking CXX shared library libcarma_perception_msgs__rosidl_typesupport_cpp.so[0m
[16.776s] [ 49%] [32mBuilding C object CMakeFiles/carma_perception_msgs__rosidl_typesupport_introspection_c.dir/rosidl_typesupport_introspection_c/carma_perception_msgs/msg/detail/roadway_obstacle__type_support.c.o[0m
[16.881s] [ 50%] [32mBuilding CXX object CMakeFiles/carma_perception_msgs__rosidl_typesupport_introspection_cpp.dir/rosidl_typesupport_introspection_cpp/carma_perception_msgs/msg/detail/external_object__type_support.cpp.o[0m
[16.909s] [ 51%] [32m[1mLinking CXX shared library libcarma_perception_msgs__rosidl_typesupport_c.so[0m
[17.061s] [ 52%] [32mBuilding C object CMakeFiles/carma_perception_msgs__rosidl_typesupport_introspection_c.dir/rosidl_typesupport_introspection_c/carma_perception_msgs/msg/detail/roadway_obstacle_list__type_support.c.o[0m
[17.085s] [ 52%] Built target carma_perception_msgs__rosidl_typesupport_cpp
[17.153s] [ 53%] [32mBuilding CXX object CMakeFiles/carma_perception_msgs__rosidl_typesupport_introspection_cpp.dir/rosidl_typesupport_introspection_cpp/carma_perception_msgs/msg/detail/external_object_list__type_support.cpp.o[0m
[17.176s] [ 54%] [32mBuilding CXX object CMakeFiles/carma_perception_msgs__rosidl_typesupport_fastrtps_cpp.dir/rosidl_typesupport_fastrtps_cpp/carma_perception_msgs/msg/detail/dds_fastrtps/external_object_list__type_support.cpp.o[0m
[17.252s] [ 54%] Built target carma_perception_msgs__rosidl_typesupport_c
[17.347s] [ 55%] [32mBuilding CXX object CMakeFiles/carma_perception_msgs__rosidl_typesupport_introspection_cpp.dir/rosidl_typesupport_introspection_cpp/carma_perception_msgs/msg/detail/predicted_state__type_support.cpp.o[0m
[17.398s] [ 56%] [32mBuilding C object CMakeFiles/carma_perception_msgs__rosidl_typesupport_introspection_c.dir/rosidl_typesupport_introspection_c/carma_perception_msgs/msg/detail/traffic_signal_info__type_support.c.o[0m
[17.643s] [ 57%] [32mBuilding C object CMakeFiles/carma_perception_msgs__rosidl_typesupport_introspection_c.dir/rosidl_typesupport_introspection_c/carma_perception_msgs/msg/detail/traffic_signal_info_list__type_support.c.o[0m
[17.675s] [ 58%] [32mBuilding CXX object CMakeFiles/carma_perception_msgs__rosidl_typesupport_introspection_cpp.dir/rosidl_typesupport_introspection_cpp/carma_perception_msgs/msg/detail/roadway_obstacle__type_support.cpp.o[0m
[17.921s] [ 60%] [32m[1mLinking C shared library libcarma_perception_msgs__rosidl_typesupport_introspection_c.so[0m
[18.069s] [ 60%] Built target carma_perception_msgs__rosidl_typesupport_introspection_c
[18.119s] [ 61%] [32mBuilding CXX object CMakeFiles/carma_perception_msgs__rosidl_typesupport_fastrtps_cpp.dir/rosidl_typesupport_fastrtps_cpp/carma_perception_msgs/msg/detail/dds_fastrtps/roadway_obstacle__type_support.cpp.o[0m
[18.124s] [ 62%] [32mBuilding CXX object CMakeFiles/carma_perception_msgs__rosidl_typesupport_fastrtps_cpp.dir/rosidl_typesupport_fastrtps_cpp/carma_perception_msgs/msg/detail/dds_fastrtps/predicted_state__type_support.cpp.o[0m
[18.275s] [ 63%] [32mBuilding CXX object CMakeFiles/carma_perception_msgs__rosidl_typesupport_introspection_cpp.dir/rosidl_typesupport_introspection_cpp/carma_perception_msgs/msg/detail/roadway_obstacle_list__type_support.cpp.o[0m
[18.288s] [ 64%] [32mBuilding CXX object CMakeFiles/carma_perception_msgs__rosidl_typesupport_fastrtps_cpp.dir/rosidl_typesupport_fastrtps_cpp/carma_perception_msgs/msg/detail/dds_fastrtps/roadway_obstacle_list__type_support.cpp.o[0m
[18.321s] [ 65%] [32mBuilding CXX object CMakeFiles/carma_perception_msgs__rosidl_typesupport_introspection_cpp.dir/rosidl_typesupport_introspection_cpp/carma_perception_msgs/msg/detail/traffic_signal_info__type_support.cpp.o[0m
[18.566s] [ 66%] [32mBuilding CXX object CMakeFiles/carma_perception_msgs__rosidl_typesupport_fastrtps_cpp.dir/rosidl_typesupport_fastrtps_cpp/carma_perception_msgs/msg/detail/dds_fastrtps/traffic_signal_info__type_support.cpp.o[0m
[18.762s] [ 67%] [32mBuilding CXX object CMakeFiles/carma_perception_msgs__rosidl_typesupport_introspection_cpp.dir/rosidl_typesupport_introspection_cpp/carma_perception_msgs/msg/detail/traffic_signal_info_list__type_support.cpp.o[0m
[18.948s] [ 68%] [32mBuilding CXX object CMakeFiles/carma_perception_msgs__rosidl_typesupport_fastrtps_cpp.dir/rosidl_typesupport_fastrtps_cpp/carma_perception_msgs/msg/detail/dds_fastrtps/traffic_signal_info_list__type_support.cpp.o[0m
[19.574s] [ 69%] [32m[1mLinking CXX shared library libcarma_perception_msgs__rosidl_typesupport_introspection_cpp.so[0m
[19.739s] [ 69%] Built target carma_perception_msgs__rosidl_typesupport_introspection_cpp
[19.949s] [ 70%] [32m[1mLinking CXX shared library libcarma_perception_msgs__rosidl_typesupport_fastrtps_cpp.so[0m
[20.094s] [ 70%] Built target carma_perception_msgs__rosidl_typesupport_fastrtps_cpp
[20.114s] [ 71%] [34m[1mGenerating C type support for eProsima Fast-RTPS[0m
[22.830s] [35m[1mScanning dependencies of target carma_perception_msgs__rosidl_typesupport_fastrtps_c[0m
[22.864s] [ 72%] [32mBuilding CXX object CMakeFiles/carma_perception_msgs__rosidl_typesupport_fastrtps_c.dir/rosidl_typesupport_fastrtps_c/carma_perception_msgs/msg/detail/connected_vehicle_type__type_support_c.cpp.o[0m
[22.867s] [ 73%] [32mBuilding CXX object CMakeFiles/carma_perception_msgs__rosidl_typesupport_fastrtps_c.dir/rosidl_typesupport_fastrtps_c/carma_perception_msgs/msg/detail/check_active_geofence__type_support_c.cpp.o[0m
[22.868s] [ 74%] [32mBuilding CXX object CMakeFiles/carma_perception_msgs__rosidl_typesupport_fastrtps_c.dir/rosidl_typesupport_fastrtps_c/carma_perception_msgs/msg/detail/external_object_list__type_support_c.cpp.o[0m
[22.869s] [ 75%] [32mBuilding CXX object CMakeFiles/carma_perception_msgs__rosidl_typesupport_fastrtps_c.dir/rosidl_typesupport_fastrtps_c/carma_perception_msgs/msg/detail/predicted_state__type_support_c.cpp.o[0m
[22.874s] [ 76%] [32mBuilding CXX object CMakeFiles/carma_perception_msgs__rosidl_typesupport_fastrtps_c.dir/rosidl_typesupport_fastrtps_c/carma_perception_msgs/msg/detail/external_object__type_support_c.cpp.o[0m
[22.882s] [ 77%] [32mBuilding CXX object CMakeFiles/carma_perception_msgs__rosidl_typesupport_fastrtps_c.dir/rosidl_typesupport_fastrtps_c/carma_perception_msgs/msg/detail/roadway_obstacle__type_support_c.cpp.o[0m
[22.898s] [ 78%] [32mBuilding CXX object CMakeFiles/carma_perception_msgs__rosidl_typesupport_fastrtps_c.dir/rosidl_typesupport_fastrtps_c/carma_perception_msgs/msg/detail/roadway_obstacle_list__type_support_c.cpp.o[0m
[22.964s] [ 80%] [32mBuilding CXX object CMakeFiles/carma_perception_msgs__rosidl_typesupport_fastrtps_c.dir/rosidl_typesupport_fastrtps_c/carma_perception_msgs/msg/detail/traffic_signal_info__type_support_c.cpp.o[0m
[23.855s] [ 81%] [32mBuilding CXX object CMakeFiles/carma_perception_msgs__rosidl_typesupport_fastrtps_c.dir/rosidl_typesupport_fastrtps_c/carma_perception_msgs/msg/detail/traffic_signal_info_list__type_support_c.cpp.o[0m
[24.713s] [ 82%] [32m[1mLinking CXX shared library libcarma_perception_msgs__rosidl_typesupport_fastrtps_c.so[0m
[24.877s] [ 82%] Built target carma_perception_msgs__rosidl_typesupport_fastrtps_c
[24.897s] [35m[1mScanning dependencies of target carma_perception_msgs[0m
[24.919s] [ 82%] Built target carma_perception_msgs
[24.939s] [35m[1mScanning dependencies of target carma_perception_msgs__py[0m
[24.963s] [ 83%] [34m[1mGenerating Python code for ROS interfaces[0m
[30.531s] [ 83%] Built target carma_perception_msgs__py
[30.548s] [35m[1mScanning dependencies of target carma_perception_msgs__python[0m
[30.608s] [ 84%] [32mBuilding C object CMakeFiles/carma_perception_msgs__python.dir/rosidl_generator_py/carma_perception_msgs/msg/_connected_vehicle_type_s.c.o[0m
[30.609s] [ 85%] [32mBuilding C object CMakeFiles/carma_perception_msgs__python.dir/rosidl_generator_py/carma_perception_msgs/msg/_external_object_s.c.o[0m
[30.611s] [ 86%] [32mBuilding C object CMakeFiles/carma_perception_msgs__python.dir/rosidl_generator_py/carma_perception_msgs/msg/_check_active_geofence_s.c.o[0m
[30.614s] [ 87%] [32mBuilding C object CMakeFiles/carma_perception_msgs__python.dir/rosidl_generator_py/carma_perception_msgs/msg/_predicted_state_s.c.o[0m
[30.620s] [ 88%] [32mBuilding C object CMakeFiles/carma_perception_msgs__python.dir/rosidl_generator_py/carma_perception_msgs/msg/_external_object_list_s.c.o[0m
[30.838s] [ 89%] [32mBuilding C object CMakeFiles/carma_perception_msgs__python.dir/rosidl_generator_py/carma_perception_msgs/msg/_traffic_signal_info_s.c.o[0m
[30.903s] [ 90%] [32mBuilding C object CMakeFiles/carma_perception_msgs__python.dir/rosidl_generator_py/carma_perception_msgs/msg/_traffic_signal_info_list_s.c.o[0m
[30.919s] [ 91%] [32mBuilding C object CMakeFiles/carma_perception_msgs__python.dir/rosidl_generator_py/carma_perception_msgs/msg/_roadway_obstacle_s.c.o[0m
[30.925s] [ 92%] [32mBuilding C object CMakeFiles/carma_perception_msgs__python.dir/rosidl_generator_py/carma_perception_msgs/msg/_roadway_obstacle_list_s.c.o[0m
[31.491s] [ 93%] [32m[1mLinking C shared library rosidl_generator_py/carma_perception_msgs/libcarma_perception_msgs__python.so[0m
[31.562s] [ 93%] Built target carma_perception_msgs__python
[31.576s] [35m[1mScanning dependencies of target carma_perception_msgs__rosidl_typesupport_c__pyext[0m
[31.578s] [35m[1mScanning dependencies of target carma_perception_msgs__rosidl_typesupport_introspection_c__pyext[0m
[31.579s] [35m[1mScanning dependencies of target carma_perception_msgs__rosidl_typesupport_fastrtps_c__pyext[0m
[31.606s] [ 94%] [32mBuilding C object CMakeFiles/carma_perception_msgs__rosidl_typesupport_c__pyext.dir/rosidl_generator_py/carma_perception_msgs/_carma_perception_msgs_s.ep.rosidl_typesupport_c.c.o[0m
[31.618s] [ 95%] [32mBuilding C object CMakeFiles/carma_perception_msgs__rosidl_typesupport_introspection_c__pyext.dir/rosidl_generator_py/carma_perception_msgs/_carma_perception_msgs_s.ep.rosidl_typesupport_introspection_c.c.o[0m
[31.620s] [ 96%] [32mBuilding C object CMakeFiles/carma_perception_msgs__rosidl_typesupport_fastrtps_c__pyext.dir/rosidl_generator_py/carma_perception_msgs/_carma_perception_msgs_s.ep.rosidl_typesupport_fastrtps_c.c.o[0m
[31.927s] [ 97%] [32m[1mLinking C shared library rosidl_generator_py/carma_perception_msgs/carma_perception_msgs_s__rosidl_typesupport_introspection_c.cpython-38-x86_64-linux-gnu.so[0m
[31.993s] [ 98%] [32m[1mLinking CXX shared library rosidl_generator_py/carma_perception_msgs/carma_perception_msgs_s__rosidl_typesupport_fastrtps_c.cpython-38-x86_64-linux-gnu.so[0m
[31.995s] [ 98%] Built target carma_perception_msgs__rosidl_typesupport_introspection_c__pyext
[32.000s] [100%] [32m[1mLinking C shared library rosidl_generator_py/carma_perception_msgs/carma_perception_msgs_s__rosidl_typesupport_c.cpython-38-x86_64-linux-gnu.so[0m
[32.061s] [100%] Built target carma_perception_msgs__rosidl_typesupport_c__pyext
[32.116s] [100%] Built target carma_perception_msgs__rosidl_typesupport_fastrtps_c__pyext
[32.134s] Invoked command in '/home/mmitss/Documents/cda-mmitss/other/build/carma_perception_msgs' returned '0': AMENT_PREFIX_PATH=/home/mmitss/Documents/cda-mmitss/other/install/carma_cmake_common:${AMENT_PREFIX_PATH} CMAKE_PREFIX_PATH=/home/mmitss/Documents/cda-mmitss/other/install/carma_cmake_common:/opt/ros/foxy CONDA_PROMPT_MODIFIER=(base) /usr/bin/cmake --build /home/mmitss/Documents/cda-mmitss/other/build/carma_perception_msgs -- -j8 -l8
[32.400s] Invoking command in '/home/mmitss/Documents/cda-mmitss/other/build/carma_perception_msgs': AMENT_PREFIX_PATH=/home/mmitss/Documents/cda-mmitss/other/install/carma_cmake_common:${AMENT_PREFIX_PATH} CMAKE_PREFIX_PATH=/home/mmitss/Documents/cda-mmitss/other/install/carma_cmake_common:/opt/ros/foxy CONDA_PROMPT_MODIFIER=(base) /usr/bin/cmake --install /home/mmitss/Documents/cda-mmitss/other/build/carma_perception_msgs
[32.414s] -- Install configuration: "Release"
[32.415s] -- Installing: /home/mmitss/Documents/cda-mmitss/other/install/carma_perception_msgs/share/ament_index/resource_index/rosidl_interfaces/carma_perception_msgs
[32.415s] -- Installing: /home/mmitss/Documents/cda-mmitss/other/install/carma_perception_msgs/include/carma_perception_msgs
[32.415s] -- Installing: /home/mmitss/Documents/cda-mmitss/other/install/carma_perception_msgs/include/carma_perception_msgs/msg
[32.415s] -- Installing: /home/mmitss/Documents/cda-mmitss/other/install/carma_perception_msgs/include/carma_perception_msgs/msg/traffic_signal_info_list.h
[32.415s] -- Installing: /home/mmitss/Documents/cda-mmitss/other/install/carma_perception_msgs/include/carma_perception_msgs/msg/external_object_list.h
[32.416s] -- Installing: /home/mmitss/Documents/cda-mmitss/other/install/carma_perception_msgs/include/carma_perception_msgs/msg/rosidl_generator_c__visibility_control.h
[32.416s] -- Installing: /home/mmitss/Documents/cda-mmitss/other/install/carma_perception_msgs/include/carma_perception_msgs/msg/connected_vehicle_type.h
[32.416s] -- Installing: /home/mmitss/Documents/cda-mmitss/other/install/carma_perception_msgs/include/carma_perception_msgs/msg/traffic_signal_info.h
[32.416s] -- Installing: /home/mmitss/Documents/cda-mmitss/other/install/carma_perception_msgs/include/carma_perception_msgs/msg/roadway_obstacle.h
[32.417s] -- Installing: /home/mmitss/Documents/cda-mmitss/other/install/carma_perception_msgs/include/carma_perception_msgs/msg/external_object.h
[32.417s] -- Installing: /home/mmitss/Documents/cda-mmitss/other/install/carma_perception_msgs/include/carma_perception_msgs/msg/roadway_obstacle_list.h
[32.417s] -- Installing: /home/mmitss/Documents/cda-mmitss/other/install/carma_perception_msgs/include/carma_perception_msgs/msg/predicted_state.h
[32.417s] -- Installing: /home/mmitss/Documents/cda-mmitss/other/install/carma_perception_msgs/include/carma_perception_msgs/msg/check_active_geofence.h
[32.417s] -- Installing: /home/mmitss/Documents/cda-mmitss/other/install/carma_perception_msgs/include/carma_perception_msgs/msg/detail
[32.417s] -- Installing: /home/mmitss/Documents/cda-mmitss/other/install/carma_perception_msgs/include/carma_perception_msgs/msg/detail/predicted_state__struct.h
[32.418s] -- Installing: /home/mmitss/Documents/cda-mmitss/other/install/carma_perception_msgs/include/carma_perception_msgs/msg/detail/check_active_geofence__struct.h
[32.418s] -- Installing: /home/mmitss/Documents/cda-mmitss/other/install/carma_perception_msgs/include/carma_perception_msgs/msg/detail/external_object_list__struct.h
[32.418s] -- Installing: /home/mmitss/Documents/cda-mmitss/other/install/carma_perception_msgs/include/carma_perception_msgs/msg/detail/connected_vehicle_type__struct.h
[32.418s] -- Installing: /home/mmitss/Documents/cda-mmitss/other/install/carma_perception_msgs/include/carma_perception_msgs/msg/detail/roadway_obstacle_list__functions.h
[32.418s] -- Installing: /home/mmitss/Documents/cda-mmitss/other/install/carma_perception_msgs/include/carma_perception_msgs/msg/detail/traffic_signal_info_list__functions.c
[32.418s] -- Installing: /home/mmitss/Documents/cda-mmitss/other/install/carma_perception_msgs/include/carma_perception_msgs/msg/detail/external_object_list__type_support.h
[32.419s] -- Installing: /home/mmitss/Documents/cda-mmitss/other/install/carma_perception_msgs/include/carma_perception_msgs/msg/detail/traffic_signal_info_list__struct.h
[32.419s] -- Installing: /home/mmitss/Documents/cda-mmitss/other/install/carma_perception_msgs/include/carma_perception_msgs/msg/detail/external_object__functions.h
[32.419s] -- Installing: /home/mmitss/Documents/cda-mmitss/other/install/carma_perception_msgs/include/carma_perception_msgs/msg/detail/roadway_obstacle_list__functions.c
[32.419s] -- Installing: /home/mmitss/Documents/cda-mmitss/other/install/carma_perception_msgs/include/carma_perception_msgs/msg/detail/check_active_geofence__functions.c
[32.419s] -- Installing: /home/mmitss/Documents/cda-mmitss/other/install/carma_perception_msgs/include/carma_perception_msgs/msg/detail/traffic_signal_info__type_support.h
[32.419s] -- Installing: /home/mmitss/Documents/cda-mmitss/other/install/carma_perception_msgs/include/carma_perception_msgs/msg/detail/external_object_list__functions.c
[32.420s] -- Installing: /home/mmitss/Documents/cda-mmitss/other/install/carma_perception_msgs/include/carma_perception_msgs/msg/detail/check_active_geofence__type_support.h
[32.420s] -- Installing: /home/mmitss/Documents/cda-mmitss/other/install/carma_perception_msgs/include/carma_perception_msgs/msg/detail/external_object_list__functions.h
[32.420s] -- Installing: /home/mmitss/Documents/cda-mmitss/other/install/carma_perception_msgs/include/carma_perception_msgs/msg/detail/predicted_state__type_support.h
[32.420s] -- Installing: /home/mmitss/Documents/cda-mmitss/other/install/carma_perception_msgs/include/carma_perception_msgs/msg/detail/traffic_signal_info_list__type_support.h
[32.420s] -- Installing: /home/mmitss/Documents/cda-mmitss/other/install/carma_perception_msgs/include/carma_perception_msgs/msg/detail/connected_vehicle_type__functions.c
[32.420s] -- Installing: /home/mmitss/Documents/cda-mmitss/other/install/carma_perception_msgs/include/carma_perception_msgs/msg/detail/roadway_obstacle_list__struct.h
[32.421s] -- Installing: /home/mmitss/Documents/cda-mmitss/other/install/carma_perception_msgs/include/carma_perception_msgs/msg/detail/roadway_obstacle__struct.h
[32.421s] -- Installing: /home/mmitss/Documents/cda-mmitss/other/install/carma_perception_msgs/include/carma_perception_msgs/msg/detail/external_object__struct.h
[32.421s] -- Installing: /home/mmitss/Documents/cda-mmitss/other/install/carma_perception_msgs/include/carma_perception_msgs/msg/detail/roadway_obstacle__type_support.h
[32.421s] -- Installing: /home/mmitss/Documents/cda-mmitss/other/install/carma_perception_msgs/include/carma_perception_msgs/msg/detail/traffic_signal_info_list__functions.h
[32.421s] -- Installing: /home/mmitss/Documents/cda-mmitss/other/install/carma_perception_msgs/include/carma_perception_msgs/msg/detail/traffic_signal_info__struct.h
[32.421s] -- Installing: /home/mmitss/Documents/cda-mmitss/other/install/carma_perception_msgs/include/carma_perception_msgs/msg/detail/roadway_obstacle__functions.c
[32.422s] -- Installing: /home/mmitss/Documents/cda-mmitss/other/install/carma_perception_msgs/include/carma_perception_msgs/msg/detail/roadway_obstacle__functions.h
[32.422s] -- Installing: /home/mmitss/Documents/cda-mmitss/other/install/carma_perception_msgs/include/carma_perception_msgs/msg/detail/traffic_signal_info__functions.c
[32.422s] -- Installing: /home/mmitss/Documents/cda-mmitss/other/install/carma_perception_msgs/include/carma_perception_msgs/msg/detail/external_object__type_support.h
[32.422s] -- Installing: /home/mmitss/Documents/cda-mmitss/other/install/carma_perception_msgs/include/carma_perception_msgs/msg/detail/connected_vehicle_type__functions.h
[32.422s] -- Installing: /home/mmitss/Documents/cda-mmitss/other/install/carma_perception_msgs/include/carma_perception_msgs/msg/detail/check_active_geofence__functions.h
[32.422s] -- Installing: /home/mmitss/Documents/cda-mmitss/other/install/carma_perception_msgs/include/carma_perception_msgs/msg/detail/predicted_state__functions.c
[32.423s] -- Installing: /home/mmitss/Documents/cda-mmitss/other/install/carma_perception_msgs/include/carma_perception_msgs/msg/detail/roadway_obstacle_list__type_support.h
[32.423s] -- Installing: /home/mmitss/Documents/cda-mmitss/other/install/carma_perception_msgs/include/carma_perception_msgs/msg/detail/predicted_state__functions.h
[32.423s] -- Installing: /home/mmitss/Documents/cda-mmitss/other/install/carma_perception_msgs/include/carma_perception_msgs/msg/detail/connected_vehicle_type__type_support.h
[32.423s] -- Installing: /home/mmitss/Documents/cda-mmitss/other/install/carma_perception_msgs/include/carma_perception_msgs/msg/detail/traffic_signal_info__functions.h
[32.423s] -- Installing: /home/mmitss/Documents/cda-mmitss/other/install/carma_perception_msgs/include/carma_perception_msgs/msg/detail/external_object__functions.c
[32.424s] -- Installing: /home/mmitss/Documents/cda-mmitss/other/install/carma_perception_msgs/share/carma_perception_msgs/environment/library_path.sh
[32.424s] -- Installing: /home/mmitss/Documents/cda-mmitss/other/install/carma_perception_msgs/share/carma_perception_msgs/environment/library_path.dsv
[32.424s] -- Installing: /home/mmitss/Documents/cda-mmitss/other/install/carma_perception_msgs/lib/libcarma_perception_msgs__rosidl_generator_c.so
[32.424s] -- Set runtime path of "/home/mmitss/Documents/cda-mmitss/other/install/carma_perception_msgs/lib/libcarma_perception_msgs__rosidl_generator_c.so" to ""
[32.424s] -- Up-to-date: /home/mmitss/Documents/cda-mmitss/other/install/carma_perception_msgs/include/carma_perception_msgs
[32.424s] -- Up-to-date: /home/mmitss/Documents/cda-mmitss/other/install/carma_perception_msgs/include/carma_perception_msgs/msg
[32.424s] -- Installing: /home/mmitss/Documents/cda-mmitss/other/install/carma_perception_msgs/include/carma_perception_msgs/msg/rosidl_typesupport_fastrtps_c__visibility_control.h
[32.425s] -- Up-to-date: /home/mmitss/Documents/cda-mmitss/other/install/carma_perception_msgs/include/carma_perception_msgs/msg/detail
[32.425s] -- Installing: /home/mmitss/Documents/cda-mmitss/other/install/carma_perception_msgs/include/carma_perception_msgs/msg/detail/roadway_obstacle__rosidl_typesupport_fastrtps_c.h
[32.425s] -- Installing: /home/mmitss/Documents/cda-mmitss/other/install/carma_perception_msgs/include/carma_perception_msgs/msg/detail/traffic_signal_info__rosidl_typesupport_fastrtps_c.h
[32.425s] -- Installing: /home/mmitss/Documents/cda-mmitss/other/install/carma_perception_msgs/include/carma_perception_msgs/msg/detail/roadway_obstacle_list__rosidl_typesupport_fastrtps_c.h
[32.425s] -- Installing: /home/mmitss/Documents/cda-mmitss/other/install/carma_perception_msgs/include/carma_perception_msgs/msg/detail/check_active_geofence__rosidl_typesupport_fastrtps_c.h
[32.425s] -- Installing: /home/mmitss/Documents/cda-mmitss/other/install/carma_perception_msgs/include/carma_perception_msgs/msg/detail/predicted_state__rosidl_typesupport_fastrtps_c.h
[32.425s] -- Installing: /home/mmitss/Documents/cda-mmitss/other/install/carma_perception_msgs/include/carma_perception_msgs/msg/detail/external_object__rosidl_typesupport_fastrtps_c.h
[32.426s] -- Installing: /home/mmitss/Documents/cda-mmitss/other/install/carma_perception_msgs/include/carma_perception_msgs/msg/detail/traffic_signal_info_list__rosidl_typesupport_fastrtps_c.h
[32.426s] -- Installing: /home/mmitss/Documents/cda-mmitss/other/install/carma_perception_msgs/include/carma_perception_msgs/msg/detail/external_object_list__rosidl_typesupport_fastrtps_c.h
[32.426s] -- Installing: /home/mmitss/Documents/cda-mmitss/other/install/carma_perception_msgs/include/carma_perception_msgs/msg/detail/connected_vehicle_type__rosidl_typesupport_fastrtps_c.h
[32.426s] -- Installing: /home/mmitss/Documents/cda-mmitss/other/install/carma_perception_msgs/lib/libcarma_perception_msgs__rosidl_typesupport_fastrtps_c.so
[32.427s] -- Set runtime path of "/home/mmitss/Documents/cda-mmitss/other/install/carma_perception_msgs/lib/libcarma_perception_msgs__rosidl_typesupport_fastrtps_c.so" to ""
[32.427s] -- Up-to-date: /home/mmitss/Documents/cda-mmitss/other/install/carma_perception_msgs/include/carma_perception_msgs
[32.427s] -- Up-to-date: /home/mmitss/Documents/cda-mmitss/other/install/carma_perception_msgs/include/carma_perception_msgs/msg
[32.428s] -- Installing: /home/mmitss/Documents/cda-mmitss/other/install/carma_perception_msgs/include/carma_perception_msgs/msg/rosidl_typesupport_fastrtps_cpp__visibility_control.h
[32.428s] -- Up-to-date: /home/mmitss/Documents/cda-mmitss/other/install/carma_perception_msgs/include/carma_perception_msgs/msg/detail
[32.428s] -- Installing: /home/mmitss/Documents/cda-mmitss/other/install/carma_perception_msgs/include/carma_perception_msgs/msg/detail/connected_vehicle_type__rosidl_typesupport_fastrtps_cpp.hpp
[32.428s] -- Installing: /home/mmitss/Documents/cda-mmitss/other/install/carma_perception_msgs/include/carma_perception_msgs/msg/detail/roadway_obstacle__rosidl_typesupport_fastrtps_cpp.hpp
[32.428s] -- Installing: /home/mmitss/Documents/cda-mmitss/other/install/carma_perception_msgs/include/carma_perception_msgs/msg/detail/check_active_geofence__rosidl_typesupport_fastrtps_cpp.hpp
[32.428s] -- Installing: /home/mmitss/Documents/cda-mmitss/other/install/carma_perception_msgs/include/carma_perception_msgs/msg/detail/traffic_signal_info__rosidl_typesupport_fastrtps_cpp.hpp
[32.429s] -- Installing: /home/mmitss/Documents/cda-mmitss/other/install/carma_perception_msgs/include/carma_perception_msgs/msg/detail/external_object_list__rosidl_typesupport_fastrtps_cpp.hpp
[32.429s] -- Installing: /home/mmitss/Documents/cda-mmitss/other/install/carma_perception_msgs/include/carma_perception_msgs/msg/detail/dds_fastrtps
[32.429s] -- Installing: /home/mmitss/Documents/cda-mmitss/other/install/carma_perception_msgs/include/carma_perception_msgs/msg/detail/external_object__rosidl_typesupport_fastrtps_cpp.hpp
[32.429s] -- Installing: /home/mmitss/Documents/cda-mmitss/other/install/carma_perception_msgs/include/carma_perception_msgs/msg/detail/predicted_state__rosidl_typesupport_fastrtps_cpp.hpp
[32.429s] -- Installing: /home/mmitss/Documents/cda-mmitss/other/install/carma_perception_msgs/include/carma_perception_msgs/msg/detail/roadway_obstacle_list__rosidl_typesupport_fastrtps_cpp.hpp
[32.429s] -- Installing: /home/mmitss/Documents/cda-mmitss/other/install/carma_perception_msgs/include/carma_perception_msgs/msg/detail/traffic_signal_info_list__rosidl_typesupport_fastrtps_cpp.hpp
[32.429s] -- Installing: /home/mmitss/Documents/cda-mmitss/other/install/carma_perception_msgs/lib/libcarma_perception_msgs__rosidl_typesupport_fastrtps_cpp.so
[32.430s] -- Set runtime path of "/home/mmitss/Documents/cda-mmitss/other/install/carma_perception_msgs/lib/libcarma_perception_msgs__rosidl_typesupport_fastrtps_cpp.so" to ""
[32.430s] -- Up-to-date: /home/mmitss/Documents/cda-mmitss/other/install/carma_perception_msgs/include/carma_perception_msgs
[32.430s] -- Up-to-date: /home/mmitss/Documents/cda-mmitss/other/install/carma_perception_msgs/include/carma_perception_msgs/msg
[32.430s] -- Installing: /home/mmitss/Documents/cda-mmitss/other/install/carma_perception_msgs/include/carma_perception_msgs/msg/rosidl_typesupport_introspection_c__visibility_control.h
[32.430s] -- Up-to-date: /home/mmitss/Documents/cda-mmitss/other/install/carma_perception_msgs/include/carma_perception_msgs/msg/detail
[32.431s] -- Installing: /home/mmitss/Documents/cda-mmitss/other/install/carma_perception_msgs/include/carma_perception_msgs/msg/detail/external_object_list__type_support.c
[32.431s] -- Installing: /home/mmitss/Documents/cda-mmitss/other/install/carma_perception_msgs/include/carma_perception_msgs/msg/detail/external_object_list__rosidl_typesupport_introspection_c.h
[32.431s] -- Installing: /home/mmitss/Documents/cda-mmitss/other/install/carma_perception_msgs/include/carma_perception_msgs/msg/detail/roadway_obstacle_list__rosidl_typesupport_introspection_c.h
[32.431s] -- Installing: /home/mmitss/Documents/cda-mmitss/other/install/carma_perception_msgs/include/carma_perception_msgs/msg/detail/external_object__rosidl_typesupport_introspection_c.h
[32.431s] -- Installing: /home/mmitss/Documents/cda-mmitss/other/install/carma_perception_msgs/include/carma_perception_msgs/msg/detail/external_object__type_support.c
[32.431s] -- Installing: /home/mmitss/Documents/cda-mmitss/other/install/carma_perception_msgs/include/carma_perception_msgs/msg/detail/connected_vehicle_type__rosidl_typesupport_introspection_c.h
[32.431s] -- Installing: /home/mmitss/Documents/cda-mmitss/other/install/carma_perception_msgs/include/carma_perception_msgs/msg/detail/predicted_state__rosidl_typesupport_introspection_c.h
[32.432s] -- Installing: /home/mmitss/Documents/cda-mmitss/other/install/carma_perception_msgs/include/carma_perception_msgs/msg/detail/traffic_signal_info__type_support.c
[32.432s] -- Installing: /home/mmitss/Documents/cda-mmitss/other/install/carma_perception_msgs/include/carma_perception_msgs/msg/detail/check_active_geofence__rosidl_typesupport_introspection_c.h
[32.432s] -- Installing: /home/mmitss/Documents/cda-mmitss/other/install/carma_perception_msgs/include/carma_perception_msgs/msg/detail/traffic_signal_info_list__type_support.c
[32.432s] -- Installing: /home/mmitss/Documents/cda-mmitss/other/install/carma_perception_msgs/include/carma_perception_msgs/msg/detail/check_active_geofence__type_support.c
[32.432s] -- Installing: /home/mmitss/Documents/cda-mmitss/other/install/carma_perception_msgs/include/carma_perception_msgs/msg/detail/roadway_obstacle_list__type_support.c
[32.432s] -- Installing: /home/mmitss/Documents/cda-mmitss/other/install/carma_perception_msgs/include/carma_perception_msgs/msg/detail/traffic_signal_info_list__rosidl_typesupport_introspection_c.h
[32.432s] -- Installing: /home/mmitss/Documents/cda-mmitss/other/install/carma_perception_msgs/include/carma_perception_msgs/msg/detail/roadway_obstacle__type_support.c
[32.433s] -- Installing: /home/mmitss/Documents/cda-mmitss/other/install/carma_perception_msgs/include/carma_perception_msgs/msg/detail/connected_vehicle_type__type_support.c
[32.433s] -- Installing: /home/mmitss/Documents/cda-mmitss/other/install/carma_perception_msgs/include/carma_perception_msgs/msg/detail/predicted_state__type_support.c
[32.433s] -- Installing: /home/mmitss/Documents/cda-mmitss/other/install/carma_perception_msgs/include/carma_perception_msgs/msg/detail/traffic_signal_info__rosidl_typesupport_introspection_c.h
[32.433s] -- Installing: /home/mmitss/Documents/cda-mmitss/other/install/carma_perception_msgs/include/carma_perception_msgs/msg/detail/roadway_obstacle__rosidl_typesupport_introspection_c.h
[32.433s] -- Installing: /home/mmitss/Documents/cda-mmitss/other/install/carma_perception_msgs/lib/libcarma_perception_msgs__rosidl_typesupport_introspection_c.so
[32.434s] -- Set runtime path of "/home/mmitss/Documents/cda-mmitss/other/install/carma_perception_msgs/lib/libcarma_perception_msgs__rosidl_typesupport_introspection_c.so" to ""
[32.434s] -- Installing: /home/mmitss/Documents/cda-mmitss/other/install/carma_perception_msgs/lib/libcarma_perception_msgs__rosidl_typesupport_c.so
[32.435s] -- Set runtime path of "/home/mmitss/Documents/cda-mmitss/other/install/carma_perception_msgs/lib/libcarma_perception_msgs__rosidl_typesupport_c.so" to ""
[32.435s] -- Up-to-date: /home/mmitss/Documents/cda-mmitss/other/install/carma_perception_msgs/include/carma_perception_msgs
[32.435s] -- Up-to-date: /home/mmitss/Documents/cda-mmitss/other/install/carma_perception_msgs/include/carma_perception_msgs/msg
[32.435s] -- Installing: /home/mmitss/Documents/cda-mmitss/other/install/carma_perception_msgs/include/carma_perception_msgs/msg/check_active_geofence.hpp
[32.436s] -- Installing: /home/mmitss/Documents/cda-mmitss/other/install/carma_perception_msgs/include/carma_perception_msgs/msg/traffic_signal_info_list.hpp
[32.436s] -- Installing: /home/mmitss/Documents/cda-mmitss/other/install/carma_perception_msgs/include/carma_perception_msgs/msg/rosidl_generator_cpp__visibility_control.hpp
[32.436s] -- Installing: /home/mmitss/Documents/cda-mmitss/other/install/carma_perception_msgs/include/carma_perception_msgs/msg/connected_vehicle_type.hpp
[32.436s] -- Installing: /home/mmitss/Documents/cda-mmitss/other/install/carma_perception_msgs/include/carma_perception_msgs/msg/traffic_signal_info.hpp
[32.436s] -- Installing: /home/mmitss/Documents/cda-mmitss/other/install/carma_perception_msgs/include/carma_perception_msgs/msg/roadway_obstacle.hpp
[32.437s] -- Installing: /home/mmitss/Documents/cda-mmitss/other/install/carma_perception_msgs/include/carma_perception_msgs/msg/external_object.hpp
[32.437s] -- Installing: /home/mmitss/Documents/cda-mmitss/other/install/carma_perception_msgs/include/carma_perception_msgs/msg/predicted_state.hpp
[32.437s] -- Installing: /home/mmitss/Documents/cda-mmitss/other/install/carma_perception_msgs/include/carma_perception_msgs/msg/roadway_obstacle_list.hpp
[32.437s] -- Installing: /home/mmitss/Documents/cda-mmitss/other/install/carma_perception_msgs/include/carma_perception_msgs/msg/external_object_list.hpp
[32.438s] -- Up-to-date: /home/mmitss/Documents/cda-mmitss/other/install/carma_perception_msgs/include/carma_perception_msgs/msg/detail
[32.438s] -- Installing: /home/mmitss/Documents/cda-mmitss/other/install/carma_perception_msgs/include/carma_perception_msgs/msg/detail/check_active_geofence__builder.hpp
[32.438s] -- Installing: /home/mmitss/Documents/cda-mmitss/other/install/carma_perception_msgs/include/carma_perception_msgs/msg/detail/predicted_state__type_support.hpp
[32.438s] -- Installing: /home/mmitss/Documents/cda-mmitss/other/install/carma_perception_msgs/include/carma_perception_msgs/msg/detail/connected_vehicle_type__traits.hpp
[32.438s] -- Installing: /home/mmitss/Documents/cda-mmitss/other/install/carma_perception_msgs/include/carma_perception_msgs/msg/detail/external_object_list__struct.hpp
[32.438s] -- Installing: /home/mmitss/Documents/cda-mmitss/other/install/carma_perception_msgs/include/carma_perception_msgs/msg/detail/external_object__builder.hpp
[32.439s] -- Installing: /home/mmitss/Documents/cda-mmitss/other/install/carma_perception_msgs/include/carma_perception_msgs/msg/detail/check_active_geofence__traits.hpp
[32.439s] -- Installing: /home/mmitss/Documents/cda-mmitss/other/install/carma_perception_msgs/include/carma_perception_msgs/msg/detail/connected_vehicle_type__struct.hpp
[32.439s] -- Installing: /home/mmitss/Documents/cda-mmitss/other/install/carma_perception_msgs/include/carma_perception_msgs/msg/detail/traffic_signal_info_list__builder.hpp
[32.439s] -- Installing: /home/mmitss/Documents/cda-mmitss/other/install/carma_perception_msgs/include/carma_perception_msgs/msg/detail/check_active_geofence__type_support.hpp
[32.439s] -- Installing: /home/mmitss/Documents/cda-mmitss/other/install/carma_perception_msgs/include/carma_perception_msgs/msg/detail/traffic_signal_info_list__type_support.hpp
[32.440s] -- Installing: /home/mmitss/Documents/cda-mmitss/other/install/carma_perception_msgs/include/carma_perception_msgs/msg/detail/traffic_signal_info__struct.hpp
[32.440s] -- Installing: /home/mmitss/Documents/cda-mmitss/other/install/carma_perception_msgs/include/carma_perception_msgs/msg/detail/predicted_state__builder.hpp
[32.440s] -- Installing: /home/mmitss/Documents/cda-mmitss/other/install/carma_perception_msgs/include/carma_perception_msgs/msg/detail/roadway_obstacle_list__struct.hpp
[32.440s] -- Installing: /home/mmitss/Documents/cda-mmitss/other/install/carma_perception_msgs/include/carma_perception_msgs/msg/detail/predicted_state__traits.hpp
[32.440s] -- Installing: /home/mmitss/Documents/cda-mmitss/other/install/carma_perception_msgs/include/carma_perception_msgs/msg/detail/check_active_geofence__struct.hpp
[32.440s] -- Installing: /home/mmitss/Documents/cda-mmitss/other/install/carma_perception_msgs/include/carma_perception_msgs/msg/detail/roadway_obstacle_list__type_support.hpp
[32.441s] -- Installing: /home/mmitss/Documents/cda-mmitss/other/install/carma_perception_msgs/include/carma_perception_msgs/msg/detail/traffic_signal_info_list__traits.hpp
[32.441s] -- Installing: /home/mmitss/Documents/cda-mmitss/other/install/carma_perception_msgs/include/carma_perception_msgs/msg/detail/traffic_signal_info__builder.hpp
[32.441s] -- Installing: /home/mmitss/Documents/cda-mmitss/other/install/carma_perception_msgs/include/carma_perception_msgs/msg/detail/traffic_signal_info__traits.hpp
[32.441s] -- Installing: /home/mmitss/Documents/cda-mmitss/other/install/carma_perception_msgs/include/carma_perception_msgs/msg/detail/roadway_obstacle__struct.hpp
[32.441s] -- Installing: /home/mmitss/Documents/cda-mmitss/other/install/carma_perception_msgs/include/carma_perception_msgs/msg/detail/traffic_signal_info_list__struct.hpp
[32.441s] -- Installing: /home/mmitss/Documents/cda-mmitss/other/install/carma_perception_msgs/include/carma_perception_msgs/msg/detail/roadway_obstacle__builder.hpp
[32.441s] -- Installing: /home/mmitss/Documents/cda-mmitss/other/install/carma_perception_msgs/include/carma_perception_msgs/msg/detail/external_object__struct.hpp
[32.442s] -- Installing: /home/mmitss/Documents/cda-mmitss/other/install/carma_perception_msgs/include/carma_perception_msgs/msg/detail/external_object__type_support.hpp
[32.442s] -- Installing: /home/mmitss/Documents/cda-mmitss/other/install/carma_perception_msgs/include/carma_perception_msgs/msg/detail/roadway_obstacle_list__builder.hpp
[32.442s] -- Installing: /home/mmitss/Documents/cda-mmitss/other/install/carma_perception_msgs/include/carma_perception_msgs/msg/detail/connected_vehicle_type__builder.hpp
[32.442s] -- Installing: /home/mmitss/Documents/cda-mmitss/other/install/carma_perception_msgs/include/carma_perception_msgs/msg/detail/external_object__traits.hpp
[32.442s] -- Installing: /home/mmitss/Documents/cda-mmitss/other/install/carma_perception_msgs/include/carma_perception_msgs/msg/detail/external_object_list__type_support.hpp
[32.442s] -- Installing: /home/mmitss/Documents/cda-mmitss/other/install/carma_perception_msgs/include/carma_perception_msgs/msg/detail/roadway_obstacle__traits.hpp
[32.442s] -- Installing: /home/mmitss/Documents/cda-mmitss/other/install/carma_perception_msgs/include/carma_perception_msgs/msg/detail/connected_vehicle_type__type_support.hpp
[32.443s] -- Installing: /home/mmitss/Documents/cda-mmitss/other/install/carma_perception_msgs/include/carma_perception_msgs/msg/detail/roadway_obstacle_list__traits.hpp
[32.443s] -- Installing: /home/mmitss/Documents/cda-mmitss/other/install/carma_perception_msgs/include/carma_perception_msgs/msg/detail/external_object_list__builder.hpp
[32.443s] -- Installing: /home/mmitss/Documents/cda-mmitss/other/install/carma_perception_msgs/include/carma_perception_msgs/msg/detail/roadway_obstacle__type_support.hpp
[32.443s] -- Installing: /home/mmitss/Documents/cda-mmitss/other/install/carma_perception_msgs/include/carma_perception_msgs/msg/detail/predicted_state__struct.hpp
[32.443s] -- Installing: /home/mmitss/Documents/cda-mmitss/other/install/carma_perception_msgs/include/carma_perception_msgs/msg/detail/external_object_list__traits.hpp
[32.443s] -- Installing: /home/mmitss/Documents/cda-mmitss/other/install/carma_perception_msgs/include/carma_perception_msgs/msg/detail/traffic_signal_info__type_support.hpp
[32.444s] -- Up-to-date: /home/mmitss/Documents/cda-mmitss/other/install/carma_perception_msgs/include/carma_perception_msgs
[32.444s] -- Up-to-date: /home/mmitss/Documents/cda-mmitss/other/install/carma_perception_msgs/include/carma_perception_msgs/msg
[32.444s] -- Up-to-date: /home/mmitss/Documents/cda-mmitss/other/install/carma_perception_msgs/include/carma_perception_msgs/msg/detail
[32.444s] -- Installing: /home/mmitss/Documents/cda-mmitss/other/install/carma_perception_msgs/include/carma_perception_msgs/msg/detail/external_object_list__rosidl_typesupport_introspection_cpp.hpp
[32.444s] -- Installing: /home/mmitss/Documents/cda-mmitss/other/install/carma_perception_msgs/include/carma_perception_msgs/msg/detail/external_object_list__type_support.cpp
[32.444s] -- Installing: /home/mmitss/Documents/cda-mmitss/other/install/carma_perception_msgs/include/carma_perception_msgs/msg/detail/connected_vehicle_type__type_support.cpp
[32.445s] -- Installing: /home/mmitss/Documents/cda-mmitss/other/install/carma_perception_msgs/include/carma_perception_msgs/msg/detail/roadway_obstacle_list__rosidl_typesupport_introspection_cpp.hpp
[32.445s] -- Installing: /home/mmitss/Documents/cda-mmitss/other/install/carma_perception_msgs/include/carma_perception_msgs/msg/detail/roadway_obstacle_list__type_support.cpp
[32.445s] -- Installing: /home/mmitss/Documents/cda-mmitss/other/install/carma_perception_msgs/include/carma_perception_msgs/msg/detail/external_object__type_support.cpp
[32.445s] -- Installing: /home/mmitss/Documents/cda-mmitss/other/install/carma_perception_msgs/include/carma_perception_msgs/msg/detail/traffic_signal_info__rosidl_typesupport_introspection_cpp.hpp
[32.445s] -- Installing: /home/mmitss/Documents/cda-mmitss/other/install/carma_perception_msgs/include/carma_perception_msgs/msg/detail/connected_vehicle_type__rosidl_typesupport_introspection_cpp.hpp
[32.445s] -- Installing: /home/mmitss/Documents/cda-mmitss/other/install/carma_perception_msgs/include/carma_perception_msgs/msg/detail/roadway_obstacle__type_support.cpp
[32.445s] -- Installing: /home/mmitss/Documents/cda-mmitss/other/install/carma_perception_msgs/include/carma_perception_msgs/msg/detail/external_object__rosidl_typesupport_introspection_cpp.hpp
[32.446s] -- Installing: /home/mmitss/Documents/cda-mmitss/other/install/carma_perception_msgs/include/carma_perception_msgs/msg/detail/predicted_state__type_support.cpp
[32.446s] -- Installing: /home/mmitss/Documents/cda-mmitss/other/install/carma_perception_msgs/include/carma_perception_msgs/msg/detail/check_active_geofence__type_support.cpp
[32.446s] -- Installing: /home/mmitss/Documents/cda-mmitss/other/install/carma_perception_msgs/include/carma_perception_msgs/msg/detail/predicted_state__rosidl_typesupport_introspection_cpp.hpp
[32.446s] -- Installing: /home/mmitss/Documents/cda-mmitss/other/install/carma_perception_msgs/include/carma_perception_msgs/msg/detail/traffic_signal_info__type_support.cpp
[32.446s] -- Installing: /home/mmitss/Documents/cda-mmitss/other/install/carma_perception_msgs/include/carma_perception_msgs/msg/detail/check_active_geofence__rosidl_typesupport_introspection_cpp.hpp
[32.446s] -- Installing: /home/mmitss/Documents/cda-mmitss/other/install/carma_perception_msgs/include/carma_perception_msgs/msg/detail/roadway_obstacle__rosidl_typesupport_introspection_cpp.hpp
[32.446s] -- Installing: /home/mmitss/Documents/cda-mmitss/other/install/carma_perception_msgs/include/carma_perception_msgs/msg/detail/traffic_signal_info_list__type_support.cpp
[32.447s] -- Installing: /home/mmitss/Documents/cda-mmitss/other/install/carma_perception_msgs/include/carma_perception_msgs/msg/detail/traffic_signal_info_list__rosidl_typesupport_introspection_cpp.hpp
[32.447s] -- Installing: /home/mmitss/Documents/cda-mmitss/other/install/carma_perception_msgs/lib/libcarma_perception_msgs__rosidl_typesupport_introspection_cpp.so
[32.447s] -- Set runtime path of "/home/mmitss/Documents/cda-mmitss/other/install/carma_perception_msgs/lib/libcarma_perception_msgs__rosidl_typesupport_introspection_cpp.so" to ""
[32.447s] -- Installing: /home/mmitss/Documents/cda-mmitss/other/install/carma_perception_msgs/lib/libcarma_perception_msgs__rosidl_typesupport_cpp.so
[32.448s] -- Set runtime path of "/home/mmitss/Documents/cda-mmitss/other/install/carma_perception_msgs/lib/libcarma_perception_msgs__rosidl_typesupport_cpp.so" to ""
[32.448s] -- Installing: /home/mmitss/Documents/cda-mmitss/other/install/carma_perception_msgs/share/carma_perception_msgs/environment/pythonpath.sh
[32.448s] -- Installing: /home/mmitss/Documents/cda-mmitss/other/install/carma_perception_msgs/share/carma_perception_msgs/environment/pythonpath.dsv
[32.449s] -- Installing: /home/mmitss/Documents/cda-mmitss/other/install/carma_perception_msgs/lib/python3.8/site-packages/carma_perception_msgs/__init__.py
[32.507s] Compiling '/home/mmitss/Documents/cda-mmitss/other/install/carma_perception_msgs/lib/python3.8/site-packages/carma_perception_msgs/__init__.py'...
[32.513s] -- Installing: /home/mmitss/Documents/cda-mmitss/other/install/carma_perception_msgs/lib/python3.8/site-packages/carma_perception_msgs/msg
[32.514s] -- Installing: /home/mmitss/Documents/cda-mmitss/other/install/carma_perception_msgs/lib/python3.8/site-packages/carma_perception_msgs/msg/_roadway_obstacle_list.py
[32.514s] -- Installing: /home/mmitss/Documents/cda-mmitss/other/install/carma_perception_msgs/lib/python3.8/site-packages/carma_perception_msgs/msg/_predicted_state_s.c
[32.514s] -- Installing: /home/mmitss/Documents/cda-mmitss/other/install/carma_perception_msgs/lib/python3.8/site-packages/carma_perception_msgs/msg/_roadway_obstacle_s.c
[32.514s] -- Installing: /home/mmitss/Documents/cda-mmitss/other/install/carma_perception_msgs/lib/python3.8/site-packages/carma_perception_msgs/msg/_traffic_signal_info_s.c
[32.514s] -- Installing: /home/mmitss/Documents/cda-mmitss/other/install/carma_perception_msgs/lib/python3.8/site-packages/carma_perception_msgs/msg/_check_active_geofence.py
[32.515s] -- Installing: /home/mmitss/Documents/cda-mmitss/other/install/carma_perception_msgs/lib/python3.8/site-packages/carma_perception_msgs/msg/_traffic_signal_info_list_s.c
[32.515s] -- Installing: /home/mmitss/Documents/cda-mmitss/other/install/carma_perception_msgs/lib/python3.8/site-packages/carma_perception_msgs/msg/_roadway_obstacle.py
[32.515s] -- Installing: /home/mmitss/Documents/cda-mmitss/other/install/carma_perception_msgs/lib/python3.8/site-packages/carma_perception_msgs/msg/_external_object_s.c
[32.515s] -- Installing: /home/mmitss/Documents/cda-mmitss/other/install/carma_perception_msgs/lib/python3.8/site-packages/carma_perception_msgs/msg/_check_active_geofence_s.c
[32.515s] -- Installing: /home/mmitss/Documents/cda-mmitss/other/install/carma_perception_msgs/lib/python3.8/site-packages/carma_perception_msgs/msg/_roadway_obstacle_list_s.c
[32.515s] -- Installing: /home/mmitss/Documents/cda-mmitss/other/install/carma_perception_msgs/lib/python3.8/site-packages/carma_perception_msgs/msg/_traffic_signal_info.py
[32.516s] -- Installing: /home/mmitss/Documents/cda-mmitss/other/install/carma_perception_msgs/lib/python3.8/site-packages/carma_perception_msgs/msg/_traffic_signal_info_list.py
[32.516s] -- Installing: /home/mmitss/Documents/cda-mmitss/other/install/carma_perception_msgs/lib/python3.8/site-packages/carma_perception_msgs/msg/_external_object_list_s.c
[32.517s] -- Installing: /home/mmitss/Documents/cda-mmitss/other/install/carma_perception_msgs/lib/python3.8/site-packages/carma_perception_msgs/msg/_connected_vehicle_type_s.c
[32.517s] -- Installing: /home/mmitss/Documents/cda-mmitss/other/install/carma_perception_msgs/lib/python3.8/site-packages/carma_perception_msgs/msg/_external_object.py
[32.517s] -- Installing: /home/mmitss/Documents/cda-mmitss/other/install/carma_perception_msgs/lib/python3.8/site-packages/carma_perception_msgs/msg/_external_object_list.py
[32.517s] -- Installing: /home/mmitss/Documents/cda-mmitss/other/install/carma_perception_msgs/lib/python3.8/site-packages/carma_perception_msgs/msg/_connected_vehicle_type.py
[32.517s] -- Installing: /home/mmitss/Documents/cda-mmitss/other/install/carma_perception_msgs/lib/python3.8/site-packages/carma_perception_msgs/msg/__init__.py
[32.517s] -- Installing: /home/mmitss/Documents/cda-mmitss/other/install/carma_perception_msgs/lib/python3.8/site-packages/carma_perception_msgs/msg/_predicted_state.py
[32.517s] -- Installing: /home/mmitss/Documents/cda-mmitss/other/install/carma_perception_msgs/lib/python3.8/site-packages/carma_perception_msgs/carma_perception_msgs_s__rosidl_typesupport_fastrtps_c.cpython-38-x86_64-linux-gnu.so
[32.518s] -- Set runtime path of "/home/mmitss/Documents/cda-mmitss/other/install/carma_perception_msgs/lib/python3.8/site-packages/carma_perception_msgs/carma_perception_msgs_s__rosidl_typesupport_fastrtps_c.cpython-38-x86_64-linux-gnu.so" to ""
[32.518s] -- Installing: /home/mmitss/Documents/cda-mmitss/other/install/carma_perception_msgs/lib/python3.8/site-packages/carma_perception_msgs/carma_perception_msgs_s__rosidl_typesupport_introspection_c.cpython-38-x86_64-linux-gnu.so
[32.519s] -- Set runtime path of "/home/mmitss/Documents/cda-mmitss/other/install/carma_perception_msgs/lib/python3.8/site-packages/carma_perception_msgs/carma_perception_msgs_s__rosidl_typesupport_introspection_c.cpython-38-x86_64-linux-gnu.so" to ""
[32.520s] -- Installing: /home/mmitss/Documents/cda-mmitss/other/install/carma_perception_msgs/lib/python3.8/site-packages/carma_perception_msgs/carma_perception_msgs_s__rosidl_typesupport_c.cpython-38-x86_64-linux-gnu.so
[32.520s] -- Set runtime path of "/home/mmitss/Documents/cda-mmitss/other/install/carma_perception_msgs/lib/python3.8/site-packages/carma_perception_msgs/carma_perception_msgs_s__rosidl_typesupport_c.cpython-38-x86_64-linux-gnu.so" to ""
[32.521s] -- Installing: /home/mmitss/Documents/cda-mmitss/other/install/carma_perception_msgs/lib/libcarma_perception_msgs__python.so
[32.521s] -- Set runtime path of "/home/mmitss/Documents/cda-mmitss/other/install/carma_perception_msgs/lib/libcarma_perception_msgs__python.so" to ""
[32.522s] -- Installing: /home/mmitss/Documents/cda-mmitss/other/install/carma_perception_msgs/share/carma_perception_msgs/msg/CheckActiveGeofence.idl
[32.522s] -- Installing: /home/mmitss/Documents/cda-mmitss/other/install/carma_perception_msgs/share/carma_perception_msgs/msg/ConnectedVehicleType.idl
[32.522s] -- Installing: /home/mmitss/Documents/cda-mmitss/other/install/carma_perception_msgs/share/carma_perception_msgs/msg/ExternalObject.idl
[32.522s] -- Installing: /home/mmitss/Documents/cda-mmitss/other/install/carma_perception_msgs/share/carma_perception_msgs/msg/ExternalObjectList.idl
[32.522s] -- Installing: /home/mmitss/Documents/cda-mmitss/other/install/carma_perception_msgs/share/carma_perception_msgs/msg/PredictedState.idl
[32.523s] -- Installing: /home/mmitss/Documents/cda-mmitss/other/install/carma_perception_msgs/share/carma_perception_msgs/msg/RoadwayObstacle.idl
[32.523s] -- Installing: /home/mmitss/Documents/cda-mmitss/other/install/carma_perception_msgs/share/carma_perception_msgs/msg/RoadwayObstacleList.idl
[32.524s] -- Installing: /home/mmitss/Documents/cda-mmitss/other/install/carma_perception_msgs/share/carma_perception_msgs/msg/TrafficSignalInfo.idl
[32.524s] -- Installing: /home/mmitss/Documents/cda-mmitss/other/install/carma_perception_msgs/share/carma_perception_msgs/msg/TrafficSignalInfoList.idl
[32.524s] -- Installing: /home/mmitss/Documents/cda-mmitss/other/install/carma_perception_msgs/share/carma_perception_msgs/msg/CheckActiveGeofence.msg
[32.524s] -- Installing: /home/mmitss/Documents/cda-mmitss/other/install/carma_perception_msgs/share/carma_perception_msgs/msg/ConnectedVehicleType.msg
[32.524s] -- Installing: /home/mmitss/Documents/cda-mmitss/other/install/carma_perception_msgs/share/carma_perception_msgs/msg/ExternalObject.msg
[32.524s] -- Installing: /home/mmitss/Documents/cda-mmitss/other/install/carma_perception_msgs/share/carma_perception_msgs/msg/ExternalObjectList.msg
[32.525s] -- Installing: /home/mmitss/Documents/cda-mmitss/other/install/carma_perception_msgs/share/carma_perception_msgs/msg/PredictedState.msg
[32.525s] -- Installing: /home/mmitss/Documents/cda-mmitss/other/install/carma_perception_msgs/share/carma_perception_msgs/msg/RoadwayObstacle.msg
[32.525s] -- Installing: /home/mmitss/Documents/cda-mmitss/other/install/carma_perception_msgs/share/carma_perception_msgs/msg/RoadwayObstacleList.msg
[32.525s] -- Installing: /home/mmitss/Documents/cda-mmitss/other/install/carma_perception_msgs/share/carma_perception_msgs/msg/TrafficSignalInfo.msg
[32.525s] -- Installing: /home/mmitss/Documents/cda-mmitss/other/install/carma_perception_msgs/share/carma_perception_msgs/msg/TrafficSignalInfoList.msg
[32.526s] -- Installing: /home/mmitss/Documents/cda-mmitss/other/install/carma_perception_msgs/share/ament_index/resource_index/package_run_dependencies/carma_perception_msgs
[32.526s] -- Installing: /home/mmitss/Documents/cda-mmitss/other/install/carma_perception_msgs/share/ament_index/resource_index/parent_prefix_path/carma_perception_msgs
[32.526s] -- Installing: /home/mmitss/Documents/cda-mmitss/other/install/carma_perception_msgs/share/carma_perception_msgs/environment/ament_prefix_path.sh
[32.527s] -- Installing: /home/mmitss/Documents/cda-mmitss/other/install/carma_perception_msgs/share/carma_perception_msgs/environment/ament_prefix_path.dsv
[32.527s] -- Installing: /home/mmitss/Documents/cda-mmitss/other/install/carma_perception_msgs/share/carma_perception_msgs/environment/path.sh
[32.527s] -- Installing: /home/mmitss/Documents/cda-mmitss/other/install/carma_perception_msgs/share/carma_perception_msgs/environment/path.dsv
[32.527s] -- Installing: /home/mmitss/Documents/cda-mmitss/other/install/carma_perception_msgs/share/carma_perception_msgs/local_setup.bash
[32.528s] -- Installing: /home/mmitss/Documents/cda-mmitss/other/install/carma_perception_msgs/share/carma_perception_msgs/local_setup.sh
[32.528s] -- Installing: /home/mmitss/Documents/cda-mmitss/other/install/carma_perception_msgs/share/carma_perception_msgs/local_setup.zsh
[32.528s] -- Installing: /home/mmitss/Documents/cda-mmitss/other/install/carma_perception_msgs/share/carma_perception_msgs/local_setup.dsv
[32.528s] -- Installing: /home/mmitss/Documents/cda-mmitss/other/install/carma_perception_msgs/share/carma_perception_msgs/package.dsv
[32.529s] -- Installing: /home/mmitss/Documents/cda-mmitss/other/install/carma_perception_msgs/share/ament_index/resource_index/packages/carma_perception_msgs
[32.529s] -- Installing: /home/mmitss/Documents/cda-mmitss/other/install/carma_perception_msgs/share/carma_perception_msgs/cmake/carma_perception_msgs__rosidl_generator_cExport.cmake
[32.529s] -- Installing: /home/mmitss/Documents/cda-mmitss/other/install/carma_perception_msgs/share/carma_perception_msgs/cmake/carma_perception_msgs__rosidl_generator_cExport-release.cmake
[32.529s] -- Installing: /home/mmitss/Documents/cda-mmitss/other/install/carma_perception_msgs/share/carma_perception_msgs/cmake/carma_perception_msgs__rosidl_typesupport_introspection_cExport.cmake
[32.530s] -- Installing: /home/mmitss/Documents/cda-mmitss/other/install/carma_perception_msgs/share/carma_perception_msgs/cmake/carma_perception_msgs__rosidl_typesupport_introspection_cExport-release.cmake
[32.530s] -- Installing: /home/mmitss/Documents/cda-mmitss/other/install/carma_perception_msgs/share/carma_perception_msgs/cmake/carma_perception_msgs__rosidl_typesupport_cExport.cmake
[32.530s] -- Installing: /home/mmitss/Documents/cda-mmitss/other/install/carma_perception_msgs/share/carma_perception_msgs/cmake/carma_perception_msgs__rosidl_typesupport_cExport-release.cmake
[32.531s] -- Installing: /home/mmitss/Documents/cda-mmitss/other/install/carma_perception_msgs/share/carma_perception_msgs/cmake/carma_perception_msgs__rosidl_generator_cppExport.cmake
[32.531s] -- Installing: /home/mmitss/Documents/cda-mmitss/other/install/carma_perception_msgs/share/carma_perception_msgs/cmake/carma_perception_msgs__rosidl_typesupport_introspection_cppExport.cmake
[32.531s] -- Installing: /home/mmitss/Documents/cda-mmitss/other/install/carma_perception_msgs/share/carma_perception_msgs/cmake/carma_perception_msgs__rosidl_typesupport_introspection_cppExport-release.cmake
[32.532s] -- Installing: /home/mmitss/Documents/cda-mmitss/other/install/carma_perception_msgs/share/carma_perception_msgs/cmake/carma_perception_msgs__rosidl_typesupport_cppExport.cmake
[32.532s] -- Installing: /home/mmitss/Documents/cda-mmitss/other/install/carma_perception_msgs/share/carma_perception_msgs/cmake/carma_perception_msgs__rosidl_typesupport_cppExport-release.cmake
[32.532s] -- Installing: /home/mmitss/Documents/cda-mmitss/other/install/carma_perception_msgs/share/carma_perception_msgs/cmake/rosidl_cmake-extras.cmake
[32.532s] -- Installing: /home/mmitss/Documents/cda-mmitss/other/install/carma_perception_msgs/share/carma_perception_msgs/cmake/ament_cmake_export_dependencies-extras.cmake
[32.532s] -- Installing: /home/mmitss/Documents/cda-mmitss/other/install/carma_perception_msgs/share/carma_perception_msgs/cmake/ament_cmake_export_libraries-extras.cmake
[32.533s] -- Installing: /home/mmitss/Documents/cda-mmitss/other/install/carma_perception_msgs/share/carma_perception_msgs/cmake/ament_cmake_export_targets-extras.cmake
[32.533s] -- Installing: /home/mmitss/Documents/cda-mmitss/other/install/carma_perception_msgs/share/carma_perception_msgs/cmake/ament_cmake_export_include_directories-extras.cmake
[32.533s] -- Installing: /home/mmitss/Documents/cda-mmitss/other/install/carma_perception_msgs/share/carma_perception_msgs/cmake/rosidl_cmake_export_typesupport_libraries-extras.cmake
[32.533s] -- Installing: /home/mmitss/Documents/cda-mmitss/other/install/carma_perception_msgs/share/carma_perception_msgs/cmake/rosidl_cmake_export_typesupport_targets-extras.cmake
[32.534s] -- Installing: /home/mmitss/Documents/cda-mmitss/other/install/carma_perception_msgs/share/carma_perception_msgs/cmake/carma_perception_msgsConfig.cmake
[32.534s] -- Installing: /home/mmitss/Documents/cda-mmitss/other/install/carma_perception_msgs/share/carma_perception_msgs/cmake/carma_perception_msgsConfig-version.cmake
[32.534s] -- Installing: /home/mmitss/Documents/cda-mmitss/other/install/carma_perception_msgs/share/carma_perception_msgs/package.xml
[32.534s] -- Installing: /home/mmitss/Documents/cda-mmitss/other/install/carma_perception_msgs/share/carma_perception_msgs/rule.yml
[32.542s] Invoked command in '/home/mmitss/Documents/cda-mmitss/other/build/carma_perception_msgs' returned '0': AMENT_PREFIX_PATH=/home/mmitss/Documents/cda-mmitss/other/install/carma_cmake_common:${AMENT_PREFIX_PATH} CMAKE_PREFIX_PATH=/home/mmitss/Documents/cda-mmitss/other/install/carma_cmake_common:/opt/ros/foxy CONDA_PROMPT_MODIFIER=(base) /usr/bin/cmake --install /home/mmitss/Documents/cda-mmitss/other/build/carma_perception_msgs
