[0.104s] Invoking command in '/home/mmitss/Documents/cda-mmitss/other/build/carma_msgs': CMAKE_PREFIX_PATH=/home/mmitss/Documents/cda-mmitss/other/install/carma_cmake_common:/home/mmitss/Documents/cda-mmitss/other/install/carma_debug_ros2_msgs:/home/mmitss/Documents/cda-mmitss/other/install/carma_planning_msgs:/home/mmitss/Documents/cda-mmitss/other/install/carma_v2x_msgs:/home/mmitss/Documents/cda-mmitss/other/install/j3224_v2x_msgs:/home/mmitss/Documents/cda-mmitss/other/install/j2735_v2x_msgs:/home/mmitss/Documents/cda-mmitss/other/install/carma_perception_msgs:/home/mmitss/Documents/cda-mmitss/other/install/carma_driver_msgs:/home/mmitss/Documents/cda-mmitss/other/install/carma_msgs:/home/mmitss/Documents/cda-mmitss/other/install/carma_localization_msgs:/home/mmitss/Documents/cda-mmitss/other/install/can_msgs:/opt/ros/foxy CONDA_PROMPT_MODIFIER=(base) /usr/bin/cmake --build /home/mmitss/Documents/cda-mmitss/other/build/carma_msgs -- -j8 -l8
[0.201s] -- Found carma_cmake_common: 0.1.0 (/home/mmitss/Documents/cda-mmitss/other/install/carma_cmake_common/share/carma_cmake_common/cmake)
[0.203s] -- Found ros_environment: 2.5.1 (/opt/ros/foxy/share/ros_environment/cmake)
[0.205s] -- Found rosidl_default_generators: 1.0.1 (/opt/ros/foxy/share/rosidl_default_generators/cmake)
[0.208s] -- Found ament_cmake_core: 0.9.12 (/opt/ros/foxy/share/ament_cmake_core/cmake)
[0.286s] -- Found PythonInterp: /home/mmitss/anaconda3/bin/python3 (found suitable version "3.8.8", minimum required is "3") 
[0.286s] -- Using PYTHON_EXECUTABLE: /home/mmitss/anaconda3/bin/python3
[0.996s] -- Using all available rosidl_typesupport_c: rosidl_typesupport_fastrtps_c;rosidl_typesupport_introspection_c
[1.006s] -- Found rosidl_adapter: 1.3.1 (/opt/ros/foxy/share/rosidl_adapter/cmake)
[1.375s] -- Using all available rosidl_typesupport_cpp: rosidl_typesupport_fastrtps_cpp;rosidl_typesupport_introspection_cpp
[1.448s] -- Found std_msgs: 2.0.5 (/opt/ros/foxy/share/std_msgs/cmake)
[1.596s] -- Found PythonInterp: /home/mmitss/anaconda3/bin/python3 (found version "3.8.8") 
[2.208s] -- Found ament_cmake_ros: 0.9.2 (/opt/ros/foxy/share/ament_cmake_ros/cmake)
[2.543s] -- Using all available rosidl_typesupport_c: rosidl_typesupport_fastrtps_c;rosidl_typesupport_introspection_c
[2.687s] -- Using all available rosidl_typesupport_cpp: rosidl_typesupport_fastrtps_cpp;rosidl_typesupport_introspection_cpp
[2.744s] -- Found PythonInterp: /home/mmitss/anaconda3/bin/python3 (found suitable version "3.8.8", minimum required is "3.5") 
[2.745s] -- Found python_cmake_module: 0.8.1 (/opt/ros/foxy/share/python_cmake_module/cmake)
[2.798s] -- Using PYTHON_EXECUTABLE: /home/mmitss/anaconda3/bin/python3
[2.798s] -- Using PYTHON_INCLUDE_DIRS: /home/mmitss/anaconda3/include/python3.8
[2.798s] -- Using PYTHON_LIBRARIES: /home/mmitss/anaconda3/lib/libpython3.8.so
[3.330s] -- Using numpy include directory: /home/mmitss/anaconda3/lib/python3.8/site-packages/numpy/core/include
[3.398s] -- Configuring done
[3.463s] CMake Warning at /opt/ros/foxy/share/rosidl_generator_py/cmake/rosidl_generator_py_generate_interfaces.cmake:235 (add_library):
[3.463s]   Cannot generate a safe runtime search path for target
[3.464s]   carma_msgs__rosidl_typesupport_fastrtps_c__pyext because files in some
[3.464s]   directories may conflict with libraries in implicit directories:
[3.465s] 
[3.465s]     runtime library [libssl.so.1.1] in /usr/lib/x86_64-linux-gnu may be hidden by files in:
[3.466s]       /home/mmitss/anaconda3/lib
[3.466s]     runtime library [libcrypto.so.1.1] in /usr/lib/x86_64-linux-gnu may be hidden by files in:
[3.467s]       /home/mmitss/anaconda3/lib
[3.467s] 
[3.467s]   Some of these libraries may not be found correctly.
[3.468s] Call Stack (most recent call first):
[3.468s]   /opt/ros/foxy/share/ament_cmake_core/cmake/core/ament_execute_extensions.cmake:48 (include)
[3.469s]   /opt/ros/foxy/share/rosidl_cmake/cmake/rosidl_generate_interfaces.cmake:286 (ament_execute_extensions)
[3.469s]   CMakeLists.txt:46 (rosidl_generate_interfaces)
[3.470s] 
[3.470s] 
[3.560s] -- Generating done
[3.564s] -- Build files have been written to: /home/mmitss/Documents/cda-mmitss/other/build/carma_msgs
[3.650s] [35m[1mScanning dependencies of target carma_msgs__rosidl_generator_c[0m
[3.671s] [  1%] Built target carma_msgs__cpp
[3.756s] [  2%] [32mBuilding C object CMakeFiles/carma_msgs__rosidl_generator_c.dir/rosidl_generator_c/carma_msgs/msg/detail/carla_enabled__functions.c.o[0m
[3.766s] [  3%] [32mBuilding C object CMakeFiles/carma_msgs__rosidl_generator_c.dir/rosidl_generator_c/carma_msgs/msg/detail/light_bar_indicator__functions.c.o[0m
[3.768s] [35m[1mScanning dependencies of target carma_msgs__rosidl_typesupport_cpp[0m
[3.769s] [  4%] [32mBuilding C object CMakeFiles/carma_msgs__rosidl_generator_c.dir/rosidl_generator_c/carma_msgs/msg/detail/light_bar_cda_type__functions.c.o[0m
[3.772s] [35m[1mScanning dependencies of target carma_msgs__rosidl_typesupport_introspection_cpp[0m
[3.812s] [  5%] [32mBuilding C object CMakeFiles/carma_msgs__rosidl_generator_c.dir/rosidl_generator_c/carma_msgs/msg/detail/light_bar_indicator_controllers__functions.c.o[0m
[3.818s] [35m[1mScanning dependencies of target carma_msgs__rosidl_typesupport_fastrtps_cpp[0m
[3.821s] [  6%] [32mBuilding C object CMakeFiles/carma_msgs__rosidl_generator_c.dir/rosidl_generator_c/carma_msgs/msg/detail/system_alert__functions.c.o[0m
[3.971s] [  7%] [32mBuilding CXX object CMakeFiles/carma_msgs__rosidl_typesupport_cpp.dir/rosidl_typesupport_cpp/carma_msgs/msg/carla_enabled__type_support.cpp.o[0m
[4.009s] [  8%] [32mBuilding CXX object CMakeFiles/carma_msgs__rosidl_typesupport_introspection_cpp.dir/rosidl_typesupport_introspection_cpp/carma_msgs/msg/detail/carla_enabled__type_support.cpp.o[0m
[4.031s] [  9%] [32mBuilding CXX object CMakeFiles/carma_msgs__rosidl_typesupport_fastrtps_cpp.dir/rosidl_typesupport_fastrtps_cpp/carma_msgs/msg/detail/dds_fastrtps/carla_enabled__type_support.cpp.o[0m
[4.337s] [ 10%] [32mBuilding CXX object CMakeFiles/carma_msgs__rosidl_typesupport_cpp.dir/rosidl_typesupport_cpp/carma_msgs/msg/light_bar_cda_type__type_support.cpp.o[0m
[4.533s] [ 11%] [32mBuilding CXX object CMakeFiles/carma_msgs__rosidl_typesupport_fastrtps_cpp.dir/rosidl_typesupport_fastrtps_cpp/carma_msgs/msg/detail/dds_fastrtps/light_bar_cda_type__type_support.cpp.o[0m
[4.633s] [ 12%] [32mBuilding C object CMakeFiles/carma_msgs__rosidl_generator_c.dir/rosidl_generator_c/carma_msgs/msg/detail/ui_instructions__functions.c.o[0m
[4.681s] [ 13%] [32mBuilding CXX object CMakeFiles/carma_msgs__rosidl_typesupport_fastrtps_cpp.dir/rosidl_typesupport_fastrtps_cpp/carma_msgs/msg/detail/dds_fastrtps/light_bar_indicator__type_support.cpp.o[0m
[4.807s] [ 14%] [32mBuilding CXX object CMakeFiles/carma_msgs__rosidl_typesupport_fastrtps_cpp.dir/rosidl_typesupport_fastrtps_cpp/carma_msgs/msg/detail/dds_fastrtps/light_bar_indicator_controllers__type_support.cpp.o[0m
[5.767s] [ 15%] [32mBuilding C object CMakeFiles/carma_msgs__rosidl_generator_c.dir/rosidl_generator_c/carma_msgs/srv/detail/release_indicator_control__functions.c.o[0m
[6.571s] [ 16%] [32mBuilding C object CMakeFiles/carma_msgs__rosidl_generator_c.dir/rosidl_generator_c/carma_msgs/srv/detail/request_indicator_control__functions.c.o[0m
[6.595s] [ 17%] [32mBuilding CXX object CMakeFiles/carma_msgs__rosidl_typesupport_introspection_cpp.dir/rosidl_typesupport_introspection_cpp/carma_msgs/msg/detail/light_bar_cda_type__type_support.cpp.o[0m
[6.811s] [ 18%] [32mBuilding C object CMakeFiles/carma_msgs__rosidl_generator_c.dir/rosidl_generator_c/carma_msgs/srv/detail/set_traffic_event__functions.c.o[0m
[7.030s] [ 20%] [32mBuilding CXX object CMakeFiles/carma_msgs__rosidl_typesupport_fastrtps_cpp.dir/rosidl_typesupport_fastrtps_cpp/carma_msgs/msg/detail/dds_fastrtps/system_alert__type_support.cpp.o[0m
[7.088s] [ 21%] [32mBuilding CXX object CMakeFiles/carma_msgs__rosidl_typesupport_cpp.dir/rosidl_typesupport_cpp/carma_msgs/msg/light_bar_indicator__type_support.cpp.o[0m
[7.509s] [ 22%] [32mBuilding CXX object CMakeFiles/carma_msgs__rosidl_typesupport_cpp.dir/rosidl_typesupport_cpp/carma_msgs/msg/light_bar_indicator_controllers__type_support.cpp.o[0m
[7.720s] [ 23%] [32m[1mLinking C shared library libcarma_msgs__rosidl_generator_c.so[0m
[8.066s] [ 24%] Built target carma_msgs__rosidl_generator_c
[8.310s] [35m[1mScanning dependencies of target carma_msgs__rosidl_typesupport_introspection_c[0m
[8.329s] [ 25%] [32mBuilding CXX object CMakeFiles/carma_msgs__rosidl_typesupport_introspection_cpp.dir/rosidl_typesupport_introspection_cpp/carma_msgs/msg/detail/light_bar_indicator__type_support.cpp.o[0m
[8.401s] [ 26%] [32mBuilding CXX object CMakeFiles/carma_msgs__rosidl_typesupport_introspection_cpp.dir/rosidl_typesupport_introspection_cpp/carma_msgs/msg/detail/light_bar_indicator_controllers__type_support.cpp.o[0m
[8.572s] [ 27%] [32mBuilding C object CMakeFiles/carma_msgs__rosidl_typesupport_introspection_c.dir/rosidl_typesupport_introspection_c/carma_msgs/msg/detail/carla_enabled__type_support.c.o[0m
[8.594s] [ 28%] [32mBuilding CXX object CMakeFiles/carma_msgs__rosidl_typesupport_introspection_cpp.dir/rosidl_typesupport_introspection_cpp/carma_msgs/msg/detail/system_alert__type_support.cpp.o[0m
[8.962s] [ 29%] [32mBuilding C object CMakeFiles/carma_msgs__rosidl_typesupport_introspection_c.dir/rosidl_typesupport_introspection_c/carma_msgs/msg/detail/light_bar_cda_type__type_support.c.o[0m
[9.009s] [ 30%] [32mBuilding CXX object CMakeFiles/carma_msgs__rosidl_typesupport_fastrtps_cpp.dir/rosidl_typesupport_fastrtps_cpp/carma_msgs/msg/detail/dds_fastrtps/ui_instructions__type_support.cpp.o[0m
[9.285s] [ 31%] [32mBuilding C object CMakeFiles/carma_msgs__rosidl_typesupport_introspection_c.dir/rosidl_typesupport_introspection_c/carma_msgs/msg/detail/light_bar_indicator__type_support.c.o[0m
[9.329s] [ 32%] [32mBuilding CXX object CMakeFiles/carma_msgs__rosidl_typesupport_cpp.dir/rosidl_typesupport_cpp/carma_msgs/msg/system_alert__type_support.cpp.o[0m
[9.332s] [ 33%] [32mBuilding CXX object CMakeFiles/carma_msgs__rosidl_typesupport_introspection_cpp.dir/rosidl_typesupport_introspection_cpp/carma_msgs/msg/detail/ui_instructions__type_support.cpp.o[0m
[9.665s] [ 34%] [32mBuilding C object CMakeFiles/carma_msgs__rosidl_typesupport_introspection_c.dir/rosidl_typesupport_introspection_c/carma_msgs/msg/detail/light_bar_indicator_controllers__type_support.c.o[0m
[9.820s] [ 35%] [32mBuilding CXX object CMakeFiles/carma_msgs__rosidl_typesupport_fastrtps_cpp.dir/rosidl_typesupport_fastrtps_cpp/carma_msgs/srv/detail/dds_fastrtps/release_indicator_control__type_support.cpp.o[0m
[10.049s] [ 36%] [32mBuilding C object CMakeFiles/carma_msgs__rosidl_typesupport_introspection_c.dir/rosidl_typesupport_introspection_c/carma_msgs/msg/detail/system_alert__type_support.c.o[0m
[10.449s] [ 37%] [32mBuilding C object CMakeFiles/carma_msgs__rosidl_typesupport_introspection_c.dir/rosidl_typesupport_introspection_c/carma_msgs/msg/detail/ui_instructions__type_support.c.o[0m
[10.656s] [ 38%] [32mBuilding C object CMakeFiles/carma_msgs__rosidl_typesupport_introspection_c.dir/rosidl_typesupport_introspection_c/carma_msgs/srv/detail/release_indicator_control__type_support.c.o[0m
[10.891s] [ 40%] [32mBuilding CXX object CMakeFiles/carma_msgs__rosidl_typesupport_cpp.dir/rosidl_typesupport_cpp/carma_msgs/msg/ui_instructions__type_support.cpp.o[0m
[11.011s] [ 41%] [32mBuilding CXX object CMakeFiles/carma_msgs__rosidl_typesupport_cpp.dir/rosidl_typesupport_cpp/carma_msgs/srv/release_indicator_control__type_support.cpp.o[0m
[11.029s] [35m[1mScanning dependencies of target carma_msgs__rosidl_typesupport_c[0m
[11.164s] [ 42%] [32mBuilding C object CMakeFiles/carma_msgs__rosidl_typesupport_introspection_c.dir/rosidl_typesupport_introspection_c/carma_msgs/srv/detail/request_indicator_control__type_support.c.o[0m
[11.215s] [ 43%] [32mBuilding CXX object CMakeFiles/carma_msgs__rosidl_typesupport_c.dir/rosidl_typesupport_c/carma_msgs/msg/carla_enabled__type_support.cpp.o[0m
[11.275s] [ 44%] [32mBuilding CXX object CMakeFiles/carma_msgs__rosidl_typesupport_c.dir/rosidl_typesupport_c/carma_msgs/msg/light_bar_cda_type__type_support.cpp.o[0m
[11.521s] [ 45%] [32mBuilding CXX object CMakeFiles/carma_msgs__rosidl_typesupport_introspection_cpp.dir/rosidl_typesupport_introspection_cpp/carma_msgs/srv/detail/release_indicator_control__type_support.cpp.o[0m
[11.521s] [ 46%] [32mBuilding CXX object CMakeFiles/carma_msgs__rosidl_typesupport_c.dir/rosidl_typesupport_c/carma_msgs/msg/light_bar_indicator__type_support.cpp.o[0m
[11.592s] [ 47%] [32mBuilding CXX object CMakeFiles/carma_msgs__rosidl_typesupport_c.dir/rosidl_typesupport_c/carma_msgs/msg/light_bar_indicator_controllers__type_support.cpp.o[0m
[11.687s] [ 48%] [32mBuilding C object CMakeFiles/carma_msgs__rosidl_typesupport_introspection_c.dir/rosidl_typesupport_introspection_c/carma_msgs/srv/detail/set_traffic_event__type_support.c.o[0m
[11.761s] [ 49%] [32mBuilding CXX object CMakeFiles/carma_msgs__rosidl_typesupport_cpp.dir/rosidl_typesupport_cpp/carma_msgs/srv/request_indicator_control__type_support.cpp.o[0m
[11.871s] [ 50%] [32mBuilding CXX object CMakeFiles/carma_msgs__rosidl_typesupport_c.dir/rosidl_typesupport_c/carma_msgs/msg/system_alert__type_support.cpp.o[0m
[12.146s] [ 51%] [32m[1mLinking C shared library libcarma_msgs__rosidl_typesupport_introspection_c.so[0m
[12.231s] [ 52%] [32mBuilding CXX object CMakeFiles/carma_msgs__rosidl_typesupport_c.dir/rosidl_typesupport_c/carma_msgs/msg/ui_instructions__type_support.cpp.o[0m
[12.270s] [ 53%] [32mBuilding CXX object CMakeFiles/carma_msgs__rosidl_typesupport_fastrtps_cpp.dir/rosidl_typesupport_fastrtps_cpp/carma_msgs/srv/detail/dds_fastrtps/request_indicator_control__type_support.cpp.o[0m
[12.565s] [ 54%] Built target carma_msgs__rosidl_typesupport_introspection_c
[12.617s] [ 55%] [32mBuilding CXX object CMakeFiles/carma_msgs__rosidl_typesupport_c.dir/rosidl_typesupport_c/carma_msgs/srv/release_indicator_control__type_support.cpp.o[0m
[12.677s] [ 56%] [32mBuilding CXX object CMakeFiles/carma_msgs__rosidl_typesupport_cpp.dir/rosidl_typesupport_cpp/carma_msgs/srv/set_traffic_event__type_support.cpp.o[0m
[12.934s] [ 57%] [32mBuilding CXX object CMakeFiles/carma_msgs__rosidl_typesupport_c.dir/rosidl_typesupport_c/carma_msgs/srv/request_indicator_control__type_support.cpp.o[0m
[13.305s] [ 58%] [32mBuilding CXX object CMakeFiles/carma_msgs__rosidl_typesupport_c.dir/rosidl_typesupport_c/carma_msgs/srv/set_traffic_event__type_support.cpp.o[0m
[13.388s] [ 60%] [32mBuilding CXX object CMakeFiles/carma_msgs__rosidl_typesupport_fastrtps_cpp.dir/rosidl_typesupport_fastrtps_cpp/carma_msgs/srv/detail/dds_fastrtps/set_traffic_event__type_support.cpp.o[0m
[13.499s] [ 61%] [32mBuilding CXX object CMakeFiles/carma_msgs__rosidl_typesupport_introspection_cpp.dir/rosidl_typesupport_introspection_cpp/carma_msgs/srv/detail/request_indicator_control__type_support.cpp.o[0m
[13.651s] [ 62%] [32m[1mLinking CXX shared library libcarma_msgs__rosidl_typesupport_c.so[0m
[13.904s] [ 63%] [32mBuilding CXX object CMakeFiles/carma_msgs__rosidl_typesupport_introspection_cpp.dir/rosidl_typesupport_introspection_cpp/carma_msgs/srv/detail/set_traffic_event__type_support.cpp.o[0m
[14.056s] [ 64%] Built target carma_msgs__rosidl_typesupport_c
[15.229s] [ 65%] [32m[1mLinking CXX shared library libcarma_msgs__rosidl_typesupport_cpp.so[0m
[15.657s] [ 66%] Built target carma_msgs__rosidl_typesupport_cpp
[16.965s] [ 67%] [32m[1mLinking CXX shared library libcarma_msgs__rosidl_typesupport_introspection_cpp.so[0m
[17.397s] [ 68%] [32m[1mLinking CXX shared library libcarma_msgs__rosidl_typesupport_fastrtps_cpp.so[0m
[17.478s] [ 69%] Built target carma_msgs__rosidl_typesupport_introspection_cpp
[17.851s] [ 70%] Built target carma_msgs__rosidl_typesupport_fastrtps_cpp
[17.948s] [35m[1mScanning dependencies of target carma_msgs__rosidl_typesupport_fastrtps_c[0m
[18.127s] [ 71%] [32mBuilding CXX object CMakeFiles/carma_msgs__rosidl_typesupport_fastrtps_c.dir/rosidl_typesupport_fastrtps_c/carma_msgs/msg/detail/light_bar_indicator__type_support_c.cpp.o[0m
[18.129s] [ 72%] [32mBuilding CXX object CMakeFiles/carma_msgs__rosidl_typesupport_fastrtps_c.dir/rosidl_typesupport_fastrtps_c/carma_msgs/msg/detail/light_bar_cda_type__type_support_c.cpp.o[0m
[18.131s] [ 73%] [32mBuilding CXX object CMakeFiles/carma_msgs__rosidl_typesupport_fastrtps_c.dir/rosidl_typesupport_fastrtps_c/carma_msgs/msg/detail/carla_enabled__type_support_c.cpp.o[0m
[18.168s] [ 74%] [32mBuilding CXX object CMakeFiles/carma_msgs__rosidl_typesupport_fastrtps_c.dir/rosidl_typesupport_fastrtps_c/carma_msgs/msg/detail/system_alert__type_support_c.cpp.o[0m
[18.168s] [ 75%] [32mBuilding CXX object CMakeFiles/carma_msgs__rosidl_typesupport_fastrtps_c.dir/rosidl_typesupport_fastrtps_c/carma_msgs/msg/detail/ui_instructions__type_support_c.cpp.o[0m
[18.189s] [ 76%] [32mBuilding CXX object CMakeFiles/carma_msgs__rosidl_typesupport_fastrtps_c.dir/rosidl_typesupport_fastrtps_c/carma_msgs/msg/detail/light_bar_indicator_controllers__type_support_c.cpp.o[0m
[18.197s] [ 77%] [32mBuilding CXX object CMakeFiles/carma_msgs__rosidl_typesupport_fastrtps_c.dir/rosidl_typesupport_fastrtps_c/carma_msgs/srv/detail/request_indicator_control__type_support_c.cpp.o[0m
[18.228s] [ 78%] [32mBuilding CXX object CMakeFiles/carma_msgs__rosidl_typesupport_fastrtps_c.dir/rosidl_typesupport_fastrtps_c/carma_msgs/srv/detail/release_indicator_control__type_support_c.cpp.o[0m
[20.379s] [ 80%] [32mBuilding CXX object CMakeFiles/carma_msgs__rosidl_typesupport_fastrtps_c.dir/rosidl_typesupport_fastrtps_c/carma_msgs/srv/detail/set_traffic_event__type_support_c.cpp.o[0m
[22.223s] [ 81%] [32m[1mLinking CXX shared library libcarma_msgs__rosidl_typesupport_fastrtps_c.so[0m
[22.414s] [ 82%] Built target carma_msgs__rosidl_typesupport_fastrtps_c
[22.472s] [ 82%] Built target carma_msgs
[22.551s] [ 83%] Built target carma_msgs__py
[22.578s] [35m[1mScanning dependencies of target carma_msgs__python[0m
[22.661s] [ 84%] [32mBuilding C object CMakeFiles/carma_msgs__python.dir/rosidl_generator_py/carma_msgs/msg/_light_bar_cda_type_s.c.o[0m
[22.666s] [ 85%] [32mBuilding C object CMakeFiles/carma_msgs__python.dir/rosidl_generator_py/carma_msgs/msg/_carla_enabled_s.c.o[0m
[22.670s] [ 86%] [32mBuilding C object CMakeFiles/carma_msgs__python.dir/rosidl_generator_py/carma_msgs/msg/_light_bar_indicator_controllers_s.c.o[0m
[22.672s] [ 87%] [32mBuilding C object CMakeFiles/carma_msgs__python.dir/rosidl_generator_py/carma_msgs/msg/_light_bar_indicator_s.c.o[0m
[23.001s] [ 88%] [32mBuilding C object CMakeFiles/carma_msgs__python.dir/rosidl_generator_py/carma_msgs/srv/_request_indicator_control_s.c.o[0m
[23.003s] [ 89%] [32mBuilding C object CMakeFiles/carma_msgs__python.dir/rosidl_generator_py/carma_msgs/srv/_set_traffic_event_s.c.o[0m
[23.032s] [ 90%] [32mBuilding C object CMakeFiles/carma_msgs__python.dir/rosidl_generator_py/carma_msgs/srv/_release_indicator_control_s.c.o[0m
[23.191s] [ 91%] [32mBuilding C object CMakeFiles/carma_msgs__python.dir/rosidl_generator_py/carma_msgs/msg/_ui_instructions_s.c.o[0m
[23.496s] [ 92%] [32mBuilding C object CMakeFiles/carma_msgs__python.dir/rosidl_generator_py/carma_msgs/msg/_system_alert_s.c.o[0m
[23.917s] [ 93%] [32m[1mLinking C shared library rosidl_generator_py/carma_msgs/libcarma_msgs__python.so[0m
[24.010s] [ 93%] Built target carma_msgs__python
[24.036s] [35m[1mScanning dependencies of target carma_msgs__rosidl_typesupport_c__pyext[0m
[24.038s] [35m[1mScanning dependencies of target carma_msgs__rosidl_typesupport_introspection_c__pyext[0m
[24.039s] [35m[1mScanning dependencies of target carma_msgs__rosidl_typesupport_fastrtps_c__pyext[0m
[24.078s] [ 94%] [32mBuilding C object CMakeFiles/carma_msgs__rosidl_typesupport_introspection_c__pyext.dir/rosidl_generator_py/carma_msgs/_carma_msgs_s.ep.rosidl_typesupport_introspection_c.c.o[0m
[24.081s] [ 95%] [32mBuilding C object CMakeFiles/carma_msgs__rosidl_typesupport_c__pyext.dir/rosidl_generator_py/carma_msgs/_carma_msgs_s.ep.rosidl_typesupport_c.c.o[0m
[24.081s] [ 96%] [32mBuilding C object CMakeFiles/carma_msgs__rosidl_typesupport_fastrtps_c__pyext.dir/rosidl_generator_py/carma_msgs/_carma_msgs_s.ep.rosidl_typesupport_fastrtps_c.c.o[0m
[24.834s] [ 97%] [32m[1mLinking C shared library rosidl_generator_py/carma_msgs/carma_msgs_s__rosidl_typesupport_introspection_c.cpython-38-x86_64-linux-gnu.so[0m
[24.903s] [ 98%] [32m[1mLinking C shared library rosidl_generator_py/carma_msgs/carma_msgs_s__rosidl_typesupport_c.cpython-38-x86_64-linux-gnu.so[0m
[24.907s] [100%] [32m[1mLinking CXX shared library rosidl_generator_py/carma_msgs/carma_msgs_s__rosidl_typesupport_fastrtps_c.cpython-38-x86_64-linux-gnu.so[0m
[25.109s] [100%] Built target carma_msgs__rosidl_typesupport_introspection_c__pyext
[25.120s] [100%] Built target carma_msgs__rosidl_typesupport_c__pyext
[25.272s] [100%] Built target carma_msgs__rosidl_typesupport_fastrtps_c__pyext
[25.318s] Invoked command in '/home/mmitss/Documents/cda-mmitss/other/build/carma_msgs' returned '0': CMAKE_PREFIX_PATH=/home/mmitss/Documents/cda-mmitss/other/install/carma_cmake_common:/home/mmitss/Documents/cda-mmitss/other/install/carma_debug_ros2_msgs:/home/mmitss/Documents/cda-mmitss/other/install/carma_planning_msgs:/home/mmitss/Documents/cda-mmitss/other/install/carma_v2x_msgs:/home/mmitss/Documents/cda-mmitss/other/install/j3224_v2x_msgs:/home/mmitss/Documents/cda-mmitss/other/install/j2735_v2x_msgs:/home/mmitss/Documents/cda-mmitss/other/install/carma_perception_msgs:/home/mmitss/Documents/cda-mmitss/other/install/carma_driver_msgs:/home/mmitss/Documents/cda-mmitss/other/install/carma_msgs:/home/mmitss/Documents/cda-mmitss/other/install/carma_localization_msgs:/home/mmitss/Documents/cda-mmitss/other/install/can_msgs:/opt/ros/foxy CONDA_PROMPT_MODIFIER=(base) /usr/bin/cmake --build /home/mmitss/Documents/cda-mmitss/other/build/carma_msgs -- -j8 -l8
[28.343s] Invoking command in '/home/mmitss/Documents/cda-mmitss/other/build/carma_msgs': CMAKE_PREFIX_PATH=/home/mmitss/Documents/cda-mmitss/other/install/carma_cmake_common:/home/mmitss/Documents/cda-mmitss/other/install/carma_debug_ros2_msgs:/home/mmitss/Documents/cda-mmitss/other/install/carma_planning_msgs:/home/mmitss/Documents/cda-mmitss/other/install/carma_v2x_msgs:/home/mmitss/Documents/cda-mmitss/other/install/j3224_v2x_msgs:/home/mmitss/Documents/cda-mmitss/other/install/j2735_v2x_msgs:/home/mmitss/Documents/cda-mmitss/other/install/carma_perception_msgs:/home/mmitss/Documents/cda-mmitss/other/install/carma_driver_msgs:/home/mmitss/Documents/cda-mmitss/other/install/carma_msgs:/home/mmitss/Documents/cda-mmitss/other/install/carma_localization_msgs:/home/mmitss/Documents/cda-mmitss/other/install/can_msgs:/opt/ros/foxy CONDA_PROMPT_MODIFIER=(base) /usr/bin/cmake --install /home/mmitss/Documents/cda-mmitss/other/build/carma_msgs
[28.403s] -- Install configuration: "Release"
[28.405s] -- Up-to-date: /home/mmitss/Documents/cda-mmitss/other/install/carma_msgs/share/ament_index/resource_index/rosidl_interfaces/carma_msgs
[28.406s] -- Up-to-date: /home/mmitss/Documents/cda-mmitss/other/install/carma_msgs/include/carma_msgs
[28.409s] -- Up-to-date: /home/mmitss/Documents/cda-mmitss/other/install/carma_msgs/include/carma_msgs/srv
[28.410s] -- Up-to-date: /home/mmitss/Documents/cda-mmitss/other/install/carma_msgs/include/carma_msgs/srv/release_indicator_control.h
[28.411s] -- Up-to-date: /home/mmitss/Documents/cda-mmitss/other/install/carma_msgs/include/carma_msgs/srv/set_traffic_event.h
[28.412s] -- Up-to-date: /home/mmitss/Documents/cda-mmitss/other/install/carma_msgs/include/carma_msgs/srv/detail
[28.413s] -- Up-to-date: /home/mmitss/Documents/cda-mmitss/other/install/carma_msgs/include/carma_msgs/srv/detail/request_indicator_control__type_support.h
[28.413s] -- Up-to-date: /home/mmitss/Documents/cda-mmitss/other/install/carma_msgs/include/carma_msgs/srv/detail/set_traffic_event__functions.h
[28.414s] -- Up-to-date: /home/mmitss/Documents/cda-mmitss/other/install/carma_msgs/include/carma_msgs/srv/detail/release_indicator_control__type_support.h
[28.415s] -- Up-to-date: /home/mmitss/Documents/cda-mmitss/other/install/carma_msgs/include/carma_msgs/srv/detail/request_indicator_control__functions.c
[28.415s] -- Up-to-date: /home/mmitss/Documents/cda-mmitss/other/install/carma_msgs/include/carma_msgs/srv/detail/set_traffic_event__functions.c
[28.416s] -- Up-to-date: /home/mmitss/Documents/cda-mmitss/other/install/carma_msgs/include/carma_msgs/srv/detail/request_indicator_control__functions.h
[28.417s] -- Up-to-date: /home/mmitss/Documents/cda-mmitss/other/install/carma_msgs/include/carma_msgs/srv/detail/set_traffic_event__struct.h
[28.417s] -- Up-to-date: /home/mmitss/Documents/cda-mmitss/other/install/carma_msgs/include/carma_msgs/srv/detail/release_indicator_control__functions.c
[28.418s] -- Up-to-date: /home/mmitss/Documents/cda-mmitss/other/install/carma_msgs/include/carma_msgs/srv/detail/release_indicator_control__functions.h
[28.419s] -- Up-to-date: /home/mmitss/Documents/cda-mmitss/other/install/carma_msgs/include/carma_msgs/srv/detail/request_indicator_control__struct.h
[28.419s] -- Up-to-date: /home/mmitss/Documents/cda-mmitss/other/install/carma_msgs/include/carma_msgs/srv/detail/set_traffic_event__type_support.h
[28.420s] -- Up-to-date: /home/mmitss/Documents/cda-mmitss/other/install/carma_msgs/include/carma_msgs/srv/detail/release_indicator_control__struct.h
[28.420s] -- Up-to-date: /home/mmitss/Documents/cda-mmitss/other/install/carma_msgs/include/carma_msgs/srv/request_indicator_control.h
[28.421s] -- Up-to-date: /home/mmitss/Documents/cda-mmitss/other/install/carma_msgs/include/carma_msgs/msg
[28.425s] -- Up-to-date: /home/mmitss/Documents/cda-mmitss/other/install/carma_msgs/include/carma_msgs/msg/rosidl_generator_c__visibility_control.h
[28.425s] -- Up-to-date: /home/mmitss/Documents/cda-mmitss/other/install/carma_msgs/include/carma_msgs/msg/system_alert.h
[28.426s] -- Up-to-date: /home/mmitss/Documents/cda-mmitss/other/install/carma_msgs/include/carma_msgs/msg/ui_instructions.h
[28.426s] -- Up-to-date: /home/mmitss/Documents/cda-mmitss/other/install/carma_msgs/include/carma_msgs/msg/light_bar_cda_type.h
[28.427s] -- Up-to-date: /home/mmitss/Documents/cda-mmitss/other/install/carma_msgs/include/carma_msgs/msg/carla_enabled.h
[28.427s] -- Up-to-date: /home/mmitss/Documents/cda-mmitss/other/install/carma_msgs/include/carma_msgs/msg/light_bar_indicator_controllers.h
[28.428s] -- Up-to-date: /home/mmitss/Documents/cda-mmitss/other/install/carma_msgs/include/carma_msgs/msg/light_bar_indicator.h
[28.428s] -- Up-to-date: /home/mmitss/Documents/cda-mmitss/other/install/carma_msgs/include/carma_msgs/msg/detail
[28.429s] -- Up-to-date: /home/mmitss/Documents/cda-mmitss/other/install/carma_msgs/include/carma_msgs/msg/detail/carla_enabled__functions.c
[28.430s] -- Up-to-date: /home/mmitss/Documents/cda-mmitss/other/install/carma_msgs/include/carma_msgs/msg/detail/light_bar_indicator__struct.h
[28.430s] -- Up-to-date: /home/mmitss/Documents/cda-mmitss/other/install/carma_msgs/include/carma_msgs/msg/detail/light_bar_indicator_controllers__functions.h
[28.430s] -- Up-to-date: /home/mmitss/Documents/cda-mmitss/other/install/carma_msgs/include/carma_msgs/msg/detail/carla_enabled__type_support.h
[28.431s] -- Up-to-date: /home/mmitss/Documents/cda-mmitss/other/install/carma_msgs/include/carma_msgs/msg/detail/light_bar_cda_type__type_support.h
[28.431s] -- Up-to-date: /home/mmitss/Documents/cda-mmitss/other/install/carma_msgs/include/carma_msgs/msg/detail/light_bar_indicator_controllers__type_support.h
[28.432s] -- Up-to-date: /home/mmitss/Documents/cda-mmitss/other/install/carma_msgs/include/carma_msgs/msg/detail/ui_instructions__type_support.h
[28.432s] -- Up-to-date: /home/mmitss/Documents/cda-mmitss/other/install/carma_msgs/include/carma_msgs/msg/detail/light_bar_indicator_controllers__struct.h
[28.433s] -- Up-to-date: /home/mmitss/Documents/cda-mmitss/other/install/carma_msgs/include/carma_msgs/msg/detail/ui_instructions__struct.h
[28.433s] -- Up-to-date: /home/mmitss/Documents/cda-mmitss/other/install/carma_msgs/include/carma_msgs/msg/detail/ui_instructions__functions.h
[28.433s] -- Up-to-date: /home/mmitss/Documents/cda-mmitss/other/install/carma_msgs/include/carma_msgs/msg/detail/ui_instructions__functions.c
[28.433s] -- Up-to-date: /home/mmitss/Documents/cda-mmitss/other/install/carma_msgs/include/carma_msgs/msg/detail/light_bar_cda_type__functions.h
[28.434s] -- Up-to-date: /home/mmitss/Documents/cda-mmitss/other/install/carma_msgs/include/carma_msgs/msg/detail/system_alert__struct.h
[28.434s] -- Up-to-date: /home/mmitss/Documents/cda-mmitss/other/install/carma_msgs/include/carma_msgs/msg/detail/light_bar_cda_type__functions.c
[28.434s] -- Up-to-date: /home/mmitss/Documents/cda-mmitss/other/install/carma_msgs/include/carma_msgs/msg/detail/carla_enabled__struct.h
[28.434s] -- Up-to-date: /home/mmitss/Documents/cda-mmitss/other/install/carma_msgs/include/carma_msgs/msg/detail/light_bar_cda_type__struct.h
[28.434s] -- Up-to-date: /home/mmitss/Documents/cda-mmitss/other/install/carma_msgs/include/carma_msgs/msg/detail/system_alert__type_support.h
[28.435s] -- Up-to-date: /home/mmitss/Documents/cda-mmitss/other/install/carma_msgs/include/carma_msgs/msg/detail/light_bar_indicator__type_support.h
[28.435s] -- Up-to-date: /home/mmitss/Documents/cda-mmitss/other/install/carma_msgs/include/carma_msgs/msg/detail/system_alert__functions.h
[28.435s] -- Up-to-date: /home/mmitss/Documents/cda-mmitss/other/install/carma_msgs/include/carma_msgs/msg/detail/light_bar_indicator__functions.c
[28.435s] -- Up-to-date: /home/mmitss/Documents/cda-mmitss/other/install/carma_msgs/include/carma_msgs/msg/detail/carla_enabled__functions.h
[28.435s] -- Up-to-date: /home/mmitss/Documents/cda-mmitss/other/install/carma_msgs/include/carma_msgs/msg/detail/system_alert__functions.c
[28.435s] -- Up-to-date: /home/mmitss/Documents/cda-mmitss/other/install/carma_msgs/include/carma_msgs/msg/detail/light_bar_indicator_controllers__functions.c
[28.436s] -- Up-to-date: /home/mmitss/Documents/cda-mmitss/other/install/carma_msgs/include/carma_msgs/msg/detail/light_bar_indicator__functions.h
[28.436s] -- Installing: /home/mmitss/Documents/cda-mmitss/other/install/carma_msgs/share/carma_msgs/environment/library_path.sh
[28.436s] -- Installing: /home/mmitss/Documents/cda-mmitss/other/install/carma_msgs/share/carma_msgs/environment/library_path.dsv
[28.438s] -- Installing: /home/mmitss/Documents/cda-mmitss/other/install/carma_msgs/lib/libcarma_msgs__rosidl_generator_c.so
[28.439s] -- Set runtime path of "/home/mmitss/Documents/cda-mmitss/other/install/carma_msgs/lib/libcarma_msgs__rosidl_generator_c.so" to ""
[28.440s] -- Up-to-date: /home/mmitss/Documents/cda-mmitss/other/install/carma_msgs/include/carma_msgs
[28.440s] -- Up-to-date: /home/mmitss/Documents/cda-mmitss/other/install/carma_msgs/include/carma_msgs/srv
[28.440s] -- Up-to-date: /home/mmitss/Documents/cda-mmitss/other/install/carma_msgs/include/carma_msgs/srv/detail
[28.440s] -- Up-to-date: /home/mmitss/Documents/cda-mmitss/other/install/carma_msgs/include/carma_msgs/srv/detail/release_indicator_control__rosidl_typesupport_fastrtps_c.h
[28.440s] -- Up-to-date: /home/mmitss/Documents/cda-mmitss/other/install/carma_msgs/include/carma_msgs/srv/detail/set_traffic_event__rosidl_typesupport_fastrtps_c.h
[28.440s] -- Up-to-date: /home/mmitss/Documents/cda-mmitss/other/install/carma_msgs/include/carma_msgs/srv/detail/request_indicator_control__rosidl_typesupport_fastrtps_c.h
[28.441s] -- Up-to-date: /home/mmitss/Documents/cda-mmitss/other/install/carma_msgs/include/carma_msgs/msg
[28.442s] -- Up-to-date: /home/mmitss/Documents/cda-mmitss/other/install/carma_msgs/include/carma_msgs/msg/rosidl_typesupport_fastrtps_c__visibility_control.h
[28.442s] -- Up-to-date: /home/mmitss/Documents/cda-mmitss/other/install/carma_msgs/include/carma_msgs/msg/detail
[28.443s] -- Up-to-date: /home/mmitss/Documents/cda-mmitss/other/install/carma_msgs/include/carma_msgs/msg/detail/carla_enabled__rosidl_typesupport_fastrtps_c.h
[28.443s] -- Up-to-date: /home/mmitss/Documents/cda-mmitss/other/install/carma_msgs/include/carma_msgs/msg/detail/system_alert__rosidl_typesupport_fastrtps_c.h
[28.451s] -- Up-to-date: /home/mmitss/Documents/cda-mmitss/other/install/carma_msgs/include/carma_msgs/msg/detail/light_bar_indicator_controllers__rosidl_typesupport_fastrtps_c.h
[28.452s] -- Up-to-date: /home/mmitss/Documents/cda-mmitss/other/install/carma_msgs/include/carma_msgs/msg/detail/light_bar_cda_type__rosidl_typesupport_fastrtps_c.h
[28.458s] -- Up-to-date: /home/mmitss/Documents/cda-mmitss/other/install/carma_msgs/include/carma_msgs/msg/detail/ui_instructions__rosidl_typesupport_fastrtps_c.h
[28.459s] -- Up-to-date: /home/mmitss/Documents/cda-mmitss/other/install/carma_msgs/include/carma_msgs/msg/detail/light_bar_indicator__rosidl_typesupport_fastrtps_c.h
[28.459s] -- Installing: /home/mmitss/Documents/cda-mmitss/other/install/carma_msgs/lib/libcarma_msgs__rosidl_typesupport_fastrtps_c.so
[28.459s] -- Set runtime path of "/home/mmitss/Documents/cda-mmitss/other/install/carma_msgs/lib/libcarma_msgs__rosidl_typesupport_fastrtps_c.so" to ""
[28.460s] -- Up-to-date: /home/mmitss/Documents/cda-mmitss/other/install/carma_msgs/include/carma_msgs
[28.460s] -- Up-to-date: /home/mmitss/Documents/cda-mmitss/other/install/carma_msgs/include/carma_msgs/srv
[28.460s] -- Up-to-date: /home/mmitss/Documents/cda-mmitss/other/install/carma_msgs/include/carma_msgs/srv/detail
[28.460s] -- Up-to-date: /home/mmitss/Documents/cda-mmitss/other/install/carma_msgs/include/carma_msgs/srv/detail/release_indicator_control__rosidl_typesupport_fastrtps_cpp.hpp
[28.461s] -- Up-to-date: /home/mmitss/Documents/cda-mmitss/other/install/carma_msgs/include/carma_msgs/srv/detail/request_indicator_control__rosidl_typesupport_fastrtps_cpp.hpp
[28.462s] -- Up-to-date: /home/mmitss/Documents/cda-mmitss/other/install/carma_msgs/include/carma_msgs/srv/detail/set_traffic_event__rosidl_typesupport_fastrtps_cpp.hpp
[28.462s] -- Up-to-date: /home/mmitss/Documents/cda-mmitss/other/install/carma_msgs/include/carma_msgs/srv/detail/dds_fastrtps
[28.463s] -- Up-to-date: /home/mmitss/Documents/cda-mmitss/other/install/carma_msgs/include/carma_msgs/msg
[28.463s] -- Up-to-date: /home/mmitss/Documents/cda-mmitss/other/install/carma_msgs/include/carma_msgs/msg/rosidl_typesupport_fastrtps_cpp__visibility_control.h
[28.463s] -- Up-to-date: /home/mmitss/Documents/cda-mmitss/other/install/carma_msgs/include/carma_msgs/msg/detail
[28.464s] -- Up-to-date: /home/mmitss/Documents/cda-mmitss/other/install/carma_msgs/include/carma_msgs/msg/detail/light_bar_indicator__rosidl_typesupport_fastrtps_cpp.hpp
[28.464s] -- Up-to-date: /home/mmitss/Documents/cda-mmitss/other/install/carma_msgs/include/carma_msgs/msg/detail/light_bar_indicator_controllers__rosidl_typesupport_fastrtps_cpp.hpp
[28.464s] -- Up-to-date: /home/mmitss/Documents/cda-mmitss/other/install/carma_msgs/include/carma_msgs/msg/detail/light_bar_cda_type__rosidl_typesupport_fastrtps_cpp.hpp
[28.465s] -- Up-to-date: /home/mmitss/Documents/cda-mmitss/other/install/carma_msgs/include/carma_msgs/msg/detail/ui_instructions__rosidl_typesupport_fastrtps_cpp.hpp
[28.478s] -- Up-to-date: /home/mmitss/Documents/cda-mmitss/other/install/carma_msgs/include/carma_msgs/msg/detail/system_alert__rosidl_typesupport_fastrtps_cpp.hpp
[28.479s] -- Up-to-date: /home/mmitss/Documents/cda-mmitss/other/install/carma_msgs/include/carma_msgs/msg/detail/carla_enabled__rosidl_typesupport_fastrtps_cpp.hpp
[28.479s] -- Up-to-date: /home/mmitss/Documents/cda-mmitss/other/install/carma_msgs/include/carma_msgs/msg/detail/dds_fastrtps
[28.479s] -- Installing: /home/mmitss/Documents/cda-mmitss/other/install/carma_msgs/lib/libcarma_msgs__rosidl_typesupport_fastrtps_cpp.so
[28.480s] -- Set runtime path of "/home/mmitss/Documents/cda-mmitss/other/install/carma_msgs/lib/libcarma_msgs__rosidl_typesupport_fastrtps_cpp.so" to ""
[28.480s] -- Up-to-date: /home/mmitss/Documents/cda-mmitss/other/install/carma_msgs/include/carma_msgs
[28.480s] -- Up-to-date: /home/mmitss/Documents/cda-mmitss/other/install/carma_msgs/include/carma_msgs/srv
[28.480s] -- Up-to-date: /home/mmitss/Documents/cda-mmitss/other/install/carma_msgs/include/carma_msgs/srv/detail
[28.480s] -- Up-to-date: /home/mmitss/Documents/cda-mmitss/other/install/carma_msgs/include/carma_msgs/srv/detail/set_traffic_event__rosidl_typesupport_introspection_c.h
[28.481s] -- Up-to-date: /home/mmitss/Documents/cda-mmitss/other/install/carma_msgs/include/carma_msgs/srv/detail/set_traffic_event__type_support.c
[28.481s] -- Up-to-date: /home/mmitss/Documents/cda-mmitss/other/install/carma_msgs/include/carma_msgs/srv/detail/request_indicator_control__type_support.c
[28.481s] -- Up-to-date: /home/mmitss/Documents/cda-mmitss/other/install/carma_msgs/include/carma_msgs/srv/detail/request_indicator_control__rosidl_typesupport_introspection_c.h
[28.481s] -- Up-to-date: /home/mmitss/Documents/cda-mmitss/other/install/carma_msgs/include/carma_msgs/srv/detail/release_indicator_control__type_support.c
[28.481s] -- Up-to-date: /home/mmitss/Documents/cda-mmitss/other/install/carma_msgs/include/carma_msgs/srv/detail/release_indicator_control__rosidl_typesupport_introspection_c.h
[28.482s] -- Up-to-date: /home/mmitss/Documents/cda-mmitss/other/install/carma_msgs/include/carma_msgs/msg
[28.482s] -- Up-to-date: /home/mmitss/Documents/cda-mmitss/other/install/carma_msgs/include/carma_msgs/msg/rosidl_typesupport_introspection_c__visibility_control.h
[28.483s] -- Up-to-date: /home/mmitss/Documents/cda-mmitss/other/install/carma_msgs/include/carma_msgs/msg/detail
[28.483s] -- Up-to-date: /home/mmitss/Documents/cda-mmitss/other/install/carma_msgs/include/carma_msgs/msg/detail/carla_enabled__type_support.c
[28.483s] -- Up-to-date: /home/mmitss/Documents/cda-mmitss/other/install/carma_msgs/include/carma_msgs/msg/detail/ui_instructions__type_support.c
[28.483s] -- Up-to-date: /home/mmitss/Documents/cda-mmitss/other/install/carma_msgs/include/carma_msgs/msg/detail/light_bar_indicator_controllers__type_support.c
[28.484s] -- Up-to-date: /home/mmitss/Documents/cda-mmitss/other/install/carma_msgs/include/carma_msgs/msg/detail/ui_instructions__rosidl_typesupport_introspection_c.h
[28.484s] -- Up-to-date: /home/mmitss/Documents/cda-mmitss/other/install/carma_msgs/include/carma_msgs/msg/detail/system_alert__type_support.c
[28.484s] -- Up-to-date: /home/mmitss/Documents/cda-mmitss/other/install/carma_msgs/include/carma_msgs/msg/detail/light_bar_cda_type__rosidl_typesupport_introspection_c.h
[28.484s] -- Up-to-date: /home/mmitss/Documents/cda-mmitss/other/install/carma_msgs/include/carma_msgs/msg/detail/light_bar_indicator_controllers__rosidl_typesupport_introspection_c.h
[28.484s] -- Up-to-date: /home/mmitss/Documents/cda-mmitss/other/install/carma_msgs/include/carma_msgs/msg/detail/carla_enabled__rosidl_typesupport_introspection_c.h
[28.484s] -- Up-to-date: /home/mmitss/Documents/cda-mmitss/other/install/carma_msgs/include/carma_msgs/msg/detail/light_bar_cda_type__type_support.c
[28.485s] -- Up-to-date: /home/mmitss/Documents/cda-mmitss/other/install/carma_msgs/include/carma_msgs/msg/detail/system_alert__rosidl_typesupport_introspection_c.h
[28.485s] -- Up-to-date: /home/mmitss/Documents/cda-mmitss/other/install/carma_msgs/include/carma_msgs/msg/detail/light_bar_indicator__rosidl_typesupport_introspection_c.h
[28.485s] -- Up-to-date: /home/mmitss/Documents/cda-mmitss/other/install/carma_msgs/include/carma_msgs/msg/detail/light_bar_indicator__type_support.c
[28.485s] -- Installing: /home/mmitss/Documents/cda-mmitss/other/install/carma_msgs/lib/libcarma_msgs__rosidl_typesupport_introspection_c.so
[28.485s] -- Set runtime path of "/home/mmitss/Documents/cda-mmitss/other/install/carma_msgs/lib/libcarma_msgs__rosidl_typesupport_introspection_c.so" to ""
[28.485s] -- Installing: /home/mmitss/Documents/cda-mmitss/other/install/carma_msgs/lib/libcarma_msgs__rosidl_typesupport_c.so
[28.485s] -- Set runtime path of "/home/mmitss/Documents/cda-mmitss/other/install/carma_msgs/lib/libcarma_msgs__rosidl_typesupport_c.so" to ""
[28.486s] -- Up-to-date: /home/mmitss/Documents/cda-mmitss/other/install/carma_msgs/include/carma_msgs
[28.486s] -- Up-to-date: /home/mmitss/Documents/cda-mmitss/other/install/carma_msgs/include/carma_msgs/srv
[28.486s] -- Up-to-date: /home/mmitss/Documents/cda-mmitss/other/install/carma_msgs/include/carma_msgs/srv/release_indicator_control.hpp
[28.486s] -- Up-to-date: /home/mmitss/Documents/cda-mmitss/other/install/carma_msgs/include/carma_msgs/srv/set_traffic_event.hpp
[28.486s] -- Up-to-date: /home/mmitss/Documents/cda-mmitss/other/install/carma_msgs/include/carma_msgs/srv/request_indicator_control.hpp
[28.486s] -- Up-to-date: /home/mmitss/Documents/cda-mmitss/other/install/carma_msgs/include/carma_msgs/srv/detail
[28.487s] -- Up-to-date: /home/mmitss/Documents/cda-mmitss/other/install/carma_msgs/include/carma_msgs/srv/detail/set_traffic_event__struct.hpp
[28.487s] -- Up-to-date: /home/mmitss/Documents/cda-mmitss/other/install/carma_msgs/include/carma_msgs/srv/detail/request_indicator_control__type_support.hpp
[28.487s] -- Up-to-date: /home/mmitss/Documents/cda-mmitss/other/install/carma_msgs/include/carma_msgs/srv/detail/set_traffic_event__type_support.hpp
[28.487s] -- Up-to-date: /home/mmitss/Documents/cda-mmitss/other/install/carma_msgs/include/carma_msgs/srv/detail/request_indicator_control__struct.hpp
[28.487s] -- Up-to-date: /home/mmitss/Documents/cda-mmitss/other/install/carma_msgs/include/carma_msgs/srv/detail/set_traffic_event__traits.hpp
[28.487s] -- Up-to-date: /home/mmitss/Documents/cda-mmitss/other/install/carma_msgs/include/carma_msgs/srv/detail/set_traffic_event__builder.hpp
[28.488s] -- Up-to-date: /home/mmitss/Documents/cda-mmitss/other/install/carma_msgs/include/carma_msgs/srv/detail/request_indicator_control__builder.hpp
[28.488s] -- Up-to-date: /home/mmitss/Documents/cda-mmitss/other/install/carma_msgs/include/carma_msgs/srv/detail/release_indicator_control__traits.hpp
[28.488s] -- Up-to-date: /home/mmitss/Documents/cda-mmitss/other/install/carma_msgs/include/carma_msgs/srv/detail/request_indicator_control__traits.hpp
[28.488s] -- Up-to-date: /home/mmitss/Documents/cda-mmitss/other/install/carma_msgs/include/carma_msgs/srv/detail/release_indicator_control__builder.hpp
[28.488s] -- Up-to-date: /home/mmitss/Documents/cda-mmitss/other/install/carma_msgs/include/carma_msgs/srv/detail/release_indicator_control__struct.hpp
[28.488s] -- Up-to-date: /home/mmitss/Documents/cda-mmitss/other/install/carma_msgs/include/carma_msgs/srv/detail/release_indicator_control__type_support.hpp
[28.489s] -- Up-to-date: /home/mmitss/Documents/cda-mmitss/other/install/carma_msgs/include/carma_msgs/msg
[28.489s] -- Up-to-date: /home/mmitss/Documents/cda-mmitss/other/install/carma_msgs/include/carma_msgs/msg/system_alert.hpp
[28.489s] -- Up-to-date: /home/mmitss/Documents/cda-mmitss/other/install/carma_msgs/include/carma_msgs/msg/carla_enabled.hpp
[28.489s] -- Up-to-date: /home/mmitss/Documents/cda-mmitss/other/install/carma_msgs/include/carma_msgs/msg/rosidl_generator_cpp__visibility_control.hpp
[28.489s] -- Up-to-date: /home/mmitss/Documents/cda-mmitss/other/install/carma_msgs/include/carma_msgs/msg/light_bar_indicator.hpp
[28.489s] -- Up-to-date: /home/mmitss/Documents/cda-mmitss/other/install/carma_msgs/include/carma_msgs/msg/light_bar_indicator_controllers.hpp
[28.490s] -- Up-to-date: /home/mmitss/Documents/cda-mmitss/other/install/carma_msgs/include/carma_msgs/msg/ui_instructions.hpp
[28.490s] -- Up-to-date: /home/mmitss/Documents/cda-mmitss/other/install/carma_msgs/include/carma_msgs/msg/light_bar_cda_type.hpp
[28.490s] -- Up-to-date: /home/mmitss/Documents/cda-mmitss/other/install/carma_msgs/include/carma_msgs/msg/detail
[28.490s] -- Up-to-date: /home/mmitss/Documents/cda-mmitss/other/install/carma_msgs/include/carma_msgs/msg/detail/light_bar_cda_type__builder.hpp
[28.490s] -- Up-to-date: /home/mmitss/Documents/cda-mmitss/other/install/carma_msgs/include/carma_msgs/msg/detail/light_bar_cda_type__traits.hpp
[28.493s] -- Up-to-date: /home/mmitss/Documents/cda-mmitss/other/install/carma_msgs/include/carma_msgs/msg/detail/carla_enabled__traits.hpp
[28.493s] -- Up-to-date: /home/mmitss/Documents/cda-mmitss/other/install/carma_msgs/include/carma_msgs/msg/detail/system_alert__struct.hpp
[28.494s] -- Up-to-date: /home/mmitss/Documents/cda-mmitss/other/install/carma_msgs/include/carma_msgs/msg/detail/light_bar_indicator_controllers__type_support.hpp
[28.495s] -- Up-to-date: /home/mmitss/Documents/cda-mmitss/other/install/carma_msgs/include/carma_msgs/msg/detail/light_bar_indicator_controllers__struct.hpp
[28.495s] -- Up-to-date: /home/mmitss/Documents/cda-mmitss/other/install/carma_msgs/include/carma_msgs/msg/detail/carla_enabled__type_support.hpp
[28.496s] -- Up-to-date: /home/mmitss/Documents/cda-mmitss/other/install/carma_msgs/include/carma_msgs/msg/detail/system_alert__type_support.hpp
[28.497s] -- Up-to-date: /home/mmitss/Documents/cda-mmitss/other/install/carma_msgs/include/carma_msgs/msg/detail/light_bar_indicator__struct.hpp
[28.497s] -- Up-to-date: /home/mmitss/Documents/cda-mmitss/other/install/carma_msgs/include/carma_msgs/msg/detail/ui_instructions__type_support.hpp
[28.498s] -- Up-to-date: /home/mmitss/Documents/cda-mmitss/other/install/carma_msgs/include/carma_msgs/msg/detail/ui_instructions__builder.hpp
[28.498s] -- Up-to-date: /home/mmitss/Documents/cda-mmitss/other/install/carma_msgs/include/carma_msgs/msg/detail/ui_instructions__struct.hpp
[28.499s] -- Up-to-date: /home/mmitss/Documents/cda-mmitss/other/install/carma_msgs/include/carma_msgs/msg/detail/carla_enabled__struct.hpp
[28.500s] -- Up-to-date: /home/mmitss/Documents/cda-mmitss/other/install/carma_msgs/include/carma_msgs/msg/detail/light_bar_indicator_controllers__traits.hpp
[28.500s] -- Up-to-date: /home/mmitss/Documents/cda-mmitss/other/install/carma_msgs/include/carma_msgs/msg/detail/light_bar_indicator__builder.hpp
[28.501s] -- Up-to-date: /home/mmitss/Documents/cda-mmitss/other/install/carma_msgs/include/carma_msgs/msg/detail/ui_instructions__traits.hpp
[28.502s] -- Up-to-date: /home/mmitss/Documents/cda-mmitss/other/install/carma_msgs/include/carma_msgs/msg/detail/light_bar_indicator__type_support.hpp
[28.502s] -- Up-to-date: /home/mmitss/Documents/cda-mmitss/other/install/carma_msgs/include/carma_msgs/msg/detail/light_bar_indicator_controllers__builder.hpp
[28.503s] -- Up-to-date: /home/mmitss/Documents/cda-mmitss/other/install/carma_msgs/include/carma_msgs/msg/detail/system_alert__builder.hpp
[28.503s] -- Up-to-date: /home/mmitss/Documents/cda-mmitss/other/install/carma_msgs/include/carma_msgs/msg/detail/carla_enabled__builder.hpp
[28.503s] -- Up-to-date: /home/mmitss/Documents/cda-mmitss/other/install/carma_msgs/include/carma_msgs/msg/detail/system_alert__traits.hpp
[28.504s] -- Up-to-date: /home/mmitss/Documents/cda-mmitss/other/install/carma_msgs/include/carma_msgs/msg/detail/light_bar_cda_type__type_support.hpp
[28.509s] -- Up-to-date: /home/mmitss/Documents/cda-mmitss/other/install/carma_msgs/include/carma_msgs/msg/detail/light_bar_indicator__traits.hpp
[28.510s] -- Up-to-date: /home/mmitss/Documents/cda-mmitss/other/install/carma_msgs/include/carma_msgs/msg/detail/light_bar_cda_type__struct.hpp
[28.510s] -- Up-to-date: /home/mmitss/Documents/cda-mmitss/other/install/carma_msgs/include/carma_msgs
[28.511s] -- Up-to-date: /home/mmitss/Documents/cda-mmitss/other/install/carma_msgs/include/carma_msgs/srv
[28.513s] -- Up-to-date: /home/mmitss/Documents/cda-mmitss/other/install/carma_msgs/include/carma_msgs/srv/detail
[28.514s] -- Up-to-date: /home/mmitss/Documents/cda-mmitss/other/install/carma_msgs/include/carma_msgs/srv/detail/release_indicator_control__type_support.cpp
[28.514s] -- Up-to-date: /home/mmitss/Documents/cda-mmitss/other/install/carma_msgs/include/carma_msgs/srv/detail/set_traffic_event__type_support.cpp
[28.514s] -- Up-to-date: /home/mmitss/Documents/cda-mmitss/other/install/carma_msgs/include/carma_msgs/srv/detail/release_indicator_control__rosidl_typesupport_introspection_cpp.hpp
[28.514s] -- Up-to-date: /home/mmitss/Documents/cda-mmitss/other/install/carma_msgs/include/carma_msgs/srv/detail/request_indicator_control__type_support.cpp
[28.515s] -- Up-to-date: /home/mmitss/Documents/cda-mmitss/other/install/carma_msgs/include/carma_msgs/srv/detail/set_traffic_event__rosidl_typesupport_introspection_cpp.hpp
[28.515s] -- Up-to-date: /home/mmitss/Documents/cda-mmitss/other/install/carma_msgs/include/carma_msgs/srv/detail/request_indicator_control__rosidl_typesupport_introspection_cpp.hpp
[28.515s] -- Up-to-date: /home/mmitss/Documents/cda-mmitss/other/install/carma_msgs/include/carma_msgs/msg
[28.515s] -- Up-to-date: /home/mmitss/Documents/cda-mmitss/other/install/carma_msgs/include/carma_msgs/msg/detail
[28.516s] -- Up-to-date: /home/mmitss/Documents/cda-mmitss/other/install/carma_msgs/include/carma_msgs/msg/detail/light_bar_indicator__type_support.cpp
[28.516s] -- Up-to-date: /home/mmitss/Documents/cda-mmitss/other/install/carma_msgs/include/carma_msgs/msg/detail/system_alert__type_support.cpp
[28.516s] -- Up-to-date: /home/mmitss/Documents/cda-mmitss/other/install/carma_msgs/include/carma_msgs/msg/detail/ui_instructions__rosidl_typesupport_introspection_cpp.hpp
[28.516s] -- Up-to-date: /home/mmitss/Documents/cda-mmitss/other/install/carma_msgs/include/carma_msgs/msg/detail/light_bar_indicator__rosidl_typesupport_introspection_cpp.hpp
[28.517s] -- Up-to-date: /home/mmitss/Documents/cda-mmitss/other/install/carma_msgs/include/carma_msgs/msg/detail/light_bar_cda_type__type_support.cpp
[28.517s] -- Up-to-date: /home/mmitss/Documents/cda-mmitss/other/install/carma_msgs/include/carma_msgs/msg/detail/ui_instructions__type_support.cpp
[28.517s] -- Up-to-date: /home/mmitss/Documents/cda-mmitss/other/install/carma_msgs/include/carma_msgs/msg/detail/carla_enabled__rosidl_typesupport_introspection_cpp.hpp
[28.518s] -- Up-to-date: /home/mmitss/Documents/cda-mmitss/other/install/carma_msgs/include/carma_msgs/msg/detail/light_bar_cda_type__rosidl_typesupport_introspection_cpp.hpp
[28.518s] -- Up-to-date: /home/mmitss/Documents/cda-mmitss/other/install/carma_msgs/include/carma_msgs/msg/detail/light_bar_indicator_controllers__rosidl_typesupport_introspection_cpp.hpp
[28.518s] -- Up-to-date: /home/mmitss/Documents/cda-mmitss/other/install/carma_msgs/include/carma_msgs/msg/detail/light_bar_indicator_controllers__type_support.cpp
[28.518s] -- Up-to-date: /home/mmitss/Documents/cda-mmitss/other/install/carma_msgs/include/carma_msgs/msg/detail/carla_enabled__type_support.cpp
[28.519s] -- Up-to-date: /home/mmitss/Documents/cda-mmitss/other/install/carma_msgs/include/carma_msgs/msg/detail/system_alert__rosidl_typesupport_introspection_cpp.hpp
[28.519s] -- Installing: /home/mmitss/Documents/cda-mmitss/other/install/carma_msgs/lib/libcarma_msgs__rosidl_typesupport_introspection_cpp.so
[28.519s] -- Set runtime path of "/home/mmitss/Documents/cda-mmitss/other/install/carma_msgs/lib/libcarma_msgs__rosidl_typesupport_introspection_cpp.so" to ""
[28.519s] -- Installing: /home/mmitss/Documents/cda-mmitss/other/install/carma_msgs/lib/libcarma_msgs__rosidl_typesupport_cpp.so
[28.520s] -- Set runtime path of "/home/mmitss/Documents/cda-mmitss/other/install/carma_msgs/lib/libcarma_msgs__rosidl_typesupport_cpp.so" to ""
[28.520s] -- Up-to-date: /home/mmitss/Documents/cda-mmitss/other/install/carma_msgs/share/carma_msgs/environment/pythonpath.sh
[28.520s] -- Installing: /home/mmitss/Documents/cda-mmitss/other/install/carma_msgs/share/carma_msgs/environment/pythonpath.dsv
[28.520s] -- Installing: /home/mmitss/Documents/cda-mmitss/other/install/carma_msgs/lib/python3.8/site-packages/carma_msgs/__init__.py
[28.746s] Compiling '/home/mmitss/Documents/cda-mmitss/other/install/carma_msgs/lib/python3.8/site-packages/carma_msgs/__init__.py'...
[28.756s] -- Up-to-date: /home/mmitss/Documents/cda-mmitss/other/install/carma_msgs/lib/python3.8/site-packages/carma_msgs/msg
[28.756s] -- Up-to-date: /home/mmitss/Documents/cda-mmitss/other/install/carma_msgs/lib/python3.8/site-packages/carma_msgs/msg/_carla_enabled_s.c
[28.757s] -- Up-to-date: /home/mmitss/Documents/cda-mmitss/other/install/carma_msgs/lib/python3.8/site-packages/carma_msgs/msg/_light_bar_indicator_controllers.py
[28.757s] -- Up-to-date: /home/mmitss/Documents/cda-mmitss/other/install/carma_msgs/lib/python3.8/site-packages/carma_msgs/msg/_carla_enabled.py
[28.758s] -- Up-to-date: /home/mmitss/Documents/cda-mmitss/other/install/carma_msgs/lib/python3.8/site-packages/carma_msgs/msg/_light_bar_indicator.py
[28.758s] -- Up-to-date: /home/mmitss/Documents/cda-mmitss/other/install/carma_msgs/lib/python3.8/site-packages/carma_msgs/msg/_light_bar_indicator_controllers_s.c
[28.758s] -- Up-to-date: /home/mmitss/Documents/cda-mmitss/other/install/carma_msgs/lib/python3.8/site-packages/carma_msgs/msg/_light_bar_cda_type.py
[28.758s] -- Up-to-date: /home/mmitss/Documents/cda-mmitss/other/install/carma_msgs/lib/python3.8/site-packages/carma_msgs/msg/_ui_instructions.py
[28.758s] -- Up-to-date: /home/mmitss/Documents/cda-mmitss/other/install/carma_msgs/lib/python3.8/site-packages/carma_msgs/msg/_system_alert_s.c
[28.758s] -- Up-to-date: /home/mmitss/Documents/cda-mmitss/other/install/carma_msgs/lib/python3.8/site-packages/carma_msgs/msg/_ui_instructions_s.c
[28.758s] -- Up-to-date: /home/mmitss/Documents/cda-mmitss/other/install/carma_msgs/lib/python3.8/site-packages/carma_msgs/msg/_system_alert.py
[28.759s] -- Up-to-date: /home/mmitss/Documents/cda-mmitss/other/install/carma_msgs/lib/python3.8/site-packages/carma_msgs/msg/_light_bar_cda_type_s.c
[28.759s] -- Up-to-date: /home/mmitss/Documents/cda-mmitss/other/install/carma_msgs/lib/python3.8/site-packages/carma_msgs/msg/_light_bar_indicator_s.c
[28.759s] -- Up-to-date: /home/mmitss/Documents/cda-mmitss/other/install/carma_msgs/lib/python3.8/site-packages/carma_msgs/msg/__init__.py
[28.759s] -- Up-to-date: /home/mmitss/Documents/cda-mmitss/other/install/carma_msgs/lib/python3.8/site-packages/carma_msgs/srv
[28.759s] -- Up-to-date: /home/mmitss/Documents/cda-mmitss/other/install/carma_msgs/lib/python3.8/site-packages/carma_msgs/srv/_set_traffic_event.py
[28.759s] -- Up-to-date: /home/mmitss/Documents/cda-mmitss/other/install/carma_msgs/lib/python3.8/site-packages/carma_msgs/srv/_release_indicator_control.py
[28.759s] -- Up-to-date: /home/mmitss/Documents/cda-mmitss/other/install/carma_msgs/lib/python3.8/site-packages/carma_msgs/srv/_request_indicator_control_s.c
[28.760s] -- Up-to-date: /home/mmitss/Documents/cda-mmitss/other/install/carma_msgs/lib/python3.8/site-packages/carma_msgs/srv/_release_indicator_control_s.c
[28.760s] -- Up-to-date: /home/mmitss/Documents/cda-mmitss/other/install/carma_msgs/lib/python3.8/site-packages/carma_msgs/srv/_set_traffic_event_s.c
[28.760s] -- Up-to-date: /home/mmitss/Documents/cda-mmitss/other/install/carma_msgs/lib/python3.8/site-packages/carma_msgs/srv/_request_indicator_control.py
[28.760s] -- Up-to-date: /home/mmitss/Documents/cda-mmitss/other/install/carma_msgs/lib/python3.8/site-packages/carma_msgs/srv/__init__.py
[28.760s] -- Installing: /home/mmitss/Documents/cda-mmitss/other/install/carma_msgs/lib/python3.8/site-packages/carma_msgs/carma_msgs_s__rosidl_typesupport_fastrtps_c.cpython-38-x86_64-linux-gnu.so
[28.760s] -- Set runtime path of "/home/mmitss/Documents/cda-mmitss/other/install/carma_msgs/lib/python3.8/site-packages/carma_msgs/carma_msgs_s__rosidl_typesupport_fastrtps_c.cpython-38-x86_64-linux-gnu.so" to ""
[28.761s] -- Installing: /home/mmitss/Documents/cda-mmitss/other/install/carma_msgs/lib/python3.8/site-packages/carma_msgs/carma_msgs_s__rosidl_typesupport_introspection_c.cpython-38-x86_64-linux-gnu.so
[28.763s] -- Set runtime path of "/home/mmitss/Documents/cda-mmitss/other/install/carma_msgs/lib/python3.8/site-packages/carma_msgs/carma_msgs_s__rosidl_typesupport_introspection_c.cpython-38-x86_64-linux-gnu.so" to ""
[28.766s] -- Installing: /home/mmitss/Documents/cda-mmitss/other/install/carma_msgs/lib/python3.8/site-packages/carma_msgs/carma_msgs_s__rosidl_typesupport_c.cpython-38-x86_64-linux-gnu.so
[28.770s] -- Set runtime path of "/home/mmitss/Documents/cda-mmitss/other/install/carma_msgs/lib/python3.8/site-packages/carma_msgs/carma_msgs_s__rosidl_typesupport_c.cpython-38-x86_64-linux-gnu.so" to ""
[28.779s] -- Installing: /home/mmitss/Documents/cda-mmitss/other/install/carma_msgs/lib/libcarma_msgs__python.so
[28.781s] -- Set runtime path of "/home/mmitss/Documents/cda-mmitss/other/install/carma_msgs/lib/libcarma_msgs__python.so" to ""
[28.785s] -- Up-to-date: /home/mmitss/Documents/cda-mmitss/other/install/carma_msgs/share/carma_msgs/msg/CarlaEnabled.idl
[28.785s] -- Up-to-date: /home/mmitss/Documents/cda-mmitss/other/install/carma_msgs/share/carma_msgs/msg/LightBarCDAType.idl
[28.786s] -- Up-to-date: /home/mmitss/Documents/cda-mmitss/other/install/carma_msgs/share/carma_msgs/msg/LightBarIndicator.idl
[28.787s] -- Up-to-date: /home/mmitss/Documents/cda-mmitss/other/install/carma_msgs/share/carma_msgs/msg/LightBarIndicatorControllers.idl
[28.788s] -- Up-to-date: /home/mmitss/Documents/cda-mmitss/other/install/carma_msgs/share/carma_msgs/msg/SystemAlert.idl
[28.788s] -- Up-to-date: /home/mmitss/Documents/cda-mmitss/other/install/carma_msgs/share/carma_msgs/msg/UIInstructions.idl
[28.792s] -- Up-to-date: /home/mmitss/Documents/cda-mmitss/other/install/carma_msgs/share/carma_msgs/srv/ReleaseIndicatorControl.idl
[28.792s] -- Up-to-date: /home/mmitss/Documents/cda-mmitss/other/install/carma_msgs/share/carma_msgs/srv/RequestIndicatorControl.idl
[28.793s] -- Up-to-date: /home/mmitss/Documents/cda-mmitss/other/install/carma_msgs/share/carma_msgs/srv/SetTrafficEvent.idl
[28.793s] -- Installing: /home/mmitss/Documents/cda-mmitss/other/install/carma_msgs/share/carma_msgs/msg/CarlaEnabled.msg
[28.798s] -- Installing: /home/mmitss/Documents/cda-mmitss/other/install/carma_msgs/share/carma_msgs/msg/LightBarCDAType.msg
[28.799s] -- Installing: /home/mmitss/Documents/cda-mmitss/other/install/carma_msgs/share/carma_msgs/msg/LightBarIndicator.msg
[28.799s] -- Installing: /home/mmitss/Documents/cda-mmitss/other/install/carma_msgs/share/carma_msgs/msg/LightBarIndicatorControllers.msg
[28.800s] -- Installing: /home/mmitss/Documents/cda-mmitss/other/install/carma_msgs/share/carma_msgs/msg/SystemAlert.msg
[28.801s] -- Installing: /home/mmitss/Documents/cda-mmitss/other/install/carma_msgs/share/carma_msgs/msg/UIInstructions.msg
[28.801s] -- Installing: /home/mmitss/Documents/cda-mmitss/other/install/carma_msgs/share/carma_msgs/srv/ReleaseIndicatorControl.srv
[28.802s] -- Up-to-date: /home/mmitss/Documents/cda-mmitss/other/install/carma_msgs/share/carma_msgs/srv/ReleaseIndicatorControl_Request.msg
[28.803s] -- Up-to-date: /home/mmitss/Documents/cda-mmitss/other/install/carma_msgs/share/carma_msgs/srv/ReleaseIndicatorControl_Response.msg
[28.803s] -- Installing: /home/mmitss/Documents/cda-mmitss/other/install/carma_msgs/share/carma_msgs/srv/RequestIndicatorControl.srv
[28.806s] -- Up-to-date: /home/mmitss/Documents/cda-mmitss/other/install/carma_msgs/share/carma_msgs/srv/RequestIndicatorControl_Request.msg
[28.807s] -- Up-to-date: /home/mmitss/Documents/cda-mmitss/other/install/carma_msgs/share/carma_msgs/srv/RequestIndicatorControl_Response.msg
[28.807s] -- Installing: /home/mmitss/Documents/cda-mmitss/other/install/carma_msgs/share/carma_msgs/srv/SetTrafficEvent.srv
[28.815s] -- Up-to-date: /home/mmitss/Documents/cda-mmitss/other/install/carma_msgs/share/carma_msgs/srv/SetTrafficEvent_Request.msg
[28.816s] -- Up-to-date: /home/mmitss/Documents/cda-mmitss/other/install/carma_msgs/share/carma_msgs/srv/SetTrafficEvent_Response.msg
[28.816s] -- Up-to-date: /home/mmitss/Documents/cda-mmitss/other/install/carma_msgs/share/ament_index/resource_index/package_run_dependencies/carma_msgs
[28.816s] -- Installing: /home/mmitss/Documents/cda-mmitss/other/install/carma_msgs/share/ament_index/resource_index/parent_prefix_path/carma_msgs
[28.816s] -- Installing: /home/mmitss/Documents/cda-mmitss/other/install/carma_msgs/share/carma_msgs/environment/ament_prefix_path.sh
[28.816s] -- Installing: /home/mmitss/Documents/cda-mmitss/other/install/carma_msgs/share/carma_msgs/environment/ament_prefix_path.dsv
[28.817s] -- Installing: /home/mmitss/Documents/cda-mmitss/other/install/carma_msgs/share/carma_msgs/environment/path.sh
[28.817s] -- Installing: /home/mmitss/Documents/cda-mmitss/other/install/carma_msgs/share/carma_msgs/environment/path.dsv
[28.818s] -- Up-to-date: /home/mmitss/Documents/cda-mmitss/other/install/carma_msgs/share/carma_msgs/local_setup.bash
[28.818s] -- Up-to-date: /home/mmitss/Documents/cda-mmitss/other/install/carma_msgs/share/carma_msgs/local_setup.sh
[28.819s] -- Up-to-date: /home/mmitss/Documents/cda-mmitss/other/install/carma_msgs/share/carma_msgs/local_setup.zsh
[28.819s] -- Installing: /home/mmitss/Documents/cda-mmitss/other/install/carma_msgs/share/carma_msgs/local_setup.dsv
[28.820s] -- Installing: /home/mmitss/Documents/cda-mmitss/other/install/carma_msgs/share/carma_msgs/package.dsv
[28.820s] -- Up-to-date: /home/mmitss/Documents/cda-mmitss/other/install/carma_msgs/share/ament_index/resource_index/packages/carma_msgs
[28.822s] -- Up-to-date: /home/mmitss/Documents/cda-mmitss/other/install/carma_msgs/share/carma_msgs/cmake/carma_msgs__rosidl_generator_cExport.cmake
[28.830s] -- Installing: /home/mmitss/Documents/cda-mmitss/other/install/carma_msgs/share/carma_msgs/cmake/carma_msgs__rosidl_generator_cExport-release.cmake
[28.831s] -- Up-to-date: /home/mmitss/Documents/cda-mmitss/other/install/carma_msgs/share/carma_msgs/cmake/carma_msgs__rosidl_typesupport_introspection_cExport.cmake
[28.831s] -- Installing: /home/mmitss/Documents/cda-mmitss/other/install/carma_msgs/share/carma_msgs/cmake/carma_msgs__rosidl_typesupport_introspection_cExport-release.cmake
[28.832s] -- Up-to-date: /home/mmitss/Documents/cda-mmitss/other/install/carma_msgs/share/carma_msgs/cmake/carma_msgs__rosidl_typesupport_cExport.cmake
[28.832s] -- Installing: /home/mmitss/Documents/cda-mmitss/other/install/carma_msgs/share/carma_msgs/cmake/carma_msgs__rosidl_typesupport_cExport-release.cmake
[28.832s] -- Up-to-date: /home/mmitss/Documents/cda-mmitss/other/install/carma_msgs/share/carma_msgs/cmake/carma_msgs__rosidl_generator_cppExport.cmake
[28.833s] -- Up-to-date: /home/mmitss/Documents/cda-mmitss/other/install/carma_msgs/share/carma_msgs/cmake/carma_msgs__rosidl_typesupport_introspection_cppExport.cmake
[28.833s] -- Installing: /home/mmitss/Documents/cda-mmitss/other/install/carma_msgs/share/carma_msgs/cmake/carma_msgs__rosidl_typesupport_introspection_cppExport-release.cmake
[28.833s] -- Up-to-date: /home/mmitss/Documents/cda-mmitss/other/install/carma_msgs/share/carma_msgs/cmake/carma_msgs__rosidl_typesupport_cppExport.cmake
[28.833s] -- Installing: /home/mmitss/Documents/cda-mmitss/other/install/carma_msgs/share/carma_msgs/cmake/carma_msgs__rosidl_typesupport_cppExport-release.cmake
[28.834s] -- Up-to-date: /home/mmitss/Documents/cda-mmitss/other/install/carma_msgs/share/carma_msgs/cmake/rosidl_cmake-extras.cmake
[28.834s] -- Up-to-date: /home/mmitss/Documents/cda-mmitss/other/install/carma_msgs/share/carma_msgs/cmake/ament_cmake_export_dependencies-extras.cmake
[28.834s] -- Up-to-date: /home/mmitss/Documents/cda-mmitss/other/install/carma_msgs/share/carma_msgs/cmake/ament_cmake_export_libraries-extras.cmake
[28.835s] -- Up-to-date: /home/mmitss/Documents/cda-mmitss/other/install/carma_msgs/share/carma_msgs/cmake/ament_cmake_export_targets-extras.cmake
[28.835s] -- Up-to-date: /home/mmitss/Documents/cda-mmitss/other/install/carma_msgs/share/carma_msgs/cmake/ament_cmake_export_include_directories-extras.cmake
[28.835s] -- Up-to-date: /home/mmitss/Documents/cda-mmitss/other/install/carma_msgs/share/carma_msgs/cmake/rosidl_cmake_export_typesupport_libraries-extras.cmake
[28.835s] -- Up-to-date: /home/mmitss/Documents/cda-mmitss/other/install/carma_msgs/share/carma_msgs/cmake/rosidl_cmake_export_typesupport_targets-extras.cmake
[28.836s] -- Up-to-date: /home/mmitss/Documents/cda-mmitss/other/install/carma_msgs/share/carma_msgs/cmake/carma_msgsConfig.cmake
[28.836s] -- Up-to-date: /home/mmitss/Documents/cda-mmitss/other/install/carma_msgs/share/carma_msgs/cmake/carma_msgsConfig-version.cmake
[28.836s] -- Installing: /home/mmitss/Documents/cda-mmitss/other/install/carma_msgs/share/carma_msgs/package.xml
[28.836s] -- Installing: /home/mmitss/Documents/cda-mmitss/other/install/carma_msgs/share/carma_msgs/rule.yml
[28.861s] Invoked command in '/home/mmitss/Documents/cda-mmitss/other/build/carma_msgs' returned '0': CMAKE_PREFIX_PATH=/home/mmitss/Documents/cda-mmitss/other/install/carma_cmake_common:/home/mmitss/Documents/cda-mmitss/other/install/carma_debug_ros2_msgs:/home/mmitss/Documents/cda-mmitss/other/install/carma_planning_msgs:/home/mmitss/Documents/cda-mmitss/other/install/carma_v2x_msgs:/home/mmitss/Documents/cda-mmitss/other/install/j3224_v2x_msgs:/home/mmitss/Documents/cda-mmitss/other/install/j2735_v2x_msgs:/home/mmitss/Documents/cda-mmitss/other/install/carma_perception_msgs:/home/mmitss/Documents/cda-mmitss/other/install/carma_driver_msgs:/home/mmitss/Documents/cda-mmitss/other/install/carma_msgs:/home/mmitss/Documents/cda-mmitss/other/install/carma_localization_msgs:/home/mmitss/Documents/cda-mmitss/other/install/can_msgs:/opt/ros/foxy CONDA_PROMPT_MODIFIER=(base) /usr/bin/cmake --install /home/mmitss/Documents/cda-mmitss/other/build/carma_msgs
