[0.326s] DEBUG:colcon:Command line arguments: ['/usr/bin/colcon', 'build', '--packages-select', 'carma-ros2-decoder']
[0.326s] DEBUG:colcon:Parsed command line arguments: Namespace(allow_overriding=[], ament_cmake_args=None, base_paths=['.'], build_base='build', catkin_cmake_args=None, catkin_skip_building_tests=False, cmake_args=None, cmake_clean_cache=False, cmake_clean_first=False, cmake_force_configure=False, cmake_target=None, cmake_target_skip_unavailable=False, continue_on_error=False, event_handlers=None, executor='parallel', ignore_user_meta=False, install_base='install', log_base=None, log_level=None, main=<bound method BuildVerb.main of <colcon_core.verb.build.BuildVerb object at 0x7f9bb10e3fd0>>, merge_install=False, metas=['./colcon.meta'], packages_above=None, packages_above_and_dependencies=None, packages_above_depth=None, packages_end=None, packages_ignore=None, packages_ignore_regex=None, packages_select=['carma-ros2-decoder'], packages_select_build_failed=False, packages_select_by_dep=None, packages_select_regex=None, packages_select_test_failures=False, packages_skip=None, packages_skip_build_finished=False, packages_skip_by_dep=None, packages_skip_regex=None, packages_skip_test_passed=False, packages_skip_up_to=None, packages_start=None, packages_up_to=None, packages_up_to_regex=None, parallel_workers=8, paths=None, symlink_install=False, test_result_base=None, verb_extension=<colcon_core.verb.build.BuildVerb object at 0x7f9bb10e3fd0>, verb_name='build', verb_parser=<colcon_defaults.argument_parser.defaults.DefaultArgumentsDecorator object at 0x7f9bb1100f10>)
[0.358s] Level 1:colcon.colcon_core.package_discovery:discover_packages(colcon_meta) check parameters
[0.358s] Level 1:colcon.colcon_core.package_discovery:discover_packages(recursive) check parameters
[0.358s] Level 1:colcon.colcon_core.package_discovery:discover_packages(ignore) check parameters
[0.358s] Level 1:colcon.colcon_core.package_discovery:discover_packages(path) check parameters
[0.358s] Level 1:colcon.colcon_core.package_discovery:discover_packages(colcon_meta) discover
[0.358s] Level 1:colcon.colcon_core.package_discovery:discover_packages(recursive) discover
[0.359s] INFO:colcon.colcon_core.package_discovery:Crawling recursively for packages in '/home/mmitss/Documents/cda-mmitss/mmitss/src/common/MsgTransceiver/CarmaDecoderRos2'
[0.359s] Level 1:colcon.colcon_core.package_identification:_identify(.) by extensions ['ignore', 'ignore_ament_install']
[0.359s] Level 1:colcon.colcon_core.package_identification:_identify(.) by extension 'ignore'
[0.359s] Level 1:colcon.colcon_core.package_identification:_identify(.) by extension 'ignore_ament_install'
[0.359s] Level 1:colcon.colcon_core.package_identification:_identify(.) by extensions ['colcon_pkg']
[0.359s] Level 1:colcon.colcon_core.package_identification:_identify(.) by extension 'colcon_pkg'
[0.359s] Level 1:colcon.colcon_core.package_identification:_identify(.) by extensions ['colcon_meta']
[0.359s] Level 1:colcon.colcon_core.package_identification:_identify(.) by extension 'colcon_meta'
[0.359s] Level 1:colcon.colcon_core.package_identification:_identify(.) by extensions ['ros']
[0.359s] Level 1:colcon.colcon_core.package_identification:_identify(.) by extension 'ros'
[0.370s] DEBUG:colcon.colcon_core.package_identification:Package '.' with type 'ros.ament_cmake' and name 'carma-ros2-decoder'
[0.370s] Level 1:colcon.colcon_core.package_discovery:discover_packages(recursive) using defaults
[0.370s] Level 1:colcon.colcon_core.package_discovery:discover_packages(ignore) discover
[0.370s] Level 1:colcon.colcon_core.package_discovery:discover_packages(ignore) using defaults
[0.370s] Level 1:colcon.colcon_core.package_discovery:discover_packages(path) discover
[0.370s] Level 1:colcon.colcon_core.package_discovery:discover_packages(path) using defaults
[0.388s] Level 1:colcon.colcon_core.package_discovery:discover_packages(prefix_path) check parameters
[0.388s] Level 1:colcon.colcon_core.package_discovery:discover_packages(prefix_path) discover
[0.391s] DEBUG:colcon.colcon_installed_package_information.package_discovery:Found 1 installed packages in /home/mmitss/Documents/cda-mmitss/mmitss/src/common/MsgTransceiver/CarmaDecoderRos2/install
[0.392s] DEBUG:colcon.colcon_installed_package_information.package_discovery:Found 16 installed packages in /home/mmitss/Documents/cda-mmitss/other/install
[0.393s] DEBUG:colcon.colcon_installed_package_information.package_discovery:Found 256 installed packages in /opt/ros/foxy
[0.395s] Level 1:colcon.colcon_core.package_discovery:discover_packages(prefix_path) using defaults
[0.454s] Level 5:colcon.colcon_core.verb:set package 'carma-ros2-decoder' build argument 'cmake_args' from command line to 'None'
[0.454s] Level 5:colcon.colcon_core.verb:set package 'carma-ros2-decoder' build argument 'cmake_target' from command line to 'None'
[0.454s] Level 5:colcon.colcon_core.verb:set package 'carma-ros2-decoder' build argument 'cmake_target_skip_unavailable' from command line to 'False'
[0.454s] Level 5:colcon.colcon_core.verb:set package 'carma-ros2-decoder' build argument 'cmake_clean_cache' from command line to 'False'
[0.454s] Level 5:colcon.colcon_core.verb:set package 'carma-ros2-decoder' build argument 'cmake_clean_first' from command line to 'False'
[0.454s] Level 5:colcon.colcon_core.verb:set package 'carma-ros2-decoder' build argument 'cmake_force_configure' from command line to 'False'
[0.454s] Level 5:colcon.colcon_core.verb:set package 'carma-ros2-decoder' build argument 'ament_cmake_args' from command line to 'None'
[0.454s] Level 5:colcon.colcon_core.verb:set package 'carma-ros2-decoder' build argument 'catkin_cmake_args' from command line to 'None'
[0.454s] Level 5:colcon.colcon_core.verb:set package 'carma-ros2-decoder' build argument 'catkin_skip_building_tests' from command line to 'False'
[0.454s] DEBUG:colcon.colcon_core.verb:Building package 'carma-ros2-decoder' with the following arguments: {'ament_cmake_args': None, 'build_base': '/home/mmitss/Documents/cda-mmitss/mmitss/src/common/MsgTransceiver/CarmaDecoderRos2/build/carma-ros2-decoder', 'catkin_cmake_args': None, 'catkin_skip_building_tests': False, 'cmake_args': None, 'cmake_clean_cache': False, 'cmake_clean_first': False, 'cmake_force_configure': False, 'cmake_target': None, 'cmake_target_skip_unavailable': False, 'install_base': '/home/mmitss/Documents/cda-mmitss/mmitss/src/common/MsgTransceiver/CarmaDecoderRos2/install/carma-ros2-decoder', 'merge_install': False, 'path': '/home/mmitss/Documents/cda-mmitss/mmitss/src/common/MsgTransceiver/CarmaDecoderRos2', 'symlink_install': False, 'test_result_base': None}
[0.455s] INFO:colcon.colcon_core.executor:Executing jobs using 'parallel' executor
[0.458s] DEBUG:colcon.colcon_parallel_executor.executor.parallel:run_until_complete
[0.459s] INFO:colcon.colcon_ros.task.ament_cmake.build:Building ROS package in '/home/mmitss/Documents/cda-mmitss/mmitss/src/common/MsgTransceiver/CarmaDecoderRos2' with build type 'ament_cmake'
[0.459s] INFO:colcon.colcon_cmake.task.cmake.build:Building CMake package in '/home/mmitss/Documents/cda-mmitss/mmitss/src/common/MsgTransceiver/CarmaDecoderRos2'
[0.463s] INFO:colcon.colcon_core.plugin_system:Skipping extension 'colcon_core.shell.bat': Not used on non-Windows systems
[0.463s] INFO:colcon.colcon_core.shell:Skip shell extension 'powershell' for command environment: Not usable outside of PowerShell
[0.463s] DEBUG:colcon.colcon_core.shell:Skip shell extension 'dsv' for command environment
[0.468s] DEBUG:colcon.colcon_core.shell:Ignoring prefix path '/opt/ros/noetic'
[0.476s] DEBUG:colcon.colcon_core.event_handler.log_command:Invoking command in '/home/mmitss/Documents/cda-mmitss/mmitss/src/common/MsgTransceiver/CarmaDecoderRos2/build/carma-ros2-decoder': CMAKE_PREFIX_PATH=/home/mmitss/Documents/cda-mmitss/mmitss/src/common/MsgTransceiver/CarmaDecoderRos2/install/carma-ros2-decoder:/opt/ros/foxy:/opt/ros/noetic:/home/mmitss/Documents/cda-mmitss/other/install/carma_debug_ros2_msgs:/home/mmitss/Documents/cda-mmitss/other/install/carma_planning_msgs:/home/mmitss/Documents/cda-mmitss/other/install/carma_v2x_msgs:/home/mmitss/Documents/cda-mmitss/other/install/j3224_v2x_msgs:/home/mmitss/Documents/cda-mmitss/other/install/j2735_v2x_msgs:/home/mmitss/Documents/cda-mmitss/other/install/carma_perception_msgs:/home/mmitss/Documents/cda-mmitss/other/install/carma_driver_msgs:/home/mmitss/Documents/cda-mmitss/other/install/carma_msgs:/home/mmitss/Documents/cda-mmitss/other/install/carma_localization_msgs:/home/mmitss/Documents/cda-mmitss/other/install/carma_cmake_common:/home/mmitss/Documents/cda-mmitss/other/install/can_msgs CONDA_PROMPT_MODIFIER=(base) /usr/bin/cmake --build /home/mmitss/Documents/cda-mmitss/mmitss/src/common/MsgTransceiver/CarmaDecoderRos2/build/carma-ros2-decoder -- -j8 -l8
[1.534s] DEBUG:colcon.colcon_core.event_handler.log_command:Invoked command in '/home/mmitss/Documents/cda-mmitss/mmitss/src/common/MsgTransceiver/CarmaDecoderRos2/build/carma-ros2-decoder' returned '2': CMAKE_PREFIX_PATH=/home/mmitss/Documents/cda-mmitss/mmitss/src/common/MsgTransceiver/CarmaDecoderRos2/install/carma-ros2-decoder:/opt/ros/foxy:/opt/ros/noetic:/home/mmitss/Documents/cda-mmitss/other/install/carma_debug_ros2_msgs:/home/mmitss/Documents/cda-mmitss/other/install/carma_planning_msgs:/home/mmitss/Documents/cda-mmitss/other/install/carma_v2x_msgs:/home/mmitss/Documents/cda-mmitss/other/install/j3224_v2x_msgs:/home/mmitss/Documents/cda-mmitss/other/install/j2735_v2x_msgs:/home/mmitss/Documents/cda-mmitss/other/install/carma_perception_msgs:/home/mmitss/Documents/cda-mmitss/other/install/carma_driver_msgs:/home/mmitss/Documents/cda-mmitss/other/install/carma_msgs:/home/mmitss/Documents/cda-mmitss/other/install/carma_localization_msgs:/home/mmitss/Documents/cda-mmitss/other/install/carma_cmake_common:/home/mmitss/Documents/cda-mmitss/other/install/can_msgs CONDA_PROMPT_MODIFIER=(base) /usr/bin/cmake --build /home/mmitss/Documents/cda-mmitss/mmitss/src/common/MsgTransceiver/CarmaDecoderRos2/build/carma-ros2-decoder -- -j8 -l8
[1.566s] Level 1:colcon.colcon_core.environment:create_environment_scripts_only(carma-ros2-decoder)
[1.570s] Level 1:colcon.colcon_core.environment:checking '/home/mmitss/Documents/cda-mmitss/mmitss/src/common/MsgTransceiver/CarmaDecoderRos2/install/carma-ros2-decoder' for CMake module files
[1.570s] Level 1:colcon.colcon_core.environment:checking '/home/mmitss/Documents/cda-mmitss/mmitss/src/common/MsgTransceiver/CarmaDecoderRos2/install/carma-ros2-decoder' for CMake config files
[1.571s] Level 1:colcon.colcon_core.environment:checking '/home/mmitss/Documents/cda-mmitss/mmitss/src/common/MsgTransceiver/CarmaDecoderRos2/install/carma-ros2-decoder/bin'
[1.571s] Level 1:colcon.colcon_core.environment:checking '/home/mmitss/Documents/cda-mmitss/mmitss/src/common/MsgTransceiver/CarmaDecoderRos2/install/carma-ros2-decoder/lib/pkgconfig/carma-ros2-decoder.pc'
[1.571s] Level 1:colcon.colcon_core.environment:checking '/home/mmitss/Documents/cda-mmitss/mmitss/src/common/MsgTransceiver/CarmaDecoderRos2/install/carma-ros2-decoder/lib/python3.8/site-packages'
[1.571s] Level 1:colcon.colcon_core.environment:checking '/home/mmitss/Documents/cda-mmitss/mmitss/src/common/MsgTransceiver/CarmaDecoderRos2/install/carma-ros2-decoder/bin'
[1.572s] INFO:colcon.colcon_core.shell:Creating package script '/home/mmitss/Documents/cda-mmitss/mmitss/src/common/MsgTransceiver/CarmaDecoderRos2/install/carma-ros2-decoder/share/carma-ros2-decoder/package.ps1'
[1.573s] INFO:colcon.colcon_core.shell:Creating package descriptor '/home/mmitss/Documents/cda-mmitss/mmitss/src/common/MsgTransceiver/CarmaDecoderRos2/install/carma-ros2-decoder/share/carma-ros2-decoder/package.dsv'
[1.574s] INFO:colcon.colcon_core.shell:Creating package script '/home/mmitss/Documents/cda-mmitss/mmitss/src/common/MsgTransceiver/CarmaDecoderRos2/install/carma-ros2-decoder/share/carma-ros2-decoder/package.sh'
[1.574s] INFO:colcon.colcon_core.shell:Creating package script '/home/mmitss/Documents/cda-mmitss/mmitss/src/common/MsgTransceiver/CarmaDecoderRos2/install/carma-ros2-decoder/share/carma-ros2-decoder/package.bash'
[1.575s] INFO:colcon.colcon_core.shell:Creating package script '/home/mmitss/Documents/cda-mmitss/mmitss/src/common/MsgTransceiver/CarmaDecoderRos2/install/carma-ros2-decoder/share/carma-ros2-decoder/package.zsh'
[1.575s] Level 1:colcon.colcon_core.environment:create_file_with_runtime_dependencies(/home/mmitss/Documents/cda-mmitss/mmitss/src/common/MsgTransceiver/CarmaDecoderRos2/install/carma-ros2-decoder/share/colcon-core/packages/carma-ros2-decoder)
[1.586s] DEBUG:colcon.colcon_parallel_executor.executor.parallel:closing loop
[1.587s] DEBUG:colcon.colcon_parallel_executor.executor.parallel:loop closed
[1.587s] DEBUG:colcon.colcon_parallel_executor.executor.parallel:run_until_complete finished with '2'
[1.587s] DEBUG:colcon.colcon_core.event_reactor:joining thread
[1.592s] INFO:colcon.colcon_core.plugin_system:Skipping extension 'colcon_notification.desktop_notification.terminal_notifier': Not used on non-Darwin systems
[1.592s] INFO:colcon.colcon_core.plugin_system:Skipping extension 'colcon_notification.desktop_notification.win32': Not used on non-Windows systems
[1.592s] INFO:colcon.colcon_notification.desktop_notification:Sending desktop notification using 'notify2'
[1.717s] DEBUG:colcon.colcon_core.event_reactor:joined thread
[1.719s] INFO:colcon.colcon_core.shell:Creating prefix script '/home/mmitss/Documents/cda-mmitss/mmitss/src/common/MsgTransceiver/CarmaDecoderRos2/install/local_setup.ps1'
[1.720s] INFO:colcon.colcon_core.shell:Creating prefix util module '/home/mmitss/Documents/cda-mmitss/mmitss/src/common/MsgTransceiver/CarmaDecoderRos2/install/_local_setup_util_ps1.py'
[1.721s] INFO:colcon.colcon_core.shell:Creating prefix chain script '/home/mmitss/Documents/cda-mmitss/mmitss/src/common/MsgTransceiver/CarmaDecoderRos2/install/setup.ps1'
[1.723s] INFO:colcon.colcon_core.shell:Creating prefix script '/home/mmitss/Documents/cda-mmitss/mmitss/src/common/MsgTransceiver/CarmaDecoderRos2/install/local_setup.sh'
[1.723s] INFO:colcon.colcon_core.shell:Creating prefix util module '/home/mmitss/Documents/cda-mmitss/mmitss/src/common/MsgTransceiver/CarmaDecoderRos2/install/_local_setup_util_sh.py'
[1.723s] INFO:colcon.colcon_core.shell:Creating prefix chain script '/home/mmitss/Documents/cda-mmitss/mmitss/src/common/MsgTransceiver/CarmaDecoderRos2/install/setup.sh'
[1.725s] INFO:colcon.colcon_core.shell:Creating prefix script '/home/mmitss/Documents/cda-mmitss/mmitss/src/common/MsgTransceiver/CarmaDecoderRos2/install/local_setup.bash'
[1.725s] INFO:colcon.colcon_core.shell:Creating prefix chain script '/home/mmitss/Documents/cda-mmitss/mmitss/src/common/MsgTransceiver/CarmaDecoderRos2/install/setup.bash'
[1.727s] INFO:colcon.colcon_core.shell:Creating prefix script '/home/mmitss/Documents/cda-mmitss/mmitss/src/common/MsgTransceiver/CarmaDecoderRos2/install/local_setup.zsh'
[1.727s] INFO:colcon.colcon_core.shell:Creating prefix chain script '/home/mmitss/Documents/cda-mmitss/mmitss/src/common/MsgTransceiver/CarmaDecoderRos2/install/setup.zsh'
