[0.021s] Invoking command in '/home/mmitss/Documents/cda-mmitss/mmitss/src/common/MsgTransceiver/build/carma-ros2-decoder': CMAKE_PREFIX_PATH=/opt/ros/foxy:${CMAKE_PREFIX_PATH} CONDA_PROMPT_MODIFIER=(base) /usr/bin/cmake /home/mmitss/Documents/cda-mmitss/mmitss/src/common/MsgTransceiver/CarmaDecoderRos2 -DCMAKE_INSTALL_PREFIX=/home/mmitss/Documents/cda-mmitss/mmitss/src/common/MsgTransceiver/install/carma-ros2-decoder
[0.159s] -- The C compiler identification is GNU 9.4.0
[0.225s] -- The CXX compiler identification is GNU 9.4.0
[0.234s] -- Check for working C compiler: /usr/bin/cc
[0.315s] -- Check for working C compiler: /usr/bin/cc -- works
[0.317s] -- Detecting C compiler ABI info
[0.390s] -- Detecting C compiler ABI info - done
[0.404s] -- Detecting C compile features
[0.404s] -- Detecting C compile features - done
[0.408s] -- Check for working CXX compiler: /usr/bin/c++
[0.503s] -- Check for working CXX compiler: /usr/bin/c++ -- works
[0.505s] -- Detecting CXX compiler ABI info
[0.604s] -- Detecting CXX compiler ABI info - done
[0.621s] -- Detecting CXX compile features
[0.622s] -- Detecting CXX compile features - done
[0.624s] -- Found ament_cmake: 0.9.12 (/opt/ros/foxy/share/ament_cmake/cmake)
[0.655s] -- Found PythonInterp: /home/mmitss/anaconda3/bin/python3 (found suitable version "3.8.8", minimum required is "3") 
[0.655s] -- Using PYTHON_EXECUTABLE: /home/mmitss/anaconda3/bin/python3
[0.924s] -- Found ament_cmake_auto: 0.9.12 (/opt/ros/foxy/share/ament_cmake_auto/cmake)
[1.059s] -- Using all available rosidl_typesupport_c: rosidl_typesupport_fastrtps_c;rosidl_typesupport_introspection_c
[1.068s] -- Found rosidl_adapter: 1.3.1 (/opt/ros/foxy/share/rosidl_adapter/cmake)
[1.179s] -- Found OpenSSL: /usr/lib/x86_64-linux-gnu/libcrypto.so (found version "1.1.1f")  
[1.204s] -- Found FastRTPS: /opt/ros/foxy/include  
[1.284s] -- Using all available rosidl_typesupport_cpp: rosidl_typesupport_fastrtps_cpp;rosidl_typesupport_introspection_cpp
[1.349s] -- Found rmw_implementation_cmake: 1.0.4 (/opt/ros/foxy/share/rmw_implementation_cmake/cmake)
[1.353s] -- Using RMW implementation 'rmw_fastrtps_cpp' as default
[1.354s] -- Looking for pthread.h
[1.434s] -- Looking for pthread.h - found
[1.434s] -- Performing Test CMAKE_HAVE_LIBC_PTHREAD
[1.511s] -- Performing Test CMAKE_HAVE_LIBC_PTHREAD - Failed
[1.511s] -- Looking for pthread_create in pthreads
[1.575s] -- Looking for pthread_create in pthreads - not found
[1.575s] -- Looking for pthread_create in pthread
[1.653s] -- Looking for pthread_create in pthread - found
[1.654s] -- Found Threads: TRUE  
[1.943s] -- Found ament_lint_auto: 0.9.8 (/opt/ros/foxy/share/ament_lint_auto/cmake)
[1.962s] CMake Error at CMakeLists.txt:70 (target_include_directories):
[1.963s]   Cannot specify include directories for target "CarmaDecoderRos2" which is
[1.963s]   not built by this project.
[1.963s] 
[1.963s] 
[1.963s] CMake Error at /opt/ros/foxy/share/ament_cmake_target_dependencies/cmake/ament_target_dependencies.cmake:42 (message):
[1.963s]   ament_target_dependencies() the first argument must be a valid target name
[1.963s] Call Stack (most recent call first):
[1.964s]   CMakeLists.txt:79 (ament_target_dependencies)
[1.964s] 
[1.964s] 
[1.965s] -- Configuring incomplete, errors occurred!
[1.965s] See also "/home/mmitss/Documents/cda-mmitss/mmitss/src/common/MsgTransceiver/build/carma-ros2-decoder/CMakeFiles/CMakeOutput.log".
[1.965s] See also "/home/mmitss/Documents/cda-mmitss/mmitss/src/common/MsgTransceiver/build/carma-ros2-decoder/CMakeFiles/CMakeError.log".
[1.973s] Invoked command in '/home/mmitss/Documents/cda-mmitss/mmitss/src/common/MsgTransceiver/build/carma-ros2-decoder' returned '1': CMAKE_PREFIX_PATH=/opt/ros/foxy:${CMAKE_PREFIX_PATH} CONDA_PROMPT_MODIFIER=(base) /usr/bin/cmake /home/mmitss/Documents/cda-mmitss/mmitss/src/common/MsgTransceiver/CarmaDecoderRos2 -DCMAKE_INSTALL_PREFIX=/home/mmitss/Documents/cda-mmitss/mmitss/src/common/MsgTransceiver/install/carma-ros2-decoder
