[0.037s] Invoking command in '/home/mmitss/Documents/cda-mmitss/other/build/can_msgs': AMENT_PREFIX_PATH=/home/mmitss/Documents/cda-mmitss/other/install/carma_cmake_common:${AMENT_PREFIX_PATH} CMAKE_PREFIX_PATH=/home/mmitss/Documents/cda-mmitss/other/install/carma_cmake_common:/opt/ros/foxy CONDA_PROMPT_MODIFIER=(base) /usr/bin/cmake /home/mmitss/Documents/cda-mmitss/other/carma-msgs/can_msgs -DCMAKE_INSTALL_PREFIX=/home/mmitss/Documents/cda-mmitss/other/install/can_msgs
[0.127s] -- The C compiler identification is GNU 9.4.0
[0.224s] -- The CXX compiler identification is GNU 9.4.0
[0.229s] -- Check for working C compiler: /usr/bin/cc
[0.324s] -- Check for working C compiler: /usr/bin/cc -- works
[0.325s] -- Detecting C compiler ABI info
[0.422s] -- Detecting C compiler ABI info - done
[0.440s] -- Detecting C compile features
[0.441s] -- Detecting C compile features - done
[0.444s] -- Check for working CXX compiler: /usr/bin/c++
[0.561s] -- Check for working CXX compiler: /usr/bin/c++ -- works
[0.562s] -- Detecting CXX compiler ABI info
[0.674s] -- Detecting CXX compiler ABI info - done
[0.695s] -- Detecting CXX compile features
[0.695s] -- Detecting CXX compile features - done
[0.697s] -- Found carma_cmake_common: 0.1.0 (/home/mmitss/Documents/cda-mmitss/other/install/carma_cmake_common/share/carma_cmake_common/cmake)
[0.697s] -- Setting build type to Release as none was specified.
[0.699s] -- Found ros_environment: 2.5.1 (/opt/ros/foxy/share/ros_environment/cmake)
[0.701s] -- Found rosidl_default_generators: 1.0.1 (/opt/ros/foxy/share/rosidl_default_generators/cmake)
[0.702s] -- Found ament_cmake_core: 0.9.12 (/opt/ros/foxy/share/ament_cmake_core/cmake)
[0.738s] -- Found PythonInterp: /home/mmitss/anaconda3/bin/python3 (found suitable version "3.8.8", minimum required is "3") 
[0.739s] -- Using PYTHON_EXECUTABLE: /home/mmitss/anaconda3/bin/python3
[1.089s] -- Using all available rosidl_typesupport_c: rosidl_typesupport_fastrtps_c;rosidl_typesupport_introspection_c
[1.098s] -- Found rosidl_adapter: 1.3.1 (/opt/ros/foxy/share/rosidl_adapter/cmake)
[1.243s] -- Found OpenSSL: /usr/lib/x86_64-linux-gnu/libcrypto.so (found version "1.1.1f")  
[1.273s] -- Found FastRTPS: /opt/ros/foxy/include  
[1.370s] -- Using all available rosidl_typesupport_cpp: rosidl_typesupport_fastrtps_cpp;rosidl_typesupport_introspection_cpp
[1.398s] -- Found std_msgs: 2.0.5 (/opt/ros/foxy/share/std_msgs/cmake)
[1.472s] -- Found PythonInterp: /home/mmitss/anaconda3/bin/python3 (found version "3.8.8") 
[1.717s] -- Found ament_cmake_ros: 0.9.2 (/opt/ros/foxy/share/ament_cmake_ros/cmake)
[1.991s] -- Using all available rosidl_typesupport_c: rosidl_typesupport_fastrtps_c;rosidl_typesupport_introspection_c
[2.107s] -- Using all available rosidl_typesupport_cpp: rosidl_typesupport_fastrtps_cpp;rosidl_typesupport_introspection_cpp
[2.147s] -- Found PythonInterp: /home/mmitss/anaconda3/bin/python3 (found suitable version "3.8.8", minimum required is "3.5") 
[2.149s] -- Found python_cmake_module: 0.8.1 (/opt/ros/foxy/share/python_cmake_module/cmake)
[2.191s] -- Found PythonLibs: /home/mmitss/anaconda3/lib/libpython3.8.so (found suitable version "3.8.8", minimum required is "3.5") 
[2.191s] -- Using PYTHON_EXECUTABLE: /home/mmitss/anaconda3/bin/python3
[2.191s] -- Using PYTHON_INCLUDE_DIRS: /home/mmitss/anaconda3/include/python3.8
[2.192s] -- Using PYTHON_LIBRARIES: /home/mmitss/anaconda3/lib/libpython3.8.so
[2.225s] -- Found PythonExtra: .so  
[2.966s] -- Using numpy include directory: /home/mmitss/anaconda3/lib/python3.8/site-packages/numpy/core/include
[3.022s] -- Configuring done
[3.045s] CMake Warning at /opt/ros/foxy/share/rosidl_generator_py/cmake/rosidl_generator_py_generate_interfaces.cmake:235 (add_library):
[3.046s]   Cannot generate a safe runtime search path for target
[3.046s]   can_msgs__rosidl_typesupport_fastrtps_c__pyext because files in some
[3.046s]   directories may conflict with libraries in implicit directories:
[3.046s] 
[3.046s]     runtime library [libssl.so.1.1] in /usr/lib/x86_64-linux-gnu may be hidden by files in:
[3.046s]       /home/mmitss/anaconda3/lib
[3.046s]     runtime library [libcrypto.so.1.1] in /usr/lib/x86_64-linux-gnu may be hidden by files in:
[3.047s]       /home/mmitss/anaconda3/lib
[3.047s] 
[3.047s]   Some of these libraries may not be found correctly.
[3.047s] Call Stack (most recent call first):
[3.047s]   /opt/ros/foxy/share/ament_cmake_core/cmake/core/ament_execute_extensions.cmake:48 (include)
[3.047s]   /opt/ros/foxy/share/rosidl_cmake/cmake/rosidl_generate_interfaces.cmake:286 (ament_execute_extensions)
[3.047s]   CMakeLists.txt:40 (rosidl_generate_interfaces)
[3.047s] 
[3.047s] 
[3.116s] -- Generating done
[3.123s] -- Build files have been written to: /home/mmitss/Documents/cda-mmitss/other/build/can_msgs
[3.144s] Invoked command in '/home/mmitss/Documents/cda-mmitss/other/build/can_msgs' returned '0': AMENT_PREFIX_PATH=/home/mmitss/Documents/cda-mmitss/other/install/carma_cmake_common:${AMENT_PREFIX_PATH} CMAKE_PREFIX_PATH=/home/mmitss/Documents/cda-mmitss/other/install/carma_cmake_common:/opt/ros/foxy CONDA_PROMPT_MODIFIER=(base) /usr/bin/cmake /home/mmitss/Documents/cda-mmitss/other/carma-msgs/can_msgs -DCMAKE_INSTALL_PREFIX=/home/mmitss/Documents/cda-mmitss/other/install/can_msgs
[3.145s] Invoking command in '/home/mmitss/Documents/cda-mmitss/other/build/can_msgs': AMENT_PREFIX_PATH=/home/mmitss/Documents/cda-mmitss/other/install/carma_cmake_common:${AMENT_PREFIX_PATH} CMAKE_PREFIX_PATH=/home/mmitss/Documents/cda-mmitss/other/install/carma_cmake_common:/opt/ros/foxy CONDA_PROMPT_MODIFIER=(base) /usr/bin/cmake --build /home/mmitss/Documents/cda-mmitss/other/build/can_msgs -- -j8 -l8
[3.249s] [  2%] [34m[1mGenerating C code for ROS interfaces[0m
[3.283s] [35m[1mScanning dependencies of target can_msgs__cpp[0m
[3.321s] [  5%] [34m[1mGenerating C++ code for ROS interfaces[0m
[4.144s] [  5%] Built target can_msgs__cpp
[4.144s] [35m[1mScanning dependencies of target can_msgs__rosidl_generator_c[0m
[4.231s] [  7%] [32mBuilding C object CMakeFiles/can_msgs__rosidl_generator_c.dir/rosidl_generator_c/can_msgs/msg/detail/can_state__functions.c.o[0m
[4.240s] [ 10%] [32mBuilding C object CMakeFiles/can_msgs__rosidl_generator_c.dir/rosidl_generator_c/can_msgs/msg/detail/frame__functions.c.o[0m
[4.241s] [ 15%] [34m[1mGenerating C++ type support for eProsima Fast-RTPS[0m
[4.242s] [ 12%] [34m[1mGenerating C++ introspection for ROS interfaces[0m
[4.247s] [ 17%] [34m[1mGenerating C++ type support dispatch for ROS interfaces[0m
[4.691s] [ 20%] [32m[1mLinking C shared library libcan_msgs__rosidl_generator_c.so[0m
[4.910s] [ 20%] Built target can_msgs__rosidl_generator_c
[4.975s] [ 23%] [34m[1mGenerating C introspection for ROS interfaces[0m
[5.001s] [ 25%] [34m[1mGenerating C type support dispatch for ROS interfaces[0m
[5.328s] [35m[1mScanning dependencies of target can_msgs__rosidl_typesupport_introspection_cpp[0m
[5.420s] [ 28%] [32mBuilding CXX object CMakeFiles/can_msgs__rosidl_typesupport_introspection_cpp.dir/rosidl_typesupport_introspection_cpp/can_msgs/msg/detail/can_state__type_support.cpp.o[0m
[5.446s] [35m[1mScanning dependencies of target can_msgs__rosidl_typesupport_cpp[0m
[5.483s] [ 30%] [32mBuilding CXX object CMakeFiles/can_msgs__rosidl_typesupport_introspection_cpp.dir/rosidl_typesupport_introspection_cpp/can_msgs/msg/detail/frame__type_support.cpp.o[0m
[5.565s] [ 33%] [32mBuilding CXX object CMakeFiles/can_msgs__rosidl_typesupport_cpp.dir/rosidl_typesupport_cpp/can_msgs/msg/can_state__type_support.cpp.o[0m
[5.593s] [ 35%] [32mBuilding CXX object CMakeFiles/can_msgs__rosidl_typesupport_cpp.dir/rosidl_typesupport_cpp/can_msgs/msg/frame__type_support.cpp.o[0m
[5.719s] [35m[1mScanning dependencies of target can_msgs__rosidl_typesupport_fastrtps_cpp[0m
[5.809s] [ 38%] [32mBuilding CXX object CMakeFiles/can_msgs__rosidl_typesupport_fastrtps_cpp.dir/rosidl_typesupport_fastrtps_cpp/can_msgs/msg/detail/dds_fastrtps/can_state__type_support.cpp.o[0m
[5.837s] [ 41%] [32mBuilding CXX object CMakeFiles/can_msgs__rosidl_typesupport_fastrtps_cpp.dir/rosidl_typesupport_fastrtps_cpp/can_msgs/msg/detail/dds_fastrtps/frame__type_support.cpp.o[0m
[6.027s] [35m[1mScanning dependencies of target can_msgs__rosidl_typesupport_c[0m
[6.079s] [35m[1mScanning dependencies of target can_msgs__rosidl_typesupport_introspection_c[0m
[6.121s] [ 43%] [32mBuilding CXX object CMakeFiles/can_msgs__rosidl_typesupport_c.dir/rosidl_typesupport_c/can_msgs/msg/can_state__type_support.cpp.o[0m
[6.186s] [ 46%] [32mBuilding C object CMakeFiles/can_msgs__rosidl_typesupport_introspection_c.dir/rosidl_typesupport_introspection_c/can_msgs/msg/detail/can_state__type_support.c.o[0m
[6.402s] [ 48%] [32mBuilding CXX object CMakeFiles/can_msgs__rosidl_typesupport_c.dir/rosidl_typesupport_c/can_msgs/msg/frame__type_support.cpp.o[0m
[6.446s] [ 51%] [32mBuilding C object CMakeFiles/can_msgs__rosidl_typesupport_introspection_c.dir/rosidl_typesupport_introspection_c/can_msgs/msg/detail/frame__type_support.c.o[0m
[6.597s] [ 53%] [32m[1mLinking CXX shared library libcan_msgs__rosidl_typesupport_c.so[0m
[6.630s] [ 56%] [32m[1mLinking C shared library libcan_msgs__rosidl_typesupport_introspection_c.so[0m
[6.778s] [ 58%] [32m[1mLinking CXX shared library libcan_msgs__rosidl_typesupport_cpp.so[0m
[6.818s] [ 61%] [32m[1mLinking CXX shared library libcan_msgs__rosidl_typesupport_introspection_cpp.so[0m
[6.825s] [ 61%] Built target can_msgs__rosidl_typesupport_c
[6.892s] [ 61%] Built target can_msgs__rosidl_typesupport_introspection_c
[6.970s] [ 61%] Built target can_msgs__rosidl_typesupport_cpp
[7.060s] [ 61%] Built target can_msgs__rosidl_typesupport_introspection_cpp
[7.175s] [ 64%] [32m[1mLinking CXX shared library libcan_msgs__rosidl_typesupport_fastrtps_cpp.so[0m
[7.440s] [ 64%] Built target can_msgs__rosidl_typesupport_fastrtps_cpp
[7.459s] [ 66%] [34m[1mGenerating C type support for eProsima Fast-RTPS[0m
[8.366s] [35m[1mScanning dependencies of target can_msgs__rosidl_typesupport_fastrtps_c[0m
[8.473s] [ 69%] [32mBuilding CXX object CMakeFiles/can_msgs__rosidl_typesupport_fastrtps_c.dir/rosidl_typesupport_fastrtps_c/can_msgs/msg/detail/can_state__type_support_c.cpp.o[0m
[8.490s] [ 71%] [32mBuilding CXX object CMakeFiles/can_msgs__rosidl_typesupport_fastrtps_c.dir/rosidl_typesupport_fastrtps_c/can_msgs/msg/detail/frame__type_support_c.cpp.o[0m
[10.026s] [ 74%] [32m[1mLinking CXX shared library libcan_msgs__rosidl_typesupport_fastrtps_c.so[0m
[10.475s] [ 74%] Built target can_msgs__rosidl_typesupport_fastrtps_c
[10.587s] [35m[1mScanning dependencies of target can_msgs[0m
[10.666s] [ 74%] Built target can_msgs
[10.758s] [35m[1mScanning dependencies of target can_msgs__py[0m
[10.821s] [ 76%] [34m[1mGenerating Python code for ROS interfaces[0m
[12.970s] [ 76%] Built target can_msgs__py
[13.046s] [35m[1mScanning dependencies of target can_msgs__python[0m
[13.161s] [ 79%] [32mBuilding C object CMakeFiles/can_msgs__python.dir/rosidl_generator_py/can_msgs/msg/_can_state_s.c.o[0m
[13.262s] [ 82%] [32mBuilding C object CMakeFiles/can_msgs__python.dir/rosidl_generator_py/can_msgs/msg/_frame_s.c.o[0m
[13.964s] [ 84%] [32m[1mLinking C shared library rosidl_generator_py/can_msgs/libcan_msgs__python.so[0m
[14.223s] [ 84%] Built target can_msgs__python
[14.345s] [35m[1mScanning dependencies of target can_msgs__rosidl_typesupport_fastrtps_c__pyext[0m
[14.434s] [35m[1mScanning dependencies of target can_msgs__rosidl_typesupport_c__pyext[0m
[14.439s] [35m[1mScanning dependencies of target can_msgs__rosidl_typesupport_introspection_c__pyext[0m
[14.453s] [ 87%] [32mBuilding C object CMakeFiles/can_msgs__rosidl_typesupport_fastrtps_c__pyext.dir/rosidl_generator_py/can_msgs/_can_msgs_s.ep.rosidl_typesupport_fastrtps_c.c.o[0m
[14.564s] [ 89%] [32mBuilding C object CMakeFiles/can_msgs__rosidl_typesupport_c__pyext.dir/rosidl_generator_py/can_msgs/_can_msgs_s.ep.rosidl_typesupport_c.c.o[0m
[14.604s] [ 92%] [32mBuilding C object CMakeFiles/can_msgs__rosidl_typesupport_introspection_c__pyext.dir/rosidl_generator_py/can_msgs/_can_msgs_s.ep.rosidl_typesupport_introspection_c.c.o[0m
[15.083s] [ 94%] [32m[1mLinking C shared library rosidl_generator_py/can_msgs/can_msgs_s__rosidl_typesupport_c.cpython-38-x86_64-linux-gnu.so[0m
[15.237s] [ 97%] [32m[1mLinking CXX shared library rosidl_generator_py/can_msgs/can_msgs_s__rosidl_typesupport_fastrtps_c.cpython-38-x86_64-linux-gnu.so[0m
[15.267s] [100%] [32m[1mLinking C shared library rosidl_generator_py/can_msgs/can_msgs_s__rosidl_typesupport_introspection_c.cpython-38-x86_64-linux-gnu.so[0m
[15.426s] [100%] Built target can_msgs__rosidl_typesupport_c__pyext
[15.513s] [100%] Built target can_msgs__rosidl_typesupport_fastrtps_c__pyext
[15.515s] [100%] Built target can_msgs__rosidl_typesupport_introspection_c__pyext
[15.565s] Invoked command in '/home/mmitss/Documents/cda-mmitss/other/build/can_msgs' returned '0': AMENT_PREFIX_PATH=/home/mmitss/Documents/cda-mmitss/other/install/carma_cmake_common:${AMENT_PREFIX_PATH} CMAKE_PREFIX_PATH=/home/mmitss/Documents/cda-mmitss/other/install/carma_cmake_common:/opt/ros/foxy CONDA_PROMPT_MODIFIER=(base) /usr/bin/cmake --build /home/mmitss/Documents/cda-mmitss/other/build/can_msgs -- -j8 -l8
[17.280s] Invoking command in '/home/mmitss/Documents/cda-mmitss/other/build/can_msgs': AMENT_PREFIX_PATH=/home/mmitss/Documents/cda-mmitss/other/install/carma_cmake_common:${AMENT_PREFIX_PATH} CMAKE_PREFIX_PATH=/home/mmitss/Documents/cda-mmitss/other/install/carma_cmake_common:/opt/ros/foxy CONDA_PROMPT_MODIFIER=(base) /usr/bin/cmake --install /home/mmitss/Documents/cda-mmitss/other/build/can_msgs
[17.343s] -- Install configuration: "Release"
[17.343s] -- Installing: /home/mmitss/Documents/cda-mmitss/other/install/can_msgs/share/ament_index/resource_index/rosidl_interfaces/can_msgs
[17.344s] -- Installing: /home/mmitss/Documents/cda-mmitss/other/install/can_msgs/include/can_msgs
[17.344s] -- Installing: /home/mmitss/Documents/cda-mmitss/other/install/can_msgs/include/can_msgs/msg
[17.344s] -- Installing: /home/mmitss/Documents/cda-mmitss/other/install/can_msgs/include/can_msgs/msg/can_state.h
[17.344s] -- Installing: /home/mmitss/Documents/cda-mmitss/other/install/can_msgs/include/can_msgs/msg/rosidl_generator_c__visibility_control.h
[17.344s] -- Installing: /home/mmitss/Documents/cda-mmitss/other/install/can_msgs/include/can_msgs/msg/frame.h
[17.344s] -- Installing: /home/mmitss/Documents/cda-mmitss/other/install/can_msgs/include/can_msgs/msg/detail
[17.345s] -- Installing: /home/mmitss/Documents/cda-mmitss/other/install/can_msgs/include/can_msgs/msg/detail/can_state__type_support.h
[17.345s] -- Installing: /home/mmitss/Documents/cda-mmitss/other/install/can_msgs/include/can_msgs/msg/detail/frame__struct.h
[17.345s] -- Installing: /home/mmitss/Documents/cda-mmitss/other/install/can_msgs/include/can_msgs/msg/detail/can_state__struct.h
[17.345s] -- Installing: /home/mmitss/Documents/cda-mmitss/other/install/can_msgs/include/can_msgs/msg/detail/frame__type_support.h
[17.346s] -- Installing: /home/mmitss/Documents/cda-mmitss/other/install/can_msgs/include/can_msgs/msg/detail/can_state__functions.c
[17.346s] -- Installing: /home/mmitss/Documents/cda-mmitss/other/install/can_msgs/include/can_msgs/msg/detail/frame__functions.h
[17.346s] -- Installing: /home/mmitss/Documents/cda-mmitss/other/install/can_msgs/include/can_msgs/msg/detail/can_state__functions.h
[17.346s] -- Installing: /home/mmitss/Documents/cda-mmitss/other/install/can_msgs/include/can_msgs/msg/detail/frame__functions.c
[17.346s] -- Installing: /home/mmitss/Documents/cda-mmitss/other/install/can_msgs/share/can_msgs/environment/library_path.sh
[17.346s] -- Installing: /home/mmitss/Documents/cda-mmitss/other/install/can_msgs/share/can_msgs/environment/library_path.dsv
[17.347s] -- Installing: /home/mmitss/Documents/cda-mmitss/other/install/can_msgs/lib/libcan_msgs__rosidl_generator_c.so
[17.347s] -- Set runtime path of "/home/mmitss/Documents/cda-mmitss/other/install/can_msgs/lib/libcan_msgs__rosidl_generator_c.so" to ""
[17.348s] -- Up-to-date: /home/mmitss/Documents/cda-mmitss/other/install/can_msgs/include/can_msgs
[17.348s] -- Up-to-date: /home/mmitss/Documents/cda-mmitss/other/install/can_msgs/include/can_msgs/msg
[17.348s] -- Installing: /home/mmitss/Documents/cda-mmitss/other/install/can_msgs/include/can_msgs/msg/rosidl_typesupport_fastrtps_c__visibility_control.h
[17.348s] -- Up-to-date: /home/mmitss/Documents/cda-mmitss/other/install/can_msgs/include/can_msgs/msg/detail
[17.348s] -- Installing: /home/mmitss/Documents/cda-mmitss/other/install/can_msgs/include/can_msgs/msg/detail/frame__rosidl_typesupport_fastrtps_c.h
[17.348s] -- Installing: /home/mmitss/Documents/cda-mmitss/other/install/can_msgs/include/can_msgs/msg/detail/can_state__rosidl_typesupport_fastrtps_c.h
[17.348s] -- Installing: /home/mmitss/Documents/cda-mmitss/other/install/can_msgs/lib/libcan_msgs__rosidl_typesupport_fastrtps_c.so
[17.349s] -- Set runtime path of "/home/mmitss/Documents/cda-mmitss/other/install/can_msgs/lib/libcan_msgs__rosidl_typesupport_fastrtps_c.so" to ""
[17.349s] -- Up-to-date: /home/mmitss/Documents/cda-mmitss/other/install/can_msgs/include/can_msgs
[17.350s] -- Up-to-date: /home/mmitss/Documents/cda-mmitss/other/install/can_msgs/include/can_msgs/msg
[17.350s] -- Installing: /home/mmitss/Documents/cda-mmitss/other/install/can_msgs/include/can_msgs/msg/rosidl_typesupport_fastrtps_cpp__visibility_control.h
[17.378s] -- Up-to-date: /home/mmitss/Documents/cda-mmitss/other/install/can_msgs/include/can_msgs/msg/detail
[17.378s] -- Installing: /home/mmitss/Documents/cda-mmitss/other/install/can_msgs/include/can_msgs/msg/detail/frame__rosidl_typesupport_fastrtps_cpp.hpp
[17.378s] -- Installing: /home/mmitss/Documents/cda-mmitss/other/install/can_msgs/include/can_msgs/msg/detail/dds_fastrtps
[17.379s] -- Installing: /home/mmitss/Documents/cda-mmitss/other/install/can_msgs/include/can_msgs/msg/detail/can_state__rosidl_typesupport_fastrtps_cpp.hpp
[17.379s] -- Installing: /home/mmitss/Documents/cda-mmitss/other/install/can_msgs/lib/libcan_msgs__rosidl_typesupport_fastrtps_cpp.so
[17.379s] -- Set runtime path of "/home/mmitss/Documents/cda-mmitss/other/install/can_msgs/lib/libcan_msgs__rosidl_typesupport_fastrtps_cpp.so" to ""
[17.379s] -- Up-to-date: /home/mmitss/Documents/cda-mmitss/other/install/can_msgs/include/can_msgs
[17.380s] -- Up-to-date: /home/mmitss/Documents/cda-mmitss/other/install/can_msgs/include/can_msgs/msg
[17.380s] -- Installing: /home/mmitss/Documents/cda-mmitss/other/install/can_msgs/include/can_msgs/msg/rosidl_typesupport_introspection_c__visibility_control.h
[17.380s] -- Up-to-date: /home/mmitss/Documents/cda-mmitss/other/install/can_msgs/include/can_msgs/msg/detail
[17.380s] -- Installing: /home/mmitss/Documents/cda-mmitss/other/install/can_msgs/include/can_msgs/msg/detail/frame__type_support.c
[17.380s] -- Installing: /home/mmitss/Documents/cda-mmitss/other/install/can_msgs/include/can_msgs/msg/detail/can_state__type_support.c
[17.380s] -- Installing: /home/mmitss/Documents/cda-mmitss/other/install/can_msgs/include/can_msgs/msg/detail/frame__rosidl_typesupport_introspection_c.h
[17.381s] -- Installing: /home/mmitss/Documents/cda-mmitss/other/install/can_msgs/include/can_msgs/msg/detail/can_state__rosidl_typesupport_introspection_c.h
[17.381s] -- Installing: /home/mmitss/Documents/cda-mmitss/other/install/can_msgs/lib/libcan_msgs__rosidl_typesupport_introspection_c.so
[17.381s] -- Set runtime path of "/home/mmitss/Documents/cda-mmitss/other/install/can_msgs/lib/libcan_msgs__rosidl_typesupport_introspection_c.so" to ""
[17.381s] -- Installing: /home/mmitss/Documents/cda-mmitss/other/install/can_msgs/lib/libcan_msgs__rosidl_typesupport_c.so
[17.382s] -- Set runtime path of "/home/mmitss/Documents/cda-mmitss/other/install/can_msgs/lib/libcan_msgs__rosidl_typesupport_c.so" to ""
[17.382s] -- Up-to-date: /home/mmitss/Documents/cda-mmitss/other/install/can_msgs/include/can_msgs
[17.383s] -- Up-to-date: /home/mmitss/Documents/cda-mmitss/other/install/can_msgs/include/can_msgs/msg
[17.383s] -- Installing: /home/mmitss/Documents/cda-mmitss/other/install/can_msgs/include/can_msgs/msg/rosidl_generator_cpp__visibility_control.hpp
[17.383s] -- Installing: /home/mmitss/Documents/cda-mmitss/other/install/can_msgs/include/can_msgs/msg/frame.hpp
[17.383s] -- Installing: /home/mmitss/Documents/cda-mmitss/other/install/can_msgs/include/can_msgs/msg/can_state.hpp
[17.383s] -- Up-to-date: /home/mmitss/Documents/cda-mmitss/other/install/can_msgs/include/can_msgs/msg/detail
[17.384s] -- Installing: /home/mmitss/Documents/cda-mmitss/other/install/can_msgs/include/can_msgs/msg/detail/frame__type_support.hpp
[17.384s] -- Installing: /home/mmitss/Documents/cda-mmitss/other/install/can_msgs/include/can_msgs/msg/detail/can_state__struct.hpp
[17.384s] -- Installing: /home/mmitss/Documents/cda-mmitss/other/install/can_msgs/include/can_msgs/msg/detail/frame__traits.hpp
[17.384s] -- Installing: /home/mmitss/Documents/cda-mmitss/other/install/can_msgs/include/can_msgs/msg/detail/can_state__traits.hpp
[17.384s] -- Installing: /home/mmitss/Documents/cda-mmitss/other/install/can_msgs/include/can_msgs/msg/detail/can_state__type_support.hpp
[17.384s] -- Installing: /home/mmitss/Documents/cda-mmitss/other/install/can_msgs/include/can_msgs/msg/detail/frame__struct.hpp
[17.385s] -- Installing: /home/mmitss/Documents/cda-mmitss/other/install/can_msgs/include/can_msgs/msg/detail/frame__builder.hpp
[17.385s] -- Installing: /home/mmitss/Documents/cda-mmitss/other/install/can_msgs/include/can_msgs/msg/detail/can_state__builder.hpp
[17.385s] -- Up-to-date: /home/mmitss/Documents/cda-mmitss/other/install/can_msgs/include/can_msgs
[17.385s] -- Up-to-date: /home/mmitss/Documents/cda-mmitss/other/install/can_msgs/include/can_msgs/msg
[17.385s] -- Up-to-date: /home/mmitss/Documents/cda-mmitss/other/install/can_msgs/include/can_msgs/msg/detail
[17.385s] -- Installing: /home/mmitss/Documents/cda-mmitss/other/install/can_msgs/include/can_msgs/msg/detail/frame__type_support.cpp
[17.386s] -- Installing: /home/mmitss/Documents/cda-mmitss/other/install/can_msgs/include/can_msgs/msg/detail/can_state__rosidl_typesupport_introspection_cpp.hpp
[17.386s] -- Installing: /home/mmitss/Documents/cda-mmitss/other/install/can_msgs/include/can_msgs/msg/detail/frame__rosidl_typesupport_introspection_cpp.hpp
[17.386s] -- Installing: /home/mmitss/Documents/cda-mmitss/other/install/can_msgs/include/can_msgs/msg/detail/can_state__type_support.cpp
[17.386s] -- Installing: /home/mmitss/Documents/cda-mmitss/other/install/can_msgs/lib/libcan_msgs__rosidl_typesupport_introspection_cpp.so
[17.402s] -- Set runtime path of "/home/mmitss/Documents/cda-mmitss/other/install/can_msgs/lib/libcan_msgs__rosidl_typesupport_introspection_cpp.so" to ""
[17.403s] -- Installing: /home/mmitss/Documents/cda-mmitss/other/install/can_msgs/lib/libcan_msgs__rosidl_typesupport_cpp.so
[17.403s] -- Set runtime path of "/home/mmitss/Documents/cda-mmitss/other/install/can_msgs/lib/libcan_msgs__rosidl_typesupport_cpp.so" to ""
[17.403s] -- Installing: /home/mmitss/Documents/cda-mmitss/other/install/can_msgs/share/can_msgs/environment/pythonpath.sh
[17.404s] -- Installing: /home/mmitss/Documents/cda-mmitss/other/install/can_msgs/share/can_msgs/environment/pythonpath.dsv
[17.404s] -- Installing: /home/mmitss/Documents/cda-mmitss/other/install/can_msgs/lib/python3.8/site-packages/can_msgs/__init__.py
[17.591s] Compiling '/home/mmitss/Documents/cda-mmitss/other/install/can_msgs/lib/python3.8/site-packages/can_msgs/__init__.py'...
[17.626s] -- Installing: /home/mmitss/Documents/cda-mmitss/other/install/can_msgs/lib/python3.8/site-packages/can_msgs/msg
[17.626s] -- Installing: /home/mmitss/Documents/cda-mmitss/other/install/can_msgs/lib/python3.8/site-packages/can_msgs/msg/_can_state_s.c
[17.627s] -- Installing: /home/mmitss/Documents/cda-mmitss/other/install/can_msgs/lib/python3.8/site-packages/can_msgs/msg/_frame_s.c
[17.627s] -- Installing: /home/mmitss/Documents/cda-mmitss/other/install/can_msgs/lib/python3.8/site-packages/can_msgs/msg/_frame.py
[17.627s] -- Installing: /home/mmitss/Documents/cda-mmitss/other/install/can_msgs/lib/python3.8/site-packages/can_msgs/msg/_can_state.py
[17.627s] -- Installing: /home/mmitss/Documents/cda-mmitss/other/install/can_msgs/lib/python3.8/site-packages/can_msgs/msg/__init__.py
[17.627s] -- Installing: /home/mmitss/Documents/cda-mmitss/other/install/can_msgs/lib/python3.8/site-packages/can_msgs/can_msgs_s__rosidl_typesupport_fastrtps_c.cpython-38-x86_64-linux-gnu.so
[17.627s] -- Set runtime path of "/home/mmitss/Documents/cda-mmitss/other/install/can_msgs/lib/python3.8/site-packages/can_msgs/can_msgs_s__rosidl_typesupport_fastrtps_c.cpython-38-x86_64-linux-gnu.so" to ""
[17.627s] -- Installing: /home/mmitss/Documents/cda-mmitss/other/install/can_msgs/lib/python3.8/site-packages/can_msgs/can_msgs_s__rosidl_typesupport_introspection_c.cpython-38-x86_64-linux-gnu.so
[17.628s] -- Set runtime path of "/home/mmitss/Documents/cda-mmitss/other/install/can_msgs/lib/python3.8/site-packages/can_msgs/can_msgs_s__rosidl_typesupport_introspection_c.cpython-38-x86_64-linux-gnu.so" to ""
[17.628s] -- Installing: /home/mmitss/Documents/cda-mmitss/other/install/can_msgs/lib/python3.8/site-packages/can_msgs/can_msgs_s__rosidl_typesupport_c.cpython-38-x86_64-linux-gnu.so
[17.629s] -- Set runtime path of "/home/mmitss/Documents/cda-mmitss/other/install/can_msgs/lib/python3.8/site-packages/can_msgs/can_msgs_s__rosidl_typesupport_c.cpython-38-x86_64-linux-gnu.so" to ""
[17.629s] -- Installing: /home/mmitss/Documents/cda-mmitss/other/install/can_msgs/lib/libcan_msgs__python.so
[17.631s] -- Set runtime path of "/home/mmitss/Documents/cda-mmitss/other/install/can_msgs/lib/libcan_msgs__python.so" to ""
[17.632s] -- Installing: /home/mmitss/Documents/cda-mmitss/other/install/can_msgs/share/can_msgs/msg/CanState.idl
[17.632s] -- Installing: /home/mmitss/Documents/cda-mmitss/other/install/can_msgs/share/can_msgs/msg/Frame.idl
[17.632s] -- Installing: /home/mmitss/Documents/cda-mmitss/other/install/can_msgs/share/can_msgs/msg/CanState.msg
[17.632s] -- Installing: /home/mmitss/Documents/cda-mmitss/other/install/can_msgs/share/can_msgs/msg/Frame.msg
[17.633s] -- Installing: /home/mmitss/Documents/cda-mmitss/other/install/can_msgs/share/ament_index/resource_index/package_run_dependencies/can_msgs
[17.633s] -- Installing: /home/mmitss/Documents/cda-mmitss/other/install/can_msgs/share/ament_index/resource_index/parent_prefix_path/can_msgs
[17.633s] -- Installing: /home/mmitss/Documents/cda-mmitss/other/install/can_msgs/share/can_msgs/environment/ament_prefix_path.sh
[17.633s] -- Installing: /home/mmitss/Documents/cda-mmitss/other/install/can_msgs/share/can_msgs/environment/ament_prefix_path.dsv
[17.633s] -- Installing: /home/mmitss/Documents/cda-mmitss/other/install/can_msgs/share/can_msgs/environment/path.sh
[17.633s] -- Installing: /home/mmitss/Documents/cda-mmitss/other/install/can_msgs/share/can_msgs/environment/path.dsv
[17.634s] -- Installing: /home/mmitss/Documents/cda-mmitss/other/install/can_msgs/share/can_msgs/local_setup.bash
[17.634s] -- Installing: /home/mmitss/Documents/cda-mmitss/other/install/can_msgs/share/can_msgs/local_setup.sh
[17.634s] -- Installing: /home/mmitss/Documents/cda-mmitss/other/install/can_msgs/share/can_msgs/local_setup.zsh
[17.634s] -- Installing: /home/mmitss/Documents/cda-mmitss/other/install/can_msgs/share/can_msgs/local_setup.dsv
[17.634s] -- Installing: /home/mmitss/Documents/cda-mmitss/other/install/can_msgs/share/can_msgs/package.dsv
[17.634s] -- Installing: /home/mmitss/Documents/cda-mmitss/other/install/can_msgs/share/ament_index/resource_index/packages/can_msgs
[17.635s] -- Installing: /home/mmitss/Documents/cda-mmitss/other/install/can_msgs/share/can_msgs/cmake/can_msgs__rosidl_generator_cExport.cmake
[17.635s] -- Installing: /home/mmitss/Documents/cda-mmitss/other/install/can_msgs/share/can_msgs/cmake/can_msgs__rosidl_generator_cExport-release.cmake
[17.635s] -- Installing: /home/mmitss/Documents/cda-mmitss/other/install/can_msgs/share/can_msgs/cmake/can_msgs__rosidl_typesupport_introspection_cExport.cmake
[17.635s] -- Installing: /home/mmitss/Documents/cda-mmitss/other/install/can_msgs/share/can_msgs/cmake/can_msgs__rosidl_typesupport_introspection_cExport-release.cmake
[17.636s] -- Installing: /home/mmitss/Documents/cda-mmitss/other/install/can_msgs/share/can_msgs/cmake/can_msgs__rosidl_typesupport_cExport.cmake
[17.636s] -- Installing: /home/mmitss/Documents/cda-mmitss/other/install/can_msgs/share/can_msgs/cmake/can_msgs__rosidl_typesupport_cExport-release.cmake
[17.636s] -- Installing: /home/mmitss/Documents/cda-mmitss/other/install/can_msgs/share/can_msgs/cmake/can_msgs__rosidl_generator_cppExport.cmake
[17.638s] -- Installing: /home/mmitss/Documents/cda-mmitss/other/install/can_msgs/share/can_msgs/cmake/can_msgs__rosidl_typesupport_introspection_cppExport.cmake
[17.638s] -- Installing: /home/mmitss/Documents/cda-mmitss/other/install/can_msgs/share/can_msgs/cmake/can_msgs__rosidl_typesupport_introspection_cppExport-release.cmake
[17.641s] -- Installing: /home/mmitss/Documents/cda-mmitss/other/install/can_msgs/share/can_msgs/cmake/can_msgs__rosidl_typesupport_cppExport.cmake
[17.641s] -- Installing: /home/mmitss/Documents/cda-mmitss/other/install/can_msgs/share/can_msgs/cmake/can_msgs__rosidl_typesupport_cppExport-release.cmake
[17.653s] -- Installing: /home/mmitss/Documents/cda-mmitss/other/install/can_msgs/share/can_msgs/cmake/rosidl_cmake-extras.cmake
[17.654s] -- Installing: /home/mmitss/Documents/cda-mmitss/other/install/can_msgs/share/can_msgs/cmake/ament_cmake_export_dependencies-extras.cmake
[17.654s] -- Installing: /home/mmitss/Documents/cda-mmitss/other/install/can_msgs/share/can_msgs/cmake/ament_cmake_export_libraries-extras.cmake
[17.655s] -- Installing: /home/mmitss/Documents/cda-mmitss/other/install/can_msgs/share/can_msgs/cmake/ament_cmake_export_targets-extras.cmake
[17.655s] -- Installing: /home/mmitss/Documents/cda-mmitss/other/install/can_msgs/share/can_msgs/cmake/ament_cmake_export_include_directories-extras.cmake
[17.655s] -- Installing: /home/mmitss/Documents/cda-mmitss/other/install/can_msgs/share/can_msgs/cmake/rosidl_cmake_export_typesupport_libraries-extras.cmake
[17.656s] -- Installing: /home/mmitss/Documents/cda-mmitss/other/install/can_msgs/share/can_msgs/cmake/rosidl_cmake_export_typesupport_targets-extras.cmake
[17.656s] -- Installing: /home/mmitss/Documents/cda-mmitss/other/install/can_msgs/share/can_msgs/cmake/can_msgsConfig.cmake
[17.656s] -- Installing: /home/mmitss/Documents/cda-mmitss/other/install/can_msgs/share/can_msgs/cmake/can_msgsConfig-version.cmake
[17.656s] -- Installing: /home/mmitss/Documents/cda-mmitss/other/install/can_msgs/share/can_msgs/package.xml
[17.690s] Invoked command in '/home/mmitss/Documents/cda-mmitss/other/build/can_msgs' returned '0': AMENT_PREFIX_PATH=/home/mmitss/Documents/cda-mmitss/other/install/carma_cmake_common:${AMENT_PREFIX_PATH} CMAKE_PREFIX_PATH=/home/mmitss/Documents/cda-mmitss/other/install/carma_cmake_common:/opt/ros/foxy CONDA_PROMPT_MODIFIER=(base) /usr/bin/cmake --install /home/mmitss/Documents/cda-mmitss/other/build/can_msgs
