-- Found carma_cmake_common: 0.1.0 (/home/mmitss/Documents/cda-mmitss/other/install/carma_cmake_common/share/carma_cmake_common/cmake)
-- Found ros_environment: 2.5.1 (/opt/ros/foxy/share/ros_environment/cmake)
-- Found rosidl_default_generators: 1.0.1 (/opt/ros/foxy/share/rosidl_default_generators/cmake)
-- Found ament_cmake_core: 0.9.12 (/opt/ros/foxy/share/ament_cmake_core/cmake)
-- Found PythonInterp: /home/mmitss/anaconda3/bin/python3 (found suitable version "3.8.8", minimum required is "3") 
-- Using PYTHON_EXECUTABLE: /home/mmitss/anaconda3/bin/python3
-- Using all available rosidl_typesupport_c: rosidl_typesupport_fastrtps_c;rosidl_typesupport_introspection_c
-- Found rosidl_adapter: 1.3.1 (/opt/ros/foxy/share/rosidl_adapter/cmake)
-- Using all available rosidl_typesupport_cpp: rosidl_typesupport_fastrtps_cpp;rosidl_typesupport_introspection_cpp
-- Found std_msgs: 2.0.5 (/opt/ros/foxy/share/std_msgs/cmake)
-- Found PythonInterp: /home/mmitss/anaconda3/bin/python3 (found version "3.8.8") 
-- Found ament_cmake_ros: 0.9.2 (/opt/ros/foxy/share/ament_cmake_ros/cmake)
-- Using all available rosidl_typesupport_c: rosidl_typesupport_fastrtps_c;rosidl_typesupport_introspection_c
-- Using all available rosidl_typesupport_cpp: rosidl_typesupport_fastrtps_cpp;rosidl_typesupport_introspection_cpp
-- Found PythonInterp: /home/mmitss/anaconda3/bin/python3 (found suitable version "3.8.8", minimum required is "3.5") 
-- Found python_cmake_module: 0.8.1 (/opt/ros/foxy/share/python_cmake_module/cmake)
-- Using PYTHON_EXECUTABLE: /home/mmitss/anaconda3/bin/python3
-- Using PYTHON_INCLUDE_DIRS: /home/mmitss/anaconda3/include/python3.8
-- Using PYTHON_LIBRARIES: /home/mmitss/anaconda3/lib/libpython3.8.so
-- Using numpy include directory: /home/mmitss/anaconda3/lib/python3.8/site-packages/numpy/core/include
-- Configuring done
-- Generating done
-- Build files have been written to: /home/mmitss/Documents/cda-mmitss/other/build/carma_localization_msgs
[35m[1mScanning dependencies of target carma_localization_msgs__rosidl_generator_c[0m
[  3%] [32mBuilding C object CMakeFiles/carma_localization_msgs__rosidl_generator_c.dir/rosidl_generator_c/carma_localization_msgs/msg/detail/localization_status_report__functions.c.o[0m
[  6%] Built target carma_localization_msgs__cpp
[35m[1mScanning dependencies of target carma_localization_msgs__rosidl_typesupport_fastrtps_cpp[0m
[35m[1mScanning dependencies of target carma_localization_msgs__rosidl_typesupport_introspection_cpp[0m
[35m[1mScanning dependencies of target carma_localization_msgs__rosidl_typesupport_cpp[0m
[  9%] [32mBuilding CXX object CMakeFiles/carma_localization_msgs__rosidl_typesupport_fastrtps_cpp.dir/rosidl_typesupport_fastrtps_cpp/carma_localization_msgs/msg/detail/dds_fastrtps/localization_status_report__type_support.cpp.o[0m
[ 12%] [32mBuilding CXX object CMakeFiles/carma_localization_msgs__rosidl_typesupport_cpp.dir/rosidl_typesupport_cpp/carma_localization_msgs/msg/localization_status_report__type_support.cpp.o[0m
[ 16%] [32mBuilding CXX object CMakeFiles/carma_localization_msgs__rosidl_typesupport_introspection_cpp.dir/rosidl_typesupport_introspection_cpp/carma_localization_msgs/msg/detail/localization_status_report__type_support.cpp.o[0m
[ 19%] [32m[1mLinking C shared library libcarma_localization_msgs__rosidl_generator_c.so[0m
[ 22%] Built target carma_localization_msgs__rosidl_generator_c
[35m[1mScanning dependencies of target carma_localization_msgs__rosidl_typesupport_introspection_c[0m
[35m[1mScanning dependencies of target carma_localization_msgs__rosidl_typesupport_c[0m
[ 25%] [32mBuilding CXX object CMakeFiles/carma_localization_msgs__rosidl_typesupport_c.dir/rosidl_typesupport_c/carma_localization_msgs/msg/localization_status_report__type_support.cpp.o[0m
[ 29%] [32mBuilding C object CMakeFiles/carma_localization_msgs__rosidl_typesupport_introspection_c.dir/rosidl_typesupport_introspection_c/carma_localization_msgs/msg/detail/localization_status_report__type_support.c.o[0m
[ 32%] [32m[1mLinking CXX shared library libcarma_localization_msgs__rosidl_typesupport_c.so[0m
[ 35%] [32m[1mLinking C shared library libcarma_localization_msgs__rosidl_typesupport_introspection_c.so[0m
[ 38%] [32m[1mLinking CXX shared library libcarma_localization_msgs__rosidl_typesupport_cpp.so[0m
[ 41%] Built target carma_localization_msgs__rosidl_typesupport_introspection_c
[ 45%] Built target carma_localization_msgs__rosidl_typesupport_c
[ 48%] Built target carma_localization_msgs__rosidl_typesupport_cpp
[ 51%] [32m[1mLinking CXX shared library libcarma_localization_msgs__rosidl_typesupport_introspection_cpp.so[0m
[ 54%] [32m[1mLinking CXX shared library libcarma_localization_msgs__rosidl_typesupport_fastrtps_cpp.so[0m
[ 58%] Built target carma_localization_msgs__rosidl_typesupport_introspection_cpp
[ 61%] Built target carma_localization_msgs__rosidl_typesupport_fastrtps_cpp
[35m[1mScanning dependencies of target carma_localization_msgs__rosidl_typesupport_fastrtps_c[0m
[ 64%] [32mBuilding CXX object CMakeFiles/carma_localization_msgs__rosidl_typesupport_fastrtps_c.dir/rosidl_typesupport_fastrtps_c/carma_localization_msgs/msg/detail/localization_status_report__type_support_c.cpp.o[0m
[ 67%] [32m[1mLinking CXX shared library libcarma_localization_msgs__rosidl_typesupport_fastrtps_c.so[0m
[ 70%] Built target carma_localization_msgs__rosidl_typesupport_fastrtps_c
[ 70%] Built target carma_localization_msgs
[ 74%] Built target carma_localization_msgs__py
[35m[1mScanning dependencies of target carma_localization_msgs__python[0m
[ 77%] [32mBuilding C object CMakeFiles/carma_localization_msgs__python.dir/rosidl_generator_py/carma_localization_msgs/msg/_localization_status_report_s.c.o[0m
[ 80%] [32m[1mLinking C shared library rosidl_generator_py/carma_localization_msgs/libcarma_localization_msgs__python.so[0m
[ 80%] Built target carma_localization_msgs__python
[35m[1mScanning dependencies of target carma_localization_msgs__rosidl_typesupport_introspection_c__pyext[0m
[35m[1mScanning dependencies of target carma_localization_msgs__rosidl_typesupport_c__pyext[0m
[35m[1mScanning dependencies of target carma_localization_msgs__rosidl_typesupport_fastrtps_c__pyext[0m
[ 83%] [32mBuilding C object CMakeFiles/carma_localization_msgs__rosidl_typesupport_introspection_c__pyext.dir/rosidl_generator_py/carma_localization_msgs/_carma_localization_msgs_s.ep.rosidl_typesupport_introspection_c.c.o[0m
[ 87%] [32mBuilding C object CMakeFiles/carma_localization_msgs__rosidl_typesupport_fastrtps_c__pyext.dir/rosidl_generator_py/carma_localization_msgs/_carma_localization_msgs_s.ep.rosidl_typesupport_fastrtps_c.c.o[0m
[ 90%] [32mBuilding C object CMakeFiles/carma_localization_msgs__rosidl_typesupport_c__pyext.dir/rosidl_generator_py/carma_localization_msgs/_carma_localization_msgs_s.ep.rosidl_typesupport_c.c.o[0m
[ 93%] [32m[1mLinking C shared library rosidl_generator_py/carma_localization_msgs/carma_localization_msgs_s__rosidl_typesupport_introspection_c.cpython-38-x86_64-linux-gnu.so[0m
[ 96%] [32m[1mLinking C shared library rosidl_generator_py/carma_localization_msgs/carma_localization_msgs_s__rosidl_typesupport_c.cpython-38-x86_64-linux-gnu.so[0m
[100%] [32m[1mLinking CXX shared library rosidl_generator_py/carma_localization_msgs/carma_localization_msgs_s__rosidl_typesupport_fastrtps_c.cpython-38-x86_64-linux-gnu.so[0m
[100%] Built target carma_localization_msgs__rosidl_typesupport_introspection_c__pyext
[100%] Built target carma_localization_msgs__rosidl_typesupport_c__pyext
[100%] Built target carma_localization_msgs__rosidl_typesupport_fastrtps_c__pyext
-- Install configuration: "Release"
-- Up-to-date: /home/mmitss/Documents/cda-mmitss/other/install/carma_localization_msgs/share/ament_index/resource_index/rosidl_interfaces/carma_localization_msgs
-- Up-to-date: /home/mmitss/Documents/cda-mmitss/other/install/carma_localization_msgs/include/carma_localization_msgs
-- Up-to-date: /home/mmitss/Documents/cda-mmitss/other/install/carma_localization_msgs/include/carma_localization_msgs/msg
-- Up-to-date: /home/mmitss/Documents/cda-mmitss/other/install/carma_localization_msgs/include/carma_localization_msgs/msg/localization_status_report.h
-- Up-to-date: /home/mmitss/Documents/cda-mmitss/other/install/carma_localization_msgs/include/carma_localization_msgs/msg/rosidl_generator_c__visibility_control.h
-- Up-to-date: /home/mmitss/Documents/cda-mmitss/other/install/carma_localization_msgs/include/carma_localization_msgs/msg/detail
-- Up-to-date: /home/mmitss/Documents/cda-mmitss/other/install/carma_localization_msgs/include/carma_localization_msgs/msg/detail/localization_status_report__functions.h
-- Up-to-date: /home/mmitss/Documents/cda-mmitss/other/install/carma_localization_msgs/include/carma_localization_msgs/msg/detail/localization_status_report__functions.c
-- Up-to-date: /home/mmitss/Documents/cda-mmitss/other/install/carma_localization_msgs/include/carma_localization_msgs/msg/detail/localization_status_report__struct.h
-- Up-to-date: /home/mmitss/Documents/cda-mmitss/other/install/carma_localization_msgs/include/carma_localization_msgs/msg/detail/localization_status_report__type_support.h
-- Installing: /home/mmitss/Documents/cda-mmitss/other/install/carma_localization_msgs/share/carma_localization_msgs/environment/library_path.sh
-- Installing: /home/mmitss/Documents/cda-mmitss/other/install/carma_localization_msgs/share/carma_localization_msgs/environment/library_path.dsv
-- Installing: /home/mmitss/Documents/cda-mmitss/other/install/carma_localization_msgs/lib/libcarma_localization_msgs__rosidl_generator_c.so
-- Set runtime path of "/home/mmitss/Documents/cda-mmitss/other/install/carma_localization_msgs/lib/libcarma_localization_msgs__rosidl_generator_c.so" to ""
-- Up-to-date: /home/mmitss/Documents/cda-mmitss/other/install/carma_localization_msgs/include/carma_localization_msgs
-- Up-to-date: /home/mmitss/Documents/cda-mmitss/other/install/carma_localization_msgs/include/carma_localization_msgs/msg
-- Up-to-date: /home/mmitss/Documents/cda-mmitss/other/install/carma_localization_msgs/include/carma_localization_msgs/msg/rosidl_typesupport_fastrtps_c__visibility_control.h
-- Up-to-date: /home/mmitss/Documents/cda-mmitss/other/install/carma_localization_msgs/include/carma_localization_msgs/msg/detail
-- Up-to-date: /home/mmitss/Documents/cda-mmitss/other/install/carma_localization_msgs/include/carma_localization_msgs/msg/detail/localization_status_report__rosidl_typesupport_fastrtps_c.h
-- Installing: /home/mmitss/Documents/cda-mmitss/other/install/carma_localization_msgs/lib/libcarma_localization_msgs__rosidl_typesupport_fastrtps_c.so
-- Set runtime path of "/home/mmitss/Documents/cda-mmitss/other/install/carma_localization_msgs/lib/libcarma_localization_msgs__rosidl_typesupport_fastrtps_c.so" to ""
-- Up-to-date: /home/mmitss/Documents/cda-mmitss/other/install/carma_localization_msgs/include/carma_localization_msgs
-- Up-to-date: /home/mmitss/Documents/cda-mmitss/other/install/carma_localization_msgs/include/carma_localization_msgs/msg
-- Up-to-date: /home/mmitss/Documents/cda-mmitss/other/install/carma_localization_msgs/include/carma_localization_msgs/msg/rosidl_typesupport_fastrtps_cpp__visibility_control.h
-- Up-to-date: /home/mmitss/Documents/cda-mmitss/other/install/carma_localization_msgs/include/carma_localization_msgs/msg/detail
-- Up-to-date: /home/mmitss/Documents/cda-mmitss/other/install/carma_localization_msgs/include/carma_localization_msgs/msg/detail/localization_status_report__rosidl_typesupport_fastrtps_cpp.hpp
-- Up-to-date: /home/mmitss/Documents/cda-mmitss/other/install/carma_localization_msgs/include/carma_localization_msgs/msg/detail/dds_fastrtps
-- Installing: /home/mmitss/Documents/cda-mmitss/other/install/carma_localization_msgs/lib/libcarma_localization_msgs__rosidl_typesupport_fastrtps_cpp.so
-- Set runtime path of "/home/mmitss/Documents/cda-mmitss/other/install/carma_localization_msgs/lib/libcarma_localization_msgs__rosidl_typesupport_fastrtps_cpp.so" to ""
-- Up-to-date: /home/mmitss/Documents/cda-mmitss/other/install/carma_localization_msgs/include/carma_localization_msgs
-- Up-to-date: /home/mmitss/Documents/cda-mmitss/other/install/carma_localization_msgs/include/carma_localization_msgs/msg
-- Up-to-date: /home/mmitss/Documents/cda-mmitss/other/install/carma_localization_msgs/include/carma_localization_msgs/msg/rosidl_typesupport_introspection_c__visibility_control.h
-- Up-to-date: /home/mmitss/Documents/cda-mmitss/other/install/carma_localization_msgs/include/carma_localization_msgs/msg/detail
-- Up-to-date: /home/mmitss/Documents/cda-mmitss/other/install/carma_localization_msgs/include/carma_localization_msgs/msg/detail/localization_status_report__rosidl_typesupport_introspection_c.h
-- Up-to-date: /home/mmitss/Documents/cda-mmitss/other/install/carma_localization_msgs/include/carma_localization_msgs/msg/detail/localization_status_report__type_support.c
-- Installing: /home/mmitss/Documents/cda-mmitss/other/install/carma_localization_msgs/lib/libcarma_localization_msgs__rosidl_typesupport_introspection_c.so
-- Set runtime path of "/home/mmitss/Documents/cda-mmitss/other/install/carma_localization_msgs/lib/libcarma_localization_msgs__rosidl_typesupport_introspection_c.so" to ""
-- Installing: /home/mmitss/Documents/cda-mmitss/other/install/carma_localization_msgs/lib/libcarma_localization_msgs__rosidl_typesupport_c.so
-- Set runtime path of "/home/mmitss/Documents/cda-mmitss/other/install/carma_localization_msgs/lib/libcarma_localization_msgs__rosidl_typesupport_c.so" to ""
-- Up-to-date: /home/mmitss/Documents/cda-mmitss/other/install/carma_localization_msgs/include/carma_localization_msgs
-- Up-to-date: /home/mmitss/Documents/cda-mmitss/other/install/carma_localization_msgs/include/carma_localization_msgs/msg
-- Up-to-date: /home/mmitss/Documents/cda-mmitss/other/install/carma_localization_msgs/include/carma_localization_msgs/msg/rosidl_generator_cpp__visibility_control.hpp
-- Up-to-date: /home/mmitss/Documents/cda-mmitss/other/install/carma_localization_msgs/include/carma_localization_msgs/msg/detail
-- Up-to-date: /home/mmitss/Documents/cda-mmitss/other/install/carma_localization_msgs/include/carma_localization_msgs/msg/detail/localization_status_report__traits.hpp
-- Up-to-date: /home/mmitss/Documents/cda-mmitss/other/install/carma_localization_msgs/include/carma_localization_msgs/msg/detail/localization_status_report__builder.hpp
-- Up-to-date: /home/mmitss/Documents/cda-mmitss/other/install/carma_localization_msgs/include/carma_localization_msgs/msg/detail/localization_status_report__type_support.hpp
-- Up-to-date: /home/mmitss/Documents/cda-mmitss/other/install/carma_localization_msgs/include/carma_localization_msgs/msg/detail/localization_status_report__struct.hpp
-- Up-to-date: /home/mmitss/Documents/cda-mmitss/other/install/carma_localization_msgs/include/carma_localization_msgs/msg/localization_status_report.hpp
-- Up-to-date: /home/mmitss/Documents/cda-mmitss/other/install/carma_localization_msgs/include/carma_localization_msgs
-- Up-to-date: /home/mmitss/Documents/cda-mmitss/other/install/carma_localization_msgs/include/carma_localization_msgs/msg
-- Up-to-date: /home/mmitss/Documents/cda-mmitss/other/install/carma_localization_msgs/include/carma_localization_msgs/msg/detail
-- Up-to-date: /home/mmitss/Documents/cda-mmitss/other/install/carma_localization_msgs/include/carma_localization_msgs/msg/detail/localization_status_report__rosidl_typesupport_introspection_cpp.hpp
-- Up-to-date: /home/mmitss/Documents/cda-mmitss/other/install/carma_localization_msgs/include/carma_localization_msgs/msg/detail/localization_status_report__type_support.cpp
-- Installing: /home/mmitss/Documents/cda-mmitss/other/install/carma_localization_msgs/lib/libcarma_localization_msgs__rosidl_typesupport_introspection_cpp.so
-- Set runtime path of "/home/mmitss/Documents/cda-mmitss/other/install/carma_localization_msgs/lib/libcarma_localization_msgs__rosidl_typesupport_introspection_cpp.so" to ""
-- Installing: /home/mmitss/Documents/cda-mmitss/other/install/carma_localization_msgs/lib/libcarma_localization_msgs__rosidl_typesupport_cpp.so
-- Set runtime path of "/home/mmitss/Documents/cda-mmitss/other/install/carma_localization_msgs/lib/libcarma_localization_msgs__rosidl_typesupport_cpp.so" to ""
-- Up-to-date: /home/mmitss/Documents/cda-mmitss/other/install/carma_localization_msgs/share/carma_localization_msgs/environment/pythonpath.sh
-- Installing: /home/mmitss/Documents/cda-mmitss/other/install/carma_localization_msgs/share/carma_localization_msgs/environment/pythonpath.dsv
-- Installing: /home/mmitss/Documents/cda-mmitss/other/install/carma_localization_msgs/lib/python3.8/site-packages/carma_localization_msgs/__init__.py
Compiling '/home/mmitss/Documents/cda-mmitss/other/install/carma_localization_msgs/lib/python3.8/site-packages/carma_localization_msgs/__init__.py'...
-- Up-to-date: /home/mmitss/Documents/cda-mmitss/other/install/carma_localization_msgs/lib/python3.8/site-packages/carma_localization_msgs/msg
-- Up-to-date: /home/mmitss/Documents/cda-mmitss/other/install/carma_localization_msgs/lib/python3.8/site-packages/carma_localization_msgs/msg/_localization_status_report_s.c
-- Up-to-date: /home/mmitss/Documents/cda-mmitss/other/install/carma_localization_msgs/lib/python3.8/site-packages/carma_localization_msgs/msg/_localization_status_report.py
-- Up-to-date: /home/mmitss/Documents/cda-mmitss/other/install/carma_localization_msgs/lib/python3.8/site-packages/carma_localization_msgs/msg/__init__.py
-- Installing: /home/mmitss/Documents/cda-mmitss/other/install/carma_localization_msgs/lib/python3.8/site-packages/carma_localization_msgs/carma_localization_msgs_s__rosidl_typesupport_fastrtps_c.cpython-38-x86_64-linux-gnu.so
-- Set runtime path of "/home/mmitss/Documents/cda-mmitss/other/install/carma_localization_msgs/lib/python3.8/site-packages/carma_localization_msgs/carma_localization_msgs_s__rosidl_typesupport_fastrtps_c.cpython-38-x86_64-linux-gnu.so" to ""
-- Installing: /home/mmitss/Documents/cda-mmitss/other/install/carma_localization_msgs/lib/python3.8/site-packages/carma_localization_msgs/carma_localization_msgs_s__rosidl_typesupport_introspection_c.cpython-38-x86_64-linux-gnu.so
-- Set runtime path of "/home/mmitss/Documents/cda-mmitss/other/install/carma_localization_msgs/lib/python3.8/site-packages/carma_localization_msgs/carma_localization_msgs_s__rosidl_typesupport_introspection_c.cpython-38-x86_64-linux-gnu.so" to ""
-- Installing: /home/mmitss/Documents/cda-mmitss/other/install/carma_localization_msgs/lib/python3.8/site-packages/carma_localization_msgs/carma_localization_msgs_s__rosidl_typesupport_c.cpython-38-x86_64-linux-gnu.so
-- Set runtime path of "/home/mmitss/Documents/cda-mmitss/other/install/carma_localization_msgs/lib/python3.8/site-packages/carma_localization_msgs/carma_localization_msgs_s__rosidl_typesupport_c.cpython-38-x86_64-linux-gnu.so" to ""
-- Installing: /home/mmitss/Documents/cda-mmitss/other/install/carma_localization_msgs/lib/libcarma_localization_msgs__python.so
-- Set runtime path of "/home/mmitss/Documents/cda-mmitss/other/install/carma_localization_msgs/lib/libcarma_localization_msgs__python.so" to ""
-- Up-to-date: /home/mmitss/Documents/cda-mmitss/other/install/carma_localization_msgs/share/carma_localization_msgs/msg/LocalizationStatusReport.idl
-- Installing: /home/mmitss/Documents/cda-mmitss/other/install/carma_localization_msgs/share/carma_localization_msgs/msg/LocalizationStatusReport.msg
-- Up-to-date: /home/mmitss/Documents/cda-mmitss/other/install/carma_localization_msgs/share/ament_index/resource_index/package_run_dependencies/carma_localization_msgs
-- Installing: /home/mmitss/Documents/cda-mmitss/other/install/carma_localization_msgs/share/ament_index/resource_index/parent_prefix_path/carma_localization_msgs
-- Installing: /home/mmitss/Documents/cda-mmitss/other/install/carma_localization_msgs/share/carma_localization_msgs/environment/ament_prefix_path.sh
-- Installing: /home/mmitss/Documents/cda-mmitss/other/install/carma_localization_msgs/share/carma_localization_msgs/environment/ament_prefix_path.dsv
-- Installing: /home/mmitss/Documents/cda-mmitss/other/install/carma_localization_msgs/share/carma_localization_msgs/environment/path.sh
-- Installing: /home/mmitss/Documents/cda-mmitss/other/install/carma_localization_msgs/share/carma_localization_msgs/environment/path.dsv
-- Up-to-date: /home/mmitss/Documents/cda-mmitss/other/install/carma_localization_msgs/share/carma_localization_msgs/local_setup.bash
-- Up-to-date: /home/mmitss/Documents/cda-mmitss/other/install/carma_localization_msgs/share/carma_localization_msgs/local_setup.sh
-- Up-to-date: /home/mmitss/Documents/cda-mmitss/other/install/carma_localization_msgs/share/carma_localization_msgs/local_setup.zsh
-- Installing: /home/mmitss/Documents/cda-mmitss/other/install/carma_localization_msgs/share/carma_localization_msgs/local_setup.dsv
-- Installing: /home/mmitss/Documents/cda-mmitss/other/install/carma_localization_msgs/share/carma_localization_msgs/package.dsv
-- Up-to-date: /home/mmitss/Documents/cda-mmitss/other/install/carma_localization_msgs/share/ament_index/resource_index/packages/carma_localization_msgs
-- Up-to-date: /home/mmitss/Documents/cda-mmitss/other/install/carma_localization_msgs/share/carma_localization_msgs/cmake/carma_localization_msgs__rosidl_generator_cExport.cmake
-- Installing: /home/mmitss/Documents/cda-mmitss/other/install/carma_localization_msgs/share/carma_localization_msgs/cmake/carma_localization_msgs__rosidl_generator_cExport-release.cmake
-- Up-to-date: /home/mmitss/Documents/cda-mmitss/other/install/carma_localization_msgs/share/carma_localization_msgs/cmake/carma_localization_msgs__rosidl_typesupport_introspection_cExport.cmake
-- Installing: /home/mmitss/Documents/cda-mmitss/other/install/carma_localization_msgs/share/carma_localization_msgs/cmake/carma_localization_msgs__rosidl_typesupport_introspection_cExport-release.cmake
-- Up-to-date: /home/mmitss/Documents/cda-mmitss/other/install/carma_localization_msgs/share/carma_localization_msgs/cmake/carma_localization_msgs__rosidl_typesupport_cExport.cmake
-- Installing: /home/mmitss/Documents/cda-mmitss/other/install/carma_localization_msgs/share/carma_localization_msgs/cmake/carma_localization_msgs__rosidl_typesupport_cExport-release.cmake
-- Up-to-date: /home/mmitss/Documents/cda-mmitss/other/install/carma_localization_msgs/share/carma_localization_msgs/cmake/carma_localization_msgs__rosidl_generator_cppExport.cmake
-- Up-to-date: /home/mmitss/Documents/cda-mmitss/other/install/carma_localization_msgs/share/carma_localization_msgs/cmake/carma_localization_msgs__rosidl_typesupport_introspection_cppExport.cmake
-- Installing: /home/mmitss/Documents/cda-mmitss/other/install/carma_localization_msgs/share/carma_localization_msgs/cmake/carma_localization_msgs__rosidl_typesupport_introspection_cppExport-release.cmake
-- Up-to-date: /home/mmitss/Documents/cda-mmitss/other/install/carma_localization_msgs/share/carma_localization_msgs/cmake/carma_localization_msgs__rosidl_typesupport_cppExport.cmake
-- Installing: /home/mmitss/Documents/cda-mmitss/other/install/carma_localization_msgs/share/carma_localization_msgs/cmake/carma_localization_msgs__rosidl_typesupport_cppExport-release.cmake
-- Up-to-date: /home/mmitss/Documents/cda-mmitss/other/install/carma_localization_msgs/share/carma_localization_msgs/cmake/rosidl_cmake-extras.cmake
-- Up-to-date: /home/mmitss/Documents/cda-mmitss/other/install/carma_localization_msgs/share/carma_localization_msgs/cmake/ament_cmake_export_dependencies-extras.cmake
-- Up-to-date: /home/mmitss/Documents/cda-mmitss/other/install/carma_localization_msgs/share/carma_localization_msgs/cmake/ament_cmake_export_libraries-extras.cmake
-- Up-to-date: /home/mmitss/Documents/cda-mmitss/other/install/carma_localization_msgs/share/carma_localization_msgs/cmake/ament_cmake_export_targets-extras.cmake
-- Up-to-date: /home/mmitss/Documents/cda-mmitss/other/install/carma_localization_msgs/share/carma_localization_msgs/cmake/ament_cmake_export_include_directories-extras.cmake
-- Up-to-date: /home/mmitss/Documents/cda-mmitss/other/install/carma_localization_msgs/share/carma_localization_msgs/cmake/rosidl_cmake_export_typesupport_libraries-extras.cmake
-- Up-to-date: /home/mmitss/Documents/cda-mmitss/other/install/carma_localization_msgs/share/carma_localization_msgs/cmake/rosidl_cmake_export_typesupport_targets-extras.cmake
-- Up-to-date: /home/mmitss/Documents/cda-mmitss/other/install/carma_localization_msgs/share/carma_localization_msgs/cmake/carma_localization_msgsConfig.cmake
-- Up-to-date: /home/mmitss/Documents/cda-mmitss/other/install/carma_localization_msgs/share/carma_localization_msgs/cmake/carma_localization_msgsConfig-version.cmake
-- Installing: /home/mmitss/Documents/cda-mmitss/other/install/carma_localization_msgs/share/carma_localization_msgs/package.xml
-- Installing: /home/mmitss/Documents/cda-mmitss/other/install/carma_localization_msgs/share/carma_localization_msgs/rule.yml
