[0.013s] Invoking command in '/home/mmitss/Documents/cda-mmitss/other/build/carma_cmake_common': CMAKE_PREFIX_PATH=/opt/ros/foxy CONDA_PROMPT_MODIFIER=(base) /usr/bin/cmake /home/mmitss/Documents/cda-mmitss/other/carma-msgs/carma_cmake_common -DCMAKE_INSTALL_PREFIX=/home/mmitss/Documents/cda-mmitss/other/install/carma_cmake_common
[0.046s] -- Found ros_environment: 2.5.1 (/opt/ros/foxy/share/ros_environment/cmake)
[0.047s] -- Found ament_cmake_core: 0.9.12 (/opt/ros/foxy/share/ament_cmake_core/cmake)
[0.135s] -- Found PythonInterp: /home/mmitss/anaconda3/bin/python3 (found suitable version "3.8.8", minimum required is "3") 
[0.135s] -- Using PYTHON_EXECUTABLE: /home/mmitss/anaconda3/bin/python3
[0.354s] -- Found ament_cmake_python: 0.9.12 (/opt/ros/foxy/share/ament_cmake_python/cmake)
[0.411s] -- Configuring done
[0.413s] -- Generating done
[0.413s] -- Build files have been written to: /home/mmitss/Documents/cda-mmitss/other/build/carma_cmake_common
[0.416s] Invoked command in '/home/mmitss/Documents/cda-mmitss/other/build/carma_cmake_common' returned '0': CMAKE_PREFIX_PATH=/opt/ros/foxy CONDA_PROMPT_MODIFIER=(base) /usr/bin/cmake /home/mmitss/Documents/cda-mmitss/other/carma-msgs/carma_cmake_common -DCMAKE_INSTALL_PREFIX=/home/mmitss/Documents/cda-mmitss/other/install/carma_cmake_common
[0.418s] Invoking command in '/home/mmitss/Documents/cda-mmitss/other/build/carma_cmake_common': CMAKE_PREFIX_PATH=/opt/ros/foxy CONDA_PROMPT_MODIFIER=(base) /usr/bin/cmake --build /home/mmitss/Documents/cda-mmitss/other/build/carma_cmake_common -- -j8 -l8
[0.451s] Invoked command in '/home/mmitss/Documents/cda-mmitss/other/build/carma_cmake_common' returned '0': CMAKE_PREFIX_PATH=/opt/ros/foxy CONDA_PROMPT_MODIFIER=(base) /usr/bin/cmake --build /home/mmitss/Documents/cda-mmitss/other/build/carma_cmake_common -- -j8 -l8
[0.479s] Invoking command in '/home/mmitss/Documents/cda-mmitss/other/build/carma_cmake_common': CMAKE_PREFIX_PATH=/opt/ros/foxy CONDA_PROMPT_MODIFIER=(base) /usr/bin/cmake --install /home/mmitss/Documents/cda-mmitss/other/build/carma_cmake_common
[0.486s] -- Install configuration: ""
[0.486s] -- Installing: /home/mmitss/Documents/cda-mmitss/other/install/carma_cmake_common/share/ament_index/resource_index/package_run_dependencies/carma_cmake_common
[0.487s] -- Installing: /home/mmitss/Documents/cda-mmitss/other/install/carma_cmake_common/share/ament_index/resource_index/parent_prefix_path/carma_cmake_common
[0.487s] -- Installing: /home/mmitss/Documents/cda-mmitss/other/install/carma_cmake_common/share/carma_cmake_common/environment/ament_prefix_path.sh
[0.487s] -- Installing: /home/mmitss/Documents/cda-mmitss/other/install/carma_cmake_common/share/carma_cmake_common/environment/ament_prefix_path.dsv
[0.487s] -- Installing: /home/mmitss/Documents/cda-mmitss/other/install/carma_cmake_common/share/carma_cmake_common/environment/path.sh
[0.487s] -- Installing: /home/mmitss/Documents/cda-mmitss/other/install/carma_cmake_common/share/carma_cmake_common/environment/path.dsv
[0.487s] -- Installing: /home/mmitss/Documents/cda-mmitss/other/install/carma_cmake_common/share/carma_cmake_common/local_setup.bash
[0.487s] -- Installing: /home/mmitss/Documents/cda-mmitss/other/install/carma_cmake_common/share/carma_cmake_common/local_setup.sh
[0.487s] -- Installing: /home/mmitss/Documents/cda-mmitss/other/install/carma_cmake_common/share/carma_cmake_common/local_setup.zsh
[0.487s] -- Installing: /home/mmitss/Documents/cda-mmitss/other/install/carma_cmake_common/share/carma_cmake_common/local_setup.dsv
[0.488s] -- Installing: /home/mmitss/Documents/cda-mmitss/other/install/carma_cmake_common/share/carma_cmake_common/package.dsv
[0.488s] -- Installing: /home/mmitss/Documents/cda-mmitss/other/install/carma_cmake_common/share/ament_index/resource_index/packages/carma_cmake_common
[0.488s] -- Installing: /home/mmitss/Documents/cda-mmitss/other/install/carma_cmake_common/share/carma_cmake_common/cmake/carma_check_ros_version.cmake
[0.488s] -- Installing: /home/mmitss/Documents/cda-mmitss/other/install/carma_cmake_common/share/carma_cmake_common/cmake/carma_package.cmake
[0.488s] -- Installing: /home/mmitss/Documents/cda-mmitss/other/install/carma_cmake_common/share/carma_cmake_common/cmake/carma_define_ament_library.cmake
[0.488s] -- Installing: /home/mmitss/Documents/cda-mmitss/other/install/carma_cmake_common/share/carma_cmake_common/cmake/carma_define_ament_executable.cmake
[0.488s] -- Installing: /home/mmitss/Documents/cda-mmitss/other/install/carma_cmake_common/share/carma_cmake_common/cmake/carma_cmake_commonConfig.cmake
[0.488s] -- Installing: /home/mmitss/Documents/cda-mmitss/other/install/carma_cmake_common/share/carma_cmake_common/cmake/carma_cmake_commonConfig-version.cmake
[0.489s] -- Installing: /home/mmitss/Documents/cda-mmitss/other/install/carma_cmake_common/share/carma_cmake_common/package.xml
[0.489s] -- Up-to-date: /home/mmitss/Documents/cda-mmitss/other/install/carma_cmake_common/share/carma_cmake_common/cmake
[0.489s] -- Up-to-date: /home/mmitss/Documents/cda-mmitss/other/install/carma_cmake_common/share/carma_cmake_common/cmake/carma_package.cmake
[0.489s] -- Up-to-date: /home/mmitss/Documents/cda-mmitss/other/install/carma_cmake_common/share/carma_cmake_common/cmake/carma_define_ament_library.cmake
[0.489s] -- Up-to-date: /home/mmitss/Documents/cda-mmitss/other/install/carma_cmake_common/share/carma_cmake_common/cmake/carma_check_ros_version.cmake
[0.489s] -- Up-to-date: /home/mmitss/Documents/cda-mmitss/other/install/carma_cmake_common/share/carma_cmake_common/cmake/carma_define_ament_executable.cmake
[0.491s] Invoked command in '/home/mmitss/Documents/cda-mmitss/other/build/carma_cmake_common' returned '0': CMAKE_PREFIX_PATH=/opt/ros/foxy CONDA_PROMPT_MODIFIER=(base) /usr/bin/cmake --install /home/mmitss/Documents/cda-mmitss/other/build/carma_cmake_common
