[0.061s] Invoking command in '/home/mmitss/Documents/cda-mmitss/other/build/carma_localization_msgs': CMAKE_PREFIX_PATH=/home/mmitss/Documents/cda-mmitss/other/install/carma_cmake_common:/home/mmitss/Documents/cda-mmitss/other/install/carma_debug_ros2_msgs:/home/mmitss/Documents/cda-mmitss/other/install/carma_planning_msgs:/home/mmitss/Documents/cda-mmitss/other/install/carma_v2x_msgs:/home/mmitss/Documents/cda-mmitss/other/install/j3224_v2x_msgs:/home/mmitss/Documents/cda-mmitss/other/install/j2735_v2x_msgs:/home/mmitss/Documents/cda-mmitss/other/install/carma_perception_msgs:/home/mmitss/Documents/cda-mmitss/other/install/carma_driver_msgs:/home/mmitss/Documents/cda-mmitss/other/install/carma_msgs:/home/mmitss/Documents/cda-mmitss/other/install/carma_localization_msgs:/home/mmitss/Documents/cda-mmitss/other/install/can_msgs:/opt/ros/foxy CONDA_PROMPT_MODIFIER=(base) /usr/bin/cmake --build /home/mmitss/Documents/cda-mmitss/other/build/carma_localization_msgs -- -j8 -l8
[0.185s] [  3%] Built target carma_localization_msgs__cpp
[0.207s] [ 12%] Built target carma_localization_msgs__rosidl_generator_c
[0.253s] [ 22%] Built target carma_localization_msgs__rosidl_typesupport_introspection_cpp
[0.310s] [ 32%] Built target carma_localization_msgs__rosidl_typesupport_fastrtps_cpp
[0.314s] [ 41%] Built target carma_localization_msgs__rosidl_typesupport_cpp
[0.319s] [ 51%] Built target carma_localization_msgs__rosidl_typesupport_introspection_c
[0.329s] [ 61%] Built target carma_localization_msgs__rosidl_typesupport_c
[0.380s] [ 70%] Built target carma_localization_msgs__rosidl_typesupport_fastrtps_c
[0.419s] [ 70%] Built target carma_localization_msgs
[0.467s] [ 74%] Built target carma_localization_msgs__py
[0.515s] [ 80%] Built target carma_localization_msgs__python
[0.572s] [ 87%] Built target carma_localization_msgs__rosidl_typesupport_c__pyext
[0.589s] [ 93%] Built target carma_localization_msgs__rosidl_typesupport_fastrtps_c__pyext
[0.599s] [100%] Built target carma_localization_msgs__rosidl_typesupport_introspection_c__pyext
[0.665s] Invoked command in '/home/mmitss/Documents/cda-mmitss/other/build/carma_localization_msgs' returned '0': CMAKE_PREFIX_PATH=/home/mmitss/Documents/cda-mmitss/other/install/carma_cmake_common:/home/mmitss/Documents/cda-mmitss/other/install/carma_debug_ros2_msgs:/home/mmitss/Documents/cda-mmitss/other/install/carma_planning_msgs:/home/mmitss/Documents/cda-mmitss/other/install/carma_v2x_msgs:/home/mmitss/Documents/cda-mmitss/other/install/j3224_v2x_msgs:/home/mmitss/Documents/cda-mmitss/other/install/j2735_v2x_msgs:/home/mmitss/Documents/cda-mmitss/other/install/carma_perception_msgs:/home/mmitss/Documents/cda-mmitss/other/install/carma_driver_msgs:/home/mmitss/Documents/cda-mmitss/other/install/carma_msgs:/home/mmitss/Documents/cda-mmitss/other/install/carma_localization_msgs:/home/mmitss/Documents/cda-mmitss/other/install/can_msgs:/opt/ros/foxy CONDA_PROMPT_MODIFIER=(base) /usr/bin/cmake --build /home/mmitss/Documents/cda-mmitss/other/build/carma_localization_msgs -- -j8 -l8
[0.824s] Invoking command in '/home/mmitss/Documents/cda-mmitss/other/build/carma_localization_msgs': CMAKE_PREFIX_PATH=/home/mmitss/Documents/cda-mmitss/other/install/carma_cmake_common:/home/mmitss/Documents/cda-mmitss/other/install/carma_debug_ros2_msgs:/home/mmitss/Documents/cda-mmitss/other/install/carma_planning_msgs:/home/mmitss/Documents/cda-mmitss/other/install/carma_v2x_msgs:/home/mmitss/Documents/cda-mmitss/other/install/j3224_v2x_msgs:/home/mmitss/Documents/cda-mmitss/other/install/j2735_v2x_msgs:/home/mmitss/Documents/cda-mmitss/other/install/carma_perception_msgs:/home/mmitss/Documents/cda-mmitss/other/install/carma_driver_msgs:/home/mmitss/Documents/cda-mmitss/other/install/carma_msgs:/home/mmitss/Documents/cda-mmitss/other/install/carma_localization_msgs:/home/mmitss/Documents/cda-mmitss/other/install/can_msgs:/opt/ros/foxy CONDA_PROMPT_MODIFIER=(base) /usr/bin/cmake --install /home/mmitss/Documents/cda-mmitss/other/build/carma_localization_msgs
[0.836s] -- Install configuration: "Release"
[0.836s] -- Up-to-date: /home/mmitss/Documents/cda-mmitss/other/install/carma_localization_msgs/share/ament_index/resource_index/rosidl_interfaces/carma_localization_msgs
[0.837s] -- Up-to-date: /home/mmitss/Documents/cda-mmitss/other/install/carma_localization_msgs/include/carma_localization_msgs
[0.837s] -- Up-to-date: /home/mmitss/Documents/cda-mmitss/other/install/carma_localization_msgs/include/carma_localization_msgs/msg
[0.838s] -- Up-to-date: /home/mmitss/Documents/cda-mmitss/other/install/carma_localization_msgs/include/carma_localization_msgs/msg/localization_status_report.h
[0.838s] -- Up-to-date: /home/mmitss/Documents/cda-mmitss/other/install/carma_localization_msgs/include/carma_localization_msgs/msg/rosidl_generator_c__visibility_control.h
[0.838s] -- Up-to-date: /home/mmitss/Documents/cda-mmitss/other/install/carma_localization_msgs/include/carma_localization_msgs/msg/detail
[0.839s] -- Up-to-date: /home/mmitss/Documents/cda-mmitss/other/install/carma_localization_msgs/include/carma_localization_msgs/msg/detail/localization_status_report__functions.h
[0.839s] -- Up-to-date: /home/mmitss/Documents/cda-mmitss/other/install/carma_localization_msgs/include/carma_localization_msgs/msg/detail/localization_status_report__functions.c
[0.839s] -- Up-to-date: /home/mmitss/Documents/cda-mmitss/other/install/carma_localization_msgs/include/carma_localization_msgs/msg/detail/localization_status_report__struct.h
[0.840s] -- Up-to-date: /home/mmitss/Documents/cda-mmitss/other/install/carma_localization_msgs/include/carma_localization_msgs/msg/detail/localization_status_report__type_support.h
[0.840s] -- Up-to-date: /home/mmitss/Documents/cda-mmitss/other/install/carma_localization_msgs/share/carma_localization_msgs/environment/library_path.sh
[0.840s] -- Up-to-date: /home/mmitss/Documents/cda-mmitss/other/install/carma_localization_msgs/share/carma_localization_msgs/environment/library_path.dsv
[0.840s] -- Up-to-date: /home/mmitss/Documents/cda-mmitss/other/install/carma_localization_msgs/lib/libcarma_localization_msgs__rosidl_generator_c.so
[0.841s] -- Up-to-date: /home/mmitss/Documents/cda-mmitss/other/install/carma_localization_msgs/include/carma_localization_msgs
[0.841s] -- Up-to-date: /home/mmitss/Documents/cda-mmitss/other/install/carma_localization_msgs/include/carma_localization_msgs/msg
[0.841s] -- Up-to-date: /home/mmitss/Documents/cda-mmitss/other/install/carma_localization_msgs/include/carma_localization_msgs/msg/rosidl_typesupport_fastrtps_c__visibility_control.h
[0.841s] -- Up-to-date: /home/mmitss/Documents/cda-mmitss/other/install/carma_localization_msgs/include/carma_localization_msgs/msg/detail
[0.841s] -- Up-to-date: /home/mmitss/Documents/cda-mmitss/other/install/carma_localization_msgs/include/carma_localization_msgs/msg/detail/localization_status_report__rosidl_typesupport_fastrtps_c.h
[0.842s] -- Up-to-date: /home/mmitss/Documents/cda-mmitss/other/install/carma_localization_msgs/lib/libcarma_localization_msgs__rosidl_typesupport_fastrtps_c.so
[0.842s] -- Up-to-date: /home/mmitss/Documents/cda-mmitss/other/install/carma_localization_msgs/include/carma_localization_msgs
[0.843s] -- Up-to-date: /home/mmitss/Documents/cda-mmitss/other/install/carma_localization_msgs/include/carma_localization_msgs/msg
[0.843s] -- Up-to-date: /home/mmitss/Documents/cda-mmitss/other/install/carma_localization_msgs/include/carma_localization_msgs/msg/rosidl_typesupport_fastrtps_cpp__visibility_control.h
[0.843s] -- Up-to-date: /home/mmitss/Documents/cda-mmitss/other/install/carma_localization_msgs/include/carma_localization_msgs/msg/detail
[0.843s] -- Up-to-date: /home/mmitss/Documents/cda-mmitss/other/install/carma_localization_msgs/include/carma_localization_msgs/msg/detail/localization_status_report__rosidl_typesupport_fastrtps_cpp.hpp
[0.843s] -- Up-to-date: /home/mmitss/Documents/cda-mmitss/other/install/carma_localization_msgs/include/carma_localization_msgs/msg/detail/dds_fastrtps
[0.843s] -- Up-to-date: /home/mmitss/Documents/cda-mmitss/other/install/carma_localization_msgs/lib/libcarma_localization_msgs__rosidl_typesupport_fastrtps_cpp.so
[0.843s] -- Up-to-date: /home/mmitss/Documents/cda-mmitss/other/install/carma_localization_msgs/include/carma_localization_msgs
[0.844s] -- Up-to-date: /home/mmitss/Documents/cda-mmitss/other/install/carma_localization_msgs/include/carma_localization_msgs/msg
[0.844s] -- Up-to-date: /home/mmitss/Documents/cda-mmitss/other/install/carma_localization_msgs/include/carma_localization_msgs/msg/rosidl_typesupport_introspection_c__visibility_control.h
[0.844s] -- Up-to-date: /home/mmitss/Documents/cda-mmitss/other/install/carma_localization_msgs/include/carma_localization_msgs/msg/detail
[0.844s] -- Up-to-date: /home/mmitss/Documents/cda-mmitss/other/install/carma_localization_msgs/include/carma_localization_msgs/msg/detail/localization_status_report__rosidl_typesupport_introspection_c.h
[0.844s] -- Up-to-date: /home/mmitss/Documents/cda-mmitss/other/install/carma_localization_msgs/include/carma_localization_msgs/msg/detail/localization_status_report__type_support.c
[0.845s] -- Up-to-date: /home/mmitss/Documents/cda-mmitss/other/install/carma_localization_msgs/lib/libcarma_localization_msgs__rosidl_typesupport_introspection_c.so
[0.845s] -- Up-to-date: /home/mmitss/Documents/cda-mmitss/other/install/carma_localization_msgs/lib/libcarma_localization_msgs__rosidl_typesupport_c.so
[0.845s] -- Up-to-date: /home/mmitss/Documents/cda-mmitss/other/install/carma_localization_msgs/include/carma_localization_msgs
[0.845s] -- Up-to-date: /home/mmitss/Documents/cda-mmitss/other/install/carma_localization_msgs/include/carma_localization_msgs/msg
[0.845s] -- Up-to-date: /home/mmitss/Documents/cda-mmitss/other/install/carma_localization_msgs/include/carma_localization_msgs/msg/rosidl_generator_cpp__visibility_control.hpp
[0.846s] -- Up-to-date: /home/mmitss/Documents/cda-mmitss/other/install/carma_localization_msgs/include/carma_localization_msgs/msg/detail
[0.846s] -- Up-to-date: /home/mmitss/Documents/cda-mmitss/other/install/carma_localization_msgs/include/carma_localization_msgs/msg/detail/localization_status_report__traits.hpp
[0.846s] -- Up-to-date: /home/mmitss/Documents/cda-mmitss/other/install/carma_localization_msgs/include/carma_localization_msgs/msg/detail/localization_status_report__builder.hpp
[0.847s] -- Up-to-date: /home/mmitss/Documents/cda-mmitss/other/install/carma_localization_msgs/include/carma_localization_msgs/msg/detail/localization_status_report__type_support.hpp
[0.849s] -- Up-to-date: /home/mmitss/Documents/cda-mmitss/other/install/carma_localization_msgs/include/carma_localization_msgs/msg/detail/localization_status_report__struct.hpp
[0.850s] -- Up-to-date: /home/mmitss/Documents/cda-mmitss/other/install/carma_localization_msgs/include/carma_localization_msgs/msg/localization_status_report.hpp
[0.850s] -- Up-to-date: /home/mmitss/Documents/cda-mmitss/other/install/carma_localization_msgs/include/carma_localization_msgs
[0.850s] -- Up-to-date: /home/mmitss/Documents/cda-mmitss/other/install/carma_localization_msgs/include/carma_localization_msgs/msg
[0.850s] -- Up-to-date: /home/mmitss/Documents/cda-mmitss/other/install/carma_localization_msgs/include/carma_localization_msgs/msg/detail
[0.850s] -- Up-to-date: /home/mmitss/Documents/cda-mmitss/other/install/carma_localization_msgs/include/carma_localization_msgs/msg/detail/localization_status_report__rosidl_typesupport_introspection_cpp.hpp
[0.850s] -- Up-to-date: /home/mmitss/Documents/cda-mmitss/other/install/carma_localization_msgs/include/carma_localization_msgs/msg/detail/localization_status_report__type_support.cpp
[0.851s] -- Up-to-date: /home/mmitss/Documents/cda-mmitss/other/install/carma_localization_msgs/lib/libcarma_localization_msgs__rosidl_typesupport_introspection_cpp.so
[0.851s] -- Up-to-date: /home/mmitss/Documents/cda-mmitss/other/install/carma_localization_msgs/lib/libcarma_localization_msgs__rosidl_typesupport_cpp.so
[0.851s] -- Up-to-date: /home/mmitss/Documents/cda-mmitss/other/install/carma_localization_msgs/share/carma_localization_msgs/environment/pythonpath.sh
[0.851s] -- Up-to-date: /home/mmitss/Documents/cda-mmitss/other/install/carma_localization_msgs/share/carma_localization_msgs/environment/pythonpath.dsv
[0.851s] -- Up-to-date: /home/mmitss/Documents/cda-mmitss/other/install/carma_localization_msgs/lib/python3.8/site-packages/carma_localization_msgs/__init__.py
[0.920s] -- Up-to-date: /home/mmitss/Documents/cda-mmitss/other/install/carma_localization_msgs/lib/python3.8/site-packages/carma_localization_msgs/msg
[0.921s] -- Up-to-date: /home/mmitss/Documents/cda-mmitss/other/install/carma_localization_msgs/lib/python3.8/site-packages/carma_localization_msgs/msg/_localization_status_report_s.c
[0.921s] -- Up-to-date: /home/mmitss/Documents/cda-mmitss/other/install/carma_localization_msgs/lib/python3.8/site-packages/carma_localization_msgs/msg/_localization_status_report.py
[0.921s] -- Up-to-date: /home/mmitss/Documents/cda-mmitss/other/install/carma_localization_msgs/lib/python3.8/site-packages/carma_localization_msgs/msg/__init__.py
[0.921s] -- Up-to-date: /home/mmitss/Documents/cda-mmitss/other/install/carma_localization_msgs/lib/python3.8/site-packages/carma_localization_msgs/carma_localization_msgs_s__rosidl_typesupport_fastrtps_c.cpython-38-x86_64-linux-gnu.so
[0.922s] -- Up-to-date: /home/mmitss/Documents/cda-mmitss/other/install/carma_localization_msgs/lib/python3.8/site-packages/carma_localization_msgs/carma_localization_msgs_s__rosidl_typesupport_introspection_c.cpython-38-x86_64-linux-gnu.so
[0.935s] -- Up-to-date: /home/mmitss/Documents/cda-mmitss/other/install/carma_localization_msgs/lib/python3.8/site-packages/carma_localization_msgs/carma_localization_msgs_s__rosidl_typesupport_c.cpython-38-x86_64-linux-gnu.so
[0.936s] -- Up-to-date: /home/mmitss/Documents/cda-mmitss/other/install/carma_localization_msgs/lib/libcarma_localization_msgs__python.so
[0.936s] -- Up-to-date: /home/mmitss/Documents/cda-mmitss/other/install/carma_localization_msgs/share/carma_localization_msgs/msg/LocalizationStatusReport.idl
[0.936s] -- Up-to-date: /home/mmitss/Documents/cda-mmitss/other/install/carma_localization_msgs/share/carma_localization_msgs/msg/LocalizationStatusReport.msg
[0.936s] -- Up-to-date: /home/mmitss/Documents/cda-mmitss/other/install/carma_localization_msgs/share/ament_index/resource_index/package_run_dependencies/carma_localization_msgs
[0.936s] -- Up-to-date: /home/mmitss/Documents/cda-mmitss/other/install/carma_localization_msgs/share/ament_index/resource_index/parent_prefix_path/carma_localization_msgs
[0.936s] -- Up-to-date: /home/mmitss/Documents/cda-mmitss/other/install/carma_localization_msgs/share/carma_localization_msgs/environment/ament_prefix_path.sh
[0.936s] -- Up-to-date: /home/mmitss/Documents/cda-mmitss/other/install/carma_localization_msgs/share/carma_localization_msgs/environment/ament_prefix_path.dsv
[0.936s] -- Up-to-date: /home/mmitss/Documents/cda-mmitss/other/install/carma_localization_msgs/share/carma_localization_msgs/environment/path.sh
[0.937s] -- Up-to-date: /home/mmitss/Documents/cda-mmitss/other/install/carma_localization_msgs/share/carma_localization_msgs/environment/path.dsv
[0.937s] -- Up-to-date: /home/mmitss/Documents/cda-mmitss/other/install/carma_localization_msgs/share/carma_localization_msgs/local_setup.bash
[0.937s] -- Up-to-date: /home/mmitss/Documents/cda-mmitss/other/install/carma_localization_msgs/share/carma_localization_msgs/local_setup.sh
[0.937s] -- Up-to-date: /home/mmitss/Documents/cda-mmitss/other/install/carma_localization_msgs/share/carma_localization_msgs/local_setup.zsh
[0.937s] -- Up-to-date: /home/mmitss/Documents/cda-mmitss/other/install/carma_localization_msgs/share/carma_localization_msgs/local_setup.dsv
[0.937s] -- Installing: /home/mmitss/Documents/cda-mmitss/other/install/carma_localization_msgs/share/carma_localization_msgs/package.dsv
[0.937s] -- Up-to-date: /home/mmitss/Documents/cda-mmitss/other/install/carma_localization_msgs/share/ament_index/resource_index/packages/carma_localization_msgs
[0.937s] -- Up-to-date: /home/mmitss/Documents/cda-mmitss/other/install/carma_localization_msgs/share/carma_localization_msgs/cmake/carma_localization_msgs__rosidl_generator_cExport.cmake
[0.937s] -- Up-to-date: /home/mmitss/Documents/cda-mmitss/other/install/carma_localization_msgs/share/carma_localization_msgs/cmake/carma_localization_msgs__rosidl_generator_cExport-release.cmake
[0.937s] -- Up-to-date: /home/mmitss/Documents/cda-mmitss/other/install/carma_localization_msgs/share/carma_localization_msgs/cmake/carma_localization_msgs__rosidl_typesupport_introspection_cExport.cmake
[0.938s] -- Up-to-date: /home/mmitss/Documents/cda-mmitss/other/install/carma_localization_msgs/share/carma_localization_msgs/cmake/carma_localization_msgs__rosidl_typesupport_introspection_cExport-release.cmake
[0.938s] -- Up-to-date: /home/mmitss/Documents/cda-mmitss/other/install/carma_localization_msgs/share/carma_localization_msgs/cmake/carma_localization_msgs__rosidl_typesupport_cExport.cmake
[0.938s] -- Up-to-date: /home/mmitss/Documents/cda-mmitss/other/install/carma_localization_msgs/share/carma_localization_msgs/cmake/carma_localization_msgs__rosidl_typesupport_cExport-release.cmake
[0.938s] -- Up-to-date: /home/mmitss/Documents/cda-mmitss/other/install/carma_localization_msgs/share/carma_localization_msgs/cmake/carma_localization_msgs__rosidl_generator_cppExport.cmake
[0.938s] -- Up-to-date: /home/mmitss/Documents/cda-mmitss/other/install/carma_localization_msgs/share/carma_localization_msgs/cmake/carma_localization_msgs__rosidl_typesupport_introspection_cppExport.cmake
[0.938s] -- Up-to-date: /home/mmitss/Documents/cda-mmitss/other/install/carma_localization_msgs/share/carma_localization_msgs/cmake/carma_localization_msgs__rosidl_typesupport_introspection_cppExport-release.cmake
[0.938s] -- Up-to-date: /home/mmitss/Documents/cda-mmitss/other/install/carma_localization_msgs/share/carma_localization_msgs/cmake/carma_localization_msgs__rosidl_typesupport_cppExport.cmake
[0.938s] -- Up-to-date: /home/mmitss/Documents/cda-mmitss/other/install/carma_localization_msgs/share/carma_localization_msgs/cmake/carma_localization_msgs__rosidl_typesupport_cppExport-release.cmake
[0.938s] -- Up-to-date: /home/mmitss/Documents/cda-mmitss/other/install/carma_localization_msgs/share/carma_localization_msgs/cmake/rosidl_cmake-extras.cmake
[0.938s] -- Up-to-date: /home/mmitss/Documents/cda-mmitss/other/install/carma_localization_msgs/share/carma_localization_msgs/cmake/ament_cmake_export_dependencies-extras.cmake
[0.939s] -- Up-to-date: /home/mmitss/Documents/cda-mmitss/other/install/carma_localization_msgs/share/carma_localization_msgs/cmake/ament_cmake_export_libraries-extras.cmake
[0.939s] -- Up-to-date: /home/mmitss/Documents/cda-mmitss/other/install/carma_localization_msgs/share/carma_localization_msgs/cmake/ament_cmake_export_targets-extras.cmake
[0.939s] -- Up-to-date: /home/mmitss/Documents/cda-mmitss/other/install/carma_localization_msgs/share/carma_localization_msgs/cmake/ament_cmake_export_include_directories-extras.cmake
[0.939s] -- Up-to-date: /home/mmitss/Documents/cda-mmitss/other/install/carma_localization_msgs/share/carma_localization_msgs/cmake/rosidl_cmake_export_typesupport_libraries-extras.cmake
[0.939s] -- Up-to-date: /home/mmitss/Documents/cda-mmitss/other/install/carma_localization_msgs/share/carma_localization_msgs/cmake/rosidl_cmake_export_typesupport_targets-extras.cmake
[0.939s] -- Up-to-date: /home/mmitss/Documents/cda-mmitss/other/install/carma_localization_msgs/share/carma_localization_msgs/cmake/carma_localization_msgsConfig.cmake
[0.939s] -- Up-to-date: /home/mmitss/Documents/cda-mmitss/other/install/carma_localization_msgs/share/carma_localization_msgs/cmake/carma_localization_msgsConfig-version.cmake
[0.939s] -- Up-to-date: /home/mmitss/Documents/cda-mmitss/other/install/carma_localization_msgs/share/carma_localization_msgs/package.xml
[0.939s] -- Up-to-date: /home/mmitss/Documents/cda-mmitss/other/install/carma_localization_msgs/share/carma_localization_msgs/rule.yml
[0.955s] Invoked command in '/home/mmitss/Documents/cda-mmitss/other/build/carma_localization_msgs' returned '0': CMAKE_PREFIX_PATH=/home/mmitss/Documents/cda-mmitss/other/install/carma_cmake_common:/home/mmitss/Documents/cda-mmitss/other/install/carma_debug_ros2_msgs:/home/mmitss/Documents/cda-mmitss/other/install/carma_planning_msgs:/home/mmitss/Documents/cda-mmitss/other/install/carma_v2x_msgs:/home/mmitss/Documents/cda-mmitss/other/install/j3224_v2x_msgs:/home/mmitss/Documents/cda-mmitss/other/install/j2735_v2x_msgs:/home/mmitss/Documents/cda-mmitss/other/install/carma_perception_msgs:/home/mmitss/Documents/cda-mmitss/other/install/carma_driver_msgs:/home/mmitss/Documents/cda-mmitss/other/install/carma_msgs:/home/mmitss/Documents/cda-mmitss/other/install/carma_localization_msgs:/home/mmitss/Documents/cda-mmitss/other/install/can_msgs:/opt/ros/foxy CONDA_PROMPT_MODIFIER=(base) /usr/bin/cmake --install /home/mmitss/Documents/cda-mmitss/other/build/carma_localization_msgs
