[0.298s] DEBUG:colcon:Command line arguments: ['/usr/bin/colcon', 'build', '--packages-select', 'carma-ros2-decoder']
[0.298s] DEBUG:colcon:Parsed command line arguments: Namespace(allow_overriding=[], ament_cmake_args=None, base_paths=['.'], build_base='build', catkin_cmake_args=None, catkin_skip_building_tests=False, cmake_args=None, cmake_clean_cache=False, cmake_clean_first=False, cmake_force_configure=False, cmake_target=None, cmake_target_skip_unavailable=False, continue_on_error=False, event_handlers=None, executor='parallel', ignore_user_meta=False, install_base='install', log_base=None, log_level=None, main=<bound method BuildVerb.main of <colcon_core.verb.build.BuildVerb object at 0x7f9d72798220>>, merge_install=False, metas=['./colcon.meta'], packages_above=None, packages_above_and_dependencies=None, packages_above_depth=None, packages_end=None, packages_ignore=None, packages_ignore_regex=None, packages_select=['carma-ros2-decoder'], packages_select_build_failed=False, packages_select_by_dep=None, packages_select_regex=None, packages_select_test_failures=False, packages_skip=None, packages_skip_build_finished=False, packages_skip_by_dep=None, packages_skip_regex=None, packages_skip_test_passed=False, packages_skip_up_to=None, packages_start=None, packages_up_to=None, packages_up_to_regex=None, parallel_workers=8, paths=None, symlink_install=False, test_result_base=None, verb_extension=<colcon_core.verb.build.BuildVerb object at 0x7f9d72798220>, verb_name='build', verb_parser=<colcon_defaults.argument_parser.defaults.DefaultArgumentsDecorator object at 0x7f9d72798760>)
[0.330s] Level 1:colcon.colcon_core.package_discovery:discover_packages(colcon_meta) check parameters
[0.330s] Level 1:colcon.colcon_core.package_discovery:discover_packages(recursive) check parameters
[0.331s] Level 1:colcon.colcon_core.package_discovery:discover_packages(ignore) check parameters
[0.331s] Level 1:colcon.colcon_core.package_discovery:discover_packages(path) check parameters
[0.331s] Level 1:colcon.colcon_core.package_discovery:discover_packages(colcon_meta) discover
[0.331s] Level 1:colcon.colcon_core.package_discovery:discover_packages(recursive) discover
[0.331s] INFO:colcon.colcon_core.package_discovery:Crawling recursively for packages in '/home/mmitss/Documents/cda-mmitss/mmitss/src/common'
[0.331s] Level 1:colcon.colcon_core.package_identification:_identify(.) by extensions ['ignore', 'ignore_ament_install']
[0.331s] Level 1:colcon.colcon_core.package_identification:_identify(.) by extension 'ignore'
[0.331s] Level 1:colcon.colcon_core.package_identification:_identify(.) by extension 'ignore_ament_install'
[0.331s] Level 1:colcon.colcon_core.package_identification:_identify(.) by extensions ['colcon_pkg']
[0.331s] Level 1:colcon.colcon_core.package_identification:_identify(.) by extension 'colcon_pkg'
[0.331s] Level 1:colcon.colcon_core.package_identification:_identify(.) by extensions ['colcon_meta']
[0.331s] Level 1:colcon.colcon_core.package_identification:_identify(.) by extension 'colcon_meta'
[0.331s] Level 1:colcon.colcon_core.package_identification:_identify(.) by extensions ['ros']
[0.331s] Level 1:colcon.colcon_core.package_identification:_identify(.) by extension 'ros'
[0.341s] Level 1:colcon.colcon_core.package_identification:_identify(.) by extensions ['cmake', 'python']
[0.341s] Level 1:colcon.colcon_core.package_identification:_identify(.) by extension 'cmake'
[0.341s] Level 1:colcon.colcon_core.package_identification:_identify(.) by extension 'python'
[0.341s] Level 1:colcon.colcon_core.package_identification:_identify(.) by extensions ['python_setup_py']
[0.341s] Level 1:colcon.colcon_core.package_identification:_identify(.) by extension 'python_setup_py'
[0.341s] Level 1:colcon.colcon_core.package_identification:_identify(MsgTransceiver) by extensions ['ignore', 'ignore_ament_install']
[0.341s] Level 1:colcon.colcon_core.package_identification:_identify(MsgTransceiver) by extension 'ignore'
[0.341s] Level 1:colcon.colcon_core.package_identification:_identify(MsgTransceiver) by extension 'ignore_ament_install'
[0.341s] Level 1:colcon.colcon_core.package_identification:_identify(MsgTransceiver) by extensions ['colcon_pkg']
[0.341s] Level 1:colcon.colcon_core.package_identification:_identify(MsgTransceiver) by extension 'colcon_pkg'
[0.341s] Level 1:colcon.colcon_core.package_identification:_identify(MsgTransceiver) by extensions ['colcon_meta']
[0.342s] Level 1:colcon.colcon_core.package_identification:_identify(MsgTransceiver) by extension 'colcon_meta'
[0.342s] Level 1:colcon.colcon_core.package_identification:_identify(MsgTransceiver) by extensions ['ros']
[0.342s] Level 1:colcon.colcon_core.package_identification:_identify(MsgTransceiver) by extension 'ros'
[0.342s] Level 1:colcon.colcon_core.package_identification:_identify(MsgTransceiver) by extensions ['cmake', 'python']
[0.342s] Level 1:colcon.colcon_core.package_identification:_identify(MsgTransceiver) by extension 'cmake'
[0.342s] Level 1:colcon.colcon_core.package_identification:_identify(MsgTransceiver) by extension 'python'
[0.342s] Level 1:colcon.colcon_core.package_identification:_identify(MsgTransceiver) by extensions ['python_setup_py']
[0.342s] Level 1:colcon.colcon_core.package_identification:_identify(MsgTransceiver) by extension 'python_setup_py'
[0.342s] Level 1:colcon.colcon_core.package_identification:_identify(MsgTransceiver/CarmaDecoder) by extensions ['ignore', 'ignore_ament_install']
[0.342s] Level 1:colcon.colcon_core.package_identification:_identify(MsgTransceiver/CarmaDecoder) by extension 'ignore'
[0.342s] Level 1:colcon.colcon_core.package_identification:_identify(MsgTransceiver/CarmaDecoder) by extension 'ignore_ament_install'
[0.342s] Level 1:colcon.colcon_core.package_identification:_identify(MsgTransceiver/CarmaDecoder) by extensions ['colcon_pkg']
[0.342s] Level 1:colcon.colcon_core.package_identification:_identify(MsgTransceiver/CarmaDecoder) by extension 'colcon_pkg'
[0.342s] Level 1:colcon.colcon_core.package_identification:_identify(MsgTransceiver/CarmaDecoder) by extensions ['colcon_meta']
[0.342s] Level 1:colcon.colcon_core.package_identification:_identify(MsgTransceiver/CarmaDecoder) by extension 'colcon_meta'
[0.342s] Level 1:colcon.colcon_core.package_identification:_identify(MsgTransceiver/CarmaDecoder) by extensions ['ros']
[0.342s] Level 1:colcon.colcon_core.package_identification:_identify(MsgTransceiver/CarmaDecoder) by extension 'ros'
[0.342s] Level 1:colcon.colcon_core.package_identification:_identify(MsgTransceiver/CarmaDecoder) by extensions ['cmake', 'python']
[0.342s] Level 1:colcon.colcon_core.package_identification:_identify(MsgTransceiver/CarmaDecoder) by extension 'cmake'
[0.342s] Level 1:colcon.colcon_core.package_identification:_identify(MsgTransceiver/CarmaDecoder) by extension 'python'
[0.342s] Level 1:colcon.colcon_core.package_identification:_identify(MsgTransceiver/CarmaDecoder) by extensions ['python_setup_py']
[0.343s] Level 1:colcon.colcon_core.package_identification:_identify(MsgTransceiver/CarmaDecoder) by extension 'python_setup_py'
[0.343s] Level 1:colcon.colcon_core.package_identification:_identify(MsgTransceiver/CarmaDecoderRos2) by extensions ['ignore', 'ignore_ament_install']
[0.343s] Level 1:colcon.colcon_core.package_identification:_identify(MsgTransceiver/CarmaDecoderRos2) by extension 'ignore'
[0.343s] Level 1:colcon.colcon_core.package_identification:_identify(MsgTransceiver/CarmaDecoderRos2) by extension 'ignore_ament_install'
[0.343s] Level 1:colcon.colcon_core.package_identification:_identify(MsgTransceiver/CarmaDecoderRos2) by extensions ['colcon_pkg']
[0.343s] Level 1:colcon.colcon_core.package_identification:_identify(MsgTransceiver/CarmaDecoderRos2) by extension 'colcon_pkg'
[0.343s] Level 1:colcon.colcon_core.package_identification:_identify(MsgTransceiver/CarmaDecoderRos2) by extensions ['colcon_meta']
[0.343s] Level 1:colcon.colcon_core.package_identification:_identify(MsgTransceiver/CarmaDecoderRos2) by extension 'colcon_meta'
[0.343s] Level 1:colcon.colcon_core.package_identification:_identify(MsgTransceiver/CarmaDecoderRos2) by extensions ['ros']
[0.343s] Level 1:colcon.colcon_core.package_identification:_identify(MsgTransceiver/CarmaDecoderRos2) by extension 'ros'
[0.345s] DEBUG:colcon.colcon_core.package_identification:Package 'MsgTransceiver/CarmaDecoderRos2' with type 'ros.ament_cmake' and name 'carma-ros2-decoder'
[0.345s] Level 1:colcon.colcon_core.package_identification:_identify(MsgTransceiver/CarmaEncoder) by extensions ['ignore', 'ignore_ament_install']
[0.345s] Level 1:colcon.colcon_core.package_identification:_identify(MsgTransceiver/CarmaEncoder) by extension 'ignore'
[0.345s] Level 1:colcon.colcon_core.package_identification:_identify(MsgTransceiver/CarmaEncoder) by extension 'ignore_ament_install'
[0.345s] Level 1:colcon.colcon_core.package_identification:_identify(MsgTransceiver/CarmaEncoder) by extensions ['colcon_pkg']
[0.346s] Level 1:colcon.colcon_core.package_identification:_identify(MsgTransceiver/CarmaEncoder) by extension 'colcon_pkg'
[0.346s] Level 1:colcon.colcon_core.package_identification:_identify(MsgTransceiver/CarmaEncoder) by extensions ['colcon_meta']
[0.346s] Level 1:colcon.colcon_core.package_identification:_identify(MsgTransceiver/CarmaEncoder) by extension 'colcon_meta'
[0.346s] Level 1:colcon.colcon_core.package_identification:_identify(MsgTransceiver/CarmaEncoder) by extensions ['ros']
[0.346s] Level 1:colcon.colcon_core.package_identification:_identify(MsgTransceiver/CarmaEncoder) by extension 'ros'
[0.346s] Level 1:colcon.colcon_core.package_identification:_identify(MsgTransceiver/CarmaEncoder) by extensions ['cmake', 'python']
[0.346s] Level 1:colcon.colcon_core.package_identification:_identify(MsgTransceiver/CarmaEncoder) by extension 'cmake'
[0.346s] Level 1:colcon.colcon_core.package_identification:_identify(MsgTransceiver/CarmaEncoder) by extension 'python'
[0.346s] Level 1:colcon.colcon_core.package_identification:_identify(MsgTransceiver/CarmaEncoder) by extensions ['python_setup_py']
[0.346s] Level 1:colcon.colcon_core.package_identification:_identify(MsgTransceiver/CarmaEncoder) by extension 'python_setup_py'
[0.346s] Level 1:colcon.colcon_core.package_identification:_identify(MsgTransceiver/CarmaEncoderRos2) by extensions ['ignore', 'ignore_ament_install']
[0.346s] Level 1:colcon.colcon_core.package_identification:_identify(MsgTransceiver/CarmaEncoderRos2) by extension 'ignore'
[0.346s] Level 1:colcon.colcon_core.package_identification:_identify(MsgTransceiver/CarmaEncoderRos2) by extension 'ignore_ament_install'
[0.346s] Level 1:colcon.colcon_core.package_identification:_identify(MsgTransceiver/CarmaEncoderRos2) by extensions ['colcon_pkg']
[0.346s] Level 1:colcon.colcon_core.package_identification:_identify(MsgTransceiver/CarmaEncoderRos2) by extension 'colcon_pkg'
[0.346s] Level 1:colcon.colcon_core.package_identification:_identify(MsgTransceiver/CarmaEncoderRos2) by extensions ['colcon_meta']
[0.346s] Level 1:colcon.colcon_core.package_identification:_identify(MsgTransceiver/CarmaEncoderRos2) by extension 'colcon_meta'
[0.346s] Level 1:colcon.colcon_core.package_identification:_identify(MsgTransceiver/CarmaEncoderRos2) by extensions ['ros']
[0.346s] Level 1:colcon.colcon_core.package_identification:_identify(MsgTransceiver/CarmaEncoderRos2) by extension 'ros'
[0.347s] DEBUG:colcon.colcon_core.package_identification:Package 'MsgTransceiver/CarmaEncoderRos2' with type 'ros.ament_cmake' and name 'carma-ros2-encoder'
[0.347s] Level 1:colcon.colcon_core.package_identification:_identify(MsgTransceiver/MsgDecoder) by extensions ['ignore', 'ignore_ament_install']
[0.347s] Level 1:colcon.colcon_core.package_identification:_identify(MsgTransceiver/MsgDecoder) by extension 'ignore'
[0.347s] Level 1:colcon.colcon_core.package_identification:_identify(MsgTransceiver/MsgDecoder) by extension 'ignore_ament_install'
[0.347s] Level 1:colcon.colcon_core.package_identification:_identify(MsgTransceiver/MsgDecoder) by extensions ['colcon_pkg']
[0.347s] Level 1:colcon.colcon_core.package_identification:_identify(MsgTransceiver/MsgDecoder) by extension 'colcon_pkg'
[0.347s] Level 1:colcon.colcon_core.package_identification:_identify(MsgTransceiver/MsgDecoder) by extensions ['colcon_meta']
[0.347s] Level 1:colcon.colcon_core.package_identification:_identify(MsgTransceiver/MsgDecoder) by extension 'colcon_meta'
[0.347s] Level 1:colcon.colcon_core.package_identification:_identify(MsgTransceiver/MsgDecoder) by extensions ['ros']
[0.347s] Level 1:colcon.colcon_core.package_identification:_identify(MsgTransceiver/MsgDecoder) by extension 'ros'
[0.348s] Level 1:colcon.colcon_core.package_identification:_identify(MsgTransceiver/MsgDecoder) by extensions ['cmake', 'python']
[0.348s] Level 1:colcon.colcon_core.package_identification:_identify(MsgTransceiver/MsgDecoder) by extension 'cmake'
[0.348s] Level 1:colcon.colcon_core.package_identification:_identify(MsgTransceiver/MsgDecoder) by extension 'python'
[0.348s] Level 1:colcon.colcon_core.package_identification:_identify(MsgTransceiver/MsgDecoder) by extensions ['python_setup_py']
[0.348s] Level 1:colcon.colcon_core.package_identification:_identify(MsgTransceiver/MsgDecoder) by extension 'python_setup_py'
[0.348s] Level 1:colcon.colcon_core.package_identification:_identify(MsgTransceiver/MsgDecoder/HostBsmDecoder) by extensions ['ignore', 'ignore_ament_install']
[0.348s] Level 1:colcon.colcon_core.package_identification:_identify(MsgTransceiver/MsgDecoder/HostBsmDecoder) by extension 'ignore'
[0.348s] Level 1:colcon.colcon_core.package_identification:_identify(MsgTransceiver/MsgDecoder/HostBsmDecoder) by extension 'ignore_ament_install'
[0.348s] Level 1:colcon.colcon_core.package_identification:_identify(MsgTransceiver/MsgDecoder/HostBsmDecoder) by extensions ['colcon_pkg']
[0.348s] Level 1:colcon.colcon_core.package_identification:_identify(MsgTransceiver/MsgDecoder/HostBsmDecoder) by extension 'colcon_pkg'
[0.348s] Level 1:colcon.colcon_core.package_identification:_identify(MsgTransceiver/MsgDecoder/HostBsmDecoder) by extensions ['colcon_meta']
[0.348s] Level 1:colcon.colcon_core.package_identification:_identify(MsgTransceiver/MsgDecoder/HostBsmDecoder) by extension 'colcon_meta'
[0.348s] Level 1:colcon.colcon_core.package_identification:_identify(MsgTransceiver/MsgDecoder/HostBsmDecoder) by extensions ['ros']
[0.348s] Level 1:colcon.colcon_core.package_identification:_identify(MsgTransceiver/MsgDecoder/HostBsmDecoder) by extension 'ros'
[0.348s] Level 1:colcon.colcon_core.package_identification:_identify(MsgTransceiver/MsgDecoder/HostBsmDecoder) by extensions ['cmake', 'python']
[0.348s] Level 1:colcon.colcon_core.package_identification:_identify(MsgTransceiver/MsgDecoder/HostBsmDecoder) by extension 'cmake'
[0.348s] Level 1:colcon.colcon_core.package_identification:_identify(MsgTransceiver/MsgDecoder/HostBsmDecoder) by extension 'python'
[0.348s] Level 1:colcon.colcon_core.package_identification:_identify(MsgTransceiver/MsgDecoder/HostBsmDecoder) by extensions ['python_setup_py']
[0.348s] Level 1:colcon.colcon_core.package_identification:_identify(MsgTransceiver/MsgDecoder/HostBsmDecoder) by extension 'python_setup_py'
[0.348s] Level 1:colcon.colcon_core.package_identification:_identify(MsgTransceiver/MsgDecoder/WirelessMsgDecoder) by extensions ['ignore', 'ignore_ament_install']
[0.349s] Level 1:colcon.colcon_core.package_identification:_identify(MsgTransceiver/MsgDecoder/WirelessMsgDecoder) by extension 'ignore'
[0.349s] Level 1:colcon.colcon_core.package_identification:_identify(MsgTransceiver/MsgDecoder/WirelessMsgDecoder) by extension 'ignore_ament_install'
[0.349s] Level 1:colcon.colcon_core.package_identification:_identify(MsgTransceiver/MsgDecoder/WirelessMsgDecoder) by extensions ['colcon_pkg']
[0.349s] Level 1:colcon.colcon_core.package_identification:_identify(MsgTransceiver/MsgDecoder/WirelessMsgDecoder) by extension 'colcon_pkg'
[0.349s] Level 1:colcon.colcon_core.package_identification:_identify(MsgTransceiver/MsgDecoder/WirelessMsgDecoder) by extensions ['colcon_meta']
[0.349s] Level 1:colcon.colcon_core.package_identification:_identify(MsgTransceiver/MsgDecoder/WirelessMsgDecoder) by extension 'colcon_meta'
[0.349s] Level 1:colcon.colcon_core.package_identification:_identify(MsgTransceiver/MsgDecoder/WirelessMsgDecoder) by extensions ['ros']
[0.349s] Level 1:colcon.colcon_core.package_identification:_identify(MsgTransceiver/MsgDecoder/WirelessMsgDecoder) by extension 'ros'
[0.349s] Level 1:colcon.colcon_core.package_identification:_identify(MsgTransceiver/MsgDecoder/WirelessMsgDecoder) by extensions ['cmake', 'python']
[0.349s] Level 1:colcon.colcon_core.package_identification:_identify(MsgTransceiver/MsgDecoder/WirelessMsgDecoder) by extension 'cmake'
[0.349s] Level 1:colcon.colcon_core.package_identification:_identify(MsgTransceiver/MsgDecoder/WirelessMsgDecoder) by extension 'python'
[0.349s] Level 1:colcon.colcon_core.package_identification:_identify(MsgTransceiver/MsgDecoder/WirelessMsgDecoder) by extensions ['python_setup_py']
[0.349s] Level 1:colcon.colcon_core.package_identification:_identify(MsgTransceiver/MsgDecoder/WirelessMsgDecoder) by extension 'python_setup_py'
[0.349s] Level 1:colcon.colcon_core.package_identification:_identify(MsgTransceiver/MsgEncoder) by extensions ['ignore', 'ignore_ament_install']
[0.350s] Level 1:colcon.colcon_core.package_identification:_identify(MsgTransceiver/MsgEncoder) by extension 'ignore'
[0.350s] Level 1:colcon.colcon_core.package_identification:_identify(MsgTransceiver/MsgEncoder) by extension 'ignore_ament_install'
[0.350s] Level 1:colcon.colcon_core.package_identification:_identify(MsgTransceiver/MsgEncoder) by extensions ['colcon_pkg']
[0.350s] Level 1:colcon.colcon_core.package_identification:_identify(MsgTransceiver/MsgEncoder) by extension 'colcon_pkg'
[0.350s] Level 1:colcon.colcon_core.package_identification:_identify(MsgTransceiver/MsgEncoder) by extensions ['colcon_meta']
[0.350s] Level 1:colcon.colcon_core.package_identification:_identify(MsgTransceiver/MsgEncoder) by extension 'colcon_meta'
[0.350s] Level 1:colcon.colcon_core.package_identification:_identify(MsgTransceiver/MsgEncoder) by extensions ['ros']
[0.350s] Level 1:colcon.colcon_core.package_identification:_identify(MsgTransceiver/MsgEncoder) by extension 'ros'
[0.350s] Level 1:colcon.colcon_core.package_identification:_identify(MsgTransceiver/MsgEncoder) by extensions ['cmake', 'python']
[0.350s] Level 1:colcon.colcon_core.package_identification:_identify(MsgTransceiver/MsgEncoder) by extension 'cmake'
[0.350s] Level 1:colcon.colcon_core.package_identification:_identify(MsgTransceiver/MsgEncoder) by extension 'python'
[0.350s] Level 1:colcon.colcon_core.package_identification:_identify(MsgTransceiver/MsgEncoder) by extensions ['python_setup_py']
[0.350s] Level 1:colcon.colcon_core.package_identification:_identify(MsgTransceiver/MsgEncoder) by extension 'python_setup_py'
[0.350s] Level 1:colcon.colcon_core.package_identification:_identify(MsgTransceiver/build) by extensions ['ignore', 'ignore_ament_install']
[0.350s] Level 1:colcon.colcon_core.package_identification:_identify(MsgTransceiver/build) by extension 'ignore'
[0.350s] Level 1:colcon.colcon_core.package_identification:_identify(MsgTransceiver/build) ignored
[0.350s] Level 1:colcon.colcon_core.package_identification:_identify(MsgTransceiver/install) by extensions ['ignore', 'ignore_ament_install']
[0.350s] Level 1:colcon.colcon_core.package_identification:_identify(MsgTransceiver/install) by extension 'ignore'
[0.350s] Level 1:colcon.colcon_core.package_identification:_identify(MsgTransceiver/install) ignored
[0.351s] Level 1:colcon.colcon_core.package_identification:_identify(MsgTransceiver/log) by extensions ['ignore', 'ignore_ament_install']
[0.351s] Level 1:colcon.colcon_core.package_identification:_identify(MsgTransceiver/log) by extension 'ignore'
[0.351s] Level 1:colcon.colcon_core.package_identification:_identify(MsgTransceiver/log) ignored
[0.351s] Level 1:colcon.colcon_core.package_identification:_identify(build) by extensions ['ignore', 'ignore_ament_install']
[0.351s] Level 1:colcon.colcon_core.package_identification:_identify(build) by extension 'ignore'
[0.351s] Level 1:colcon.colcon_core.package_identification:_identify(build) ignored
[0.351s] Level 1:colcon.colcon_core.package_identification:_identify(install) by extensions ['ignore', 'ignore_ament_install']
[0.351s] Level 1:colcon.colcon_core.package_identification:_identify(install) by extension 'ignore'
[0.351s] Level 1:colcon.colcon_core.package_identification:_identify(install) ignored
[0.351s] Level 1:colcon.colcon_core.package_identification:_identify(log) by extensions ['ignore', 'ignore_ament_install']
[0.351s] Level 1:colcon.colcon_core.package_identification:_identify(log) by extension 'ignore'
[0.351s] Level 1:colcon.colcon_core.package_identification:_identify(log) ignored
[0.351s] Level 1:colcon.colcon_core.package_identification:_identify(v2x-data-collector) by extensions ['ignore', 'ignore_ament_install']
[0.351s] Level 1:colcon.colcon_core.package_identification:_identify(v2x-data-collector) by extension 'ignore'
[0.351s] Level 1:colcon.colcon_core.package_identification:_identify(v2x-data-collector) by extension 'ignore_ament_install'
[0.351s] Level 1:colcon.colcon_core.package_identification:_identify(v2x-data-collector) by extensions ['colcon_pkg']
[0.351s] Level 1:colcon.colcon_core.package_identification:_identify(v2x-data-collector) by extension 'colcon_pkg'
[0.352s] Level 1:colcon.colcon_core.package_identification:_identify(v2x-data-collector) by extensions ['colcon_meta']
[0.352s] Level 1:colcon.colcon_core.package_identification:_identify(v2x-data-collector) by extension 'colcon_meta'
[0.352s] Level 1:colcon.colcon_core.package_identification:_identify(v2x-data-collector) by extensions ['ros']
[0.352s] Level 1:colcon.colcon_core.package_identification:_identify(v2x-data-collector) by extension 'ros'
[0.352s] Level 1:colcon.colcon_core.package_identification:_identify(v2x-data-collector) by extensions ['cmake', 'python']
[0.352s] Level 1:colcon.colcon_core.package_identification:_identify(v2x-data-collector) by extension 'cmake'
[0.352s] Level 1:colcon.colcon_core.package_identification:_identify(v2x-data-collector) by extension 'python'
[0.352s] Level 1:colcon.colcon_core.package_identification:_identify(v2x-data-collector) by extensions ['python_setup_py']
[0.352s] Level 1:colcon.colcon_core.package_identification:_identify(v2x-data-collector) by extension 'python_setup_py'
[0.352s] Level 1:colcon.colcon_core.package_identification:_identify(v2x-data-transfer) by extensions ['ignore', 'ignore_ament_install']
[0.352s] Level 1:colcon.colcon_core.package_identification:_identify(v2x-data-transfer) by extension 'ignore'
[0.352s] Level 1:colcon.colcon_core.package_identification:_identify(v2x-data-transfer) by extension 'ignore_ament_install'
[0.352s] Level 1:colcon.colcon_core.package_identification:_identify(v2x-data-transfer) by extensions ['colcon_pkg']
[0.352s] Level 1:colcon.colcon_core.package_identification:_identify(v2x-data-transfer) by extension 'colcon_pkg'
[0.352s] Level 1:colcon.colcon_core.package_identification:_identify(v2x-data-transfer) by extensions ['colcon_meta']
[0.352s] Level 1:colcon.colcon_core.package_identification:_identify(v2x-data-transfer) by extension 'colcon_meta'
[0.352s] Level 1:colcon.colcon_core.package_identification:_identify(v2x-data-transfer) by extensions ['ros']
[0.352s] Level 1:colcon.colcon_core.package_identification:_identify(v2x-data-transfer) by extension 'ros'
[0.352s] Level 1:colcon.colcon_core.package_identification:_identify(v2x-data-transfer) by extensions ['cmake', 'python']
[0.352s] Level 1:colcon.colcon_core.package_identification:_identify(v2x-data-transfer) by extension 'cmake'
[0.352s] Level 1:colcon.colcon_core.package_identification:_identify(v2x-data-transfer) by extension 'python'
[0.352s] Level 1:colcon.colcon_core.package_identification:_identify(v2x-data-transfer) by extensions ['python_setup_py']
[0.352s] Level 1:colcon.colcon_core.package_identification:_identify(v2x-data-transfer) by extension 'python_setup_py'
[0.352s] Level 1:colcon.colcon_core.package_identification:_identify(v2x-data-transfer/config) by extensions ['ignore', 'ignore_ament_install']
[0.353s] Level 1:colcon.colcon_core.package_identification:_identify(v2x-data-transfer/config) by extension 'ignore'
[0.353s] Level 1:colcon.colcon_core.package_identification:_identify(v2x-data-transfer/config) by extension 'ignore_ament_install'
[0.353s] Level 1:colcon.colcon_core.package_identification:_identify(v2x-data-transfer/config) by extensions ['colcon_pkg']
[0.353s] Level 1:colcon.colcon_core.package_identification:_identify(v2x-data-transfer/config) by extension 'colcon_pkg'
[0.353s] Level 1:colcon.colcon_core.package_identification:_identify(v2x-data-transfer/config) by extensions ['colcon_meta']
[0.353s] Level 1:colcon.colcon_core.package_identification:_identify(v2x-data-transfer/config) by extension 'colcon_meta'
[0.353s] Level 1:colcon.colcon_core.package_identification:_identify(v2x-data-transfer/config) by extensions ['ros']
[0.353s] Level 1:colcon.colcon_core.package_identification:_identify(v2x-data-transfer/config) by extension 'ros'
[0.353s] Level 1:colcon.colcon_core.package_identification:_identify(v2x-data-transfer/config) by extensions ['cmake', 'python']
[0.353s] Level 1:colcon.colcon_core.package_identification:_identify(v2x-data-transfer/config) by extension 'cmake'
[0.353s] Level 1:colcon.colcon_core.package_identification:_identify(v2x-data-transfer/config) by extension 'python'
[0.353s] Level 1:colcon.colcon_core.package_identification:_identify(v2x-data-transfer/config) by extensions ['python_setup_py']
[0.353s] Level 1:colcon.colcon_core.package_identification:_identify(v2x-data-transfer/config) by extension 'python_setup_py'
[0.353s] Level 1:colcon.colcon_core.package_discovery:discover_packages(recursive) using defaults
[0.353s] Level 1:colcon.colcon_core.package_discovery:discover_packages(ignore) discover
[0.353s] Level 1:colcon.colcon_core.package_discovery:discover_packages(ignore) using defaults
[0.353s] Level 1:colcon.colcon_core.package_discovery:discover_packages(path) discover
[0.353s] Level 1:colcon.colcon_core.package_discovery:discover_packages(path) using defaults
[0.369s] INFO:colcon.colcon_core.package_selection:Skipping not selected package 'carma-ros2-encoder' in 'MsgTransceiver/CarmaEncoderRos2'
[0.369s] Level 1:colcon.colcon_core.package_discovery:discover_packages(prefix_path) check parameters
[0.369s] Level 1:colcon.colcon_core.package_discovery:discover_packages(prefix_path) discover
[0.372s] DEBUG:colcon.colcon_installed_package_information.package_discovery:Found 256 installed packages in /opt/ros/foxy
[0.373s] Level 1:colcon.colcon_core.package_discovery:discover_packages(prefix_path) using defaults
[0.429s] Level 5:colcon.colcon_core.verb:set package 'carma-ros2-decoder' build argument 'cmake_args' from command line to 'None'
[0.429s] Level 5:colcon.colcon_core.verb:set package 'carma-ros2-decoder' build argument 'cmake_target' from command line to 'None'
[0.429s] Level 5:colcon.colcon_core.verb:set package 'carma-ros2-decoder' build argument 'cmake_target_skip_unavailable' from command line to 'False'
[0.429s] Level 5:colcon.colcon_core.verb:set package 'carma-ros2-decoder' build argument 'cmake_clean_cache' from command line to 'False'
[0.429s] Level 5:colcon.colcon_core.verb:set package 'carma-ros2-decoder' build argument 'cmake_clean_first' from command line to 'False'
[0.429s] Level 5:colcon.colcon_core.verb:set package 'carma-ros2-decoder' build argument 'cmake_force_configure' from command line to 'False'
[0.429s] Level 5:colcon.colcon_core.verb:set package 'carma-ros2-decoder' build argument 'ament_cmake_args' from command line to 'None'
[0.429s] Level 5:colcon.colcon_core.verb:set package 'carma-ros2-decoder' build argument 'catkin_cmake_args' from command line to 'None'
[0.429s] Level 5:colcon.colcon_core.verb:set package 'carma-ros2-decoder' build argument 'catkin_skip_building_tests' from command line to 'False'
[0.430s] DEBUG:colcon.colcon_core.verb:Building package 'carma-ros2-decoder' with the following arguments: {'ament_cmake_args': None, 'build_base': '/home/mmitss/Documents/cda-mmitss/mmitss/src/common/build/carma-ros2-decoder', 'catkin_cmake_args': None, 'catkin_skip_building_tests': False, 'cmake_args': None, 'cmake_clean_cache': False, 'cmake_clean_first': False, 'cmake_force_configure': False, 'cmake_target': None, 'cmake_target_skip_unavailable': False, 'install_base': '/home/mmitss/Documents/cda-mmitss/mmitss/src/common/install/carma-ros2-decoder', 'merge_install': False, 'path': '/home/mmitss/Documents/cda-mmitss/mmitss/src/common/MsgTransceiver/CarmaDecoderRos2', 'symlink_install': False, 'test_result_base': None}
[0.430s] INFO:colcon.colcon_core.executor:Executing jobs using 'parallel' executor
[0.434s] DEBUG:colcon.colcon_parallel_executor.executor.parallel:run_until_complete
[0.434s] INFO:colcon.colcon_ros.task.ament_cmake.build:Building ROS package in '/home/mmitss/Documents/cda-mmitss/mmitss/src/common/MsgTransceiver/CarmaDecoderRos2' with build type 'ament_cmake'
[0.434s] INFO:colcon.colcon_cmake.task.cmake.build:Building CMake package in '/home/mmitss/Documents/cda-mmitss/mmitss/src/common/MsgTransceiver/CarmaDecoderRos2'
[0.438s] INFO:colcon.colcon_core.plugin_system:Skipping extension 'colcon_core.shell.bat': Not used on non-Windows systems
[0.438s] INFO:colcon.colcon_core.shell:Skip shell extension 'powershell' for command environment: Not usable outside of PowerShell
[0.438s] DEBUG:colcon.colcon_core.shell:Skip shell extension 'dsv' for command environment
[0.447s] DEBUG:colcon.colcon_core.event_handler.log_command:Invoking command in '/home/mmitss/Documents/cda-mmitss/mmitss/src/common/build/carma-ros2-decoder': CMAKE_PREFIX_PATH=/opt/ros/foxy CONDA_PROMPT_MODIFIER=(base) /usr/bin/cmake /home/mmitss/Documents/cda-mmitss/mmitss/src/common/MsgTransceiver/CarmaDecoderRos2 -DCMAKE_INSTALL_PREFIX=/home/mmitss/Documents/cda-mmitss/mmitss/src/common/install/carma-ros2-decoder
[1.864s] DEBUG:colcon.colcon_core.event_handler.log_command:Invoked command in '/home/mmitss/Documents/cda-mmitss/mmitss/src/common/build/carma-ros2-decoder' returned '1': CMAKE_PREFIX_PATH=/opt/ros/foxy CONDA_PROMPT_MODIFIER=(base) /usr/bin/cmake /home/mmitss/Documents/cda-mmitss/mmitss/src/common/MsgTransceiver/CarmaDecoderRos2 -DCMAKE_INSTALL_PREFIX=/home/mmitss/Documents/cda-mmitss/mmitss/src/common/install/carma-ros2-decoder
[1.876s] Level 1:colcon.colcon_core.environment:create_environment_scripts_only(carma-ros2-decoder)
[1.883s] Level 1:colcon.colcon_core.environment:checking '/home/mmitss/Documents/cda-mmitss/mmitss/src/common/install/carma-ros2-decoder' for CMake module files
[1.884s] Level 1:colcon.colcon_core.environment:checking '/home/mmitss/Documents/cda-mmitss/mmitss/src/common/install/carma-ros2-decoder' for CMake config files
[1.884s] Level 1:colcon.colcon_core.environment:checking '/home/mmitss/Documents/cda-mmitss/mmitss/src/common/install/carma-ros2-decoder/bin'
[1.884s] Level 1:colcon.colcon_core.environment:checking '/home/mmitss/Documents/cda-mmitss/mmitss/src/common/install/carma-ros2-decoder/lib/pkgconfig/carma-ros2-decoder.pc'
[1.884s] Level 1:colcon.colcon_core.environment:checking '/home/mmitss/Documents/cda-mmitss/mmitss/src/common/install/carma-ros2-decoder/lib/python3.8/site-packages'
[1.884s] Level 1:colcon.colcon_core.environment:checking '/home/mmitss/Documents/cda-mmitss/mmitss/src/common/install/carma-ros2-decoder/bin'
[1.886s] INFO:colcon.colcon_core.shell:Creating package script '/home/mmitss/Documents/cda-mmitss/mmitss/src/common/install/carma-ros2-decoder/share/carma-ros2-decoder/package.ps1'
[1.887s] INFO:colcon.colcon_core.shell:Creating package descriptor '/home/mmitss/Documents/cda-mmitss/mmitss/src/common/install/carma-ros2-decoder/share/carma-ros2-decoder/package.dsv'
[1.888s] INFO:colcon.colcon_core.shell:Creating package script '/home/mmitss/Documents/cda-mmitss/mmitss/src/common/install/carma-ros2-decoder/share/carma-ros2-decoder/package.sh'
[1.889s] INFO:colcon.colcon_core.shell:Creating package script '/home/mmitss/Documents/cda-mmitss/mmitss/src/common/install/carma-ros2-decoder/share/carma-ros2-decoder/package.bash'
[1.890s] INFO:colcon.colcon_core.shell:Creating package script '/home/mmitss/Documents/cda-mmitss/mmitss/src/common/install/carma-ros2-decoder/share/carma-ros2-decoder/package.zsh'
[1.890s] Level 1:colcon.colcon_core.environment:create_file_with_runtime_dependencies(/home/mmitss/Documents/cda-mmitss/mmitss/src/common/install/carma-ros2-decoder/share/colcon-core/packages/carma-ros2-decoder)
[1.901s] DEBUG:colcon.colcon_parallel_executor.executor.parallel:closing loop
[1.901s] DEBUG:colcon.colcon_parallel_executor.executor.parallel:loop closed
[1.901s] DEBUG:colcon.colcon_parallel_executor.executor.parallel:run_until_complete finished with '1'
[1.901s] DEBUG:colcon.colcon_core.event_reactor:joining thread
[1.906s] INFO:colcon.colcon_core.plugin_system:Skipping extension 'colcon_notification.desktop_notification.terminal_notifier': Not used on non-Darwin systems
[1.907s] INFO:colcon.colcon_core.plugin_system:Skipping extension 'colcon_notification.desktop_notification.win32': Not used on non-Windows systems
[1.907s] INFO:colcon.colcon_notification.desktop_notification:Sending desktop notification using 'notify2'
[2.044s] DEBUG:colcon.colcon_core.event_reactor:joined thread
[2.046s] INFO:colcon.colcon_core.shell:Creating prefix script '/home/mmitss/Documents/cda-mmitss/mmitss/src/common/install/local_setup.ps1'
[2.047s] INFO:colcon.colcon_core.shell:Creating prefix util module '/home/mmitss/Documents/cda-mmitss/mmitss/src/common/install/_local_setup_util_ps1.py'
[2.048s] INFO:colcon.colcon_core.shell:Creating prefix chain script '/home/mmitss/Documents/cda-mmitss/mmitss/src/common/install/setup.ps1'
[2.050s] INFO:colcon.colcon_core.shell:Creating prefix script '/home/mmitss/Documents/cda-mmitss/mmitss/src/common/install/local_setup.sh'
[2.051s] INFO:colcon.colcon_core.shell:Creating prefix util module '/home/mmitss/Documents/cda-mmitss/mmitss/src/common/install/_local_setup_util_sh.py'
[2.051s] INFO:colcon.colcon_core.shell:Creating prefix chain script '/home/mmitss/Documents/cda-mmitss/mmitss/src/common/install/setup.sh'
[2.053s] INFO:colcon.colcon_core.shell:Creating prefix script '/home/mmitss/Documents/cda-mmitss/mmitss/src/common/install/local_setup.bash'
[2.053s] INFO:colcon.colcon_core.shell:Creating prefix chain script '/home/mmitss/Documents/cda-mmitss/mmitss/src/common/install/setup.bash'
[2.055s] INFO:colcon.colcon_core.shell:Creating prefix script '/home/mmitss/Documents/cda-mmitss/mmitss/src/common/install/local_setup.zsh'
[2.055s] INFO:colcon.colcon_core.shell:Creating prefix chain script '/home/mmitss/Documents/cda-mmitss/mmitss/src/common/install/setup.zsh'
